[2023-08-11T07:52:47.358+0000] {processor.py:157} INFO - Started process (PID=57) to work on /home/airflow/.local/lib/python3.7/site-packages/airflow/example_dags/example_python_operator.py
[2023-08-11T07:52:47.364+0000] {processor.py:826} INFO - Processing file /home/airflow/.local/lib/python3.7/site-packages/airflow/example_dags/example_python_operator.py for tasks to queue
[2023-08-11T07:52:47.366+0000] {logging_mixin.py:150} INFO - [2023-08-11T07:52:47.366+0000] {dagbag.py:541} INFO - Filling up the DagBag from /home/airflow/.local/lib/python3.7/site-packages/airflow/example_dags/example_python_operator.py
[2023-08-11T07:52:47.460+0000] {processor.py:836} INFO - DAG(s) dict_keys(['example_python_operator']) retrieved from /home/airflow/.local/lib/python3.7/site-packages/airflow/example_dags/example_python_operator.py
[2023-08-11T07:52:47.540+0000] {logging_mixin.py:150} INFO - [2023-08-11T07:52:47.539+0000] {dag.py:2742} INFO - Sync 1 DAGs
[2023-08-11T07:52:47.650+0000] {logging_mixin.py:150} INFO - [2023-08-11T07:52:47.649+0000] {dag.py:3508} INFO - Setting next_dagrun for example_python_operator to None, run_after=None
[2023-08-11T07:52:47.729+0000] {processor.py:179} INFO - Processing /home/airflow/.local/lib/python3.7/site-packages/airflow/example_dags/example_python_operator.py took 0.392 seconds
[2023-08-11T07:53:18.437+0000] {processor.py:157} INFO - Started process (PID=122) to work on /home/airflow/.local/lib/python3.7/site-packages/airflow/example_dags/example_python_operator.py
[2023-08-11T07:53:18.439+0000] {processor.py:826} INFO - Processing file /home/airflow/.local/lib/python3.7/site-packages/airflow/example_dags/example_python_operator.py for tasks to queue
[2023-08-11T07:53:18.439+0000] {logging_mixin.py:150} INFO - [2023-08-11T07:53:18.439+0000] {dagbag.py:541} INFO - Filling up the DagBag from /home/airflow/.local/lib/python3.7/site-packages/airflow/example_dags/example_python_operator.py
[2023-08-11T07:53:18.448+0000] {processor.py:836} INFO - DAG(s) dict_keys(['example_python_operator']) retrieved from /home/airflow/.local/lib/python3.7/site-packages/airflow/example_dags/example_python_operator.py
[2023-08-11T07:53:18.566+0000] {logging_mixin.py:150} INFO - [2023-08-11T07:53:18.566+0000] {dag.py:2742} INFO - Sync 1 DAGs
[2023-08-11T07:53:18.587+0000] {logging_mixin.py:150} INFO - [2023-08-11T07:53:18.587+0000] {dag.py:3508} INFO - Setting next_dagrun for example_python_operator to None, run_after=None
[2023-08-11T07:53:18.619+0000] {processor.py:179} INFO - Processing /home/airflow/.local/lib/python3.7/site-packages/airflow/example_dags/example_python_operator.py took 0.185 seconds
[2023-08-11T07:53:49.341+0000] {processor.py:157} INFO - Started process (PID=187) to work on /home/airflow/.local/lib/python3.7/site-packages/airflow/example_dags/example_python_operator.py
[2023-08-11T07:53:49.342+0000] {processor.py:826} INFO - Processing file /home/airflow/.local/lib/python3.7/site-packages/airflow/example_dags/example_python_operator.py for tasks to queue
[2023-08-11T07:53:49.343+0000] {logging_mixin.py:150} INFO - [2023-08-11T07:53:49.342+0000] {dagbag.py:541} INFO - Filling up the DagBag from /home/airflow/.local/lib/python3.7/site-packages/airflow/example_dags/example_python_operator.py
[2023-08-11T07:53:49.353+0000] {processor.py:836} INFO - DAG(s) dict_keys(['example_python_operator']) retrieved from /home/airflow/.local/lib/python3.7/site-packages/airflow/example_dags/example_python_operator.py
[2023-08-11T07:53:49.387+0000] {logging_mixin.py:150} INFO - [2023-08-11T07:53:49.387+0000] {dag.py:2742} INFO - Sync 1 DAGs
[2023-08-11T07:53:49.414+0000] {logging_mixin.py:150} INFO - [2023-08-11T07:53:49.413+0000] {dag.py:3508} INFO - Setting next_dagrun for example_python_operator to None, run_after=None
[2023-08-11T07:53:49.441+0000] {processor.py:179} INFO - Processing /home/airflow/.local/lib/python3.7/site-packages/airflow/example_dags/example_python_operator.py took 0.103 seconds
[2023-08-11T07:54:20.046+0000] {processor.py:157} INFO - Started process (PID=252) to work on /home/airflow/.local/lib/python3.7/site-packages/airflow/example_dags/example_python_operator.py
[2023-08-11T07:54:20.047+0000] {processor.py:826} INFO - Processing file /home/airflow/.local/lib/python3.7/site-packages/airflow/example_dags/example_python_operator.py for tasks to queue
[2023-08-11T07:54:20.048+0000] {logging_mixin.py:150} INFO - [2023-08-11T07:54:20.048+0000] {dagbag.py:541} INFO - Filling up the DagBag from /home/airflow/.local/lib/python3.7/site-packages/airflow/example_dags/example_python_operator.py
[2023-08-11T07:54:20.062+0000] {processor.py:836} INFO - DAG(s) dict_keys(['example_python_operator']) retrieved from /home/airflow/.local/lib/python3.7/site-packages/airflow/example_dags/example_python_operator.py
[2023-08-11T07:54:20.092+0000] {logging_mixin.py:150} INFO - [2023-08-11T07:54:20.092+0000] {dag.py:2742} INFO - Sync 1 DAGs
[2023-08-11T07:54:20.118+0000] {logging_mixin.py:150} INFO - [2023-08-11T07:54:20.118+0000] {dag.py:3508} INFO - Setting next_dagrun for example_python_operator to None, run_after=None
[2023-08-11T07:54:20.145+0000] {processor.py:179} INFO - Processing /home/airflow/.local/lib/python3.7/site-packages/airflow/example_dags/example_python_operator.py took 0.103 seconds
[2023-08-11T07:54:50.737+0000] {processor.py:157} INFO - Started process (PID=317) to work on /home/airflow/.local/lib/python3.7/site-packages/airflow/example_dags/example_python_operator.py
[2023-08-11T07:54:50.738+0000] {processor.py:826} INFO - Processing file /home/airflow/.local/lib/python3.7/site-packages/airflow/example_dags/example_python_operator.py for tasks to queue
[2023-08-11T07:54:50.739+0000] {logging_mixin.py:150} INFO - [2023-08-11T07:54:50.739+0000] {dagbag.py:541} INFO - Filling up the DagBag from /home/airflow/.local/lib/python3.7/site-packages/airflow/example_dags/example_python_operator.py
[2023-08-11T07:54:50.753+0000] {processor.py:836} INFO - DAG(s) dict_keys(['example_python_operator']) retrieved from /home/airflow/.local/lib/python3.7/site-packages/airflow/example_dags/example_python_operator.py
[2023-08-11T07:54:50.790+0000] {logging_mixin.py:150} INFO - [2023-08-11T07:54:50.789+0000] {dag.py:2742} INFO - Sync 1 DAGs
[2023-08-11T07:54:50.824+0000] {logging_mixin.py:150} INFO - [2023-08-11T07:54:50.824+0000] {dag.py:3508} INFO - Setting next_dagrun for example_python_operator to None, run_after=None
[2023-08-11T07:54:50.854+0000] {processor.py:179} INFO - Processing /home/airflow/.local/lib/python3.7/site-packages/airflow/example_dags/example_python_operator.py took 0.122 seconds
[2023-08-11T07:55:21.001+0000] {processor.py:157} INFO - Started process (PID=383) to work on /home/airflow/.local/lib/python3.7/site-packages/airflow/example_dags/example_python_operator.py
[2023-08-11T07:55:21.002+0000] {processor.py:826} INFO - Processing file /home/airflow/.local/lib/python3.7/site-packages/airflow/example_dags/example_python_operator.py for tasks to queue
[2023-08-11T07:55:21.003+0000] {logging_mixin.py:150} INFO - [2023-08-11T07:55:21.003+0000] {dagbag.py:541} INFO - Filling up the DagBag from /home/airflow/.local/lib/python3.7/site-packages/airflow/example_dags/example_python_operator.py
[2023-08-11T07:55:21.013+0000] {processor.py:836} INFO - DAG(s) dict_keys(['example_python_operator']) retrieved from /home/airflow/.local/lib/python3.7/site-packages/airflow/example_dags/example_python_operator.py
[2023-08-11T07:55:21.038+0000] {logging_mixin.py:150} INFO - [2023-08-11T07:55:21.038+0000] {dag.py:2742} INFO - Sync 1 DAGs
[2023-08-11T07:55:21.060+0000] {logging_mixin.py:150} INFO - [2023-08-11T07:55:21.060+0000] {dag.py:3508} INFO - Setting next_dagrun for example_python_operator to None, run_after=None
[2023-08-11T07:55:21.081+0000] {processor.py:179} INFO - Processing /home/airflow/.local/lib/python3.7/site-packages/airflow/example_dags/example_python_operator.py took 0.083 seconds
[2023-08-11T07:55:51.651+0000] {processor.py:157} INFO - Started process (PID=448) to work on /home/airflow/.local/lib/python3.7/site-packages/airflow/example_dags/example_python_operator.py
[2023-08-11T07:55:51.652+0000] {processor.py:826} INFO - Processing file /home/airflow/.local/lib/python3.7/site-packages/airflow/example_dags/example_python_operator.py for tasks to queue
[2023-08-11T07:55:51.653+0000] {logging_mixin.py:150} INFO - [2023-08-11T07:55:51.653+0000] {dagbag.py:541} INFO - Filling up the DagBag from /home/airflow/.local/lib/python3.7/site-packages/airflow/example_dags/example_python_operator.py
[2023-08-11T07:55:51.669+0000] {processor.py:836} INFO - DAG(s) dict_keys(['example_python_operator']) retrieved from /home/airflow/.local/lib/python3.7/site-packages/airflow/example_dags/example_python_operator.py
[2023-08-11T07:55:51.718+0000] {logging_mixin.py:150} INFO - [2023-08-11T07:55:51.718+0000] {dag.py:2742} INFO - Sync 1 DAGs
[2023-08-11T07:55:51.753+0000] {logging_mixin.py:150} INFO - [2023-08-11T07:55:51.753+0000] {dag.py:3508} INFO - Setting next_dagrun for example_python_operator to None, run_after=None
[2023-08-11T07:55:51.783+0000] {processor.py:179} INFO - Processing /home/airflow/.local/lib/python3.7/site-packages/airflow/example_dags/example_python_operator.py took 0.135 seconds
[2023-08-11T07:56:22.164+0000] {processor.py:157} INFO - Started process (PID=513) to work on /home/airflow/.local/lib/python3.7/site-packages/airflow/example_dags/example_python_operator.py
[2023-08-11T07:56:22.165+0000] {processor.py:826} INFO - Processing file /home/airflow/.local/lib/python3.7/site-packages/airflow/example_dags/example_python_operator.py for tasks to queue
[2023-08-11T07:56:22.166+0000] {logging_mixin.py:150} INFO - [2023-08-11T07:56:22.165+0000] {dagbag.py:541} INFO - Filling up the DagBag from /home/airflow/.local/lib/python3.7/site-packages/airflow/example_dags/example_python_operator.py
[2023-08-11T07:56:22.177+0000] {processor.py:836} INFO - DAG(s) dict_keys(['example_python_operator']) retrieved from /home/airflow/.local/lib/python3.7/site-packages/airflow/example_dags/example_python_operator.py
[2023-08-11T07:56:22.214+0000] {logging_mixin.py:150} INFO - [2023-08-11T07:56:22.213+0000] {dag.py:2742} INFO - Sync 1 DAGs
[2023-08-11T07:56:22.245+0000] {logging_mixin.py:150} INFO - [2023-08-11T07:56:22.245+0000] {dag.py:3508} INFO - Setting next_dagrun for example_python_operator to None, run_after=None
[2023-08-11T07:56:22.271+0000] {processor.py:179} INFO - Processing /home/airflow/.local/lib/python3.7/site-packages/airflow/example_dags/example_python_operator.py took 0.112 seconds
[2023-08-11T07:56:53.241+0000] {processor.py:157} INFO - Started process (PID=578) to work on /home/airflow/.local/lib/python3.7/site-packages/airflow/example_dags/example_python_operator.py
[2023-08-11T07:56:53.246+0000] {processor.py:826} INFO - Processing file /home/airflow/.local/lib/python3.7/site-packages/airflow/example_dags/example_python_operator.py for tasks to queue
[2023-08-11T07:56:53.247+0000] {logging_mixin.py:150} INFO - [2023-08-11T07:56:53.247+0000] {dagbag.py:541} INFO - Filling up the DagBag from /home/airflow/.local/lib/python3.7/site-packages/airflow/example_dags/example_python_operator.py
[2023-08-11T07:56:53.266+0000] {processor.py:836} INFO - DAG(s) dict_keys(['example_python_operator']) retrieved from /home/airflow/.local/lib/python3.7/site-packages/airflow/example_dags/example_python_operator.py
[2023-08-11T07:56:53.334+0000] {logging_mixin.py:150} INFO - [2023-08-11T07:56:53.333+0000] {dag.py:2742} INFO - Sync 1 DAGs
[2023-08-11T07:56:53.394+0000] {logging_mixin.py:150} INFO - [2023-08-11T07:56:53.392+0000] {dag.py:3508} INFO - Setting next_dagrun for example_python_operator to None, run_after=None
[2023-08-11T07:56:53.435+0000] {processor.py:179} INFO - Processing /home/airflow/.local/lib/python3.7/site-packages/airflow/example_dags/example_python_operator.py took 0.200 seconds
[2023-08-11T07:57:23.645+0000] {processor.py:157} INFO - Started process (PID=643) to work on /home/airflow/.local/lib/python3.7/site-packages/airflow/example_dags/example_python_operator.py
[2023-08-11T07:57:23.646+0000] {processor.py:826} INFO - Processing file /home/airflow/.local/lib/python3.7/site-packages/airflow/example_dags/example_python_operator.py for tasks to queue
[2023-08-11T07:57:23.647+0000] {logging_mixin.py:150} INFO - [2023-08-11T07:57:23.647+0000] {dagbag.py:541} INFO - Filling up the DagBag from /home/airflow/.local/lib/python3.7/site-packages/airflow/example_dags/example_python_operator.py
[2023-08-11T07:57:23.658+0000] {processor.py:836} INFO - DAG(s) dict_keys(['example_python_operator']) retrieved from /home/airflow/.local/lib/python3.7/site-packages/airflow/example_dags/example_python_operator.py
[2023-08-11T07:57:23.694+0000] {logging_mixin.py:150} INFO - [2023-08-11T07:57:23.694+0000] {dag.py:2742} INFO - Sync 1 DAGs
[2023-08-11T07:57:23.723+0000] {logging_mixin.py:150} INFO - [2023-08-11T07:57:23.723+0000] {dag.py:3508} INFO - Setting next_dagrun for example_python_operator to None, run_after=None
[2023-08-11T07:57:23.752+0000] {processor.py:179} INFO - Processing /home/airflow/.local/lib/python3.7/site-packages/airflow/example_dags/example_python_operator.py took 0.113 seconds
[2023-08-11T07:57:54.699+0000] {processor.py:157} INFO - Started process (PID=709) to work on /home/airflow/.local/lib/python3.7/site-packages/airflow/example_dags/example_python_operator.py
[2023-08-11T07:57:54.713+0000] {processor.py:826} INFO - Processing file /home/airflow/.local/lib/python3.7/site-packages/airflow/example_dags/example_python_operator.py for tasks to queue
[2023-08-11T07:57:54.716+0000] {logging_mixin.py:150} INFO - [2023-08-11T07:57:54.715+0000] {dagbag.py:541} INFO - Filling up the DagBag from /home/airflow/.local/lib/python3.7/site-packages/airflow/example_dags/example_python_operator.py
[2023-08-11T07:57:54.728+0000] {processor.py:836} INFO - DAG(s) dict_keys(['example_python_operator']) retrieved from /home/airflow/.local/lib/python3.7/site-packages/airflow/example_dags/example_python_operator.py
[2023-08-11T07:57:54.773+0000] {logging_mixin.py:150} INFO - [2023-08-11T07:57:54.772+0000] {dag.py:2742} INFO - Sync 1 DAGs
[2023-08-11T07:57:54.814+0000] {logging_mixin.py:150} INFO - [2023-08-11T07:57:54.813+0000] {dag.py:3508} INFO - Setting next_dagrun for example_python_operator to None, run_after=None
[2023-08-11T07:57:54.847+0000] {processor.py:179} INFO - Processing /home/airflow/.local/lib/python3.7/site-packages/airflow/example_dags/example_python_operator.py took 0.153 seconds
[2023-08-11T07:58:25.011+0000] {processor.py:157} INFO - Started process (PID=775) to work on /home/airflow/.local/lib/python3.7/site-packages/airflow/example_dags/example_python_operator.py
[2023-08-11T07:58:25.011+0000] {processor.py:826} INFO - Processing file /home/airflow/.local/lib/python3.7/site-packages/airflow/example_dags/example_python_operator.py for tasks to queue
[2023-08-11T07:58:25.012+0000] {logging_mixin.py:150} INFO - [2023-08-11T07:58:25.012+0000] {dagbag.py:541} INFO - Filling up the DagBag from /home/airflow/.local/lib/python3.7/site-packages/airflow/example_dags/example_python_operator.py
[2023-08-11T07:58:25.022+0000] {processor.py:836} INFO - DAG(s) dict_keys(['example_python_operator']) retrieved from /home/airflow/.local/lib/python3.7/site-packages/airflow/example_dags/example_python_operator.py
[2023-08-11T07:58:25.053+0000] {logging_mixin.py:150} INFO - [2023-08-11T07:58:25.053+0000] {dag.py:2742} INFO - Sync 1 DAGs
[2023-08-11T07:58:25.078+0000] {logging_mixin.py:150} INFO - [2023-08-11T07:58:25.078+0000] {dag.py:3508} INFO - Setting next_dagrun for example_python_operator to None, run_after=None
[2023-08-11T07:58:25.099+0000] {processor.py:179} INFO - Processing /home/airflow/.local/lib/python3.7/site-packages/airflow/example_dags/example_python_operator.py took 0.091 seconds
[2023-08-11T07:58:55.299+0000] {processor.py:157} INFO - Started process (PID=841) to work on /home/airflow/.local/lib/python3.7/site-packages/airflow/example_dags/example_python_operator.py
[2023-08-11T07:58:55.301+0000] {processor.py:826} INFO - Processing file /home/airflow/.local/lib/python3.7/site-packages/airflow/example_dags/example_python_operator.py for tasks to queue
[2023-08-11T07:58:55.301+0000] {logging_mixin.py:150} INFO - [2023-08-11T07:58:55.301+0000] {dagbag.py:541} INFO - Filling up the DagBag from /home/airflow/.local/lib/python3.7/site-packages/airflow/example_dags/example_python_operator.py
[2023-08-11T07:58:55.310+0000] {processor.py:836} INFO - DAG(s) dict_keys(['example_python_operator']) retrieved from /home/airflow/.local/lib/python3.7/site-packages/airflow/example_dags/example_python_operator.py
[2023-08-11T07:58:55.339+0000] {logging_mixin.py:150} INFO - [2023-08-11T07:58:55.339+0000] {dag.py:2742} INFO - Sync 1 DAGs
[2023-08-11T07:58:55.362+0000] {logging_mixin.py:150} INFO - [2023-08-11T07:58:55.361+0000] {dag.py:3508} INFO - Setting next_dagrun for example_python_operator to None, run_after=None
[2023-08-11T07:58:55.382+0000] {processor.py:179} INFO - Processing /home/airflow/.local/lib/python3.7/site-packages/airflow/example_dags/example_python_operator.py took 0.086 seconds
[2023-08-11T07:59:26.234+0000] {processor.py:157} INFO - Started process (PID=907) to work on /home/airflow/.local/lib/python3.7/site-packages/airflow/example_dags/example_python_operator.py
[2023-08-11T07:59:26.236+0000] {processor.py:826} INFO - Processing file /home/airflow/.local/lib/python3.7/site-packages/airflow/example_dags/example_python_operator.py for tasks to queue
[2023-08-11T07:59:26.239+0000] {logging_mixin.py:150} INFO - [2023-08-11T07:59:26.238+0000] {dagbag.py:541} INFO - Filling up the DagBag from /home/airflow/.local/lib/python3.7/site-packages/airflow/example_dags/example_python_operator.py
[2023-08-11T07:59:26.263+0000] {processor.py:836} INFO - DAG(s) dict_keys(['example_python_operator']) retrieved from /home/airflow/.local/lib/python3.7/site-packages/airflow/example_dags/example_python_operator.py
[2023-08-11T07:59:26.295+0000] {logging_mixin.py:150} INFO - [2023-08-11T07:59:26.295+0000] {dag.py:2742} INFO - Sync 1 DAGs
[2023-08-11T07:59:26.375+0000] {logging_mixin.py:150} INFO - [2023-08-11T07:59:26.375+0000] {dag.py:3508} INFO - Setting next_dagrun for example_python_operator to None, run_after=None
[2023-08-11T07:59:26.433+0000] {processor.py:179} INFO - Processing /home/airflow/.local/lib/python3.7/site-packages/airflow/example_dags/example_python_operator.py took 0.208 seconds
[2023-08-11T07:59:57.177+0000] {processor.py:157} INFO - Started process (PID=976) to work on /home/airflow/.local/lib/python3.7/site-packages/airflow/example_dags/example_python_operator.py
[2023-08-11T07:59:57.178+0000] {processor.py:826} INFO - Processing file /home/airflow/.local/lib/python3.7/site-packages/airflow/example_dags/example_python_operator.py for tasks to queue
[2023-08-11T07:59:57.178+0000] {logging_mixin.py:150} INFO - [2023-08-11T07:59:57.178+0000] {dagbag.py:541} INFO - Filling up the DagBag from /home/airflow/.local/lib/python3.7/site-packages/airflow/example_dags/example_python_operator.py
[2023-08-11T07:59:57.190+0000] {processor.py:836} INFO - DAG(s) dict_keys(['example_python_operator']) retrieved from /home/airflow/.local/lib/python3.7/site-packages/airflow/example_dags/example_python_operator.py
[2023-08-11T07:59:57.339+0000] {logging_mixin.py:150} INFO - [2023-08-11T07:59:57.339+0000] {dag.py:2742} INFO - Sync 1 DAGs
[2023-08-11T07:59:57.368+0000] {logging_mixin.py:150} INFO - [2023-08-11T07:59:57.368+0000] {dag.py:3508} INFO - Setting next_dagrun for example_python_operator to None, run_after=None
[2023-08-11T07:59:57.402+0000] {processor.py:179} INFO - Processing /home/airflow/.local/lib/python3.7/site-packages/airflow/example_dags/example_python_operator.py took 0.228 seconds
[2023-08-11T08:00:27.854+0000] {processor.py:157} INFO - Started process (PID=1047) to work on /home/airflow/.local/lib/python3.7/site-packages/airflow/example_dags/example_python_operator.py
[2023-08-11T08:00:27.855+0000] {processor.py:826} INFO - Processing file /home/airflow/.local/lib/python3.7/site-packages/airflow/example_dags/example_python_operator.py for tasks to queue
[2023-08-11T08:00:27.857+0000] {logging_mixin.py:150} INFO - [2023-08-11T08:00:27.856+0000] {dagbag.py:541} INFO - Filling up the DagBag from /home/airflow/.local/lib/python3.7/site-packages/airflow/example_dags/example_python_operator.py
[2023-08-11T08:00:27.869+0000] {processor.py:836} INFO - DAG(s) dict_keys(['example_python_operator']) retrieved from /home/airflow/.local/lib/python3.7/site-packages/airflow/example_dags/example_python_operator.py
[2023-08-11T08:00:27.908+0000] {logging_mixin.py:150} INFO - [2023-08-11T08:00:27.907+0000] {dag.py:2742} INFO - Sync 1 DAGs
[2023-08-11T08:00:27.935+0000] {logging_mixin.py:150} INFO - [2023-08-11T08:00:27.935+0000] {dag.py:3508} INFO - Setting next_dagrun for example_python_operator to None, run_after=None
[2023-08-11T08:00:27.963+0000] {processor.py:179} INFO - Processing /home/airflow/.local/lib/python3.7/site-packages/airflow/example_dags/example_python_operator.py took 0.114 seconds
[2023-08-11T08:00:58.600+0000] {processor.py:157} INFO - Started process (PID=1113) to work on /home/airflow/.local/lib/python3.7/site-packages/airflow/example_dags/example_python_operator.py
[2023-08-11T08:00:58.601+0000] {processor.py:826} INFO - Processing file /home/airflow/.local/lib/python3.7/site-packages/airflow/example_dags/example_python_operator.py for tasks to queue
[2023-08-11T08:00:58.602+0000] {logging_mixin.py:150} INFO - [2023-08-11T08:00:58.601+0000] {dagbag.py:541} INFO - Filling up the DagBag from /home/airflow/.local/lib/python3.7/site-packages/airflow/example_dags/example_python_operator.py
[2023-08-11T08:00:58.629+0000] {processor.py:836} INFO - DAG(s) dict_keys(['example_python_operator']) retrieved from /home/airflow/.local/lib/python3.7/site-packages/airflow/example_dags/example_python_operator.py
[2023-08-11T08:00:58.698+0000] {logging_mixin.py:150} INFO - [2023-08-11T08:00:58.698+0000] {dag.py:2742} INFO - Sync 1 DAGs
[2023-08-11T08:00:58.747+0000] {logging_mixin.py:150} INFO - [2023-08-11T08:00:58.746+0000] {dag.py:3508} INFO - Setting next_dagrun for example_python_operator to None, run_after=None
[2023-08-11T08:00:58.779+0000] {processor.py:179} INFO - Processing /home/airflow/.local/lib/python3.7/site-packages/airflow/example_dags/example_python_operator.py took 0.182 seconds
[2023-08-11T08:01:28.948+0000] {processor.py:157} INFO - Started process (PID=1181) to work on /home/airflow/.local/lib/python3.7/site-packages/airflow/example_dags/example_python_operator.py
[2023-08-11T08:01:28.949+0000] {processor.py:826} INFO - Processing file /home/airflow/.local/lib/python3.7/site-packages/airflow/example_dags/example_python_operator.py for tasks to queue
[2023-08-11T08:01:28.950+0000] {logging_mixin.py:150} INFO - [2023-08-11T08:01:28.950+0000] {dagbag.py:541} INFO - Filling up the DagBag from /home/airflow/.local/lib/python3.7/site-packages/airflow/example_dags/example_python_operator.py
[2023-08-11T08:01:28.964+0000] {processor.py:836} INFO - DAG(s) dict_keys(['example_python_operator']) retrieved from /home/airflow/.local/lib/python3.7/site-packages/airflow/example_dags/example_python_operator.py
[2023-08-11T08:01:28.999+0000] {logging_mixin.py:150} INFO - [2023-08-11T08:01:28.999+0000] {dag.py:2742} INFO - Sync 1 DAGs
[2023-08-11T08:01:29.033+0000] {logging_mixin.py:150} INFO - [2023-08-11T08:01:29.033+0000] {dag.py:3508} INFO - Setting next_dagrun for example_python_operator to None, run_after=None
[2023-08-11T08:01:29.063+0000] {processor.py:179} INFO - Processing /home/airflow/.local/lib/python3.7/site-packages/airflow/example_dags/example_python_operator.py took 0.119 seconds
[2023-08-11T08:01:59.324+0000] {processor.py:157} INFO - Started process (PID=1247) to work on /home/airflow/.local/lib/python3.7/site-packages/airflow/example_dags/example_python_operator.py
[2023-08-11T08:01:59.324+0000] {processor.py:826} INFO - Processing file /home/airflow/.local/lib/python3.7/site-packages/airflow/example_dags/example_python_operator.py for tasks to queue
[2023-08-11T08:01:59.327+0000] {logging_mixin.py:150} INFO - [2023-08-11T08:01:59.327+0000] {dagbag.py:541} INFO - Filling up the DagBag from /home/airflow/.local/lib/python3.7/site-packages/airflow/example_dags/example_python_operator.py
[2023-08-11T08:01:59.338+0000] {processor.py:836} INFO - DAG(s) dict_keys(['example_python_operator']) retrieved from /home/airflow/.local/lib/python3.7/site-packages/airflow/example_dags/example_python_operator.py
[2023-08-11T08:01:59.371+0000] {logging_mixin.py:150} INFO - [2023-08-11T08:01:59.370+0000] {dag.py:2742} INFO - Sync 1 DAGs
[2023-08-11T08:01:59.398+0000] {logging_mixin.py:150} INFO - [2023-08-11T08:01:59.397+0000] {dag.py:3508} INFO - Setting next_dagrun for example_python_operator to None, run_after=None
[2023-08-11T08:01:59.421+0000] {processor.py:179} INFO - Processing /home/airflow/.local/lib/python3.7/site-packages/airflow/example_dags/example_python_operator.py took 0.101 seconds
[2023-08-11T08:02:29.472+0000] {processor.py:157} INFO - Started process (PID=1316) to work on /home/airflow/.local/lib/python3.7/site-packages/airflow/example_dags/example_python_operator.py
[2023-08-11T08:02:29.473+0000] {processor.py:826} INFO - Processing file /home/airflow/.local/lib/python3.7/site-packages/airflow/example_dags/example_python_operator.py for tasks to queue
[2023-08-11T08:02:29.474+0000] {logging_mixin.py:150} INFO - [2023-08-11T08:02:29.474+0000] {dagbag.py:541} INFO - Filling up the DagBag from /home/airflow/.local/lib/python3.7/site-packages/airflow/example_dags/example_python_operator.py
[2023-08-11T08:02:29.487+0000] {processor.py:836} INFO - DAG(s) dict_keys(['example_python_operator']) retrieved from /home/airflow/.local/lib/python3.7/site-packages/airflow/example_dags/example_python_operator.py
[2023-08-11T08:02:29.518+0000] {logging_mixin.py:150} INFO - [2023-08-11T08:02:29.518+0000] {dag.py:2742} INFO - Sync 1 DAGs
[2023-08-11T08:02:29.553+0000] {logging_mixin.py:150} INFO - [2023-08-11T08:02:29.552+0000] {dag.py:3508} INFO - Setting next_dagrun for example_python_operator to None, run_after=None
[2023-08-11T08:02:29.581+0000] {processor.py:179} INFO - Processing /home/airflow/.local/lib/python3.7/site-packages/airflow/example_dags/example_python_operator.py took 0.114 seconds
[2023-08-11T08:03:00.149+0000] {processor.py:157} INFO - Started process (PID=1382) to work on /home/airflow/.local/lib/python3.7/site-packages/airflow/example_dags/example_python_operator.py
[2023-08-11T08:03:00.151+0000] {processor.py:826} INFO - Processing file /home/airflow/.local/lib/python3.7/site-packages/airflow/example_dags/example_python_operator.py for tasks to queue
[2023-08-11T08:03:00.152+0000] {logging_mixin.py:150} INFO - [2023-08-11T08:03:00.152+0000] {dagbag.py:541} INFO - Filling up the DagBag from /home/airflow/.local/lib/python3.7/site-packages/airflow/example_dags/example_python_operator.py
[2023-08-11T08:03:00.165+0000] {processor.py:836} INFO - DAG(s) dict_keys(['example_python_operator']) retrieved from /home/airflow/.local/lib/python3.7/site-packages/airflow/example_dags/example_python_operator.py
[2023-08-11T08:03:00.197+0000] {logging_mixin.py:150} INFO - [2023-08-11T08:03:00.197+0000] {dag.py:2742} INFO - Sync 1 DAGs
[2023-08-11T08:03:00.232+0000] {logging_mixin.py:150} INFO - [2023-08-11T08:03:00.232+0000] {dag.py:3508} INFO - Setting next_dagrun for example_python_operator to None, run_after=None
[2023-08-11T08:03:00.264+0000] {processor.py:179} INFO - Processing /home/airflow/.local/lib/python3.7/site-packages/airflow/example_dags/example_python_operator.py took 0.121 seconds
[2023-08-11T08:03:30.518+0000] {processor.py:157} INFO - Started process (PID=1449) to work on /home/airflow/.local/lib/python3.7/site-packages/airflow/example_dags/example_python_operator.py
[2023-08-11T08:03:30.519+0000] {processor.py:826} INFO - Processing file /home/airflow/.local/lib/python3.7/site-packages/airflow/example_dags/example_python_operator.py for tasks to queue
[2023-08-11T08:03:30.520+0000] {logging_mixin.py:150} INFO - [2023-08-11T08:03:30.519+0000] {dagbag.py:541} INFO - Filling up the DagBag from /home/airflow/.local/lib/python3.7/site-packages/airflow/example_dags/example_python_operator.py
[2023-08-11T08:03:30.529+0000] {processor.py:836} INFO - DAG(s) dict_keys(['example_python_operator']) retrieved from /home/airflow/.local/lib/python3.7/site-packages/airflow/example_dags/example_python_operator.py
[2023-08-11T08:03:30.558+0000] {logging_mixin.py:150} INFO - [2023-08-11T08:03:30.557+0000] {dag.py:2742} INFO - Sync 1 DAGs
[2023-08-11T08:03:30.585+0000] {logging_mixin.py:150} INFO - [2023-08-11T08:03:30.584+0000] {dag.py:3508} INFO - Setting next_dagrun for example_python_operator to None, run_after=None
[2023-08-11T08:03:30.616+0000] {processor.py:179} INFO - Processing /home/airflow/.local/lib/python3.7/site-packages/airflow/example_dags/example_python_operator.py took 0.101 seconds
[2023-08-11T08:04:01.238+0000] {processor.py:157} INFO - Started process (PID=1515) to work on /home/airflow/.local/lib/python3.7/site-packages/airflow/example_dags/example_python_operator.py
[2023-08-11T08:04:01.238+0000] {processor.py:826} INFO - Processing file /home/airflow/.local/lib/python3.7/site-packages/airflow/example_dags/example_python_operator.py for tasks to queue
[2023-08-11T08:04:01.239+0000] {logging_mixin.py:150} INFO - [2023-08-11T08:04:01.239+0000] {dagbag.py:541} INFO - Filling up the DagBag from /home/airflow/.local/lib/python3.7/site-packages/airflow/example_dags/example_python_operator.py
[2023-08-11T08:04:01.251+0000] {processor.py:836} INFO - DAG(s) dict_keys(['example_python_operator']) retrieved from /home/airflow/.local/lib/python3.7/site-packages/airflow/example_dags/example_python_operator.py
[2023-08-11T08:04:01.288+0000] {logging_mixin.py:150} INFO - [2023-08-11T08:04:01.287+0000] {dag.py:2742} INFO - Sync 1 DAGs
[2023-08-11T08:04:01.327+0000] {logging_mixin.py:150} INFO - [2023-08-11T08:04:01.327+0000] {dag.py:3508} INFO - Setting next_dagrun for example_python_operator to None, run_after=None
[2023-08-11T08:04:01.358+0000] {processor.py:179} INFO - Processing /home/airflow/.local/lib/python3.7/site-packages/airflow/example_dags/example_python_operator.py took 0.124 seconds
[2023-08-11T08:04:32.275+0000] {processor.py:157} INFO - Started process (PID=1596) to work on /home/airflow/.local/lib/python3.7/site-packages/airflow/example_dags/example_python_operator.py
[2023-08-11T08:04:32.276+0000] {processor.py:826} INFO - Processing file /home/airflow/.local/lib/python3.7/site-packages/airflow/example_dags/example_python_operator.py for tasks to queue
[2023-08-11T08:04:32.277+0000] {logging_mixin.py:150} INFO - [2023-08-11T08:04:32.277+0000] {dagbag.py:541} INFO - Filling up the DagBag from /home/airflow/.local/lib/python3.7/site-packages/airflow/example_dags/example_python_operator.py
[2023-08-11T08:04:32.286+0000] {processor.py:836} INFO - DAG(s) dict_keys(['example_python_operator']) retrieved from /home/airflow/.local/lib/python3.7/site-packages/airflow/example_dags/example_python_operator.py
[2023-08-11T08:04:32.313+0000] {logging_mixin.py:150} INFO - [2023-08-11T08:04:32.313+0000] {dag.py:2742} INFO - Sync 1 DAGs
[2023-08-11T08:04:32.336+0000] {logging_mixin.py:150} INFO - [2023-08-11T08:04:32.336+0000] {dag.py:3508} INFO - Setting next_dagrun for example_python_operator to None, run_after=None
[2023-08-11T08:04:32.357+0000] {processor.py:179} INFO - Processing /home/airflow/.local/lib/python3.7/site-packages/airflow/example_dags/example_python_operator.py took 0.084 seconds
[2023-08-11T08:05:03.042+0000] {processor.py:157} INFO - Started process (PID=1662) to work on /home/airflow/.local/lib/python3.7/site-packages/airflow/example_dags/example_python_operator.py
[2023-08-11T08:05:03.043+0000] {processor.py:826} INFO - Processing file /home/airflow/.local/lib/python3.7/site-packages/airflow/example_dags/example_python_operator.py for tasks to queue
[2023-08-11T08:05:03.044+0000] {logging_mixin.py:150} INFO - [2023-08-11T08:05:03.043+0000] {dagbag.py:541} INFO - Filling up the DagBag from /home/airflow/.local/lib/python3.7/site-packages/airflow/example_dags/example_python_operator.py
[2023-08-11T08:05:03.054+0000] {processor.py:836} INFO - DAG(s) dict_keys(['example_python_operator']) retrieved from /home/airflow/.local/lib/python3.7/site-packages/airflow/example_dags/example_python_operator.py
[2023-08-11T08:05:03.079+0000] {logging_mixin.py:150} INFO - [2023-08-11T08:05:03.079+0000] {dag.py:2742} INFO - Sync 1 DAGs
[2023-08-11T08:05:03.104+0000] {logging_mixin.py:150} INFO - [2023-08-11T08:05:03.104+0000] {dag.py:3508} INFO - Setting next_dagrun for example_python_operator to None, run_after=None
[2023-08-11T08:05:03.123+0000] {processor.py:179} INFO - Processing /home/airflow/.local/lib/python3.7/site-packages/airflow/example_dags/example_python_operator.py took 0.084 seconds
[2023-08-11T08:05:34.043+0000] {processor.py:157} INFO - Started process (PID=1729) to work on /home/airflow/.local/lib/python3.7/site-packages/airflow/example_dags/example_python_operator.py
[2023-08-11T08:05:34.045+0000] {processor.py:826} INFO - Processing file /home/airflow/.local/lib/python3.7/site-packages/airflow/example_dags/example_python_operator.py for tasks to queue
[2023-08-11T08:05:34.046+0000] {logging_mixin.py:150} INFO - [2023-08-11T08:05:34.046+0000] {dagbag.py:541} INFO - Filling up the DagBag from /home/airflow/.local/lib/python3.7/site-packages/airflow/example_dags/example_python_operator.py
[2023-08-11T08:05:34.065+0000] {processor.py:836} INFO - DAG(s) dict_keys(['example_python_operator']) retrieved from /home/airflow/.local/lib/python3.7/site-packages/airflow/example_dags/example_python_operator.py
[2023-08-11T08:05:34.142+0000] {logging_mixin.py:150} INFO - [2023-08-11T08:05:34.141+0000] {dag.py:2742} INFO - Sync 1 DAGs
[2023-08-11T08:05:34.223+0000] {logging_mixin.py:150} INFO - [2023-08-11T08:05:34.223+0000] {dag.py:3508} INFO - Setting next_dagrun for example_python_operator to None, run_after=None
[2023-08-11T08:05:34.280+0000] {processor.py:179} INFO - Processing /home/airflow/.local/lib/python3.7/site-packages/airflow/example_dags/example_python_operator.py took 0.241 seconds
[2023-08-11T08:06:05.324+0000] {processor.py:157} INFO - Started process (PID=1796) to work on /home/airflow/.local/lib/python3.7/site-packages/airflow/example_dags/example_python_operator.py
[2023-08-11T08:06:05.326+0000] {processor.py:826} INFO - Processing file /home/airflow/.local/lib/python3.7/site-packages/airflow/example_dags/example_python_operator.py for tasks to queue
[2023-08-11T08:06:05.328+0000] {logging_mixin.py:150} INFO - [2023-08-11T08:06:05.327+0000] {dagbag.py:541} INFO - Filling up the DagBag from /home/airflow/.local/lib/python3.7/site-packages/airflow/example_dags/example_python_operator.py
[2023-08-11T08:06:05.354+0000] {processor.py:836} INFO - DAG(s) dict_keys(['example_python_operator']) retrieved from /home/airflow/.local/lib/python3.7/site-packages/airflow/example_dags/example_python_operator.py
[2023-08-11T08:06:05.418+0000] {logging_mixin.py:150} INFO - [2023-08-11T08:06:05.418+0000] {dag.py:2742} INFO - Sync 1 DAGs
[2023-08-11T08:06:05.482+0000] {logging_mixin.py:150} INFO - [2023-08-11T08:06:05.482+0000] {dag.py:3508} INFO - Setting next_dagrun for example_python_operator to None, run_after=None
[2023-08-11T08:06:05.541+0000] {processor.py:179} INFO - Processing /home/airflow/.local/lib/python3.7/site-packages/airflow/example_dags/example_python_operator.py took 0.227 seconds
[2023-08-11T08:06:36.173+0000] {processor.py:157} INFO - Started process (PID=1866) to work on /home/airflow/.local/lib/python3.7/site-packages/airflow/example_dags/example_python_operator.py
[2023-08-11T08:06:36.175+0000] {processor.py:826} INFO - Processing file /home/airflow/.local/lib/python3.7/site-packages/airflow/example_dags/example_python_operator.py for tasks to queue
[2023-08-11T08:06:36.178+0000] {logging_mixin.py:150} INFO - [2023-08-11T08:06:36.177+0000] {dagbag.py:541} INFO - Filling up the DagBag from /home/airflow/.local/lib/python3.7/site-packages/airflow/example_dags/example_python_operator.py
[2023-08-11T08:06:36.196+0000] {processor.py:836} INFO - DAG(s) dict_keys(['example_python_operator']) retrieved from /home/airflow/.local/lib/python3.7/site-packages/airflow/example_dags/example_python_operator.py
[2023-08-11T08:06:36.251+0000] {logging_mixin.py:150} INFO - [2023-08-11T08:06:36.251+0000] {dag.py:2742} INFO - Sync 1 DAGs
[2023-08-11T08:06:36.307+0000] {logging_mixin.py:150} INFO - [2023-08-11T08:06:36.307+0000] {dag.py:3508} INFO - Setting next_dagrun for example_python_operator to None, run_after=None
[2023-08-11T08:06:36.352+0000] {processor.py:179} INFO - Processing /home/airflow/.local/lib/python3.7/site-packages/airflow/example_dags/example_python_operator.py took 0.185 seconds
[2023-08-11T08:07:06.663+0000] {processor.py:157} INFO - Started process (PID=1934) to work on /home/airflow/.local/lib/python3.7/site-packages/airflow/example_dags/example_python_operator.py
[2023-08-11T08:07:06.664+0000] {processor.py:826} INFO - Processing file /home/airflow/.local/lib/python3.7/site-packages/airflow/example_dags/example_python_operator.py for tasks to queue
[2023-08-11T08:07:06.664+0000] {logging_mixin.py:150} INFO - [2023-08-11T08:07:06.664+0000] {dagbag.py:541} INFO - Filling up the DagBag from /home/airflow/.local/lib/python3.7/site-packages/airflow/example_dags/example_python_operator.py
[2023-08-11T08:07:06.678+0000] {processor.py:836} INFO - DAG(s) dict_keys(['example_python_operator']) retrieved from /home/airflow/.local/lib/python3.7/site-packages/airflow/example_dags/example_python_operator.py
[2023-08-11T08:07:06.730+0000] {logging_mixin.py:150} INFO - [2023-08-11T08:07:06.729+0000] {dag.py:2742} INFO - Sync 1 DAGs
[2023-08-11T08:07:06.769+0000] {logging_mixin.py:150} INFO - [2023-08-11T08:07:06.768+0000] {dag.py:3508} INFO - Setting next_dagrun for example_python_operator to None, run_after=None
[2023-08-11T08:07:06.800+0000] {processor.py:179} INFO - Processing /home/airflow/.local/lib/python3.7/site-packages/airflow/example_dags/example_python_operator.py took 0.141 seconds
[2023-08-11T08:07:36.914+0000] {processor.py:157} INFO - Started process (PID=2003) to work on /home/airflow/.local/lib/python3.7/site-packages/airflow/example_dags/example_python_operator.py
[2023-08-11T08:07:36.915+0000] {processor.py:826} INFO - Processing file /home/airflow/.local/lib/python3.7/site-packages/airflow/example_dags/example_python_operator.py for tasks to queue
[2023-08-11T08:07:36.915+0000] {logging_mixin.py:150} INFO - [2023-08-11T08:07:36.915+0000] {dagbag.py:541} INFO - Filling up the DagBag from /home/airflow/.local/lib/python3.7/site-packages/airflow/example_dags/example_python_operator.py
[2023-08-11T08:07:36.925+0000] {processor.py:836} INFO - DAG(s) dict_keys(['example_python_operator']) retrieved from /home/airflow/.local/lib/python3.7/site-packages/airflow/example_dags/example_python_operator.py
[2023-08-11T08:07:36.953+0000] {logging_mixin.py:150} INFO - [2023-08-11T08:07:36.953+0000] {dag.py:2742} INFO - Sync 1 DAGs
[2023-08-11T08:07:36.976+0000] {logging_mixin.py:150} INFO - [2023-08-11T08:07:36.976+0000] {dag.py:3508} INFO - Setting next_dagrun for example_python_operator to None, run_after=None
[2023-08-11T08:07:36.998+0000] {processor.py:179} INFO - Processing /home/airflow/.local/lib/python3.7/site-packages/airflow/example_dags/example_python_operator.py took 0.087 seconds
[2023-08-11T08:08:07.188+0000] {processor.py:157} INFO - Started process (PID=2069) to work on /home/airflow/.local/lib/python3.7/site-packages/airflow/example_dags/example_python_operator.py
[2023-08-11T08:08:07.189+0000] {processor.py:826} INFO - Processing file /home/airflow/.local/lib/python3.7/site-packages/airflow/example_dags/example_python_operator.py for tasks to queue
[2023-08-11T08:08:07.190+0000] {logging_mixin.py:150} INFO - [2023-08-11T08:08:07.190+0000] {dagbag.py:541} INFO - Filling up the DagBag from /home/airflow/.local/lib/python3.7/site-packages/airflow/example_dags/example_python_operator.py
[2023-08-11T08:08:07.201+0000] {processor.py:836} INFO - DAG(s) dict_keys(['example_python_operator']) retrieved from /home/airflow/.local/lib/python3.7/site-packages/airflow/example_dags/example_python_operator.py
[2023-08-11T08:08:07.229+0000] {logging_mixin.py:150} INFO - [2023-08-11T08:08:07.228+0000] {dag.py:2742} INFO - Sync 1 DAGs
[2023-08-11T08:08:07.251+0000] {logging_mixin.py:150} INFO - [2023-08-11T08:08:07.251+0000] {dag.py:3508} INFO - Setting next_dagrun for example_python_operator to None, run_after=None
[2023-08-11T08:08:07.276+0000] {processor.py:179} INFO - Processing /home/airflow/.local/lib/python3.7/site-packages/airflow/example_dags/example_python_operator.py took 0.091 seconds
[2023-08-11T08:08:37.780+0000] {processor.py:157} INFO - Started process (PID=2135) to work on /home/airflow/.local/lib/python3.7/site-packages/airflow/example_dags/example_python_operator.py
[2023-08-11T08:08:37.780+0000] {processor.py:826} INFO - Processing file /home/airflow/.local/lib/python3.7/site-packages/airflow/example_dags/example_python_operator.py for tasks to queue
[2023-08-11T08:08:37.781+0000] {logging_mixin.py:150} INFO - [2023-08-11T08:08:37.781+0000] {dagbag.py:541} INFO - Filling up the DagBag from /home/airflow/.local/lib/python3.7/site-packages/airflow/example_dags/example_python_operator.py
[2023-08-11T08:08:37.791+0000] {processor.py:836} INFO - DAG(s) dict_keys(['example_python_operator']) retrieved from /home/airflow/.local/lib/python3.7/site-packages/airflow/example_dags/example_python_operator.py
[2023-08-11T08:08:37.820+0000] {logging_mixin.py:150} INFO - [2023-08-11T08:08:37.819+0000] {dag.py:2742} INFO - Sync 1 DAGs
[2023-08-11T08:08:37.842+0000] {logging_mixin.py:150} INFO - [2023-08-11T08:08:37.842+0000] {dag.py:3508} INFO - Setting next_dagrun for example_python_operator to None, run_after=None
[2023-08-11T08:08:37.866+0000] {processor.py:179} INFO - Processing /home/airflow/.local/lib/python3.7/site-packages/airflow/example_dags/example_python_operator.py took 0.090 seconds
[2023-08-11T08:09:08.251+0000] {processor.py:157} INFO - Started process (PID=2201) to work on /home/airflow/.local/lib/python3.7/site-packages/airflow/example_dags/example_python_operator.py
[2023-08-11T08:09:08.252+0000] {processor.py:826} INFO - Processing file /home/airflow/.local/lib/python3.7/site-packages/airflow/example_dags/example_python_operator.py for tasks to queue
[2023-08-11T08:09:08.252+0000] {logging_mixin.py:150} INFO - [2023-08-11T08:09:08.252+0000] {dagbag.py:541} INFO - Filling up the DagBag from /home/airflow/.local/lib/python3.7/site-packages/airflow/example_dags/example_python_operator.py
[2023-08-11T08:09:08.262+0000] {processor.py:836} INFO - DAG(s) dict_keys(['example_python_operator']) retrieved from /home/airflow/.local/lib/python3.7/site-packages/airflow/example_dags/example_python_operator.py
[2023-08-11T08:09:08.288+0000] {logging_mixin.py:150} INFO - [2023-08-11T08:09:08.287+0000] {dag.py:2742} INFO - Sync 1 DAGs
[2023-08-11T08:09:08.309+0000] {logging_mixin.py:150} INFO - [2023-08-11T08:09:08.309+0000] {dag.py:3508} INFO - Setting next_dagrun for example_python_operator to None, run_after=None
[2023-08-11T08:09:08.331+0000] {processor.py:179} INFO - Processing /home/airflow/.local/lib/python3.7/site-packages/airflow/example_dags/example_python_operator.py took 0.083 seconds
[2023-08-11T08:09:38.570+0000] {processor.py:157} INFO - Started process (PID=2267) to work on /home/airflow/.local/lib/python3.7/site-packages/airflow/example_dags/example_python_operator.py
[2023-08-11T08:09:38.571+0000] {processor.py:826} INFO - Processing file /home/airflow/.local/lib/python3.7/site-packages/airflow/example_dags/example_python_operator.py for tasks to queue
[2023-08-11T08:09:38.571+0000] {logging_mixin.py:150} INFO - [2023-08-11T08:09:38.571+0000] {dagbag.py:541} INFO - Filling up the DagBag from /home/airflow/.local/lib/python3.7/site-packages/airflow/example_dags/example_python_operator.py
[2023-08-11T08:09:38.581+0000] {processor.py:836} INFO - DAG(s) dict_keys(['example_python_operator']) retrieved from /home/airflow/.local/lib/python3.7/site-packages/airflow/example_dags/example_python_operator.py
[2023-08-11T08:09:38.609+0000] {logging_mixin.py:150} INFO - [2023-08-11T08:09:38.609+0000] {dag.py:2742} INFO - Sync 1 DAGs
[2023-08-11T08:09:38.636+0000] {logging_mixin.py:150} INFO - [2023-08-11T08:09:38.636+0000] {dag.py:3508} INFO - Setting next_dagrun for example_python_operator to None, run_after=None
[2023-08-11T08:09:38.659+0000] {processor.py:179} INFO - Processing /home/airflow/.local/lib/python3.7/site-packages/airflow/example_dags/example_python_operator.py took 0.093 seconds
[2023-08-11T08:10:09.187+0000] {processor.py:157} INFO - Started process (PID=2333) to work on /home/airflow/.local/lib/python3.7/site-packages/airflow/example_dags/example_python_operator.py
[2023-08-11T08:10:09.190+0000] {processor.py:826} INFO - Processing file /home/airflow/.local/lib/python3.7/site-packages/airflow/example_dags/example_python_operator.py for tasks to queue
[2023-08-11T08:10:09.191+0000] {logging_mixin.py:150} INFO - [2023-08-11T08:10:09.190+0000] {dagbag.py:541} INFO - Filling up the DagBag from /home/airflow/.local/lib/python3.7/site-packages/airflow/example_dags/example_python_operator.py
[2023-08-11T08:10:09.215+0000] {processor.py:836} INFO - DAG(s) dict_keys(['example_python_operator']) retrieved from /home/airflow/.local/lib/python3.7/site-packages/airflow/example_dags/example_python_operator.py
[2023-08-11T08:10:09.279+0000] {logging_mixin.py:150} INFO - [2023-08-11T08:10:09.279+0000] {dag.py:2742} INFO - Sync 1 DAGs
[2023-08-11T08:10:09.337+0000] {logging_mixin.py:150} INFO - [2023-08-11T08:10:09.336+0000] {dag.py:3508} INFO - Setting next_dagrun for example_python_operator to None, run_after=None
[2023-08-11T08:10:09.387+0000] {processor.py:179} INFO - Processing /home/airflow/.local/lib/python3.7/site-packages/airflow/example_dags/example_python_operator.py took 0.213 seconds
[2023-08-11T08:10:39.502+0000] {processor.py:157} INFO - Started process (PID=2399) to work on /home/airflow/.local/lib/python3.7/site-packages/airflow/example_dags/example_python_operator.py
[2023-08-11T08:10:39.504+0000] {processor.py:826} INFO - Processing file /home/airflow/.local/lib/python3.7/site-packages/airflow/example_dags/example_python_operator.py for tasks to queue
[2023-08-11T08:10:39.505+0000] {logging_mixin.py:150} INFO - [2023-08-11T08:10:39.505+0000] {dagbag.py:541} INFO - Filling up the DagBag from /home/airflow/.local/lib/python3.7/site-packages/airflow/example_dags/example_python_operator.py
[2023-08-11T08:10:39.524+0000] {processor.py:836} INFO - DAG(s) dict_keys(['example_python_operator']) retrieved from /home/airflow/.local/lib/python3.7/site-packages/airflow/example_dags/example_python_operator.py
[2023-08-11T08:10:39.573+0000] {logging_mixin.py:150} INFO - [2023-08-11T08:10:39.573+0000] {dag.py:2742} INFO - Sync 1 DAGs
[2023-08-11T08:10:39.617+0000] {logging_mixin.py:150} INFO - [2023-08-11T08:10:39.617+0000] {dag.py:3508} INFO - Setting next_dagrun for example_python_operator to None, run_after=None
[2023-08-11T08:10:39.661+0000] {processor.py:179} INFO - Processing /home/airflow/.local/lib/python3.7/site-packages/airflow/example_dags/example_python_operator.py took 0.166 seconds
[2023-08-11T08:11:10.349+0000] {processor.py:157} INFO - Started process (PID=2466) to work on /home/airflow/.local/lib/python3.7/site-packages/airflow/example_dags/example_python_operator.py
[2023-08-11T08:11:10.351+0000] {processor.py:826} INFO - Processing file /home/airflow/.local/lib/python3.7/site-packages/airflow/example_dags/example_python_operator.py for tasks to queue
[2023-08-11T08:11:10.352+0000] {logging_mixin.py:150} INFO - [2023-08-11T08:11:10.352+0000] {dagbag.py:541} INFO - Filling up the DagBag from /home/airflow/.local/lib/python3.7/site-packages/airflow/example_dags/example_python_operator.py
[2023-08-11T08:11:10.362+0000] {processor.py:836} INFO - DAG(s) dict_keys(['example_python_operator']) retrieved from /home/airflow/.local/lib/python3.7/site-packages/airflow/example_dags/example_python_operator.py
[2023-08-11T08:11:10.392+0000] {logging_mixin.py:150} INFO - [2023-08-11T08:11:10.392+0000] {dag.py:2742} INFO - Sync 1 DAGs
[2023-08-11T08:11:10.421+0000] {logging_mixin.py:150} INFO - [2023-08-11T08:11:10.421+0000] {dag.py:3508} INFO - Setting next_dagrun for example_python_operator to None, run_after=None
[2023-08-11T08:11:10.444+0000] {processor.py:179} INFO - Processing /home/airflow/.local/lib/python3.7/site-packages/airflow/example_dags/example_python_operator.py took 0.098 seconds
[2023-08-11T08:11:41.045+0000] {processor.py:157} INFO - Started process (PID=2532) to work on /home/airflow/.local/lib/python3.7/site-packages/airflow/example_dags/example_python_operator.py
[2023-08-11T08:11:41.045+0000] {processor.py:826} INFO - Processing file /home/airflow/.local/lib/python3.7/site-packages/airflow/example_dags/example_python_operator.py for tasks to queue
[2023-08-11T08:11:41.046+0000] {logging_mixin.py:150} INFO - [2023-08-11T08:11:41.046+0000] {dagbag.py:541} INFO - Filling up the DagBag from /home/airflow/.local/lib/python3.7/site-packages/airflow/example_dags/example_python_operator.py
[2023-08-11T08:11:41.057+0000] {processor.py:836} INFO - DAG(s) dict_keys(['example_python_operator']) retrieved from /home/airflow/.local/lib/python3.7/site-packages/airflow/example_dags/example_python_operator.py
[2023-08-11T08:11:41.088+0000] {logging_mixin.py:150} INFO - [2023-08-11T08:11:41.088+0000] {dag.py:2742} INFO - Sync 1 DAGs
[2023-08-11T08:11:41.113+0000] {logging_mixin.py:150} INFO - [2023-08-11T08:11:41.112+0000] {dag.py:3508} INFO - Setting next_dagrun for example_python_operator to None, run_after=None
[2023-08-11T08:11:41.134+0000] {processor.py:179} INFO - Processing /home/airflow/.local/lib/python3.7/site-packages/airflow/example_dags/example_python_operator.py took 0.092 seconds
[2023-08-11T08:12:11.608+0000] {processor.py:157} INFO - Started process (PID=2598) to work on /home/airflow/.local/lib/python3.7/site-packages/airflow/example_dags/example_python_operator.py
[2023-08-11T08:12:11.609+0000] {processor.py:826} INFO - Processing file /home/airflow/.local/lib/python3.7/site-packages/airflow/example_dags/example_python_operator.py for tasks to queue
[2023-08-11T08:12:11.610+0000] {logging_mixin.py:150} INFO - [2023-08-11T08:12:11.610+0000] {dagbag.py:541} INFO - Filling up the DagBag from /home/airflow/.local/lib/python3.7/site-packages/airflow/example_dags/example_python_operator.py
[2023-08-11T08:12:11.619+0000] {processor.py:836} INFO - DAG(s) dict_keys(['example_python_operator']) retrieved from /home/airflow/.local/lib/python3.7/site-packages/airflow/example_dags/example_python_operator.py
[2023-08-11T08:12:11.649+0000] {logging_mixin.py:150} INFO - [2023-08-11T08:12:11.648+0000] {dag.py:2742} INFO - Sync 1 DAGs
[2023-08-11T08:12:11.675+0000] {logging_mixin.py:150} INFO - [2023-08-11T08:12:11.674+0000] {dag.py:3508} INFO - Setting next_dagrun for example_python_operator to None, run_after=None
[2023-08-11T08:12:11.696+0000] {processor.py:179} INFO - Processing /home/airflow/.local/lib/python3.7/site-packages/airflow/example_dags/example_python_operator.py took 0.090 seconds
[2023-08-11T08:12:42.150+0000] {processor.py:157} INFO - Started process (PID=2664) to work on /home/airflow/.local/lib/python3.7/site-packages/airflow/example_dags/example_python_operator.py
[2023-08-11T08:12:42.151+0000] {processor.py:826} INFO - Processing file /home/airflow/.local/lib/python3.7/site-packages/airflow/example_dags/example_python_operator.py for tasks to queue
[2023-08-11T08:12:42.152+0000] {logging_mixin.py:150} INFO - [2023-08-11T08:12:42.152+0000] {dagbag.py:541} INFO - Filling up the DagBag from /home/airflow/.local/lib/python3.7/site-packages/airflow/example_dags/example_python_operator.py
[2023-08-11T08:12:42.165+0000] {processor.py:836} INFO - DAG(s) dict_keys(['example_python_operator']) retrieved from /home/airflow/.local/lib/python3.7/site-packages/airflow/example_dags/example_python_operator.py
[2023-08-11T08:12:42.199+0000] {logging_mixin.py:150} INFO - [2023-08-11T08:12:42.199+0000] {dag.py:2742} INFO - Sync 1 DAGs
[2023-08-11T08:12:42.231+0000] {logging_mixin.py:150} INFO - [2023-08-11T08:12:42.231+0000] {dag.py:3508} INFO - Setting next_dagrun for example_python_operator to None, run_after=None
[2023-08-11T08:12:42.259+0000] {processor.py:179} INFO - Processing /home/airflow/.local/lib/python3.7/site-packages/airflow/example_dags/example_python_operator.py took 0.112 seconds
[2023-08-11T08:13:13.300+0000] {processor.py:157} INFO - Started process (PID=2730) to work on /home/airflow/.local/lib/python3.7/site-packages/airflow/example_dags/example_python_operator.py
[2023-08-11T08:13:13.301+0000] {processor.py:826} INFO - Processing file /home/airflow/.local/lib/python3.7/site-packages/airflow/example_dags/example_python_operator.py for tasks to queue
[2023-08-11T08:13:13.302+0000] {logging_mixin.py:150} INFO - [2023-08-11T08:13:13.302+0000] {dagbag.py:541} INFO - Filling up the DagBag from /home/airflow/.local/lib/python3.7/site-packages/airflow/example_dags/example_python_operator.py
[2023-08-11T08:13:13.314+0000] {processor.py:836} INFO - DAG(s) dict_keys(['example_python_operator']) retrieved from /home/airflow/.local/lib/python3.7/site-packages/airflow/example_dags/example_python_operator.py
[2023-08-11T08:13:13.350+0000] {logging_mixin.py:150} INFO - [2023-08-11T08:13:13.350+0000] {dag.py:2742} INFO - Sync 1 DAGs
[2023-08-11T08:13:13.385+0000] {logging_mixin.py:150} INFO - [2023-08-11T08:13:13.385+0000] {dag.py:3508} INFO - Setting next_dagrun for example_python_operator to None, run_after=None
[2023-08-11T08:13:13.418+0000] {processor.py:179} INFO - Processing /home/airflow/.local/lib/python3.7/site-packages/airflow/example_dags/example_python_operator.py took 0.121 seconds
[2023-08-11T08:13:44.347+0000] {processor.py:157} INFO - Started process (PID=2796) to work on /home/airflow/.local/lib/python3.7/site-packages/airflow/example_dags/example_python_operator.py
[2023-08-11T08:13:44.348+0000] {processor.py:826} INFO - Processing file /home/airflow/.local/lib/python3.7/site-packages/airflow/example_dags/example_python_operator.py for tasks to queue
[2023-08-11T08:13:44.349+0000] {logging_mixin.py:150} INFO - [2023-08-11T08:13:44.349+0000] {dagbag.py:541} INFO - Filling up the DagBag from /home/airflow/.local/lib/python3.7/site-packages/airflow/example_dags/example_python_operator.py
[2023-08-11T08:13:44.359+0000] {processor.py:836} INFO - DAG(s) dict_keys(['example_python_operator']) retrieved from /home/airflow/.local/lib/python3.7/site-packages/airflow/example_dags/example_python_operator.py
[2023-08-11T08:13:44.387+0000] {logging_mixin.py:150} INFO - [2023-08-11T08:13:44.387+0000] {dag.py:2742} INFO - Sync 1 DAGs
[2023-08-11T08:13:44.412+0000] {logging_mixin.py:150} INFO - [2023-08-11T08:13:44.412+0000] {dag.py:3508} INFO - Setting next_dagrun for example_python_operator to None, run_after=None
[2023-08-11T08:13:44.433+0000] {processor.py:179} INFO - Processing /home/airflow/.local/lib/python3.7/site-packages/airflow/example_dags/example_python_operator.py took 0.093 seconds
[2023-08-11T08:14:14.928+0000] {processor.py:157} INFO - Started process (PID=2862) to work on /home/airflow/.local/lib/python3.7/site-packages/airflow/example_dags/example_python_operator.py
[2023-08-11T08:14:14.931+0000] {processor.py:826} INFO - Processing file /home/airflow/.local/lib/python3.7/site-packages/airflow/example_dags/example_python_operator.py for tasks to queue
[2023-08-11T08:14:14.931+0000] {logging_mixin.py:150} INFO - [2023-08-11T08:14:14.931+0000] {dagbag.py:541} INFO - Filling up the DagBag from /home/airflow/.local/lib/python3.7/site-packages/airflow/example_dags/example_python_operator.py
[2023-08-11T08:14:14.941+0000] {processor.py:836} INFO - DAG(s) dict_keys(['example_python_operator']) retrieved from /home/airflow/.local/lib/python3.7/site-packages/airflow/example_dags/example_python_operator.py
[2023-08-11T08:14:14.972+0000] {logging_mixin.py:150} INFO - [2023-08-11T08:14:14.972+0000] {dag.py:2742} INFO - Sync 1 DAGs
[2023-08-11T08:14:15.000+0000] {logging_mixin.py:150} INFO - [2023-08-11T08:14:14.999+0000] {dag.py:3508} INFO - Setting next_dagrun for example_python_operator to None, run_after=None
[2023-08-11T08:14:15.023+0000] {processor.py:179} INFO - Processing /home/airflow/.local/lib/python3.7/site-packages/airflow/example_dags/example_python_operator.py took 0.099 seconds
[2023-08-11T08:14:45.506+0000] {processor.py:157} INFO - Started process (PID=2929) to work on /home/airflow/.local/lib/python3.7/site-packages/airflow/example_dags/example_python_operator.py
[2023-08-11T08:14:45.506+0000] {processor.py:826} INFO - Processing file /home/airflow/.local/lib/python3.7/site-packages/airflow/example_dags/example_python_operator.py for tasks to queue
[2023-08-11T08:14:45.507+0000] {logging_mixin.py:150} INFO - [2023-08-11T08:14:45.507+0000] {dagbag.py:541} INFO - Filling up the DagBag from /home/airflow/.local/lib/python3.7/site-packages/airflow/example_dags/example_python_operator.py
[2023-08-11T08:14:45.517+0000] {processor.py:836} INFO - DAG(s) dict_keys(['example_python_operator']) retrieved from /home/airflow/.local/lib/python3.7/site-packages/airflow/example_dags/example_python_operator.py
[2023-08-11T08:14:45.547+0000] {logging_mixin.py:150} INFO - [2023-08-11T08:14:45.546+0000] {dag.py:2742} INFO - Sync 1 DAGs
[2023-08-11T08:14:45.571+0000] {logging_mixin.py:150} INFO - [2023-08-11T08:14:45.571+0000] {dag.py:3508} INFO - Setting next_dagrun for example_python_operator to None, run_after=None
[2023-08-11T08:14:45.592+0000] {processor.py:179} INFO - Processing /home/airflow/.local/lib/python3.7/site-packages/airflow/example_dags/example_python_operator.py took 0.089 seconds
[2023-08-11T08:15:16.167+0000] {processor.py:157} INFO - Started process (PID=2995) to work on /home/airflow/.local/lib/python3.7/site-packages/airflow/example_dags/example_python_operator.py
[2023-08-11T08:15:16.168+0000] {processor.py:826} INFO - Processing file /home/airflow/.local/lib/python3.7/site-packages/airflow/example_dags/example_python_operator.py for tasks to queue
[2023-08-11T08:15:16.169+0000] {logging_mixin.py:150} INFO - [2023-08-11T08:15:16.169+0000] {dagbag.py:541} INFO - Filling up the DagBag from /home/airflow/.local/lib/python3.7/site-packages/airflow/example_dags/example_python_operator.py
[2023-08-11T08:15:16.178+0000] {processor.py:836} INFO - DAG(s) dict_keys(['example_python_operator']) retrieved from /home/airflow/.local/lib/python3.7/site-packages/airflow/example_dags/example_python_operator.py
[2023-08-11T08:15:16.223+0000] {logging_mixin.py:150} INFO - [2023-08-11T08:15:16.223+0000] {dag.py:2742} INFO - Sync 1 DAGs
[2023-08-11T08:15:16.253+0000] {logging_mixin.py:150} INFO - [2023-08-11T08:15:16.253+0000] {dag.py:3508} INFO - Setting next_dagrun for example_python_operator to None, run_after=None
[2023-08-11T08:15:16.276+0000] {processor.py:179} INFO - Processing /home/airflow/.local/lib/python3.7/site-packages/airflow/example_dags/example_python_operator.py took 0.113 seconds
[2023-08-11T08:15:46.473+0000] {processor.py:157} INFO - Started process (PID=3061) to work on /home/airflow/.local/lib/python3.7/site-packages/airflow/example_dags/example_python_operator.py
[2023-08-11T08:15:46.474+0000] {processor.py:826} INFO - Processing file /home/airflow/.local/lib/python3.7/site-packages/airflow/example_dags/example_python_operator.py for tasks to queue
[2023-08-11T08:15:46.475+0000] {logging_mixin.py:150} INFO - [2023-08-11T08:15:46.474+0000] {dagbag.py:541} INFO - Filling up the DagBag from /home/airflow/.local/lib/python3.7/site-packages/airflow/example_dags/example_python_operator.py
[2023-08-11T08:15:46.484+0000] {processor.py:836} INFO - DAG(s) dict_keys(['example_python_operator']) retrieved from /home/airflow/.local/lib/python3.7/site-packages/airflow/example_dags/example_python_operator.py
[2023-08-11T08:15:46.510+0000] {logging_mixin.py:150} INFO - [2023-08-11T08:15:46.510+0000] {dag.py:2742} INFO - Sync 1 DAGs
[2023-08-11T08:15:46.533+0000] {logging_mixin.py:150} INFO - [2023-08-11T08:15:46.533+0000] {dag.py:3508} INFO - Setting next_dagrun for example_python_operator to None, run_after=None
[2023-08-11T08:15:46.555+0000] {processor.py:179} INFO - Processing /home/airflow/.local/lib/python3.7/site-packages/airflow/example_dags/example_python_operator.py took 0.084 seconds
[2023-08-11T08:16:16.959+0000] {processor.py:157} INFO - Started process (PID=3129) to work on /home/airflow/.local/lib/python3.7/site-packages/airflow/example_dags/example_python_operator.py
[2023-08-11T08:16:16.966+0000] {processor.py:826} INFO - Processing file /home/airflow/.local/lib/python3.7/site-packages/airflow/example_dags/example_python_operator.py for tasks to queue
[2023-08-11T08:16:16.968+0000] {logging_mixin.py:150} INFO - [2023-08-11T08:16:16.967+0000] {dagbag.py:541} INFO - Filling up the DagBag from /home/airflow/.local/lib/python3.7/site-packages/airflow/example_dags/example_python_operator.py
[2023-08-11T08:16:16.979+0000] {processor.py:836} INFO - DAG(s) dict_keys(['example_python_operator']) retrieved from /home/airflow/.local/lib/python3.7/site-packages/airflow/example_dags/example_python_operator.py
[2023-08-11T08:16:17.013+0000] {logging_mixin.py:150} INFO - [2023-08-11T08:16:17.013+0000] {dag.py:2742} INFO - Sync 1 DAGs
[2023-08-11T08:16:17.052+0000] {logging_mixin.py:150} INFO - [2023-08-11T08:16:17.052+0000] {dag.py:3508} INFO - Setting next_dagrun for example_python_operator to None, run_after=None
[2023-08-11T08:16:17.077+0000] {processor.py:179} INFO - Processing /home/airflow/.local/lib/python3.7/site-packages/airflow/example_dags/example_python_operator.py took 0.124 seconds
[2023-08-11T08:16:47.512+0000] {processor.py:157} INFO - Started process (PID=3197) to work on /home/airflow/.local/lib/python3.7/site-packages/airflow/example_dags/example_python_operator.py
[2023-08-11T08:16:47.514+0000] {processor.py:826} INFO - Processing file /home/airflow/.local/lib/python3.7/site-packages/airflow/example_dags/example_python_operator.py for tasks to queue
[2023-08-11T08:16:47.515+0000] {logging_mixin.py:150} INFO - [2023-08-11T08:16:47.515+0000] {dagbag.py:541} INFO - Filling up the DagBag from /home/airflow/.local/lib/python3.7/site-packages/airflow/example_dags/example_python_operator.py
[2023-08-11T08:16:47.525+0000] {processor.py:836} INFO - DAG(s) dict_keys(['example_python_operator']) retrieved from /home/airflow/.local/lib/python3.7/site-packages/airflow/example_dags/example_python_operator.py
[2023-08-11T08:16:47.549+0000] {logging_mixin.py:150} INFO - [2023-08-11T08:16:47.549+0000] {dag.py:2742} INFO - Sync 1 DAGs
[2023-08-11T08:16:47.575+0000] {logging_mixin.py:150} INFO - [2023-08-11T08:16:47.575+0000] {dag.py:3508} INFO - Setting next_dagrun for example_python_operator to None, run_after=None
[2023-08-11T08:16:47.596+0000] {processor.py:179} INFO - Processing /home/airflow/.local/lib/python3.7/site-packages/airflow/example_dags/example_python_operator.py took 0.087 seconds
[2023-08-11T08:17:17.921+0000] {processor.py:157} INFO - Started process (PID=3275) to work on /home/airflow/.local/lib/python3.7/site-packages/airflow/example_dags/example_python_operator.py
[2023-08-11T08:17:17.923+0000] {processor.py:826} INFO - Processing file /home/airflow/.local/lib/python3.7/site-packages/airflow/example_dags/example_python_operator.py for tasks to queue
[2023-08-11T08:17:17.924+0000] {logging_mixin.py:150} INFO - [2023-08-11T08:17:17.923+0000] {dagbag.py:541} INFO - Filling up the DagBag from /home/airflow/.local/lib/python3.7/site-packages/airflow/example_dags/example_python_operator.py
[2023-08-11T08:17:17.938+0000] {processor.py:836} INFO - DAG(s) dict_keys(['example_python_operator']) retrieved from /home/airflow/.local/lib/python3.7/site-packages/airflow/example_dags/example_python_operator.py
[2023-08-11T08:17:17.982+0000] {logging_mixin.py:150} INFO - [2023-08-11T08:17:17.981+0000] {dag.py:2742} INFO - Sync 1 DAGs
[2023-08-11T08:17:18.024+0000] {logging_mixin.py:150} INFO - [2023-08-11T08:17:18.023+0000] {dag.py:3508} INFO - Setting next_dagrun for example_python_operator to None, run_after=None
[2023-08-11T08:17:18.108+0000] {processor.py:179} INFO - Processing /home/airflow/.local/lib/python3.7/site-packages/airflow/example_dags/example_python_operator.py took 0.191 seconds
[2023-08-11T08:17:48.555+0000] {processor.py:157} INFO - Started process (PID=3366) to work on /home/airflow/.local/lib/python3.7/site-packages/airflow/example_dags/example_python_operator.py
[2023-08-11T08:17:48.556+0000] {processor.py:826} INFO - Processing file /home/airflow/.local/lib/python3.7/site-packages/airflow/example_dags/example_python_operator.py for tasks to queue
[2023-08-11T08:17:48.557+0000] {logging_mixin.py:150} INFO - [2023-08-11T08:17:48.556+0000] {dagbag.py:541} INFO - Filling up the DagBag from /home/airflow/.local/lib/python3.7/site-packages/airflow/example_dags/example_python_operator.py
[2023-08-11T08:17:48.567+0000] {processor.py:836} INFO - DAG(s) dict_keys(['example_python_operator']) retrieved from /home/airflow/.local/lib/python3.7/site-packages/airflow/example_dags/example_python_operator.py
[2023-08-11T08:17:48.598+0000] {logging_mixin.py:150} INFO - [2023-08-11T08:17:48.598+0000] {dag.py:2742} INFO - Sync 1 DAGs
[2023-08-11T08:17:48.618+0000] {logging_mixin.py:150} INFO - [2023-08-11T08:17:48.618+0000] {dag.py:3508} INFO - Setting next_dagrun for example_python_operator to None, run_after=None
[2023-08-11T08:17:48.643+0000] {processor.py:179} INFO - Processing /home/airflow/.local/lib/python3.7/site-packages/airflow/example_dags/example_python_operator.py took 0.092 seconds
[2023-08-11T08:18:19.108+0000] {processor.py:157} INFO - Started process (PID=3444) to work on /home/airflow/.local/lib/python3.7/site-packages/airflow/example_dags/example_python_operator.py
[2023-08-11T08:18:19.109+0000] {processor.py:826} INFO - Processing file /home/airflow/.local/lib/python3.7/site-packages/airflow/example_dags/example_python_operator.py for tasks to queue
[2023-08-11T08:18:19.110+0000] {logging_mixin.py:150} INFO - [2023-08-11T08:18:19.109+0000] {dagbag.py:541} INFO - Filling up the DagBag from /home/airflow/.local/lib/python3.7/site-packages/airflow/example_dags/example_python_operator.py
[2023-08-11T08:18:19.117+0000] {processor.py:836} INFO - DAG(s) dict_keys(['example_python_operator']) retrieved from /home/airflow/.local/lib/python3.7/site-packages/airflow/example_dags/example_python_operator.py
[2023-08-11T08:18:19.144+0000] {logging_mixin.py:150} INFO - [2023-08-11T08:18:19.143+0000] {dag.py:2742} INFO - Sync 1 DAGs
[2023-08-11T08:18:19.166+0000] {logging_mixin.py:150} INFO - [2023-08-11T08:18:19.166+0000] {dag.py:3508} INFO - Setting next_dagrun for example_python_operator to None, run_after=None
[2023-08-11T08:18:19.187+0000] {processor.py:179} INFO - Processing /home/airflow/.local/lib/python3.7/site-packages/airflow/example_dags/example_python_operator.py took 0.083 seconds
[2023-08-11T08:18:52.066+0000] {processor.py:157} INFO - Started process (PID=3529) to work on /home/airflow/.local/lib/python3.7/site-packages/airflow/example_dags/example_python_operator.py
[2023-08-11T08:18:52.068+0000] {processor.py:826} INFO - Processing file /home/airflow/.local/lib/python3.7/site-packages/airflow/example_dags/example_python_operator.py for tasks to queue
[2023-08-11T08:18:52.069+0000] {logging_mixin.py:150} INFO - [2023-08-11T08:18:52.069+0000] {dagbag.py:541} INFO - Filling up the DagBag from /home/airflow/.local/lib/python3.7/site-packages/airflow/example_dags/example_python_operator.py
[2023-08-11T08:18:52.101+0000] {processor.py:836} INFO - DAG(s) dict_keys(['example_python_operator']) retrieved from /home/airflow/.local/lib/python3.7/site-packages/airflow/example_dags/example_python_operator.py
[2023-08-11T08:18:52.224+0000] {logging_mixin.py:150} INFO - [2023-08-11T08:18:52.223+0000] {dag.py:2742} INFO - Sync 1 DAGs
[2023-08-11T08:18:52.344+0000] {logging_mixin.py:150} INFO - [2023-08-11T08:18:52.343+0000] {dag.py:3508} INFO - Setting next_dagrun for example_python_operator to None, run_after=None
[2023-08-11T08:18:52.418+0000] {processor.py:179} INFO - Processing /home/airflow/.local/lib/python3.7/site-packages/airflow/example_dags/example_python_operator.py took 0.356 seconds
[2023-08-11T08:19:22.785+0000] {processor.py:157} INFO - Started process (PID=3608) to work on /home/airflow/.local/lib/python3.7/site-packages/airflow/example_dags/example_python_operator.py
[2023-08-11T08:19:22.786+0000] {processor.py:826} INFO - Processing file /home/airflow/.local/lib/python3.7/site-packages/airflow/example_dags/example_python_operator.py for tasks to queue
[2023-08-11T08:19:22.786+0000] {logging_mixin.py:150} INFO - [2023-08-11T08:19:22.786+0000] {dagbag.py:541} INFO - Filling up the DagBag from /home/airflow/.local/lib/python3.7/site-packages/airflow/example_dags/example_python_operator.py
[2023-08-11T08:19:22.797+0000] {processor.py:836} INFO - DAG(s) dict_keys(['example_python_operator']) retrieved from /home/airflow/.local/lib/python3.7/site-packages/airflow/example_dags/example_python_operator.py
[2023-08-11T08:19:22.828+0000] {logging_mixin.py:150} INFO - [2023-08-11T08:19:22.828+0000] {dag.py:2742} INFO - Sync 1 DAGs
[2023-08-11T08:19:22.855+0000] {logging_mixin.py:150} INFO - [2023-08-11T08:19:22.855+0000] {dag.py:3508} INFO - Setting next_dagrun for example_python_operator to None, run_after=None
[2023-08-11T08:19:22.878+0000] {processor.py:179} INFO - Processing /home/airflow/.local/lib/python3.7/site-packages/airflow/example_dags/example_python_operator.py took 0.096 seconds
[2023-08-11T08:19:52.928+0000] {processor.py:157} INFO - Started process (PID=3673) to work on /home/airflow/.local/lib/python3.7/site-packages/airflow/example_dags/example_python_operator.py
[2023-08-11T08:19:52.929+0000] {processor.py:826} INFO - Processing file /home/airflow/.local/lib/python3.7/site-packages/airflow/example_dags/example_python_operator.py for tasks to queue
[2023-08-11T08:19:52.930+0000] {logging_mixin.py:150} INFO - [2023-08-11T08:19:52.930+0000] {dagbag.py:541} INFO - Filling up the DagBag from /home/airflow/.local/lib/python3.7/site-packages/airflow/example_dags/example_python_operator.py
[2023-08-11T08:19:52.939+0000] {processor.py:836} INFO - DAG(s) dict_keys(['example_python_operator']) retrieved from /home/airflow/.local/lib/python3.7/site-packages/airflow/example_dags/example_python_operator.py
[2023-08-11T08:19:52.967+0000] {logging_mixin.py:150} INFO - [2023-08-11T08:19:52.967+0000] {dag.py:2742} INFO - Sync 1 DAGs
[2023-08-11T08:19:52.998+0000] {logging_mixin.py:150} INFO - [2023-08-11T08:19:52.998+0000] {dag.py:3508} INFO - Setting next_dagrun for example_python_operator to None, run_after=None
[2023-08-11T08:19:53.026+0000] {processor.py:179} INFO - Processing /home/airflow/.local/lib/python3.7/site-packages/airflow/example_dags/example_python_operator.py took 0.101 seconds
[2023-08-11T08:20:23.659+0000] {processor.py:157} INFO - Started process (PID=3758) to work on /home/airflow/.local/lib/python3.7/site-packages/airflow/example_dags/example_python_operator.py
[2023-08-11T08:20:23.661+0000] {processor.py:826} INFO - Processing file /home/airflow/.local/lib/python3.7/site-packages/airflow/example_dags/example_python_operator.py for tasks to queue
[2023-08-11T08:20:23.663+0000] {logging_mixin.py:150} INFO - [2023-08-11T08:20:23.663+0000] {dagbag.py:541} INFO - Filling up the DagBag from /home/airflow/.local/lib/python3.7/site-packages/airflow/example_dags/example_python_operator.py
[2023-08-11T08:20:23.673+0000] {processor.py:836} INFO - DAG(s) dict_keys(['example_python_operator']) retrieved from /home/airflow/.local/lib/python3.7/site-packages/airflow/example_dags/example_python_operator.py
[2023-08-11T08:20:23.705+0000] {logging_mixin.py:150} INFO - [2023-08-11T08:20:23.705+0000] {dag.py:2742} INFO - Sync 1 DAGs
[2023-08-11T08:20:23.735+0000] {logging_mixin.py:150} INFO - [2023-08-11T08:20:23.735+0000] {dag.py:3508} INFO - Setting next_dagrun for example_python_operator to None, run_after=None
[2023-08-11T08:20:23.760+0000] {processor.py:179} INFO - Processing /home/airflow/.local/lib/python3.7/site-packages/airflow/example_dags/example_python_operator.py took 0.104 seconds
[2023-08-11T08:20:54.097+0000] {processor.py:157} INFO - Started process (PID=3862) to work on /home/airflow/.local/lib/python3.7/site-packages/airflow/example_dags/example_python_operator.py
[2023-08-11T08:20:54.098+0000] {processor.py:826} INFO - Processing file /home/airflow/.local/lib/python3.7/site-packages/airflow/example_dags/example_python_operator.py for tasks to queue
[2023-08-11T08:20:54.099+0000] {logging_mixin.py:150} INFO - [2023-08-11T08:20:54.098+0000] {dagbag.py:541} INFO - Filling up the DagBag from /home/airflow/.local/lib/python3.7/site-packages/airflow/example_dags/example_python_operator.py
[2023-08-11T08:20:54.107+0000] {processor.py:836} INFO - DAG(s) dict_keys(['example_python_operator']) retrieved from /home/airflow/.local/lib/python3.7/site-packages/airflow/example_dags/example_python_operator.py
[2023-08-11T08:20:54.137+0000] {logging_mixin.py:150} INFO - [2023-08-11T08:20:54.137+0000] {dag.py:2742} INFO - Sync 1 DAGs
[2023-08-11T08:20:54.160+0000] {logging_mixin.py:150} INFO - [2023-08-11T08:20:54.160+0000] {dag.py:3508} INFO - Setting next_dagrun for example_python_operator to None, run_after=None
[2023-08-11T08:20:54.186+0000] {processor.py:179} INFO - Processing /home/airflow/.local/lib/python3.7/site-packages/airflow/example_dags/example_python_operator.py took 0.092 seconds
[2023-08-11T08:21:24.506+0000] {processor.py:157} INFO - Started process (PID=3940) to work on /home/airflow/.local/lib/python3.7/site-packages/airflow/example_dags/example_python_operator.py
[2023-08-11T08:21:24.507+0000] {processor.py:826} INFO - Processing file /home/airflow/.local/lib/python3.7/site-packages/airflow/example_dags/example_python_operator.py for tasks to queue
[2023-08-11T08:21:24.507+0000] {logging_mixin.py:150} INFO - [2023-08-11T08:21:24.507+0000] {dagbag.py:541} INFO - Filling up the DagBag from /home/airflow/.local/lib/python3.7/site-packages/airflow/example_dags/example_python_operator.py
[2023-08-11T08:21:24.520+0000] {processor.py:836} INFO - DAG(s) dict_keys(['example_python_operator']) retrieved from /home/airflow/.local/lib/python3.7/site-packages/airflow/example_dags/example_python_operator.py
[2023-08-11T08:21:24.552+0000] {logging_mixin.py:150} INFO - [2023-08-11T08:21:24.552+0000] {dag.py:2742} INFO - Sync 1 DAGs
[2023-08-11T08:21:24.578+0000] {logging_mixin.py:150} INFO - [2023-08-11T08:21:24.578+0000] {dag.py:3508} INFO - Setting next_dagrun for example_python_operator to None, run_after=None
[2023-08-11T08:21:24.610+0000] {processor.py:179} INFO - Processing /home/airflow/.local/lib/python3.7/site-packages/airflow/example_dags/example_python_operator.py took 0.107 seconds
[2023-08-11T08:21:55.095+0000] {processor.py:157} INFO - Started process (PID=4018) to work on /home/airflow/.local/lib/python3.7/site-packages/airflow/example_dags/example_python_operator.py
[2023-08-11T08:21:55.096+0000] {processor.py:826} INFO - Processing file /home/airflow/.local/lib/python3.7/site-packages/airflow/example_dags/example_python_operator.py for tasks to queue
[2023-08-11T08:21:55.096+0000] {logging_mixin.py:150} INFO - [2023-08-11T08:21:55.096+0000] {dagbag.py:541} INFO - Filling up the DagBag from /home/airflow/.local/lib/python3.7/site-packages/airflow/example_dags/example_python_operator.py
[2023-08-11T08:21:55.106+0000] {processor.py:836} INFO - DAG(s) dict_keys(['example_python_operator']) retrieved from /home/airflow/.local/lib/python3.7/site-packages/airflow/example_dags/example_python_operator.py
[2023-08-11T08:21:55.136+0000] {logging_mixin.py:150} INFO - [2023-08-11T08:21:55.136+0000] {dag.py:2742} INFO - Sync 1 DAGs
[2023-08-11T08:21:55.161+0000] {logging_mixin.py:150} INFO - [2023-08-11T08:21:55.160+0000] {dag.py:3508} INFO - Setting next_dagrun for example_python_operator to None, run_after=None
[2023-08-11T08:21:55.187+0000] {processor.py:179} INFO - Processing /home/airflow/.local/lib/python3.7/site-packages/airflow/example_dags/example_python_operator.py took 0.095 seconds
[2023-08-11T08:22:26.172+0000] {processor.py:157} INFO - Started process (PID=4096) to work on /home/airflow/.local/lib/python3.7/site-packages/airflow/example_dags/example_python_operator.py
[2023-08-11T08:22:26.173+0000] {processor.py:826} INFO - Processing file /home/airflow/.local/lib/python3.7/site-packages/airflow/example_dags/example_python_operator.py for tasks to queue
[2023-08-11T08:22:26.173+0000] {logging_mixin.py:150} INFO - [2023-08-11T08:22:26.173+0000] {dagbag.py:541} INFO - Filling up the DagBag from /home/airflow/.local/lib/python3.7/site-packages/airflow/example_dags/example_python_operator.py
[2023-08-11T08:22:26.184+0000] {processor.py:836} INFO - DAG(s) dict_keys(['example_python_operator']) retrieved from /home/airflow/.local/lib/python3.7/site-packages/airflow/example_dags/example_python_operator.py
[2023-08-11T08:22:26.218+0000] {logging_mixin.py:150} INFO - [2023-08-11T08:22:26.217+0000] {dag.py:2742} INFO - Sync 1 DAGs
[2023-08-11T08:22:26.239+0000] {logging_mixin.py:150} INFO - [2023-08-11T08:22:26.239+0000] {dag.py:3508} INFO - Setting next_dagrun for example_python_operator to None, run_after=None
[2023-08-11T08:22:26.261+0000] {processor.py:179} INFO - Processing /home/airflow/.local/lib/python3.7/site-packages/airflow/example_dags/example_python_operator.py took 0.092 seconds
