[2023-08-11T07:52:44.063+0000] {processor.py:157} INFO - Started process (PID=44) to work on /home/airflow/.local/lib/python3.7/site-packages/airflow/example_dags/example_complex.py
[2023-08-11T07:52:44.064+0000] {processor.py:826} INFO - Processing file /home/airflow/.local/lib/python3.7/site-packages/airflow/example_dags/example_complex.py for tasks to queue
[2023-08-11T07:52:44.066+0000] {logging_mixin.py:150} INFO - [2023-08-11T07:52:44.066+0000] {dagbag.py:541} INFO - Filling up the DagBag from /home/airflow/.local/lib/python3.7/site-packages/airflow/example_dags/example_complex.py
[2023-08-11T07:52:44.216+0000] {processor.py:836} INFO - DAG(s) dict_keys(['example_complex']) retrieved from /home/airflow/.local/lib/python3.7/site-packages/airflow/example_dags/example_complex.py
[2023-08-11T07:52:44.707+0000] {logging_mixin.py:150} INFO - [2023-08-11T07:52:44.706+0000] {dag.py:2742} INFO - Sync 1 DAGs
[2023-08-11T07:52:44.964+0000] {logging_mixin.py:150} INFO - [2023-08-11T07:52:44.963+0000] {dag.py:3508} INFO - Setting next_dagrun for example_complex to None, run_after=None
[2023-08-11T07:52:45.045+0000] {processor.py:179} INFO - Processing /home/airflow/.local/lib/python3.7/site-packages/airflow/example_dags/example_complex.py took 0.996 seconds
[2023-08-11T07:53:15.114+0000] {processor.py:157} INFO - Started process (PID=108) to work on /home/airflow/.local/lib/python3.7/site-packages/airflow/example_dags/example_complex.py
[2023-08-11T07:53:15.117+0000] {processor.py:826} INFO - Processing file /home/airflow/.local/lib/python3.7/site-packages/airflow/example_dags/example_complex.py for tasks to queue
[2023-08-11T07:53:15.119+0000] {logging_mixin.py:150} INFO - [2023-08-11T07:53:15.118+0000] {dagbag.py:541} INFO - Filling up the DagBag from /home/airflow/.local/lib/python3.7/site-packages/airflow/example_dags/example_complex.py
[2023-08-11T07:53:15.136+0000] {processor.py:836} INFO - DAG(s) dict_keys(['example_complex']) retrieved from /home/airflow/.local/lib/python3.7/site-packages/airflow/example_dags/example_complex.py
[2023-08-11T07:53:15.233+0000] {logging_mixin.py:150} INFO - [2023-08-11T07:53:15.233+0000] {dag.py:2742} INFO - Sync 1 DAGs
[2023-08-11T07:53:15.273+0000] {logging_mixin.py:150} INFO - [2023-08-11T07:53:15.273+0000] {dag.py:3508} INFO - Setting next_dagrun for example_complex to None, run_after=None
[2023-08-11T07:53:15.445+0000] {processor.py:179} INFO - Processing /home/airflow/.local/lib/python3.7/site-packages/airflow/example_dags/example_complex.py took 0.334 seconds
[2023-08-11T07:53:45.466+0000] {processor.py:157} INFO - Started process (PID=173) to work on /home/airflow/.local/lib/python3.7/site-packages/airflow/example_dags/example_complex.py
[2023-08-11T07:53:45.467+0000] {processor.py:826} INFO - Processing file /home/airflow/.local/lib/python3.7/site-packages/airflow/example_dags/example_complex.py for tasks to queue
[2023-08-11T07:53:45.469+0000] {logging_mixin.py:150} INFO - [2023-08-11T07:53:45.468+0000] {dagbag.py:541} INFO - Filling up the DagBag from /home/airflow/.local/lib/python3.7/site-packages/airflow/example_dags/example_complex.py
[2023-08-11T07:53:45.482+0000] {processor.py:836} INFO - DAG(s) dict_keys(['example_complex']) retrieved from /home/airflow/.local/lib/python3.7/site-packages/airflow/example_dags/example_complex.py
[2023-08-11T07:53:45.522+0000] {logging_mixin.py:150} INFO - [2023-08-11T07:53:45.522+0000] {dag.py:2742} INFO - Sync 1 DAGs
[2023-08-11T07:53:45.544+0000] {logging_mixin.py:150} INFO - [2023-08-11T07:53:45.544+0000] {dag.py:3508} INFO - Setting next_dagrun for example_complex to None, run_after=None
[2023-08-11T07:53:45.568+0000] {processor.py:179} INFO - Processing /home/airflow/.local/lib/python3.7/site-packages/airflow/example_dags/example_complex.py took 0.106 seconds
[2023-08-11T07:54:16.095+0000] {processor.py:157} INFO - Started process (PID=238) to work on /home/airflow/.local/lib/python3.7/site-packages/airflow/example_dags/example_complex.py
[2023-08-11T07:54:16.096+0000] {processor.py:826} INFO - Processing file /home/airflow/.local/lib/python3.7/site-packages/airflow/example_dags/example_complex.py for tasks to queue
[2023-08-11T07:54:16.097+0000] {logging_mixin.py:150} INFO - [2023-08-11T07:54:16.097+0000] {dagbag.py:541} INFO - Filling up the DagBag from /home/airflow/.local/lib/python3.7/site-packages/airflow/example_dags/example_complex.py
[2023-08-11T07:54:16.112+0000] {processor.py:836} INFO - DAG(s) dict_keys(['example_complex']) retrieved from /home/airflow/.local/lib/python3.7/site-packages/airflow/example_dags/example_complex.py
[2023-08-11T07:54:16.169+0000] {logging_mixin.py:150} INFO - [2023-08-11T07:54:16.168+0000] {dag.py:2742} INFO - Sync 1 DAGs
[2023-08-11T07:54:16.201+0000] {logging_mixin.py:150} INFO - [2023-08-11T07:54:16.201+0000] {dag.py:3508} INFO - Setting next_dagrun for example_complex to None, run_after=None
[2023-08-11T07:54:16.228+0000] {processor.py:179} INFO - Processing /home/airflow/.local/lib/python3.7/site-packages/airflow/example_dags/example_complex.py took 0.136 seconds
[2023-08-11T07:54:47.442+0000] {processor.py:157} INFO - Started process (PID=303) to work on /home/airflow/.local/lib/python3.7/site-packages/airflow/example_dags/example_complex.py
[2023-08-11T07:54:47.445+0000] {processor.py:826} INFO - Processing file /home/airflow/.local/lib/python3.7/site-packages/airflow/example_dags/example_complex.py for tasks to queue
[2023-08-11T07:54:47.446+0000] {logging_mixin.py:150} INFO - [2023-08-11T07:54:47.446+0000] {dagbag.py:541} INFO - Filling up the DagBag from /home/airflow/.local/lib/python3.7/site-packages/airflow/example_dags/example_complex.py
[2023-08-11T07:54:47.472+0000] {processor.py:836} INFO - DAG(s) dict_keys(['example_complex']) retrieved from /home/airflow/.local/lib/python3.7/site-packages/airflow/example_dags/example_complex.py
[2023-08-11T07:54:47.535+0000] {logging_mixin.py:150} INFO - [2023-08-11T07:54:47.534+0000] {dag.py:2742} INFO - Sync 1 DAGs
[2023-08-11T07:54:47.581+0000] {logging_mixin.py:150} INFO - [2023-08-11T07:54:47.580+0000] {dag.py:3508} INFO - Setting next_dagrun for example_complex to None, run_after=None
[2023-08-11T07:54:47.621+0000] {processor.py:179} INFO - Processing /home/airflow/.local/lib/python3.7/site-packages/airflow/example_dags/example_complex.py took 0.187 seconds
[2023-08-11T07:55:18.262+0000] {processor.py:157} INFO - Started process (PID=369) to work on /home/airflow/.local/lib/python3.7/site-packages/airflow/example_dags/example_complex.py
[2023-08-11T07:55:18.263+0000] {processor.py:826} INFO - Processing file /home/airflow/.local/lib/python3.7/site-packages/airflow/example_dags/example_complex.py for tasks to queue
[2023-08-11T07:55:18.264+0000] {logging_mixin.py:150} INFO - [2023-08-11T07:55:18.263+0000] {dagbag.py:541} INFO - Filling up the DagBag from /home/airflow/.local/lib/python3.7/site-packages/airflow/example_dags/example_complex.py
[2023-08-11T07:55:18.274+0000] {processor.py:836} INFO - DAG(s) dict_keys(['example_complex']) retrieved from /home/airflow/.local/lib/python3.7/site-packages/airflow/example_dags/example_complex.py
[2023-08-11T07:55:18.308+0000] {logging_mixin.py:150} INFO - [2023-08-11T07:55:18.308+0000] {dag.py:2742} INFO - Sync 1 DAGs
[2023-08-11T07:55:18.333+0000] {logging_mixin.py:150} INFO - [2023-08-11T07:55:18.333+0000] {dag.py:3508} INFO - Setting next_dagrun for example_complex to None, run_after=None
[2023-08-11T07:55:18.359+0000] {processor.py:179} INFO - Processing /home/airflow/.local/lib/python3.7/site-packages/airflow/example_dags/example_complex.py took 0.100 seconds
[2023-08-11T07:55:48.873+0000] {processor.py:157} INFO - Started process (PID=434) to work on /home/airflow/.local/lib/python3.7/site-packages/airflow/example_dags/example_complex.py
[2023-08-11T07:55:48.874+0000] {processor.py:826} INFO - Processing file /home/airflow/.local/lib/python3.7/site-packages/airflow/example_dags/example_complex.py for tasks to queue
[2023-08-11T07:55:48.875+0000] {logging_mixin.py:150} INFO - [2023-08-11T07:55:48.875+0000] {dagbag.py:541} INFO - Filling up the DagBag from /home/airflow/.local/lib/python3.7/site-packages/airflow/example_dags/example_complex.py
[2023-08-11T07:55:48.887+0000] {processor.py:836} INFO - DAG(s) dict_keys(['example_complex']) retrieved from /home/airflow/.local/lib/python3.7/site-packages/airflow/example_dags/example_complex.py
[2023-08-11T07:55:48.920+0000] {logging_mixin.py:150} INFO - [2023-08-11T07:55:48.920+0000] {dag.py:2742} INFO - Sync 1 DAGs
[2023-08-11T07:55:48.946+0000] {logging_mixin.py:150} INFO - [2023-08-11T07:55:48.945+0000] {dag.py:3508} INFO - Setting next_dagrun for example_complex to None, run_after=None
[2023-08-11T07:55:48.967+0000] {processor.py:179} INFO - Processing /home/airflow/.local/lib/python3.7/site-packages/airflow/example_dags/example_complex.py took 0.097 seconds
[2023-08-11T07:56:20.011+0000] {processor.py:157} INFO - Started process (PID=499) to work on /home/airflow/.local/lib/python3.7/site-packages/airflow/example_dags/example_complex.py
[2023-08-11T07:56:20.013+0000] {processor.py:826} INFO - Processing file /home/airflow/.local/lib/python3.7/site-packages/airflow/example_dags/example_complex.py for tasks to queue
[2023-08-11T07:56:20.014+0000] {logging_mixin.py:150} INFO - [2023-08-11T07:56:20.014+0000] {dagbag.py:541} INFO - Filling up the DagBag from /home/airflow/.local/lib/python3.7/site-packages/airflow/example_dags/example_complex.py
[2023-08-11T07:56:20.026+0000] {processor.py:836} INFO - DAG(s) dict_keys(['example_complex']) retrieved from /home/airflow/.local/lib/python3.7/site-packages/airflow/example_dags/example_complex.py
[2023-08-11T07:56:20.099+0000] {logging_mixin.py:150} INFO - [2023-08-11T07:56:20.099+0000] {dag.py:2742} INFO - Sync 1 DAGs
[2023-08-11T07:56:20.137+0000] {logging_mixin.py:150} INFO - [2023-08-11T07:56:20.137+0000] {dag.py:3508} INFO - Setting next_dagrun for example_complex to None, run_after=None
[2023-08-11T07:56:20.168+0000] {processor.py:179} INFO - Processing /home/airflow/.local/lib/python3.7/site-packages/airflow/example_dags/example_complex.py took 0.161 seconds
[2023-08-11T07:56:51.034+0000] {processor.py:157} INFO - Started process (PID=564) to work on /home/airflow/.local/lib/python3.7/site-packages/airflow/example_dags/example_complex.py
[2023-08-11T07:56:51.036+0000] {processor.py:826} INFO - Processing file /home/airflow/.local/lib/python3.7/site-packages/airflow/example_dags/example_complex.py for tasks to queue
[2023-08-11T07:56:51.037+0000] {logging_mixin.py:150} INFO - [2023-08-11T07:56:51.036+0000] {dagbag.py:541} INFO - Filling up the DagBag from /home/airflow/.local/lib/python3.7/site-packages/airflow/example_dags/example_complex.py
[2023-08-11T07:56:51.063+0000] {processor.py:836} INFO - DAG(s) dict_keys(['example_complex']) retrieved from /home/airflow/.local/lib/python3.7/site-packages/airflow/example_dags/example_complex.py
[2023-08-11T07:56:51.132+0000] {logging_mixin.py:150} INFO - [2023-08-11T07:56:51.131+0000] {dag.py:2742} INFO - Sync 1 DAGs
[2023-08-11T07:56:51.173+0000] {logging_mixin.py:150} INFO - [2023-08-11T07:56:51.173+0000] {dag.py:3508} INFO - Setting next_dagrun for example_complex to None, run_after=None
[2023-08-11T07:56:51.221+0000] {processor.py:179} INFO - Processing /home/airflow/.local/lib/python3.7/site-packages/airflow/example_dags/example_complex.py took 0.192 seconds
[2023-08-11T07:57:21.309+0000] {processor.py:157} INFO - Started process (PID=629) to work on /home/airflow/.local/lib/python3.7/site-packages/airflow/example_dags/example_complex.py
[2023-08-11T07:57:21.310+0000] {processor.py:826} INFO - Processing file /home/airflow/.local/lib/python3.7/site-packages/airflow/example_dags/example_complex.py for tasks to queue
[2023-08-11T07:57:21.311+0000] {logging_mixin.py:150} INFO - [2023-08-11T07:57:21.311+0000] {dagbag.py:541} INFO - Filling up the DagBag from /home/airflow/.local/lib/python3.7/site-packages/airflow/example_dags/example_complex.py
[2023-08-11T07:57:21.325+0000] {processor.py:836} INFO - DAG(s) dict_keys(['example_complex']) retrieved from /home/airflow/.local/lib/python3.7/site-packages/airflow/example_dags/example_complex.py
[2023-08-11T07:57:21.374+0000] {logging_mixin.py:150} INFO - [2023-08-11T07:57:21.373+0000] {dag.py:2742} INFO - Sync 1 DAGs
[2023-08-11T07:57:21.406+0000] {logging_mixin.py:150} INFO - [2023-08-11T07:57:21.406+0000] {dag.py:3508} INFO - Setting next_dagrun for example_complex to None, run_after=None
[2023-08-11T07:57:21.442+0000] {processor.py:179} INFO - Processing /home/airflow/.local/lib/python3.7/site-packages/airflow/example_dags/example_complex.py took 0.137 seconds
[2023-08-11T07:57:52.344+0000] {processor.py:157} INFO - Started process (PID=695) to work on /home/airflow/.local/lib/python3.7/site-packages/airflow/example_dags/example_complex.py
[2023-08-11T07:57:52.344+0000] {processor.py:826} INFO - Processing file /home/airflow/.local/lib/python3.7/site-packages/airflow/example_dags/example_complex.py for tasks to queue
[2023-08-11T07:57:52.346+0000] {logging_mixin.py:150} INFO - [2023-08-11T07:57:52.346+0000] {dagbag.py:541} INFO - Filling up the DagBag from /home/airflow/.local/lib/python3.7/site-packages/airflow/example_dags/example_complex.py
[2023-08-11T07:57:52.361+0000] {processor.py:836} INFO - DAG(s) dict_keys(['example_complex']) retrieved from /home/airflow/.local/lib/python3.7/site-packages/airflow/example_dags/example_complex.py
[2023-08-11T07:57:52.419+0000] {logging_mixin.py:150} INFO - [2023-08-11T07:57:52.418+0000] {dag.py:2742} INFO - Sync 1 DAGs
[2023-08-11T07:57:52.487+0000] {logging_mixin.py:150} INFO - [2023-08-11T07:57:52.487+0000] {dag.py:3508} INFO - Setting next_dagrun for example_complex to None, run_after=None
[2023-08-11T07:57:52.531+0000] {processor.py:179} INFO - Processing /home/airflow/.local/lib/python3.7/site-packages/airflow/example_dags/example_complex.py took 0.191 seconds
[2023-08-11T07:58:23.189+0000] {processor.py:157} INFO - Started process (PID=761) to work on /home/airflow/.local/lib/python3.7/site-packages/airflow/example_dags/example_complex.py
[2023-08-11T07:58:23.190+0000] {processor.py:826} INFO - Processing file /home/airflow/.local/lib/python3.7/site-packages/airflow/example_dags/example_complex.py for tasks to queue
[2023-08-11T07:58:23.191+0000] {logging_mixin.py:150} INFO - [2023-08-11T07:58:23.191+0000] {dagbag.py:541} INFO - Filling up the DagBag from /home/airflow/.local/lib/python3.7/site-packages/airflow/example_dags/example_complex.py
[2023-08-11T07:58:23.201+0000] {processor.py:836} INFO - DAG(s) dict_keys(['example_complex']) retrieved from /home/airflow/.local/lib/python3.7/site-packages/airflow/example_dags/example_complex.py
[2023-08-11T07:58:23.234+0000] {logging_mixin.py:150} INFO - [2023-08-11T07:58:23.234+0000] {dag.py:2742} INFO - Sync 1 DAGs
[2023-08-11T07:58:23.258+0000] {logging_mixin.py:150} INFO - [2023-08-11T07:58:23.257+0000] {dag.py:3508} INFO - Setting next_dagrun for example_complex to None, run_after=None
[2023-08-11T07:58:23.278+0000] {processor.py:179} INFO - Processing /home/airflow/.local/lib/python3.7/site-packages/airflow/example_dags/example_complex.py took 0.093 seconds
[2023-08-11T07:58:53.490+0000] {processor.py:157} INFO - Started process (PID=827) to work on /home/airflow/.local/lib/python3.7/site-packages/airflow/example_dags/example_complex.py
[2023-08-11T07:58:53.491+0000] {processor.py:826} INFO - Processing file /home/airflow/.local/lib/python3.7/site-packages/airflow/example_dags/example_complex.py for tasks to queue
[2023-08-11T07:58:53.492+0000] {logging_mixin.py:150} INFO - [2023-08-11T07:58:53.492+0000] {dagbag.py:541} INFO - Filling up the DagBag from /home/airflow/.local/lib/python3.7/site-packages/airflow/example_dags/example_complex.py
[2023-08-11T07:58:53.504+0000] {processor.py:836} INFO - DAG(s) dict_keys(['example_complex']) retrieved from /home/airflow/.local/lib/python3.7/site-packages/airflow/example_dags/example_complex.py
[2023-08-11T07:58:53.539+0000] {logging_mixin.py:150} INFO - [2023-08-11T07:58:53.539+0000] {dag.py:2742} INFO - Sync 1 DAGs
[2023-08-11T07:58:53.561+0000] {logging_mixin.py:150} INFO - [2023-08-11T07:58:53.561+0000] {dag.py:3508} INFO - Setting next_dagrun for example_complex to None, run_after=None
[2023-08-11T07:58:53.586+0000] {processor.py:179} INFO - Processing /home/airflow/.local/lib/python3.7/site-packages/airflow/example_dags/example_complex.py took 0.098 seconds
[2023-08-11T07:59:23.786+0000] {processor.py:157} INFO - Started process (PID=893) to work on /home/airflow/.local/lib/python3.7/site-packages/airflow/example_dags/example_complex.py
[2023-08-11T07:59:23.788+0000] {processor.py:826} INFO - Processing file /home/airflow/.local/lib/python3.7/site-packages/airflow/example_dags/example_complex.py for tasks to queue
[2023-08-11T07:59:23.790+0000] {logging_mixin.py:150} INFO - [2023-08-11T07:59:23.789+0000] {dagbag.py:541} INFO - Filling up the DagBag from /home/airflow/.local/lib/python3.7/site-packages/airflow/example_dags/example_complex.py
[2023-08-11T07:59:23.823+0000] {processor.py:836} INFO - DAG(s) dict_keys(['example_complex']) retrieved from /home/airflow/.local/lib/python3.7/site-packages/airflow/example_dags/example_complex.py
[2023-08-11T07:59:23.849+0000] {logging_mixin.py:150} INFO - [2023-08-11T07:59:23.849+0000] {dag.py:2742} INFO - Sync 1 DAGs
[2023-08-11T07:59:23.904+0000] {logging_mixin.py:150} INFO - [2023-08-11T07:59:23.903+0000] {dag.py:3508} INFO - Setting next_dagrun for example_complex to None, run_after=None
[2023-08-11T07:59:23.940+0000] {processor.py:179} INFO - Processing /home/airflow/.local/lib/python3.7/site-packages/airflow/example_dags/example_complex.py took 0.166 seconds
[2023-08-11T07:59:54.333+0000] {processor.py:157} INFO - Started process (PID=961) to work on /home/airflow/.local/lib/python3.7/site-packages/airflow/example_dags/example_complex.py
[2023-08-11T07:59:54.334+0000] {processor.py:826} INFO - Processing file /home/airflow/.local/lib/python3.7/site-packages/airflow/example_dags/example_complex.py for tasks to queue
[2023-08-11T07:59:54.334+0000] {logging_mixin.py:150} INFO - [2023-08-11T07:59:54.334+0000] {dagbag.py:541} INFO - Filling up the DagBag from /home/airflow/.local/lib/python3.7/site-packages/airflow/example_dags/example_complex.py
[2023-08-11T07:59:54.345+0000] {processor.py:836} INFO - DAG(s) dict_keys(['example_complex']) retrieved from /home/airflow/.local/lib/python3.7/site-packages/airflow/example_dags/example_complex.py
[2023-08-11T07:59:54.379+0000] {logging_mixin.py:150} INFO - [2023-08-11T07:59:54.379+0000] {dag.py:2742} INFO - Sync 1 DAGs
[2023-08-11T07:59:54.405+0000] {logging_mixin.py:150} INFO - [2023-08-11T07:59:54.405+0000] {dag.py:3508} INFO - Setting next_dagrun for example_complex to None, run_after=None
[2023-08-11T07:59:54.424+0000] {processor.py:179} INFO - Processing /home/airflow/.local/lib/python3.7/site-packages/airflow/example_dags/example_complex.py took 0.093 seconds
[2023-08-11T08:00:24.880+0000] {processor.py:157} INFO - Started process (PID=1031) to work on /home/airflow/.local/lib/python3.7/site-packages/airflow/example_dags/example_complex.py
[2023-08-11T08:00:24.881+0000] {processor.py:826} INFO - Processing file /home/airflow/.local/lib/python3.7/site-packages/airflow/example_dags/example_complex.py for tasks to queue
[2023-08-11T08:00:24.881+0000] {logging_mixin.py:150} INFO - [2023-08-11T08:00:24.881+0000] {dagbag.py:541} INFO - Filling up the DagBag from /home/airflow/.local/lib/python3.7/site-packages/airflow/example_dags/example_complex.py
[2023-08-11T08:00:24.893+0000] {processor.py:836} INFO - DAG(s) dict_keys(['example_complex']) retrieved from /home/airflow/.local/lib/python3.7/site-packages/airflow/example_dags/example_complex.py
[2023-08-11T08:00:24.929+0000] {logging_mixin.py:150} INFO - [2023-08-11T08:00:24.928+0000] {dag.py:2742} INFO - Sync 1 DAGs
[2023-08-11T08:00:24.954+0000] {logging_mixin.py:150} INFO - [2023-08-11T08:00:24.953+0000] {dag.py:3508} INFO - Setting next_dagrun for example_complex to None, run_after=None
[2023-08-11T08:00:24.973+0000] {processor.py:179} INFO - Processing /home/airflow/.local/lib/python3.7/site-packages/airflow/example_dags/example_complex.py took 0.096 seconds
[2023-08-11T08:00:55.469+0000] {processor.py:157} INFO - Started process (PID=1098) to work on /home/airflow/.local/lib/python3.7/site-packages/airflow/example_dags/example_complex.py
[2023-08-11T08:00:55.469+0000] {processor.py:826} INFO - Processing file /home/airflow/.local/lib/python3.7/site-packages/airflow/example_dags/example_complex.py for tasks to queue
[2023-08-11T08:00:55.470+0000] {logging_mixin.py:150} INFO - [2023-08-11T08:00:55.470+0000] {dagbag.py:541} INFO - Filling up the DagBag from /home/airflow/.local/lib/python3.7/site-packages/airflow/example_dags/example_complex.py
[2023-08-11T08:00:55.481+0000] {processor.py:836} INFO - DAG(s) dict_keys(['example_complex']) retrieved from /home/airflow/.local/lib/python3.7/site-packages/airflow/example_dags/example_complex.py
[2023-08-11T08:00:55.517+0000] {logging_mixin.py:150} INFO - [2023-08-11T08:00:55.517+0000] {dag.py:2742} INFO - Sync 1 DAGs
[2023-08-11T08:00:55.545+0000] {logging_mixin.py:150} INFO - [2023-08-11T08:00:55.545+0000] {dag.py:3508} INFO - Setting next_dagrun for example_complex to None, run_after=None
[2023-08-11T08:00:55.571+0000] {processor.py:179} INFO - Processing /home/airflow/.local/lib/python3.7/site-packages/airflow/example_dags/example_complex.py took 0.105 seconds
[2023-08-11T08:01:26.002+0000] {processor.py:157} INFO - Started process (PID=1167) to work on /home/airflow/.local/lib/python3.7/site-packages/airflow/example_dags/example_complex.py
[2023-08-11T08:01:26.004+0000] {processor.py:826} INFO - Processing file /home/airflow/.local/lib/python3.7/site-packages/airflow/example_dags/example_complex.py for tasks to queue
[2023-08-11T08:01:26.004+0000] {logging_mixin.py:150} INFO - [2023-08-11T08:01:26.004+0000] {dagbag.py:541} INFO - Filling up the DagBag from /home/airflow/.local/lib/python3.7/site-packages/airflow/example_dags/example_complex.py
[2023-08-11T08:01:26.017+0000] {processor.py:836} INFO - DAG(s) dict_keys(['example_complex']) retrieved from /home/airflow/.local/lib/python3.7/site-packages/airflow/example_dags/example_complex.py
[2023-08-11T08:01:26.052+0000] {logging_mixin.py:150} INFO - [2023-08-11T08:01:26.051+0000] {dag.py:2742} INFO - Sync 1 DAGs
[2023-08-11T08:01:26.077+0000] {logging_mixin.py:150} INFO - [2023-08-11T08:01:26.076+0000] {dag.py:3508} INFO - Setting next_dagrun for example_complex to None, run_after=None
[2023-08-11T08:01:26.098+0000] {processor.py:179} INFO - Processing /home/airflow/.local/lib/python3.7/site-packages/airflow/example_dags/example_complex.py took 0.099 seconds
[2023-08-11T08:01:56.262+0000] {processor.py:157} INFO - Started process (PID=1233) to work on /home/airflow/.local/lib/python3.7/site-packages/airflow/example_dags/example_complex.py
[2023-08-11T08:01:56.263+0000] {processor.py:826} INFO - Processing file /home/airflow/.local/lib/python3.7/site-packages/airflow/example_dags/example_complex.py for tasks to queue
[2023-08-11T08:01:56.265+0000] {logging_mixin.py:150} INFO - [2023-08-11T08:01:56.265+0000] {dagbag.py:541} INFO - Filling up the DagBag from /home/airflow/.local/lib/python3.7/site-packages/airflow/example_dags/example_complex.py
[2023-08-11T08:01:56.283+0000] {processor.py:836} INFO - DAG(s) dict_keys(['example_complex']) retrieved from /home/airflow/.local/lib/python3.7/site-packages/airflow/example_dags/example_complex.py
[2023-08-11T08:01:56.353+0000] {logging_mixin.py:150} INFO - [2023-08-11T08:01:56.353+0000] {dag.py:2742} INFO - Sync 1 DAGs
[2023-08-11T08:01:56.388+0000] {logging_mixin.py:150} INFO - [2023-08-11T08:01:56.388+0000] {dag.py:3508} INFO - Setting next_dagrun for example_complex to None, run_after=None
[2023-08-11T08:01:56.420+0000] {processor.py:179} INFO - Processing /home/airflow/.local/lib/python3.7/site-packages/airflow/example_dags/example_complex.py took 0.166 seconds
[2023-08-11T08:02:26.467+0000] {processor.py:157} INFO - Started process (PID=1302) to work on /home/airflow/.local/lib/python3.7/site-packages/airflow/example_dags/example_complex.py
[2023-08-11T08:02:26.469+0000] {processor.py:826} INFO - Processing file /home/airflow/.local/lib/python3.7/site-packages/airflow/example_dags/example_complex.py for tasks to queue
[2023-08-11T08:02:26.469+0000] {logging_mixin.py:150} INFO - [2023-08-11T08:02:26.469+0000] {dagbag.py:541} INFO - Filling up the DagBag from /home/airflow/.local/lib/python3.7/site-packages/airflow/example_dags/example_complex.py
[2023-08-11T08:02:26.482+0000] {processor.py:836} INFO - DAG(s) dict_keys(['example_complex']) retrieved from /home/airflow/.local/lib/python3.7/site-packages/airflow/example_dags/example_complex.py
[2023-08-11T08:02:26.523+0000] {logging_mixin.py:150} INFO - [2023-08-11T08:02:26.523+0000] {dag.py:2742} INFO - Sync 1 DAGs
[2023-08-11T08:02:26.557+0000] {logging_mixin.py:150} INFO - [2023-08-11T08:02:26.557+0000] {dag.py:3508} INFO - Setting next_dagrun for example_complex to None, run_after=None
[2023-08-11T08:02:26.585+0000] {processor.py:179} INFO - Processing /home/airflow/.local/lib/python3.7/site-packages/airflow/example_dags/example_complex.py took 0.121 seconds
[2023-08-11T08:02:56.652+0000] {processor.py:157} INFO - Started process (PID=1368) to work on /home/airflow/.local/lib/python3.7/site-packages/airflow/example_dags/example_complex.py
[2023-08-11T08:02:56.654+0000] {processor.py:826} INFO - Processing file /home/airflow/.local/lib/python3.7/site-packages/airflow/example_dags/example_complex.py for tasks to queue
[2023-08-11T08:02:56.656+0000] {logging_mixin.py:150} INFO - [2023-08-11T08:02:56.655+0000] {dagbag.py:541} INFO - Filling up the DagBag from /home/airflow/.local/lib/python3.7/site-packages/airflow/example_dags/example_complex.py
[2023-08-11T08:02:56.674+0000] {processor.py:836} INFO - DAG(s) dict_keys(['example_complex']) retrieved from /home/airflow/.local/lib/python3.7/site-packages/airflow/example_dags/example_complex.py
[2023-08-11T08:02:56.727+0000] {logging_mixin.py:150} INFO - [2023-08-11T08:02:56.727+0000] {dag.py:2742} INFO - Sync 1 DAGs
[2023-08-11T08:02:56.770+0000] {logging_mixin.py:150} INFO - [2023-08-11T08:02:56.770+0000] {dag.py:3508} INFO - Setting next_dagrun for example_complex to None, run_after=None
[2023-08-11T08:02:56.806+0000] {processor.py:179} INFO - Processing /home/airflow/.local/lib/python3.7/site-packages/airflow/example_dags/example_complex.py took 0.159 seconds
[2023-08-11T08:03:27.529+0000] {processor.py:157} INFO - Started process (PID=1435) to work on /home/airflow/.local/lib/python3.7/site-packages/airflow/example_dags/example_complex.py
[2023-08-11T08:03:27.531+0000] {processor.py:826} INFO - Processing file /home/airflow/.local/lib/python3.7/site-packages/airflow/example_dags/example_complex.py for tasks to queue
[2023-08-11T08:03:27.533+0000] {logging_mixin.py:150} INFO - [2023-08-11T08:03:27.533+0000] {dagbag.py:541} INFO - Filling up the DagBag from /home/airflow/.local/lib/python3.7/site-packages/airflow/example_dags/example_complex.py
[2023-08-11T08:03:27.547+0000] {processor.py:836} INFO - DAG(s) dict_keys(['example_complex']) retrieved from /home/airflow/.local/lib/python3.7/site-packages/airflow/example_dags/example_complex.py
[2023-08-11T08:03:27.601+0000] {logging_mixin.py:150} INFO - [2023-08-11T08:03:27.600+0000] {dag.py:2742} INFO - Sync 1 DAGs
[2023-08-11T08:03:27.648+0000] {logging_mixin.py:150} INFO - [2023-08-11T08:03:27.647+0000] {dag.py:3508} INFO - Setting next_dagrun for example_complex to None, run_after=None
[2023-08-11T08:03:27.688+0000] {processor.py:179} INFO - Processing /home/airflow/.local/lib/python3.7/site-packages/airflow/example_dags/example_complex.py took 0.162 seconds
[2023-08-11T08:03:58.112+0000] {processor.py:157} INFO - Started process (PID=1501) to work on /home/airflow/.local/lib/python3.7/site-packages/airflow/example_dags/example_complex.py
[2023-08-11T08:03:58.113+0000] {processor.py:826} INFO - Processing file /home/airflow/.local/lib/python3.7/site-packages/airflow/example_dags/example_complex.py for tasks to queue
[2023-08-11T08:03:58.114+0000] {logging_mixin.py:150} INFO - [2023-08-11T08:03:58.114+0000] {dagbag.py:541} INFO - Filling up the DagBag from /home/airflow/.local/lib/python3.7/site-packages/airflow/example_dags/example_complex.py
[2023-08-11T08:03:58.128+0000] {processor.py:836} INFO - DAG(s) dict_keys(['example_complex']) retrieved from /home/airflow/.local/lib/python3.7/site-packages/airflow/example_dags/example_complex.py
[2023-08-11T08:03:58.175+0000] {logging_mixin.py:150} INFO - [2023-08-11T08:03:58.175+0000] {dag.py:2742} INFO - Sync 1 DAGs
[2023-08-11T08:03:58.213+0000] {logging_mixin.py:150} INFO - [2023-08-11T08:03:58.213+0000] {dag.py:3508} INFO - Setting next_dagrun for example_complex to None, run_after=None
[2023-08-11T08:03:58.247+0000] {processor.py:179} INFO - Processing /home/airflow/.local/lib/python3.7/site-packages/airflow/example_dags/example_complex.py took 0.138 seconds
[2023-08-11T08:04:28.442+0000] {processor.py:157} INFO - Started process (PID=1575) to work on /home/airflow/.local/lib/python3.7/site-packages/airflow/example_dags/example_complex.py
[2023-08-11T08:04:28.443+0000] {processor.py:826} INFO - Processing file /home/airflow/.local/lib/python3.7/site-packages/airflow/example_dags/example_complex.py for tasks to queue
[2023-08-11T08:04:28.444+0000] {logging_mixin.py:150} INFO - [2023-08-11T08:04:28.443+0000] {dagbag.py:541} INFO - Filling up the DagBag from /home/airflow/.local/lib/python3.7/site-packages/airflow/example_dags/example_complex.py
[2023-08-11T08:04:28.454+0000] {processor.py:836} INFO - DAG(s) dict_keys(['example_complex']) retrieved from /home/airflow/.local/lib/python3.7/site-packages/airflow/example_dags/example_complex.py
[2023-08-11T08:04:28.488+0000] {logging_mixin.py:150} INFO - [2023-08-11T08:04:28.488+0000] {dag.py:2742} INFO - Sync 1 DAGs
[2023-08-11T08:04:28.510+0000] {logging_mixin.py:150} INFO - [2023-08-11T08:04:28.510+0000] {dag.py:3508} INFO - Setting next_dagrun for example_complex to None, run_after=None
[2023-08-11T08:04:28.530+0000] {processor.py:179} INFO - Processing /home/airflow/.local/lib/python3.7/site-packages/airflow/example_dags/example_complex.py took 0.091 seconds
[2023-08-11T08:04:59.123+0000] {processor.py:157} INFO - Started process (PID=1641) to work on /home/airflow/.local/lib/python3.7/site-packages/airflow/example_dags/example_complex.py
[2023-08-11T08:04:59.125+0000] {processor.py:826} INFO - Processing file /home/airflow/.local/lib/python3.7/site-packages/airflow/example_dags/example_complex.py for tasks to queue
[2023-08-11T08:04:59.126+0000] {logging_mixin.py:150} INFO - [2023-08-11T08:04:59.126+0000] {dagbag.py:541} INFO - Filling up the DagBag from /home/airflow/.local/lib/python3.7/site-packages/airflow/example_dags/example_complex.py
[2023-08-11T08:04:59.135+0000] {processor.py:836} INFO - DAG(s) dict_keys(['example_complex']) retrieved from /home/airflow/.local/lib/python3.7/site-packages/airflow/example_dags/example_complex.py
[2023-08-11T08:04:59.172+0000] {logging_mixin.py:150} INFO - [2023-08-11T08:04:59.172+0000] {dag.py:2742} INFO - Sync 1 DAGs
[2023-08-11T08:04:59.194+0000] {logging_mixin.py:150} INFO - [2023-08-11T08:04:59.194+0000] {dag.py:3508} INFO - Setting next_dagrun for example_complex to None, run_after=None
[2023-08-11T08:04:59.216+0000] {processor.py:179} INFO - Processing /home/airflow/.local/lib/python3.7/site-packages/airflow/example_dags/example_complex.py took 0.097 seconds
[2023-08-11T08:05:29.592+0000] {processor.py:157} INFO - Started process (PID=1708) to work on /home/airflow/.local/lib/python3.7/site-packages/airflow/example_dags/example_complex.py
[2023-08-11T08:05:29.595+0000] {processor.py:826} INFO - Processing file /home/airflow/.local/lib/python3.7/site-packages/airflow/example_dags/example_complex.py for tasks to queue
[2023-08-11T08:05:29.597+0000] {logging_mixin.py:150} INFO - [2023-08-11T08:05:29.596+0000] {dagbag.py:541} INFO - Filling up the DagBag from /home/airflow/.local/lib/python3.7/site-packages/airflow/example_dags/example_complex.py
[2023-08-11T08:05:29.624+0000] {processor.py:836} INFO - DAG(s) dict_keys(['example_complex']) retrieved from /home/airflow/.local/lib/python3.7/site-packages/airflow/example_dags/example_complex.py
[2023-08-11T08:05:29.708+0000] {logging_mixin.py:150} INFO - [2023-08-11T08:05:29.708+0000] {dag.py:2742} INFO - Sync 1 DAGs
[2023-08-11T08:05:29.771+0000] {logging_mixin.py:150} INFO - [2023-08-11T08:05:29.771+0000] {dag.py:3508} INFO - Setting next_dagrun for example_complex to None, run_after=None
[2023-08-11T08:05:29.826+0000] {processor.py:179} INFO - Processing /home/airflow/.local/lib/python3.7/site-packages/airflow/example_dags/example_complex.py took 0.244 seconds
[2023-08-11T08:06:00.664+0000] {processor.py:157} INFO - Started process (PID=1774) to work on /home/airflow/.local/lib/python3.7/site-packages/airflow/example_dags/example_complex.py
[2023-08-11T08:06:00.665+0000] {processor.py:826} INFO - Processing file /home/airflow/.local/lib/python3.7/site-packages/airflow/example_dags/example_complex.py for tasks to queue
[2023-08-11T08:06:00.665+0000] {logging_mixin.py:150} INFO - [2023-08-11T08:06:00.665+0000] {dagbag.py:541} INFO - Filling up the DagBag from /home/airflow/.local/lib/python3.7/site-packages/airflow/example_dags/example_complex.py
[2023-08-11T08:06:00.676+0000] {processor.py:836} INFO - DAG(s) dict_keys(['example_complex']) retrieved from /home/airflow/.local/lib/python3.7/site-packages/airflow/example_dags/example_complex.py
[2023-08-11T08:06:00.711+0000] {logging_mixin.py:150} INFO - [2023-08-11T08:06:00.711+0000] {dag.py:2742} INFO - Sync 1 DAGs
[2023-08-11T08:06:00.745+0000] {logging_mixin.py:150} INFO - [2023-08-11T08:06:00.744+0000] {dag.py:3508} INFO - Setting next_dagrun for example_complex to None, run_after=None
[2023-08-11T08:06:00.772+0000] {processor.py:179} INFO - Processing /home/airflow/.local/lib/python3.7/site-packages/airflow/example_dags/example_complex.py took 0.110 seconds
[2023-08-11T08:06:31.728+0000] {processor.py:157} INFO - Started process (PID=1845) to work on /home/airflow/.local/lib/python3.7/site-packages/airflow/example_dags/example_complex.py
[2023-08-11T08:06:31.729+0000] {processor.py:826} INFO - Processing file /home/airflow/.local/lib/python3.7/site-packages/airflow/example_dags/example_complex.py for tasks to queue
[2023-08-11T08:06:31.730+0000] {logging_mixin.py:150} INFO - [2023-08-11T08:06:31.729+0000] {dagbag.py:541} INFO - Filling up the DagBag from /home/airflow/.local/lib/python3.7/site-packages/airflow/example_dags/example_complex.py
[2023-08-11T08:06:31.744+0000] {processor.py:836} INFO - DAG(s) dict_keys(['example_complex']) retrieved from /home/airflow/.local/lib/python3.7/site-packages/airflow/example_dags/example_complex.py
[2023-08-11T08:06:31.792+0000] {logging_mixin.py:150} INFO - [2023-08-11T08:06:31.792+0000] {dag.py:2742} INFO - Sync 1 DAGs
[2023-08-11T08:06:31.826+0000] {logging_mixin.py:150} INFO - [2023-08-11T08:06:31.825+0000] {dag.py:3508} INFO - Setting next_dagrun for example_complex to None, run_after=None
[2023-08-11T08:06:31.852+0000] {processor.py:179} INFO - Processing /home/airflow/.local/lib/python3.7/site-packages/airflow/example_dags/example_complex.py took 0.130 seconds
[2023-08-11T08:07:02.623+0000] {processor.py:157} INFO - Started process (PID=1920) to work on /home/airflow/.local/lib/python3.7/site-packages/airflow/example_dags/example_complex.py
[2023-08-11T08:07:02.624+0000] {processor.py:826} INFO - Processing file /home/airflow/.local/lib/python3.7/site-packages/airflow/example_dags/example_complex.py for tasks to queue
[2023-08-11T08:07:02.626+0000] {logging_mixin.py:150} INFO - [2023-08-11T08:07:02.625+0000] {dagbag.py:541} INFO - Filling up the DagBag from /home/airflow/.local/lib/python3.7/site-packages/airflow/example_dags/example_complex.py
[2023-08-11T08:07:02.635+0000] {processor.py:836} INFO - DAG(s) dict_keys(['example_complex']) retrieved from /home/airflow/.local/lib/python3.7/site-packages/airflow/example_dags/example_complex.py
[2023-08-11T08:07:02.670+0000] {logging_mixin.py:150} INFO - [2023-08-11T08:07:02.670+0000] {dag.py:2742} INFO - Sync 1 DAGs
[2023-08-11T08:07:02.696+0000] {logging_mixin.py:150} INFO - [2023-08-11T08:07:02.696+0000] {dag.py:3508} INFO - Setting next_dagrun for example_complex to None, run_after=None
[2023-08-11T08:07:02.719+0000] {processor.py:179} INFO - Processing /home/airflow/.local/lib/python3.7/site-packages/airflow/example_dags/example_complex.py took 0.099 seconds
[2023-08-11T08:07:33.113+0000] {processor.py:157} INFO - Started process (PID=1989) to work on /home/airflow/.local/lib/python3.7/site-packages/airflow/example_dags/example_complex.py
[2023-08-11T08:07:33.114+0000] {processor.py:826} INFO - Processing file /home/airflow/.local/lib/python3.7/site-packages/airflow/example_dags/example_complex.py for tasks to queue
[2023-08-11T08:07:33.115+0000] {logging_mixin.py:150} INFO - [2023-08-11T08:07:33.115+0000] {dagbag.py:541} INFO - Filling up the DagBag from /home/airflow/.local/lib/python3.7/site-packages/airflow/example_dags/example_complex.py
[2023-08-11T08:07:33.125+0000] {processor.py:836} INFO - DAG(s) dict_keys(['example_complex']) retrieved from /home/airflow/.local/lib/python3.7/site-packages/airflow/example_dags/example_complex.py
[2023-08-11T08:07:33.164+0000] {logging_mixin.py:150} INFO - [2023-08-11T08:07:33.163+0000] {dag.py:2742} INFO - Sync 1 DAGs
[2023-08-11T08:07:33.186+0000] {logging_mixin.py:150} INFO - [2023-08-11T08:07:33.185+0000] {dag.py:3508} INFO - Setting next_dagrun for example_complex to None, run_after=None
[2023-08-11T08:07:33.206+0000] {processor.py:179} INFO - Processing /home/airflow/.local/lib/python3.7/site-packages/airflow/example_dags/example_complex.py took 0.095 seconds
[2023-08-11T08:08:03.307+0000] {processor.py:157} INFO - Started process (PID=2055) to work on /home/airflow/.local/lib/python3.7/site-packages/airflow/example_dags/example_complex.py
[2023-08-11T08:08:03.308+0000] {processor.py:826} INFO - Processing file /home/airflow/.local/lib/python3.7/site-packages/airflow/example_dags/example_complex.py for tasks to queue
[2023-08-11T08:08:03.309+0000] {logging_mixin.py:150} INFO - [2023-08-11T08:08:03.309+0000] {dagbag.py:541} INFO - Filling up the DagBag from /home/airflow/.local/lib/python3.7/site-packages/airflow/example_dags/example_complex.py
[2023-08-11T08:08:03.319+0000] {processor.py:836} INFO - DAG(s) dict_keys(['example_complex']) retrieved from /home/airflow/.local/lib/python3.7/site-packages/airflow/example_dags/example_complex.py
[2023-08-11T08:08:03.352+0000] {logging_mixin.py:150} INFO - [2023-08-11T08:08:03.352+0000] {dag.py:2742} INFO - Sync 1 DAGs
[2023-08-11T08:08:03.378+0000] {logging_mixin.py:150} INFO - [2023-08-11T08:08:03.378+0000] {dag.py:3508} INFO - Setting next_dagrun for example_complex to None, run_after=None
[2023-08-11T08:08:03.404+0000] {processor.py:179} INFO - Processing /home/airflow/.local/lib/python3.7/site-packages/airflow/example_dags/example_complex.py took 0.100 seconds
[2023-08-11T08:08:34.027+0000] {processor.py:157} INFO - Started process (PID=2121) to work on /home/airflow/.local/lib/python3.7/site-packages/airflow/example_dags/example_complex.py
[2023-08-11T08:08:34.029+0000] {processor.py:826} INFO - Processing file /home/airflow/.local/lib/python3.7/site-packages/airflow/example_dags/example_complex.py for tasks to queue
[2023-08-11T08:08:34.030+0000] {logging_mixin.py:150} INFO - [2023-08-11T08:08:34.030+0000] {dagbag.py:541} INFO - Filling up the DagBag from /home/airflow/.local/lib/python3.7/site-packages/airflow/example_dags/example_complex.py
[2023-08-11T08:08:34.039+0000] {processor.py:836} INFO - DAG(s) dict_keys(['example_complex']) retrieved from /home/airflow/.local/lib/python3.7/site-packages/airflow/example_dags/example_complex.py
[2023-08-11T08:08:34.072+0000] {logging_mixin.py:150} INFO - [2023-08-11T08:08:34.072+0000] {dag.py:2742} INFO - Sync 1 DAGs
[2023-08-11T08:08:34.095+0000] {logging_mixin.py:150} INFO - [2023-08-11T08:08:34.095+0000] {dag.py:3508} INFO - Setting next_dagrun for example_complex to None, run_after=None
[2023-08-11T08:08:34.115+0000] {processor.py:179} INFO - Processing /home/airflow/.local/lib/python3.7/site-packages/airflow/example_dags/example_complex.py took 0.091 seconds
[2023-08-11T08:09:04.436+0000] {processor.py:157} INFO - Started process (PID=2187) to work on /home/airflow/.local/lib/python3.7/site-packages/airflow/example_dags/example_complex.py
[2023-08-11T08:09:04.436+0000] {processor.py:826} INFO - Processing file /home/airflow/.local/lib/python3.7/site-packages/airflow/example_dags/example_complex.py for tasks to queue
[2023-08-11T08:09:04.437+0000] {logging_mixin.py:150} INFO - [2023-08-11T08:09:04.437+0000] {dagbag.py:541} INFO - Filling up the DagBag from /home/airflow/.local/lib/python3.7/site-packages/airflow/example_dags/example_complex.py
[2023-08-11T08:09:04.447+0000] {processor.py:836} INFO - DAG(s) dict_keys(['example_complex']) retrieved from /home/airflow/.local/lib/python3.7/site-packages/airflow/example_dags/example_complex.py
[2023-08-11T08:09:04.482+0000] {logging_mixin.py:150} INFO - [2023-08-11T08:09:04.482+0000] {dag.py:2742} INFO - Sync 1 DAGs
[2023-08-11T08:09:04.504+0000] {logging_mixin.py:150} INFO - [2023-08-11T08:09:04.504+0000] {dag.py:3508} INFO - Setting next_dagrun for example_complex to None, run_after=None
[2023-08-11T08:09:04.524+0000] {processor.py:179} INFO - Processing /home/airflow/.local/lib/python3.7/site-packages/airflow/example_dags/example_complex.py took 0.092 seconds
[2023-08-11T08:09:34.709+0000] {processor.py:157} INFO - Started process (PID=2253) to work on /home/airflow/.local/lib/python3.7/site-packages/airflow/example_dags/example_complex.py
[2023-08-11T08:09:34.711+0000] {processor.py:826} INFO - Processing file /home/airflow/.local/lib/python3.7/site-packages/airflow/example_dags/example_complex.py for tasks to queue
[2023-08-11T08:09:34.711+0000] {logging_mixin.py:150} INFO - [2023-08-11T08:09:34.711+0000] {dagbag.py:541} INFO - Filling up the DagBag from /home/airflow/.local/lib/python3.7/site-packages/airflow/example_dags/example_complex.py
[2023-08-11T08:09:34.724+0000] {processor.py:836} INFO - DAG(s) dict_keys(['example_complex']) retrieved from /home/airflow/.local/lib/python3.7/site-packages/airflow/example_dags/example_complex.py
[2023-08-11T08:09:34.768+0000] {logging_mixin.py:150} INFO - [2023-08-11T08:09:34.768+0000] {dag.py:2742} INFO - Sync 1 DAGs
[2023-08-11T08:09:34.802+0000] {logging_mixin.py:150} INFO - [2023-08-11T08:09:34.802+0000] {dag.py:3508} INFO - Setting next_dagrun for example_complex to None, run_after=None
[2023-08-11T08:09:34.832+0000] {processor.py:179} INFO - Processing /home/airflow/.local/lib/python3.7/site-packages/airflow/example_dags/example_complex.py took 0.126 seconds
[2023-08-11T08:10:05.692+0000] {processor.py:157} INFO - Started process (PID=2319) to work on /home/airflow/.local/lib/python3.7/site-packages/airflow/example_dags/example_complex.py
[2023-08-11T08:10:05.692+0000] {processor.py:826} INFO - Processing file /home/airflow/.local/lib/python3.7/site-packages/airflow/example_dags/example_complex.py for tasks to queue
[2023-08-11T08:10:05.693+0000] {logging_mixin.py:150} INFO - [2023-08-11T08:10:05.693+0000] {dagbag.py:541} INFO - Filling up the DagBag from /home/airflow/.local/lib/python3.7/site-packages/airflow/example_dags/example_complex.py
[2023-08-11T08:10:05.705+0000] {processor.py:836} INFO - DAG(s) dict_keys(['example_complex']) retrieved from /home/airflow/.local/lib/python3.7/site-packages/airflow/example_dags/example_complex.py
[2023-08-11T08:10:05.741+0000] {logging_mixin.py:150} INFO - [2023-08-11T08:10:05.741+0000] {dag.py:2742} INFO - Sync 1 DAGs
[2023-08-11T08:10:05.764+0000] {logging_mixin.py:150} INFO - [2023-08-11T08:10:05.764+0000] {dag.py:3508} INFO - Setting next_dagrun for example_complex to None, run_after=None
[2023-08-11T08:10:05.787+0000] {processor.py:179} INFO - Processing /home/airflow/.local/lib/python3.7/site-packages/airflow/example_dags/example_complex.py took 0.098 seconds
[2023-08-11T08:10:36.195+0000] {processor.py:157} INFO - Started process (PID=2385) to work on /home/airflow/.local/lib/python3.7/site-packages/airflow/example_dags/example_complex.py
[2023-08-11T08:10:36.197+0000] {processor.py:826} INFO - Processing file /home/airflow/.local/lib/python3.7/site-packages/airflow/example_dags/example_complex.py for tasks to queue
[2023-08-11T08:10:36.197+0000] {logging_mixin.py:150} INFO - [2023-08-11T08:10:36.197+0000] {dagbag.py:541} INFO - Filling up the DagBag from /home/airflow/.local/lib/python3.7/site-packages/airflow/example_dags/example_complex.py
[2023-08-11T08:10:36.209+0000] {processor.py:836} INFO - DAG(s) dict_keys(['example_complex']) retrieved from /home/airflow/.local/lib/python3.7/site-packages/airflow/example_dags/example_complex.py
[2023-08-11T08:10:36.243+0000] {logging_mixin.py:150} INFO - [2023-08-11T08:10:36.243+0000] {dag.py:2742} INFO - Sync 1 DAGs
[2023-08-11T08:10:36.266+0000] {logging_mixin.py:150} INFO - [2023-08-11T08:10:36.266+0000] {dag.py:3508} INFO - Setting next_dagrun for example_complex to None, run_after=None
[2023-08-11T08:10:36.288+0000] {processor.py:179} INFO - Processing /home/airflow/.local/lib/python3.7/site-packages/airflow/example_dags/example_complex.py took 0.096 seconds
[2023-08-11T08:11:06.513+0000] {processor.py:157} INFO - Started process (PID=2452) to work on /home/airflow/.local/lib/python3.7/site-packages/airflow/example_dags/example_complex.py
[2023-08-11T08:11:06.514+0000] {processor.py:826} INFO - Processing file /home/airflow/.local/lib/python3.7/site-packages/airflow/example_dags/example_complex.py for tasks to queue
[2023-08-11T08:11:06.514+0000] {logging_mixin.py:150} INFO - [2023-08-11T08:11:06.514+0000] {dagbag.py:541} INFO - Filling up the DagBag from /home/airflow/.local/lib/python3.7/site-packages/airflow/example_dags/example_complex.py
[2023-08-11T08:11:06.525+0000] {processor.py:836} INFO - DAG(s) dict_keys(['example_complex']) retrieved from /home/airflow/.local/lib/python3.7/site-packages/airflow/example_dags/example_complex.py
[2023-08-11T08:11:06.560+0000] {logging_mixin.py:150} INFO - [2023-08-11T08:11:06.560+0000] {dag.py:2742} INFO - Sync 1 DAGs
[2023-08-11T08:11:06.587+0000] {logging_mixin.py:150} INFO - [2023-08-11T08:11:06.587+0000] {dag.py:3508} INFO - Setting next_dagrun for example_complex to None, run_after=None
[2023-08-11T08:11:06.609+0000] {processor.py:179} INFO - Processing /home/airflow/.local/lib/python3.7/site-packages/airflow/example_dags/example_complex.py took 0.099 seconds
[2023-08-11T08:11:37.232+0000] {processor.py:157} INFO - Started process (PID=2518) to work on /home/airflow/.local/lib/python3.7/site-packages/airflow/example_dags/example_complex.py
[2023-08-11T08:11:37.233+0000] {processor.py:826} INFO - Processing file /home/airflow/.local/lib/python3.7/site-packages/airflow/example_dags/example_complex.py for tasks to queue
[2023-08-11T08:11:37.234+0000] {logging_mixin.py:150} INFO - [2023-08-11T08:11:37.234+0000] {dagbag.py:541} INFO - Filling up the DagBag from /home/airflow/.local/lib/python3.7/site-packages/airflow/example_dags/example_complex.py
[2023-08-11T08:11:37.245+0000] {processor.py:836} INFO - DAG(s) dict_keys(['example_complex']) retrieved from /home/airflow/.local/lib/python3.7/site-packages/airflow/example_dags/example_complex.py
[2023-08-11T08:11:37.278+0000] {logging_mixin.py:150} INFO - [2023-08-11T08:11:37.278+0000] {dag.py:2742} INFO - Sync 1 DAGs
[2023-08-11T08:11:37.300+0000] {logging_mixin.py:150} INFO - [2023-08-11T08:11:37.300+0000] {dag.py:3508} INFO - Setting next_dagrun for example_complex to None, run_after=None
[2023-08-11T08:11:37.324+0000] {processor.py:179} INFO - Processing /home/airflow/.local/lib/python3.7/site-packages/airflow/example_dags/example_complex.py took 0.094 seconds
[2023-08-11T08:12:07.794+0000] {processor.py:157} INFO - Started process (PID=2584) to work on /home/airflow/.local/lib/python3.7/site-packages/airflow/example_dags/example_complex.py
[2023-08-11T08:12:07.795+0000] {processor.py:826} INFO - Processing file /home/airflow/.local/lib/python3.7/site-packages/airflow/example_dags/example_complex.py for tasks to queue
[2023-08-11T08:12:07.795+0000] {logging_mixin.py:150} INFO - [2023-08-11T08:12:07.795+0000] {dagbag.py:541} INFO - Filling up the DagBag from /home/airflow/.local/lib/python3.7/site-packages/airflow/example_dags/example_complex.py
[2023-08-11T08:12:07.806+0000] {processor.py:836} INFO - DAG(s) dict_keys(['example_complex']) retrieved from /home/airflow/.local/lib/python3.7/site-packages/airflow/example_dags/example_complex.py
[2023-08-11T08:12:07.840+0000] {logging_mixin.py:150} INFO - [2023-08-11T08:12:07.840+0000] {dag.py:2742} INFO - Sync 1 DAGs
[2023-08-11T08:12:07.865+0000] {logging_mixin.py:150} INFO - [2023-08-11T08:12:07.865+0000] {dag.py:3508} INFO - Setting next_dagrun for example_complex to None, run_after=None
[2023-08-11T08:12:07.886+0000] {processor.py:179} INFO - Processing /home/airflow/.local/lib/python3.7/site-packages/airflow/example_dags/example_complex.py took 0.095 seconds
[2023-08-11T08:12:38.096+0000] {processor.py:157} INFO - Started process (PID=2650) to work on /home/airflow/.local/lib/python3.7/site-packages/airflow/example_dags/example_complex.py
[2023-08-11T08:12:38.098+0000] {processor.py:826} INFO - Processing file /home/airflow/.local/lib/python3.7/site-packages/airflow/example_dags/example_complex.py for tasks to queue
[2023-08-11T08:12:38.098+0000] {logging_mixin.py:150} INFO - [2023-08-11T08:12:38.098+0000] {dagbag.py:541} INFO - Filling up the DagBag from /home/airflow/.local/lib/python3.7/site-packages/airflow/example_dags/example_complex.py
[2023-08-11T08:12:38.113+0000] {processor.py:836} INFO - DAG(s) dict_keys(['example_complex']) retrieved from /home/airflow/.local/lib/python3.7/site-packages/airflow/example_dags/example_complex.py
[2023-08-11T08:12:38.156+0000] {logging_mixin.py:150} INFO - [2023-08-11T08:12:38.156+0000] {dag.py:2742} INFO - Sync 1 DAGs
[2023-08-11T08:12:38.187+0000] {logging_mixin.py:150} INFO - [2023-08-11T08:12:38.186+0000] {dag.py:3508} INFO - Setting next_dagrun for example_complex to None, run_after=None
[2023-08-11T08:12:38.217+0000] {processor.py:179} INFO - Processing /home/airflow/.local/lib/python3.7/site-packages/airflow/example_dags/example_complex.py took 0.125 seconds
[2023-08-11T08:13:08.415+0000] {processor.py:157} INFO - Started process (PID=2716) to work on /home/airflow/.local/lib/python3.7/site-packages/airflow/example_dags/example_complex.py
[2023-08-11T08:13:08.415+0000] {processor.py:826} INFO - Processing file /home/airflow/.local/lib/python3.7/site-packages/airflow/example_dags/example_complex.py for tasks to queue
[2023-08-11T08:13:08.416+0000] {logging_mixin.py:150} INFO - [2023-08-11T08:13:08.416+0000] {dagbag.py:541} INFO - Filling up the DagBag from /home/airflow/.local/lib/python3.7/site-packages/airflow/example_dags/example_complex.py
[2023-08-11T08:13:08.428+0000] {processor.py:836} INFO - DAG(s) dict_keys(['example_complex']) retrieved from /home/airflow/.local/lib/python3.7/site-packages/airflow/example_dags/example_complex.py
[2023-08-11T08:13:08.471+0000] {logging_mixin.py:150} INFO - [2023-08-11T08:13:08.470+0000] {dag.py:2742} INFO - Sync 1 DAGs
[2023-08-11T08:13:08.500+0000] {logging_mixin.py:150} INFO - [2023-08-11T08:13:08.500+0000] {dag.py:3508} INFO - Setting next_dagrun for example_complex to None, run_after=None
[2023-08-11T08:13:08.526+0000] {processor.py:179} INFO - Processing /home/airflow/.local/lib/python3.7/site-packages/airflow/example_dags/example_complex.py took 0.114 seconds
[2023-08-11T08:13:39.420+0000] {processor.py:157} INFO - Started process (PID=2782) to work on /home/airflow/.local/lib/python3.7/site-packages/airflow/example_dags/example_complex.py
[2023-08-11T08:13:39.422+0000] {processor.py:826} INFO - Processing file /home/airflow/.local/lib/python3.7/site-packages/airflow/example_dags/example_complex.py for tasks to queue
[2023-08-11T08:13:39.422+0000] {logging_mixin.py:150} INFO - [2023-08-11T08:13:39.422+0000] {dagbag.py:541} INFO - Filling up the DagBag from /home/airflow/.local/lib/python3.7/site-packages/airflow/example_dags/example_complex.py
[2023-08-11T08:13:39.436+0000] {processor.py:836} INFO - DAG(s) dict_keys(['example_complex']) retrieved from /home/airflow/.local/lib/python3.7/site-packages/airflow/example_dags/example_complex.py
[2023-08-11T08:13:39.485+0000] {logging_mixin.py:150} INFO - [2023-08-11T08:13:39.485+0000] {dag.py:2742} INFO - Sync 1 DAGs
[2023-08-11T08:13:39.518+0000] {logging_mixin.py:150} INFO - [2023-08-11T08:13:39.518+0000] {dag.py:3508} INFO - Setting next_dagrun for example_complex to None, run_after=None
[2023-08-11T08:13:39.548+0000] {processor.py:179} INFO - Processing /home/airflow/.local/lib/python3.7/site-packages/airflow/example_dags/example_complex.py took 0.131 seconds
[2023-08-11T08:14:09.578+0000] {processor.py:157} INFO - Started process (PID=2848) to work on /home/airflow/.local/lib/python3.7/site-packages/airflow/example_dags/example_complex.py
[2023-08-11T08:14:09.579+0000] {processor.py:826} INFO - Processing file /home/airflow/.local/lib/python3.7/site-packages/airflow/example_dags/example_complex.py for tasks to queue
[2023-08-11T08:14:09.580+0000] {logging_mixin.py:150} INFO - [2023-08-11T08:14:09.580+0000] {dagbag.py:541} INFO - Filling up the DagBag from /home/airflow/.local/lib/python3.7/site-packages/airflow/example_dags/example_complex.py
[2023-08-11T08:14:09.592+0000] {processor.py:836} INFO - DAG(s) dict_keys(['example_complex']) retrieved from /home/airflow/.local/lib/python3.7/site-packages/airflow/example_dags/example_complex.py
[2023-08-11T08:14:09.631+0000] {logging_mixin.py:150} INFO - [2023-08-11T08:14:09.631+0000] {dag.py:2742} INFO - Sync 1 DAGs
[2023-08-11T08:14:09.657+0000] {logging_mixin.py:150} INFO - [2023-08-11T08:14:09.657+0000] {dag.py:3508} INFO - Setting next_dagrun for example_complex to None, run_after=None
[2023-08-11T08:14:09.685+0000] {processor.py:179} INFO - Processing /home/airflow/.local/lib/python3.7/site-packages/airflow/example_dags/example_complex.py took 0.110 seconds
[2023-08-11T08:14:39.716+0000] {processor.py:157} INFO - Started process (PID=2914) to work on /home/airflow/.local/lib/python3.7/site-packages/airflow/example_dags/example_complex.py
[2023-08-11T08:14:39.717+0000] {processor.py:826} INFO - Processing file /home/airflow/.local/lib/python3.7/site-packages/airflow/example_dags/example_complex.py for tasks to queue
[2023-08-11T08:14:39.718+0000] {logging_mixin.py:150} INFO - [2023-08-11T08:14:39.718+0000] {dagbag.py:541} INFO - Filling up the DagBag from /home/airflow/.local/lib/python3.7/site-packages/airflow/example_dags/example_complex.py
[2023-08-11T08:14:39.727+0000] {processor.py:836} INFO - DAG(s) dict_keys(['example_complex']) retrieved from /home/airflow/.local/lib/python3.7/site-packages/airflow/example_dags/example_complex.py
[2023-08-11T08:14:39.763+0000] {logging_mixin.py:150} INFO - [2023-08-11T08:14:39.763+0000] {dag.py:2742} INFO - Sync 1 DAGs
[2023-08-11T08:14:39.788+0000] {logging_mixin.py:150} INFO - [2023-08-11T08:14:39.788+0000] {dag.py:3508} INFO - Setting next_dagrun for example_complex to None, run_after=None
[2023-08-11T08:14:39.813+0000] {processor.py:179} INFO - Processing /home/airflow/.local/lib/python3.7/site-packages/airflow/example_dags/example_complex.py took 0.101 seconds
[2023-08-11T08:15:10.426+0000] {processor.py:157} INFO - Started process (PID=2981) to work on /home/airflow/.local/lib/python3.7/site-packages/airflow/example_dags/example_complex.py
[2023-08-11T08:15:10.427+0000] {processor.py:826} INFO - Processing file /home/airflow/.local/lib/python3.7/site-packages/airflow/example_dags/example_complex.py for tasks to queue
[2023-08-11T08:15:10.427+0000] {logging_mixin.py:150} INFO - [2023-08-11T08:15:10.427+0000] {dagbag.py:541} INFO - Filling up the DagBag from /home/airflow/.local/lib/python3.7/site-packages/airflow/example_dags/example_complex.py
[2023-08-11T08:15:10.438+0000] {processor.py:836} INFO - DAG(s) dict_keys(['example_complex']) retrieved from /home/airflow/.local/lib/python3.7/site-packages/airflow/example_dags/example_complex.py
[2023-08-11T08:15:10.475+0000] {logging_mixin.py:150} INFO - [2023-08-11T08:15:10.475+0000] {dag.py:2742} INFO - Sync 1 DAGs
[2023-08-11T08:15:10.502+0000] {logging_mixin.py:150} INFO - [2023-08-11T08:15:10.501+0000] {dag.py:3508} INFO - Setting next_dagrun for example_complex to None, run_after=None
[2023-08-11T08:15:10.522+0000] {processor.py:179} INFO - Processing /home/airflow/.local/lib/python3.7/site-packages/airflow/example_dags/example_complex.py took 0.099 seconds
[2023-08-11T08:15:40.805+0000] {processor.py:157} INFO - Started process (PID=3048) to work on /home/airflow/.local/lib/python3.7/site-packages/airflow/example_dags/example_complex.py
[2023-08-11T08:15:40.806+0000] {processor.py:826} INFO - Processing file /home/airflow/.local/lib/python3.7/site-packages/airflow/example_dags/example_complex.py for tasks to queue
[2023-08-11T08:15:40.807+0000] {logging_mixin.py:150} INFO - [2023-08-11T08:15:40.806+0000] {dagbag.py:541} INFO - Filling up the DagBag from /home/airflow/.local/lib/python3.7/site-packages/airflow/example_dags/example_complex.py
[2023-08-11T08:15:40.819+0000] {processor.py:836} INFO - DAG(s) dict_keys(['example_complex']) retrieved from /home/airflow/.local/lib/python3.7/site-packages/airflow/example_dags/example_complex.py
[2023-08-11T08:15:40.850+0000] {logging_mixin.py:150} INFO - [2023-08-11T08:15:40.849+0000] {dag.py:2742} INFO - Sync 1 DAGs
[2023-08-11T08:15:40.874+0000] {logging_mixin.py:150} INFO - [2023-08-11T08:15:40.874+0000] {dag.py:3508} INFO - Setting next_dagrun for example_complex to None, run_after=None
[2023-08-11T08:15:40.896+0000] {processor.py:179} INFO - Processing /home/airflow/.local/lib/python3.7/site-packages/airflow/example_dags/example_complex.py took 0.095 seconds
[2023-08-11T08:16:11.108+0000] {processor.py:157} INFO - Started process (PID=3114) to work on /home/airflow/.local/lib/python3.7/site-packages/airflow/example_dags/example_complex.py
[2023-08-11T08:16:11.109+0000] {processor.py:826} INFO - Processing file /home/airflow/.local/lib/python3.7/site-packages/airflow/example_dags/example_complex.py for tasks to queue
[2023-08-11T08:16:11.109+0000] {logging_mixin.py:150} INFO - [2023-08-11T08:16:11.109+0000] {dagbag.py:541} INFO - Filling up the DagBag from /home/airflow/.local/lib/python3.7/site-packages/airflow/example_dags/example_complex.py
[2023-08-11T08:16:11.121+0000] {processor.py:836} INFO - DAG(s) dict_keys(['example_complex']) retrieved from /home/airflow/.local/lib/python3.7/site-packages/airflow/example_dags/example_complex.py
[2023-08-11T08:16:11.157+0000] {logging_mixin.py:150} INFO - [2023-08-11T08:16:11.156+0000] {dag.py:2742} INFO - Sync 1 DAGs
[2023-08-11T08:16:11.181+0000] {logging_mixin.py:150} INFO - [2023-08-11T08:16:11.181+0000] {dag.py:3508} INFO - Setting next_dagrun for example_complex to None, run_after=None
[2023-08-11T08:16:11.205+0000] {processor.py:179} INFO - Processing /home/airflow/.local/lib/python3.7/site-packages/airflow/example_dags/example_complex.py took 0.100 seconds
[2023-08-11T08:16:41.886+0000] {processor.py:157} INFO - Started process (PID=3183) to work on /home/airflow/.local/lib/python3.7/site-packages/airflow/example_dags/example_complex.py
[2023-08-11T08:16:41.888+0000] {processor.py:826} INFO - Processing file /home/airflow/.local/lib/python3.7/site-packages/airflow/example_dags/example_complex.py for tasks to queue
[2023-08-11T08:16:41.889+0000] {logging_mixin.py:150} INFO - [2023-08-11T08:16:41.889+0000] {dagbag.py:541} INFO - Filling up the DagBag from /home/airflow/.local/lib/python3.7/site-packages/airflow/example_dags/example_complex.py
[2023-08-11T08:16:41.899+0000] {processor.py:836} INFO - DAG(s) dict_keys(['example_complex']) retrieved from /home/airflow/.local/lib/python3.7/site-packages/airflow/example_dags/example_complex.py
[2023-08-11T08:16:41.933+0000] {logging_mixin.py:150} INFO - [2023-08-11T08:16:41.933+0000] {dag.py:2742} INFO - Sync 1 DAGs
[2023-08-11T08:16:41.959+0000] {logging_mixin.py:150} INFO - [2023-08-11T08:16:41.959+0000] {dag.py:3508} INFO - Setting next_dagrun for example_complex to None, run_after=None
[2023-08-11T08:16:41.980+0000] {processor.py:179} INFO - Processing /home/airflow/.local/lib/python3.7/site-packages/airflow/example_dags/example_complex.py took 0.097 seconds
[2023-08-11T08:17:12.210+0000] {processor.py:157} INFO - Started process (PID=3249) to work on /home/airflow/.local/lib/python3.7/site-packages/airflow/example_dags/example_complex.py
[2023-08-11T08:17:12.211+0000] {processor.py:826} INFO - Processing file /home/airflow/.local/lib/python3.7/site-packages/airflow/example_dags/example_complex.py for tasks to queue
[2023-08-11T08:17:12.212+0000] {logging_mixin.py:150} INFO - [2023-08-11T08:17:12.212+0000] {dagbag.py:541} INFO - Filling up the DagBag from /home/airflow/.local/lib/python3.7/site-packages/airflow/example_dags/example_complex.py
[2023-08-11T08:17:12.230+0000] {processor.py:836} INFO - DAG(s) dict_keys(['example_complex']) retrieved from /home/airflow/.local/lib/python3.7/site-packages/airflow/example_dags/example_complex.py
[2023-08-11T08:17:12.272+0000] {logging_mixin.py:150} INFO - [2023-08-11T08:17:12.272+0000] {dag.py:2742} INFO - Sync 1 DAGs
[2023-08-11T08:17:12.306+0000] {logging_mixin.py:150} INFO - [2023-08-11T08:17:12.306+0000] {dag.py:3508} INFO - Setting next_dagrun for example_complex to None, run_after=None
[2023-08-11T08:17:12.335+0000] {processor.py:179} INFO - Processing /home/airflow/.local/lib/python3.7/site-packages/airflow/example_dags/example_complex.py took 0.131 seconds
[2023-08-11T08:17:42.853+0000] {processor.py:157} INFO - Started process (PID=3334) to work on /home/airflow/.local/lib/python3.7/site-packages/airflow/example_dags/example_complex.py
[2023-08-11T08:17:42.854+0000] {processor.py:826} INFO - Processing file /home/airflow/.local/lib/python3.7/site-packages/airflow/example_dags/example_complex.py for tasks to queue
[2023-08-11T08:17:42.855+0000] {logging_mixin.py:150} INFO - [2023-08-11T08:17:42.855+0000] {dagbag.py:541} INFO - Filling up the DagBag from /home/airflow/.local/lib/python3.7/site-packages/airflow/example_dags/example_complex.py
[2023-08-11T08:17:42.868+0000] {processor.py:836} INFO - DAG(s) dict_keys(['example_complex']) retrieved from /home/airflow/.local/lib/python3.7/site-packages/airflow/example_dags/example_complex.py
[2023-08-11T08:17:42.931+0000] {logging_mixin.py:150} INFO - [2023-08-11T08:17:42.931+0000] {dag.py:2742} INFO - Sync 1 DAGs
[2023-08-11T08:17:42.965+0000] {logging_mixin.py:150} INFO - [2023-08-11T08:17:42.965+0000] {dag.py:3508} INFO - Setting next_dagrun for example_complex to None, run_after=None
[2023-08-11T08:17:42.993+0000] {processor.py:179} INFO - Processing /home/airflow/.local/lib/python3.7/site-packages/airflow/example_dags/example_complex.py took 0.144 seconds
[2023-08-11T08:18:13.535+0000] {processor.py:157} INFO - Started process (PID=3405) to work on /home/airflow/.local/lib/python3.7/site-packages/airflow/example_dags/example_complex.py
[2023-08-11T08:18:13.536+0000] {processor.py:826} INFO - Processing file /home/airflow/.local/lib/python3.7/site-packages/airflow/example_dags/example_complex.py for tasks to queue
[2023-08-11T08:18:13.537+0000] {logging_mixin.py:150} INFO - [2023-08-11T08:18:13.537+0000] {dagbag.py:541} INFO - Filling up the DagBag from /home/airflow/.local/lib/python3.7/site-packages/airflow/example_dags/example_complex.py
[2023-08-11T08:18:13.549+0000] {processor.py:836} INFO - DAG(s) dict_keys(['example_complex']) retrieved from /home/airflow/.local/lib/python3.7/site-packages/airflow/example_dags/example_complex.py
[2023-08-11T08:18:13.585+0000] {logging_mixin.py:150} INFO - [2023-08-11T08:18:13.585+0000] {dag.py:2742} INFO - Sync 1 DAGs
[2023-08-11T08:18:13.606+0000] {logging_mixin.py:150} INFO - [2023-08-11T08:18:13.606+0000] {dag.py:3508} INFO - Setting next_dagrun for example_complex to None, run_after=None
[2023-08-11T08:18:13.630+0000] {processor.py:179} INFO - Processing /home/airflow/.local/lib/python3.7/site-packages/airflow/example_dags/example_complex.py took 0.098 seconds
[2023-08-11T08:18:45.440+0000] {processor.py:157} INFO - Started process (PID=3490) to work on /home/airflow/.local/lib/python3.7/site-packages/airflow/example_dags/example_complex.py
[2023-08-11T08:18:45.443+0000] {processor.py:826} INFO - Processing file /home/airflow/.local/lib/python3.7/site-packages/airflow/example_dags/example_complex.py for tasks to queue
[2023-08-11T08:18:45.449+0000] {logging_mixin.py:150} INFO - [2023-08-11T08:18:45.448+0000] {dagbag.py:541} INFO - Filling up the DagBag from /home/airflow/.local/lib/python3.7/site-packages/airflow/example_dags/example_complex.py
[2023-08-11T08:18:45.489+0000] {processor.py:836} INFO - DAG(s) dict_keys(['example_complex']) retrieved from /home/airflow/.local/lib/python3.7/site-packages/airflow/example_dags/example_complex.py
[2023-08-11T08:18:45.793+0000] {logging_mixin.py:150} INFO - [2023-08-11T08:18:45.792+0000] {dag.py:2742} INFO - Sync 1 DAGs
[2023-08-11T08:18:45.913+0000] {logging_mixin.py:150} INFO - [2023-08-11T08:18:45.912+0000] {dag.py:3508} INFO - Setting next_dagrun for example_complex to None, run_after=None
[2023-08-11T08:18:46.033+0000] {processor.py:179} INFO - Processing /home/airflow/.local/lib/python3.7/site-packages/airflow/example_dags/example_complex.py took 0.657 seconds
[2023-08-11T08:19:16.343+0000] {processor.py:157} INFO - Started process (PID=3569) to work on /home/airflow/.local/lib/python3.7/site-packages/airflow/example_dags/example_complex.py
[2023-08-11T08:19:16.345+0000] {processor.py:826} INFO - Processing file /home/airflow/.local/lib/python3.7/site-packages/airflow/example_dags/example_complex.py for tasks to queue
[2023-08-11T08:19:16.347+0000] {logging_mixin.py:150} INFO - [2023-08-11T08:19:16.346+0000] {dagbag.py:541} INFO - Filling up the DagBag from /home/airflow/.local/lib/python3.7/site-packages/airflow/example_dags/example_complex.py
[2023-08-11T08:19:16.357+0000] {processor.py:836} INFO - DAG(s) dict_keys(['example_complex']) retrieved from /home/airflow/.local/lib/python3.7/site-packages/airflow/example_dags/example_complex.py
[2023-08-11T08:19:16.391+0000] {logging_mixin.py:150} INFO - [2023-08-11T08:19:16.391+0000] {dag.py:2742} INFO - Sync 1 DAGs
[2023-08-11T08:19:16.416+0000] {logging_mixin.py:150} INFO - [2023-08-11T08:19:16.416+0000] {dag.py:3508} INFO - Setting next_dagrun for example_complex to None, run_after=None
[2023-08-11T08:19:16.437+0000] {processor.py:179} INFO - Processing /home/airflow/.local/lib/python3.7/site-packages/airflow/example_dags/example_complex.py took 0.097 seconds
[2023-08-11T08:19:46.885+0000] {processor.py:157} INFO - Started process (PID=3647) to work on /home/airflow/.local/lib/python3.7/site-packages/airflow/example_dags/example_complex.py
[2023-08-11T08:19:46.885+0000] {processor.py:826} INFO - Processing file /home/airflow/.local/lib/python3.7/site-packages/airflow/example_dags/example_complex.py for tasks to queue
[2023-08-11T08:19:46.887+0000] {logging_mixin.py:150} INFO - [2023-08-11T08:19:46.886+0000] {dagbag.py:541} INFO - Filling up the DagBag from /home/airflow/.local/lib/python3.7/site-packages/airflow/example_dags/example_complex.py
[2023-08-11T08:19:46.901+0000] {processor.py:836} INFO - DAG(s) dict_keys(['example_complex']) retrieved from /home/airflow/.local/lib/python3.7/site-packages/airflow/example_dags/example_complex.py
[2023-08-11T08:19:46.955+0000] {logging_mixin.py:150} INFO - [2023-08-11T08:19:46.955+0000] {dag.py:2742} INFO - Sync 1 DAGs
[2023-08-11T08:19:46.988+0000] {logging_mixin.py:150} INFO - [2023-08-11T08:19:46.987+0000] {dag.py:3508} INFO - Setting next_dagrun for example_complex to None, run_after=None
[2023-08-11T08:19:47.016+0000] {processor.py:179} INFO - Processing /home/airflow/.local/lib/python3.7/site-packages/airflow/example_dags/example_complex.py took 0.135 seconds
[2023-08-11T08:20:17.555+0000] {processor.py:157} INFO - Started process (PID=3732) to work on /home/airflow/.local/lib/python3.7/site-packages/airflow/example_dags/example_complex.py
[2023-08-11T08:20:17.557+0000] {processor.py:826} INFO - Processing file /home/airflow/.local/lib/python3.7/site-packages/airflow/example_dags/example_complex.py for tasks to queue
[2023-08-11T08:20:17.559+0000] {logging_mixin.py:150} INFO - [2023-08-11T08:20:17.558+0000] {dagbag.py:541} INFO - Filling up the DagBag from /home/airflow/.local/lib/python3.7/site-packages/airflow/example_dags/example_complex.py
[2023-08-11T08:20:17.578+0000] {processor.py:836} INFO - DAG(s) dict_keys(['example_complex']) retrieved from /home/airflow/.local/lib/python3.7/site-packages/airflow/example_dags/example_complex.py
[2023-08-11T08:20:17.647+0000] {logging_mixin.py:150} INFO - [2023-08-11T08:20:17.646+0000] {dag.py:2742} INFO - Sync 1 DAGs
[2023-08-11T08:20:17.701+0000] {logging_mixin.py:150} INFO - [2023-08-11T08:20:17.701+0000] {dag.py:3508} INFO - Setting next_dagrun for example_complex to None, run_after=None
[2023-08-11T08:20:17.757+0000] {processor.py:179} INFO - Processing /home/airflow/.local/lib/python3.7/site-packages/airflow/example_dags/example_complex.py took 0.206 seconds
[2023-08-11T08:20:47.800+0000] {processor.py:157} INFO - Started process (PID=3823) to work on /home/airflow/.local/lib/python3.7/site-packages/airflow/example_dags/example_complex.py
[2023-08-11T08:20:47.801+0000] {processor.py:826} INFO - Processing file /home/airflow/.local/lib/python3.7/site-packages/airflow/example_dags/example_complex.py for tasks to queue
[2023-08-11T08:20:47.803+0000] {logging_mixin.py:150} INFO - [2023-08-11T08:20:47.802+0000] {dagbag.py:541} INFO - Filling up the DagBag from /home/airflow/.local/lib/python3.7/site-packages/airflow/example_dags/example_complex.py
[2023-08-11T08:20:47.824+0000] {processor.py:836} INFO - DAG(s) dict_keys(['example_complex']) retrieved from /home/airflow/.local/lib/python3.7/site-packages/airflow/example_dags/example_complex.py
[2023-08-11T08:20:47.885+0000] {logging_mixin.py:150} INFO - [2023-08-11T08:20:47.885+0000] {dag.py:2742} INFO - Sync 1 DAGs
[2023-08-11T08:20:47.924+0000] {logging_mixin.py:150} INFO - [2023-08-11T08:20:47.924+0000] {dag.py:3508} INFO - Setting next_dagrun for example_complex to None, run_after=None
[2023-08-11T08:20:47.961+0000] {processor.py:179} INFO - Processing /home/airflow/.local/lib/python3.7/site-packages/airflow/example_dags/example_complex.py took 0.167 seconds
[2023-08-11T08:21:18.009+0000] {processor.py:157} INFO - Started process (PID=3900) to work on /home/airflow/.local/lib/python3.7/site-packages/airflow/example_dags/example_complex.py
[2023-08-11T08:21:18.011+0000] {processor.py:826} INFO - Processing file /home/airflow/.local/lib/python3.7/site-packages/airflow/example_dags/example_complex.py for tasks to queue
[2023-08-11T08:21:18.011+0000] {logging_mixin.py:150} INFO - [2023-08-11T08:21:18.011+0000] {dagbag.py:541} INFO - Filling up the DagBag from /home/airflow/.local/lib/python3.7/site-packages/airflow/example_dags/example_complex.py
[2023-08-11T08:21:18.025+0000] {processor.py:836} INFO - DAG(s) dict_keys(['example_complex']) retrieved from /home/airflow/.local/lib/python3.7/site-packages/airflow/example_dags/example_complex.py
[2023-08-11T08:21:18.059+0000] {logging_mixin.py:150} INFO - [2023-08-11T08:21:18.058+0000] {dag.py:2742} INFO - Sync 1 DAGs
[2023-08-11T08:21:18.082+0000] {logging_mixin.py:150} INFO - [2023-08-11T08:21:18.082+0000] {dag.py:3508} INFO - Setting next_dagrun for example_complex to None, run_after=None
[2023-08-11T08:21:18.106+0000] {processor.py:179} INFO - Processing /home/airflow/.local/lib/python3.7/site-packages/airflow/example_dags/example_complex.py took 0.100 seconds
[2023-08-11T08:21:48.317+0000] {processor.py:157} INFO - Started process (PID=3991) to work on /home/airflow/.local/lib/python3.7/site-packages/airflow/example_dags/example_complex.py
[2023-08-11T08:21:48.319+0000] {processor.py:826} INFO - Processing file /home/airflow/.local/lib/python3.7/site-packages/airflow/example_dags/example_complex.py for tasks to queue
[2023-08-11T08:21:48.320+0000] {logging_mixin.py:150} INFO - [2023-08-11T08:21:48.320+0000] {dagbag.py:541} INFO - Filling up the DagBag from /home/airflow/.local/lib/python3.7/site-packages/airflow/example_dags/example_complex.py
[2023-08-11T08:21:48.330+0000] {processor.py:836} INFO - DAG(s) dict_keys(['example_complex']) retrieved from /home/airflow/.local/lib/python3.7/site-packages/airflow/example_dags/example_complex.py
[2023-08-11T08:21:48.360+0000] {logging_mixin.py:150} INFO - [2023-08-11T08:21:48.360+0000] {dag.py:2742} INFO - Sync 1 DAGs
[2023-08-11T08:21:48.386+0000] {logging_mixin.py:150} INFO - [2023-08-11T08:21:48.385+0000] {dag.py:3508} INFO - Setting next_dagrun for example_complex to None, run_after=None
[2023-08-11T08:21:48.409+0000] {processor.py:179} INFO - Processing /home/airflow/.local/lib/python3.7/site-packages/airflow/example_dags/example_complex.py took 0.094 seconds
[2023-08-11T08:22:19.361+0000] {processor.py:157} INFO - Started process (PID=4083) to work on /home/airflow/.local/lib/python3.7/site-packages/airflow/example_dags/example_complex.py
[2023-08-11T08:22:19.362+0000] {processor.py:826} INFO - Processing file /home/airflow/.local/lib/python3.7/site-packages/airflow/example_dags/example_complex.py for tasks to queue
[2023-08-11T08:22:19.363+0000] {logging_mixin.py:150} INFO - [2023-08-11T08:22:19.363+0000] {dagbag.py:541} INFO - Filling up the DagBag from /home/airflow/.local/lib/python3.7/site-packages/airflow/example_dags/example_complex.py
[2023-08-11T08:22:19.378+0000] {processor.py:836} INFO - DAG(s) dict_keys(['example_complex']) retrieved from /home/airflow/.local/lib/python3.7/site-packages/airflow/example_dags/example_complex.py
[2023-08-11T08:22:19.426+0000] {logging_mixin.py:150} INFO - [2023-08-11T08:22:19.426+0000] {dag.py:2742} INFO - Sync 1 DAGs
[2023-08-11T08:22:19.461+0000] {logging_mixin.py:150} INFO - [2023-08-11T08:22:19.461+0000] {dag.py:3508} INFO - Setting next_dagrun for example_complex to None, run_after=None
[2023-08-11T08:22:19.495+0000] {processor.py:179} INFO - Processing /home/airflow/.local/lib/python3.7/site-packages/airflow/example_dags/example_complex.py took 0.137 seconds
