[2023-08-11T07:52:51.280+0000] {processor.py:157} INFO - Started process (PID=72) to work on /home/airflow/.local/lib/python3.7/site-packages/airflow/example_dags/example_external_task_marker_dag.py
[2023-08-11T07:52:51.281+0000] {processor.py:826} INFO - Processing file /home/airflow/.local/lib/python3.7/site-packages/airflow/example_dags/example_external_task_marker_dag.py for tasks to queue
[2023-08-11T07:52:51.283+0000] {logging_mixin.py:150} INFO - [2023-08-11T07:52:51.282+0000] {dagbag.py:541} INFO - Filling up the DagBag from /home/airflow/.local/lib/python3.7/site-packages/airflow/example_dags/example_external_task_marker_dag.py
[2023-08-11T07:52:51.294+0000] {processor.py:836} INFO - DAG(s) dict_keys(['example_external_task_marker_child', 'example_external_task_marker_parent']) retrieved from /home/airflow/.local/lib/python3.7/site-packages/airflow/example_dags/example_external_task_marker_dag.py
[2023-08-11T07:52:51.362+0000] {logging_mixin.py:150} INFO - [2023-08-11T07:52:51.361+0000] {dag.py:2742} INFO - Sync 2 DAGs
[2023-08-11T07:52:51.425+0000] {logging_mixin.py:150} INFO - [2023-08-11T07:52:51.424+0000] {dag.py:3508} INFO - Setting next_dagrun for example_external_task_marker_child to None, run_after=None
[2023-08-11T07:52:51.432+0000] {logging_mixin.py:150} INFO - [2023-08-11T07:52:51.431+0000] {dag.py:3508} INFO - Setting next_dagrun for example_external_task_marker_parent to None, run_after=None
[2023-08-11T07:52:51.507+0000] {processor.py:179} INFO - Processing /home/airflow/.local/lib/python3.7/site-packages/airflow/example_dags/example_external_task_marker_dag.py took 0.273 seconds
[2023-08-11T07:53:22.419+0000] {processor.py:157} INFO - Started process (PID=137) to work on /home/airflow/.local/lib/python3.7/site-packages/airflow/example_dags/example_external_task_marker_dag.py
[2023-08-11T07:53:22.422+0000] {processor.py:826} INFO - Processing file /home/airflow/.local/lib/python3.7/site-packages/airflow/example_dags/example_external_task_marker_dag.py for tasks to queue
[2023-08-11T07:53:22.423+0000] {logging_mixin.py:150} INFO - [2023-08-11T07:53:22.422+0000] {dagbag.py:541} INFO - Filling up the DagBag from /home/airflow/.local/lib/python3.7/site-packages/airflow/example_dags/example_external_task_marker_dag.py
[2023-08-11T07:53:22.428+0000] {processor.py:836} INFO - DAG(s) dict_keys(['example_external_task_marker_parent', 'example_external_task_marker_child']) retrieved from /home/airflow/.local/lib/python3.7/site-packages/airflow/example_dags/example_external_task_marker_dag.py
[2023-08-11T07:53:22.462+0000] {logging_mixin.py:150} INFO - [2023-08-11T07:53:22.462+0000] {dag.py:2742} INFO - Sync 2 DAGs
[2023-08-11T07:53:22.487+0000] {logging_mixin.py:150} INFO - [2023-08-11T07:53:22.487+0000] {dag.py:3508} INFO - Setting next_dagrun for example_external_task_marker_child to None, run_after=None
[2023-08-11T07:53:22.491+0000] {logging_mixin.py:150} INFO - [2023-08-11T07:53:22.491+0000] {dag.py:3508} INFO - Setting next_dagrun for example_external_task_marker_parent to None, run_after=None
[2023-08-11T07:53:22.518+0000] {processor.py:179} INFO - Processing /home/airflow/.local/lib/python3.7/site-packages/airflow/example_dags/example_external_task_marker_dag.py took 0.101 seconds
[2023-08-11T07:53:53.237+0000] {processor.py:157} INFO - Started process (PID=202) to work on /home/airflow/.local/lib/python3.7/site-packages/airflow/example_dags/example_external_task_marker_dag.py
[2023-08-11T07:53:53.238+0000] {processor.py:826} INFO - Processing file /home/airflow/.local/lib/python3.7/site-packages/airflow/example_dags/example_external_task_marker_dag.py for tasks to queue
[2023-08-11T07:53:53.238+0000] {logging_mixin.py:150} INFO - [2023-08-11T07:53:53.238+0000] {dagbag.py:541} INFO - Filling up the DagBag from /home/airflow/.local/lib/python3.7/site-packages/airflow/example_dags/example_external_task_marker_dag.py
[2023-08-11T07:53:53.244+0000] {processor.py:836} INFO - DAG(s) dict_keys(['example_external_task_marker_parent', 'example_external_task_marker_child']) retrieved from /home/airflow/.local/lib/python3.7/site-packages/airflow/example_dags/example_external_task_marker_dag.py
[2023-08-11T07:53:53.281+0000] {logging_mixin.py:150} INFO - [2023-08-11T07:53:53.281+0000] {dag.py:2742} INFO - Sync 2 DAGs
[2023-08-11T07:53:53.311+0000] {logging_mixin.py:150} INFO - [2023-08-11T07:53:53.310+0000] {dag.py:3508} INFO - Setting next_dagrun for example_external_task_marker_child to None, run_after=None
[2023-08-11T07:53:53.315+0000] {logging_mixin.py:150} INFO - [2023-08-11T07:53:53.315+0000] {dag.py:3508} INFO - Setting next_dagrun for example_external_task_marker_parent to None, run_after=None
[2023-08-11T07:53:53.341+0000] {processor.py:179} INFO - Processing /home/airflow/.local/lib/python3.7/site-packages/airflow/example_dags/example_external_task_marker_dag.py took 0.107 seconds
[2023-08-11T07:54:23.991+0000] {processor.py:157} INFO - Started process (PID=267) to work on /home/airflow/.local/lib/python3.7/site-packages/airflow/example_dags/example_external_task_marker_dag.py
[2023-08-11T07:54:23.993+0000] {processor.py:826} INFO - Processing file /home/airflow/.local/lib/python3.7/site-packages/airflow/example_dags/example_external_task_marker_dag.py for tasks to queue
[2023-08-11T07:54:23.994+0000] {logging_mixin.py:150} INFO - [2023-08-11T07:54:23.993+0000] {dagbag.py:541} INFO - Filling up the DagBag from /home/airflow/.local/lib/python3.7/site-packages/airflow/example_dags/example_external_task_marker_dag.py
[2023-08-11T07:54:24.001+0000] {processor.py:836} INFO - DAG(s) dict_keys(['example_external_task_marker_child', 'example_external_task_marker_parent']) retrieved from /home/airflow/.local/lib/python3.7/site-packages/airflow/example_dags/example_external_task_marker_dag.py
[2023-08-11T07:54:24.027+0000] {logging_mixin.py:150} INFO - [2023-08-11T07:54:24.027+0000] {dag.py:2742} INFO - Sync 2 DAGs
[2023-08-11T07:54:24.053+0000] {logging_mixin.py:150} INFO - [2023-08-11T07:54:24.053+0000] {dag.py:3508} INFO - Setting next_dagrun for example_external_task_marker_child to None, run_after=None
[2023-08-11T07:54:24.056+0000] {logging_mixin.py:150} INFO - [2023-08-11T07:54:24.056+0000] {dag.py:3508} INFO - Setting next_dagrun for example_external_task_marker_parent to None, run_after=None
[2023-08-11T07:54:24.080+0000] {processor.py:179} INFO - Processing /home/airflow/.local/lib/python3.7/site-packages/airflow/example_dags/example_external_task_marker_dag.py took 0.092 seconds
[2023-08-11T07:54:54.701+0000] {processor.py:157} INFO - Started process (PID=332) to work on /home/airflow/.local/lib/python3.7/site-packages/airflow/example_dags/example_external_task_marker_dag.py
[2023-08-11T07:54:54.726+0000] {processor.py:826} INFO - Processing file /home/airflow/.local/lib/python3.7/site-packages/airflow/example_dags/example_external_task_marker_dag.py for tasks to queue
[2023-08-11T07:54:54.727+0000] {logging_mixin.py:150} INFO - [2023-08-11T07:54:54.727+0000] {dagbag.py:541} INFO - Filling up the DagBag from /home/airflow/.local/lib/python3.7/site-packages/airflow/example_dags/example_external_task_marker_dag.py
[2023-08-11T07:54:54.733+0000] {processor.py:836} INFO - DAG(s) dict_keys(['example_external_task_marker_parent', 'example_external_task_marker_child']) retrieved from /home/airflow/.local/lib/python3.7/site-packages/airflow/example_dags/example_external_task_marker_dag.py
[2023-08-11T07:54:54.766+0000] {logging_mixin.py:150} INFO - [2023-08-11T07:54:54.766+0000] {dag.py:2742} INFO - Sync 2 DAGs
[2023-08-11T07:54:54.794+0000] {logging_mixin.py:150} INFO - [2023-08-11T07:54:54.794+0000] {dag.py:3508} INFO - Setting next_dagrun for example_external_task_marker_child to None, run_after=None
[2023-08-11T07:54:54.798+0000] {logging_mixin.py:150} INFO - [2023-08-11T07:54:54.798+0000] {dag.py:3508} INFO - Setting next_dagrun for example_external_task_marker_parent to None, run_after=None
[2023-08-11T07:54:54.926+0000] {processor.py:179} INFO - Processing /home/airflow/.local/lib/python3.7/site-packages/airflow/example_dags/example_external_task_marker_dag.py took 0.228 seconds
[2023-08-11T07:55:25.823+0000] {processor.py:157} INFO - Started process (PID=398) to work on /home/airflow/.local/lib/python3.7/site-packages/airflow/example_dags/example_external_task_marker_dag.py
[2023-08-11T07:55:25.824+0000] {processor.py:826} INFO - Processing file /home/airflow/.local/lib/python3.7/site-packages/airflow/example_dags/example_external_task_marker_dag.py for tasks to queue
[2023-08-11T07:55:25.825+0000] {logging_mixin.py:150} INFO - [2023-08-11T07:55:25.825+0000] {dagbag.py:541} INFO - Filling up the DagBag from /home/airflow/.local/lib/python3.7/site-packages/airflow/example_dags/example_external_task_marker_dag.py
[2023-08-11T07:55:25.830+0000] {processor.py:836} INFO - DAG(s) dict_keys(['example_external_task_marker_parent', 'example_external_task_marker_child']) retrieved from /home/airflow/.local/lib/python3.7/site-packages/airflow/example_dags/example_external_task_marker_dag.py
[2023-08-11T07:55:25.860+0000] {logging_mixin.py:150} INFO - [2023-08-11T07:55:25.860+0000] {dag.py:2742} INFO - Sync 2 DAGs
[2023-08-11T07:55:25.883+0000] {logging_mixin.py:150} INFO - [2023-08-11T07:55:25.883+0000] {dag.py:3508} INFO - Setting next_dagrun for example_external_task_marker_child to None, run_after=None
[2023-08-11T07:55:25.889+0000] {logging_mixin.py:150} INFO - [2023-08-11T07:55:25.889+0000] {dag.py:3508} INFO - Setting next_dagrun for example_external_task_marker_parent to None, run_after=None
[2023-08-11T07:55:25.909+0000] {processor.py:179} INFO - Processing /home/airflow/.local/lib/python3.7/site-packages/airflow/example_dags/example_external_task_marker_dag.py took 0.089 seconds
[2023-08-11T07:55:55.931+0000] {processor.py:157} INFO - Started process (PID=463) to work on /home/airflow/.local/lib/python3.7/site-packages/airflow/example_dags/example_external_task_marker_dag.py
[2023-08-11T07:55:55.932+0000] {processor.py:826} INFO - Processing file /home/airflow/.local/lib/python3.7/site-packages/airflow/example_dags/example_external_task_marker_dag.py for tasks to queue
[2023-08-11T07:55:55.932+0000] {logging_mixin.py:150} INFO - [2023-08-11T07:55:55.932+0000] {dagbag.py:541} INFO - Filling up the DagBag from /home/airflow/.local/lib/python3.7/site-packages/airflow/example_dags/example_external_task_marker_dag.py
[2023-08-11T07:55:55.941+0000] {processor.py:836} INFO - DAG(s) dict_keys(['example_external_task_marker_child', 'example_external_task_marker_parent']) retrieved from /home/airflow/.local/lib/python3.7/site-packages/airflow/example_dags/example_external_task_marker_dag.py
[2023-08-11T07:55:55.975+0000] {logging_mixin.py:150} INFO - [2023-08-11T07:55:55.975+0000] {dag.py:2742} INFO - Sync 2 DAGs
[2023-08-11T07:55:56.003+0000] {logging_mixin.py:150} INFO - [2023-08-11T07:55:56.003+0000] {dag.py:3508} INFO - Setting next_dagrun for example_external_task_marker_child to None, run_after=None
[2023-08-11T07:55:56.012+0000] {logging_mixin.py:150} INFO - [2023-08-11T07:55:56.012+0000] {dag.py:3508} INFO - Setting next_dagrun for example_external_task_marker_parent to None, run_after=None
[2023-08-11T07:55:56.034+0000] {processor.py:179} INFO - Processing /home/airflow/.local/lib/python3.7/site-packages/airflow/example_dags/example_external_task_marker_dag.py took 0.106 seconds
[2023-08-11T07:56:26.312+0000] {processor.py:157} INFO - Started process (PID=528) to work on /home/airflow/.local/lib/python3.7/site-packages/airflow/example_dags/example_external_task_marker_dag.py
[2023-08-11T07:56:26.314+0000] {processor.py:826} INFO - Processing file /home/airflow/.local/lib/python3.7/site-packages/airflow/example_dags/example_external_task_marker_dag.py for tasks to queue
[2023-08-11T07:56:26.315+0000] {logging_mixin.py:150} INFO - [2023-08-11T07:56:26.314+0000] {dagbag.py:541} INFO - Filling up the DagBag from /home/airflow/.local/lib/python3.7/site-packages/airflow/example_dags/example_external_task_marker_dag.py
[2023-08-11T07:56:26.320+0000] {processor.py:836} INFO - DAG(s) dict_keys(['example_external_task_marker_parent', 'example_external_task_marker_child']) retrieved from /home/airflow/.local/lib/python3.7/site-packages/airflow/example_dags/example_external_task_marker_dag.py
[2023-08-11T07:56:26.356+0000] {logging_mixin.py:150} INFO - [2023-08-11T07:56:26.355+0000] {dag.py:2742} INFO - Sync 2 DAGs
[2023-08-11T07:56:26.385+0000] {logging_mixin.py:150} INFO - [2023-08-11T07:56:26.385+0000] {dag.py:3508} INFO - Setting next_dagrun for example_external_task_marker_child to None, run_after=None
[2023-08-11T07:56:26.389+0000] {logging_mixin.py:150} INFO - [2023-08-11T07:56:26.389+0000] {dag.py:3508} INFO - Setting next_dagrun for example_external_task_marker_parent to None, run_after=None
[2023-08-11T07:56:26.422+0000] {processor.py:179} INFO - Processing /home/airflow/.local/lib/python3.7/site-packages/airflow/example_dags/example_external_task_marker_dag.py took 0.113 seconds
[2023-08-11T07:56:57.009+0000] {processor.py:157} INFO - Started process (PID=593) to work on /home/airflow/.local/lib/python3.7/site-packages/airflow/example_dags/example_external_task_marker_dag.py
[2023-08-11T07:56:57.011+0000] {processor.py:826} INFO - Processing file /home/airflow/.local/lib/python3.7/site-packages/airflow/example_dags/example_external_task_marker_dag.py for tasks to queue
[2023-08-11T07:56:57.012+0000] {logging_mixin.py:150} INFO - [2023-08-11T07:56:57.011+0000] {dagbag.py:541} INFO - Filling up the DagBag from /home/airflow/.local/lib/python3.7/site-packages/airflow/example_dags/example_external_task_marker_dag.py
[2023-08-11T07:56:57.021+0000] {processor.py:836} INFO - DAG(s) dict_keys(['example_external_task_marker_child', 'example_external_task_marker_parent']) retrieved from /home/airflow/.local/lib/python3.7/site-packages/airflow/example_dags/example_external_task_marker_dag.py
[2023-08-11T07:56:57.073+0000] {logging_mixin.py:150} INFO - [2023-08-11T07:56:57.073+0000] {dag.py:2742} INFO - Sync 2 DAGs
[2023-08-11T07:56:57.113+0000] {logging_mixin.py:150} INFO - [2023-08-11T07:56:57.113+0000] {dag.py:3508} INFO - Setting next_dagrun for example_external_task_marker_child to None, run_after=None
[2023-08-11T07:56:57.118+0000] {logging_mixin.py:150} INFO - [2023-08-11T07:56:57.118+0000] {dag.py:3508} INFO - Setting next_dagrun for example_external_task_marker_parent to None, run_after=None
[2023-08-11T07:56:57.139+0000] {processor.py:179} INFO - Processing /home/airflow/.local/lib/python3.7/site-packages/airflow/example_dags/example_external_task_marker_dag.py took 0.137 seconds
[2023-08-11T07:57:28.055+0000] {processor.py:157} INFO - Started process (PID=658) to work on /home/airflow/.local/lib/python3.7/site-packages/airflow/example_dags/example_external_task_marker_dag.py
[2023-08-11T07:57:28.056+0000] {processor.py:826} INFO - Processing file /home/airflow/.local/lib/python3.7/site-packages/airflow/example_dags/example_external_task_marker_dag.py for tasks to queue
[2023-08-11T07:57:28.056+0000] {logging_mixin.py:150} INFO - [2023-08-11T07:57:28.056+0000] {dagbag.py:541} INFO - Filling up the DagBag from /home/airflow/.local/lib/python3.7/site-packages/airflow/example_dags/example_external_task_marker_dag.py
[2023-08-11T07:57:28.066+0000] {processor.py:836} INFO - DAG(s) dict_keys(['example_external_task_marker_child', 'example_external_task_marker_parent']) retrieved from /home/airflow/.local/lib/python3.7/site-packages/airflow/example_dags/example_external_task_marker_dag.py
[2023-08-11T07:57:28.102+0000] {logging_mixin.py:150} INFO - [2023-08-11T07:57:28.102+0000] {dag.py:2742} INFO - Sync 2 DAGs
[2023-08-11T07:57:28.137+0000] {logging_mixin.py:150} INFO - [2023-08-11T07:57:28.137+0000] {dag.py:3508} INFO - Setting next_dagrun for example_external_task_marker_child to None, run_after=None
[2023-08-11T07:57:28.142+0000] {logging_mixin.py:150} INFO - [2023-08-11T07:57:28.141+0000] {dag.py:3508} INFO - Setting next_dagrun for example_external_task_marker_parent to None, run_after=None
[2023-08-11T07:57:28.169+0000] {processor.py:179} INFO - Processing /home/airflow/.local/lib/python3.7/site-packages/airflow/example_dags/example_external_task_marker_dag.py took 0.118 seconds
[2023-08-11T07:57:59.054+0000] {processor.py:157} INFO - Started process (PID=724) to work on /home/airflow/.local/lib/python3.7/site-packages/airflow/example_dags/example_external_task_marker_dag.py
[2023-08-11T07:57:59.063+0000] {processor.py:826} INFO - Processing file /home/airflow/.local/lib/python3.7/site-packages/airflow/example_dags/example_external_task_marker_dag.py for tasks to queue
[2023-08-11T07:57:59.063+0000] {logging_mixin.py:150} INFO - [2023-08-11T07:57:59.063+0000] {dagbag.py:541} INFO - Filling up the DagBag from /home/airflow/.local/lib/python3.7/site-packages/airflow/example_dags/example_external_task_marker_dag.py
[2023-08-11T07:57:59.069+0000] {processor.py:836} INFO - DAG(s) dict_keys(['example_external_task_marker_parent', 'example_external_task_marker_child']) retrieved from /home/airflow/.local/lib/python3.7/site-packages/airflow/example_dags/example_external_task_marker_dag.py
[2023-08-11T07:57:59.110+0000] {logging_mixin.py:150} INFO - [2023-08-11T07:57:59.110+0000] {dag.py:2742} INFO - Sync 2 DAGs
[2023-08-11T07:57:59.147+0000] {logging_mixin.py:150} INFO - [2023-08-11T07:57:59.147+0000] {dag.py:3508} INFO - Setting next_dagrun for example_external_task_marker_child to None, run_after=None
[2023-08-11T07:57:59.154+0000] {logging_mixin.py:150} INFO - [2023-08-11T07:57:59.154+0000] {dag.py:3508} INFO - Setting next_dagrun for example_external_task_marker_parent to None, run_after=None
[2023-08-11T07:57:59.199+0000] {processor.py:179} INFO - Processing /home/airflow/.local/lib/python3.7/site-packages/airflow/example_dags/example_external_task_marker_dag.py took 0.149 seconds
[2023-08-11T07:58:29.973+0000] {processor.py:157} INFO - Started process (PID=790) to work on /home/airflow/.local/lib/python3.7/site-packages/airflow/example_dags/example_external_task_marker_dag.py
[2023-08-11T07:58:29.973+0000] {processor.py:826} INFO - Processing file /home/airflow/.local/lib/python3.7/site-packages/airflow/example_dags/example_external_task_marker_dag.py for tasks to queue
[2023-08-11T07:58:29.974+0000] {logging_mixin.py:150} INFO - [2023-08-11T07:58:29.974+0000] {dagbag.py:541} INFO - Filling up the DagBag from /home/airflow/.local/lib/python3.7/site-packages/airflow/example_dags/example_external_task_marker_dag.py
[2023-08-11T07:58:29.980+0000] {processor.py:836} INFO - DAG(s) dict_keys(['example_external_task_marker_parent', 'example_external_task_marker_child']) retrieved from /home/airflow/.local/lib/python3.7/site-packages/airflow/example_dags/example_external_task_marker_dag.py
[2023-08-11T07:58:30.016+0000] {logging_mixin.py:150} INFO - [2023-08-11T07:58:30.016+0000] {dag.py:2742} INFO - Sync 2 DAGs
[2023-08-11T07:58:30.043+0000] {logging_mixin.py:150} INFO - [2023-08-11T07:58:30.042+0000] {dag.py:3508} INFO - Setting next_dagrun for example_external_task_marker_child to None, run_after=None
[2023-08-11T07:58:30.048+0000] {logging_mixin.py:150} INFO - [2023-08-11T07:58:30.048+0000] {dag.py:3508} INFO - Setting next_dagrun for example_external_task_marker_parent to None, run_after=None
[2023-08-11T07:58:30.072+0000] {processor.py:179} INFO - Processing /home/airflow/.local/lib/python3.7/site-packages/airflow/example_dags/example_external_task_marker_dag.py took 0.102 seconds
[2023-08-11T07:59:00.255+0000] {processor.py:157} INFO - Started process (PID=856) to work on /home/airflow/.local/lib/python3.7/site-packages/airflow/example_dags/example_external_task_marker_dag.py
[2023-08-11T07:59:00.257+0000] {processor.py:826} INFO - Processing file /home/airflow/.local/lib/python3.7/site-packages/airflow/example_dags/example_external_task_marker_dag.py for tasks to queue
[2023-08-11T07:59:00.258+0000] {logging_mixin.py:150} INFO - [2023-08-11T07:59:00.258+0000] {dagbag.py:541} INFO - Filling up the DagBag from /home/airflow/.local/lib/python3.7/site-packages/airflow/example_dags/example_external_task_marker_dag.py
[2023-08-11T07:59:00.265+0000] {processor.py:836} INFO - DAG(s) dict_keys(['example_external_task_marker_parent', 'example_external_task_marker_child']) retrieved from /home/airflow/.local/lib/python3.7/site-packages/airflow/example_dags/example_external_task_marker_dag.py
[2023-08-11T07:59:00.293+0000] {logging_mixin.py:150} INFO - [2023-08-11T07:59:00.293+0000] {dag.py:2742} INFO - Sync 2 DAGs
[2023-08-11T07:59:00.326+0000] {logging_mixin.py:150} INFO - [2023-08-11T07:59:00.325+0000] {dag.py:3508} INFO - Setting next_dagrun for example_external_task_marker_child to None, run_after=None
[2023-08-11T07:59:00.329+0000] {logging_mixin.py:150} INFO - [2023-08-11T07:59:00.329+0000] {dag.py:3508} INFO - Setting next_dagrun for example_external_task_marker_parent to None, run_after=None
[2023-08-11T07:59:00.352+0000] {processor.py:179} INFO - Processing /home/airflow/.local/lib/python3.7/site-packages/airflow/example_dags/example_external_task_marker_dag.py took 0.099 seconds
[2023-08-11T07:59:31.246+0000] {processor.py:157} INFO - Started process (PID=929) to work on /home/airflow/.local/lib/python3.7/site-packages/airflow/example_dags/example_external_task_marker_dag.py
[2023-08-11T07:59:31.247+0000] {processor.py:826} INFO - Processing file /home/airflow/.local/lib/python3.7/site-packages/airflow/example_dags/example_external_task_marker_dag.py for tasks to queue
[2023-08-11T07:59:31.248+0000] {logging_mixin.py:150} INFO - [2023-08-11T07:59:31.248+0000] {dagbag.py:541} INFO - Filling up the DagBag from /home/airflow/.local/lib/python3.7/site-packages/airflow/example_dags/example_external_task_marker_dag.py
[2023-08-11T07:59:31.254+0000] {processor.py:836} INFO - DAG(s) dict_keys(['example_external_task_marker_child', 'example_external_task_marker_parent']) retrieved from /home/airflow/.local/lib/python3.7/site-packages/airflow/example_dags/example_external_task_marker_dag.py
[2023-08-11T07:59:31.272+0000] {logging_mixin.py:150} INFO - [2023-08-11T07:59:31.272+0000] {dag.py:2742} INFO - Sync 2 DAGs
[2023-08-11T07:59:31.302+0000] {logging_mixin.py:150} INFO - [2023-08-11T07:59:31.301+0000] {dag.py:3508} INFO - Setting next_dagrun for example_external_task_marker_child to None, run_after=None
[2023-08-11T07:59:31.313+0000] {logging_mixin.py:150} INFO - [2023-08-11T07:59:31.312+0000] {dag.py:3508} INFO - Setting next_dagrun for example_external_task_marker_parent to None, run_after=None
[2023-08-11T07:59:31.350+0000] {processor.py:179} INFO - Processing /home/airflow/.local/lib/python3.7/site-packages/airflow/example_dags/example_external_task_marker_dag.py took 0.108 seconds
[2023-08-11T08:00:02.263+0000] {processor.py:157} INFO - Started process (PID=998) to work on /home/airflow/.local/lib/python3.7/site-packages/airflow/example_dags/example_external_task_marker_dag.py
[2023-08-11T08:00:02.264+0000] {processor.py:826} INFO - Processing file /home/airflow/.local/lib/python3.7/site-packages/airflow/example_dags/example_external_task_marker_dag.py for tasks to queue
[2023-08-11T08:00:02.265+0000] {logging_mixin.py:150} INFO - [2023-08-11T08:00:02.264+0000] {dagbag.py:541} INFO - Filling up the DagBag from /home/airflow/.local/lib/python3.7/site-packages/airflow/example_dags/example_external_task_marker_dag.py
[2023-08-11T08:00:02.272+0000] {processor.py:836} INFO - DAG(s) dict_keys(['example_external_task_marker_parent', 'example_external_task_marker_child']) retrieved from /home/airflow/.local/lib/python3.7/site-packages/airflow/example_dags/example_external_task_marker_dag.py
[2023-08-11T08:00:02.309+0000] {logging_mixin.py:150} INFO - [2023-08-11T08:00:02.309+0000] {dag.py:2742} INFO - Sync 2 DAGs
[2023-08-11T08:00:02.346+0000] {logging_mixin.py:150} INFO - [2023-08-11T08:00:02.346+0000] {dag.py:3508} INFO - Setting next_dagrun for example_external_task_marker_child to None, run_after=None
[2023-08-11T08:00:02.353+0000] {logging_mixin.py:150} INFO - [2023-08-11T08:00:02.352+0000] {dag.py:3508} INFO - Setting next_dagrun for example_external_task_marker_parent to None, run_after=None
[2023-08-11T08:00:02.379+0000] {processor.py:179} INFO - Processing /home/airflow/.local/lib/python3.7/site-packages/airflow/example_dags/example_external_task_marker_dag.py took 0.119 seconds
[2023-08-11T08:00:33.243+0000] {processor.py:157} INFO - Started process (PID=1069) to work on /home/airflow/.local/lib/python3.7/site-packages/airflow/example_dags/example_external_task_marker_dag.py
[2023-08-11T08:00:33.245+0000] {processor.py:826} INFO - Processing file /home/airflow/.local/lib/python3.7/site-packages/airflow/example_dags/example_external_task_marker_dag.py for tasks to queue
[2023-08-11T08:00:33.246+0000] {logging_mixin.py:150} INFO - [2023-08-11T08:00:33.246+0000] {dagbag.py:541} INFO - Filling up the DagBag from /home/airflow/.local/lib/python3.7/site-packages/airflow/example_dags/example_external_task_marker_dag.py
[2023-08-11T08:00:33.256+0000] {processor.py:836} INFO - DAG(s) dict_keys(['example_external_task_marker_child', 'example_external_task_marker_parent']) retrieved from /home/airflow/.local/lib/python3.7/site-packages/airflow/example_dags/example_external_task_marker_dag.py
[2023-08-11T08:00:33.300+0000] {logging_mixin.py:150} INFO - [2023-08-11T08:00:33.300+0000] {dag.py:2742} INFO - Sync 2 DAGs
[2023-08-11T08:00:33.332+0000] {logging_mixin.py:150} INFO - [2023-08-11T08:00:33.332+0000] {dag.py:3508} INFO - Setting next_dagrun for example_external_task_marker_child to None, run_after=None
[2023-08-11T08:00:33.337+0000] {logging_mixin.py:150} INFO - [2023-08-11T08:00:33.337+0000] {dag.py:3508} INFO - Setting next_dagrun for example_external_task_marker_parent to None, run_after=None
[2023-08-11T08:00:33.365+0000] {processor.py:179} INFO - Processing /home/airflow/.local/lib/python3.7/site-packages/airflow/example_dags/example_external_task_marker_dag.py took 0.125 seconds
[2023-08-11T08:01:03.987+0000] {processor.py:157} INFO - Started process (PID=1135) to work on /home/airflow/.local/lib/python3.7/site-packages/airflow/example_dags/example_external_task_marker_dag.py
[2023-08-11T08:01:03.989+0000] {processor.py:826} INFO - Processing file /home/airflow/.local/lib/python3.7/site-packages/airflow/example_dags/example_external_task_marker_dag.py for tasks to queue
[2023-08-11T08:01:03.989+0000] {logging_mixin.py:150} INFO - [2023-08-11T08:01:03.989+0000] {dagbag.py:541} INFO - Filling up the DagBag from /home/airflow/.local/lib/python3.7/site-packages/airflow/example_dags/example_external_task_marker_dag.py
[2023-08-11T08:01:03.995+0000] {processor.py:836} INFO - DAG(s) dict_keys(['example_external_task_marker_parent', 'example_external_task_marker_child']) retrieved from /home/airflow/.local/lib/python3.7/site-packages/airflow/example_dags/example_external_task_marker_dag.py
[2023-08-11T08:01:04.028+0000] {logging_mixin.py:150} INFO - [2023-08-11T08:01:04.028+0000] {dag.py:2742} INFO - Sync 2 DAGs
[2023-08-11T08:01:04.056+0000] {logging_mixin.py:150} INFO - [2023-08-11T08:01:04.056+0000] {dag.py:3508} INFO - Setting next_dagrun for example_external_task_marker_child to None, run_after=None
[2023-08-11T08:01:04.060+0000] {logging_mixin.py:150} INFO - [2023-08-11T08:01:04.060+0000] {dag.py:3508} INFO - Setting next_dagrun for example_external_task_marker_parent to None, run_after=None
[2023-08-11T08:01:04.083+0000] {processor.py:179} INFO - Processing /home/airflow/.local/lib/python3.7/site-packages/airflow/example_dags/example_external_task_marker_dag.py took 0.101 seconds
[2023-08-11T08:01:34.170+0000] {processor.py:157} INFO - Started process (PID=1203) to work on /home/airflow/.local/lib/python3.7/site-packages/airflow/example_dags/example_external_task_marker_dag.py
[2023-08-11T08:01:34.171+0000] {processor.py:826} INFO - Processing file /home/airflow/.local/lib/python3.7/site-packages/airflow/example_dags/example_external_task_marker_dag.py for tasks to queue
[2023-08-11T08:01:34.173+0000] {logging_mixin.py:150} INFO - [2023-08-11T08:01:34.172+0000] {dagbag.py:541} INFO - Filling up the DagBag from /home/airflow/.local/lib/python3.7/site-packages/airflow/example_dags/example_external_task_marker_dag.py
[2023-08-11T08:01:34.178+0000] {processor.py:836} INFO - DAG(s) dict_keys(['example_external_task_marker_parent', 'example_external_task_marker_child']) retrieved from /home/airflow/.local/lib/python3.7/site-packages/airflow/example_dags/example_external_task_marker_dag.py
[2023-08-11T08:01:34.209+0000] {logging_mixin.py:150} INFO - [2023-08-11T08:01:34.209+0000] {dag.py:2742} INFO - Sync 2 DAGs
[2023-08-11T08:01:34.234+0000] {logging_mixin.py:150} INFO - [2023-08-11T08:01:34.234+0000] {dag.py:3508} INFO - Setting next_dagrun for example_external_task_marker_child to None, run_after=None
[2023-08-11T08:01:34.239+0000] {logging_mixin.py:150} INFO - [2023-08-11T08:01:34.239+0000] {dag.py:3508} INFO - Setting next_dagrun for example_external_task_marker_parent to None, run_after=None
[2023-08-11T08:01:34.258+0000] {processor.py:179} INFO - Processing /home/airflow/.local/lib/python3.7/site-packages/airflow/example_dags/example_external_task_marker_dag.py took 0.092 seconds
[2023-08-11T08:02:04.592+0000] {processor.py:157} INFO - Started process (PID=1273) to work on /home/airflow/.local/lib/python3.7/site-packages/airflow/example_dags/example_external_task_marker_dag.py
[2023-08-11T08:02:04.595+0000] {processor.py:826} INFO - Processing file /home/airflow/.local/lib/python3.7/site-packages/airflow/example_dags/example_external_task_marker_dag.py for tasks to queue
[2023-08-11T08:02:04.598+0000] {logging_mixin.py:150} INFO - [2023-08-11T08:02:04.597+0000] {dagbag.py:541} INFO - Filling up the DagBag from /home/airflow/.local/lib/python3.7/site-packages/airflow/example_dags/example_external_task_marker_dag.py
[2023-08-11T08:02:04.619+0000] {processor.py:836} INFO - DAG(s) dict_keys(['example_external_task_marker_child', 'example_external_task_marker_parent']) retrieved from /home/airflow/.local/lib/python3.7/site-packages/airflow/example_dags/example_external_task_marker_dag.py
[2023-08-11T08:02:04.717+0000] {logging_mixin.py:150} INFO - [2023-08-11T08:02:04.717+0000] {dag.py:2742} INFO - Sync 2 DAGs
[2023-08-11T08:02:04.788+0000] {logging_mixin.py:150} INFO - [2023-08-11T08:02:04.787+0000] {dag.py:3508} INFO - Setting next_dagrun for example_external_task_marker_child to None, run_after=None
[2023-08-11T08:02:04.799+0000] {logging_mixin.py:150} INFO - [2023-08-11T08:02:04.798+0000] {dag.py:3508} INFO - Setting next_dagrun for example_external_task_marker_parent to None, run_after=None
[2023-08-11T08:02:04.854+0000] {processor.py:179} INFO - Processing /home/airflow/.local/lib/python3.7/site-packages/airflow/example_dags/example_external_task_marker_dag.py took 0.273 seconds
[2023-08-11T08:02:35.480+0000] {processor.py:157} INFO - Started process (PID=1339) to work on /home/airflow/.local/lib/python3.7/site-packages/airflow/example_dags/example_external_task_marker_dag.py
[2023-08-11T08:02:35.482+0000] {processor.py:826} INFO - Processing file /home/airflow/.local/lib/python3.7/site-packages/airflow/example_dags/example_external_task_marker_dag.py for tasks to queue
[2023-08-11T08:02:35.482+0000] {logging_mixin.py:150} INFO - [2023-08-11T08:02:35.482+0000] {dagbag.py:541} INFO - Filling up the DagBag from /home/airflow/.local/lib/python3.7/site-packages/airflow/example_dags/example_external_task_marker_dag.py
[2023-08-11T08:02:35.487+0000] {processor.py:836} INFO - DAG(s) dict_keys(['example_external_task_marker_child', 'example_external_task_marker_parent']) retrieved from /home/airflow/.local/lib/python3.7/site-packages/airflow/example_dags/example_external_task_marker_dag.py
[2023-08-11T08:02:35.524+0000] {logging_mixin.py:150} INFO - [2023-08-11T08:02:35.523+0000] {dag.py:2742} INFO - Sync 2 DAGs
[2023-08-11T08:02:35.550+0000] {logging_mixin.py:150} INFO - [2023-08-11T08:02:35.550+0000] {dag.py:3508} INFO - Setting next_dagrun for example_external_task_marker_child to None, run_after=None
[2023-08-11T08:02:35.553+0000] {logging_mixin.py:150} INFO - [2023-08-11T08:02:35.553+0000] {dag.py:3508} INFO - Setting next_dagrun for example_external_task_marker_parent to None, run_after=None
[2023-08-11T08:02:35.577+0000] {processor.py:179} INFO - Processing /home/airflow/.local/lib/python3.7/site-packages/airflow/example_dags/example_external_task_marker_dag.py took 0.099 seconds
[2023-08-11T08:03:06.126+0000] {processor.py:157} INFO - Started process (PID=1405) to work on /home/airflow/.local/lib/python3.7/site-packages/airflow/example_dags/example_external_task_marker_dag.py
[2023-08-11T08:03:06.126+0000] {processor.py:826} INFO - Processing file /home/airflow/.local/lib/python3.7/site-packages/airflow/example_dags/example_external_task_marker_dag.py for tasks to queue
[2023-08-11T08:03:06.127+0000] {logging_mixin.py:150} INFO - [2023-08-11T08:03:06.127+0000] {dagbag.py:541} INFO - Filling up the DagBag from /home/airflow/.local/lib/python3.7/site-packages/airflow/example_dags/example_external_task_marker_dag.py
[2023-08-11T08:03:06.132+0000] {processor.py:836} INFO - DAG(s) dict_keys(['example_external_task_marker_child', 'example_external_task_marker_parent']) retrieved from /home/airflow/.local/lib/python3.7/site-packages/airflow/example_dags/example_external_task_marker_dag.py
[2023-08-11T08:03:06.164+0000] {logging_mixin.py:150} INFO - [2023-08-11T08:03:06.164+0000] {dag.py:2742} INFO - Sync 2 DAGs
[2023-08-11T08:03:06.188+0000] {logging_mixin.py:150} INFO - [2023-08-11T08:03:06.188+0000] {dag.py:3508} INFO - Setting next_dagrun for example_external_task_marker_child to None, run_after=None
[2023-08-11T08:03:06.194+0000] {logging_mixin.py:150} INFO - [2023-08-11T08:03:06.194+0000] {dag.py:3508} INFO - Setting next_dagrun for example_external_task_marker_parent to None, run_after=None
[2023-08-11T08:03:06.215+0000] {processor.py:179} INFO - Processing /home/airflow/.local/lib/python3.7/site-packages/airflow/example_dags/example_external_task_marker_dag.py took 0.095 seconds
[2023-08-11T08:03:36.318+0000] {processor.py:157} INFO - Started process (PID=1471) to work on /home/airflow/.local/lib/python3.7/site-packages/airflow/example_dags/example_external_task_marker_dag.py
[2023-08-11T08:03:36.319+0000] {processor.py:826} INFO - Processing file /home/airflow/.local/lib/python3.7/site-packages/airflow/example_dags/example_external_task_marker_dag.py for tasks to queue
[2023-08-11T08:03:36.321+0000] {logging_mixin.py:150} INFO - [2023-08-11T08:03:36.320+0000] {dagbag.py:541} INFO - Filling up the DagBag from /home/airflow/.local/lib/python3.7/site-packages/airflow/example_dags/example_external_task_marker_dag.py
[2023-08-11T08:03:36.333+0000] {processor.py:836} INFO - DAG(s) dict_keys(['example_external_task_marker_child', 'example_external_task_marker_parent']) retrieved from /home/airflow/.local/lib/python3.7/site-packages/airflow/example_dags/example_external_task_marker_dag.py
[2023-08-11T08:03:36.388+0000] {logging_mixin.py:150} INFO - [2023-08-11T08:03:36.388+0000] {dag.py:2742} INFO - Sync 2 DAGs
[2023-08-11T08:03:36.427+0000] {logging_mixin.py:150} INFO - [2023-08-11T08:03:36.426+0000] {dag.py:3508} INFO - Setting next_dagrun for example_external_task_marker_child to None, run_after=None
[2023-08-11T08:03:36.435+0000] {logging_mixin.py:150} INFO - [2023-08-11T08:03:36.433+0000] {dag.py:3508} INFO - Setting next_dagrun for example_external_task_marker_parent to None, run_after=None
[2023-08-11T08:03:36.478+0000] {processor.py:179} INFO - Processing /home/airflow/.local/lib/python3.7/site-packages/airflow/example_dags/example_external_task_marker_dag.py took 0.165 seconds
[2023-08-11T08:04:07.405+0000] {processor.py:157} INFO - Started process (PID=1537) to work on /home/airflow/.local/lib/python3.7/site-packages/airflow/example_dags/example_external_task_marker_dag.py
[2023-08-11T08:04:07.406+0000] {processor.py:826} INFO - Processing file /home/airflow/.local/lib/python3.7/site-packages/airflow/example_dags/example_external_task_marker_dag.py for tasks to queue
[2023-08-11T08:04:07.407+0000] {logging_mixin.py:150} INFO - [2023-08-11T08:04:07.407+0000] {dagbag.py:541} INFO - Filling up the DagBag from /home/airflow/.local/lib/python3.7/site-packages/airflow/example_dags/example_external_task_marker_dag.py
[2023-08-11T08:04:07.414+0000] {processor.py:836} INFO - DAG(s) dict_keys(['example_external_task_marker_parent', 'example_external_task_marker_child']) retrieved from /home/airflow/.local/lib/python3.7/site-packages/airflow/example_dags/example_external_task_marker_dag.py
[2023-08-11T08:04:07.450+0000] {logging_mixin.py:150} INFO - [2023-08-11T08:04:07.450+0000] {dag.py:2742} INFO - Sync 2 DAGs
[2023-08-11T08:04:07.473+0000] {logging_mixin.py:150} INFO - [2023-08-11T08:04:07.473+0000] {dag.py:3508} INFO - Setting next_dagrun for example_external_task_marker_child to None, run_after=None
[2023-08-11T08:04:07.476+0000] {logging_mixin.py:150} INFO - [2023-08-11T08:04:07.476+0000] {dag.py:3508} INFO - Setting next_dagrun for example_external_task_marker_parent to None, run_after=None
[2023-08-11T08:04:07.498+0000] {processor.py:179} INFO - Processing /home/airflow/.local/lib/python3.7/site-packages/airflow/example_dags/example_external_task_marker_dag.py took 0.096 seconds
[2023-08-11T08:04:37.921+0000] {processor.py:157} INFO - Started process (PID=1611) to work on /home/airflow/.local/lib/python3.7/site-packages/airflow/example_dags/example_external_task_marker_dag.py
[2023-08-11T08:04:37.922+0000] {processor.py:826} INFO - Processing file /home/airflow/.local/lib/python3.7/site-packages/airflow/example_dags/example_external_task_marker_dag.py for tasks to queue
[2023-08-11T08:04:37.923+0000] {logging_mixin.py:150} INFO - [2023-08-11T08:04:37.923+0000] {dagbag.py:541} INFO - Filling up the DagBag from /home/airflow/.local/lib/python3.7/site-packages/airflow/example_dags/example_external_task_marker_dag.py
[2023-08-11T08:04:37.931+0000] {processor.py:836} INFO - DAG(s) dict_keys(['example_external_task_marker_child', 'example_external_task_marker_parent']) retrieved from /home/airflow/.local/lib/python3.7/site-packages/airflow/example_dags/example_external_task_marker_dag.py
[2023-08-11T08:04:37.975+0000] {logging_mixin.py:150} INFO - [2023-08-11T08:04:37.974+0000] {dag.py:2742} INFO - Sync 2 DAGs
[2023-08-11T08:04:38.007+0000] {logging_mixin.py:150} INFO - [2023-08-11T08:04:38.007+0000] {dag.py:3508} INFO - Setting next_dagrun for example_external_task_marker_child to None, run_after=None
[2023-08-11T08:04:38.010+0000] {logging_mixin.py:150} INFO - [2023-08-11T08:04:38.010+0000] {dag.py:3508} INFO - Setting next_dagrun for example_external_task_marker_parent to None, run_after=None
[2023-08-11T08:04:38.041+0000] {processor.py:179} INFO - Processing /home/airflow/.local/lib/python3.7/site-packages/airflow/example_dags/example_external_task_marker_dag.py took 0.123 seconds
[2023-08-11T08:05:08.822+0000] {processor.py:157} INFO - Started process (PID=1677) to work on /home/airflow/.local/lib/python3.7/site-packages/airflow/example_dags/example_external_task_marker_dag.py
[2023-08-11T08:05:08.824+0000] {processor.py:826} INFO - Processing file /home/airflow/.local/lib/python3.7/site-packages/airflow/example_dags/example_external_task_marker_dag.py for tasks to queue
[2023-08-11T08:05:08.824+0000] {logging_mixin.py:150} INFO - [2023-08-11T08:05:08.824+0000] {dagbag.py:541} INFO - Filling up the DagBag from /home/airflow/.local/lib/python3.7/site-packages/airflow/example_dags/example_external_task_marker_dag.py
[2023-08-11T08:05:08.830+0000] {processor.py:836} INFO - DAG(s) dict_keys(['example_external_task_marker_parent', 'example_external_task_marker_child']) retrieved from /home/airflow/.local/lib/python3.7/site-packages/airflow/example_dags/example_external_task_marker_dag.py
[2023-08-11T08:05:08.892+0000] {logging_mixin.py:150} INFO - [2023-08-11T08:05:08.892+0000] {dag.py:2742} INFO - Sync 2 DAGs
[2023-08-11T08:05:08.979+0000] {logging_mixin.py:150} INFO - [2023-08-11T08:05:08.968+0000] {dag.py:3508} INFO - Setting next_dagrun for example_external_task_marker_child to None, run_after=None
[2023-08-11T08:05:09.001+0000] {logging_mixin.py:150} INFO - [2023-08-11T08:05:08.997+0000] {dag.py:3508} INFO - Setting next_dagrun for example_external_task_marker_parent to None, run_after=None
[2023-08-11T08:05:09.066+0000] {processor.py:179} INFO - Processing /home/airflow/.local/lib/python3.7/site-packages/airflow/example_dags/example_external_task_marker_dag.py took 0.247 seconds
[2023-08-11T08:05:39.262+0000] {processor.py:157} INFO - Started process (PID=1743) to work on /home/airflow/.local/lib/python3.7/site-packages/airflow/example_dags/example_external_task_marker_dag.py
[2023-08-11T08:05:39.263+0000] {processor.py:826} INFO - Processing file /home/airflow/.local/lib/python3.7/site-packages/airflow/example_dags/example_external_task_marker_dag.py for tasks to queue
[2023-08-11T08:05:39.263+0000] {logging_mixin.py:150} INFO - [2023-08-11T08:05:39.263+0000] {dagbag.py:541} INFO - Filling up the DagBag from /home/airflow/.local/lib/python3.7/site-packages/airflow/example_dags/example_external_task_marker_dag.py
[2023-08-11T08:05:39.271+0000] {processor.py:836} INFO - DAG(s) dict_keys(['example_external_task_marker_parent', 'example_external_task_marker_child']) retrieved from /home/airflow/.local/lib/python3.7/site-packages/airflow/example_dags/example_external_task_marker_dag.py
[2023-08-11T08:05:39.298+0000] {logging_mixin.py:150} INFO - [2023-08-11T08:05:39.298+0000] {dag.py:2742} INFO - Sync 2 DAGs
[2023-08-11T08:05:39.323+0000] {logging_mixin.py:150} INFO - [2023-08-11T08:05:39.323+0000] {dag.py:3508} INFO - Setting next_dagrun for example_external_task_marker_child to None, run_after=None
[2023-08-11T08:05:39.327+0000] {logging_mixin.py:150} INFO - [2023-08-11T08:05:39.327+0000] {dag.py:3508} INFO - Setting next_dagrun for example_external_task_marker_parent to None, run_after=None
[2023-08-11T08:05:39.346+0000] {processor.py:179} INFO - Processing /home/airflow/.local/lib/python3.7/site-packages/airflow/example_dags/example_external_task_marker_dag.py took 0.087 seconds
[2023-08-11T08:06:10.273+0000] {processor.py:157} INFO - Started process (PID=1811) to work on /home/airflow/.local/lib/python3.7/site-packages/airflow/example_dags/example_external_task_marker_dag.py
[2023-08-11T08:06:10.276+0000] {processor.py:826} INFO - Processing file /home/airflow/.local/lib/python3.7/site-packages/airflow/example_dags/example_external_task_marker_dag.py for tasks to queue
[2023-08-11T08:06:10.277+0000] {logging_mixin.py:150} INFO - [2023-08-11T08:06:10.276+0000] {dagbag.py:541} INFO - Filling up the DagBag from /home/airflow/.local/lib/python3.7/site-packages/airflow/example_dags/example_external_task_marker_dag.py
[2023-08-11T08:06:10.289+0000] {processor.py:836} INFO - DAG(s) dict_keys(['example_external_task_marker_parent', 'example_external_task_marker_child']) retrieved from /home/airflow/.local/lib/python3.7/site-packages/airflow/example_dags/example_external_task_marker_dag.py
[2023-08-11T08:06:10.378+0000] {logging_mixin.py:150} INFO - [2023-08-11T08:06:10.378+0000] {dag.py:2742} INFO - Sync 2 DAGs
[2023-08-11T08:06:10.440+0000] {logging_mixin.py:150} INFO - [2023-08-11T08:06:10.440+0000] {dag.py:3508} INFO - Setting next_dagrun for example_external_task_marker_child to None, run_after=None
[2023-08-11T08:06:10.447+0000] {logging_mixin.py:150} INFO - [2023-08-11T08:06:10.447+0000] {dag.py:3508} INFO - Setting next_dagrun for example_external_task_marker_parent to None, run_after=None
[2023-08-11T08:06:10.496+0000] {processor.py:179} INFO - Processing /home/airflow/.local/lib/python3.7/site-packages/airflow/example_dags/example_external_task_marker_dag.py took 0.232 seconds
[2023-08-11T08:06:41.263+0000] {processor.py:157} INFO - Started process (PID=1881) to work on /home/airflow/.local/lib/python3.7/site-packages/airflow/example_dags/example_external_task_marker_dag.py
[2023-08-11T08:06:41.263+0000] {processor.py:826} INFO - Processing file /home/airflow/.local/lib/python3.7/site-packages/airflow/example_dags/example_external_task_marker_dag.py for tasks to queue
[2023-08-11T08:06:41.264+0000] {logging_mixin.py:150} INFO - [2023-08-11T08:06:41.264+0000] {dagbag.py:541} INFO - Filling up the DagBag from /home/airflow/.local/lib/python3.7/site-packages/airflow/example_dags/example_external_task_marker_dag.py
[2023-08-11T08:06:41.274+0000] {processor.py:836} INFO - DAG(s) dict_keys(['example_external_task_marker_parent', 'example_external_task_marker_child']) retrieved from /home/airflow/.local/lib/python3.7/site-packages/airflow/example_dags/example_external_task_marker_dag.py
[2023-08-11T08:06:41.310+0000] {logging_mixin.py:150} INFO - [2023-08-11T08:06:41.310+0000] {dag.py:2742} INFO - Sync 2 DAGs
[2023-08-11T08:06:41.338+0000] {logging_mixin.py:150} INFO - [2023-08-11T08:06:41.338+0000] {dag.py:3508} INFO - Setting next_dagrun for example_external_task_marker_child to None, run_after=None
[2023-08-11T08:06:41.342+0000] {logging_mixin.py:150} INFO - [2023-08-11T08:06:41.342+0000] {dag.py:3508} INFO - Setting next_dagrun for example_external_task_marker_parent to None, run_after=None
[2023-08-11T08:06:41.366+0000] {processor.py:179} INFO - Processing /home/airflow/.local/lib/python3.7/site-packages/airflow/example_dags/example_external_task_marker_dag.py took 0.106 seconds
[2023-08-11T08:07:11.828+0000] {processor.py:157} INFO - Started process (PID=1949) to work on /home/airflow/.local/lib/python3.7/site-packages/airflow/example_dags/example_external_task_marker_dag.py
[2023-08-11T08:07:11.829+0000] {processor.py:826} INFO - Processing file /home/airflow/.local/lib/python3.7/site-packages/airflow/example_dags/example_external_task_marker_dag.py for tasks to queue
[2023-08-11T08:07:11.831+0000] {logging_mixin.py:150} INFO - [2023-08-11T08:07:11.830+0000] {dagbag.py:541} INFO - Filling up the DagBag from /home/airflow/.local/lib/python3.7/site-packages/airflow/example_dags/example_external_task_marker_dag.py
[2023-08-11T08:07:11.841+0000] {processor.py:836} INFO - DAG(s) dict_keys(['example_external_task_marker_child', 'example_external_task_marker_parent']) retrieved from /home/airflow/.local/lib/python3.7/site-packages/airflow/example_dags/example_external_task_marker_dag.py
[2023-08-11T08:07:11.896+0000] {logging_mixin.py:150} INFO - [2023-08-11T08:07:11.895+0000] {dag.py:2742} INFO - Sync 2 DAGs
[2023-08-11T08:07:11.965+0000] {logging_mixin.py:150} INFO - [2023-08-11T08:07:11.965+0000] {dag.py:3508} INFO - Setting next_dagrun for example_external_task_marker_child to None, run_after=None
[2023-08-11T08:07:11.973+0000] {logging_mixin.py:150} INFO - [2023-08-11T08:07:11.973+0000] {dag.py:3508} INFO - Setting next_dagrun for example_external_task_marker_parent to None, run_after=None
[2023-08-11T08:07:12.006+0000] {processor.py:179} INFO - Processing /home/airflow/.local/lib/python3.7/site-packages/airflow/example_dags/example_external_task_marker_dag.py took 0.182 seconds
[2023-08-11T08:07:42.669+0000] {processor.py:157} INFO - Started process (PID=2018) to work on /home/airflow/.local/lib/python3.7/site-packages/airflow/example_dags/example_external_task_marker_dag.py
[2023-08-11T08:07:42.670+0000] {processor.py:826} INFO - Processing file /home/airflow/.local/lib/python3.7/site-packages/airflow/example_dags/example_external_task_marker_dag.py for tasks to queue
[2023-08-11T08:07:42.671+0000] {logging_mixin.py:150} INFO - [2023-08-11T08:07:42.671+0000] {dagbag.py:541} INFO - Filling up the DagBag from /home/airflow/.local/lib/python3.7/site-packages/airflow/example_dags/example_external_task_marker_dag.py
[2023-08-11T08:07:42.677+0000] {processor.py:836} INFO - DAG(s) dict_keys(['example_external_task_marker_child', 'example_external_task_marker_parent']) retrieved from /home/airflow/.local/lib/python3.7/site-packages/airflow/example_dags/example_external_task_marker_dag.py
[2023-08-11T08:07:42.714+0000] {logging_mixin.py:150} INFO - [2023-08-11T08:07:42.714+0000] {dag.py:2742} INFO - Sync 2 DAGs
[2023-08-11T08:07:42.741+0000] {logging_mixin.py:150} INFO - [2023-08-11T08:07:42.741+0000] {dag.py:3508} INFO - Setting next_dagrun for example_external_task_marker_child to None, run_after=None
[2023-08-11T08:07:42.745+0000] {logging_mixin.py:150} INFO - [2023-08-11T08:07:42.745+0000] {dag.py:3508} INFO - Setting next_dagrun for example_external_task_marker_parent to None, run_after=None
[2023-08-11T08:07:42.770+0000] {processor.py:179} INFO - Processing /home/airflow/.local/lib/python3.7/site-packages/airflow/example_dags/example_external_task_marker_dag.py took 0.105 seconds
[2023-08-11T08:08:12.914+0000] {processor.py:157} INFO - Started process (PID=2083) to work on /home/airflow/.local/lib/python3.7/site-packages/airflow/example_dags/example_external_task_marker_dag.py
[2023-08-11T08:08:12.916+0000] {processor.py:826} INFO - Processing file /home/airflow/.local/lib/python3.7/site-packages/airflow/example_dags/example_external_task_marker_dag.py for tasks to queue
[2023-08-11T08:08:12.917+0000] {logging_mixin.py:150} INFO - [2023-08-11T08:08:12.917+0000] {dagbag.py:541} INFO - Filling up the DagBag from /home/airflow/.local/lib/python3.7/site-packages/airflow/example_dags/example_external_task_marker_dag.py
[2023-08-11T08:08:12.922+0000] {processor.py:836} INFO - DAG(s) dict_keys(['example_external_task_marker_child', 'example_external_task_marker_parent']) retrieved from /home/airflow/.local/lib/python3.7/site-packages/airflow/example_dags/example_external_task_marker_dag.py
[2023-08-11T08:08:12.953+0000] {logging_mixin.py:150} INFO - [2023-08-11T08:08:12.952+0000] {dag.py:2742} INFO - Sync 2 DAGs
[2023-08-11T08:08:12.977+0000] {logging_mixin.py:150} INFO - [2023-08-11T08:08:12.977+0000] {dag.py:3508} INFO - Setting next_dagrun for example_external_task_marker_child to None, run_after=None
[2023-08-11T08:08:12.980+0000] {logging_mixin.py:150} INFO - [2023-08-11T08:08:12.980+0000] {dag.py:3508} INFO - Setting next_dagrun for example_external_task_marker_parent to None, run_after=None
[2023-08-11T08:08:12.997+0000] {processor.py:179} INFO - Processing /home/airflow/.local/lib/python3.7/site-packages/airflow/example_dags/example_external_task_marker_dag.py took 0.086 seconds
[2023-08-11T08:08:43.500+0000] {processor.py:157} INFO - Started process (PID=2149) to work on /home/airflow/.local/lib/python3.7/site-packages/airflow/example_dags/example_external_task_marker_dag.py
[2023-08-11T08:08:43.502+0000] {processor.py:826} INFO - Processing file /home/airflow/.local/lib/python3.7/site-packages/airflow/example_dags/example_external_task_marker_dag.py for tasks to queue
[2023-08-11T08:08:43.503+0000] {logging_mixin.py:150} INFO - [2023-08-11T08:08:43.503+0000] {dagbag.py:541} INFO - Filling up the DagBag from /home/airflow/.local/lib/python3.7/site-packages/airflow/example_dags/example_external_task_marker_dag.py
[2023-08-11T08:08:43.509+0000] {processor.py:836} INFO - DAG(s) dict_keys(['example_external_task_marker_parent', 'example_external_task_marker_child']) retrieved from /home/airflow/.local/lib/python3.7/site-packages/airflow/example_dags/example_external_task_marker_dag.py
[2023-08-11T08:08:43.539+0000] {logging_mixin.py:150} INFO - [2023-08-11T08:08:43.539+0000] {dag.py:2742} INFO - Sync 2 DAGs
[2023-08-11T08:08:43.567+0000] {logging_mixin.py:150} INFO - [2023-08-11T08:08:43.566+0000] {dag.py:3508} INFO - Setting next_dagrun for example_external_task_marker_child to None, run_after=None
[2023-08-11T08:08:43.570+0000] {logging_mixin.py:150} INFO - [2023-08-11T08:08:43.570+0000] {dag.py:3508} INFO - Setting next_dagrun for example_external_task_marker_parent to None, run_after=None
[2023-08-11T08:08:43.590+0000] {processor.py:179} INFO - Processing /home/airflow/.local/lib/python3.7/site-packages/airflow/example_dags/example_external_task_marker_dag.py took 0.093 seconds
[2023-08-11T08:09:13.965+0000] {processor.py:157} INFO - Started process (PID=2215) to work on /home/airflow/.local/lib/python3.7/site-packages/airflow/example_dags/example_external_task_marker_dag.py
[2023-08-11T08:09:13.966+0000] {processor.py:826} INFO - Processing file /home/airflow/.local/lib/python3.7/site-packages/airflow/example_dags/example_external_task_marker_dag.py for tasks to queue
[2023-08-11T08:09:13.967+0000] {logging_mixin.py:150} INFO - [2023-08-11T08:09:13.967+0000] {dagbag.py:541} INFO - Filling up the DagBag from /home/airflow/.local/lib/python3.7/site-packages/airflow/example_dags/example_external_task_marker_dag.py
[2023-08-11T08:09:13.972+0000] {processor.py:836} INFO - DAG(s) dict_keys(['example_external_task_marker_child', 'example_external_task_marker_parent']) retrieved from /home/airflow/.local/lib/python3.7/site-packages/airflow/example_dags/example_external_task_marker_dag.py
[2023-08-11T08:09:14.003+0000] {logging_mixin.py:150} INFO - [2023-08-11T08:09:14.002+0000] {dag.py:2742} INFO - Sync 2 DAGs
[2023-08-11T08:09:14.028+0000] {logging_mixin.py:150} INFO - [2023-08-11T08:09:14.027+0000] {dag.py:3508} INFO - Setting next_dagrun for example_external_task_marker_child to None, run_after=None
[2023-08-11T08:09:14.031+0000] {logging_mixin.py:150} INFO - [2023-08-11T08:09:14.031+0000] {dag.py:3508} INFO - Setting next_dagrun for example_external_task_marker_parent to None, run_after=None
[2023-08-11T08:09:14.051+0000] {processor.py:179} INFO - Processing /home/airflow/.local/lib/python3.7/site-packages/airflow/example_dags/example_external_task_marker_dag.py took 0.089 seconds
[2023-08-11T08:09:44.339+0000] {processor.py:157} INFO - Started process (PID=2281) to work on /home/airflow/.local/lib/python3.7/site-packages/airflow/example_dags/example_external_task_marker_dag.py
[2023-08-11T08:09:44.340+0000] {processor.py:826} INFO - Processing file /home/airflow/.local/lib/python3.7/site-packages/airflow/example_dags/example_external_task_marker_dag.py for tasks to queue
[2023-08-11T08:09:44.340+0000] {logging_mixin.py:150} INFO - [2023-08-11T08:09:44.340+0000] {dagbag.py:541} INFO - Filling up the DagBag from /home/airflow/.local/lib/python3.7/site-packages/airflow/example_dags/example_external_task_marker_dag.py
[2023-08-11T08:09:44.346+0000] {processor.py:836} INFO - DAG(s) dict_keys(['example_external_task_marker_child', 'example_external_task_marker_parent']) retrieved from /home/airflow/.local/lib/python3.7/site-packages/airflow/example_dags/example_external_task_marker_dag.py
[2023-08-11T08:09:44.380+0000] {logging_mixin.py:150} INFO - [2023-08-11T08:09:44.380+0000] {dag.py:2742} INFO - Sync 2 DAGs
[2023-08-11T08:09:44.402+0000] {logging_mixin.py:150} INFO - [2023-08-11T08:09:44.402+0000] {dag.py:3508} INFO - Setting next_dagrun for example_external_task_marker_child to None, run_after=None
[2023-08-11T08:09:44.405+0000] {logging_mixin.py:150} INFO - [2023-08-11T08:09:44.405+0000] {dag.py:3508} INFO - Setting next_dagrun for example_external_task_marker_parent to None, run_after=None
[2023-08-11T08:09:44.425+0000] {processor.py:179} INFO - Processing /home/airflow/.local/lib/python3.7/site-packages/airflow/example_dags/example_external_task_marker_dag.py took 0.089 seconds
[2023-08-11T08:10:15.087+0000] {processor.py:157} INFO - Started process (PID=2347) to work on /home/airflow/.local/lib/python3.7/site-packages/airflow/example_dags/example_external_task_marker_dag.py
[2023-08-11T08:10:15.088+0000] {processor.py:826} INFO - Processing file /home/airflow/.local/lib/python3.7/site-packages/airflow/example_dags/example_external_task_marker_dag.py for tasks to queue
[2023-08-11T08:10:15.089+0000] {logging_mixin.py:150} INFO - [2023-08-11T08:10:15.088+0000] {dagbag.py:541} INFO - Filling up the DagBag from /home/airflow/.local/lib/python3.7/site-packages/airflow/example_dags/example_external_task_marker_dag.py
[2023-08-11T08:10:15.093+0000] {processor.py:836} INFO - DAG(s) dict_keys(['example_external_task_marker_parent', 'example_external_task_marker_child']) retrieved from /home/airflow/.local/lib/python3.7/site-packages/airflow/example_dags/example_external_task_marker_dag.py
[2023-08-11T08:10:15.127+0000] {logging_mixin.py:150} INFO - [2023-08-11T08:10:15.127+0000] {dag.py:2742} INFO - Sync 2 DAGs
[2023-08-11T08:10:15.158+0000] {logging_mixin.py:150} INFO - [2023-08-11T08:10:15.157+0000] {dag.py:3508} INFO - Setting next_dagrun for example_external_task_marker_child to None, run_after=None
[2023-08-11T08:10:15.164+0000] {logging_mixin.py:150} INFO - [2023-08-11T08:10:15.163+0000] {dag.py:3508} INFO - Setting next_dagrun for example_external_task_marker_parent to None, run_after=None
[2023-08-11T08:10:15.192+0000] {processor.py:179} INFO - Processing /home/airflow/.local/lib/python3.7/site-packages/airflow/example_dags/example_external_task_marker_dag.py took 0.108 seconds
[2023-08-11T08:10:45.606+0000] {processor.py:157} INFO - Started process (PID=2413) to work on /home/airflow/.local/lib/python3.7/site-packages/airflow/example_dags/example_external_task_marker_dag.py
[2023-08-11T08:10:45.607+0000] {processor.py:826} INFO - Processing file /home/airflow/.local/lib/python3.7/site-packages/airflow/example_dags/example_external_task_marker_dag.py for tasks to queue
[2023-08-11T08:10:45.607+0000] {logging_mixin.py:150} INFO - [2023-08-11T08:10:45.607+0000] {dagbag.py:541} INFO - Filling up the DagBag from /home/airflow/.local/lib/python3.7/site-packages/airflow/example_dags/example_external_task_marker_dag.py
[2023-08-11T08:10:45.613+0000] {processor.py:836} INFO - DAG(s) dict_keys(['example_external_task_marker_child', 'example_external_task_marker_parent']) retrieved from /home/airflow/.local/lib/python3.7/site-packages/airflow/example_dags/example_external_task_marker_dag.py
[2023-08-11T08:10:45.652+0000] {logging_mixin.py:150} INFO - [2023-08-11T08:10:45.652+0000] {dag.py:2742} INFO - Sync 2 DAGs
[2023-08-11T08:10:45.683+0000] {logging_mixin.py:150} INFO - [2023-08-11T08:10:45.683+0000] {dag.py:3508} INFO - Setting next_dagrun for example_external_task_marker_child to None, run_after=None
[2023-08-11T08:10:45.688+0000] {logging_mixin.py:150} INFO - [2023-08-11T08:10:45.687+0000] {dag.py:3508} INFO - Setting next_dagrun for example_external_task_marker_parent to None, run_after=None
[2023-08-11T08:10:45.712+0000] {processor.py:179} INFO - Processing /home/airflow/.local/lib/python3.7/site-packages/airflow/example_dags/example_external_task_marker_dag.py took 0.109 seconds
[2023-08-11T08:11:16.050+0000] {processor.py:157} INFO - Started process (PID=2480) to work on /home/airflow/.local/lib/python3.7/site-packages/airflow/example_dags/example_external_task_marker_dag.py
[2023-08-11T08:11:16.052+0000] {processor.py:826} INFO - Processing file /home/airflow/.local/lib/python3.7/site-packages/airflow/example_dags/example_external_task_marker_dag.py for tasks to queue
[2023-08-11T08:11:16.053+0000] {logging_mixin.py:150} INFO - [2023-08-11T08:11:16.052+0000] {dagbag.py:541} INFO - Filling up the DagBag from /home/airflow/.local/lib/python3.7/site-packages/airflow/example_dags/example_external_task_marker_dag.py
[2023-08-11T08:11:16.058+0000] {processor.py:836} INFO - DAG(s) dict_keys(['example_external_task_marker_parent', 'example_external_task_marker_child']) retrieved from /home/airflow/.local/lib/python3.7/site-packages/airflow/example_dags/example_external_task_marker_dag.py
[2023-08-11T08:11:16.095+0000] {logging_mixin.py:150} INFO - [2023-08-11T08:11:16.094+0000] {dag.py:2742} INFO - Sync 2 DAGs
[2023-08-11T08:11:16.120+0000] {logging_mixin.py:150} INFO - [2023-08-11T08:11:16.119+0000] {dag.py:3508} INFO - Setting next_dagrun for example_external_task_marker_child to None, run_after=None
[2023-08-11T08:11:16.123+0000] {logging_mixin.py:150} INFO - [2023-08-11T08:11:16.123+0000] {dag.py:3508} INFO - Setting next_dagrun for example_external_task_marker_parent to None, run_after=None
[2023-08-11T08:11:16.141+0000] {processor.py:179} INFO - Processing /home/airflow/.local/lib/python3.7/site-packages/airflow/example_dags/example_external_task_marker_dag.py took 0.095 seconds
[2023-08-11T08:11:46.689+0000] {processor.py:157} INFO - Started process (PID=2546) to work on /home/airflow/.local/lib/python3.7/site-packages/airflow/example_dags/example_external_task_marker_dag.py
[2023-08-11T08:11:46.690+0000] {processor.py:826} INFO - Processing file /home/airflow/.local/lib/python3.7/site-packages/airflow/example_dags/example_external_task_marker_dag.py for tasks to queue
[2023-08-11T08:11:46.690+0000] {logging_mixin.py:150} INFO - [2023-08-11T08:11:46.690+0000] {dagbag.py:541} INFO - Filling up the DagBag from /home/airflow/.local/lib/python3.7/site-packages/airflow/example_dags/example_external_task_marker_dag.py
[2023-08-11T08:11:46.695+0000] {processor.py:836} INFO - DAG(s) dict_keys(['example_external_task_marker_parent', 'example_external_task_marker_child']) retrieved from /home/airflow/.local/lib/python3.7/site-packages/airflow/example_dags/example_external_task_marker_dag.py
[2023-08-11T08:11:46.727+0000] {logging_mixin.py:150} INFO - [2023-08-11T08:11:46.727+0000] {dag.py:2742} INFO - Sync 2 DAGs
[2023-08-11T08:11:46.754+0000] {logging_mixin.py:150} INFO - [2023-08-11T08:11:46.753+0000] {dag.py:3508} INFO - Setting next_dagrun for example_external_task_marker_child to None, run_after=None
[2023-08-11T08:11:46.757+0000] {logging_mixin.py:150} INFO - [2023-08-11T08:11:46.757+0000] {dag.py:3508} INFO - Setting next_dagrun for example_external_task_marker_parent to None, run_after=None
[2023-08-11T08:11:46.776+0000] {processor.py:179} INFO - Processing /home/airflow/.local/lib/python3.7/site-packages/airflow/example_dags/example_external_task_marker_dag.py took 0.090 seconds
[2023-08-11T08:12:17.332+0000] {processor.py:157} INFO - Started process (PID=2612) to work on /home/airflow/.local/lib/python3.7/site-packages/airflow/example_dags/example_external_task_marker_dag.py
[2023-08-11T08:12:17.339+0000] {processor.py:826} INFO - Processing file /home/airflow/.local/lib/python3.7/site-packages/airflow/example_dags/example_external_task_marker_dag.py for tasks to queue
[2023-08-11T08:12:17.340+0000] {logging_mixin.py:150} INFO - [2023-08-11T08:12:17.340+0000] {dagbag.py:541} INFO - Filling up the DagBag from /home/airflow/.local/lib/python3.7/site-packages/airflow/example_dags/example_external_task_marker_dag.py
[2023-08-11T08:12:17.344+0000] {processor.py:836} INFO - DAG(s) dict_keys(['example_external_task_marker_child', 'example_external_task_marker_parent']) retrieved from /home/airflow/.local/lib/python3.7/site-packages/airflow/example_dags/example_external_task_marker_dag.py
[2023-08-11T08:12:17.374+0000] {logging_mixin.py:150} INFO - [2023-08-11T08:12:17.374+0000] {dag.py:2742} INFO - Sync 2 DAGs
[2023-08-11T08:12:17.398+0000] {logging_mixin.py:150} INFO - [2023-08-11T08:12:17.398+0000] {dag.py:3508} INFO - Setting next_dagrun for example_external_task_marker_child to None, run_after=None
[2023-08-11T08:12:17.403+0000] {logging_mixin.py:150} INFO - [2023-08-11T08:12:17.403+0000] {dag.py:3508} INFO - Setting next_dagrun for example_external_task_marker_parent to None, run_after=None
[2023-08-11T08:12:17.425+0000] {processor.py:179} INFO - Processing /home/airflow/.local/lib/python3.7/site-packages/airflow/example_dags/example_external_task_marker_dag.py took 0.095 seconds
[2023-08-11T08:12:48.128+0000] {processor.py:157} INFO - Started process (PID=2678) to work on /home/airflow/.local/lib/python3.7/site-packages/airflow/example_dags/example_external_task_marker_dag.py
[2023-08-11T08:12:48.129+0000] {processor.py:826} INFO - Processing file /home/airflow/.local/lib/python3.7/site-packages/airflow/example_dags/example_external_task_marker_dag.py for tasks to queue
[2023-08-11T08:12:48.130+0000] {logging_mixin.py:150} INFO - [2023-08-11T08:12:48.130+0000] {dagbag.py:541} INFO - Filling up the DagBag from /home/airflow/.local/lib/python3.7/site-packages/airflow/example_dags/example_external_task_marker_dag.py
[2023-08-11T08:12:48.141+0000] {processor.py:836} INFO - DAG(s) dict_keys(['example_external_task_marker_parent', 'example_external_task_marker_child']) retrieved from /home/airflow/.local/lib/python3.7/site-packages/airflow/example_dags/example_external_task_marker_dag.py
[2023-08-11T08:12:48.183+0000] {logging_mixin.py:150} INFO - [2023-08-11T08:12:48.183+0000] {dag.py:2742} INFO - Sync 2 DAGs
[2023-08-11T08:12:48.221+0000] {logging_mixin.py:150} INFO - [2023-08-11T08:12:48.220+0000] {dag.py:3508} INFO - Setting next_dagrun for example_external_task_marker_child to None, run_after=None
[2023-08-11T08:12:48.228+0000] {logging_mixin.py:150} INFO - [2023-08-11T08:12:48.228+0000] {dag.py:3508} INFO - Setting next_dagrun for example_external_task_marker_parent to None, run_after=None
[2023-08-11T08:12:48.261+0000] {processor.py:179} INFO - Processing /home/airflow/.local/lib/python3.7/site-packages/airflow/example_dags/example_external_task_marker_dag.py took 0.138 seconds
[2023-08-11T08:13:18.326+0000] {processor.py:157} INFO - Started process (PID=2744) to work on /home/airflow/.local/lib/python3.7/site-packages/airflow/example_dags/example_external_task_marker_dag.py
[2023-08-11T08:13:18.327+0000] {processor.py:826} INFO - Processing file /home/airflow/.local/lib/python3.7/site-packages/airflow/example_dags/example_external_task_marker_dag.py for tasks to queue
[2023-08-11T08:13:18.328+0000] {logging_mixin.py:150} INFO - [2023-08-11T08:13:18.327+0000] {dagbag.py:541} INFO - Filling up the DagBag from /home/airflow/.local/lib/python3.7/site-packages/airflow/example_dags/example_external_task_marker_dag.py
[2023-08-11T08:13:18.332+0000] {processor.py:836} INFO - DAG(s) dict_keys(['example_external_task_marker_child', 'example_external_task_marker_parent']) retrieved from /home/airflow/.local/lib/python3.7/site-packages/airflow/example_dags/example_external_task_marker_dag.py
[2023-08-11T08:13:18.364+0000] {logging_mixin.py:150} INFO - [2023-08-11T08:13:18.364+0000] {dag.py:2742} INFO - Sync 2 DAGs
[2023-08-11T08:13:18.391+0000] {logging_mixin.py:150} INFO - [2023-08-11T08:13:18.391+0000] {dag.py:3508} INFO - Setting next_dagrun for example_external_task_marker_child to None, run_after=None
[2023-08-11T08:13:18.395+0000] {logging_mixin.py:150} INFO - [2023-08-11T08:13:18.394+0000] {dag.py:3508} INFO - Setting next_dagrun for example_external_task_marker_parent to None, run_after=None
[2023-08-11T08:13:18.416+0000] {processor.py:179} INFO - Processing /home/airflow/.local/lib/python3.7/site-packages/airflow/example_dags/example_external_task_marker_dag.py took 0.093 seconds
[2023-08-11T08:13:49.142+0000] {processor.py:157} INFO - Started process (PID=2810) to work on /home/airflow/.local/lib/python3.7/site-packages/airflow/example_dags/example_external_task_marker_dag.py
[2023-08-11T08:13:49.143+0000] {processor.py:826} INFO - Processing file /home/airflow/.local/lib/python3.7/site-packages/airflow/example_dags/example_external_task_marker_dag.py for tasks to queue
[2023-08-11T08:13:49.144+0000] {logging_mixin.py:150} INFO - [2023-08-11T08:13:49.143+0000] {dagbag.py:541} INFO - Filling up the DagBag from /home/airflow/.local/lib/python3.7/site-packages/airflow/example_dags/example_external_task_marker_dag.py
[2023-08-11T08:13:49.149+0000] {processor.py:836} INFO - DAG(s) dict_keys(['example_external_task_marker_parent', 'example_external_task_marker_child']) retrieved from /home/airflow/.local/lib/python3.7/site-packages/airflow/example_dags/example_external_task_marker_dag.py
[2023-08-11T08:13:49.180+0000] {logging_mixin.py:150} INFO - [2023-08-11T08:13:49.180+0000] {dag.py:2742} INFO - Sync 2 DAGs
[2023-08-11T08:13:49.204+0000] {logging_mixin.py:150} INFO - [2023-08-11T08:13:49.204+0000] {dag.py:3508} INFO - Setting next_dagrun for example_external_task_marker_child to None, run_after=None
[2023-08-11T08:13:49.209+0000] {logging_mixin.py:150} INFO - [2023-08-11T08:13:49.209+0000] {dag.py:3508} INFO - Setting next_dagrun for example_external_task_marker_parent to None, run_after=None
[2023-08-11T08:13:49.229+0000] {processor.py:179} INFO - Processing /home/airflow/.local/lib/python3.7/site-packages/airflow/example_dags/example_external_task_marker_dag.py took 0.092 seconds
[2023-08-11T08:14:19.738+0000] {processor.py:157} INFO - Started process (PID=2876) to work on /home/airflow/.local/lib/python3.7/site-packages/airflow/example_dags/example_external_task_marker_dag.py
[2023-08-11T08:14:19.742+0000] {processor.py:826} INFO - Processing file /home/airflow/.local/lib/python3.7/site-packages/airflow/example_dags/example_external_task_marker_dag.py for tasks to queue
[2023-08-11T08:14:19.743+0000] {logging_mixin.py:150} INFO - [2023-08-11T08:14:19.743+0000] {dagbag.py:541} INFO - Filling up the DagBag from /home/airflow/.local/lib/python3.7/site-packages/airflow/example_dags/example_external_task_marker_dag.py
[2023-08-11T08:14:19.750+0000] {processor.py:836} INFO - DAG(s) dict_keys(['example_external_task_marker_parent', 'example_external_task_marker_child']) retrieved from /home/airflow/.local/lib/python3.7/site-packages/airflow/example_dags/example_external_task_marker_dag.py
[2023-08-11T08:14:19.784+0000] {logging_mixin.py:150} INFO - [2023-08-11T08:14:19.784+0000] {dag.py:2742} INFO - Sync 2 DAGs
[2023-08-11T08:14:19.814+0000] {logging_mixin.py:150} INFO - [2023-08-11T08:14:19.814+0000] {dag.py:3508} INFO - Setting next_dagrun for example_external_task_marker_child to None, run_after=None
[2023-08-11T08:14:19.818+0000] {logging_mixin.py:150} INFO - [2023-08-11T08:14:19.818+0000] {dag.py:3508} INFO - Setting next_dagrun for example_external_task_marker_parent to None, run_after=None
[2023-08-11T08:14:19.841+0000] {processor.py:179} INFO - Processing /home/airflow/.local/lib/python3.7/site-packages/airflow/example_dags/example_external_task_marker_dag.py took 0.105 seconds
[2023-08-11T08:14:50.464+0000] {processor.py:157} INFO - Started process (PID=2943) to work on /home/airflow/.local/lib/python3.7/site-packages/airflow/example_dags/example_external_task_marker_dag.py
[2023-08-11T08:14:50.464+0000] {processor.py:826} INFO - Processing file /home/airflow/.local/lib/python3.7/site-packages/airflow/example_dags/example_external_task_marker_dag.py for tasks to queue
[2023-08-11T08:14:50.465+0000] {logging_mixin.py:150} INFO - [2023-08-11T08:14:50.465+0000] {dagbag.py:541} INFO - Filling up the DagBag from /home/airflow/.local/lib/python3.7/site-packages/airflow/example_dags/example_external_task_marker_dag.py
[2023-08-11T08:14:50.472+0000] {processor.py:836} INFO - DAG(s) dict_keys(['example_external_task_marker_parent', 'example_external_task_marker_child']) retrieved from /home/airflow/.local/lib/python3.7/site-packages/airflow/example_dags/example_external_task_marker_dag.py
[2023-08-11T08:14:50.502+0000] {logging_mixin.py:150} INFO - [2023-08-11T08:14:50.502+0000] {dag.py:2742} INFO - Sync 2 DAGs
[2023-08-11T08:14:50.524+0000] {logging_mixin.py:150} INFO - [2023-08-11T08:14:50.524+0000] {dag.py:3508} INFO - Setting next_dagrun for example_external_task_marker_child to None, run_after=None
[2023-08-11T08:14:50.528+0000] {logging_mixin.py:150} INFO - [2023-08-11T08:14:50.528+0000] {dag.py:3508} INFO - Setting next_dagrun for example_external_task_marker_parent to None, run_after=None
[2023-08-11T08:14:50.548+0000] {processor.py:179} INFO - Processing /home/airflow/.local/lib/python3.7/site-packages/airflow/example_dags/example_external_task_marker_dag.py took 0.087 seconds
[2023-08-11T08:15:21.362+0000] {processor.py:157} INFO - Started process (PID=3009) to work on /home/airflow/.local/lib/python3.7/site-packages/airflow/example_dags/example_external_task_marker_dag.py
[2023-08-11T08:15:21.364+0000] {processor.py:826} INFO - Processing file /home/airflow/.local/lib/python3.7/site-packages/airflow/example_dags/example_external_task_marker_dag.py for tasks to queue
[2023-08-11T08:15:21.365+0000] {logging_mixin.py:150} INFO - [2023-08-11T08:15:21.365+0000] {dagbag.py:541} INFO - Filling up the DagBag from /home/airflow/.local/lib/python3.7/site-packages/airflow/example_dags/example_external_task_marker_dag.py
[2023-08-11T08:15:21.373+0000] {processor.py:836} INFO - DAG(s) dict_keys(['example_external_task_marker_parent', 'example_external_task_marker_child']) retrieved from /home/airflow/.local/lib/python3.7/site-packages/airflow/example_dags/example_external_task_marker_dag.py
[2023-08-11T08:15:21.405+0000] {logging_mixin.py:150} INFO - [2023-08-11T08:15:21.405+0000] {dag.py:2742} INFO - Sync 2 DAGs
[2023-08-11T08:15:21.431+0000] {logging_mixin.py:150} INFO - [2023-08-11T08:15:21.431+0000] {dag.py:3508} INFO - Setting next_dagrun for example_external_task_marker_child to None, run_after=None
[2023-08-11T08:15:21.434+0000] {logging_mixin.py:150} INFO - [2023-08-11T08:15:21.434+0000] {dag.py:3508} INFO - Setting next_dagrun for example_external_task_marker_parent to None, run_after=None
[2023-08-11T08:15:21.455+0000] {processor.py:179} INFO - Processing /home/airflow/.local/lib/python3.7/site-packages/airflow/example_dags/example_external_task_marker_dag.py took 0.097 seconds
[2023-08-11T08:15:52.398+0000] {processor.py:157} INFO - Started process (PID=3076) to work on /home/airflow/.local/lib/python3.7/site-packages/airflow/example_dags/example_external_task_marker_dag.py
[2023-08-11T08:15:52.398+0000] {processor.py:826} INFO - Processing file /home/airflow/.local/lib/python3.7/site-packages/airflow/example_dags/example_external_task_marker_dag.py for tasks to queue
[2023-08-11T08:15:52.399+0000] {logging_mixin.py:150} INFO - [2023-08-11T08:15:52.399+0000] {dagbag.py:541} INFO - Filling up the DagBag from /home/airflow/.local/lib/python3.7/site-packages/airflow/example_dags/example_external_task_marker_dag.py
[2023-08-11T08:15:52.404+0000] {processor.py:836} INFO - DAG(s) dict_keys(['example_external_task_marker_parent', 'example_external_task_marker_child']) retrieved from /home/airflow/.local/lib/python3.7/site-packages/airflow/example_dags/example_external_task_marker_dag.py
[2023-08-11T08:15:52.435+0000] {logging_mixin.py:150} INFO - [2023-08-11T08:15:52.435+0000] {dag.py:2742} INFO - Sync 2 DAGs
[2023-08-11T08:15:52.460+0000] {logging_mixin.py:150} INFO - [2023-08-11T08:15:52.459+0000] {dag.py:3508} INFO - Setting next_dagrun for example_external_task_marker_child to None, run_after=None
[2023-08-11T08:15:52.467+0000] {logging_mixin.py:150} INFO - [2023-08-11T08:15:52.466+0000] {dag.py:3508} INFO - Setting next_dagrun for example_external_task_marker_parent to None, run_after=None
[2023-08-11T08:15:52.488+0000] {processor.py:179} INFO - Processing /home/airflow/.local/lib/python3.7/site-packages/airflow/example_dags/example_external_task_marker_dag.py took 0.094 seconds
[2023-08-11T08:16:22.902+0000] {processor.py:157} INFO - Started process (PID=3144) to work on /home/airflow/.local/lib/python3.7/site-packages/airflow/example_dags/example_external_task_marker_dag.py
[2023-08-11T08:16:22.904+0000] {processor.py:826} INFO - Processing file /home/airflow/.local/lib/python3.7/site-packages/airflow/example_dags/example_external_task_marker_dag.py for tasks to queue
[2023-08-11T08:16:22.905+0000] {logging_mixin.py:150} INFO - [2023-08-11T08:16:22.905+0000] {dagbag.py:541} INFO - Filling up the DagBag from /home/airflow/.local/lib/python3.7/site-packages/airflow/example_dags/example_external_task_marker_dag.py
[2023-08-11T08:16:22.909+0000] {processor.py:836} INFO - DAG(s) dict_keys(['example_external_task_marker_parent', 'example_external_task_marker_child']) retrieved from /home/airflow/.local/lib/python3.7/site-packages/airflow/example_dags/example_external_task_marker_dag.py
[2023-08-11T08:16:22.942+0000] {logging_mixin.py:150} INFO - [2023-08-11T08:16:22.942+0000] {dag.py:2742} INFO - Sync 2 DAGs
[2023-08-11T08:16:22.969+0000] {logging_mixin.py:150} INFO - [2023-08-11T08:16:22.969+0000] {dag.py:3508} INFO - Setting next_dagrun for example_external_task_marker_child to None, run_after=None
[2023-08-11T08:16:22.972+0000] {logging_mixin.py:150} INFO - [2023-08-11T08:16:22.972+0000] {dag.py:3508} INFO - Setting next_dagrun for example_external_task_marker_parent to None, run_after=None
[2023-08-11T08:16:22.993+0000] {processor.py:179} INFO - Processing /home/airflow/.local/lib/python3.7/site-packages/airflow/example_dags/example_external_task_marker_dag.py took 0.094 seconds
[2023-08-11T08:16:53.724+0000] {processor.py:157} INFO - Started process (PID=3212) to work on /home/airflow/.local/lib/python3.7/site-packages/airflow/example_dags/example_external_task_marker_dag.py
[2023-08-11T08:16:53.726+0000] {processor.py:826} INFO - Processing file /home/airflow/.local/lib/python3.7/site-packages/airflow/example_dags/example_external_task_marker_dag.py for tasks to queue
[2023-08-11T08:16:53.727+0000] {logging_mixin.py:150} INFO - [2023-08-11T08:16:53.727+0000] {dagbag.py:541} INFO - Filling up the DagBag from /home/airflow/.local/lib/python3.7/site-packages/airflow/example_dags/example_external_task_marker_dag.py
[2023-08-11T08:16:53.740+0000] {processor.py:836} INFO - DAG(s) dict_keys(['example_external_task_marker_parent', 'example_external_task_marker_child']) retrieved from /home/airflow/.local/lib/python3.7/site-packages/airflow/example_dags/example_external_task_marker_dag.py
[2023-08-11T08:16:53.793+0000] {logging_mixin.py:150} INFO - [2023-08-11T08:16:53.793+0000] {dag.py:2742} INFO - Sync 2 DAGs
[2023-08-11T08:16:53.829+0000] {logging_mixin.py:150} INFO - [2023-08-11T08:16:53.829+0000] {dag.py:3508} INFO - Setting next_dagrun for example_external_task_marker_child to None, run_after=None
[2023-08-11T08:16:53.837+0000] {logging_mixin.py:150} INFO - [2023-08-11T08:16:53.836+0000] {dag.py:3508} INFO - Setting next_dagrun for example_external_task_marker_parent to None, run_after=None
[2023-08-11T08:16:53.863+0000] {processor.py:179} INFO - Processing /home/airflow/.local/lib/python3.7/site-packages/airflow/example_dags/example_external_task_marker_dag.py took 0.142 seconds
[2023-08-11T08:17:24.050+0000] {processor.py:157} INFO - Started process (PID=3290) to work on /home/airflow/.local/lib/python3.7/site-packages/airflow/example_dags/example_external_task_marker_dag.py
[2023-08-11T08:17:24.056+0000] {processor.py:826} INFO - Processing file /home/airflow/.local/lib/python3.7/site-packages/airflow/example_dags/example_external_task_marker_dag.py for tasks to queue
[2023-08-11T08:17:24.060+0000] {logging_mixin.py:150} INFO - [2023-08-11T08:17:24.059+0000] {dagbag.py:541} INFO - Filling up the DagBag from /home/airflow/.local/lib/python3.7/site-packages/airflow/example_dags/example_external_task_marker_dag.py
[2023-08-11T08:17:24.074+0000] {processor.py:836} INFO - DAG(s) dict_keys(['example_external_task_marker_child', 'example_external_task_marker_parent']) retrieved from /home/airflow/.local/lib/python3.7/site-packages/airflow/example_dags/example_external_task_marker_dag.py
[2023-08-11T08:17:24.170+0000] {logging_mixin.py:150} INFO - [2023-08-11T08:17:24.170+0000] {dag.py:2742} INFO - Sync 2 DAGs
[2023-08-11T08:17:24.275+0000] {logging_mixin.py:150} INFO - [2023-08-11T08:17:24.275+0000] {dag.py:3508} INFO - Setting next_dagrun for example_external_task_marker_child to None, run_after=None
[2023-08-11T08:17:24.303+0000] {logging_mixin.py:150} INFO - [2023-08-11T08:17:24.302+0000] {dag.py:3508} INFO - Setting next_dagrun for example_external_task_marker_parent to None, run_after=None
[2023-08-11T08:17:24.352+0000] {processor.py:179} INFO - Processing /home/airflow/.local/lib/python3.7/site-packages/airflow/example_dags/example_external_task_marker_dag.py took 0.308 seconds
[2023-08-11T08:17:54.802+0000] {processor.py:157} INFO - Started process (PID=3381) to work on /home/airflow/.local/lib/python3.7/site-packages/airflow/example_dags/example_external_task_marker_dag.py
[2023-08-11T08:17:54.804+0000] {processor.py:826} INFO - Processing file /home/airflow/.local/lib/python3.7/site-packages/airflow/example_dags/example_external_task_marker_dag.py for tasks to queue
[2023-08-11T08:17:54.805+0000] {logging_mixin.py:150} INFO - [2023-08-11T08:17:54.804+0000] {dagbag.py:541} INFO - Filling up the DagBag from /home/airflow/.local/lib/python3.7/site-packages/airflow/example_dags/example_external_task_marker_dag.py
[2023-08-11T08:17:54.810+0000] {processor.py:836} INFO - DAG(s) dict_keys(['example_external_task_marker_parent', 'example_external_task_marker_child']) retrieved from /home/airflow/.local/lib/python3.7/site-packages/airflow/example_dags/example_external_task_marker_dag.py
[2023-08-11T08:17:54.847+0000] {logging_mixin.py:150} INFO - [2023-08-11T08:17:54.847+0000] {dag.py:2742} INFO - Sync 2 DAGs
[2023-08-11T08:17:54.878+0000] {logging_mixin.py:150} INFO - [2023-08-11T08:17:54.878+0000] {dag.py:3508} INFO - Setting next_dagrun for example_external_task_marker_child to None, run_after=None
[2023-08-11T08:17:54.882+0000] {logging_mixin.py:150} INFO - [2023-08-11T08:17:54.882+0000] {dag.py:3508} INFO - Setting next_dagrun for example_external_task_marker_parent to None, run_after=None
[2023-08-11T08:17:54.909+0000] {processor.py:179} INFO - Processing /home/airflow/.local/lib/python3.7/site-packages/airflow/example_dags/example_external_task_marker_dag.py took 0.111 seconds
[2023-08-11T08:18:25.708+0000] {processor.py:157} INFO - Started process (PID=3459) to work on /home/airflow/.local/lib/python3.7/site-packages/airflow/example_dags/example_external_task_marker_dag.py
[2023-08-11T08:18:25.714+0000] {processor.py:826} INFO - Processing file /home/airflow/.local/lib/python3.7/site-packages/airflow/example_dags/example_external_task_marker_dag.py for tasks to queue
[2023-08-11T08:18:25.715+0000] {logging_mixin.py:150} INFO - [2023-08-11T08:18:25.714+0000] {dagbag.py:541} INFO - Filling up the DagBag from /home/airflow/.local/lib/python3.7/site-packages/airflow/example_dags/example_external_task_marker_dag.py
[2023-08-11T08:18:25.721+0000] {processor.py:836} INFO - DAG(s) dict_keys(['example_external_task_marker_parent', 'example_external_task_marker_child']) retrieved from /home/airflow/.local/lib/python3.7/site-packages/airflow/example_dags/example_external_task_marker_dag.py
[2023-08-11T08:18:25.750+0000] {logging_mixin.py:150} INFO - [2023-08-11T08:18:25.750+0000] {dag.py:2742} INFO - Sync 2 DAGs
[2023-08-11T08:18:25.774+0000] {logging_mixin.py:150} INFO - [2023-08-11T08:18:25.774+0000] {dag.py:3508} INFO - Setting next_dagrun for example_external_task_marker_child to None, run_after=None
[2023-08-11T08:18:25.778+0000] {logging_mixin.py:150} INFO - [2023-08-11T08:18:25.777+0000] {dag.py:3508} INFO - Setting next_dagrun for example_external_task_marker_parent to None, run_after=None
[2023-08-11T08:18:25.797+0000] {processor.py:179} INFO - Processing /home/airflow/.local/lib/python3.7/site-packages/airflow/example_dags/example_external_task_marker_dag.py took 0.092 seconds
[2023-08-11T08:18:56.034+0000] {processor.py:157} INFO - Started process (PID=3545) to work on /home/airflow/.local/lib/python3.7/site-packages/airflow/example_dags/example_external_task_marker_dag.py
[2023-08-11T08:18:56.043+0000] {processor.py:826} INFO - Processing file /home/airflow/.local/lib/python3.7/site-packages/airflow/example_dags/example_external_task_marker_dag.py for tasks to queue
[2023-08-11T08:18:56.045+0000] {logging_mixin.py:150} INFO - [2023-08-11T08:18:56.045+0000] {dagbag.py:541} INFO - Filling up the DagBag from /home/airflow/.local/lib/python3.7/site-packages/airflow/example_dags/example_external_task_marker_dag.py
[2023-08-11T08:18:56.064+0000] {processor.py:836} INFO - DAG(s) dict_keys(['example_external_task_marker_child', 'example_external_task_marker_parent']) retrieved from /home/airflow/.local/lib/python3.7/site-packages/airflow/example_dags/example_external_task_marker_dag.py
[2023-08-11T08:18:56.184+0000] {logging_mixin.py:150} INFO - [2023-08-11T08:18:56.183+0000] {dag.py:2742} INFO - Sync 2 DAGs
[2023-08-11T08:18:56.280+0000] {logging_mixin.py:150} INFO - [2023-08-11T08:18:56.280+0000] {dag.py:3508} INFO - Setting next_dagrun for example_external_task_marker_child to None, run_after=None
[2023-08-11T08:18:56.299+0000] {logging_mixin.py:150} INFO - [2023-08-11T08:18:56.298+0000] {dag.py:3508} INFO - Setting next_dagrun for example_external_task_marker_parent to None, run_after=None
[2023-08-11T08:18:56.380+0000] {processor.py:179} INFO - Processing /home/airflow/.local/lib/python3.7/site-packages/airflow/example_dags/example_external_task_marker_dag.py took 0.354 seconds
[2023-08-11T08:19:26.856+0000] {processor.py:157} INFO - Started process (PID=3623) to work on /home/airflow/.local/lib/python3.7/site-packages/airflow/example_dags/example_external_task_marker_dag.py
[2023-08-11T08:19:26.858+0000] {processor.py:826} INFO - Processing file /home/airflow/.local/lib/python3.7/site-packages/airflow/example_dags/example_external_task_marker_dag.py for tasks to queue
[2023-08-11T08:19:26.858+0000] {logging_mixin.py:150} INFO - [2023-08-11T08:19:26.858+0000] {dagbag.py:541} INFO - Filling up the DagBag from /home/airflow/.local/lib/python3.7/site-packages/airflow/example_dags/example_external_task_marker_dag.py
[2023-08-11T08:19:26.864+0000] {processor.py:836} INFO - DAG(s) dict_keys(['example_external_task_marker_child', 'example_external_task_marker_parent']) retrieved from /home/airflow/.local/lib/python3.7/site-packages/airflow/example_dags/example_external_task_marker_dag.py
[2023-08-11T08:19:26.895+0000] {logging_mixin.py:150} INFO - [2023-08-11T08:19:26.895+0000] {dag.py:2742} INFO - Sync 2 DAGs
[2023-08-11T08:19:26.919+0000] {logging_mixin.py:150} INFO - [2023-08-11T08:19:26.919+0000] {dag.py:3508} INFO - Setting next_dagrun for example_external_task_marker_child to None, run_after=None
[2023-08-11T08:19:26.924+0000] {logging_mixin.py:150} INFO - [2023-08-11T08:19:26.924+0000] {dag.py:3508} INFO - Setting next_dagrun for example_external_task_marker_parent to None, run_after=None
[2023-08-11T08:19:26.943+0000] {processor.py:179} INFO - Processing /home/airflow/.local/lib/python3.7/site-packages/airflow/example_dags/example_external_task_marker_dag.py took 0.090 seconds
[2023-08-11T08:19:57.132+0000] {processor.py:157} INFO - Started process (PID=3701) to work on /home/airflow/.local/lib/python3.7/site-packages/airflow/example_dags/example_external_task_marker_dag.py
[2023-08-11T08:19:57.133+0000] {processor.py:826} INFO - Processing file /home/airflow/.local/lib/python3.7/site-packages/airflow/example_dags/example_external_task_marker_dag.py for tasks to queue
[2023-08-11T08:19:57.134+0000] {logging_mixin.py:150} INFO - [2023-08-11T08:19:57.133+0000] {dagbag.py:541} INFO - Filling up the DagBag from /home/airflow/.local/lib/python3.7/site-packages/airflow/example_dags/example_external_task_marker_dag.py
[2023-08-11T08:19:57.142+0000] {processor.py:836} INFO - DAG(s) dict_keys(['example_external_task_marker_child', 'example_external_task_marker_parent']) retrieved from /home/airflow/.local/lib/python3.7/site-packages/airflow/example_dags/example_external_task_marker_dag.py
[2023-08-11T08:19:57.177+0000] {logging_mixin.py:150} INFO - [2023-08-11T08:19:57.176+0000] {dag.py:2742} INFO - Sync 2 DAGs
[2023-08-11T08:19:57.200+0000] {logging_mixin.py:150} INFO - [2023-08-11T08:19:57.200+0000] {dag.py:3508} INFO - Setting next_dagrun for example_external_task_marker_child to None, run_after=None
[2023-08-11T08:19:57.203+0000] {logging_mixin.py:150} INFO - [2023-08-11T08:19:57.203+0000] {dag.py:3508} INFO - Setting next_dagrun for example_external_task_marker_parent to None, run_after=None
[2023-08-11T08:19:57.225+0000] {processor.py:179} INFO - Processing /home/airflow/.local/lib/python3.7/site-packages/airflow/example_dags/example_external_task_marker_dag.py took 0.099 seconds
[2023-08-11T08:20:27.704+0000] {processor.py:157} INFO - Started process (PID=3786) to work on /home/airflow/.local/lib/python3.7/site-packages/airflow/example_dags/example_external_task_marker_dag.py
[2023-08-11T08:20:27.707+0000] {processor.py:826} INFO - Processing file /home/airflow/.local/lib/python3.7/site-packages/airflow/example_dags/example_external_task_marker_dag.py for tasks to queue
[2023-08-11T08:20:27.708+0000] {logging_mixin.py:150} INFO - [2023-08-11T08:20:27.708+0000] {dagbag.py:541} INFO - Filling up the DagBag from /home/airflow/.local/lib/python3.7/site-packages/airflow/example_dags/example_external_task_marker_dag.py
[2023-08-11T08:20:27.714+0000] {processor.py:836} INFO - DAG(s) dict_keys(['example_external_task_marker_child', 'example_external_task_marker_parent']) retrieved from /home/airflow/.local/lib/python3.7/site-packages/airflow/example_dags/example_external_task_marker_dag.py
[2023-08-11T08:20:27.748+0000] {logging_mixin.py:150} INFO - [2023-08-11T08:20:27.748+0000] {dag.py:2742} INFO - Sync 2 DAGs
[2023-08-11T08:20:27.773+0000] {logging_mixin.py:150} INFO - [2023-08-11T08:20:27.773+0000] {dag.py:3508} INFO - Setting next_dagrun for example_external_task_marker_child to None, run_after=None
[2023-08-11T08:20:27.777+0000] {logging_mixin.py:150} INFO - [2023-08-11T08:20:27.777+0000] {dag.py:3508} INFO - Setting next_dagrun for example_external_task_marker_parent to None, run_after=None
[2023-08-11T08:20:27.799+0000] {processor.py:179} INFO - Processing /home/airflow/.local/lib/python3.7/site-packages/airflow/example_dags/example_external_task_marker_dag.py took 0.097 seconds
[2023-08-11T08:20:58.288+0000] {processor.py:157} INFO - Started process (PID=3877) to work on /home/airflow/.local/lib/python3.7/site-packages/airflow/example_dags/example_external_task_marker_dag.py
[2023-08-11T08:20:58.289+0000] {processor.py:826} INFO - Processing file /home/airflow/.local/lib/python3.7/site-packages/airflow/example_dags/example_external_task_marker_dag.py for tasks to queue
[2023-08-11T08:20:58.289+0000] {logging_mixin.py:150} INFO - [2023-08-11T08:20:58.289+0000] {dagbag.py:541} INFO - Filling up the DagBag from /home/airflow/.local/lib/python3.7/site-packages/airflow/example_dags/example_external_task_marker_dag.py
[2023-08-11T08:20:58.295+0000] {processor.py:836} INFO - DAG(s) dict_keys(['example_external_task_marker_parent', 'example_external_task_marker_child']) retrieved from /home/airflow/.local/lib/python3.7/site-packages/airflow/example_dags/example_external_task_marker_dag.py
[2023-08-11T08:20:58.324+0000] {logging_mixin.py:150} INFO - [2023-08-11T08:20:58.324+0000] {dag.py:2742} INFO - Sync 2 DAGs
[2023-08-11T08:20:58.351+0000] {logging_mixin.py:150} INFO - [2023-08-11T08:20:58.350+0000] {dag.py:3508} INFO - Setting next_dagrun for example_external_task_marker_child to None, run_after=None
[2023-08-11T08:20:58.354+0000] {logging_mixin.py:150} INFO - [2023-08-11T08:20:58.354+0000] {dag.py:3508} INFO - Setting next_dagrun for example_external_task_marker_parent to None, run_after=None
[2023-08-11T08:20:58.377+0000] {processor.py:179} INFO - Processing /home/airflow/.local/lib/python3.7/site-packages/airflow/example_dags/example_external_task_marker_dag.py took 0.092 seconds
[2023-08-11T08:21:28.608+0000] {processor.py:157} INFO - Started process (PID=3968) to work on /home/airflow/.local/lib/python3.7/site-packages/airflow/example_dags/example_external_task_marker_dag.py
[2023-08-11T08:21:28.615+0000] {processor.py:826} INFO - Processing file /home/airflow/.local/lib/python3.7/site-packages/airflow/example_dags/example_external_task_marker_dag.py for tasks to queue
[2023-08-11T08:21:28.616+0000] {logging_mixin.py:150} INFO - [2023-08-11T08:21:28.616+0000] {dagbag.py:541} INFO - Filling up the DagBag from /home/airflow/.local/lib/python3.7/site-packages/airflow/example_dags/example_external_task_marker_dag.py
[2023-08-11T08:21:28.620+0000] {processor.py:836} INFO - DAG(s) dict_keys(['example_external_task_marker_parent', 'example_external_task_marker_child']) retrieved from /home/airflow/.local/lib/python3.7/site-packages/airflow/example_dags/example_external_task_marker_dag.py
[2023-08-11T08:21:28.649+0000] {logging_mixin.py:150} INFO - [2023-08-11T08:21:28.649+0000] {dag.py:2742} INFO - Sync 2 DAGs
[2023-08-11T08:21:28.683+0000] {logging_mixin.py:150} INFO - [2023-08-11T08:21:28.682+0000] {dag.py:3508} INFO - Setting next_dagrun for example_external_task_marker_child to None, run_after=None
[2023-08-11T08:21:28.686+0000] {logging_mixin.py:150} INFO - [2023-08-11T08:21:28.686+0000] {dag.py:3508} INFO - Setting next_dagrun for example_external_task_marker_parent to None, run_after=None
[2023-08-11T08:21:28.704+0000] {processor.py:179} INFO - Processing /home/airflow/.local/lib/python3.7/site-packages/airflow/example_dags/example_external_task_marker_dag.py took 0.098 seconds
[2023-08-11T08:21:58.803+0000] {processor.py:157} INFO - Started process (PID=4059) to work on /home/airflow/.local/lib/python3.7/site-packages/airflow/example_dags/example_external_task_marker_dag.py
[2023-08-11T08:21:58.804+0000] {processor.py:826} INFO - Processing file /home/airflow/.local/lib/python3.7/site-packages/airflow/example_dags/example_external_task_marker_dag.py for tasks to queue
[2023-08-11T08:21:58.805+0000] {logging_mixin.py:150} INFO - [2023-08-11T08:21:58.805+0000] {dagbag.py:541} INFO - Filling up the DagBag from /home/airflow/.local/lib/python3.7/site-packages/airflow/example_dags/example_external_task_marker_dag.py
[2023-08-11T08:21:58.814+0000] {processor.py:836} INFO - DAG(s) dict_keys(['example_external_task_marker_parent', 'example_external_task_marker_child']) retrieved from /home/airflow/.local/lib/python3.7/site-packages/airflow/example_dags/example_external_task_marker_dag.py
[2023-08-11T08:21:58.855+0000] {logging_mixin.py:150} INFO - [2023-08-11T08:21:58.855+0000] {dag.py:2742} INFO - Sync 2 DAGs
[2023-08-11T08:21:58.885+0000] {logging_mixin.py:150} INFO - [2023-08-11T08:21:58.885+0000] {dag.py:3508} INFO - Setting next_dagrun for example_external_task_marker_child to None, run_after=None
[2023-08-11T08:21:58.888+0000] {logging_mixin.py:150} INFO - [2023-08-11T08:21:58.888+0000] {dag.py:3508} INFO - Setting next_dagrun for example_external_task_marker_parent to None, run_after=None
[2023-08-11T08:21:58.915+0000] {processor.py:179} INFO - Processing /home/airflow/.local/lib/python3.7/site-packages/airflow/example_dags/example_external_task_marker_dag.py took 0.116 seconds
