[2023-08-11T07:52:43.245+0000] {processor.py:157} INFO - Started process (PID=40) to work on /home/airflow/.local/lib/python3.7/site-packages/airflow/example_dags/example_dynamic_task_mapping_with_no_taskflow_operators.py
[2023-08-11T07:52:43.246+0000] {processor.py:826} INFO - Processing file /home/airflow/.local/lib/python3.7/site-packages/airflow/example_dags/example_dynamic_task_mapping_with_no_taskflow_operators.py for tasks to queue
[2023-08-11T07:52:43.248+0000] {logging_mixin.py:150} INFO - [2023-08-11T07:52:43.247+0000] {dagbag.py:541} INFO - Filling up the DagBag from /home/airflow/.local/lib/python3.7/site-packages/airflow/example_dags/example_dynamic_task_mapping_with_no_taskflow_operators.py
[2023-08-11T07:52:43.265+0000] {processor.py:836} INFO - DAG(s) dict_keys(['example_dynamic_task_mapping_with_no_taskflow_operators']) retrieved from /home/airflow/.local/lib/python3.7/site-packages/airflow/example_dags/example_dynamic_task_mapping_with_no_taskflow_operators.py
[2023-08-11T07:52:43.290+0000] {logging_mixin.py:150} INFO - [2023-08-11T07:52:43.290+0000] {dag.py:2742} INFO - Sync 1 DAGs
[2023-08-11T07:52:43.334+0000] {logging_mixin.py:150} INFO - [2023-08-11T07:52:43.334+0000] {dag.py:3508} INFO - Setting next_dagrun for example_dynamic_task_mapping_with_no_taskflow_operators to 2023-08-10T07:52:43.333424+00:00, run_after=2023-08-11T07:52:43.333424+00:00
[2023-08-11T07:52:43.376+0000] {processor.py:179} INFO - Processing /home/airflow/.local/lib/python3.7/site-packages/airflow/example_dags/example_dynamic_task_mapping_with_no_taskflow_operators.py took 0.139 seconds
[2023-08-11T07:53:14.618+0000] {processor.py:157} INFO - Started process (PID=104) to work on /home/airflow/.local/lib/python3.7/site-packages/airflow/example_dags/example_dynamic_task_mapping_with_no_taskflow_operators.py
[2023-08-11T07:53:14.621+0000] {processor.py:826} INFO - Processing file /home/airflow/.local/lib/python3.7/site-packages/airflow/example_dags/example_dynamic_task_mapping_with_no_taskflow_operators.py for tasks to queue
[2023-08-11T07:53:14.622+0000] {logging_mixin.py:150} INFO - [2023-08-11T07:53:14.622+0000] {dagbag.py:541} INFO - Filling up the DagBag from /home/airflow/.local/lib/python3.7/site-packages/airflow/example_dags/example_dynamic_task_mapping_with_no_taskflow_operators.py
[2023-08-11T07:53:14.634+0000] {processor.py:836} INFO - DAG(s) dict_keys(['example_dynamic_task_mapping_with_no_taskflow_operators']) retrieved from /home/airflow/.local/lib/python3.7/site-packages/airflow/example_dags/example_dynamic_task_mapping_with_no_taskflow_operators.py
[2023-08-11T07:53:14.702+0000] {logging_mixin.py:150} INFO - [2023-08-11T07:53:14.702+0000] {dag.py:2742} INFO - Sync 1 DAGs
[2023-08-11T07:53:14.738+0000] {logging_mixin.py:150} INFO - [2023-08-11T07:53:14.737+0000] {dag.py:3508} INFO - Setting next_dagrun for example_dynamic_task_mapping_with_no_taskflow_operators to 2023-08-10T07:53:14.737090+00:00, run_after=2023-08-11T07:53:14.737090+00:00
[2023-08-11T07:53:14.774+0000] {processor.py:179} INFO - Processing /home/airflow/.local/lib/python3.7/site-packages/airflow/example_dags/example_dynamic_task_mapping_with_no_taskflow_operators.py took 0.161 seconds
[2023-08-11T07:53:45.216+0000] {processor.py:157} INFO - Started process (PID=169) to work on /home/airflow/.local/lib/python3.7/site-packages/airflow/example_dags/example_dynamic_task_mapping_with_no_taskflow_operators.py
[2023-08-11T07:53:45.217+0000] {processor.py:826} INFO - Processing file /home/airflow/.local/lib/python3.7/site-packages/airflow/example_dags/example_dynamic_task_mapping_with_no_taskflow_operators.py for tasks to queue
[2023-08-11T07:53:45.217+0000] {logging_mixin.py:150} INFO - [2023-08-11T07:53:45.217+0000] {dagbag.py:541} INFO - Filling up the DagBag from /home/airflow/.local/lib/python3.7/site-packages/airflow/example_dags/example_dynamic_task_mapping_with_no_taskflow_operators.py
[2023-08-11T07:53:45.226+0000] {processor.py:836} INFO - DAG(s) dict_keys(['example_dynamic_task_mapping_with_no_taskflow_operators']) retrieved from /home/airflow/.local/lib/python3.7/site-packages/airflow/example_dags/example_dynamic_task_mapping_with_no_taskflow_operators.py
[2023-08-11T07:53:45.250+0000] {logging_mixin.py:150} INFO - [2023-08-11T07:53:45.250+0000] {dag.py:2742} INFO - Sync 1 DAGs
[2023-08-11T07:53:45.275+0000] {logging_mixin.py:150} INFO - [2023-08-11T07:53:45.275+0000] {dag.py:3508} INFO - Setting next_dagrun for example_dynamic_task_mapping_with_no_taskflow_operators to 2023-08-10T07:53:45.275009+00:00, run_after=2023-08-11T07:53:45.275009+00:00
[2023-08-11T07:53:45.298+0000] {processor.py:179} INFO - Processing /home/airflow/.local/lib/python3.7/site-packages/airflow/example_dags/example_dynamic_task_mapping_with_no_taskflow_operators.py took 0.085 seconds
[2023-08-11T07:54:15.775+0000] {processor.py:157} INFO - Started process (PID=234) to work on /home/airflow/.local/lib/python3.7/site-packages/airflow/example_dags/example_dynamic_task_mapping_with_no_taskflow_operators.py
[2023-08-11T07:54:15.776+0000] {processor.py:826} INFO - Processing file /home/airflow/.local/lib/python3.7/site-packages/airflow/example_dags/example_dynamic_task_mapping_with_no_taskflow_operators.py for tasks to queue
[2023-08-11T07:54:15.777+0000] {logging_mixin.py:150} INFO - [2023-08-11T07:54:15.776+0000] {dagbag.py:541} INFO - Filling up the DagBag from /home/airflow/.local/lib/python3.7/site-packages/airflow/example_dags/example_dynamic_task_mapping_with_no_taskflow_operators.py
[2023-08-11T07:54:15.784+0000] {processor.py:836} INFO - DAG(s) dict_keys(['example_dynamic_task_mapping_with_no_taskflow_operators']) retrieved from /home/airflow/.local/lib/python3.7/site-packages/airflow/example_dags/example_dynamic_task_mapping_with_no_taskflow_operators.py
[2023-08-11T07:54:15.813+0000] {logging_mixin.py:150} INFO - [2023-08-11T07:54:15.813+0000] {dag.py:2742} INFO - Sync 1 DAGs
[2023-08-11T07:54:15.843+0000] {logging_mixin.py:150} INFO - [2023-08-11T07:54:15.842+0000] {dag.py:3508} INFO - Setting next_dagrun for example_dynamic_task_mapping_with_no_taskflow_operators to 2023-08-10T07:54:15.842660+00:00, run_after=2023-08-11T07:54:15.842660+00:00
[2023-08-11T07:54:15.867+0000] {processor.py:179} INFO - Processing /home/airflow/.local/lib/python3.7/site-packages/airflow/example_dags/example_dynamic_task_mapping_with_no_taskflow_operators.py took 0.098 seconds
[2023-08-11T07:54:46.745+0000] {processor.py:157} INFO - Started process (PID=299) to work on /home/airflow/.local/lib/python3.7/site-packages/airflow/example_dags/example_dynamic_task_mapping_with_no_taskflow_operators.py
[2023-08-11T07:54:46.748+0000] {processor.py:826} INFO - Processing file /home/airflow/.local/lib/python3.7/site-packages/airflow/example_dags/example_dynamic_task_mapping_with_no_taskflow_operators.py for tasks to queue
[2023-08-11T07:54:46.749+0000] {logging_mixin.py:150} INFO - [2023-08-11T07:54:46.749+0000] {dagbag.py:541} INFO - Filling up the DagBag from /home/airflow/.local/lib/python3.7/site-packages/airflow/example_dags/example_dynamic_task_mapping_with_no_taskflow_operators.py
[2023-08-11T07:54:46.763+0000] {processor.py:836} INFO - DAG(s) dict_keys(['example_dynamic_task_mapping_with_no_taskflow_operators']) retrieved from /home/airflow/.local/lib/python3.7/site-packages/airflow/example_dags/example_dynamic_task_mapping_with_no_taskflow_operators.py
[2023-08-11T07:54:46.804+0000] {logging_mixin.py:150} INFO - [2023-08-11T07:54:46.804+0000] {dag.py:2742} INFO - Sync 1 DAGs
[2023-08-11T07:54:46.852+0000] {logging_mixin.py:150} INFO - [2023-08-11T07:54:46.851+0000] {dag.py:3508} INFO - Setting next_dagrun for example_dynamic_task_mapping_with_no_taskflow_operators to 2023-08-10T07:54:46.851493+00:00, run_after=2023-08-11T07:54:46.851493+00:00
[2023-08-11T07:54:46.895+0000] {processor.py:179} INFO - Processing /home/airflow/.local/lib/python3.7/site-packages/airflow/example_dags/example_dynamic_task_mapping_with_no_taskflow_operators.py took 0.159 seconds
[2023-08-11T07:55:16.985+0000] {processor.py:157} INFO - Started process (PID=365) to work on /home/airflow/.local/lib/python3.7/site-packages/airflow/example_dags/example_dynamic_task_mapping_with_no_taskflow_operators.py
[2023-08-11T07:55:16.986+0000] {processor.py:826} INFO - Processing file /home/airflow/.local/lib/python3.7/site-packages/airflow/example_dags/example_dynamic_task_mapping_with_no_taskflow_operators.py for tasks to queue
[2023-08-11T07:55:16.987+0000] {logging_mixin.py:150} INFO - [2023-08-11T07:55:16.987+0000] {dagbag.py:541} INFO - Filling up the DagBag from /home/airflow/.local/lib/python3.7/site-packages/airflow/example_dags/example_dynamic_task_mapping_with_no_taskflow_operators.py
[2023-08-11T07:55:16.997+0000] {processor.py:836} INFO - DAG(s) dict_keys(['example_dynamic_task_mapping_with_no_taskflow_operators']) retrieved from /home/airflow/.local/lib/python3.7/site-packages/airflow/example_dags/example_dynamic_task_mapping_with_no_taskflow_operators.py
[2023-08-11T07:55:17.022+0000] {logging_mixin.py:150} INFO - [2023-08-11T07:55:17.022+0000] {dag.py:2742} INFO - Sync 1 DAGs
[2023-08-11T07:55:17.049+0000] {logging_mixin.py:150} INFO - [2023-08-11T07:55:17.049+0000] {dag.py:3508} INFO - Setting next_dagrun for example_dynamic_task_mapping_with_no_taskflow_operators to 2023-08-10T07:55:17.049200+00:00, run_after=2023-08-11T07:55:17.049200+00:00
[2023-08-11T07:55:17.074+0000] {processor.py:179} INFO - Processing /home/airflow/.local/lib/python3.7/site-packages/airflow/example_dags/example_dynamic_task_mapping_with_no_taskflow_operators.py took 0.092 seconds
[2023-08-11T07:55:47.618+0000] {processor.py:157} INFO - Started process (PID=430) to work on /home/airflow/.local/lib/python3.7/site-packages/airflow/example_dags/example_dynamic_task_mapping_with_no_taskflow_operators.py
[2023-08-11T07:55:47.619+0000] {processor.py:826} INFO - Processing file /home/airflow/.local/lib/python3.7/site-packages/airflow/example_dags/example_dynamic_task_mapping_with_no_taskflow_operators.py for tasks to queue
[2023-08-11T07:55:47.620+0000] {logging_mixin.py:150} INFO - [2023-08-11T07:55:47.620+0000] {dagbag.py:541} INFO - Filling up the DagBag from /home/airflow/.local/lib/python3.7/site-packages/airflow/example_dags/example_dynamic_task_mapping_with_no_taskflow_operators.py
[2023-08-11T07:55:47.627+0000] {processor.py:836} INFO - DAG(s) dict_keys(['example_dynamic_task_mapping_with_no_taskflow_operators']) retrieved from /home/airflow/.local/lib/python3.7/site-packages/airflow/example_dags/example_dynamic_task_mapping_with_no_taskflow_operators.py
[2023-08-11T07:55:47.651+0000] {logging_mixin.py:150} INFO - [2023-08-11T07:55:47.650+0000] {dag.py:2742} INFO - Sync 1 DAGs
[2023-08-11T07:55:47.673+0000] {logging_mixin.py:150} INFO - [2023-08-11T07:55:47.673+0000] {dag.py:3508} INFO - Setting next_dagrun for example_dynamic_task_mapping_with_no_taskflow_operators to 2023-08-10T07:55:47.672830+00:00, run_after=2023-08-11T07:55:47.672830+00:00
[2023-08-11T07:55:47.696+0000] {processor.py:179} INFO - Processing /home/airflow/.local/lib/python3.7/site-packages/airflow/example_dags/example_dynamic_task_mapping_with_no_taskflow_operators.py took 0.080 seconds
[2023-08-11T07:56:18.324+0000] {processor.py:157} INFO - Started process (PID=495) to work on /home/airflow/.local/lib/python3.7/site-packages/airflow/example_dags/example_dynamic_task_mapping_with_no_taskflow_operators.py
[2023-08-11T07:56:18.326+0000] {processor.py:826} INFO - Processing file /home/airflow/.local/lib/python3.7/site-packages/airflow/example_dags/example_dynamic_task_mapping_with_no_taskflow_operators.py for tasks to queue
[2023-08-11T07:56:18.329+0000] {logging_mixin.py:150} INFO - [2023-08-11T07:56:18.328+0000] {dagbag.py:541} INFO - Filling up the DagBag from /home/airflow/.local/lib/python3.7/site-packages/airflow/example_dags/example_dynamic_task_mapping_with_no_taskflow_operators.py
[2023-08-11T07:56:18.340+0000] {processor.py:836} INFO - DAG(s) dict_keys(['example_dynamic_task_mapping_with_no_taskflow_operators']) retrieved from /home/airflow/.local/lib/python3.7/site-packages/airflow/example_dags/example_dynamic_task_mapping_with_no_taskflow_operators.py
[2023-08-11T07:56:18.383+0000] {logging_mixin.py:150} INFO - [2023-08-11T07:56:18.383+0000] {dag.py:2742} INFO - Sync 1 DAGs
[2023-08-11T07:56:18.435+0000] {logging_mixin.py:150} INFO - [2023-08-11T07:56:18.434+0000] {dag.py:3508} INFO - Setting next_dagrun for example_dynamic_task_mapping_with_no_taskflow_operators to 2023-08-10T07:56:18.434212+00:00, run_after=2023-08-11T07:56:18.434212+00:00
[2023-08-11T07:56:18.474+0000] {processor.py:179} INFO - Processing /home/airflow/.local/lib/python3.7/site-packages/airflow/example_dags/example_dynamic_task_mapping_with_no_taskflow_operators.py took 0.155 seconds
[2023-08-11T07:56:48.615+0000] {processor.py:157} INFO - Started process (PID=560) to work on /home/airflow/.local/lib/python3.7/site-packages/airflow/example_dags/example_dynamic_task_mapping_with_no_taskflow_operators.py
[2023-08-11T07:56:48.616+0000] {processor.py:826} INFO - Processing file /home/airflow/.local/lib/python3.7/site-packages/airflow/example_dags/example_dynamic_task_mapping_with_no_taskflow_operators.py for tasks to queue
[2023-08-11T07:56:48.617+0000] {logging_mixin.py:150} INFO - [2023-08-11T07:56:48.617+0000] {dagbag.py:541} INFO - Filling up the DagBag from /home/airflow/.local/lib/python3.7/site-packages/airflow/example_dags/example_dynamic_task_mapping_with_no_taskflow_operators.py
[2023-08-11T07:56:48.626+0000] {processor.py:836} INFO - DAG(s) dict_keys(['example_dynamic_task_mapping_with_no_taskflow_operators']) retrieved from /home/airflow/.local/lib/python3.7/site-packages/airflow/example_dags/example_dynamic_task_mapping_with_no_taskflow_operators.py
[2023-08-11T07:56:48.661+0000] {logging_mixin.py:150} INFO - [2023-08-11T07:56:48.660+0000] {dag.py:2742} INFO - Sync 1 DAGs
[2023-08-11T07:56:48.699+0000] {logging_mixin.py:150} INFO - [2023-08-11T07:56:48.699+0000] {dag.py:3508} INFO - Setting next_dagrun for example_dynamic_task_mapping_with_no_taskflow_operators to 2023-08-10T07:56:48.699357+00:00, run_after=2023-08-11T07:56:48.699357+00:00
[2023-08-11T07:56:48.724+0000] {processor.py:179} INFO - Processing /home/airflow/.local/lib/python3.7/site-packages/airflow/example_dags/example_dynamic_task_mapping_with_no_taskflow_operators.py took 0.113 seconds
[2023-08-11T07:57:18.958+0000] {processor.py:157} INFO - Started process (PID=625) to work on /home/airflow/.local/lib/python3.7/site-packages/airflow/example_dags/example_dynamic_task_mapping_with_no_taskflow_operators.py
[2023-08-11T07:57:18.959+0000] {processor.py:826} INFO - Processing file /home/airflow/.local/lib/python3.7/site-packages/airflow/example_dags/example_dynamic_task_mapping_with_no_taskflow_operators.py for tasks to queue
[2023-08-11T07:57:18.960+0000] {logging_mixin.py:150} INFO - [2023-08-11T07:57:18.960+0000] {dagbag.py:541} INFO - Filling up the DagBag from /home/airflow/.local/lib/python3.7/site-packages/airflow/example_dags/example_dynamic_task_mapping_with_no_taskflow_operators.py
[2023-08-11T07:57:18.968+0000] {processor.py:836} INFO - DAG(s) dict_keys(['example_dynamic_task_mapping_with_no_taskflow_operators']) retrieved from /home/airflow/.local/lib/python3.7/site-packages/airflow/example_dags/example_dynamic_task_mapping_with_no_taskflow_operators.py
[2023-08-11T07:57:18.999+0000] {logging_mixin.py:150} INFO - [2023-08-11T07:57:18.999+0000] {dag.py:2742} INFO - Sync 1 DAGs
[2023-08-11T07:57:19.028+0000] {logging_mixin.py:150} INFO - [2023-08-11T07:57:19.028+0000] {dag.py:3508} INFO - Setting next_dagrun for example_dynamic_task_mapping_with_no_taskflow_operators to 2023-08-10T07:57:19.027930+00:00, run_after=2023-08-11T07:57:19.027930+00:00
[2023-08-11T07:57:19.060+0000] {processor.py:179} INFO - Processing /home/airflow/.local/lib/python3.7/site-packages/airflow/example_dags/example_dynamic_task_mapping_with_no_taskflow_operators.py took 0.106 seconds
[2023-08-11T07:57:49.915+0000] {processor.py:157} INFO - Started process (PID=691) to work on /home/airflow/.local/lib/python3.7/site-packages/airflow/example_dags/example_dynamic_task_mapping_with_no_taskflow_operators.py
[2023-08-11T07:57:49.915+0000] {processor.py:826} INFO - Processing file /home/airflow/.local/lib/python3.7/site-packages/airflow/example_dags/example_dynamic_task_mapping_with_no_taskflow_operators.py for tasks to queue
[2023-08-11T07:57:49.917+0000] {logging_mixin.py:150} INFO - [2023-08-11T07:57:49.916+0000] {dagbag.py:541} INFO - Filling up the DagBag from /home/airflow/.local/lib/python3.7/site-packages/airflow/example_dags/example_dynamic_task_mapping_with_no_taskflow_operators.py
[2023-08-11T07:57:49.925+0000] {processor.py:836} INFO - DAG(s) dict_keys(['example_dynamic_task_mapping_with_no_taskflow_operators']) retrieved from /home/airflow/.local/lib/python3.7/site-packages/airflow/example_dags/example_dynamic_task_mapping_with_no_taskflow_operators.py
[2023-08-11T07:57:49.961+0000] {logging_mixin.py:150} INFO - [2023-08-11T07:57:49.961+0000] {dag.py:2742} INFO - Sync 1 DAGs
[2023-08-11T07:57:49.993+0000] {logging_mixin.py:150} INFO - [2023-08-11T07:57:49.992+0000] {dag.py:3508} INFO - Setting next_dagrun for example_dynamic_task_mapping_with_no_taskflow_operators to 2023-08-10T07:57:49.992438+00:00, run_after=2023-08-11T07:57:49.992438+00:00
[2023-08-11T07:57:50.035+0000] {processor.py:179} INFO - Processing /home/airflow/.local/lib/python3.7/site-packages/airflow/example_dags/example_dynamic_task_mapping_with_no_taskflow_operators.py took 0.124 seconds
[2023-08-11T07:58:20.913+0000] {processor.py:157} INFO - Started process (PID=757) to work on /home/airflow/.local/lib/python3.7/site-packages/airflow/example_dags/example_dynamic_task_mapping_with_no_taskflow_operators.py
[2023-08-11T07:58:20.915+0000] {processor.py:826} INFO - Processing file /home/airflow/.local/lib/python3.7/site-packages/airflow/example_dags/example_dynamic_task_mapping_with_no_taskflow_operators.py for tasks to queue
[2023-08-11T07:58:20.916+0000] {logging_mixin.py:150} INFO - [2023-08-11T07:58:20.915+0000] {dagbag.py:541} INFO - Filling up the DagBag from /home/airflow/.local/lib/python3.7/site-packages/airflow/example_dags/example_dynamic_task_mapping_with_no_taskflow_operators.py
[2023-08-11T07:58:20.922+0000] {processor.py:836} INFO - DAG(s) dict_keys(['example_dynamic_task_mapping_with_no_taskflow_operators']) retrieved from /home/airflow/.local/lib/python3.7/site-packages/airflow/example_dags/example_dynamic_task_mapping_with_no_taskflow_operators.py
[2023-08-11T07:58:20.945+0000] {logging_mixin.py:150} INFO - [2023-08-11T07:58:20.945+0000] {dag.py:2742} INFO - Sync 1 DAGs
[2023-08-11T07:58:20.973+0000] {logging_mixin.py:150} INFO - [2023-08-11T07:58:20.973+0000] {dag.py:3508} INFO - Setting next_dagrun for example_dynamic_task_mapping_with_no_taskflow_operators to 2023-08-10T07:58:20.973520+00:00, run_after=2023-08-11T07:58:20.973520+00:00
[2023-08-11T07:58:20.993+0000] {processor.py:179} INFO - Processing /home/airflow/.local/lib/python3.7/site-packages/airflow/example_dags/example_dynamic_task_mapping_with_no_taskflow_operators.py took 0.082 seconds
[2023-08-11T07:58:51.227+0000] {processor.py:157} INFO - Started process (PID=823) to work on /home/airflow/.local/lib/python3.7/site-packages/airflow/example_dags/example_dynamic_task_mapping_with_no_taskflow_operators.py
[2023-08-11T07:58:51.228+0000] {processor.py:826} INFO - Processing file /home/airflow/.local/lib/python3.7/site-packages/airflow/example_dags/example_dynamic_task_mapping_with_no_taskflow_operators.py for tasks to queue
[2023-08-11T07:58:51.228+0000] {logging_mixin.py:150} INFO - [2023-08-11T07:58:51.228+0000] {dagbag.py:541} INFO - Filling up the DagBag from /home/airflow/.local/lib/python3.7/site-packages/airflow/example_dags/example_dynamic_task_mapping_with_no_taskflow_operators.py
[2023-08-11T07:58:51.236+0000] {processor.py:836} INFO - DAG(s) dict_keys(['example_dynamic_task_mapping_with_no_taskflow_operators']) retrieved from /home/airflow/.local/lib/python3.7/site-packages/airflow/example_dags/example_dynamic_task_mapping_with_no_taskflow_operators.py
[2023-08-11T07:58:51.260+0000] {logging_mixin.py:150} INFO - [2023-08-11T07:58:51.260+0000] {dag.py:2742} INFO - Sync 1 DAGs
[2023-08-11T07:58:51.284+0000] {logging_mixin.py:150} INFO - [2023-08-11T07:58:51.284+0000] {dag.py:3508} INFO - Setting next_dagrun for example_dynamic_task_mapping_with_no_taskflow_operators to 2023-08-10T07:58:51.284220+00:00, run_after=2023-08-11T07:58:51.284220+00:00
[2023-08-11T07:58:51.305+0000] {processor.py:179} INFO - Processing /home/airflow/.local/lib/python3.7/site-packages/airflow/example_dags/example_dynamic_task_mapping_with_no_taskflow_operators.py took 0.081 seconds
[2023-08-11T07:59:21.350+0000] {processor.py:157} INFO - Started process (PID=889) to work on /home/airflow/.local/lib/python3.7/site-packages/airflow/example_dags/example_dynamic_task_mapping_with_no_taskflow_operators.py
[2023-08-11T07:59:21.352+0000] {processor.py:826} INFO - Processing file /home/airflow/.local/lib/python3.7/site-packages/airflow/example_dags/example_dynamic_task_mapping_with_no_taskflow_operators.py for tasks to queue
[2023-08-11T07:59:21.353+0000] {logging_mixin.py:150} INFO - [2023-08-11T07:59:21.353+0000] {dagbag.py:541} INFO - Filling up the DagBag from /home/airflow/.local/lib/python3.7/site-packages/airflow/example_dags/example_dynamic_task_mapping_with_no_taskflow_operators.py
[2023-08-11T07:59:21.363+0000] {processor.py:836} INFO - DAG(s) dict_keys(['example_dynamic_task_mapping_with_no_taskflow_operators']) retrieved from /home/airflow/.local/lib/python3.7/site-packages/airflow/example_dags/example_dynamic_task_mapping_with_no_taskflow_operators.py
[2023-08-11T07:59:21.382+0000] {logging_mixin.py:150} INFO - [2023-08-11T07:59:21.382+0000] {dag.py:2742} INFO - Sync 1 DAGs
[2023-08-11T07:59:21.410+0000] {logging_mixin.py:150} INFO - [2023-08-11T07:59:21.410+0000] {dag.py:3508} INFO - Setting next_dagrun for example_dynamic_task_mapping_with_no_taskflow_operators to 2023-08-10T07:59:21.409987+00:00, run_after=2023-08-11T07:59:21.409987+00:00
[2023-08-11T07:59:21.442+0000] {processor.py:179} INFO - Processing /home/airflow/.local/lib/python3.7/site-packages/airflow/example_dags/example_dynamic_task_mapping_with_no_taskflow_operators.py took 0.096 seconds
[2023-08-11T07:59:52.062+0000] {processor.py:157} INFO - Started process (PID=957) to work on /home/airflow/.local/lib/python3.7/site-packages/airflow/example_dags/example_dynamic_task_mapping_with_no_taskflow_operators.py
[2023-08-11T07:59:52.063+0000] {processor.py:826} INFO - Processing file /home/airflow/.local/lib/python3.7/site-packages/airflow/example_dags/example_dynamic_task_mapping_with_no_taskflow_operators.py for tasks to queue
[2023-08-11T07:59:52.063+0000] {logging_mixin.py:150} INFO - [2023-08-11T07:59:52.063+0000] {dagbag.py:541} INFO - Filling up the DagBag from /home/airflow/.local/lib/python3.7/site-packages/airflow/example_dags/example_dynamic_task_mapping_with_no_taskflow_operators.py
[2023-08-11T07:59:52.071+0000] {processor.py:836} INFO - DAG(s) dict_keys(['example_dynamic_task_mapping_with_no_taskflow_operators']) retrieved from /home/airflow/.local/lib/python3.7/site-packages/airflow/example_dags/example_dynamic_task_mapping_with_no_taskflow_operators.py
[2023-08-11T07:59:52.098+0000] {logging_mixin.py:150} INFO - [2023-08-11T07:59:52.097+0000] {dag.py:2742} INFO - Sync 1 DAGs
[2023-08-11T07:59:52.125+0000] {logging_mixin.py:150} INFO - [2023-08-11T07:59:52.125+0000] {dag.py:3508} INFO - Setting next_dagrun for example_dynamic_task_mapping_with_no_taskflow_operators to 2023-08-10T07:59:52.125440+00:00, run_after=2023-08-11T07:59:52.125440+00:00
[2023-08-11T07:59:52.148+0000] {processor.py:179} INFO - Processing /home/airflow/.local/lib/python3.7/site-packages/airflow/example_dags/example_dynamic_task_mapping_with_no_taskflow_operators.py took 0.089 seconds
[2023-08-11T08:00:22.604+0000] {processor.py:157} INFO - Started process (PID=1027) to work on /home/airflow/.local/lib/python3.7/site-packages/airflow/example_dags/example_dynamic_task_mapping_with_no_taskflow_operators.py
[2023-08-11T08:00:22.605+0000] {processor.py:826} INFO - Processing file /home/airflow/.local/lib/python3.7/site-packages/airflow/example_dags/example_dynamic_task_mapping_with_no_taskflow_operators.py for tasks to queue
[2023-08-11T08:00:22.607+0000] {logging_mixin.py:150} INFO - [2023-08-11T08:00:22.607+0000] {dagbag.py:541} INFO - Filling up the DagBag from /home/airflow/.local/lib/python3.7/site-packages/airflow/example_dags/example_dynamic_task_mapping_with_no_taskflow_operators.py
[2023-08-11T08:00:22.613+0000] {processor.py:836} INFO - DAG(s) dict_keys(['example_dynamic_task_mapping_with_no_taskflow_operators']) retrieved from /home/airflow/.local/lib/python3.7/site-packages/airflow/example_dags/example_dynamic_task_mapping_with_no_taskflow_operators.py
[2023-08-11T08:00:22.644+0000] {logging_mixin.py:150} INFO - [2023-08-11T08:00:22.644+0000] {dag.py:2742} INFO - Sync 1 DAGs
[2023-08-11T08:00:22.675+0000] {logging_mixin.py:150} INFO - [2023-08-11T08:00:22.675+0000] {dag.py:3508} INFO - Setting next_dagrun for example_dynamic_task_mapping_with_no_taskflow_operators to 2023-08-10T08:00:22.675231+00:00, run_after=2023-08-11T08:00:22.675231+00:00
[2023-08-11T08:00:22.698+0000] {processor.py:179} INFO - Processing /home/airflow/.local/lib/python3.7/site-packages/airflow/example_dags/example_dynamic_task_mapping_with_no_taskflow_operators.py took 0.097 seconds
[2023-08-11T08:00:53.144+0000] {processor.py:157} INFO - Started process (PID=1094) to work on /home/airflow/.local/lib/python3.7/site-packages/airflow/example_dags/example_dynamic_task_mapping_with_no_taskflow_operators.py
[2023-08-11T08:00:53.145+0000] {processor.py:826} INFO - Processing file /home/airflow/.local/lib/python3.7/site-packages/airflow/example_dags/example_dynamic_task_mapping_with_no_taskflow_operators.py for tasks to queue
[2023-08-11T08:00:53.146+0000] {logging_mixin.py:150} INFO - [2023-08-11T08:00:53.145+0000] {dagbag.py:541} INFO - Filling up the DagBag from /home/airflow/.local/lib/python3.7/site-packages/airflow/example_dags/example_dynamic_task_mapping_with_no_taskflow_operators.py
[2023-08-11T08:00:53.153+0000] {processor.py:836} INFO - DAG(s) dict_keys(['example_dynamic_task_mapping_with_no_taskflow_operators']) retrieved from /home/airflow/.local/lib/python3.7/site-packages/airflow/example_dags/example_dynamic_task_mapping_with_no_taskflow_operators.py
[2023-08-11T08:00:53.186+0000] {logging_mixin.py:150} INFO - [2023-08-11T08:00:53.186+0000] {dag.py:2742} INFO - Sync 1 DAGs
[2023-08-11T08:00:53.229+0000] {logging_mixin.py:150} INFO - [2023-08-11T08:00:53.229+0000] {dag.py:3508} INFO - Setting next_dagrun for example_dynamic_task_mapping_with_no_taskflow_operators to 2023-08-10T08:00:53.228827+00:00, run_after=2023-08-11T08:00:53.228827+00:00
[2023-08-11T08:00:53.259+0000] {processor.py:179} INFO - Processing /home/airflow/.local/lib/python3.7/site-packages/airflow/example_dags/example_dynamic_task_mapping_with_no_taskflow_operators.py took 0.120 seconds
[2023-08-11T08:01:23.723+0000] {processor.py:157} INFO - Started process (PID=1163) to work on /home/airflow/.local/lib/python3.7/site-packages/airflow/example_dags/example_dynamic_task_mapping_with_no_taskflow_operators.py
[2023-08-11T08:01:23.724+0000] {processor.py:826} INFO - Processing file /home/airflow/.local/lib/python3.7/site-packages/airflow/example_dags/example_dynamic_task_mapping_with_no_taskflow_operators.py for tasks to queue
[2023-08-11T08:01:23.725+0000] {logging_mixin.py:150} INFO - [2023-08-11T08:01:23.725+0000] {dagbag.py:541} INFO - Filling up the DagBag from /home/airflow/.local/lib/python3.7/site-packages/airflow/example_dags/example_dynamic_task_mapping_with_no_taskflow_operators.py
[2023-08-11T08:01:23.733+0000] {processor.py:836} INFO - DAG(s) dict_keys(['example_dynamic_task_mapping_with_no_taskflow_operators']) retrieved from /home/airflow/.local/lib/python3.7/site-packages/airflow/example_dags/example_dynamic_task_mapping_with_no_taskflow_operators.py
[2023-08-11T08:01:23.758+0000] {logging_mixin.py:150} INFO - [2023-08-11T08:01:23.758+0000] {dag.py:2742} INFO - Sync 1 DAGs
[2023-08-11T08:01:23.784+0000] {logging_mixin.py:150} INFO - [2023-08-11T08:01:23.784+0000] {dag.py:3508} INFO - Setting next_dagrun for example_dynamic_task_mapping_with_no_taskflow_operators to 2023-08-10T08:01:23.783980+00:00, run_after=2023-08-11T08:01:23.783980+00:00
[2023-08-11T08:01:23.807+0000] {processor.py:179} INFO - Processing /home/airflow/.local/lib/python3.7/site-packages/airflow/example_dags/example_dynamic_task_mapping_with_no_taskflow_operators.py took 0.087 seconds
[2023-08-11T08:01:53.920+0000] {processor.py:157} INFO - Started process (PID=1229) to work on /home/airflow/.local/lib/python3.7/site-packages/airflow/example_dags/example_dynamic_task_mapping_with_no_taskflow_operators.py
[2023-08-11T08:01:53.921+0000] {processor.py:826} INFO - Processing file /home/airflow/.local/lib/python3.7/site-packages/airflow/example_dags/example_dynamic_task_mapping_with_no_taskflow_operators.py for tasks to queue
[2023-08-11T08:01:53.922+0000] {logging_mixin.py:150} INFO - [2023-08-11T08:01:53.922+0000] {dagbag.py:541} INFO - Filling up the DagBag from /home/airflow/.local/lib/python3.7/site-packages/airflow/example_dags/example_dynamic_task_mapping_with_no_taskflow_operators.py
[2023-08-11T08:01:53.932+0000] {processor.py:836} INFO - DAG(s) dict_keys(['example_dynamic_task_mapping_with_no_taskflow_operators']) retrieved from /home/airflow/.local/lib/python3.7/site-packages/airflow/example_dags/example_dynamic_task_mapping_with_no_taskflow_operators.py
[2023-08-11T08:01:53.966+0000] {logging_mixin.py:150} INFO - [2023-08-11T08:01:53.966+0000] {dag.py:2742} INFO - Sync 1 DAGs
[2023-08-11T08:01:54.002+0000] {logging_mixin.py:150} INFO - [2023-08-11T08:01:54.002+0000] {dag.py:3508} INFO - Setting next_dagrun for example_dynamic_task_mapping_with_no_taskflow_operators to 2023-08-10T08:01:54.002209+00:00, run_after=2023-08-11T08:01:54.002209+00:00
[2023-08-11T08:01:54.035+0000] {processor.py:179} INFO - Processing /home/airflow/.local/lib/python3.7/site-packages/airflow/example_dags/example_dynamic_task_mapping_with_no_taskflow_operators.py took 0.119 seconds
[2023-08-11T08:02:24.153+0000] {processor.py:157} INFO - Started process (PID=1298) to work on /home/airflow/.local/lib/python3.7/site-packages/airflow/example_dags/example_dynamic_task_mapping_with_no_taskflow_operators.py
[2023-08-11T08:02:24.154+0000] {processor.py:826} INFO - Processing file /home/airflow/.local/lib/python3.7/site-packages/airflow/example_dags/example_dynamic_task_mapping_with_no_taskflow_operators.py for tasks to queue
[2023-08-11T08:02:24.155+0000] {logging_mixin.py:150} INFO - [2023-08-11T08:02:24.155+0000] {dagbag.py:541} INFO - Filling up the DagBag from /home/airflow/.local/lib/python3.7/site-packages/airflow/example_dags/example_dynamic_task_mapping_with_no_taskflow_operators.py
[2023-08-11T08:02:24.162+0000] {processor.py:836} INFO - DAG(s) dict_keys(['example_dynamic_task_mapping_with_no_taskflow_operators']) retrieved from /home/airflow/.local/lib/python3.7/site-packages/airflow/example_dags/example_dynamic_task_mapping_with_no_taskflow_operators.py
[2023-08-11T08:02:24.191+0000] {logging_mixin.py:150} INFO - [2023-08-11T08:02:24.191+0000] {dag.py:2742} INFO - Sync 1 DAGs
[2023-08-11T08:02:24.225+0000] {logging_mixin.py:150} INFO - [2023-08-11T08:02:24.225+0000] {dag.py:3508} INFO - Setting next_dagrun for example_dynamic_task_mapping_with_no_taskflow_operators to 2023-08-10T08:02:24.224896+00:00, run_after=2023-08-11T08:02:24.224896+00:00
[2023-08-11T08:02:24.259+0000] {processor.py:179} INFO - Processing /home/airflow/.local/lib/python3.7/site-packages/airflow/example_dags/example_dynamic_task_mapping_with_no_taskflow_operators.py took 0.109 seconds
[2023-08-11T08:02:54.290+0000] {processor.py:157} INFO - Started process (PID=1364) to work on /home/airflow/.local/lib/python3.7/site-packages/airflow/example_dags/example_dynamic_task_mapping_with_no_taskflow_operators.py
[2023-08-11T08:02:54.291+0000] {processor.py:826} INFO - Processing file /home/airflow/.local/lib/python3.7/site-packages/airflow/example_dags/example_dynamic_task_mapping_with_no_taskflow_operators.py for tasks to queue
[2023-08-11T08:02:54.292+0000] {logging_mixin.py:150} INFO - [2023-08-11T08:02:54.291+0000] {dagbag.py:541} INFO - Filling up the DagBag from /home/airflow/.local/lib/python3.7/site-packages/airflow/example_dags/example_dynamic_task_mapping_with_no_taskflow_operators.py
[2023-08-11T08:02:54.299+0000] {processor.py:836} INFO - DAG(s) dict_keys(['example_dynamic_task_mapping_with_no_taskflow_operators']) retrieved from /home/airflow/.local/lib/python3.7/site-packages/airflow/example_dags/example_dynamic_task_mapping_with_no_taskflow_operators.py
[2023-08-11T08:02:54.321+0000] {logging_mixin.py:150} INFO - [2023-08-11T08:02:54.321+0000] {dag.py:2742} INFO - Sync 1 DAGs
[2023-08-11T08:02:54.342+0000] {logging_mixin.py:150} INFO - [2023-08-11T08:02:54.342+0000] {dag.py:3508} INFO - Setting next_dagrun for example_dynamic_task_mapping_with_no_taskflow_operators to 2023-08-10T08:02:54.342395+00:00, run_after=2023-08-11T08:02:54.342395+00:00
[2023-08-11T08:02:54.363+0000] {processor.py:179} INFO - Processing /home/airflow/.local/lib/python3.7/site-packages/airflow/example_dags/example_dynamic_task_mapping_with_no_taskflow_operators.py took 0.075 seconds
[2023-08-11T08:03:24.980+0000] {processor.py:157} INFO - Started process (PID=1431) to work on /home/airflow/.local/lib/python3.7/site-packages/airflow/example_dags/example_dynamic_task_mapping_with_no_taskflow_operators.py
[2023-08-11T08:03:24.982+0000] {processor.py:826} INFO - Processing file /home/airflow/.local/lib/python3.7/site-packages/airflow/example_dags/example_dynamic_task_mapping_with_no_taskflow_operators.py for tasks to queue
[2023-08-11T08:03:24.985+0000] {logging_mixin.py:150} INFO - [2023-08-11T08:03:24.984+0000] {dagbag.py:541} INFO - Filling up the DagBag from /home/airflow/.local/lib/python3.7/site-packages/airflow/example_dags/example_dynamic_task_mapping_with_no_taskflow_operators.py
[2023-08-11T08:03:24.996+0000] {processor.py:836} INFO - DAG(s) dict_keys(['example_dynamic_task_mapping_with_no_taskflow_operators']) retrieved from /home/airflow/.local/lib/python3.7/site-packages/airflow/example_dags/example_dynamic_task_mapping_with_no_taskflow_operators.py
[2023-08-11T08:03:25.043+0000] {logging_mixin.py:150} INFO - [2023-08-11T08:03:25.043+0000] {dag.py:2742} INFO - Sync 1 DAGs
[2023-08-11T08:03:25.095+0000] {logging_mixin.py:150} INFO - [2023-08-11T08:03:25.094+0000] {dag.py:3508} INFO - Setting next_dagrun for example_dynamic_task_mapping_with_no_taskflow_operators to 2023-08-10T08:03:25.093937+00:00, run_after=2023-08-11T08:03:25.093937+00:00
[2023-08-11T08:03:25.139+0000] {processor.py:179} INFO - Processing /home/airflow/.local/lib/python3.7/site-packages/airflow/example_dags/example_dynamic_task_mapping_with_no_taskflow_operators.py took 0.164 seconds
[2023-08-11T08:03:55.791+0000] {processor.py:157} INFO - Started process (PID=1497) to work on /home/airflow/.local/lib/python3.7/site-packages/airflow/example_dags/example_dynamic_task_mapping_with_no_taskflow_operators.py
[2023-08-11T08:03:55.793+0000] {processor.py:826} INFO - Processing file /home/airflow/.local/lib/python3.7/site-packages/airflow/example_dags/example_dynamic_task_mapping_with_no_taskflow_operators.py for tasks to queue
[2023-08-11T08:03:55.794+0000] {logging_mixin.py:150} INFO - [2023-08-11T08:03:55.793+0000] {dagbag.py:541} INFO - Filling up the DagBag from /home/airflow/.local/lib/python3.7/site-packages/airflow/example_dags/example_dynamic_task_mapping_with_no_taskflow_operators.py
[2023-08-11T08:03:55.807+0000] {processor.py:836} INFO - DAG(s) dict_keys(['example_dynamic_task_mapping_with_no_taskflow_operators']) retrieved from /home/airflow/.local/lib/python3.7/site-packages/airflow/example_dags/example_dynamic_task_mapping_with_no_taskflow_operators.py
[2023-08-11T08:03:55.836+0000] {logging_mixin.py:150} INFO - [2023-08-11T08:03:55.836+0000] {dag.py:2742} INFO - Sync 1 DAGs
[2023-08-11T08:03:55.869+0000] {logging_mixin.py:150} INFO - [2023-08-11T08:03:55.869+0000] {dag.py:3508} INFO - Setting next_dagrun for example_dynamic_task_mapping_with_no_taskflow_operators to 2023-08-10T08:03:55.869251+00:00, run_after=2023-08-11T08:03:55.869251+00:00
[2023-08-11T08:03:55.898+0000] {processor.py:179} INFO - Processing /home/airflow/.local/lib/python3.7/site-packages/airflow/example_dags/example_dynamic_task_mapping_with_no_taskflow_operators.py took 0.111 seconds
[2023-08-11T08:04:26.183+0000] {processor.py:157} INFO - Started process (PID=1571) to work on /home/airflow/.local/lib/python3.7/site-packages/airflow/example_dags/example_dynamic_task_mapping_with_no_taskflow_operators.py
[2023-08-11T08:04:26.183+0000] {processor.py:826} INFO - Processing file /home/airflow/.local/lib/python3.7/site-packages/airflow/example_dags/example_dynamic_task_mapping_with_no_taskflow_operators.py for tasks to queue
[2023-08-11T08:04:26.184+0000] {logging_mixin.py:150} INFO - [2023-08-11T08:04:26.184+0000] {dagbag.py:541} INFO - Filling up the DagBag from /home/airflow/.local/lib/python3.7/site-packages/airflow/example_dags/example_dynamic_task_mapping_with_no_taskflow_operators.py
[2023-08-11T08:04:26.192+0000] {processor.py:836} INFO - DAG(s) dict_keys(['example_dynamic_task_mapping_with_no_taskflow_operators']) retrieved from /home/airflow/.local/lib/python3.7/site-packages/airflow/example_dags/example_dynamic_task_mapping_with_no_taskflow_operators.py
[2023-08-11T08:04:26.216+0000] {logging_mixin.py:150} INFO - [2023-08-11T08:04:26.216+0000] {dag.py:2742} INFO - Sync 1 DAGs
[2023-08-11T08:04:26.242+0000] {logging_mixin.py:150} INFO - [2023-08-11T08:04:26.242+0000] {dag.py:3508} INFO - Setting next_dagrun for example_dynamic_task_mapping_with_no_taskflow_operators to 2023-08-10T08:04:26.242425+00:00, run_after=2023-08-11T08:04:26.242425+00:00
[2023-08-11T08:04:26.265+0000] {processor.py:179} INFO - Processing /home/airflow/.local/lib/python3.7/site-packages/airflow/example_dags/example_dynamic_task_mapping_with_no_taskflow_operators.py took 0.085 seconds
[2023-08-11T08:04:56.740+0000] {processor.py:157} INFO - Started process (PID=1637) to work on /home/airflow/.local/lib/python3.7/site-packages/airflow/example_dags/example_dynamic_task_mapping_with_no_taskflow_operators.py
[2023-08-11T08:04:56.741+0000] {processor.py:826} INFO - Processing file /home/airflow/.local/lib/python3.7/site-packages/airflow/example_dags/example_dynamic_task_mapping_with_no_taskflow_operators.py for tasks to queue
[2023-08-11T08:04:56.742+0000] {logging_mixin.py:150} INFO - [2023-08-11T08:04:56.741+0000] {dagbag.py:541} INFO - Filling up the DagBag from /home/airflow/.local/lib/python3.7/site-packages/airflow/example_dags/example_dynamic_task_mapping_with_no_taskflow_operators.py
[2023-08-11T08:04:56.748+0000] {processor.py:836} INFO - DAG(s) dict_keys(['example_dynamic_task_mapping_with_no_taskflow_operators']) retrieved from /home/airflow/.local/lib/python3.7/site-packages/airflow/example_dags/example_dynamic_task_mapping_with_no_taskflow_operators.py
[2023-08-11T08:04:56.802+0000] {logging_mixin.py:150} INFO - [2023-08-11T08:04:56.802+0000] {dag.py:2742} INFO - Sync 1 DAGs
[2023-08-11T08:04:56.836+0000] {logging_mixin.py:150} INFO - [2023-08-11T08:04:56.836+0000] {dag.py:3508} INFO - Setting next_dagrun for example_dynamic_task_mapping_with_no_taskflow_operators to 2023-08-10T08:04:56.835871+00:00, run_after=2023-08-11T08:04:56.835871+00:00
[2023-08-11T08:04:56.863+0000] {processor.py:179} INFO - Processing /home/airflow/.local/lib/python3.7/site-packages/airflow/example_dags/example_dynamic_task_mapping_with_no_taskflow_operators.py took 0.128 seconds
[2023-08-11T08:05:27.033+0000] {processor.py:157} INFO - Started process (PID=1704) to work on /home/airflow/.local/lib/python3.7/site-packages/airflow/example_dags/example_dynamic_task_mapping_with_no_taskflow_operators.py
[2023-08-11T08:05:27.035+0000] {processor.py:826} INFO - Processing file /home/airflow/.local/lib/python3.7/site-packages/airflow/example_dags/example_dynamic_task_mapping_with_no_taskflow_operators.py for tasks to queue
[2023-08-11T08:05:27.037+0000] {logging_mixin.py:150} INFO - [2023-08-11T08:05:27.036+0000] {dagbag.py:541} INFO - Filling up the DagBag from /home/airflow/.local/lib/python3.7/site-packages/airflow/example_dags/example_dynamic_task_mapping_with_no_taskflow_operators.py
[2023-08-11T08:05:27.048+0000] {processor.py:836} INFO - DAG(s) dict_keys(['example_dynamic_task_mapping_with_no_taskflow_operators']) retrieved from /home/airflow/.local/lib/python3.7/site-packages/airflow/example_dags/example_dynamic_task_mapping_with_no_taskflow_operators.py
[2023-08-11T08:05:27.093+0000] {logging_mixin.py:150} INFO - [2023-08-11T08:05:27.092+0000] {dag.py:2742} INFO - Sync 1 DAGs
[2023-08-11T08:05:27.138+0000] {logging_mixin.py:150} INFO - [2023-08-11T08:05:27.138+0000] {dag.py:3508} INFO - Setting next_dagrun for example_dynamic_task_mapping_with_no_taskflow_operators to 2023-08-10T08:05:27.138009+00:00, run_after=2023-08-11T08:05:27.138009+00:00
[2023-08-11T08:05:27.170+0000] {processor.py:179} INFO - Processing /home/airflow/.local/lib/python3.7/site-packages/airflow/example_dags/example_dynamic_task_mapping_with_no_taskflow_operators.py took 0.144 seconds
[2023-08-11T08:05:57.368+0000] {processor.py:157} INFO - Started process (PID=1770) to work on /home/airflow/.local/lib/python3.7/site-packages/airflow/example_dags/example_dynamic_task_mapping_with_no_taskflow_operators.py
[2023-08-11T08:05:57.376+0000] {processor.py:826} INFO - Processing file /home/airflow/.local/lib/python3.7/site-packages/airflow/example_dags/example_dynamic_task_mapping_with_no_taskflow_operators.py for tasks to queue
[2023-08-11T08:05:57.377+0000] {logging_mixin.py:150} INFO - [2023-08-11T08:05:57.377+0000] {dagbag.py:541} INFO - Filling up the DagBag from /home/airflow/.local/lib/python3.7/site-packages/airflow/example_dags/example_dynamic_task_mapping_with_no_taskflow_operators.py
[2023-08-11T08:05:57.383+0000] {processor.py:836} INFO - DAG(s) dict_keys(['example_dynamic_task_mapping_with_no_taskflow_operators']) retrieved from /home/airflow/.local/lib/python3.7/site-packages/airflow/example_dags/example_dynamic_task_mapping_with_no_taskflow_operators.py
[2023-08-11T08:05:57.408+0000] {logging_mixin.py:150} INFO - [2023-08-11T08:05:57.408+0000] {dag.py:2742} INFO - Sync 1 DAGs
[2023-08-11T08:05:57.430+0000] {logging_mixin.py:150} INFO - [2023-08-11T08:05:57.430+0000] {dag.py:3508} INFO - Setting next_dagrun for example_dynamic_task_mapping_with_no_taskflow_operators to 2023-08-10T08:05:57.430018+00:00, run_after=2023-08-11T08:05:57.430018+00:00
[2023-08-11T08:05:57.464+0000] {processor.py:179} INFO - Processing /home/airflow/.local/lib/python3.7/site-packages/airflow/example_dags/example_dynamic_task_mapping_with_no_taskflow_operators.py took 0.098 seconds
[2023-08-11T08:06:28.314+0000] {processor.py:157} INFO - Started process (PID=1841) to work on /home/airflow/.local/lib/python3.7/site-packages/airflow/example_dags/example_dynamic_task_mapping_with_no_taskflow_operators.py
[2023-08-11T08:06:28.316+0000] {processor.py:826} INFO - Processing file /home/airflow/.local/lib/python3.7/site-packages/airflow/example_dags/example_dynamic_task_mapping_with_no_taskflow_operators.py for tasks to queue
[2023-08-11T08:06:28.318+0000] {logging_mixin.py:150} INFO - [2023-08-11T08:06:28.317+0000] {dagbag.py:541} INFO - Filling up the DagBag from /home/airflow/.local/lib/python3.7/site-packages/airflow/example_dags/example_dynamic_task_mapping_with_no_taskflow_operators.py
[2023-08-11T08:06:28.333+0000] {processor.py:836} INFO - DAG(s) dict_keys(['example_dynamic_task_mapping_with_no_taskflow_operators']) retrieved from /home/airflow/.local/lib/python3.7/site-packages/airflow/example_dags/example_dynamic_task_mapping_with_no_taskflow_operators.py
[2023-08-11T08:06:28.386+0000] {logging_mixin.py:150} INFO - [2023-08-11T08:06:28.386+0000] {dag.py:2742} INFO - Sync 1 DAGs
[2023-08-11T08:06:28.440+0000] {logging_mixin.py:150} INFO - [2023-08-11T08:06:28.440+0000] {dag.py:3508} INFO - Setting next_dagrun for example_dynamic_task_mapping_with_no_taskflow_operators to 2023-08-10T08:06:28.439591+00:00, run_after=2023-08-11T08:06:28.439591+00:00
[2023-08-11T08:06:28.486+0000] {processor.py:179} INFO - Processing /home/airflow/.local/lib/python3.7/site-packages/airflow/example_dags/example_dynamic_task_mapping_with_no_taskflow_operators.py took 0.181 seconds
[2023-08-11T08:06:59.252+0000] {processor.py:157} INFO - Started process (PID=1909) to work on /home/airflow/.local/lib/python3.7/site-packages/airflow/example_dags/example_dynamic_task_mapping_with_no_taskflow_operators.py
[2023-08-11T08:06:59.253+0000] {processor.py:826} INFO - Processing file /home/airflow/.local/lib/python3.7/site-packages/airflow/example_dags/example_dynamic_task_mapping_with_no_taskflow_operators.py for tasks to queue
[2023-08-11T08:06:59.253+0000] {logging_mixin.py:150} INFO - [2023-08-11T08:06:59.253+0000] {dagbag.py:541} INFO - Filling up the DagBag from /home/airflow/.local/lib/python3.7/site-packages/airflow/example_dags/example_dynamic_task_mapping_with_no_taskflow_operators.py
[2023-08-11T08:06:59.261+0000] {processor.py:836} INFO - DAG(s) dict_keys(['example_dynamic_task_mapping_with_no_taskflow_operators']) retrieved from /home/airflow/.local/lib/python3.7/site-packages/airflow/example_dags/example_dynamic_task_mapping_with_no_taskflow_operators.py
[2023-08-11T08:06:59.284+0000] {logging_mixin.py:150} INFO - [2023-08-11T08:06:59.284+0000] {dag.py:2742} INFO - Sync 1 DAGs
[2023-08-11T08:06:59.307+0000] {logging_mixin.py:150} INFO - [2023-08-11T08:06:59.306+0000] {dag.py:3508} INFO - Setting next_dagrun for example_dynamic_task_mapping_with_no_taskflow_operators to 2023-08-10T08:06:59.306473+00:00, run_after=2023-08-11T08:06:59.306473+00:00
[2023-08-11T08:06:59.329+0000] {processor.py:179} INFO - Processing /home/airflow/.local/lib/python3.7/site-packages/airflow/example_dags/example_dynamic_task_mapping_with_no_taskflow_operators.py took 0.079 seconds
[2023-08-11T08:07:29.850+0000] {processor.py:157} INFO - Started process (PID=1978) to work on /home/airflow/.local/lib/python3.7/site-packages/airflow/example_dags/example_dynamic_task_mapping_with_no_taskflow_operators.py
[2023-08-11T08:07:29.851+0000] {processor.py:826} INFO - Processing file /home/airflow/.local/lib/python3.7/site-packages/airflow/example_dags/example_dynamic_task_mapping_with_no_taskflow_operators.py for tasks to queue
[2023-08-11T08:07:29.852+0000] {logging_mixin.py:150} INFO - [2023-08-11T08:07:29.851+0000] {dagbag.py:541} INFO - Filling up the DagBag from /home/airflow/.local/lib/python3.7/site-packages/airflow/example_dags/example_dynamic_task_mapping_with_no_taskflow_operators.py
[2023-08-11T08:07:29.858+0000] {processor.py:836} INFO - DAG(s) dict_keys(['example_dynamic_task_mapping_with_no_taskflow_operators']) retrieved from /home/airflow/.local/lib/python3.7/site-packages/airflow/example_dags/example_dynamic_task_mapping_with_no_taskflow_operators.py
[2023-08-11T08:07:29.884+0000] {logging_mixin.py:150} INFO - [2023-08-11T08:07:29.884+0000] {dag.py:2742} INFO - Sync 1 DAGs
[2023-08-11T08:07:29.909+0000] {logging_mixin.py:150} INFO - [2023-08-11T08:07:29.908+0000] {dag.py:3508} INFO - Setting next_dagrun for example_dynamic_task_mapping_with_no_taskflow_operators to 2023-08-10T08:07:29.908700+00:00, run_after=2023-08-11T08:07:29.908700+00:00
[2023-08-11T08:07:29.931+0000] {processor.py:179} INFO - Processing /home/airflow/.local/lib/python3.7/site-packages/airflow/example_dags/example_dynamic_task_mapping_with_no_taskflow_operators.py took 0.084 seconds
[2023-08-11T08:08:00.040+0000] {processor.py:157} INFO - Started process (PID=2044) to work on /home/airflow/.local/lib/python3.7/site-packages/airflow/example_dags/example_dynamic_task_mapping_with_no_taskflow_operators.py
[2023-08-11T08:08:00.042+0000] {processor.py:826} INFO - Processing file /home/airflow/.local/lib/python3.7/site-packages/airflow/example_dags/example_dynamic_task_mapping_with_no_taskflow_operators.py for tasks to queue
[2023-08-11T08:08:00.042+0000] {logging_mixin.py:150} INFO - [2023-08-11T08:08:00.042+0000] {dagbag.py:541} INFO - Filling up the DagBag from /home/airflow/.local/lib/python3.7/site-packages/airflow/example_dags/example_dynamic_task_mapping_with_no_taskflow_operators.py
[2023-08-11T08:08:00.050+0000] {processor.py:836} INFO - DAG(s) dict_keys(['example_dynamic_task_mapping_with_no_taskflow_operators']) retrieved from /home/airflow/.local/lib/python3.7/site-packages/airflow/example_dags/example_dynamic_task_mapping_with_no_taskflow_operators.py
[2023-08-11T08:08:00.072+0000] {logging_mixin.py:150} INFO - [2023-08-11T08:08:00.072+0000] {dag.py:2742} INFO - Sync 1 DAGs
[2023-08-11T08:08:00.095+0000] {logging_mixin.py:150} INFO - [2023-08-11T08:08:00.095+0000] {dag.py:3508} INFO - Setting next_dagrun for example_dynamic_task_mapping_with_no_taskflow_operators to 2023-08-10T08:08:00.095425+00:00, run_after=2023-08-11T08:08:00.095425+00:00
[2023-08-11T08:08:00.117+0000] {processor.py:179} INFO - Processing /home/airflow/.local/lib/python3.7/site-packages/airflow/example_dags/example_dynamic_task_mapping_with_no_taskflow_operators.py took 0.079 seconds
[2023-08-11T08:08:30.768+0000] {processor.py:157} INFO - Started process (PID=2110) to work on /home/airflow/.local/lib/python3.7/site-packages/airflow/example_dags/example_dynamic_task_mapping_with_no_taskflow_operators.py
[2023-08-11T08:08:30.768+0000] {processor.py:826} INFO - Processing file /home/airflow/.local/lib/python3.7/site-packages/airflow/example_dags/example_dynamic_task_mapping_with_no_taskflow_operators.py for tasks to queue
[2023-08-11T08:08:30.769+0000] {logging_mixin.py:150} INFO - [2023-08-11T08:08:30.769+0000] {dagbag.py:541} INFO - Filling up the DagBag from /home/airflow/.local/lib/python3.7/site-packages/airflow/example_dags/example_dynamic_task_mapping_with_no_taskflow_operators.py
[2023-08-11T08:08:30.775+0000] {processor.py:836} INFO - DAG(s) dict_keys(['example_dynamic_task_mapping_with_no_taskflow_operators']) retrieved from /home/airflow/.local/lib/python3.7/site-packages/airflow/example_dags/example_dynamic_task_mapping_with_no_taskflow_operators.py
[2023-08-11T08:08:30.796+0000] {logging_mixin.py:150} INFO - [2023-08-11T08:08:30.796+0000] {dag.py:2742} INFO - Sync 1 DAGs
[2023-08-11T08:08:30.820+0000] {logging_mixin.py:150} INFO - [2023-08-11T08:08:30.820+0000] {dag.py:3508} INFO - Setting next_dagrun for example_dynamic_task_mapping_with_no_taskflow_operators to 2023-08-10T08:08:30.819748+00:00, run_after=2023-08-11T08:08:30.819748+00:00
[2023-08-11T08:08:30.839+0000] {processor.py:179} INFO - Processing /home/airflow/.local/lib/python3.7/site-packages/airflow/example_dags/example_dynamic_task_mapping_with_no_taskflow_operators.py took 0.075 seconds
[2023-08-11T08:09:01.180+0000] {processor.py:157} INFO - Started process (PID=2176) to work on /home/airflow/.local/lib/python3.7/site-packages/airflow/example_dags/example_dynamic_task_mapping_with_no_taskflow_operators.py
[2023-08-11T08:09:01.181+0000] {processor.py:826} INFO - Processing file /home/airflow/.local/lib/python3.7/site-packages/airflow/example_dags/example_dynamic_task_mapping_with_no_taskflow_operators.py for tasks to queue
[2023-08-11T08:09:01.183+0000] {logging_mixin.py:150} INFO - [2023-08-11T08:09:01.182+0000] {dagbag.py:541} INFO - Filling up the DagBag from /home/airflow/.local/lib/python3.7/site-packages/airflow/example_dags/example_dynamic_task_mapping_with_no_taskflow_operators.py
[2023-08-11T08:09:01.189+0000] {processor.py:836} INFO - DAG(s) dict_keys(['example_dynamic_task_mapping_with_no_taskflow_operators']) retrieved from /home/airflow/.local/lib/python3.7/site-packages/airflow/example_dags/example_dynamic_task_mapping_with_no_taskflow_operators.py
[2023-08-11T08:09:01.213+0000] {logging_mixin.py:150} INFO - [2023-08-11T08:09:01.213+0000] {dag.py:2742} INFO - Sync 1 DAGs
[2023-08-11T08:09:01.237+0000] {logging_mixin.py:150} INFO - [2023-08-11T08:09:01.237+0000] {dag.py:3508} INFO - Setting next_dagrun for example_dynamic_task_mapping_with_no_taskflow_operators to 2023-08-10T08:09:01.236912+00:00, run_after=2023-08-11T08:09:01.236912+00:00
[2023-08-11T08:09:01.258+0000] {processor.py:179} INFO - Processing /home/airflow/.local/lib/python3.7/site-packages/airflow/example_dags/example_dynamic_task_mapping_with_no_taskflow_operators.py took 0.081 seconds
[2023-08-11T08:09:32.224+0000] {processor.py:157} INFO - Started process (PID=2242) to work on /home/airflow/.local/lib/python3.7/site-packages/airflow/example_dags/example_dynamic_task_mapping_with_no_taskflow_operators.py
[2023-08-11T08:09:32.225+0000] {processor.py:826} INFO - Processing file /home/airflow/.local/lib/python3.7/site-packages/airflow/example_dags/example_dynamic_task_mapping_with_no_taskflow_operators.py for tasks to queue
[2023-08-11T08:09:32.226+0000] {logging_mixin.py:150} INFO - [2023-08-11T08:09:32.226+0000] {dagbag.py:541} INFO - Filling up the DagBag from /home/airflow/.local/lib/python3.7/site-packages/airflow/example_dags/example_dynamic_task_mapping_with_no_taskflow_operators.py
[2023-08-11T08:09:32.237+0000] {processor.py:836} INFO - DAG(s) dict_keys(['example_dynamic_task_mapping_with_no_taskflow_operators']) retrieved from /home/airflow/.local/lib/python3.7/site-packages/airflow/example_dags/example_dynamic_task_mapping_with_no_taskflow_operators.py
[2023-08-11T08:09:32.284+0000] {logging_mixin.py:150} INFO - [2023-08-11T08:09:32.283+0000] {dag.py:2742} INFO - Sync 1 DAGs
[2023-08-11T08:09:32.328+0000] {logging_mixin.py:150} INFO - [2023-08-11T08:09:32.327+0000] {dag.py:3508} INFO - Setting next_dagrun for example_dynamic_task_mapping_with_no_taskflow_operators to 2023-08-10T08:09:32.327666+00:00, run_after=2023-08-11T08:09:32.327666+00:00
[2023-08-11T08:09:32.376+0000] {processor.py:179} INFO - Processing /home/airflow/.local/lib/python3.7/site-packages/airflow/example_dags/example_dynamic_task_mapping_with_no_taskflow_operators.py took 0.156 seconds
[2023-08-11T08:10:02.439+0000] {processor.py:157} INFO - Started process (PID=2308) to work on /home/airflow/.local/lib/python3.7/site-packages/airflow/example_dags/example_dynamic_task_mapping_with_no_taskflow_operators.py
[2023-08-11T08:10:02.440+0000] {processor.py:826} INFO - Processing file /home/airflow/.local/lib/python3.7/site-packages/airflow/example_dags/example_dynamic_task_mapping_with_no_taskflow_operators.py for tasks to queue
[2023-08-11T08:10:02.441+0000] {logging_mixin.py:150} INFO - [2023-08-11T08:10:02.440+0000] {dagbag.py:541} INFO - Filling up the DagBag from /home/airflow/.local/lib/python3.7/site-packages/airflow/example_dags/example_dynamic_task_mapping_with_no_taskflow_operators.py
[2023-08-11T08:10:02.446+0000] {processor.py:836} INFO - DAG(s) dict_keys(['example_dynamic_task_mapping_with_no_taskflow_operators']) retrieved from /home/airflow/.local/lib/python3.7/site-packages/airflow/example_dags/example_dynamic_task_mapping_with_no_taskflow_operators.py
[2023-08-11T08:10:02.469+0000] {logging_mixin.py:150} INFO - [2023-08-11T08:10:02.469+0000] {dag.py:2742} INFO - Sync 1 DAGs
[2023-08-11T08:10:02.491+0000] {logging_mixin.py:150} INFO - [2023-08-11T08:10:02.491+0000] {dag.py:3508} INFO - Setting next_dagrun for example_dynamic_task_mapping_with_no_taskflow_operators to 2023-08-10T08:10:02.491100+00:00, run_after=2023-08-11T08:10:02.491100+00:00
[2023-08-11T08:10:02.509+0000] {processor.py:179} INFO - Processing /home/airflow/.local/lib/python3.7/site-packages/airflow/example_dags/example_dynamic_task_mapping_with_no_taskflow_operators.py took 0.074 seconds
[2023-08-11T08:10:32.872+0000] {processor.py:157} INFO - Started process (PID=2374) to work on /home/airflow/.local/lib/python3.7/site-packages/airflow/example_dags/example_dynamic_task_mapping_with_no_taskflow_operators.py
[2023-08-11T08:10:32.874+0000] {processor.py:826} INFO - Processing file /home/airflow/.local/lib/python3.7/site-packages/airflow/example_dags/example_dynamic_task_mapping_with_no_taskflow_operators.py for tasks to queue
[2023-08-11T08:10:32.875+0000] {logging_mixin.py:150} INFO - [2023-08-11T08:10:32.875+0000] {dagbag.py:541} INFO - Filling up the DagBag from /home/airflow/.local/lib/python3.7/site-packages/airflow/example_dags/example_dynamic_task_mapping_with_no_taskflow_operators.py
[2023-08-11T08:10:32.884+0000] {processor.py:836} INFO - DAG(s) dict_keys(['example_dynamic_task_mapping_with_no_taskflow_operators']) retrieved from /home/airflow/.local/lib/python3.7/site-packages/airflow/example_dags/example_dynamic_task_mapping_with_no_taskflow_operators.py
[2023-08-11T08:10:32.921+0000] {logging_mixin.py:150} INFO - [2023-08-11T08:10:32.921+0000] {dag.py:2742} INFO - Sync 1 DAGs
[2023-08-11T08:10:32.956+0000] {logging_mixin.py:150} INFO - [2023-08-11T08:10:32.956+0000] {dag.py:3508} INFO - Setting next_dagrun for example_dynamic_task_mapping_with_no_taskflow_operators to 2023-08-10T08:10:32.956230+00:00, run_after=2023-08-11T08:10:32.956230+00:00
[2023-08-11T08:10:32.983+0000] {processor.py:179} INFO - Processing /home/airflow/.local/lib/python3.7/site-packages/airflow/example_dags/example_dynamic_task_mapping_with_no_taskflow_operators.py took 0.117 seconds
[2023-08-11T08:11:03.159+0000] {processor.py:157} INFO - Started process (PID=2440) to work on /home/airflow/.local/lib/python3.7/site-packages/airflow/example_dags/example_dynamic_task_mapping_with_no_taskflow_operators.py
[2023-08-11T08:11:03.161+0000] {processor.py:826} INFO - Processing file /home/airflow/.local/lib/python3.7/site-packages/airflow/example_dags/example_dynamic_task_mapping_with_no_taskflow_operators.py for tasks to queue
[2023-08-11T08:11:03.161+0000] {logging_mixin.py:150} INFO - [2023-08-11T08:11:03.161+0000] {dagbag.py:541} INFO - Filling up the DagBag from /home/airflow/.local/lib/python3.7/site-packages/airflow/example_dags/example_dynamic_task_mapping_with_no_taskflow_operators.py
[2023-08-11T08:11:03.168+0000] {processor.py:836} INFO - DAG(s) dict_keys(['example_dynamic_task_mapping_with_no_taskflow_operators']) retrieved from /home/airflow/.local/lib/python3.7/site-packages/airflow/example_dags/example_dynamic_task_mapping_with_no_taskflow_operators.py
[2023-08-11T08:11:03.209+0000] {logging_mixin.py:150} INFO - [2023-08-11T08:11:03.209+0000] {dag.py:2742} INFO - Sync 1 DAGs
[2023-08-11T08:11:03.267+0000] {logging_mixin.py:150} INFO - [2023-08-11T08:11:03.267+0000] {dag.py:3508} INFO - Setting next_dagrun for example_dynamic_task_mapping_with_no_taskflow_operators to 2023-08-10T08:11:03.266626+00:00, run_after=2023-08-11T08:11:03.266626+00:00
[2023-08-11T08:11:03.308+0000] {processor.py:179} INFO - Processing /home/airflow/.local/lib/python3.7/site-packages/airflow/example_dags/example_dynamic_task_mapping_with_no_taskflow_operators.py took 0.152 seconds
[2023-08-11T08:11:33.936+0000] {processor.py:157} INFO - Started process (PID=2514) to work on /home/airflow/.local/lib/python3.7/site-packages/airflow/example_dags/example_dynamic_task_mapping_with_no_taskflow_operators.py
[2023-08-11T08:11:33.937+0000] {processor.py:826} INFO - Processing file /home/airflow/.local/lib/python3.7/site-packages/airflow/example_dags/example_dynamic_task_mapping_with_no_taskflow_operators.py for tasks to queue
[2023-08-11T08:11:33.938+0000] {logging_mixin.py:150} INFO - [2023-08-11T08:11:33.938+0000] {dagbag.py:541} INFO - Filling up the DagBag from /home/airflow/.local/lib/python3.7/site-packages/airflow/example_dags/example_dynamic_task_mapping_with_no_taskflow_operators.py
[2023-08-11T08:11:33.947+0000] {processor.py:836} INFO - DAG(s) dict_keys(['example_dynamic_task_mapping_with_no_taskflow_operators']) retrieved from /home/airflow/.local/lib/python3.7/site-packages/airflow/example_dags/example_dynamic_task_mapping_with_no_taskflow_operators.py
[2023-08-11T08:11:33.977+0000] {logging_mixin.py:150} INFO - [2023-08-11T08:11:33.976+0000] {dag.py:2742} INFO - Sync 1 DAGs
[2023-08-11T08:11:34.003+0000] {logging_mixin.py:150} INFO - [2023-08-11T08:11:34.003+0000] {dag.py:3508} INFO - Setting next_dagrun for example_dynamic_task_mapping_with_no_taskflow_operators to 2023-08-10T08:11:34.003379+00:00, run_after=2023-08-11T08:11:34.003379+00:00
[2023-08-11T08:11:34.034+0000] {processor.py:179} INFO - Processing /home/airflow/.local/lib/python3.7/site-packages/airflow/example_dags/example_dynamic_task_mapping_with_no_taskflow_operators.py took 0.101 seconds
[2023-08-11T08:12:04.525+0000] {processor.py:157} INFO - Started process (PID=2580) to work on /home/airflow/.local/lib/python3.7/site-packages/airflow/example_dags/example_dynamic_task_mapping_with_no_taskflow_operators.py
[2023-08-11T08:12:04.527+0000] {processor.py:826} INFO - Processing file /home/airflow/.local/lib/python3.7/site-packages/airflow/example_dags/example_dynamic_task_mapping_with_no_taskflow_operators.py for tasks to queue
[2023-08-11T08:12:04.528+0000] {logging_mixin.py:150} INFO - [2023-08-11T08:12:04.527+0000] {dagbag.py:541} INFO - Filling up the DagBag from /home/airflow/.local/lib/python3.7/site-packages/airflow/example_dags/example_dynamic_task_mapping_with_no_taskflow_operators.py
[2023-08-11T08:12:04.533+0000] {processor.py:836} INFO - DAG(s) dict_keys(['example_dynamic_task_mapping_with_no_taskflow_operators']) retrieved from /home/airflow/.local/lib/python3.7/site-packages/airflow/example_dags/example_dynamic_task_mapping_with_no_taskflow_operators.py
[2023-08-11T08:12:04.557+0000] {logging_mixin.py:150} INFO - [2023-08-11T08:12:04.556+0000] {dag.py:2742} INFO - Sync 1 DAGs
[2023-08-11T08:12:04.582+0000] {logging_mixin.py:150} INFO - [2023-08-11T08:12:04.582+0000] {dag.py:3508} INFO - Setting next_dagrun for example_dynamic_task_mapping_with_no_taskflow_operators to 2023-08-10T08:12:04.582138+00:00, run_after=2023-08-11T08:12:04.582138+00:00
[2023-08-11T08:12:04.603+0000] {processor.py:179} INFO - Processing /home/airflow/.local/lib/python3.7/site-packages/airflow/example_dags/example_dynamic_task_mapping_with_no_taskflow_operators.py took 0.081 seconds
[2023-08-11T08:12:34.729+0000] {processor.py:157} INFO - Started process (PID=2646) to work on /home/airflow/.local/lib/python3.7/site-packages/airflow/example_dags/example_dynamic_task_mapping_with_no_taskflow_operators.py
[2023-08-11T08:12:34.730+0000] {processor.py:826} INFO - Processing file /home/airflow/.local/lib/python3.7/site-packages/airflow/example_dags/example_dynamic_task_mapping_with_no_taskflow_operators.py for tasks to queue
[2023-08-11T08:12:34.731+0000] {logging_mixin.py:150} INFO - [2023-08-11T08:12:34.730+0000] {dagbag.py:541} INFO - Filling up the DagBag from /home/airflow/.local/lib/python3.7/site-packages/airflow/example_dags/example_dynamic_task_mapping_with_no_taskflow_operators.py
[2023-08-11T08:12:34.737+0000] {processor.py:836} INFO - DAG(s) dict_keys(['example_dynamic_task_mapping_with_no_taskflow_operators']) retrieved from /home/airflow/.local/lib/python3.7/site-packages/airflow/example_dags/example_dynamic_task_mapping_with_no_taskflow_operators.py
[2023-08-11T08:12:34.766+0000] {logging_mixin.py:150} INFO - [2023-08-11T08:12:34.766+0000] {dag.py:2742} INFO - Sync 1 DAGs
[2023-08-11T08:12:34.793+0000] {logging_mixin.py:150} INFO - [2023-08-11T08:12:34.793+0000] {dag.py:3508} INFO - Setting next_dagrun for example_dynamic_task_mapping_with_no_taskflow_operators to 2023-08-10T08:12:34.792617+00:00, run_after=2023-08-11T08:12:34.792617+00:00
[2023-08-11T08:12:34.817+0000] {processor.py:179} INFO - Processing /home/airflow/.local/lib/python3.7/site-packages/airflow/example_dags/example_dynamic_task_mapping_with_no_taskflow_operators.py took 0.093 seconds
[2023-08-11T08:13:05.765+0000] {processor.py:157} INFO - Started process (PID=2712) to work on /home/airflow/.local/lib/python3.7/site-packages/airflow/example_dags/example_dynamic_task_mapping_with_no_taskflow_operators.py
[2023-08-11T08:13:05.768+0000] {processor.py:826} INFO - Processing file /home/airflow/.local/lib/python3.7/site-packages/airflow/example_dags/example_dynamic_task_mapping_with_no_taskflow_operators.py for tasks to queue
[2023-08-11T08:13:05.770+0000] {logging_mixin.py:150} INFO - [2023-08-11T08:13:05.770+0000] {dagbag.py:541} INFO - Filling up the DagBag from /home/airflow/.local/lib/python3.7/site-packages/airflow/example_dags/example_dynamic_task_mapping_with_no_taskflow_operators.py
[2023-08-11T08:13:05.788+0000] {processor.py:836} INFO - DAG(s) dict_keys(['example_dynamic_task_mapping_with_no_taskflow_operators']) retrieved from /home/airflow/.local/lib/python3.7/site-packages/airflow/example_dags/example_dynamic_task_mapping_with_no_taskflow_operators.py
[2023-08-11T08:13:05.852+0000] {logging_mixin.py:150} INFO - [2023-08-11T08:13:05.851+0000] {dag.py:2742} INFO - Sync 1 DAGs
[2023-08-11T08:13:05.907+0000] {logging_mixin.py:150} INFO - [2023-08-11T08:13:05.907+0000] {dag.py:3508} INFO - Setting next_dagrun for example_dynamic_task_mapping_with_no_taskflow_operators to 2023-08-10T08:13:05.906965+00:00, run_after=2023-08-11T08:13:05.906965+00:00
[2023-08-11T08:13:05.958+0000] {processor.py:179} INFO - Processing /home/airflow/.local/lib/python3.7/site-packages/airflow/example_dags/example_dynamic_task_mapping_with_no_taskflow_operators.py took 0.202 seconds
[2023-08-11T08:13:36.060+0000] {processor.py:157} INFO - Started process (PID=2778) to work on /home/airflow/.local/lib/python3.7/site-packages/airflow/example_dags/example_dynamic_task_mapping_with_no_taskflow_operators.py
[2023-08-11T08:13:36.062+0000] {processor.py:826} INFO - Processing file /home/airflow/.local/lib/python3.7/site-packages/airflow/example_dags/example_dynamic_task_mapping_with_no_taskflow_operators.py for tasks to queue
[2023-08-11T08:13:36.064+0000] {logging_mixin.py:150} INFO - [2023-08-11T08:13:36.063+0000] {dagbag.py:541} INFO - Filling up the DagBag from /home/airflow/.local/lib/python3.7/site-packages/airflow/example_dags/example_dynamic_task_mapping_with_no_taskflow_operators.py
[2023-08-11T08:13:36.072+0000] {processor.py:836} INFO - DAG(s) dict_keys(['example_dynamic_task_mapping_with_no_taskflow_operators']) retrieved from /home/airflow/.local/lib/python3.7/site-packages/airflow/example_dags/example_dynamic_task_mapping_with_no_taskflow_operators.py
[2023-08-11T08:13:36.101+0000] {logging_mixin.py:150} INFO - [2023-08-11T08:13:36.101+0000] {dag.py:2742} INFO - Sync 1 DAGs
[2023-08-11T08:13:36.129+0000] {logging_mixin.py:150} INFO - [2023-08-11T08:13:36.129+0000] {dag.py:3508} INFO - Setting next_dagrun for example_dynamic_task_mapping_with_no_taskflow_operators to 2023-08-10T08:13:36.128290+00:00, run_after=2023-08-11T08:13:36.128290+00:00
[2023-08-11T08:13:36.156+0000] {processor.py:179} INFO - Processing /home/airflow/.local/lib/python3.7/site-packages/airflow/example_dags/example_dynamic_task_mapping_with_no_taskflow_operators.py took 0.099 seconds
[2023-08-11T08:14:06.211+0000] {processor.py:157} INFO - Started process (PID=2844) to work on /home/airflow/.local/lib/python3.7/site-packages/airflow/example_dags/example_dynamic_task_mapping_with_no_taskflow_operators.py
[2023-08-11T08:14:06.212+0000] {processor.py:826} INFO - Processing file /home/airflow/.local/lib/python3.7/site-packages/airflow/example_dags/example_dynamic_task_mapping_with_no_taskflow_operators.py for tasks to queue
[2023-08-11T08:14:06.214+0000] {logging_mixin.py:150} INFO - [2023-08-11T08:14:06.213+0000] {dagbag.py:541} INFO - Filling up the DagBag from /home/airflow/.local/lib/python3.7/site-packages/airflow/example_dags/example_dynamic_task_mapping_with_no_taskflow_operators.py
[2023-08-11T08:14:06.220+0000] {processor.py:836} INFO - DAG(s) dict_keys(['example_dynamic_task_mapping_with_no_taskflow_operators']) retrieved from /home/airflow/.local/lib/python3.7/site-packages/airflow/example_dags/example_dynamic_task_mapping_with_no_taskflow_operators.py
[2023-08-11T08:14:06.243+0000] {logging_mixin.py:150} INFO - [2023-08-11T08:14:06.242+0000] {dag.py:2742} INFO - Sync 1 DAGs
[2023-08-11T08:14:06.266+0000] {logging_mixin.py:150} INFO - [2023-08-11T08:14:06.266+0000] {dag.py:3508} INFO - Setting next_dagrun for example_dynamic_task_mapping_with_no_taskflow_operators to 2023-08-10T08:14:06.266384+00:00, run_after=2023-08-11T08:14:06.266384+00:00
[2023-08-11T08:14:06.288+0000] {processor.py:179} INFO - Processing /home/airflow/.local/lib/python3.7/site-packages/airflow/example_dags/example_dynamic_task_mapping_with_no_taskflow_operators.py took 0.080 seconds
[2023-08-11T08:14:36.575+0000] {processor.py:157} INFO - Started process (PID=2911) to work on /home/airflow/.local/lib/python3.7/site-packages/airflow/example_dags/example_dynamic_task_mapping_with_no_taskflow_operators.py
[2023-08-11T08:14:36.576+0000] {processor.py:826} INFO - Processing file /home/airflow/.local/lib/python3.7/site-packages/airflow/example_dags/example_dynamic_task_mapping_with_no_taskflow_operators.py for tasks to queue
[2023-08-11T08:14:36.577+0000] {logging_mixin.py:150} INFO - [2023-08-11T08:14:36.577+0000] {dagbag.py:541} INFO - Filling up the DagBag from /home/airflow/.local/lib/python3.7/site-packages/airflow/example_dags/example_dynamic_task_mapping_with_no_taskflow_operators.py
[2023-08-11T08:14:36.586+0000] {processor.py:836} INFO - DAG(s) dict_keys(['example_dynamic_task_mapping_with_no_taskflow_operators']) retrieved from /home/airflow/.local/lib/python3.7/site-packages/airflow/example_dags/example_dynamic_task_mapping_with_no_taskflow_operators.py
[2023-08-11T08:14:36.616+0000] {logging_mixin.py:150} INFO - [2023-08-11T08:14:36.616+0000] {dag.py:2742} INFO - Sync 1 DAGs
[2023-08-11T08:14:36.645+0000] {logging_mixin.py:150} INFO - [2023-08-11T08:14:36.644+0000] {dag.py:3508} INFO - Setting next_dagrun for example_dynamic_task_mapping_with_no_taskflow_operators to 2023-08-10T08:14:36.644658+00:00, run_after=2023-08-11T08:14:36.644658+00:00
[2023-08-11T08:14:36.676+0000] {processor.py:179} INFO - Processing /home/airflow/.local/lib/python3.7/site-packages/airflow/example_dags/example_dynamic_task_mapping_with_no_taskflow_operators.py took 0.105 seconds
[2023-08-11T08:15:07.128+0000] {processor.py:157} INFO - Started process (PID=2977) to work on /home/airflow/.local/lib/python3.7/site-packages/airflow/example_dags/example_dynamic_task_mapping_with_no_taskflow_operators.py
[2023-08-11T08:15:07.128+0000] {processor.py:826} INFO - Processing file /home/airflow/.local/lib/python3.7/site-packages/airflow/example_dags/example_dynamic_task_mapping_with_no_taskflow_operators.py for tasks to queue
[2023-08-11T08:15:07.129+0000] {logging_mixin.py:150} INFO - [2023-08-11T08:15:07.129+0000] {dagbag.py:541} INFO - Filling up the DagBag from /home/airflow/.local/lib/python3.7/site-packages/airflow/example_dags/example_dynamic_task_mapping_with_no_taskflow_operators.py
[2023-08-11T08:15:07.138+0000] {processor.py:836} INFO - DAG(s) dict_keys(['example_dynamic_task_mapping_with_no_taskflow_operators']) retrieved from /home/airflow/.local/lib/python3.7/site-packages/airflow/example_dags/example_dynamic_task_mapping_with_no_taskflow_operators.py
[2023-08-11T08:15:07.170+0000] {logging_mixin.py:150} INFO - [2023-08-11T08:15:07.169+0000] {dag.py:2742} INFO - Sync 1 DAGs
[2023-08-11T08:15:07.211+0000] {logging_mixin.py:150} INFO - [2023-08-11T08:15:07.211+0000] {dag.py:3508} INFO - Setting next_dagrun for example_dynamic_task_mapping_with_no_taskflow_operators to 2023-08-10T08:15:07.211349+00:00, run_after=2023-08-11T08:15:07.211349+00:00
[2023-08-11T08:15:07.242+0000] {processor.py:179} INFO - Processing /home/airflow/.local/lib/python3.7/site-packages/airflow/example_dags/example_dynamic_task_mapping_with_no_taskflow_operators.py took 0.117 seconds
[2023-08-11T08:15:37.627+0000] {processor.py:157} INFO - Started process (PID=3044) to work on /home/airflow/.local/lib/python3.7/site-packages/airflow/example_dags/example_dynamic_task_mapping_with_no_taskflow_operators.py
[2023-08-11T08:15:37.628+0000] {processor.py:826} INFO - Processing file /home/airflow/.local/lib/python3.7/site-packages/airflow/example_dags/example_dynamic_task_mapping_with_no_taskflow_operators.py for tasks to queue
[2023-08-11T08:15:37.630+0000] {logging_mixin.py:150} INFO - [2023-08-11T08:15:37.629+0000] {dagbag.py:541} INFO - Filling up the DagBag from /home/airflow/.local/lib/python3.7/site-packages/airflow/example_dags/example_dynamic_task_mapping_with_no_taskflow_operators.py
[2023-08-11T08:15:37.642+0000] {processor.py:836} INFO - DAG(s) dict_keys(['example_dynamic_task_mapping_with_no_taskflow_operators']) retrieved from /home/airflow/.local/lib/python3.7/site-packages/airflow/example_dags/example_dynamic_task_mapping_with_no_taskflow_operators.py
[2023-08-11T08:15:37.676+0000] {logging_mixin.py:150} INFO - [2023-08-11T08:15:37.676+0000] {dag.py:2742} INFO - Sync 1 DAGs
[2023-08-11T08:15:37.709+0000] {logging_mixin.py:150} INFO - [2023-08-11T08:15:37.709+0000] {dag.py:3508} INFO - Setting next_dagrun for example_dynamic_task_mapping_with_no_taskflow_operators to 2023-08-10T08:15:37.708842+00:00, run_after=2023-08-11T08:15:37.708842+00:00
[2023-08-11T08:15:37.739+0000] {processor.py:179} INFO - Processing /home/airflow/.local/lib/python3.7/site-packages/airflow/example_dags/example_dynamic_task_mapping_with_no_taskflow_operators.py took 0.115 seconds
[2023-08-11T08:16:08.314+0000] {processor.py:157} INFO - Started process (PID=3097) to work on /home/airflow/.local/lib/python3.7/site-packages/airflow/example_dags/example_dynamic_task_mapping_with_no_taskflow_operators.py
[2023-08-11T08:16:08.315+0000] {processor.py:826} INFO - Processing file /home/airflow/.local/lib/python3.7/site-packages/airflow/example_dags/example_dynamic_task_mapping_with_no_taskflow_operators.py for tasks to queue
[2023-08-11T08:16:08.316+0000] {logging_mixin.py:150} INFO - [2023-08-11T08:16:08.316+0000] {dagbag.py:541} INFO - Filling up the DagBag from /home/airflow/.local/lib/python3.7/site-packages/airflow/example_dags/example_dynamic_task_mapping_with_no_taskflow_operators.py
[2023-08-11T08:16:08.324+0000] {processor.py:836} INFO - DAG(s) dict_keys(['example_dynamic_task_mapping_with_no_taskflow_operators']) retrieved from /home/airflow/.local/lib/python3.7/site-packages/airflow/example_dags/example_dynamic_task_mapping_with_no_taskflow_operators.py
[2023-08-11T08:16:08.352+0000] {logging_mixin.py:150} INFO - [2023-08-11T08:16:08.352+0000] {dag.py:2742} INFO - Sync 1 DAGs
[2023-08-11T08:16:08.382+0000] {logging_mixin.py:150} INFO - [2023-08-11T08:16:08.381+0000] {dag.py:3508} INFO - Setting next_dagrun for example_dynamic_task_mapping_with_no_taskflow_operators to 2023-08-10T08:16:08.381536+00:00, run_after=2023-08-11T08:16:08.381536+00:00
[2023-08-11T08:16:08.419+0000] {processor.py:179} INFO - Processing /home/airflow/.local/lib/python3.7/site-packages/airflow/example_dags/example_dynamic_task_mapping_with_no_taskflow_operators.py took 0.108 seconds
[2023-08-11T08:16:38.499+0000] {processor.py:157} INFO - Started process (PID=3166) to work on /home/airflow/.local/lib/python3.7/site-packages/airflow/example_dags/example_dynamic_task_mapping_with_no_taskflow_operators.py
[2023-08-11T08:16:38.500+0000] {processor.py:826} INFO - Processing file /home/airflow/.local/lib/python3.7/site-packages/airflow/example_dags/example_dynamic_task_mapping_with_no_taskflow_operators.py for tasks to queue
[2023-08-11T08:16:38.500+0000] {logging_mixin.py:150} INFO - [2023-08-11T08:16:38.500+0000] {dagbag.py:541} INFO - Filling up the DagBag from /home/airflow/.local/lib/python3.7/site-packages/airflow/example_dags/example_dynamic_task_mapping_with_no_taskflow_operators.py
[2023-08-11T08:16:38.509+0000] {processor.py:836} INFO - DAG(s) dict_keys(['example_dynamic_task_mapping_with_no_taskflow_operators']) retrieved from /home/airflow/.local/lib/python3.7/site-packages/airflow/example_dags/example_dynamic_task_mapping_with_no_taskflow_operators.py
[2023-08-11T08:16:38.534+0000] {logging_mixin.py:150} INFO - [2023-08-11T08:16:38.534+0000] {dag.py:2742} INFO - Sync 1 DAGs
[2023-08-11T08:16:38.558+0000] {logging_mixin.py:150} INFO - [2023-08-11T08:16:38.558+0000] {dag.py:3508} INFO - Setting next_dagrun for example_dynamic_task_mapping_with_no_taskflow_operators to 2023-08-10T08:16:38.557746+00:00, run_after=2023-08-11T08:16:38.557746+00:00
[2023-08-11T08:16:38.579+0000] {processor.py:179} INFO - Processing /home/airflow/.local/lib/python3.7/site-packages/airflow/example_dags/example_dynamic_task_mapping_with_no_taskflow_operators.py took 0.083 seconds
[2023-08-11T08:17:08.854+0000] {processor.py:157} INFO - Started process (PID=3232) to work on /home/airflow/.local/lib/python3.7/site-packages/airflow/example_dags/example_dynamic_task_mapping_with_no_taskflow_operators.py
[2023-08-11T08:17:08.855+0000] {processor.py:826} INFO - Processing file /home/airflow/.local/lib/python3.7/site-packages/airflow/example_dags/example_dynamic_task_mapping_with_no_taskflow_operators.py for tasks to queue
[2023-08-11T08:17:08.856+0000] {logging_mixin.py:150} INFO - [2023-08-11T08:17:08.855+0000] {dagbag.py:541} INFO - Filling up the DagBag from /home/airflow/.local/lib/python3.7/site-packages/airflow/example_dags/example_dynamic_task_mapping_with_no_taskflow_operators.py
[2023-08-11T08:17:08.865+0000] {processor.py:836} INFO - DAG(s) dict_keys(['example_dynamic_task_mapping_with_no_taskflow_operators']) retrieved from /home/airflow/.local/lib/python3.7/site-packages/airflow/example_dags/example_dynamic_task_mapping_with_no_taskflow_operators.py
[2023-08-11T08:17:08.896+0000] {logging_mixin.py:150} INFO - [2023-08-11T08:17:08.895+0000] {dag.py:2742} INFO - Sync 1 DAGs
[2023-08-11T08:17:08.927+0000] {logging_mixin.py:150} INFO - [2023-08-11T08:17:08.927+0000] {dag.py:3508} INFO - Setting next_dagrun for example_dynamic_task_mapping_with_no_taskflow_operators to 2023-08-10T08:17:08.927187+00:00, run_after=2023-08-11T08:17:08.927187+00:00
[2023-08-11T08:17:08.954+0000] {processor.py:179} INFO - Processing /home/airflow/.local/lib/python3.7/site-packages/airflow/example_dags/example_dynamic_task_mapping_with_no_taskflow_operators.py took 0.103 seconds
[2023-08-11T08:17:39.035+0000] {processor.py:157} INFO - Started process (PID=3310) to work on /home/airflow/.local/lib/python3.7/site-packages/airflow/example_dags/example_dynamic_task_mapping_with_no_taskflow_operators.py
[2023-08-11T08:17:39.037+0000] {processor.py:826} INFO - Processing file /home/airflow/.local/lib/python3.7/site-packages/airflow/example_dags/example_dynamic_task_mapping_with_no_taskflow_operators.py for tasks to queue
[2023-08-11T08:17:39.037+0000] {logging_mixin.py:150} INFO - [2023-08-11T08:17:39.037+0000] {dagbag.py:541} INFO - Filling up the DagBag from /home/airflow/.local/lib/python3.7/site-packages/airflow/example_dags/example_dynamic_task_mapping_with_no_taskflow_operators.py
[2023-08-11T08:17:39.045+0000] {processor.py:836} INFO - DAG(s) dict_keys(['example_dynamic_task_mapping_with_no_taskflow_operators']) retrieved from /home/airflow/.local/lib/python3.7/site-packages/airflow/example_dags/example_dynamic_task_mapping_with_no_taskflow_operators.py
[2023-08-11T08:17:39.068+0000] {logging_mixin.py:150} INFO - [2023-08-11T08:17:39.068+0000] {dag.py:2742} INFO - Sync 1 DAGs
[2023-08-11T08:17:39.095+0000] {logging_mixin.py:150} INFO - [2023-08-11T08:17:39.094+0000] {dag.py:3508} INFO - Setting next_dagrun for example_dynamic_task_mapping_with_no_taskflow_operators to 2023-08-10T08:17:39.094548+00:00, run_after=2023-08-11T08:17:39.094548+00:00
[2023-08-11T08:17:39.116+0000] {processor.py:179} INFO - Processing /home/airflow/.local/lib/python3.7/site-packages/airflow/example_dags/example_dynamic_task_mapping_with_no_taskflow_operators.py took 0.083 seconds
[2023-08-11T08:18:09.218+0000] {processor.py:157} INFO - Started process (PID=3401) to work on /home/airflow/.local/lib/python3.7/site-packages/airflow/example_dags/example_dynamic_task_mapping_with_no_taskflow_operators.py
[2023-08-11T08:18:09.219+0000] {processor.py:826} INFO - Processing file /home/airflow/.local/lib/python3.7/site-packages/airflow/example_dags/example_dynamic_task_mapping_with_no_taskflow_operators.py for tasks to queue
[2023-08-11T08:18:09.220+0000] {logging_mixin.py:150} INFO - [2023-08-11T08:18:09.220+0000] {dagbag.py:541} INFO - Filling up the DagBag from /home/airflow/.local/lib/python3.7/site-packages/airflow/example_dags/example_dynamic_task_mapping_with_no_taskflow_operators.py
[2023-08-11T08:18:09.228+0000] {processor.py:836} INFO - DAG(s) dict_keys(['example_dynamic_task_mapping_with_no_taskflow_operators']) retrieved from /home/airflow/.local/lib/python3.7/site-packages/airflow/example_dags/example_dynamic_task_mapping_with_no_taskflow_operators.py
[2023-08-11T08:18:09.252+0000] {logging_mixin.py:150} INFO - [2023-08-11T08:18:09.252+0000] {dag.py:2742} INFO - Sync 1 DAGs
[2023-08-11T08:18:09.275+0000] {logging_mixin.py:150} INFO - [2023-08-11T08:18:09.275+0000] {dag.py:3508} INFO - Setting next_dagrun for example_dynamic_task_mapping_with_no_taskflow_operators to 2023-08-10T08:18:09.275488+00:00, run_after=2023-08-11T08:18:09.275488+00:00
[2023-08-11T08:18:09.292+0000] {processor.py:179} INFO - Processing /home/airflow/.local/lib/python3.7/site-packages/airflow/example_dags/example_dynamic_task_mapping_with_no_taskflow_operators.py took 0.077 seconds
[2023-08-11T08:18:40.708+0000] {processor.py:157} INFO - Started process (PID=3486) to work on /home/airflow/.local/lib/python3.7/site-packages/airflow/example_dags/example_dynamic_task_mapping_with_no_taskflow_operators.py
[2023-08-11T08:18:40.732+0000] {processor.py:826} INFO - Processing file /home/airflow/.local/lib/python3.7/site-packages/airflow/example_dags/example_dynamic_task_mapping_with_no_taskflow_operators.py for tasks to queue
[2023-08-11T08:18:40.737+0000] {logging_mixin.py:150} INFO - [2023-08-11T08:18:40.736+0000] {dagbag.py:541} INFO - Filling up the DagBag from /home/airflow/.local/lib/python3.7/site-packages/airflow/example_dags/example_dynamic_task_mapping_with_no_taskflow_operators.py
[2023-08-11T08:18:40.785+0000] {processor.py:836} INFO - DAG(s) dict_keys(['example_dynamic_task_mapping_with_no_taskflow_operators']) retrieved from /home/airflow/.local/lib/python3.7/site-packages/airflow/example_dags/example_dynamic_task_mapping_with_no_taskflow_operators.py
[2023-08-11T08:18:40.879+0000] {logging_mixin.py:150} INFO - [2023-08-11T08:18:40.877+0000] {dag.py:2742} INFO - Sync 1 DAGs
[2023-08-11T08:18:40.980+0000] {logging_mixin.py:150} INFO - [2023-08-11T08:18:40.979+0000] {dag.py:3508} INFO - Setting next_dagrun for example_dynamic_task_mapping_with_no_taskflow_operators to 2023-08-10T08:18:40.974967+00:00, run_after=2023-08-11T08:18:40.974967+00:00
[2023-08-11T08:18:41.068+0000] {processor.py:179} INFO - Processing /home/airflow/.local/lib/python3.7/site-packages/airflow/example_dags/example_dynamic_task_mapping_with_no_taskflow_operators.py took 0.425 seconds
[2023-08-11T08:19:12.038+0000] {processor.py:157} INFO - Started process (PID=3565) to work on /home/airflow/.local/lib/python3.7/site-packages/airflow/example_dags/example_dynamic_task_mapping_with_no_taskflow_operators.py
[2023-08-11T08:19:12.045+0000] {processor.py:826} INFO - Processing file /home/airflow/.local/lib/python3.7/site-packages/airflow/example_dags/example_dynamic_task_mapping_with_no_taskflow_operators.py for tasks to queue
[2023-08-11T08:19:12.046+0000] {logging_mixin.py:150} INFO - [2023-08-11T08:19:12.045+0000] {dagbag.py:541} INFO - Filling up the DagBag from /home/airflow/.local/lib/python3.7/site-packages/airflow/example_dags/example_dynamic_task_mapping_with_no_taskflow_operators.py
[2023-08-11T08:19:12.055+0000] {processor.py:836} INFO - DAG(s) dict_keys(['example_dynamic_task_mapping_with_no_taskflow_operators']) retrieved from /home/airflow/.local/lib/python3.7/site-packages/airflow/example_dags/example_dynamic_task_mapping_with_no_taskflow_operators.py
[2023-08-11T08:19:12.082+0000] {logging_mixin.py:150} INFO - [2023-08-11T08:19:12.082+0000] {dag.py:2742} INFO - Sync 1 DAGs
[2023-08-11T08:19:12.110+0000] {logging_mixin.py:150} INFO - [2023-08-11T08:19:12.110+0000] {dag.py:3508} INFO - Setting next_dagrun for example_dynamic_task_mapping_with_no_taskflow_operators to 2023-08-10T08:19:12.110098+00:00, run_after=2023-08-11T08:19:12.110098+00:00
[2023-08-11T08:19:12.139+0000] {processor.py:179} INFO - Processing /home/airflow/.local/lib/python3.7/site-packages/airflow/example_dags/example_dynamic_task_mapping_with_no_taskflow_operators.py took 0.104 seconds
[2023-08-11T08:19:42.561+0000] {processor.py:157} INFO - Started process (PID=3643) to work on /home/airflow/.local/lib/python3.7/site-packages/airflow/example_dags/example_dynamic_task_mapping_with_no_taskflow_operators.py
[2023-08-11T08:19:42.561+0000] {processor.py:826} INFO - Processing file /home/airflow/.local/lib/python3.7/site-packages/airflow/example_dags/example_dynamic_task_mapping_with_no_taskflow_operators.py for tasks to queue
[2023-08-11T08:19:42.562+0000] {logging_mixin.py:150} INFO - [2023-08-11T08:19:42.562+0000] {dagbag.py:541} INFO - Filling up the DagBag from /home/airflow/.local/lib/python3.7/site-packages/airflow/example_dags/example_dynamic_task_mapping_with_no_taskflow_operators.py
[2023-08-11T08:19:42.571+0000] {processor.py:836} INFO - DAG(s) dict_keys(['example_dynamic_task_mapping_with_no_taskflow_operators']) retrieved from /home/airflow/.local/lib/python3.7/site-packages/airflow/example_dags/example_dynamic_task_mapping_with_no_taskflow_operators.py
[2023-08-11T08:19:42.598+0000] {logging_mixin.py:150} INFO - [2023-08-11T08:19:42.598+0000] {dag.py:2742} INFO - Sync 1 DAGs
[2023-08-11T08:19:42.623+0000] {logging_mixin.py:150} INFO - [2023-08-11T08:19:42.623+0000] {dag.py:3508} INFO - Setting next_dagrun for example_dynamic_task_mapping_with_no_taskflow_operators to 2023-08-10T08:19:42.623309+00:00, run_after=2023-08-11T08:19:42.623309+00:00
[2023-08-11T08:19:42.644+0000] {processor.py:179} INFO - Processing /home/airflow/.local/lib/python3.7/site-packages/airflow/example_dags/example_dynamic_task_mapping_with_no_taskflow_operators.py took 0.087 seconds
[2023-08-11T08:20:13.139+0000] {processor.py:157} INFO - Started process (PID=3728) to work on /home/airflow/.local/lib/python3.7/site-packages/airflow/example_dags/example_dynamic_task_mapping_with_no_taskflow_operators.py
[2023-08-11T08:20:13.141+0000] {processor.py:826} INFO - Processing file /home/airflow/.local/lib/python3.7/site-packages/airflow/example_dags/example_dynamic_task_mapping_with_no_taskflow_operators.py for tasks to queue
[2023-08-11T08:20:13.141+0000] {logging_mixin.py:150} INFO - [2023-08-11T08:20:13.141+0000] {dagbag.py:541} INFO - Filling up the DagBag from /home/airflow/.local/lib/python3.7/site-packages/airflow/example_dags/example_dynamic_task_mapping_with_no_taskflow_operators.py
[2023-08-11T08:20:13.149+0000] {processor.py:836} INFO - DAG(s) dict_keys(['example_dynamic_task_mapping_with_no_taskflow_operators']) retrieved from /home/airflow/.local/lib/python3.7/site-packages/airflow/example_dags/example_dynamic_task_mapping_with_no_taskflow_operators.py
[2023-08-11T08:20:13.178+0000] {logging_mixin.py:150} INFO - [2023-08-11T08:20:13.177+0000] {dag.py:2742} INFO - Sync 1 DAGs
[2023-08-11T08:20:13.207+0000] {logging_mixin.py:150} INFO - [2023-08-11T08:20:13.206+0000] {dag.py:3508} INFO - Setting next_dagrun for example_dynamic_task_mapping_with_no_taskflow_operators to 2023-08-10T08:20:13.206557+00:00, run_after=2023-08-11T08:20:13.206557+00:00
[2023-08-11T08:20:13.228+0000] {processor.py:179} INFO - Processing /home/airflow/.local/lib/python3.7/site-packages/airflow/example_dags/example_dynamic_task_mapping_with_no_taskflow_operators.py took 0.091 seconds
[2023-08-11T08:20:43.476+0000] {processor.py:157} INFO - Started process (PID=3806) to work on /home/airflow/.local/lib/python3.7/site-packages/airflow/example_dags/example_dynamic_task_mapping_with_no_taskflow_operators.py
[2023-08-11T08:20:43.477+0000] {processor.py:826} INFO - Processing file /home/airflow/.local/lib/python3.7/site-packages/airflow/example_dags/example_dynamic_task_mapping_with_no_taskflow_operators.py for tasks to queue
[2023-08-11T08:20:43.478+0000] {logging_mixin.py:150} INFO - [2023-08-11T08:20:43.478+0000] {dagbag.py:541} INFO - Filling up the DagBag from /home/airflow/.local/lib/python3.7/site-packages/airflow/example_dags/example_dynamic_task_mapping_with_no_taskflow_operators.py
[2023-08-11T08:20:43.493+0000] {processor.py:836} INFO - DAG(s) dict_keys(['example_dynamic_task_mapping_with_no_taskflow_operators']) retrieved from /home/airflow/.local/lib/python3.7/site-packages/airflow/example_dags/example_dynamic_task_mapping_with_no_taskflow_operators.py
[2023-08-11T08:20:43.553+0000] {logging_mixin.py:150} INFO - [2023-08-11T08:20:43.553+0000] {dag.py:2742} INFO - Sync 1 DAGs
[2023-08-11T08:20:43.599+0000] {logging_mixin.py:150} INFO - [2023-08-11T08:20:43.598+0000] {dag.py:3508} INFO - Setting next_dagrun for example_dynamic_task_mapping_with_no_taskflow_operators to 2023-08-10T08:20:43.597528+00:00, run_after=2023-08-11T08:20:43.597528+00:00
[2023-08-11T08:20:43.643+0000] {processor.py:179} INFO - Processing /home/airflow/.local/lib/python3.7/site-packages/airflow/example_dags/example_dynamic_task_mapping_with_no_taskflow_operators.py took 0.172 seconds
[2023-08-11T08:21:13.874+0000] {processor.py:157} INFO - Started process (PID=3897) to work on /home/airflow/.local/lib/python3.7/site-packages/airflow/example_dags/example_dynamic_task_mapping_with_no_taskflow_operators.py
[2023-08-11T08:21:13.876+0000] {processor.py:826} INFO - Processing file /home/airflow/.local/lib/python3.7/site-packages/airflow/example_dags/example_dynamic_task_mapping_with_no_taskflow_operators.py for tasks to queue
[2023-08-11T08:21:13.877+0000] {logging_mixin.py:150} INFO - [2023-08-11T08:21:13.876+0000] {dagbag.py:541} INFO - Filling up the DagBag from /home/airflow/.local/lib/python3.7/site-packages/airflow/example_dags/example_dynamic_task_mapping_with_no_taskflow_operators.py
[2023-08-11T08:21:13.883+0000] {processor.py:836} INFO - DAG(s) dict_keys(['example_dynamic_task_mapping_with_no_taskflow_operators']) retrieved from /home/airflow/.local/lib/python3.7/site-packages/airflow/example_dags/example_dynamic_task_mapping_with_no_taskflow_operators.py
[2023-08-11T08:21:13.912+0000] {logging_mixin.py:150} INFO - [2023-08-11T08:21:13.912+0000] {dag.py:2742} INFO - Sync 1 DAGs
[2023-08-11T08:21:13.939+0000] {logging_mixin.py:150} INFO - [2023-08-11T08:21:13.938+0000] {dag.py:3508} INFO - Setting next_dagrun for example_dynamic_task_mapping_with_no_taskflow_operators to 2023-08-10T08:21:13.938643+00:00, run_after=2023-08-11T08:21:13.938643+00:00
[2023-08-11T08:21:13.962+0000] {processor.py:179} INFO - Processing /home/airflow/.local/lib/python3.7/site-packages/airflow/example_dags/example_dynamic_task_mapping_with_no_taskflow_operators.py took 0.090 seconds
[2023-08-11T08:21:44.190+0000] {processor.py:157} INFO - Started process (PID=3988) to work on /home/airflow/.local/lib/python3.7/site-packages/airflow/example_dags/example_dynamic_task_mapping_with_no_taskflow_operators.py
[2023-08-11T08:21:44.192+0000] {processor.py:826} INFO - Processing file /home/airflow/.local/lib/python3.7/site-packages/airflow/example_dags/example_dynamic_task_mapping_with_no_taskflow_operators.py for tasks to queue
[2023-08-11T08:21:44.193+0000] {logging_mixin.py:150} INFO - [2023-08-11T08:21:44.193+0000] {dagbag.py:541} INFO - Filling up the DagBag from /home/airflow/.local/lib/python3.7/site-packages/airflow/example_dags/example_dynamic_task_mapping_with_no_taskflow_operators.py
[2023-08-11T08:21:44.199+0000] {processor.py:836} INFO - DAG(s) dict_keys(['example_dynamic_task_mapping_with_no_taskflow_operators']) retrieved from /home/airflow/.local/lib/python3.7/site-packages/airflow/example_dags/example_dynamic_task_mapping_with_no_taskflow_operators.py
[2023-08-11T08:21:44.226+0000] {logging_mixin.py:150} INFO - [2023-08-11T08:21:44.226+0000] {dag.py:2742} INFO - Sync 1 DAGs
[2023-08-11T08:21:44.249+0000] {logging_mixin.py:150} INFO - [2023-08-11T08:21:44.249+0000] {dag.py:3508} INFO - Setting next_dagrun for example_dynamic_task_mapping_with_no_taskflow_operators to 2023-08-10T08:21:44.249346+00:00, run_after=2023-08-11T08:21:44.249346+00:00
[2023-08-11T08:21:44.273+0000] {processor.py:179} INFO - Processing /home/airflow/.local/lib/python3.7/site-packages/airflow/example_dags/example_dynamic_task_mapping_with_no_taskflow_operators.py took 0.088 seconds
[2023-08-11T08:22:14.915+0000] {processor.py:157} INFO - Started process (PID=4079) to work on /home/airflow/.local/lib/python3.7/site-packages/airflow/example_dags/example_dynamic_task_mapping_with_no_taskflow_operators.py
[2023-08-11T08:22:14.916+0000] {processor.py:826} INFO - Processing file /home/airflow/.local/lib/python3.7/site-packages/airflow/example_dags/example_dynamic_task_mapping_with_no_taskflow_operators.py for tasks to queue
[2023-08-11T08:22:14.917+0000] {logging_mixin.py:150} INFO - [2023-08-11T08:22:14.916+0000] {dagbag.py:541} INFO - Filling up the DagBag from /home/airflow/.local/lib/python3.7/site-packages/airflow/example_dags/example_dynamic_task_mapping_with_no_taskflow_operators.py
[2023-08-11T08:22:14.928+0000] {processor.py:836} INFO - DAG(s) dict_keys(['example_dynamic_task_mapping_with_no_taskflow_operators']) retrieved from /home/airflow/.local/lib/python3.7/site-packages/airflow/example_dags/example_dynamic_task_mapping_with_no_taskflow_operators.py
[2023-08-11T08:22:14.969+0000] {logging_mixin.py:150} INFO - [2023-08-11T08:22:14.968+0000] {dag.py:2742} INFO - Sync 1 DAGs
[2023-08-11T08:22:15.023+0000] {logging_mixin.py:150} INFO - [2023-08-11T08:22:15.023+0000] {dag.py:3508} INFO - Setting next_dagrun for example_dynamic_task_mapping_with_no_taskflow_operators to 2023-08-10T08:22:15.022526+00:00, run_after=2023-08-11T08:22:15.022526+00:00
[2023-08-11T08:22:15.068+0000] {processor.py:179} INFO - Processing /home/airflow/.local/lib/python3.7/site-packages/airflow/example_dags/example_dynamic_task_mapping_with_no_taskflow_operators.py took 0.156 seconds
