[2023-08-11T07:52:45.113+0000] {processor.py:157} INFO - Started process (PID=45) to work on /home/airflow/.local/lib/python3.7/site-packages/airflow/example_dags/example_skip_dag.py
[2023-08-11T07:52:45.114+0000] {processor.py:826} INFO - Processing file /home/airflow/.local/lib/python3.7/site-packages/airflow/example_dags/example_skip_dag.py for tasks to queue
[2023-08-11T07:52:45.116+0000] {logging_mixin.py:150} INFO - [2023-08-11T07:52:45.116+0000] {dagbag.py:541} INFO - Filling up the DagBag from /home/airflow/.local/lib/python3.7/site-packages/airflow/example_dags/example_skip_dag.py
[2023-08-11T07:52:45.230+0000] {processor.py:836} INFO - DAG(s) dict_keys(['example_skip_dag']) retrieved from /home/airflow/.local/lib/python3.7/site-packages/airflow/example_dags/example_skip_dag.py
[2023-08-11T07:52:45.306+0000] {logging_mixin.py:150} INFO - [2023-08-11T07:52:45.305+0000] {dag.py:2742} INFO - Sync 1 DAGs
[2023-08-11T07:52:45.369+0000] {logging_mixin.py:150} INFO - [2023-08-11T07:52:45.369+0000] {dag.py:3508} INFO - Setting next_dagrun for example_skip_dag to 2023-08-10T07:52:45.368944+00:00, run_after=2023-08-11T07:52:45.368944+00:00
[2023-08-11T07:52:45.413+0000] {processor.py:179} INFO - Processing /home/airflow/.local/lib/python3.7/site-packages/airflow/example_dags/example_skip_dag.py took 0.337 seconds
[2023-08-11T07:53:15.470+0000] {processor.py:157} INFO - Started process (PID=110) to work on /home/airflow/.local/lib/python3.7/site-packages/airflow/example_dags/example_skip_dag.py
[2023-08-11T07:53:15.501+0000] {processor.py:826} INFO - Processing file /home/airflow/.local/lib/python3.7/site-packages/airflow/example_dags/example_skip_dag.py for tasks to queue
[2023-08-11T07:53:15.502+0000] {logging_mixin.py:150} INFO - [2023-08-11T07:53:15.502+0000] {dagbag.py:541} INFO - Filling up the DagBag from /home/airflow/.local/lib/python3.7/site-packages/airflow/example_dags/example_skip_dag.py
[2023-08-11T07:53:15.509+0000] {processor.py:836} INFO - DAG(s) dict_keys(['example_skip_dag']) retrieved from /home/airflow/.local/lib/python3.7/site-packages/airflow/example_dags/example_skip_dag.py
[2023-08-11T07:53:15.536+0000] {logging_mixin.py:150} INFO - [2023-08-11T07:53:15.536+0000] {dag.py:2742} INFO - Sync 1 DAGs
[2023-08-11T07:53:15.562+0000] {logging_mixin.py:150} INFO - [2023-08-11T07:53:15.562+0000] {dag.py:3508} INFO - Setting next_dagrun for example_skip_dag to 2023-08-10T07:53:15.562289+00:00, run_after=2023-08-11T07:53:15.562289+00:00
[2023-08-11T07:53:15.712+0000] {processor.py:179} INFO - Processing /home/airflow/.local/lib/python3.7/site-packages/airflow/example_dags/example_skip_dag.py took 0.246 seconds
[2023-08-11T07:53:46.474+0000] {processor.py:157} INFO - Started process (PID=174) to work on /home/airflow/.local/lib/python3.7/site-packages/airflow/example_dags/example_skip_dag.py
[2023-08-11T07:53:46.476+0000] {processor.py:826} INFO - Processing file /home/airflow/.local/lib/python3.7/site-packages/airflow/example_dags/example_skip_dag.py for tasks to queue
[2023-08-11T07:53:46.477+0000] {logging_mixin.py:150} INFO - [2023-08-11T07:53:46.476+0000] {dagbag.py:541} INFO - Filling up the DagBag from /home/airflow/.local/lib/python3.7/site-packages/airflow/example_dags/example_skip_dag.py
[2023-08-11T07:53:46.483+0000] {processor.py:836} INFO - DAG(s) dict_keys(['example_skip_dag']) retrieved from /home/airflow/.local/lib/python3.7/site-packages/airflow/example_dags/example_skip_dag.py
[2023-08-11T07:53:46.509+0000] {logging_mixin.py:150} INFO - [2023-08-11T07:53:46.509+0000] {dag.py:2742} INFO - Sync 1 DAGs
[2023-08-11T07:53:46.532+0000] {logging_mixin.py:150} INFO - [2023-08-11T07:53:46.532+0000] {dag.py:3508} INFO - Setting next_dagrun for example_skip_dag to 2023-08-10T07:53:46.532156+00:00, run_after=2023-08-11T07:53:46.532156+00:00
[2023-08-11T07:53:46.554+0000] {processor.py:179} INFO - Processing /home/airflow/.local/lib/python3.7/site-packages/airflow/example_dags/example_skip_dag.py took 0.083 seconds
[2023-08-11T07:54:17.235+0000] {processor.py:157} INFO - Started process (PID=239) to work on /home/airflow/.local/lib/python3.7/site-packages/airflow/example_dags/example_skip_dag.py
[2023-08-11T07:54:17.237+0000] {processor.py:826} INFO - Processing file /home/airflow/.local/lib/python3.7/site-packages/airflow/example_dags/example_skip_dag.py for tasks to queue
[2023-08-11T07:54:17.239+0000] {logging_mixin.py:150} INFO - [2023-08-11T07:54:17.239+0000] {dagbag.py:541} INFO - Filling up the DagBag from /home/airflow/.local/lib/python3.7/site-packages/airflow/example_dags/example_skip_dag.py
[2023-08-11T07:54:17.246+0000] {processor.py:836} INFO - DAG(s) dict_keys(['example_skip_dag']) retrieved from /home/airflow/.local/lib/python3.7/site-packages/airflow/example_dags/example_skip_dag.py
[2023-08-11T07:54:17.274+0000] {logging_mixin.py:150} INFO - [2023-08-11T07:54:17.274+0000] {dag.py:2742} INFO - Sync 1 DAGs
[2023-08-11T07:54:17.300+0000] {logging_mixin.py:150} INFO - [2023-08-11T07:54:17.300+0000] {dag.py:3508} INFO - Setting next_dagrun for example_skip_dag to 2023-08-10T07:54:17.300220+00:00, run_after=2023-08-11T07:54:17.300220+00:00
[2023-08-11T07:54:17.326+0000] {processor.py:179} INFO - Processing /home/airflow/.local/lib/python3.7/site-packages/airflow/example_dags/example_skip_dag.py took 0.094 seconds
[2023-08-11T07:54:47.526+0000] {processor.py:157} INFO - Started process (PID=304) to work on /home/airflow/.local/lib/python3.7/site-packages/airflow/example_dags/example_skip_dag.py
[2023-08-11T07:54:47.527+0000] {processor.py:826} INFO - Processing file /home/airflow/.local/lib/python3.7/site-packages/airflow/example_dags/example_skip_dag.py for tasks to queue
[2023-08-11T07:54:47.529+0000] {logging_mixin.py:150} INFO - [2023-08-11T07:54:47.528+0000] {dagbag.py:541} INFO - Filling up the DagBag from /home/airflow/.local/lib/python3.7/site-packages/airflow/example_dags/example_skip_dag.py
[2023-08-11T07:54:47.542+0000] {processor.py:836} INFO - DAG(s) dict_keys(['example_skip_dag']) retrieved from /home/airflow/.local/lib/python3.7/site-packages/airflow/example_dags/example_skip_dag.py
[2023-08-11T07:54:47.588+0000] {logging_mixin.py:150} INFO - [2023-08-11T07:54:47.587+0000] {dag.py:2742} INFO - Sync 1 DAGs
[2023-08-11T07:54:47.632+0000] {logging_mixin.py:150} INFO - [2023-08-11T07:54:47.632+0000] {dag.py:3508} INFO - Setting next_dagrun for example_skip_dag to 2023-08-10T07:54:47.631742+00:00, run_after=2023-08-11T07:54:47.631742+00:00
[2023-08-11T07:54:47.677+0000] {processor.py:179} INFO - Processing /home/airflow/.local/lib/python3.7/site-packages/airflow/example_dags/example_skip_dag.py took 0.161 seconds
[2023-08-11T07:55:18.302+0000] {processor.py:157} INFO - Started process (PID=370) to work on /home/airflow/.local/lib/python3.7/site-packages/airflow/example_dags/example_skip_dag.py
[2023-08-11T07:55:18.303+0000] {processor.py:826} INFO - Processing file /home/airflow/.local/lib/python3.7/site-packages/airflow/example_dags/example_skip_dag.py for tasks to queue
[2023-08-11T07:55:18.304+0000] {logging_mixin.py:150} INFO - [2023-08-11T07:55:18.303+0000] {dagbag.py:541} INFO - Filling up the DagBag from /home/airflow/.local/lib/python3.7/site-packages/airflow/example_dags/example_skip_dag.py
[2023-08-11T07:55:18.312+0000] {processor.py:836} INFO - DAG(s) dict_keys(['example_skip_dag']) retrieved from /home/airflow/.local/lib/python3.7/site-packages/airflow/example_dags/example_skip_dag.py
[2023-08-11T07:55:18.338+0000] {logging_mixin.py:150} INFO - [2023-08-11T07:55:18.338+0000] {dag.py:2742} INFO - Sync 1 DAGs
[2023-08-11T07:55:18.365+0000] {logging_mixin.py:150} INFO - [2023-08-11T07:55:18.365+0000] {dag.py:3508} INFO - Setting next_dagrun for example_skip_dag to 2023-08-10T07:55:18.365382+00:00, run_after=2023-08-11T07:55:18.365382+00:00
[2023-08-11T07:55:18.399+0000] {processor.py:179} INFO - Processing /home/airflow/.local/lib/python3.7/site-packages/airflow/example_dags/example_skip_dag.py took 0.100 seconds
[2023-08-11T07:55:48.913+0000] {processor.py:157} INFO - Started process (PID=435) to work on /home/airflow/.local/lib/python3.7/site-packages/airflow/example_dags/example_skip_dag.py
[2023-08-11T07:55:48.913+0000] {processor.py:826} INFO - Processing file /home/airflow/.local/lib/python3.7/site-packages/airflow/example_dags/example_skip_dag.py for tasks to queue
[2023-08-11T07:55:48.914+0000] {logging_mixin.py:150} INFO - [2023-08-11T07:55:48.914+0000] {dagbag.py:541} INFO - Filling up the DagBag from /home/airflow/.local/lib/python3.7/site-packages/airflow/example_dags/example_skip_dag.py
[2023-08-11T07:55:48.920+0000] {processor.py:836} INFO - DAG(s) dict_keys(['example_skip_dag']) retrieved from /home/airflow/.local/lib/python3.7/site-packages/airflow/example_dags/example_skip_dag.py
[2023-08-11T07:55:48.946+0000] {logging_mixin.py:150} INFO - [2023-08-11T07:55:48.946+0000] {dag.py:2742} INFO - Sync 1 DAGs
[2023-08-11T07:55:48.967+0000] {logging_mixin.py:150} INFO - [2023-08-11T07:55:48.967+0000] {dag.py:3508} INFO - Setting next_dagrun for example_skip_dag to 2023-08-10T07:55:48.967441+00:00, run_after=2023-08-11T07:55:48.967441+00:00
[2023-08-11T07:55:48.989+0000] {processor.py:179} INFO - Processing /home/airflow/.local/lib/python3.7/site-packages/airflow/example_dags/example_skip_dag.py took 0.079 seconds
[2023-08-11T07:56:20.082+0000] {processor.py:157} INFO - Started process (PID=500) to work on /home/airflow/.local/lib/python3.7/site-packages/airflow/example_dags/example_skip_dag.py
[2023-08-11T07:56:20.084+0000] {processor.py:826} INFO - Processing file /home/airflow/.local/lib/python3.7/site-packages/airflow/example_dags/example_skip_dag.py for tasks to queue
[2023-08-11T07:56:20.085+0000] {logging_mixin.py:150} INFO - [2023-08-11T07:56:20.085+0000] {dagbag.py:541} INFO - Filling up the DagBag from /home/airflow/.local/lib/python3.7/site-packages/airflow/example_dags/example_skip_dag.py
[2023-08-11T07:56:20.098+0000] {processor.py:836} INFO - DAG(s) dict_keys(['example_skip_dag']) retrieved from /home/airflow/.local/lib/python3.7/site-packages/airflow/example_dags/example_skip_dag.py
[2023-08-11T07:56:20.136+0000] {logging_mixin.py:150} INFO - [2023-08-11T07:56:20.135+0000] {dag.py:2742} INFO - Sync 1 DAGs
[2023-08-11T07:56:20.173+0000] {logging_mixin.py:150} INFO - [2023-08-11T07:56:20.173+0000] {dag.py:3508} INFO - Setting next_dagrun for example_skip_dag to 2023-08-10T07:56:20.172518+00:00, run_after=2023-08-11T07:56:20.172518+00:00
[2023-08-11T07:56:20.203+0000] {processor.py:179} INFO - Processing /home/airflow/.local/lib/python3.7/site-packages/airflow/example_dags/example_skip_dag.py took 0.124 seconds
[2023-08-11T07:56:51.158+0000] {processor.py:157} INFO - Started process (PID=565) to work on /home/airflow/.local/lib/python3.7/site-packages/airflow/example_dags/example_skip_dag.py
[2023-08-11T07:56:51.160+0000] {processor.py:826} INFO - Processing file /home/airflow/.local/lib/python3.7/site-packages/airflow/example_dags/example_skip_dag.py for tasks to queue
[2023-08-11T07:56:51.163+0000] {logging_mixin.py:150} INFO - [2023-08-11T07:56:51.162+0000] {dagbag.py:541} INFO - Filling up the DagBag from /home/airflow/.local/lib/python3.7/site-packages/airflow/example_dags/example_skip_dag.py
[2023-08-11T07:56:51.176+0000] {processor.py:836} INFO - DAG(s) dict_keys(['example_skip_dag']) retrieved from /home/airflow/.local/lib/python3.7/site-packages/airflow/example_dags/example_skip_dag.py
[2023-08-11T07:56:51.234+0000] {logging_mixin.py:150} INFO - [2023-08-11T07:56:51.233+0000] {dag.py:2742} INFO - Sync 1 DAGs
[2023-08-11T07:56:51.285+0000] {logging_mixin.py:150} INFO - [2023-08-11T07:56:51.285+0000] {dag.py:3508} INFO - Setting next_dagrun for example_skip_dag to 2023-08-10T07:56:51.284952+00:00, run_after=2023-08-11T07:56:51.284952+00:00
[2023-08-11T07:56:51.340+0000] {processor.py:179} INFO - Processing /home/airflow/.local/lib/python3.7/site-packages/airflow/example_dags/example_skip_dag.py took 0.186 seconds
[2023-08-11T07:57:21.469+0000] {processor.py:157} INFO - Started process (PID=630) to work on /home/airflow/.local/lib/python3.7/site-packages/airflow/example_dags/example_skip_dag.py
[2023-08-11T07:57:21.471+0000] {processor.py:826} INFO - Processing file /home/airflow/.local/lib/python3.7/site-packages/airflow/example_dags/example_skip_dag.py for tasks to queue
[2023-08-11T07:57:21.472+0000] {logging_mixin.py:150} INFO - [2023-08-11T07:57:21.472+0000] {dagbag.py:541} INFO - Filling up the DagBag from /home/airflow/.local/lib/python3.7/site-packages/airflow/example_dags/example_skip_dag.py
[2023-08-11T07:57:21.482+0000] {processor.py:836} INFO - DAG(s) dict_keys(['example_skip_dag']) retrieved from /home/airflow/.local/lib/python3.7/site-packages/airflow/example_dags/example_skip_dag.py
[2023-08-11T07:57:21.521+0000] {logging_mixin.py:150} INFO - [2023-08-11T07:57:21.521+0000] {dag.py:2742} INFO - Sync 1 DAGs
[2023-08-11T07:57:21.555+0000] {logging_mixin.py:150} INFO - [2023-08-11T07:57:21.554+0000] {dag.py:3508} INFO - Setting next_dagrun for example_skip_dag to 2023-08-10T07:57:21.554328+00:00, run_after=2023-08-11T07:57:21.554328+00:00
[2023-08-11T07:57:21.586+0000] {processor.py:179} INFO - Processing /home/airflow/.local/lib/python3.7/site-packages/airflow/example_dags/example_skip_dag.py took 0.121 seconds
[2023-08-11T07:57:52.404+0000] {processor.py:157} INFO - Started process (PID=696) to work on /home/airflow/.local/lib/python3.7/site-packages/airflow/example_dags/example_skip_dag.py
[2023-08-11T07:57:52.406+0000] {processor.py:826} INFO - Processing file /home/airflow/.local/lib/python3.7/site-packages/airflow/example_dags/example_skip_dag.py for tasks to queue
[2023-08-11T07:57:52.408+0000] {logging_mixin.py:150} INFO - [2023-08-11T07:57:52.407+0000] {dagbag.py:541} INFO - Filling up the DagBag from /home/airflow/.local/lib/python3.7/site-packages/airflow/example_dags/example_skip_dag.py
[2023-08-11T07:57:52.426+0000] {processor.py:836} INFO - DAG(s) dict_keys(['example_skip_dag']) retrieved from /home/airflow/.local/lib/python3.7/site-packages/airflow/example_dags/example_skip_dag.py
[2023-08-11T07:57:52.486+0000] {logging_mixin.py:150} INFO - [2023-08-11T07:57:52.485+0000] {dag.py:2742} INFO - Sync 1 DAGs
[2023-08-11T07:57:52.523+0000] {logging_mixin.py:150} INFO - [2023-08-11T07:57:52.523+0000] {dag.py:3508} INFO - Setting next_dagrun for example_skip_dag to 2023-08-10T07:57:52.522809+00:00, run_after=2023-08-11T07:57:52.522809+00:00
[2023-08-11T07:57:52.569+0000] {processor.py:179} INFO - Processing /home/airflow/.local/lib/python3.7/site-packages/airflow/example_dags/example_skip_dag.py took 0.169 seconds
[2023-08-11T07:58:23.228+0000] {processor.py:157} INFO - Started process (PID=762) to work on /home/airflow/.local/lib/python3.7/site-packages/airflow/example_dags/example_skip_dag.py
[2023-08-11T07:58:23.229+0000] {processor.py:826} INFO - Processing file /home/airflow/.local/lib/python3.7/site-packages/airflow/example_dags/example_skip_dag.py for tasks to queue
[2023-08-11T07:58:23.230+0000] {logging_mixin.py:150} INFO - [2023-08-11T07:58:23.229+0000] {dagbag.py:541} INFO - Filling up the DagBag from /home/airflow/.local/lib/python3.7/site-packages/airflow/example_dags/example_skip_dag.py
[2023-08-11T07:58:23.237+0000] {processor.py:836} INFO - DAG(s) dict_keys(['example_skip_dag']) retrieved from /home/airflow/.local/lib/python3.7/site-packages/airflow/example_dags/example_skip_dag.py
[2023-08-11T07:58:23.263+0000] {logging_mixin.py:150} INFO - [2023-08-11T07:58:23.263+0000] {dag.py:2742} INFO - Sync 1 DAGs
[2023-08-11T07:58:23.289+0000] {logging_mixin.py:150} INFO - [2023-08-11T07:58:23.288+0000] {dag.py:3508} INFO - Setting next_dagrun for example_skip_dag to 2023-08-10T07:58:23.288642+00:00, run_after=2023-08-11T07:58:23.288642+00:00
[2023-08-11T07:58:23.308+0000] {processor.py:179} INFO - Processing /home/airflow/.local/lib/python3.7/site-packages/airflow/example_dags/example_skip_dag.py took 0.083 seconds
[2023-08-11T07:58:53.536+0000] {processor.py:157} INFO - Started process (PID=828) to work on /home/airflow/.local/lib/python3.7/site-packages/airflow/example_dags/example_skip_dag.py
[2023-08-11T07:58:53.536+0000] {processor.py:826} INFO - Processing file /home/airflow/.local/lib/python3.7/site-packages/airflow/example_dags/example_skip_dag.py for tasks to queue
[2023-08-11T07:58:53.537+0000] {logging_mixin.py:150} INFO - [2023-08-11T07:58:53.537+0000] {dagbag.py:541} INFO - Filling up the DagBag from /home/airflow/.local/lib/python3.7/site-packages/airflow/example_dags/example_skip_dag.py
[2023-08-11T07:58:53.544+0000] {processor.py:836} INFO - DAG(s) dict_keys(['example_skip_dag']) retrieved from /home/airflow/.local/lib/python3.7/site-packages/airflow/example_dags/example_skip_dag.py
[2023-08-11T07:58:53.570+0000] {logging_mixin.py:150} INFO - [2023-08-11T07:58:53.570+0000] {dag.py:2742} INFO - Sync 1 DAGs
[2023-08-11T07:58:53.593+0000] {logging_mixin.py:150} INFO - [2023-08-11T07:58:53.593+0000] {dag.py:3508} INFO - Setting next_dagrun for example_skip_dag to 2023-08-10T07:58:53.593478+00:00, run_after=2023-08-11T07:58:53.593478+00:00
[2023-08-11T07:58:53.615+0000] {processor.py:179} INFO - Processing /home/airflow/.local/lib/python3.7/site-packages/airflow/example_dags/example_skip_dag.py took 0.083 seconds
[2023-08-11T07:59:23.890+0000] {processor.py:157} INFO - Started process (PID=894) to work on /home/airflow/.local/lib/python3.7/site-packages/airflow/example_dags/example_skip_dag.py
[2023-08-11T07:59:23.892+0000] {processor.py:826} INFO - Processing file /home/airflow/.local/lib/python3.7/site-packages/airflow/example_dags/example_skip_dag.py for tasks to queue
[2023-08-11T07:59:23.893+0000] {logging_mixin.py:150} INFO - [2023-08-11T07:59:23.893+0000] {dagbag.py:541} INFO - Filling up the DagBag from /home/airflow/.local/lib/python3.7/site-packages/airflow/example_dags/example_skip_dag.py
[2023-08-11T07:59:23.904+0000] {processor.py:836} INFO - DAG(s) dict_keys(['example_skip_dag']) retrieved from /home/airflow/.local/lib/python3.7/site-packages/airflow/example_dags/example_skip_dag.py
[2023-08-11T07:59:23.926+0000] {logging_mixin.py:150} INFO - [2023-08-11T07:59:23.926+0000] {dag.py:2742} INFO - Sync 1 DAGs
[2023-08-11T07:59:23.974+0000] {logging_mixin.py:150} INFO - [2023-08-11T07:59:23.974+0000] {dag.py:3508} INFO - Setting next_dagrun for example_skip_dag to 2023-08-10T07:59:23.973483+00:00, run_after=2023-08-11T07:59:23.973483+00:00
[2023-08-11T07:59:24.015+0000] {processor.py:179} INFO - Processing /home/airflow/.local/lib/python3.7/site-packages/airflow/example_dags/example_skip_dag.py took 0.132 seconds
[2023-08-11T07:59:54.378+0000] {processor.py:157} INFO - Started process (PID=962) to work on /home/airflow/.local/lib/python3.7/site-packages/airflow/example_dags/example_skip_dag.py
[2023-08-11T07:59:54.378+0000] {processor.py:826} INFO - Processing file /home/airflow/.local/lib/python3.7/site-packages/airflow/example_dags/example_skip_dag.py for tasks to queue
[2023-08-11T07:59:54.379+0000] {logging_mixin.py:150} INFO - [2023-08-11T07:59:54.379+0000] {dagbag.py:541} INFO - Filling up the DagBag from /home/airflow/.local/lib/python3.7/site-packages/airflow/example_dags/example_skip_dag.py
[2023-08-11T07:59:54.386+0000] {processor.py:836} INFO - DAG(s) dict_keys(['example_skip_dag']) retrieved from /home/airflow/.local/lib/python3.7/site-packages/airflow/example_dags/example_skip_dag.py
[2023-08-11T07:59:54.411+0000] {logging_mixin.py:150} INFO - [2023-08-11T07:59:54.410+0000] {dag.py:2742} INFO - Sync 1 DAGs
[2023-08-11T07:59:54.433+0000] {logging_mixin.py:150} INFO - [2023-08-11T07:59:54.433+0000] {dag.py:3508} INFO - Setting next_dagrun for example_skip_dag to 2023-08-10T07:59:54.433147+00:00, run_after=2023-08-11T07:59:54.433147+00:00
[2023-08-11T07:59:54.459+0000] {processor.py:179} INFO - Processing /home/airflow/.local/lib/python3.7/site-packages/airflow/example_dags/example_skip_dag.py took 0.084 seconds
[2023-08-11T08:00:24.921+0000] {processor.py:157} INFO - Started process (PID=1032) to work on /home/airflow/.local/lib/python3.7/site-packages/airflow/example_dags/example_skip_dag.py
[2023-08-11T08:00:24.923+0000] {processor.py:826} INFO - Processing file /home/airflow/.local/lib/python3.7/site-packages/airflow/example_dags/example_skip_dag.py for tasks to queue
[2023-08-11T08:00:24.924+0000] {logging_mixin.py:150} INFO - [2023-08-11T08:00:24.923+0000] {dagbag.py:541} INFO - Filling up the DagBag from /home/airflow/.local/lib/python3.7/site-packages/airflow/example_dags/example_skip_dag.py
[2023-08-11T08:00:24.930+0000] {processor.py:836} INFO - DAG(s) dict_keys(['example_skip_dag']) retrieved from /home/airflow/.local/lib/python3.7/site-packages/airflow/example_dags/example_skip_dag.py
[2023-08-11T08:00:24.956+0000] {logging_mixin.py:150} INFO - [2023-08-11T08:00:24.956+0000] {dag.py:2742} INFO - Sync 1 DAGs
[2023-08-11T08:00:24.979+0000] {logging_mixin.py:150} INFO - [2023-08-11T08:00:24.979+0000] {dag.py:3508} INFO - Setting next_dagrun for example_skip_dag to 2023-08-10T08:00:24.979191+00:00, run_after=2023-08-11T08:00:24.979191+00:00
[2023-08-11T08:00:25.003+0000] {processor.py:179} INFO - Processing /home/airflow/.local/lib/python3.7/site-packages/airflow/example_dags/example_skip_dag.py took 0.085 seconds
[2023-08-11T08:00:55.521+0000] {processor.py:157} INFO - Started process (PID=1099) to work on /home/airflow/.local/lib/python3.7/site-packages/airflow/example_dags/example_skip_dag.py
[2023-08-11T08:00:55.521+0000] {processor.py:826} INFO - Processing file /home/airflow/.local/lib/python3.7/site-packages/airflow/example_dags/example_skip_dag.py for tasks to queue
[2023-08-11T08:00:55.522+0000] {logging_mixin.py:150} INFO - [2023-08-11T08:00:55.522+0000] {dagbag.py:541} INFO - Filling up the DagBag from /home/airflow/.local/lib/python3.7/site-packages/airflow/example_dags/example_skip_dag.py
[2023-08-11T08:00:55.530+0000] {processor.py:836} INFO - DAG(s) dict_keys(['example_skip_dag']) retrieved from /home/airflow/.local/lib/python3.7/site-packages/airflow/example_dags/example_skip_dag.py
[2023-08-11T08:00:55.558+0000] {logging_mixin.py:150} INFO - [2023-08-11T08:00:55.558+0000] {dag.py:2742} INFO - Sync 1 DAGs
[2023-08-11T08:00:55.586+0000] {logging_mixin.py:150} INFO - [2023-08-11T08:00:55.586+0000] {dag.py:3508} INFO - Setting next_dagrun for example_skip_dag to 2023-08-10T08:00:55.586057+00:00, run_after=2023-08-11T08:00:55.586057+00:00
[2023-08-11T08:00:55.617+0000] {processor.py:179} INFO - Processing /home/airflow/.local/lib/python3.7/site-packages/airflow/example_dags/example_skip_dag.py took 0.099 seconds
[2023-08-11T08:01:26.047+0000] {processor.py:157} INFO - Started process (PID=1168) to work on /home/airflow/.local/lib/python3.7/site-packages/airflow/example_dags/example_skip_dag.py
[2023-08-11T08:01:26.049+0000] {processor.py:826} INFO - Processing file /home/airflow/.local/lib/python3.7/site-packages/airflow/example_dags/example_skip_dag.py for tasks to queue
[2023-08-11T08:01:26.049+0000] {logging_mixin.py:150} INFO - [2023-08-11T08:01:26.049+0000] {dagbag.py:541} INFO - Filling up the DagBag from /home/airflow/.local/lib/python3.7/site-packages/airflow/example_dags/example_skip_dag.py
[2023-08-11T08:01:26.056+0000] {processor.py:836} INFO - DAG(s) dict_keys(['example_skip_dag']) retrieved from /home/airflow/.local/lib/python3.7/site-packages/airflow/example_dags/example_skip_dag.py
[2023-08-11T08:01:26.082+0000] {logging_mixin.py:150} INFO - [2023-08-11T08:01:26.082+0000] {dag.py:2742} INFO - Sync 1 DAGs
[2023-08-11T08:01:26.107+0000] {logging_mixin.py:150} INFO - [2023-08-11T08:01:26.107+0000] {dag.py:3508} INFO - Setting next_dagrun for example_skip_dag to 2023-08-10T08:01:26.106884+00:00, run_after=2023-08-11T08:01:26.106884+00:00
[2023-08-11T08:01:26.132+0000] {processor.py:179} INFO - Processing /home/airflow/.local/lib/python3.7/site-packages/airflow/example_dags/example_skip_dag.py took 0.088 seconds
[2023-08-11T08:01:56.351+0000] {processor.py:157} INFO - Started process (PID=1234) to work on /home/airflow/.local/lib/python3.7/site-packages/airflow/example_dags/example_skip_dag.py
[2023-08-11T08:01:56.352+0000] {processor.py:826} INFO - Processing file /home/airflow/.local/lib/python3.7/site-packages/airflow/example_dags/example_skip_dag.py for tasks to queue
[2023-08-11T08:01:56.353+0000] {logging_mixin.py:150} INFO - [2023-08-11T08:01:56.353+0000] {dagbag.py:541} INFO - Filling up the DagBag from /home/airflow/.local/lib/python3.7/site-packages/airflow/example_dags/example_skip_dag.py
[2023-08-11T08:01:56.363+0000] {processor.py:836} INFO - DAG(s) dict_keys(['example_skip_dag']) retrieved from /home/airflow/.local/lib/python3.7/site-packages/airflow/example_dags/example_skip_dag.py
[2023-08-11T08:01:56.398+0000] {logging_mixin.py:150} INFO - [2023-08-11T08:01:56.398+0000] {dag.py:2742} INFO - Sync 1 DAGs
[2023-08-11T08:01:56.435+0000] {logging_mixin.py:150} INFO - [2023-08-11T08:01:56.435+0000] {dag.py:3508} INFO - Setting next_dagrun for example_skip_dag to 2023-08-10T08:01:56.435284+00:00, run_after=2023-08-11T08:01:56.435284+00:00
[2023-08-11T08:01:56.479+0000] {processor.py:179} INFO - Processing /home/airflow/.local/lib/python3.7/site-packages/airflow/example_dags/example_skip_dag.py took 0.133 seconds
[2023-08-11T08:02:26.612+0000] {processor.py:157} INFO - Started process (PID=1303) to work on /home/airflow/.local/lib/python3.7/site-packages/airflow/example_dags/example_skip_dag.py
[2023-08-11T08:02:26.614+0000] {processor.py:826} INFO - Processing file /home/airflow/.local/lib/python3.7/site-packages/airflow/example_dags/example_skip_dag.py for tasks to queue
[2023-08-11T08:02:26.615+0000] {logging_mixin.py:150} INFO - [2023-08-11T08:02:26.614+0000] {dagbag.py:541} INFO - Filling up the DagBag from /home/airflow/.local/lib/python3.7/site-packages/airflow/example_dags/example_skip_dag.py
[2023-08-11T08:02:26.623+0000] {processor.py:836} INFO - DAG(s) dict_keys(['example_skip_dag']) retrieved from /home/airflow/.local/lib/python3.7/site-packages/airflow/example_dags/example_skip_dag.py
[2023-08-11T08:02:26.658+0000] {logging_mixin.py:150} INFO - [2023-08-11T08:02:26.658+0000] {dag.py:2742} INFO - Sync 1 DAGs
[2023-08-11T08:02:26.689+0000] {logging_mixin.py:150} INFO - [2023-08-11T08:02:26.689+0000] {dag.py:3508} INFO - Setting next_dagrun for example_skip_dag to 2023-08-10T08:02:26.689276+00:00, run_after=2023-08-11T08:02:26.689276+00:00
[2023-08-11T08:02:26.714+0000] {processor.py:179} INFO - Processing /home/airflow/.local/lib/python3.7/site-packages/airflow/example_dags/example_skip_dag.py took 0.106 seconds
[2023-08-11T08:02:56.836+0000] {processor.py:157} INFO - Started process (PID=1369) to work on /home/airflow/.local/lib/python3.7/site-packages/airflow/example_dags/example_skip_dag.py
[2023-08-11T08:02:56.837+0000] {processor.py:826} INFO - Processing file /home/airflow/.local/lib/python3.7/site-packages/airflow/example_dags/example_skip_dag.py for tasks to queue
[2023-08-11T08:02:56.839+0000] {logging_mixin.py:150} INFO - [2023-08-11T08:02:56.838+0000] {dagbag.py:541} INFO - Filling up the DagBag from /home/airflow/.local/lib/python3.7/site-packages/airflow/example_dags/example_skip_dag.py
[2023-08-11T08:02:56.851+0000] {processor.py:836} INFO - DAG(s) dict_keys(['example_skip_dag']) retrieved from /home/airflow/.local/lib/python3.7/site-packages/airflow/example_dags/example_skip_dag.py
[2023-08-11T08:02:56.892+0000] {logging_mixin.py:150} INFO - [2023-08-11T08:02:56.891+0000] {dag.py:2742} INFO - Sync 1 DAGs
[2023-08-11T08:02:56.929+0000] {logging_mixin.py:150} INFO - [2023-08-11T08:02:56.929+0000] {dag.py:3508} INFO - Setting next_dagrun for example_skip_dag to 2023-08-10T08:02:56.928997+00:00, run_after=2023-08-11T08:02:56.928997+00:00
[2023-08-11T08:02:56.970+0000] {processor.py:179} INFO - Processing /home/airflow/.local/lib/python3.7/site-packages/airflow/example_dags/example_skip_dag.py took 0.141 seconds
[2023-08-11T08:03:27.611+0000] {processor.py:157} INFO - Started process (PID=1436) to work on /home/airflow/.local/lib/python3.7/site-packages/airflow/example_dags/example_skip_dag.py
[2023-08-11T08:03:27.613+0000] {processor.py:826} INFO - Processing file /home/airflow/.local/lib/python3.7/site-packages/airflow/example_dags/example_skip_dag.py for tasks to queue
[2023-08-11T08:03:27.615+0000] {logging_mixin.py:150} INFO - [2023-08-11T08:03:27.614+0000] {dagbag.py:541} INFO - Filling up the DagBag from /home/airflow/.local/lib/python3.7/site-packages/airflow/example_dags/example_skip_dag.py
[2023-08-11T08:03:27.627+0000] {processor.py:836} INFO - DAG(s) dict_keys(['example_skip_dag']) retrieved from /home/airflow/.local/lib/python3.7/site-packages/airflow/example_dags/example_skip_dag.py
[2023-08-11T08:03:27.671+0000] {logging_mixin.py:150} INFO - [2023-08-11T08:03:27.671+0000] {dag.py:2742} INFO - Sync 1 DAGs
[2023-08-11T08:03:27.715+0000] {logging_mixin.py:150} INFO - [2023-08-11T08:03:27.715+0000] {dag.py:3508} INFO - Setting next_dagrun for example_skip_dag to 2023-08-10T08:03:27.715368+00:00, run_after=2023-08-11T08:03:27.715368+00:00
[2023-08-11T08:03:27.752+0000] {processor.py:179} INFO - Processing /home/airflow/.local/lib/python3.7/site-packages/airflow/example_dags/example_skip_dag.py took 0.146 seconds
[2023-08-11T08:03:58.185+0000] {processor.py:157} INFO - Started process (PID=1502) to work on /home/airflow/.local/lib/python3.7/site-packages/airflow/example_dags/example_skip_dag.py
[2023-08-11T08:03:58.185+0000] {processor.py:826} INFO - Processing file /home/airflow/.local/lib/python3.7/site-packages/airflow/example_dags/example_skip_dag.py for tasks to queue
[2023-08-11T08:03:58.186+0000] {logging_mixin.py:150} INFO - [2023-08-11T08:03:58.186+0000] {dagbag.py:541} INFO - Filling up the DagBag from /home/airflow/.local/lib/python3.7/site-packages/airflow/example_dags/example_skip_dag.py
[2023-08-11T08:03:58.195+0000] {processor.py:836} INFO - DAG(s) dict_keys(['example_skip_dag']) retrieved from /home/airflow/.local/lib/python3.7/site-packages/airflow/example_dags/example_skip_dag.py
[2023-08-11T08:03:58.230+0000] {logging_mixin.py:150} INFO - [2023-08-11T08:03:58.230+0000] {dag.py:2742} INFO - Sync 1 DAGs
[2023-08-11T08:03:58.270+0000] {logging_mixin.py:150} INFO - [2023-08-11T08:03:58.270+0000] {dag.py:3508} INFO - Setting next_dagrun for example_skip_dag to 2023-08-10T08:03:58.269948+00:00, run_after=2023-08-11T08:03:58.269948+00:00
[2023-08-11T08:03:58.309+0000] {processor.py:179} INFO - Processing /home/airflow/.local/lib/python3.7/site-packages/airflow/example_dags/example_skip_dag.py took 0.131 seconds
[2023-08-11T08:04:28.489+0000] {processor.py:157} INFO - Started process (PID=1576) to work on /home/airflow/.local/lib/python3.7/site-packages/airflow/example_dags/example_skip_dag.py
[2023-08-11T08:04:28.490+0000] {processor.py:826} INFO - Processing file /home/airflow/.local/lib/python3.7/site-packages/airflow/example_dags/example_skip_dag.py for tasks to queue
[2023-08-11T08:04:28.491+0000] {logging_mixin.py:150} INFO - [2023-08-11T08:04:28.491+0000] {dagbag.py:541} INFO - Filling up the DagBag from /home/airflow/.local/lib/python3.7/site-packages/airflow/example_dags/example_skip_dag.py
[2023-08-11T08:04:28.497+0000] {processor.py:836} INFO - DAG(s) dict_keys(['example_skip_dag']) retrieved from /home/airflow/.local/lib/python3.7/site-packages/airflow/example_dags/example_skip_dag.py
[2023-08-11T08:04:28.523+0000] {logging_mixin.py:150} INFO - [2023-08-11T08:04:28.522+0000] {dag.py:2742} INFO - Sync 1 DAGs
[2023-08-11T08:04:28.546+0000] {logging_mixin.py:150} INFO - [2023-08-11T08:04:28.545+0000] {dag.py:3508} INFO - Setting next_dagrun for example_skip_dag to 2023-08-10T08:04:28.545626+00:00, run_after=2023-08-11T08:04:28.545626+00:00
[2023-08-11T08:04:28.568+0000] {processor.py:179} INFO - Processing /home/airflow/.local/lib/python3.7/site-packages/airflow/example_dags/example_skip_dag.py took 0.082 seconds
[2023-08-11T08:04:59.233+0000] {processor.py:157} INFO - Started process (PID=1642) to work on /home/airflow/.local/lib/python3.7/site-packages/airflow/example_dags/example_skip_dag.py
[2023-08-11T08:04:59.235+0000] {processor.py:826} INFO - Processing file /home/airflow/.local/lib/python3.7/site-packages/airflow/example_dags/example_skip_dag.py for tasks to queue
[2023-08-11T08:04:59.236+0000] {logging_mixin.py:150} INFO - [2023-08-11T08:04:59.236+0000] {dagbag.py:541} INFO - Filling up the DagBag from /home/airflow/.local/lib/python3.7/site-packages/airflow/example_dags/example_skip_dag.py
[2023-08-11T08:04:59.244+0000] {processor.py:836} INFO - DAG(s) dict_keys(['example_skip_dag']) retrieved from /home/airflow/.local/lib/python3.7/site-packages/airflow/example_dags/example_skip_dag.py
[2023-08-11T08:04:59.272+0000] {logging_mixin.py:150} INFO - [2023-08-11T08:04:59.271+0000] {dag.py:2742} INFO - Sync 1 DAGs
[2023-08-11T08:04:59.293+0000] {logging_mixin.py:150} INFO - [2023-08-11T08:04:59.293+0000] {dag.py:3508} INFO - Setting next_dagrun for example_skip_dag to 2023-08-10T08:04:59.293152+00:00, run_after=2023-08-11T08:04:59.293152+00:00
[2023-08-11T08:04:59.313+0000] {processor.py:179} INFO - Processing /home/airflow/.local/lib/python3.7/site-packages/airflow/example_dags/example_skip_dag.py took 0.082 seconds
[2023-08-11T08:05:29.701+0000] {processor.py:157} INFO - Started process (PID=1709) to work on /home/airflow/.local/lib/python3.7/site-packages/airflow/example_dags/example_skip_dag.py
[2023-08-11T08:05:29.703+0000] {processor.py:826} INFO - Processing file /home/airflow/.local/lib/python3.7/site-packages/airflow/example_dags/example_skip_dag.py for tasks to queue
[2023-08-11T08:05:29.706+0000] {logging_mixin.py:150} INFO - [2023-08-11T08:05:29.705+0000] {dagbag.py:541} INFO - Filling up the DagBag from /home/airflow/.local/lib/python3.7/site-packages/airflow/example_dags/example_skip_dag.py
[2023-08-11T08:05:29.724+0000] {processor.py:836} INFO - DAG(s) dict_keys(['example_skip_dag']) retrieved from /home/airflow/.local/lib/python3.7/site-packages/airflow/example_dags/example_skip_dag.py
[2023-08-11T08:05:29.793+0000] {logging_mixin.py:150} INFO - [2023-08-11T08:05:29.792+0000] {dag.py:2742} INFO - Sync 1 DAGs
[2023-08-11T08:05:29.864+0000] {logging_mixin.py:150} INFO - [2023-08-11T08:05:29.863+0000] {dag.py:3508} INFO - Setting next_dagrun for example_skip_dag to 2023-08-10T08:05:29.863324+00:00, run_after=2023-08-11T08:05:29.863324+00:00
[2023-08-11T08:05:29.920+0000] {processor.py:179} INFO - Processing /home/airflow/.local/lib/python3.7/site-packages/airflow/example_dags/example_skip_dag.py took 0.228 seconds
[2023-08-11T08:06:00.703+0000] {processor.py:157} INFO - Started process (PID=1775) to work on /home/airflow/.local/lib/python3.7/site-packages/airflow/example_dags/example_skip_dag.py
[2023-08-11T08:06:00.704+0000] {processor.py:826} INFO - Processing file /home/airflow/.local/lib/python3.7/site-packages/airflow/example_dags/example_skip_dag.py for tasks to queue
[2023-08-11T08:06:00.705+0000] {logging_mixin.py:150} INFO - [2023-08-11T08:06:00.705+0000] {dagbag.py:541} INFO - Filling up the DagBag from /home/airflow/.local/lib/python3.7/site-packages/airflow/example_dags/example_skip_dag.py
[2023-08-11T08:06:00.712+0000] {processor.py:836} INFO - DAG(s) dict_keys(['example_skip_dag']) retrieved from /home/airflow/.local/lib/python3.7/site-packages/airflow/example_dags/example_skip_dag.py
[2023-08-11T08:06:00.746+0000] {logging_mixin.py:150} INFO - [2023-08-11T08:06:00.746+0000] {dag.py:2742} INFO - Sync 1 DAGs
[2023-08-11T08:06:00.768+0000] {logging_mixin.py:150} INFO - [2023-08-11T08:06:00.768+0000] {dag.py:3508} INFO - Setting next_dagrun for example_skip_dag to 2023-08-10T08:06:00.768250+00:00, run_after=2023-08-11T08:06:00.768250+00:00
[2023-08-11T08:06:00.802+0000] {processor.py:179} INFO - Processing /home/airflow/.local/lib/python3.7/site-packages/airflow/example_dags/example_skip_dag.py took 0.103 seconds
[2023-08-11T08:06:31.785+0000] {processor.py:157} INFO - Started process (PID=1846) to work on /home/airflow/.local/lib/python3.7/site-packages/airflow/example_dags/example_skip_dag.py
[2023-08-11T08:06:31.786+0000] {processor.py:826} INFO - Processing file /home/airflow/.local/lib/python3.7/site-packages/airflow/example_dags/example_skip_dag.py for tasks to queue
[2023-08-11T08:06:31.787+0000] {logging_mixin.py:150} INFO - [2023-08-11T08:06:31.787+0000] {dagbag.py:541} INFO - Filling up the DagBag from /home/airflow/.local/lib/python3.7/site-packages/airflow/example_dags/example_skip_dag.py
[2023-08-11T08:06:31.797+0000] {processor.py:836} INFO - DAG(s) dict_keys(['example_skip_dag']) retrieved from /home/airflow/.local/lib/python3.7/site-packages/airflow/example_dags/example_skip_dag.py
[2023-08-11T08:06:31.831+0000] {logging_mixin.py:150} INFO - [2023-08-11T08:06:31.831+0000] {dag.py:2742} INFO - Sync 1 DAGs
[2023-08-11T08:06:31.865+0000] {logging_mixin.py:150} INFO - [2023-08-11T08:06:31.864+0000] {dag.py:3508} INFO - Setting next_dagrun for example_skip_dag to 2023-08-10T08:06:31.864656+00:00, run_after=2023-08-11T08:06:31.864656+00:00
[2023-08-11T08:06:31.896+0000] {processor.py:179} INFO - Processing /home/airflow/.local/lib/python3.7/site-packages/airflow/example_dags/example_skip_dag.py took 0.115 seconds
[2023-08-11T08:07:02.668+0000] {processor.py:157} INFO - Started process (PID=1921) to work on /home/airflow/.local/lib/python3.7/site-packages/airflow/example_dags/example_skip_dag.py
[2023-08-11T08:07:02.669+0000] {processor.py:826} INFO - Processing file /home/airflow/.local/lib/python3.7/site-packages/airflow/example_dags/example_skip_dag.py for tasks to queue
[2023-08-11T08:07:02.669+0000] {logging_mixin.py:150} INFO - [2023-08-11T08:07:02.669+0000] {dagbag.py:541} INFO - Filling up the DagBag from /home/airflow/.local/lib/python3.7/site-packages/airflow/example_dags/example_skip_dag.py
[2023-08-11T08:07:02.677+0000] {processor.py:836} INFO - DAG(s) dict_keys(['example_skip_dag']) retrieved from /home/airflow/.local/lib/python3.7/site-packages/airflow/example_dags/example_skip_dag.py
[2023-08-11T08:07:02.703+0000] {logging_mixin.py:150} INFO - [2023-08-11T08:07:02.703+0000] {dag.py:2742} INFO - Sync 1 DAGs
[2023-08-11T08:07:02.729+0000] {logging_mixin.py:150} INFO - [2023-08-11T08:07:02.729+0000] {dag.py:3508} INFO - Setting next_dagrun for example_skip_dag to 2023-08-10T08:07:02.729391+00:00, run_after=2023-08-11T08:07:02.729391+00:00
[2023-08-11T08:07:02.753+0000] {processor.py:179} INFO - Processing /home/airflow/.local/lib/python3.7/site-packages/airflow/example_dags/example_skip_dag.py took 0.088 seconds
[2023-08-11T08:07:33.164+0000] {processor.py:157} INFO - Started process (PID=1990) to work on /home/airflow/.local/lib/python3.7/site-packages/airflow/example_dags/example_skip_dag.py
[2023-08-11T08:07:33.166+0000] {processor.py:826} INFO - Processing file /home/airflow/.local/lib/python3.7/site-packages/airflow/example_dags/example_skip_dag.py for tasks to queue
[2023-08-11T08:07:33.167+0000] {logging_mixin.py:150} INFO - [2023-08-11T08:07:33.166+0000] {dagbag.py:541} INFO - Filling up the DagBag from /home/airflow/.local/lib/python3.7/site-packages/airflow/example_dags/example_skip_dag.py
[2023-08-11T08:07:33.173+0000] {processor.py:836} INFO - DAG(s) dict_keys(['example_skip_dag']) retrieved from /home/airflow/.local/lib/python3.7/site-packages/airflow/example_dags/example_skip_dag.py
[2023-08-11T08:07:33.200+0000] {logging_mixin.py:150} INFO - [2023-08-11T08:07:33.200+0000] {dag.py:2742} INFO - Sync 1 DAGs
[2023-08-11T08:07:33.224+0000] {logging_mixin.py:150} INFO - [2023-08-11T08:07:33.224+0000] {dag.py:3508} INFO - Setting next_dagrun for example_skip_dag to 2023-08-10T08:07:33.224177+00:00, run_after=2023-08-11T08:07:33.224177+00:00
[2023-08-11T08:07:33.248+0000] {processor.py:179} INFO - Processing /home/airflow/.local/lib/python3.7/site-packages/airflow/example_dags/example_skip_dag.py took 0.087 seconds
[2023-08-11T08:08:03.393+0000] {processor.py:157} INFO - Started process (PID=2056) to work on /home/airflow/.local/lib/python3.7/site-packages/airflow/example_dags/example_skip_dag.py
[2023-08-11T08:08:03.395+0000] {processor.py:826} INFO - Processing file /home/airflow/.local/lib/python3.7/site-packages/airflow/example_dags/example_skip_dag.py for tasks to queue
[2023-08-11T08:08:03.396+0000] {logging_mixin.py:150} INFO - [2023-08-11T08:08:03.396+0000] {dagbag.py:541} INFO - Filling up the DagBag from /home/airflow/.local/lib/python3.7/site-packages/airflow/example_dags/example_skip_dag.py
[2023-08-11T08:08:03.403+0000] {processor.py:836} INFO - DAG(s) dict_keys(['example_skip_dag']) retrieved from /home/airflow/.local/lib/python3.7/site-packages/airflow/example_dags/example_skip_dag.py
[2023-08-11T08:08:03.431+0000] {logging_mixin.py:150} INFO - [2023-08-11T08:08:03.431+0000] {dag.py:2742} INFO - Sync 1 DAGs
[2023-08-11T08:08:03.466+0000] {logging_mixin.py:150} INFO - [2023-08-11T08:08:03.466+0000] {dag.py:3508} INFO - Setting next_dagrun for example_skip_dag to 2023-08-10T08:08:03.465812+00:00, run_after=2023-08-11T08:08:03.465812+00:00
[2023-08-11T08:08:03.494+0000] {processor.py:179} INFO - Processing /home/airflow/.local/lib/python3.7/site-packages/airflow/example_dags/example_skip_dag.py took 0.105 seconds
[2023-08-11T08:08:34.075+0000] {processor.py:157} INFO - Started process (PID=2122) to work on /home/airflow/.local/lib/python3.7/site-packages/airflow/example_dags/example_skip_dag.py
[2023-08-11T08:08:34.075+0000] {processor.py:826} INFO - Processing file /home/airflow/.local/lib/python3.7/site-packages/airflow/example_dags/example_skip_dag.py for tasks to queue
[2023-08-11T08:08:34.076+0000] {logging_mixin.py:150} INFO - [2023-08-11T08:08:34.076+0000] {dagbag.py:541} INFO - Filling up the DagBag from /home/airflow/.local/lib/python3.7/site-packages/airflow/example_dags/example_skip_dag.py
[2023-08-11T08:08:34.083+0000] {processor.py:836} INFO - DAG(s) dict_keys(['example_skip_dag']) retrieved from /home/airflow/.local/lib/python3.7/site-packages/airflow/example_dags/example_skip_dag.py
[2023-08-11T08:08:34.106+0000] {logging_mixin.py:150} INFO - [2023-08-11T08:08:34.106+0000] {dag.py:2742} INFO - Sync 1 DAGs
[2023-08-11T08:08:34.132+0000] {logging_mixin.py:150} INFO - [2023-08-11T08:08:34.131+0000] {dag.py:3508} INFO - Setting next_dagrun for example_skip_dag to 2023-08-10T08:08:34.131615+00:00, run_after=2023-08-11T08:08:34.131615+00:00
[2023-08-11T08:08:34.155+0000] {processor.py:179} INFO - Processing /home/airflow/.local/lib/python3.7/site-packages/airflow/example_dags/example_skip_dag.py took 0.083 seconds
[2023-08-11T08:09:04.478+0000] {processor.py:157} INFO - Started process (PID=2188) to work on /home/airflow/.local/lib/python3.7/site-packages/airflow/example_dags/example_skip_dag.py
[2023-08-11T08:09:04.479+0000] {processor.py:826} INFO - Processing file /home/airflow/.local/lib/python3.7/site-packages/airflow/example_dags/example_skip_dag.py for tasks to queue
[2023-08-11T08:09:04.480+0000] {logging_mixin.py:150} INFO - [2023-08-11T08:09:04.479+0000] {dagbag.py:541} INFO - Filling up the DagBag from /home/airflow/.local/lib/python3.7/site-packages/airflow/example_dags/example_skip_dag.py
[2023-08-11T08:09:04.487+0000] {processor.py:836} INFO - DAG(s) dict_keys(['example_skip_dag']) retrieved from /home/airflow/.local/lib/python3.7/site-packages/airflow/example_dags/example_skip_dag.py
[2023-08-11T08:09:04.511+0000] {logging_mixin.py:150} INFO - [2023-08-11T08:09:04.511+0000] {dag.py:2742} INFO - Sync 1 DAGs
[2023-08-11T08:09:04.535+0000] {logging_mixin.py:150} INFO - [2023-08-11T08:09:04.535+0000] {dag.py:3508} INFO - Setting next_dagrun for example_skip_dag to 2023-08-10T08:09:04.535516+00:00, run_after=2023-08-11T08:09:04.535516+00:00
[2023-08-11T08:09:04.558+0000] {processor.py:179} INFO - Processing /home/airflow/.local/lib/python3.7/site-packages/airflow/example_dags/example_skip_dag.py took 0.083 seconds
[2023-08-11T08:09:34.757+0000] {processor.py:157} INFO - Started process (PID=2254) to work on /home/airflow/.local/lib/python3.7/site-packages/airflow/example_dags/example_skip_dag.py
[2023-08-11T08:09:34.757+0000] {processor.py:826} INFO - Processing file /home/airflow/.local/lib/python3.7/site-packages/airflow/example_dags/example_skip_dag.py for tasks to queue
[2023-08-11T08:09:34.758+0000] {logging_mixin.py:150} INFO - [2023-08-11T08:09:34.758+0000] {dagbag.py:541} INFO - Filling up the DagBag from /home/airflow/.local/lib/python3.7/site-packages/airflow/example_dags/example_skip_dag.py
[2023-08-11T08:09:34.767+0000] {processor.py:836} INFO - DAG(s) dict_keys(['example_skip_dag']) retrieved from /home/airflow/.local/lib/python3.7/site-packages/airflow/example_dags/example_skip_dag.py
[2023-08-11T08:09:34.798+0000] {logging_mixin.py:150} INFO - [2023-08-11T08:09:34.797+0000] {dag.py:2742} INFO - Sync 1 DAGs
[2023-08-11T08:09:34.831+0000] {logging_mixin.py:150} INFO - [2023-08-11T08:09:34.831+0000] {dag.py:3508} INFO - Setting next_dagrun for example_skip_dag to 2023-08-10T08:09:34.831156+00:00, run_after=2023-08-11T08:09:34.831156+00:00
[2023-08-11T08:09:34.857+0000] {processor.py:179} INFO - Processing /home/airflow/.local/lib/python3.7/site-packages/airflow/example_dags/example_skip_dag.py took 0.104 seconds
[2023-08-11T08:10:05.738+0000] {processor.py:157} INFO - Started process (PID=2320) to work on /home/airflow/.local/lib/python3.7/site-packages/airflow/example_dags/example_skip_dag.py
[2023-08-11T08:10:05.739+0000] {processor.py:826} INFO - Processing file /home/airflow/.local/lib/python3.7/site-packages/airflow/example_dags/example_skip_dag.py for tasks to queue
[2023-08-11T08:10:05.740+0000] {logging_mixin.py:150} INFO - [2023-08-11T08:10:05.740+0000] {dagbag.py:541} INFO - Filling up the DagBag from /home/airflow/.local/lib/python3.7/site-packages/airflow/example_dags/example_skip_dag.py
[2023-08-11T08:10:05.746+0000] {processor.py:836} INFO - DAG(s) dict_keys(['example_skip_dag']) retrieved from /home/airflow/.local/lib/python3.7/site-packages/airflow/example_dags/example_skip_dag.py
[2023-08-11T08:10:05.771+0000] {logging_mixin.py:150} INFO - [2023-08-11T08:10:05.771+0000] {dag.py:2742} INFO - Sync 1 DAGs
[2023-08-11T08:10:05.794+0000] {logging_mixin.py:150} INFO - [2023-08-11T08:10:05.794+0000] {dag.py:3508} INFO - Setting next_dagrun for example_skip_dag to 2023-08-10T08:10:05.794298+00:00, run_after=2023-08-11T08:10:05.794298+00:00
[2023-08-11T08:10:05.821+0000] {processor.py:179} INFO - Processing /home/airflow/.local/lib/python3.7/site-packages/airflow/example_dags/example_skip_dag.py took 0.085 seconds
[2023-08-11T08:10:36.240+0000] {processor.py:157} INFO - Started process (PID=2386) to work on /home/airflow/.local/lib/python3.7/site-packages/airflow/example_dags/example_skip_dag.py
[2023-08-11T08:10:36.241+0000] {processor.py:826} INFO - Processing file /home/airflow/.local/lib/python3.7/site-packages/airflow/example_dags/example_skip_dag.py for tasks to queue
[2023-08-11T08:10:36.241+0000] {logging_mixin.py:150} INFO - [2023-08-11T08:10:36.241+0000] {dagbag.py:541} INFO - Filling up the DagBag from /home/airflow/.local/lib/python3.7/site-packages/airflow/example_dags/example_skip_dag.py
[2023-08-11T08:10:36.248+0000] {processor.py:836} INFO - DAG(s) dict_keys(['example_skip_dag']) retrieved from /home/airflow/.local/lib/python3.7/site-packages/airflow/example_dags/example_skip_dag.py
[2023-08-11T08:10:36.275+0000] {logging_mixin.py:150} INFO - [2023-08-11T08:10:36.275+0000] {dag.py:2742} INFO - Sync 1 DAGs
[2023-08-11T08:10:36.299+0000] {logging_mixin.py:150} INFO - [2023-08-11T08:10:36.299+0000] {dag.py:3508} INFO - Setting next_dagrun for example_skip_dag to 2023-08-10T08:10:36.298827+00:00, run_after=2023-08-11T08:10:36.298827+00:00
[2023-08-11T08:10:36.323+0000] {processor.py:179} INFO - Processing /home/airflow/.local/lib/python3.7/site-packages/airflow/example_dags/example_skip_dag.py took 0.086 seconds
[2023-08-11T08:11:06.557+0000] {processor.py:157} INFO - Started process (PID=2453) to work on /home/airflow/.local/lib/python3.7/site-packages/airflow/example_dags/example_skip_dag.py
[2023-08-11T08:11:06.558+0000] {processor.py:826} INFO - Processing file /home/airflow/.local/lib/python3.7/site-packages/airflow/example_dags/example_skip_dag.py for tasks to queue
[2023-08-11T08:11:06.559+0000] {logging_mixin.py:150} INFO - [2023-08-11T08:11:06.559+0000] {dagbag.py:541} INFO - Filling up the DagBag from /home/airflow/.local/lib/python3.7/site-packages/airflow/example_dags/example_skip_dag.py
[2023-08-11T08:11:06.565+0000] {processor.py:836} INFO - DAG(s) dict_keys(['example_skip_dag']) retrieved from /home/airflow/.local/lib/python3.7/site-packages/airflow/example_dags/example_skip_dag.py
[2023-08-11T08:11:06.594+0000] {logging_mixin.py:150} INFO - [2023-08-11T08:11:06.593+0000] {dag.py:2742} INFO - Sync 1 DAGs
[2023-08-11T08:11:06.620+0000] {logging_mixin.py:150} INFO - [2023-08-11T08:11:06.619+0000] {dag.py:3508} INFO - Setting next_dagrun for example_skip_dag to 2023-08-10T08:11:06.618936+00:00, run_after=2023-08-11T08:11:06.618936+00:00
[2023-08-11T08:11:06.641+0000] {processor.py:179} INFO - Processing /home/airflow/.local/lib/python3.7/site-packages/airflow/example_dags/example_skip_dag.py took 0.087 seconds
[2023-08-11T08:11:37.264+0000] {processor.py:157} INFO - Started process (PID=2519) to work on /home/airflow/.local/lib/python3.7/site-packages/airflow/example_dags/example_skip_dag.py
[2023-08-11T08:11:37.265+0000] {processor.py:826} INFO - Processing file /home/airflow/.local/lib/python3.7/site-packages/airflow/example_dags/example_skip_dag.py for tasks to queue
[2023-08-11T08:11:37.265+0000] {logging_mixin.py:150} INFO - [2023-08-11T08:11:37.265+0000] {dagbag.py:541} INFO - Filling up the DagBag from /home/airflow/.local/lib/python3.7/site-packages/airflow/example_dags/example_skip_dag.py
[2023-08-11T08:11:37.273+0000] {processor.py:836} INFO - DAG(s) dict_keys(['example_skip_dag']) retrieved from /home/airflow/.local/lib/python3.7/site-packages/airflow/example_dags/example_skip_dag.py
[2023-08-11T08:11:37.298+0000] {logging_mixin.py:150} INFO - [2023-08-11T08:11:37.298+0000] {dag.py:2742} INFO - Sync 1 DAGs
[2023-08-11T08:11:37.322+0000] {logging_mixin.py:150} INFO - [2023-08-11T08:11:37.322+0000] {dag.py:3508} INFO - Setting next_dagrun for example_skip_dag to 2023-08-10T08:11:37.321754+00:00, run_after=2023-08-11T08:11:37.321754+00:00
[2023-08-11T08:11:37.346+0000] {processor.py:179} INFO - Processing /home/airflow/.local/lib/python3.7/site-packages/airflow/example_dags/example_skip_dag.py took 0.084 seconds
[2023-08-11T08:12:07.828+0000] {processor.py:157} INFO - Started process (PID=2585) to work on /home/airflow/.local/lib/python3.7/site-packages/airflow/example_dags/example_skip_dag.py
[2023-08-11T08:12:07.829+0000] {processor.py:826} INFO - Processing file /home/airflow/.local/lib/python3.7/site-packages/airflow/example_dags/example_skip_dag.py for tasks to queue
[2023-08-11T08:12:07.830+0000] {logging_mixin.py:150} INFO - [2023-08-11T08:12:07.830+0000] {dagbag.py:541} INFO - Filling up the DagBag from /home/airflow/.local/lib/python3.7/site-packages/airflow/example_dags/example_skip_dag.py
[2023-08-11T08:12:07.836+0000] {processor.py:836} INFO - DAG(s) dict_keys(['example_skip_dag']) retrieved from /home/airflow/.local/lib/python3.7/site-packages/airflow/example_dags/example_skip_dag.py
[2023-08-11T08:12:07.863+0000] {logging_mixin.py:150} INFO - [2023-08-11T08:12:07.862+0000] {dag.py:2742} INFO - Sync 1 DAGs
[2023-08-11T08:12:07.885+0000] {logging_mixin.py:150} INFO - [2023-08-11T08:12:07.885+0000] {dag.py:3508} INFO - Setting next_dagrun for example_skip_dag to 2023-08-10T08:12:07.885479+00:00, run_after=2023-08-11T08:12:07.885479+00:00
[2023-08-11T08:12:07.909+0000] {processor.py:179} INFO - Processing /home/airflow/.local/lib/python3.7/site-packages/airflow/example_dags/example_skip_dag.py took 0.083 seconds
[2023-08-11T08:12:38.153+0000] {processor.py:157} INFO - Started process (PID=2651) to work on /home/airflow/.local/lib/python3.7/site-packages/airflow/example_dags/example_skip_dag.py
[2023-08-11T08:12:38.154+0000] {processor.py:826} INFO - Processing file /home/airflow/.local/lib/python3.7/site-packages/airflow/example_dags/example_skip_dag.py for tasks to queue
[2023-08-11T08:12:38.155+0000] {logging_mixin.py:150} INFO - [2023-08-11T08:12:38.154+0000] {dagbag.py:541} INFO - Filling up the DagBag from /home/airflow/.local/lib/python3.7/site-packages/airflow/example_dags/example_skip_dag.py
[2023-08-11T08:12:38.164+0000] {processor.py:836} INFO - DAG(s) dict_keys(['example_skip_dag']) retrieved from /home/airflow/.local/lib/python3.7/site-packages/airflow/example_dags/example_skip_dag.py
[2023-08-11T08:12:38.197+0000] {logging_mixin.py:150} INFO - [2023-08-11T08:12:38.197+0000] {dag.py:2742} INFO - Sync 1 DAGs
[2023-08-11T08:12:38.235+0000] {logging_mixin.py:150} INFO - [2023-08-11T08:12:38.235+0000] {dag.py:3508} INFO - Setting next_dagrun for example_skip_dag to 2023-08-10T08:12:38.235070+00:00, run_after=2023-08-11T08:12:38.235070+00:00
[2023-08-11T08:12:38.266+0000] {processor.py:179} INFO - Processing /home/airflow/.local/lib/python3.7/site-packages/airflow/example_dags/example_skip_dag.py took 0.117 seconds
[2023-08-11T08:13:08.457+0000] {processor.py:157} INFO - Started process (PID=2717) to work on /home/airflow/.local/lib/python3.7/site-packages/airflow/example_dags/example_skip_dag.py
[2023-08-11T08:13:08.459+0000] {processor.py:826} INFO - Processing file /home/airflow/.local/lib/python3.7/site-packages/airflow/example_dags/example_skip_dag.py for tasks to queue
[2023-08-11T08:13:08.460+0000] {logging_mixin.py:150} INFO - [2023-08-11T08:13:08.460+0000] {dagbag.py:541} INFO - Filling up the DagBag from /home/airflow/.local/lib/python3.7/site-packages/airflow/example_dags/example_skip_dag.py
[2023-08-11T08:13:08.470+0000] {processor.py:836} INFO - DAG(s) dict_keys(['example_skip_dag']) retrieved from /home/airflow/.local/lib/python3.7/site-packages/airflow/example_dags/example_skip_dag.py
[2023-08-11T08:13:08.497+0000] {logging_mixin.py:150} INFO - [2023-08-11T08:13:08.497+0000] {dag.py:2742} INFO - Sync 1 DAGs
[2023-08-11T08:13:08.522+0000] {logging_mixin.py:150} INFO - [2023-08-11T08:13:08.522+0000] {dag.py:3508} INFO - Setting next_dagrun for example_skip_dag to 2023-08-10T08:13:08.522357+00:00, run_after=2023-08-11T08:13:08.522357+00:00
[2023-08-11T08:13:08.549+0000] {processor.py:179} INFO - Processing /home/airflow/.local/lib/python3.7/site-packages/airflow/example_dags/example_skip_dag.py took 0.095 seconds
[2023-08-11T08:13:39.474+0000] {processor.py:157} INFO - Started process (PID=2783) to work on /home/airflow/.local/lib/python3.7/site-packages/airflow/example_dags/example_skip_dag.py
[2023-08-11T08:13:39.475+0000] {processor.py:826} INFO - Processing file /home/airflow/.local/lib/python3.7/site-packages/airflow/example_dags/example_skip_dag.py for tasks to queue
[2023-08-11T08:13:39.476+0000] {logging_mixin.py:150} INFO - [2023-08-11T08:13:39.476+0000] {dagbag.py:541} INFO - Filling up the DagBag from /home/airflow/.local/lib/python3.7/site-packages/airflow/example_dags/example_skip_dag.py
[2023-08-11T08:13:39.486+0000] {processor.py:836} INFO - DAG(s) dict_keys(['example_skip_dag']) retrieved from /home/airflow/.local/lib/python3.7/site-packages/airflow/example_dags/example_skip_dag.py
[2023-08-11T08:13:39.522+0000] {logging_mixin.py:150} INFO - [2023-08-11T08:13:39.521+0000] {dag.py:2742} INFO - Sync 1 DAGs
[2023-08-11T08:13:39.556+0000] {logging_mixin.py:150} INFO - [2023-08-11T08:13:39.556+0000] {dag.py:3508} INFO - Setting next_dagrun for example_skip_dag to 2023-08-10T08:13:39.555753+00:00, run_after=2023-08-11T08:13:39.555753+00:00
[2023-08-11T08:13:39.588+0000] {processor.py:179} INFO - Processing /home/airflow/.local/lib/python3.7/site-packages/airflow/example_dags/example_skip_dag.py took 0.118 seconds
[2023-08-11T08:14:09.707+0000] {processor.py:157} INFO - Started process (PID=2849) to work on /home/airflow/.local/lib/python3.7/site-packages/airflow/example_dags/example_skip_dag.py
[2023-08-11T08:14:09.708+0000] {processor.py:826} INFO - Processing file /home/airflow/.local/lib/python3.7/site-packages/airflow/example_dags/example_skip_dag.py for tasks to queue
[2023-08-11T08:14:09.709+0000] {logging_mixin.py:150} INFO - [2023-08-11T08:14:09.709+0000] {dagbag.py:541} INFO - Filling up the DagBag from /home/airflow/.local/lib/python3.7/site-packages/airflow/example_dags/example_skip_dag.py
[2023-08-11T08:14:09.717+0000] {processor.py:836} INFO - DAG(s) dict_keys(['example_skip_dag']) retrieved from /home/airflow/.local/lib/python3.7/site-packages/airflow/example_dags/example_skip_dag.py
[2023-08-11T08:14:09.743+0000] {logging_mixin.py:150} INFO - [2023-08-11T08:14:09.743+0000] {dag.py:2742} INFO - Sync 1 DAGs
[2023-08-11T08:14:09.771+0000] {logging_mixin.py:150} INFO - [2023-08-11T08:14:09.771+0000] {dag.py:3508} INFO - Setting next_dagrun for example_skip_dag to 2023-08-10T08:14:09.771144+00:00, run_after=2023-08-11T08:14:09.771144+00:00
[2023-08-11T08:14:09.799+0000] {processor.py:179} INFO - Processing /home/airflow/.local/lib/python3.7/site-packages/airflow/example_dags/example_skip_dag.py took 0.095 seconds
[2023-08-11T08:14:39.863+0000] {processor.py:157} INFO - Started process (PID=2916) to work on /home/airflow/.local/lib/python3.7/site-packages/airflow/example_dags/example_skip_dag.py
[2023-08-11T08:14:39.864+0000] {processor.py:826} INFO - Processing file /home/airflow/.local/lib/python3.7/site-packages/airflow/example_dags/example_skip_dag.py for tasks to queue
[2023-08-11T08:14:39.865+0000] {logging_mixin.py:150} INFO - [2023-08-11T08:14:39.865+0000] {dagbag.py:541} INFO - Filling up the DagBag from /home/airflow/.local/lib/python3.7/site-packages/airflow/example_dags/example_skip_dag.py
[2023-08-11T08:14:39.871+0000] {processor.py:836} INFO - DAG(s) dict_keys(['example_skip_dag']) retrieved from /home/airflow/.local/lib/python3.7/site-packages/airflow/example_dags/example_skip_dag.py
[2023-08-11T08:14:39.895+0000] {logging_mixin.py:150} INFO - [2023-08-11T08:14:39.895+0000] {dag.py:2742} INFO - Sync 1 DAGs
[2023-08-11T08:14:39.918+0000] {logging_mixin.py:150} INFO - [2023-08-11T08:14:39.918+0000] {dag.py:3508} INFO - Setting next_dagrun for example_skip_dag to 2023-08-10T08:14:39.918469+00:00, run_after=2023-08-11T08:14:39.918469+00:00
[2023-08-11T08:14:39.939+0000] {processor.py:179} INFO - Processing /home/airflow/.local/lib/python3.7/site-packages/airflow/example_dags/example_skip_dag.py took 0.079 seconds
[2023-08-11T08:15:10.471+0000] {processor.py:157} INFO - Started process (PID=2982) to work on /home/airflow/.local/lib/python3.7/site-packages/airflow/example_dags/example_skip_dag.py
[2023-08-11T08:15:10.472+0000] {processor.py:826} INFO - Processing file /home/airflow/.local/lib/python3.7/site-packages/airflow/example_dags/example_skip_dag.py for tasks to queue
[2023-08-11T08:15:10.473+0000] {logging_mixin.py:150} INFO - [2023-08-11T08:15:10.473+0000] {dagbag.py:541} INFO - Filling up the DagBag from /home/airflow/.local/lib/python3.7/site-packages/airflow/example_dags/example_skip_dag.py
[2023-08-11T08:15:10.479+0000] {processor.py:836} INFO - DAG(s) dict_keys(['example_skip_dag']) retrieved from /home/airflow/.local/lib/python3.7/site-packages/airflow/example_dags/example_skip_dag.py
[2023-08-11T08:15:10.505+0000] {logging_mixin.py:150} INFO - [2023-08-11T08:15:10.505+0000] {dag.py:2742} INFO - Sync 1 DAGs
[2023-08-11T08:15:10.528+0000] {logging_mixin.py:150} INFO - [2023-08-11T08:15:10.527+0000] {dag.py:3508} INFO - Setting next_dagrun for example_skip_dag to 2023-08-10T08:15:10.527697+00:00, run_after=2023-08-11T08:15:10.527697+00:00
[2023-08-11T08:15:10.551+0000] {processor.py:179} INFO - Processing /home/airflow/.local/lib/python3.7/site-packages/airflow/example_dags/example_skip_dag.py took 0.083 seconds
[2023-08-11T08:15:40.852+0000] {processor.py:157} INFO - Started process (PID=3049) to work on /home/airflow/.local/lib/python3.7/site-packages/airflow/example_dags/example_skip_dag.py
[2023-08-11T08:15:40.853+0000] {processor.py:826} INFO - Processing file /home/airflow/.local/lib/python3.7/site-packages/airflow/example_dags/example_skip_dag.py for tasks to queue
[2023-08-11T08:15:40.854+0000] {logging_mixin.py:150} INFO - [2023-08-11T08:15:40.854+0000] {dagbag.py:541} INFO - Filling up the DagBag from /home/airflow/.local/lib/python3.7/site-packages/airflow/example_dags/example_skip_dag.py
[2023-08-11T08:15:40.860+0000] {processor.py:836} INFO - DAG(s) dict_keys(['example_skip_dag']) retrieved from /home/airflow/.local/lib/python3.7/site-packages/airflow/example_dags/example_skip_dag.py
[2023-08-11T08:15:40.887+0000] {logging_mixin.py:150} INFO - [2023-08-11T08:15:40.887+0000] {dag.py:2742} INFO - Sync 1 DAGs
[2023-08-11T08:15:40.912+0000] {logging_mixin.py:150} INFO - [2023-08-11T08:15:40.911+0000] {dag.py:3508} INFO - Setting next_dagrun for example_skip_dag to 2023-08-10T08:15:40.911552+00:00, run_after=2023-08-11T08:15:40.911552+00:00
[2023-08-11T08:15:40.934+0000] {processor.py:179} INFO - Processing /home/airflow/.local/lib/python3.7/site-packages/airflow/example_dags/example_skip_dag.py took 0.086 seconds
[2023-08-11T08:16:11.157+0000] {processor.py:157} INFO - Started process (PID=3115) to work on /home/airflow/.local/lib/python3.7/site-packages/airflow/example_dags/example_skip_dag.py
[2023-08-11T08:16:11.158+0000] {processor.py:826} INFO - Processing file /home/airflow/.local/lib/python3.7/site-packages/airflow/example_dags/example_skip_dag.py for tasks to queue
[2023-08-11T08:16:11.158+0000] {logging_mixin.py:150} INFO - [2023-08-11T08:16:11.158+0000] {dagbag.py:541} INFO - Filling up the DagBag from /home/airflow/.local/lib/python3.7/site-packages/airflow/example_dags/example_skip_dag.py
[2023-08-11T08:16:11.165+0000] {processor.py:836} INFO - DAG(s) dict_keys(['example_skip_dag']) retrieved from /home/airflow/.local/lib/python3.7/site-packages/airflow/example_dags/example_skip_dag.py
[2023-08-11T08:16:11.191+0000] {logging_mixin.py:150} INFO - [2023-08-11T08:16:11.191+0000] {dag.py:2742} INFO - Sync 1 DAGs
[2023-08-11T08:16:11.216+0000] {logging_mixin.py:150} INFO - [2023-08-11T08:16:11.216+0000] {dag.py:3508} INFO - Setting next_dagrun for example_skip_dag to 2023-08-10T08:16:11.216274+00:00, run_after=2023-08-11T08:16:11.216274+00:00
[2023-08-11T08:16:11.239+0000] {processor.py:179} INFO - Processing /home/airflow/.local/lib/python3.7/site-packages/airflow/example_dags/example_skip_dag.py took 0.085 seconds
[2023-08-11T08:16:41.929+0000] {processor.py:157} INFO - Started process (PID=3184) to work on /home/airflow/.local/lib/python3.7/site-packages/airflow/example_dags/example_skip_dag.py
[2023-08-11T08:16:41.931+0000] {processor.py:826} INFO - Processing file /home/airflow/.local/lib/python3.7/site-packages/airflow/example_dags/example_skip_dag.py for tasks to queue
[2023-08-11T08:16:41.931+0000] {logging_mixin.py:150} INFO - [2023-08-11T08:16:41.931+0000] {dagbag.py:541} INFO - Filling up the DagBag from /home/airflow/.local/lib/python3.7/site-packages/airflow/example_dags/example_skip_dag.py
[2023-08-11T08:16:41.939+0000] {processor.py:836} INFO - DAG(s) dict_keys(['example_skip_dag']) retrieved from /home/airflow/.local/lib/python3.7/site-packages/airflow/example_dags/example_skip_dag.py
[2023-08-11T08:16:41.963+0000] {logging_mixin.py:150} INFO - [2023-08-11T08:16:41.962+0000] {dag.py:2742} INFO - Sync 1 DAGs
[2023-08-11T08:16:41.985+0000] {logging_mixin.py:150} INFO - [2023-08-11T08:16:41.985+0000] {dag.py:3508} INFO - Setting next_dagrun for example_skip_dag to 2023-08-10T08:16:41.985133+00:00, run_after=2023-08-11T08:16:41.985133+00:00
[2023-08-11T08:16:42.008+0000] {processor.py:179} INFO - Processing /home/airflow/.local/lib/python3.7/site-packages/airflow/example_dags/example_skip_dag.py took 0.082 seconds
[2023-08-11T08:17:12.271+0000] {processor.py:157} INFO - Started process (PID=3250) to work on /home/airflow/.local/lib/python3.7/site-packages/airflow/example_dags/example_skip_dag.py
[2023-08-11T08:17:12.272+0000] {processor.py:826} INFO - Processing file /home/airflow/.local/lib/python3.7/site-packages/airflow/example_dags/example_skip_dag.py for tasks to queue
[2023-08-11T08:17:12.275+0000] {logging_mixin.py:150} INFO - [2023-08-11T08:17:12.274+0000] {dagbag.py:541} INFO - Filling up the DagBag from /home/airflow/.local/lib/python3.7/site-packages/airflow/example_dags/example_skip_dag.py
[2023-08-11T08:17:12.283+0000] {processor.py:836} INFO - DAG(s) dict_keys(['example_skip_dag']) retrieved from /home/airflow/.local/lib/python3.7/site-packages/airflow/example_dags/example_skip_dag.py
[2023-08-11T08:17:12.316+0000] {logging_mixin.py:150} INFO - [2023-08-11T08:17:12.316+0000] {dag.py:2742} INFO - Sync 1 DAGs
[2023-08-11T08:17:12.352+0000] {logging_mixin.py:150} INFO - [2023-08-11T08:17:12.352+0000] {dag.py:3508} INFO - Setting next_dagrun for example_skip_dag to 2023-08-10T08:17:12.351781+00:00, run_after=2023-08-11T08:17:12.351781+00:00
[2023-08-11T08:17:12.381+0000] {processor.py:179} INFO - Processing /home/airflow/.local/lib/python3.7/site-packages/airflow/example_dags/example_skip_dag.py took 0.114 seconds
[2023-08-11T08:17:42.910+0000] {processor.py:157} INFO - Started process (PID=3336) to work on /home/airflow/.local/lib/python3.7/site-packages/airflow/example_dags/example_skip_dag.py
[2023-08-11T08:17:42.913+0000] {processor.py:826} INFO - Processing file /home/airflow/.local/lib/python3.7/site-packages/airflow/example_dags/example_skip_dag.py for tasks to queue
[2023-08-11T08:17:42.914+0000] {logging_mixin.py:150} INFO - [2023-08-11T08:17:42.914+0000] {dagbag.py:541} INFO - Filling up the DagBag from /home/airflow/.local/lib/python3.7/site-packages/airflow/example_dags/example_skip_dag.py
[2023-08-11T08:17:42.921+0000] {processor.py:836} INFO - DAG(s) dict_keys(['example_skip_dag']) retrieved from /home/airflow/.local/lib/python3.7/site-packages/airflow/example_dags/example_skip_dag.py
[2023-08-11T08:17:42.959+0000] {logging_mixin.py:150} INFO - [2023-08-11T08:17:42.959+0000] {dag.py:2742} INFO - Sync 1 DAGs
[2023-08-11T08:17:42.987+0000] {logging_mixin.py:150} INFO - [2023-08-11T08:17:42.986+0000] {dag.py:3508} INFO - Setting next_dagrun for example_skip_dag to 2023-08-10T08:17:42.986711+00:00, run_after=2023-08-11T08:17:42.986711+00:00
[2023-08-11T08:17:43.018+0000] {processor.py:179} INFO - Processing /home/airflow/.local/lib/python3.7/site-packages/airflow/example_dags/example_skip_dag.py took 0.115 seconds
[2023-08-11T08:18:13.583+0000] {processor.py:157} INFO - Started process (PID=3406) to work on /home/airflow/.local/lib/python3.7/site-packages/airflow/example_dags/example_skip_dag.py
[2023-08-11T08:18:13.584+0000] {processor.py:826} INFO - Processing file /home/airflow/.local/lib/python3.7/site-packages/airflow/example_dags/example_skip_dag.py for tasks to queue
[2023-08-11T08:18:13.585+0000] {logging_mixin.py:150} INFO - [2023-08-11T08:18:13.585+0000] {dagbag.py:541} INFO - Filling up the DagBag from /home/airflow/.local/lib/python3.7/site-packages/airflow/example_dags/example_skip_dag.py
[2023-08-11T08:18:13.591+0000] {processor.py:836} INFO - DAG(s) dict_keys(['example_skip_dag']) retrieved from /home/airflow/.local/lib/python3.7/site-packages/airflow/example_dags/example_skip_dag.py
[2023-08-11T08:18:13.616+0000] {logging_mixin.py:150} INFO - [2023-08-11T08:18:13.616+0000] {dag.py:2742} INFO - Sync 1 DAGs
[2023-08-11T08:18:13.638+0000] {logging_mixin.py:150} INFO - [2023-08-11T08:18:13.638+0000] {dag.py:3508} INFO - Setting next_dagrun for example_skip_dag to 2023-08-10T08:18:13.638008+00:00, run_after=2023-08-11T08:18:13.638008+00:00
[2023-08-11T08:18:13.663+0000] {processor.py:179} INFO - Processing /home/airflow/.local/lib/python3.7/site-packages/airflow/example_dags/example_skip_dag.py took 0.083 seconds
[2023-08-11T08:18:45.477+0000] {processor.py:157} INFO - Started process (PID=3491) to work on /home/airflow/.local/lib/python3.7/site-packages/airflow/example_dags/example_skip_dag.py
[2023-08-11T08:18:45.480+0000] {processor.py:826} INFO - Processing file /home/airflow/.local/lib/python3.7/site-packages/airflow/example_dags/example_skip_dag.py for tasks to queue
[2023-08-11T08:18:45.481+0000] {logging_mixin.py:150} INFO - [2023-08-11T08:18:45.481+0000] {dagbag.py:541} INFO - Filling up the DagBag from /home/airflow/.local/lib/python3.7/site-packages/airflow/example_dags/example_skip_dag.py
[2023-08-11T08:18:45.510+0000] {processor.py:836} INFO - DAG(s) dict_keys(['example_skip_dag']) retrieved from /home/airflow/.local/lib/python3.7/site-packages/airflow/example_dags/example_skip_dag.py
[2023-08-11T08:18:45.886+0000] {logging_mixin.py:150} INFO - [2023-08-11T08:18:45.885+0000] {dag.py:2742} INFO - Sync 1 DAGs
[2023-08-11T08:18:46.101+0000] {logging_mixin.py:150} INFO - [2023-08-11T08:18:46.100+0000] {dag.py:3508} INFO - Setting next_dagrun for example_skip_dag to 2023-08-10T08:18:46.099560+00:00, run_after=2023-08-11T08:18:46.099560+00:00
[2023-08-11T08:18:46.190+0000] {processor.py:179} INFO - Processing /home/airflow/.local/lib/python3.7/site-packages/airflow/example_dags/example_skip_dag.py took 0.727 seconds
[2023-08-11T08:19:16.439+0000] {processor.py:157} INFO - Started process (PID=3570) to work on /home/airflow/.local/lib/python3.7/site-packages/airflow/example_dags/example_skip_dag.py
[2023-08-11T08:19:16.440+0000] {processor.py:826} INFO - Processing file /home/airflow/.local/lib/python3.7/site-packages/airflow/example_dags/example_skip_dag.py for tasks to queue
[2023-08-11T08:19:16.441+0000] {logging_mixin.py:150} INFO - [2023-08-11T08:19:16.441+0000] {dagbag.py:541} INFO - Filling up the DagBag from /home/airflow/.local/lib/python3.7/site-packages/airflow/example_dags/example_skip_dag.py
[2023-08-11T08:19:16.449+0000] {processor.py:836} INFO - DAG(s) dict_keys(['example_skip_dag']) retrieved from /home/airflow/.local/lib/python3.7/site-packages/airflow/example_dags/example_skip_dag.py
[2023-08-11T08:19:16.476+0000] {logging_mixin.py:150} INFO - [2023-08-11T08:19:16.476+0000] {dag.py:2742} INFO - Sync 1 DAGs
[2023-08-11T08:19:16.501+0000] {logging_mixin.py:150} INFO - [2023-08-11T08:19:16.501+0000] {dag.py:3508} INFO - Setting next_dagrun for example_skip_dag to 2023-08-10T08:19:16.501361+00:00, run_after=2023-08-11T08:19:16.501361+00:00
[2023-08-11T08:19:16.519+0000] {processor.py:179} INFO - Processing /home/airflow/.local/lib/python3.7/site-packages/airflow/example_dags/example_skip_dag.py took 0.083 seconds
[2023-08-11T08:19:46.960+0000] {processor.py:157} INFO - Started process (PID=3648) to work on /home/airflow/.local/lib/python3.7/site-packages/airflow/example_dags/example_skip_dag.py
[2023-08-11T08:19:46.963+0000] {processor.py:826} INFO - Processing file /home/airflow/.local/lib/python3.7/site-packages/airflow/example_dags/example_skip_dag.py for tasks to queue
[2023-08-11T08:19:46.964+0000] {logging_mixin.py:150} INFO - [2023-08-11T08:19:46.964+0000] {dagbag.py:541} INFO - Filling up the DagBag from /home/airflow/.local/lib/python3.7/site-packages/airflow/example_dags/example_skip_dag.py
[2023-08-11T08:19:46.973+0000] {processor.py:836} INFO - DAG(s) dict_keys(['example_skip_dag']) retrieved from /home/airflow/.local/lib/python3.7/site-packages/airflow/example_dags/example_skip_dag.py
[2023-08-11T08:19:47.004+0000] {logging_mixin.py:150} INFO - [2023-08-11T08:19:47.004+0000] {dag.py:2742} INFO - Sync 1 DAGs
[2023-08-11T08:19:47.036+0000] {logging_mixin.py:150} INFO - [2023-08-11T08:19:47.036+0000] {dag.py:3508} INFO - Setting next_dagrun for example_skip_dag to 2023-08-10T08:19:47.036166+00:00, run_after=2023-08-11T08:19:47.036166+00:00
[2023-08-11T08:19:47.065+0000] {processor.py:179} INFO - Processing /home/airflow/.local/lib/python3.7/site-packages/airflow/example_dags/example_skip_dag.py took 0.109 seconds
[2023-08-11T08:20:17.627+0000] {processor.py:157} INFO - Started process (PID=3733) to work on /home/airflow/.local/lib/python3.7/site-packages/airflow/example_dags/example_skip_dag.py
[2023-08-11T08:20:17.631+0000] {processor.py:826} INFO - Processing file /home/airflow/.local/lib/python3.7/site-packages/airflow/example_dags/example_skip_dag.py for tasks to queue
[2023-08-11T08:20:17.633+0000] {logging_mixin.py:150} INFO - [2023-08-11T08:20:17.633+0000] {dagbag.py:541} INFO - Filling up the DagBag from /home/airflow/.local/lib/python3.7/site-packages/airflow/example_dags/example_skip_dag.py
[2023-08-11T08:20:17.643+0000] {processor.py:836} INFO - DAG(s) dict_keys(['example_skip_dag']) retrieved from /home/airflow/.local/lib/python3.7/site-packages/airflow/example_dags/example_skip_dag.py
[2023-08-11T08:20:17.701+0000] {logging_mixin.py:150} INFO - [2023-08-11T08:20:17.701+0000] {dag.py:2742} INFO - Sync 1 DAGs
[2023-08-11T08:20:17.782+0000] {logging_mixin.py:150} INFO - [2023-08-11T08:20:17.782+0000] {dag.py:3508} INFO - Setting next_dagrun for example_skip_dag to 2023-08-10T08:20:17.781498+00:00, run_after=2023-08-11T08:20:17.781498+00:00
[2023-08-11T08:20:17.852+0000] {processor.py:179} INFO - Processing /home/airflow/.local/lib/python3.7/site-packages/airflow/example_dags/example_skip_dag.py took 0.230 seconds
[2023-08-11T08:20:47.994+0000] {processor.py:157} INFO - Started process (PID=3824) to work on /home/airflow/.local/lib/python3.7/site-packages/airflow/example_dags/example_skip_dag.py
[2023-08-11T08:20:47.996+0000] {processor.py:826} INFO - Processing file /home/airflow/.local/lib/python3.7/site-packages/airflow/example_dags/example_skip_dag.py for tasks to queue
[2023-08-11T08:20:47.998+0000] {logging_mixin.py:150} INFO - [2023-08-11T08:20:47.997+0000] {dagbag.py:541} INFO - Filling up the DagBag from /home/airflow/.local/lib/python3.7/site-packages/airflow/example_dags/example_skip_dag.py
[2023-08-11T08:20:48.009+0000] {processor.py:836} INFO - DAG(s) dict_keys(['example_skip_dag']) retrieved from /home/airflow/.local/lib/python3.7/site-packages/airflow/example_dags/example_skip_dag.py
[2023-08-11T08:20:48.050+0000] {logging_mixin.py:150} INFO - [2023-08-11T08:20:48.049+0000] {dag.py:2742} INFO - Sync 1 DAGs
[2023-08-11T08:20:48.086+0000] {logging_mixin.py:150} INFO - [2023-08-11T08:20:48.085+0000] {dag.py:3508} INFO - Setting next_dagrun for example_skip_dag to 2023-08-10T08:20:48.085472+00:00, run_after=2023-08-11T08:20:48.085472+00:00
[2023-08-11T08:20:48.118+0000] {processor.py:179} INFO - Processing /home/airflow/.local/lib/python3.7/site-packages/airflow/example_dags/example_skip_dag.py took 0.128 seconds
[2023-08-11T08:21:18.188+0000] {processor.py:157} INFO - Started process (PID=3903) to work on /home/airflow/.local/lib/python3.7/site-packages/airflow/example_dags/example_skip_dag.py
[2023-08-11T08:21:18.189+0000] {processor.py:826} INFO - Processing file /home/airflow/.local/lib/python3.7/site-packages/airflow/example_dags/example_skip_dag.py for tasks to queue
[2023-08-11T08:21:18.190+0000] {logging_mixin.py:150} INFO - [2023-08-11T08:21:18.190+0000] {dagbag.py:541} INFO - Filling up the DagBag from /home/airflow/.local/lib/python3.7/site-packages/airflow/example_dags/example_skip_dag.py
[2023-08-11T08:21:18.197+0000] {processor.py:836} INFO - DAG(s) dict_keys(['example_skip_dag']) retrieved from /home/airflow/.local/lib/python3.7/site-packages/airflow/example_dags/example_skip_dag.py
[2023-08-11T08:21:18.225+0000] {logging_mixin.py:150} INFO - [2023-08-11T08:21:18.224+0000] {dag.py:2742} INFO - Sync 1 DAGs
[2023-08-11T08:21:18.248+0000] {logging_mixin.py:150} INFO - [2023-08-11T08:21:18.248+0000] {dag.py:3508} INFO - Setting next_dagrun for example_skip_dag to 2023-08-10T08:21:18.247980+00:00, run_after=2023-08-11T08:21:18.247980+00:00
[2023-08-11T08:21:18.272+0000] {processor.py:179} INFO - Processing /home/airflow/.local/lib/python3.7/site-packages/airflow/example_dags/example_skip_dag.py took 0.087 seconds
[2023-08-11T08:21:48.426+0000] {processor.py:157} INFO - Started process (PID=3992) to work on /home/airflow/.local/lib/python3.7/site-packages/airflow/example_dags/example_skip_dag.py
[2023-08-11T08:21:48.427+0000] {processor.py:826} INFO - Processing file /home/airflow/.local/lib/python3.7/site-packages/airflow/example_dags/example_skip_dag.py for tasks to queue
[2023-08-11T08:21:48.428+0000] {logging_mixin.py:150} INFO - [2023-08-11T08:21:48.428+0000] {dagbag.py:541} INFO - Filling up the DagBag from /home/airflow/.local/lib/python3.7/site-packages/airflow/example_dags/example_skip_dag.py
[2023-08-11T08:21:48.435+0000] {processor.py:836} INFO - DAG(s) dict_keys(['example_skip_dag']) retrieved from /home/airflow/.local/lib/python3.7/site-packages/airflow/example_dags/example_skip_dag.py
[2023-08-11T08:21:48.461+0000] {logging_mixin.py:150} INFO - [2023-08-11T08:21:48.461+0000] {dag.py:2742} INFO - Sync 1 DAGs
[2023-08-11T08:21:48.486+0000] {logging_mixin.py:150} INFO - [2023-08-11T08:21:48.485+0000] {dag.py:3508} INFO - Setting next_dagrun for example_skip_dag to 2023-08-10T08:21:48.485415+00:00, run_after=2023-08-11T08:21:48.485415+00:00
[2023-08-11T08:21:48.508+0000] {processor.py:179} INFO - Processing /home/airflow/.local/lib/python3.7/site-packages/airflow/example_dags/example_skip_dag.py took 0.085 seconds
[2023-08-11T08:22:19.431+0000] {processor.py:157} INFO - Started process (PID=4084) to work on /home/airflow/.local/lib/python3.7/site-packages/airflow/example_dags/example_skip_dag.py
[2023-08-11T08:22:19.432+0000] {processor.py:826} INFO - Processing file /home/airflow/.local/lib/python3.7/site-packages/airflow/example_dags/example_skip_dag.py for tasks to queue
[2023-08-11T08:22:19.433+0000] {logging_mixin.py:150} INFO - [2023-08-11T08:22:19.432+0000] {dagbag.py:541} INFO - Filling up the DagBag from /home/airflow/.local/lib/python3.7/site-packages/airflow/example_dags/example_skip_dag.py
[2023-08-11T08:22:19.445+0000] {processor.py:836} INFO - DAG(s) dict_keys(['example_skip_dag']) retrieved from /home/airflow/.local/lib/python3.7/site-packages/airflow/example_dags/example_skip_dag.py
[2023-08-11T08:22:19.481+0000] {logging_mixin.py:150} INFO - [2023-08-11T08:22:19.481+0000] {dag.py:2742} INFO - Sync 1 DAGs
[2023-08-11T08:22:19.524+0000] {logging_mixin.py:150} INFO - [2023-08-11T08:22:19.523+0000] {dag.py:3508} INFO - Setting next_dagrun for example_skip_dag to 2023-08-10T08:22:19.523362+00:00, run_after=2023-08-11T08:22:19.523362+00:00
[2023-08-11T08:22:19.556+0000] {processor.py:179} INFO - Processing /home/airflow/.local/lib/python3.7/site-packages/airflow/example_dags/example_skip_dag.py took 0.128 seconds
