[2023-08-11T07:52:42.662+0000] {processor.py:157} INFO - Started process (PID=36) to work on /home/airflow/.local/lib/python3.7/site-packages/airflow/example_dags/example_kubernetes_executor.py
[2023-08-11T07:52:42.663+0000] {processor.py:826} INFO - Processing file /home/airflow/.local/lib/python3.7/site-packages/airflow/example_dags/example_kubernetes_executor.py for tasks to queue
[2023-08-11T07:52:42.665+0000] {logging_mixin.py:150} INFO - [2023-08-11T07:52:42.664+0000] {dagbag.py:541} INFO - Filling up the DagBag from /home/airflow/.local/lib/python3.7/site-packages/airflow/example_dags/example_kubernetes_executor.py
[2023-08-11T07:52:45.028+0000] {processor.py:836} INFO - DAG(s) dict_keys(['example_kubernetes_executor']) retrieved from /home/airflow/.local/lib/python3.7/site-packages/airflow/example_dags/example_kubernetes_executor.py
[2023-08-11T07:52:45.080+0000] {logging_mixin.py:150} INFO - [2023-08-11T07:52:45.079+0000] {dag.py:2742} INFO - Sync 1 DAGs
[2023-08-11T07:52:45.201+0000] {logging_mixin.py:150} INFO - [2023-08-11T07:52:45.201+0000] {dag.py:3508} INFO - Setting next_dagrun for example_kubernetes_executor to None, run_after=None
[2023-08-11T07:52:45.266+0000] {processor.py:179} INFO - Processing /home/airflow/.local/lib/python3.7/site-packages/airflow/example_dags/example_kubernetes_executor.py took 2.610 seconds
[2023-08-11T07:53:15.465+0000] {processor.py:157} INFO - Started process (PID=109) to work on /home/airflow/.local/lib/python3.7/site-packages/airflow/example_dags/example_kubernetes_executor.py
[2023-08-11T07:53:15.502+0000] {processor.py:826} INFO - Processing file /home/airflow/.local/lib/python3.7/site-packages/airflow/example_dags/example_kubernetes_executor.py for tasks to queue
[2023-08-11T07:53:15.502+0000] {logging_mixin.py:150} INFO - [2023-08-11T07:53:15.502+0000] {dagbag.py:541} INFO - Filling up the DagBag from /home/airflow/.local/lib/python3.7/site-packages/airflow/example_dags/example_kubernetes_executor.py
[2023-08-11T07:53:16.310+0000] {processor.py:836} INFO - DAG(s) dict_keys(['example_kubernetes_executor']) retrieved from /home/airflow/.local/lib/python3.7/site-packages/airflow/example_dags/example_kubernetes_executor.py
[2023-08-11T07:53:17.088+0000] {logging_mixin.py:150} INFO - [2023-08-11T07:53:17.088+0000] {dag.py:2742} INFO - Sync 1 DAGs
[2023-08-11T07:53:17.127+0000] {logging_mixin.py:150} INFO - [2023-08-11T07:53:17.127+0000] {dag.py:3508} INFO - Setting next_dagrun for example_kubernetes_executor to None, run_after=None
[2023-08-11T07:53:17.150+0000] {processor.py:179} INFO - Processing /home/airflow/.local/lib/python3.7/site-packages/airflow/example_dags/example_kubernetes_executor.py took 1.690 seconds
[2023-08-11T07:53:47.744+0000] {processor.py:157} INFO - Started process (PID=179) to work on /home/airflow/.local/lib/python3.7/site-packages/airflow/example_dags/example_kubernetes_executor.py
[2023-08-11T07:53:47.745+0000] {processor.py:826} INFO - Processing file /home/airflow/.local/lib/python3.7/site-packages/airflow/example_dags/example_kubernetes_executor.py for tasks to queue
[2023-08-11T07:53:47.746+0000] {logging_mixin.py:150} INFO - [2023-08-11T07:53:47.745+0000] {dagbag.py:541} INFO - Filling up the DagBag from /home/airflow/.local/lib/python3.7/site-packages/airflow/example_dags/example_kubernetes_executor.py
[2023-08-11T07:53:48.009+0000] {processor.py:836} INFO - DAG(s) dict_keys(['example_kubernetes_executor']) retrieved from /home/airflow/.local/lib/python3.7/site-packages/airflow/example_dags/example_kubernetes_executor.py
[2023-08-11T07:53:48.068+0000] {logging_mixin.py:150} INFO - [2023-08-11T07:53:48.068+0000] {dag.py:2742} INFO - Sync 1 DAGs
[2023-08-11T07:53:48.111+0000] {logging_mixin.py:150} INFO - [2023-08-11T07:53:48.111+0000] {dag.py:3508} INFO - Setting next_dagrun for example_kubernetes_executor to None, run_after=None
[2023-08-11T07:53:48.153+0000] {processor.py:179} INFO - Processing /home/airflow/.local/lib/python3.7/site-packages/airflow/example_dags/example_kubernetes_executor.py took 0.411 seconds
[2023-08-11T07:54:18.569+0000] {processor.py:157} INFO - Started process (PID=244) to work on /home/airflow/.local/lib/python3.7/site-packages/airflow/example_dags/example_kubernetes_executor.py
[2023-08-11T07:54:18.572+0000] {processor.py:826} INFO - Processing file /home/airflow/.local/lib/python3.7/site-packages/airflow/example_dags/example_kubernetes_executor.py for tasks to queue
[2023-08-11T07:54:18.573+0000] {logging_mixin.py:150} INFO - [2023-08-11T07:54:18.572+0000] {dagbag.py:541} INFO - Filling up the DagBag from /home/airflow/.local/lib/python3.7/site-packages/airflow/example_dags/example_kubernetes_executor.py
[2023-08-11T07:54:18.781+0000] {processor.py:836} INFO - DAG(s) dict_keys(['example_kubernetes_executor']) retrieved from /home/airflow/.local/lib/python3.7/site-packages/airflow/example_dags/example_kubernetes_executor.py
[2023-08-11T07:54:18.828+0000] {logging_mixin.py:150} INFO - [2023-08-11T07:54:18.827+0000] {dag.py:2742} INFO - Sync 1 DAGs
[2023-08-11T07:54:18.855+0000] {logging_mixin.py:150} INFO - [2023-08-11T07:54:18.855+0000] {dag.py:3508} INFO - Setting next_dagrun for example_kubernetes_executor to None, run_after=None
[2023-08-11T07:54:18.883+0000] {processor.py:179} INFO - Processing /home/airflow/.local/lib/python3.7/site-packages/airflow/example_dags/example_kubernetes_executor.py took 0.317 seconds
[2023-08-11T07:54:49.084+0000] {processor.py:157} INFO - Started process (PID=309) to work on /home/airflow/.local/lib/python3.7/site-packages/airflow/example_dags/example_kubernetes_executor.py
[2023-08-11T07:54:49.084+0000] {processor.py:826} INFO - Processing file /home/airflow/.local/lib/python3.7/site-packages/airflow/example_dags/example_kubernetes_executor.py for tasks to queue
[2023-08-11T07:54:49.085+0000] {logging_mixin.py:150} INFO - [2023-08-11T07:54:49.085+0000] {dagbag.py:541} INFO - Filling up the DagBag from /home/airflow/.local/lib/python3.7/site-packages/airflow/example_dags/example_kubernetes_executor.py
[2023-08-11T07:54:49.339+0000] {processor.py:836} INFO - DAG(s) dict_keys(['example_kubernetes_executor']) retrieved from /home/airflow/.local/lib/python3.7/site-packages/airflow/example_dags/example_kubernetes_executor.py
[2023-08-11T07:54:49.392+0000] {logging_mixin.py:150} INFO - [2023-08-11T07:54:49.392+0000] {dag.py:2742} INFO - Sync 1 DAGs
[2023-08-11T07:54:49.429+0000] {logging_mixin.py:150} INFO - [2023-08-11T07:54:49.429+0000] {dag.py:3508} INFO - Setting next_dagrun for example_kubernetes_executor to None, run_after=None
[2023-08-11T07:54:49.462+0000] {processor.py:179} INFO - Processing /home/airflow/.local/lib/python3.7/site-packages/airflow/example_dags/example_kubernetes_executor.py took 0.382 seconds
[2023-08-11T07:55:19.600+0000] {processor.py:157} INFO - Started process (PID=375) to work on /home/airflow/.local/lib/python3.7/site-packages/airflow/example_dags/example_kubernetes_executor.py
[2023-08-11T07:55:19.602+0000] {processor.py:826} INFO - Processing file /home/airflow/.local/lib/python3.7/site-packages/airflow/example_dags/example_kubernetes_executor.py for tasks to queue
[2023-08-11T07:55:19.602+0000] {logging_mixin.py:150} INFO - [2023-08-11T07:55:19.602+0000] {dagbag.py:541} INFO - Filling up the DagBag from /home/airflow/.local/lib/python3.7/site-packages/airflow/example_dags/example_kubernetes_executor.py
[2023-08-11T07:55:19.780+0000] {processor.py:836} INFO - DAG(s) dict_keys(['example_kubernetes_executor']) retrieved from /home/airflow/.local/lib/python3.7/site-packages/airflow/example_dags/example_kubernetes_executor.py
[2023-08-11T07:55:19.817+0000] {logging_mixin.py:150} INFO - [2023-08-11T07:55:19.817+0000] {dag.py:2742} INFO - Sync 1 DAGs
[2023-08-11T07:55:19.841+0000] {logging_mixin.py:150} INFO - [2023-08-11T07:55:19.841+0000] {dag.py:3508} INFO - Setting next_dagrun for example_kubernetes_executor to None, run_after=None
[2023-08-11T07:55:19.868+0000] {processor.py:179} INFO - Processing /home/airflow/.local/lib/python3.7/site-packages/airflow/example_dags/example_kubernetes_executor.py took 0.270 seconds
[2023-08-11T07:55:50.194+0000] {processor.py:157} INFO - Started process (PID=440) to work on /home/airflow/.local/lib/python3.7/site-packages/airflow/example_dags/example_kubernetes_executor.py
[2023-08-11T07:55:50.195+0000] {processor.py:826} INFO - Processing file /home/airflow/.local/lib/python3.7/site-packages/airflow/example_dags/example_kubernetes_executor.py for tasks to queue
[2023-08-11T07:55:50.195+0000] {logging_mixin.py:150} INFO - [2023-08-11T07:55:50.195+0000] {dagbag.py:541} INFO - Filling up the DagBag from /home/airflow/.local/lib/python3.7/site-packages/airflow/example_dags/example_kubernetes_executor.py
[2023-08-11T07:55:50.400+0000] {processor.py:836} INFO - DAG(s) dict_keys(['example_kubernetes_executor']) retrieved from /home/airflow/.local/lib/python3.7/site-packages/airflow/example_dags/example_kubernetes_executor.py
[2023-08-11T07:55:50.438+0000] {logging_mixin.py:150} INFO - [2023-08-11T07:55:50.438+0000] {dag.py:2742} INFO - Sync 1 DAGs
[2023-08-11T07:55:50.466+0000] {logging_mixin.py:150} INFO - [2023-08-11T07:55:50.466+0000] {dag.py:3508} INFO - Setting next_dagrun for example_kubernetes_executor to None, run_after=None
[2023-08-11T07:55:50.488+0000] {processor.py:179} INFO - Processing /home/airflow/.local/lib/python3.7/site-packages/airflow/example_dags/example_kubernetes_executor.py took 0.300 seconds
[2023-08-11T07:56:20.615+0000] {processor.py:157} INFO - Started process (PID=507) to work on /home/airflow/.local/lib/python3.7/site-packages/airflow/example_dags/example_kubernetes_executor.py
[2023-08-11T07:56:20.616+0000] {processor.py:826} INFO - Processing file /home/airflow/.local/lib/python3.7/site-packages/airflow/example_dags/example_kubernetes_executor.py for tasks to queue
[2023-08-11T07:56:20.617+0000] {logging_mixin.py:150} INFO - [2023-08-11T07:56:20.617+0000] {dagbag.py:541} INFO - Filling up the DagBag from /home/airflow/.local/lib/python3.7/site-packages/airflow/example_dags/example_kubernetes_executor.py
[2023-08-11T07:56:20.964+0000] {processor.py:836} INFO - DAG(s) dict_keys(['example_kubernetes_executor']) retrieved from /home/airflow/.local/lib/python3.7/site-packages/airflow/example_dags/example_kubernetes_executor.py
[2023-08-11T07:56:21.012+0000] {logging_mixin.py:150} INFO - [2023-08-11T07:56:21.012+0000] {dag.py:2742} INFO - Sync 1 DAGs
[2023-08-11T07:56:21.046+0000] {logging_mixin.py:150} INFO - [2023-08-11T07:56:21.046+0000] {dag.py:3508} INFO - Setting next_dagrun for example_kubernetes_executor to None, run_after=None
[2023-08-11T07:56:21.070+0000] {processor.py:179} INFO - Processing /home/airflow/.local/lib/python3.7/site-packages/airflow/example_dags/example_kubernetes_executor.py took 0.462 seconds
[2023-08-11T07:56:52.113+0000] {processor.py:157} INFO - Started process (PID=573) to work on /home/airflow/.local/lib/python3.7/site-packages/airflow/example_dags/example_kubernetes_executor.py
[2023-08-11T07:56:52.114+0000] {processor.py:826} INFO - Processing file /home/airflow/.local/lib/python3.7/site-packages/airflow/example_dags/example_kubernetes_executor.py for tasks to queue
[2023-08-11T07:56:52.116+0000] {logging_mixin.py:150} INFO - [2023-08-11T07:56:52.115+0000] {dagbag.py:541} INFO - Filling up the DagBag from /home/airflow/.local/lib/python3.7/site-packages/airflow/example_dags/example_kubernetes_executor.py
[2023-08-11T07:56:52.555+0000] {processor.py:836} INFO - DAG(s) dict_keys(['example_kubernetes_executor']) retrieved from /home/airflow/.local/lib/python3.7/site-packages/airflow/example_dags/example_kubernetes_executor.py
[2023-08-11T07:56:52.640+0000] {logging_mixin.py:150} INFO - [2023-08-11T07:56:52.640+0000] {dag.py:2742} INFO - Sync 1 DAGs
[2023-08-11T07:56:52.986+0000] {logging_mixin.py:150} INFO - [2023-08-11T07:56:52.986+0000] {dag.py:3508} INFO - Setting next_dagrun for example_kubernetes_executor to None, run_after=None
[2023-08-11T07:56:53.049+0000] {processor.py:179} INFO - Processing /home/airflow/.local/lib/python3.7/site-packages/airflow/example_dags/example_kubernetes_executor.py took 0.944 seconds
[2023-08-11T07:57:23.117+0000] {processor.py:157} INFO - Started process (PID=640) to work on /home/airflow/.local/lib/python3.7/site-packages/airflow/example_dags/example_kubernetes_executor.py
[2023-08-11T07:57:23.118+0000] {processor.py:826} INFO - Processing file /home/airflow/.local/lib/python3.7/site-packages/airflow/example_dags/example_kubernetes_executor.py for tasks to queue
[2023-08-11T07:57:23.120+0000] {logging_mixin.py:150} INFO - [2023-08-11T07:57:23.119+0000] {dagbag.py:541} INFO - Filling up the DagBag from /home/airflow/.local/lib/python3.7/site-packages/airflow/example_dags/example_kubernetes_executor.py
[2023-08-11T07:57:23.367+0000] {processor.py:836} INFO - DAG(s) dict_keys(['example_kubernetes_executor']) retrieved from /home/airflow/.local/lib/python3.7/site-packages/airflow/example_dags/example_kubernetes_executor.py
[2023-08-11T07:57:23.415+0000] {logging_mixin.py:150} INFO - [2023-08-11T07:57:23.415+0000] {dag.py:2742} INFO - Sync 1 DAGs
[2023-08-11T07:57:23.448+0000] {logging_mixin.py:150} INFO - [2023-08-11T07:57:23.448+0000] {dag.py:3508} INFO - Setting next_dagrun for example_kubernetes_executor to None, run_after=None
[2023-08-11T07:57:23.482+0000] {processor.py:179} INFO - Processing /home/airflow/.local/lib/python3.7/site-packages/airflow/example_dags/example_kubernetes_executor.py took 0.370 seconds
[2023-08-11T07:57:53.664+0000] {processor.py:157} INFO - Started process (PID=699) to work on /home/airflow/.local/lib/python3.7/site-packages/airflow/example_dags/example_kubernetes_executor.py
[2023-08-11T07:57:53.665+0000] {processor.py:826} INFO - Processing file /home/airflow/.local/lib/python3.7/site-packages/airflow/example_dags/example_kubernetes_executor.py for tasks to queue
[2023-08-11T07:57:53.667+0000] {logging_mixin.py:150} INFO - [2023-08-11T07:57:53.666+0000] {dagbag.py:541} INFO - Filling up the DagBag from /home/airflow/.local/lib/python3.7/site-packages/airflow/example_dags/example_kubernetes_executor.py
[2023-08-11T07:57:53.919+0000] {processor.py:836} INFO - DAG(s) dict_keys(['example_kubernetes_executor']) retrieved from /home/airflow/.local/lib/python3.7/site-packages/airflow/example_dags/example_kubernetes_executor.py
[2023-08-11T07:57:53.972+0000] {logging_mixin.py:150} INFO - [2023-08-11T07:57:53.972+0000] {dag.py:2742} INFO - Sync 1 DAGs
[2023-08-11T07:57:54.012+0000] {logging_mixin.py:150} INFO - [2023-08-11T07:57:54.011+0000] {dag.py:3508} INFO - Setting next_dagrun for example_kubernetes_executor to None, run_after=None
[2023-08-11T07:57:54.070+0000] {processor.py:179} INFO - Processing /home/airflow/.local/lib/python3.7/site-packages/airflow/example_dags/example_kubernetes_executor.py took 0.411 seconds
[2023-08-11T07:58:24.370+0000] {processor.py:157} INFO - Started process (PID=765) to work on /home/airflow/.local/lib/python3.7/site-packages/airflow/example_dags/example_kubernetes_executor.py
[2023-08-11T07:58:24.377+0000] {processor.py:826} INFO - Processing file /home/airflow/.local/lib/python3.7/site-packages/airflow/example_dags/example_kubernetes_executor.py for tasks to queue
[2023-08-11T07:58:24.378+0000] {logging_mixin.py:150} INFO - [2023-08-11T07:58:24.377+0000] {dagbag.py:541} INFO - Filling up the DagBag from /home/airflow/.local/lib/python3.7/site-packages/airflow/example_dags/example_kubernetes_executor.py
[2023-08-11T07:58:24.559+0000] {processor.py:836} INFO - DAG(s) dict_keys(['example_kubernetes_executor']) retrieved from /home/airflow/.local/lib/python3.7/site-packages/airflow/example_dags/example_kubernetes_executor.py
[2023-08-11T07:58:24.598+0000] {logging_mixin.py:150} INFO - [2023-08-11T07:58:24.597+0000] {dag.py:2742} INFO - Sync 1 DAGs
[2023-08-11T07:58:24.622+0000] {logging_mixin.py:150} INFO - [2023-08-11T07:58:24.622+0000] {dag.py:3508} INFO - Setting next_dagrun for example_kubernetes_executor to None, run_after=None
[2023-08-11T07:58:24.654+0000] {processor.py:179} INFO - Processing /home/airflow/.local/lib/python3.7/site-packages/airflow/example_dags/example_kubernetes_executor.py took 0.287 seconds
[2023-08-11T07:58:54.676+0000] {processor.py:157} INFO - Started process (PID=831) to work on /home/airflow/.local/lib/python3.7/site-packages/airflow/example_dags/example_kubernetes_executor.py
[2023-08-11T07:58:54.677+0000] {processor.py:826} INFO - Processing file /home/airflow/.local/lib/python3.7/site-packages/airflow/example_dags/example_kubernetes_executor.py for tasks to queue
[2023-08-11T07:58:54.678+0000] {logging_mixin.py:150} INFO - [2023-08-11T07:58:54.677+0000] {dagbag.py:541} INFO - Filling up the DagBag from /home/airflow/.local/lib/python3.7/site-packages/airflow/example_dags/example_kubernetes_executor.py
[2023-08-11T07:58:54.853+0000] {processor.py:836} INFO - DAG(s) dict_keys(['example_kubernetes_executor']) retrieved from /home/airflow/.local/lib/python3.7/site-packages/airflow/example_dags/example_kubernetes_executor.py
[2023-08-11T07:58:54.887+0000] {logging_mixin.py:150} INFO - [2023-08-11T07:58:54.887+0000] {dag.py:2742} INFO - Sync 1 DAGs
[2023-08-11T07:58:54.911+0000] {logging_mixin.py:150} INFO - [2023-08-11T07:58:54.911+0000] {dag.py:3508} INFO - Setting next_dagrun for example_kubernetes_executor to None, run_after=None
[2023-08-11T07:58:54.931+0000] {processor.py:179} INFO - Processing /home/airflow/.local/lib/python3.7/site-packages/airflow/example_dags/example_kubernetes_executor.py took 0.258 seconds
[2023-08-11T07:59:25.113+0000] {processor.py:157} INFO - Started process (PID=897) to work on /home/airflow/.local/lib/python3.7/site-packages/airflow/example_dags/example_kubernetes_executor.py
[2023-08-11T07:59:25.116+0000] {processor.py:826} INFO - Processing file /home/airflow/.local/lib/python3.7/site-packages/airflow/example_dags/example_kubernetes_executor.py for tasks to queue
[2023-08-11T07:59:25.119+0000] {logging_mixin.py:150} INFO - [2023-08-11T07:59:25.118+0000] {dagbag.py:541} INFO - Filling up the DagBag from /home/airflow/.local/lib/python3.7/site-packages/airflow/example_dags/example_kubernetes_executor.py
[2023-08-11T07:59:25.480+0000] {processor.py:836} INFO - DAG(s) dict_keys(['example_kubernetes_executor']) retrieved from /home/airflow/.local/lib/python3.7/site-packages/airflow/example_dags/example_kubernetes_executor.py
[2023-08-11T07:59:25.505+0000] {logging_mixin.py:150} INFO - [2023-08-11T07:59:25.505+0000] {dag.py:2742} INFO - Sync 1 DAGs
[2023-08-11T07:59:25.552+0000] {logging_mixin.py:150} INFO - [2023-08-11T07:59:25.551+0000] {dag.py:3508} INFO - Setting next_dagrun for example_kubernetes_executor to None, run_after=None
[2023-08-11T07:59:25.606+0000] {processor.py:179} INFO - Processing /home/airflow/.local/lib/python3.7/site-packages/airflow/example_dags/example_kubernetes_executor.py took 0.497 seconds
[2023-08-11T07:59:55.676+0000] {processor.py:157} INFO - Started process (PID=968) to work on /home/airflow/.local/lib/python3.7/site-packages/airflow/example_dags/example_kubernetes_executor.py
[2023-08-11T07:59:55.676+0000] {processor.py:826} INFO - Processing file /home/airflow/.local/lib/python3.7/site-packages/airflow/example_dags/example_kubernetes_executor.py for tasks to queue
[2023-08-11T07:59:55.677+0000] {logging_mixin.py:150} INFO - [2023-08-11T07:59:55.677+0000] {dagbag.py:541} INFO - Filling up the DagBag from /home/airflow/.local/lib/python3.7/site-packages/airflow/example_dags/example_kubernetes_executor.py
[2023-08-11T07:59:55.850+0000] {processor.py:836} INFO - DAG(s) dict_keys(['example_kubernetes_executor']) retrieved from /home/airflow/.local/lib/python3.7/site-packages/airflow/example_dags/example_kubernetes_executor.py
[2023-08-11T07:59:55.892+0000] {logging_mixin.py:150} INFO - [2023-08-11T07:59:55.892+0000] {dag.py:2742} INFO - Sync 1 DAGs
[2023-08-11T07:59:55.922+0000] {logging_mixin.py:150} INFO - [2023-08-11T07:59:55.922+0000] {dag.py:3508} INFO - Setting next_dagrun for example_kubernetes_executor to None, run_after=None
[2023-08-11T07:59:55.946+0000] {processor.py:179} INFO - Processing /home/airflow/.local/lib/python3.7/site-packages/airflow/example_dags/example_kubernetes_executor.py took 0.273 seconds
[2023-08-11T08:00:26.069+0000] {processor.py:157} INFO - Started process (PID=1036) to work on /home/airflow/.local/lib/python3.7/site-packages/airflow/example_dags/example_kubernetes_executor.py
[2023-08-11T08:00:26.070+0000] {processor.py:826} INFO - Processing file /home/airflow/.local/lib/python3.7/site-packages/airflow/example_dags/example_kubernetes_executor.py for tasks to queue
[2023-08-11T08:00:26.071+0000] {logging_mixin.py:150} INFO - [2023-08-11T08:00:26.070+0000] {dagbag.py:541} INFO - Filling up the DagBag from /home/airflow/.local/lib/python3.7/site-packages/airflow/example_dags/example_kubernetes_executor.py
[2023-08-11T08:00:26.252+0000] {processor.py:836} INFO - DAG(s) dict_keys(['example_kubernetes_executor']) retrieved from /home/airflow/.local/lib/python3.7/site-packages/airflow/example_dags/example_kubernetes_executor.py
[2023-08-11T08:00:26.307+0000] {logging_mixin.py:150} INFO - [2023-08-11T08:00:26.307+0000] {dag.py:2742} INFO - Sync 1 DAGs
[2023-08-11T08:00:26.340+0000] {logging_mixin.py:150} INFO - [2023-08-11T08:00:26.340+0000] {dag.py:3508} INFO - Setting next_dagrun for example_kubernetes_executor to None, run_after=None
[2023-08-11T08:00:26.367+0000] {processor.py:179} INFO - Processing /home/airflow/.local/lib/python3.7/site-packages/airflow/example_dags/example_kubernetes_executor.py took 0.301 seconds
[2023-08-11T08:00:56.694+0000] {processor.py:157} INFO - Started process (PID=1103) to work on /home/airflow/.local/lib/python3.7/site-packages/airflow/example_dags/example_kubernetes_executor.py
[2023-08-11T08:00:56.695+0000] {processor.py:826} INFO - Processing file /home/airflow/.local/lib/python3.7/site-packages/airflow/example_dags/example_kubernetes_executor.py for tasks to queue
[2023-08-11T08:00:56.696+0000] {logging_mixin.py:150} INFO - [2023-08-11T08:00:56.696+0000] {dagbag.py:541} INFO - Filling up the DagBag from /home/airflow/.local/lib/python3.7/site-packages/airflow/example_dags/example_kubernetes_executor.py
[2023-08-11T08:00:56.886+0000] {processor.py:836} INFO - DAG(s) dict_keys(['example_kubernetes_executor']) retrieved from /home/airflow/.local/lib/python3.7/site-packages/airflow/example_dags/example_kubernetes_executor.py
[2023-08-11T08:00:57.013+0000] {logging_mixin.py:150} INFO - [2023-08-11T08:00:57.012+0000] {dag.py:2742} INFO - Sync 1 DAGs
[2023-08-11T08:00:57.066+0000] {logging_mixin.py:150} INFO - [2023-08-11T08:00:57.066+0000] {dag.py:3508} INFO - Setting next_dagrun for example_kubernetes_executor to None, run_after=None
[2023-08-11T08:00:57.099+0000] {processor.py:179} INFO - Processing /home/airflow/.local/lib/python3.7/site-packages/airflow/example_dags/example_kubernetes_executor.py took 0.408 seconds
[2023-08-11T08:01:27.230+0000] {processor.py:157} INFO - Started process (PID=1171) to work on /home/airflow/.local/lib/python3.7/site-packages/airflow/example_dags/example_kubernetes_executor.py
[2023-08-11T08:01:27.233+0000] {processor.py:826} INFO - Processing file /home/airflow/.local/lib/python3.7/site-packages/airflow/example_dags/example_kubernetes_executor.py for tasks to queue
[2023-08-11T08:01:27.236+0000] {logging_mixin.py:150} INFO - [2023-08-11T08:01:27.235+0000] {dagbag.py:541} INFO - Filling up the DagBag from /home/airflow/.local/lib/python3.7/site-packages/airflow/example_dags/example_kubernetes_executor.py
[2023-08-11T08:01:27.419+0000] {processor.py:836} INFO - DAG(s) dict_keys(['example_kubernetes_executor']) retrieved from /home/airflow/.local/lib/python3.7/site-packages/airflow/example_dags/example_kubernetes_executor.py
[2023-08-11T08:01:27.469+0000] {logging_mixin.py:150} INFO - [2023-08-11T08:01:27.469+0000] {dag.py:2742} INFO - Sync 1 DAGs
[2023-08-11T08:01:27.497+0000] {logging_mixin.py:150} INFO - [2023-08-11T08:01:27.497+0000] {dag.py:3508} INFO - Setting next_dagrun for example_kubernetes_executor to None, run_after=None
[2023-08-11T08:01:27.531+0000] {processor.py:179} INFO - Processing /home/airflow/.local/lib/python3.7/site-packages/airflow/example_dags/example_kubernetes_executor.py took 0.307 seconds
[2023-08-11T08:01:57.552+0000] {processor.py:157} INFO - Started process (PID=1237) to work on /home/airflow/.local/lib/python3.7/site-packages/airflow/example_dags/example_kubernetes_executor.py
[2023-08-11T08:01:57.552+0000] {processor.py:826} INFO - Processing file /home/airflow/.local/lib/python3.7/site-packages/airflow/example_dags/example_kubernetes_executor.py for tasks to queue
[2023-08-11T08:01:57.553+0000] {logging_mixin.py:150} INFO - [2023-08-11T08:01:57.553+0000] {dagbag.py:541} INFO - Filling up the DagBag from /home/airflow/.local/lib/python3.7/site-packages/airflow/example_dags/example_kubernetes_executor.py
[2023-08-11T08:01:57.739+0000] {processor.py:836} INFO - DAG(s) dict_keys(['example_kubernetes_executor']) retrieved from /home/airflow/.local/lib/python3.7/site-packages/airflow/example_dags/example_kubernetes_executor.py
[2023-08-11T08:01:57.777+0000] {logging_mixin.py:150} INFO - [2023-08-11T08:01:57.777+0000] {dag.py:2742} INFO - Sync 1 DAGs
[2023-08-11T08:01:57.804+0000] {logging_mixin.py:150} INFO - [2023-08-11T08:01:57.803+0000] {dag.py:3508} INFO - Setting next_dagrun for example_kubernetes_executor to None, run_after=None
[2023-08-11T08:01:57.827+0000] {processor.py:179} INFO - Processing /home/airflow/.local/lib/python3.7/site-packages/airflow/example_dags/example_kubernetes_executor.py took 0.278 seconds
[2023-08-11T08:02:27.863+0000] {processor.py:157} INFO - Started process (PID=1307) to work on /home/airflow/.local/lib/python3.7/site-packages/airflow/example_dags/example_kubernetes_executor.py
[2023-08-11T08:02:27.864+0000] {processor.py:826} INFO - Processing file /home/airflow/.local/lib/python3.7/site-packages/airflow/example_dags/example_kubernetes_executor.py for tasks to queue
[2023-08-11T08:02:27.865+0000] {logging_mixin.py:150} INFO - [2023-08-11T08:02:27.865+0000] {dagbag.py:541} INFO - Filling up the DagBag from /home/airflow/.local/lib/python3.7/site-packages/airflow/example_dags/example_kubernetes_executor.py
[2023-08-11T08:02:28.052+0000] {processor.py:836} INFO - DAG(s) dict_keys(['example_kubernetes_executor']) retrieved from /home/airflow/.local/lib/python3.7/site-packages/airflow/example_dags/example_kubernetes_executor.py
[2023-08-11T08:02:28.096+0000] {logging_mixin.py:150} INFO - [2023-08-11T08:02:28.096+0000] {dag.py:2742} INFO - Sync 1 DAGs
[2023-08-11T08:02:28.124+0000] {logging_mixin.py:150} INFO - [2023-08-11T08:02:28.123+0000] {dag.py:3508} INFO - Setting next_dagrun for example_kubernetes_executor to None, run_after=None
[2023-08-11T08:02:28.149+0000] {processor.py:179} INFO - Processing /home/airflow/.local/lib/python3.7/site-packages/airflow/example_dags/example_kubernetes_executor.py took 0.290 seconds
[2023-08-11T08:02:58.305+0000] {processor.py:157} INFO - Started process (PID=1374) to work on /home/airflow/.local/lib/python3.7/site-packages/airflow/example_dags/example_kubernetes_executor.py
[2023-08-11T08:02:58.306+0000] {processor.py:826} INFO - Processing file /home/airflow/.local/lib/python3.7/site-packages/airflow/example_dags/example_kubernetes_executor.py for tasks to queue
[2023-08-11T08:02:58.307+0000] {logging_mixin.py:150} INFO - [2023-08-11T08:02:58.306+0000] {dagbag.py:541} INFO - Filling up the DagBag from /home/airflow/.local/lib/python3.7/site-packages/airflow/example_dags/example_kubernetes_executor.py
[2023-08-11T08:02:58.588+0000] {processor.py:836} INFO - DAG(s) dict_keys(['example_kubernetes_executor']) retrieved from /home/airflow/.local/lib/python3.7/site-packages/airflow/example_dags/example_kubernetes_executor.py
[2023-08-11T08:02:58.639+0000] {logging_mixin.py:150} INFO - [2023-08-11T08:02:58.638+0000] {dag.py:2742} INFO - Sync 1 DAGs
[2023-08-11T08:02:58.671+0000] {logging_mixin.py:150} INFO - [2023-08-11T08:02:58.671+0000] {dag.py:3508} INFO - Setting next_dagrun for example_kubernetes_executor to None, run_after=None
[2023-08-11T08:02:58.704+0000] {processor.py:179} INFO - Processing /home/airflow/.local/lib/python3.7/site-packages/airflow/example_dags/example_kubernetes_executor.py took 0.403 seconds
[2023-08-11T08:03:28.842+0000] {processor.py:157} INFO - Started process (PID=1439) to work on /home/airflow/.local/lib/python3.7/site-packages/airflow/example_dags/example_kubernetes_executor.py
[2023-08-11T08:03:28.843+0000] {processor.py:826} INFO - Processing file /home/airflow/.local/lib/python3.7/site-packages/airflow/example_dags/example_kubernetes_executor.py for tasks to queue
[2023-08-11T08:03:28.844+0000] {logging_mixin.py:150} INFO - [2023-08-11T08:03:28.844+0000] {dagbag.py:541} INFO - Filling up the DagBag from /home/airflow/.local/lib/python3.7/site-packages/airflow/example_dags/example_kubernetes_executor.py
[2023-08-11T08:03:29.046+0000] {processor.py:836} INFO - DAG(s) dict_keys(['example_kubernetes_executor']) retrieved from /home/airflow/.local/lib/python3.7/site-packages/airflow/example_dags/example_kubernetes_executor.py
[2023-08-11T08:03:29.092+0000] {logging_mixin.py:150} INFO - [2023-08-11T08:03:29.092+0000] {dag.py:2742} INFO - Sync 1 DAGs
[2023-08-11T08:03:29.120+0000] {logging_mixin.py:150} INFO - [2023-08-11T08:03:29.119+0000] {dag.py:3508} INFO - Setting next_dagrun for example_kubernetes_executor to None, run_after=None
[2023-08-11T08:03:29.144+0000] {processor.py:179} INFO - Processing /home/airflow/.local/lib/python3.7/site-packages/airflow/example_dags/example_kubernetes_executor.py took 0.304 seconds
[2023-08-11T08:03:59.400+0000] {processor.py:157} INFO - Started process (PID=1505) to work on /home/airflow/.local/lib/python3.7/site-packages/airflow/example_dags/example_kubernetes_executor.py
[2023-08-11T08:03:59.401+0000] {processor.py:826} INFO - Processing file /home/airflow/.local/lib/python3.7/site-packages/airflow/example_dags/example_kubernetes_executor.py for tasks to queue
[2023-08-11T08:03:59.402+0000] {logging_mixin.py:150} INFO - [2023-08-11T08:03:59.402+0000] {dagbag.py:541} INFO - Filling up the DagBag from /home/airflow/.local/lib/python3.7/site-packages/airflow/example_dags/example_kubernetes_executor.py
[2023-08-11T08:03:59.660+0000] {processor.py:836} INFO - DAG(s) dict_keys(['example_kubernetes_executor']) retrieved from /home/airflow/.local/lib/python3.7/site-packages/airflow/example_dags/example_kubernetes_executor.py
[2023-08-11T08:03:59.713+0000] {logging_mixin.py:150} INFO - [2023-08-11T08:03:59.712+0000] {dag.py:2742} INFO - Sync 1 DAGs
[2023-08-11T08:03:59.754+0000] {logging_mixin.py:150} INFO - [2023-08-11T08:03:59.753+0000] {dag.py:3508} INFO - Setting next_dagrun for example_kubernetes_executor to None, run_after=None
[2023-08-11T08:03:59.788+0000] {processor.py:179} INFO - Processing /home/airflow/.local/lib/python3.7/site-packages/airflow/example_dags/example_kubernetes_executor.py took 0.394 seconds
[2023-08-11T08:04:30.636+0000] {processor.py:157} INFO - Started process (PID=1579) to work on /home/airflow/.local/lib/python3.7/site-packages/airflow/example_dags/example_kubernetes_executor.py
[2023-08-11T08:04:30.637+0000] {processor.py:826} INFO - Processing file /home/airflow/.local/lib/python3.7/site-packages/airflow/example_dags/example_kubernetes_executor.py for tasks to queue
[2023-08-11T08:04:30.638+0000] {logging_mixin.py:150} INFO - [2023-08-11T08:04:30.638+0000] {dagbag.py:541} INFO - Filling up the DagBag from /home/airflow/.local/lib/python3.7/site-packages/airflow/example_dags/example_kubernetes_executor.py
[2023-08-11T08:04:30.835+0000] {processor.py:836} INFO - DAG(s) dict_keys(['example_kubernetes_executor']) retrieved from /home/airflow/.local/lib/python3.7/site-packages/airflow/example_dags/example_kubernetes_executor.py
[2023-08-11T08:04:30.874+0000] {logging_mixin.py:150} INFO - [2023-08-11T08:04:30.874+0000] {dag.py:2742} INFO - Sync 1 DAGs
[2023-08-11T08:04:30.900+0000] {logging_mixin.py:150} INFO - [2023-08-11T08:04:30.899+0000] {dag.py:3508} INFO - Setting next_dagrun for example_kubernetes_executor to None, run_after=None
[2023-08-11T08:04:30.925+0000] {processor.py:179} INFO - Processing /home/airflow/.local/lib/python3.7/site-packages/airflow/example_dags/example_kubernetes_executor.py took 0.292 seconds
[2023-08-11T08:05:01.357+0000] {processor.py:157} INFO - Started process (PID=1645) to work on /home/airflow/.local/lib/python3.7/site-packages/airflow/example_dags/example_kubernetes_executor.py
[2023-08-11T08:05:01.359+0000] {processor.py:826} INFO - Processing file /home/airflow/.local/lib/python3.7/site-packages/airflow/example_dags/example_kubernetes_executor.py for tasks to queue
[2023-08-11T08:05:01.360+0000] {logging_mixin.py:150} INFO - [2023-08-11T08:05:01.360+0000] {dagbag.py:541} INFO - Filling up the DagBag from /home/airflow/.local/lib/python3.7/site-packages/airflow/example_dags/example_kubernetes_executor.py
[2023-08-11T08:05:01.553+0000] {processor.py:836} INFO - DAG(s) dict_keys(['example_kubernetes_executor']) retrieved from /home/airflow/.local/lib/python3.7/site-packages/airflow/example_dags/example_kubernetes_executor.py
[2023-08-11T08:05:01.597+0000] {logging_mixin.py:150} INFO - [2023-08-11T08:05:01.597+0000] {dag.py:2742} INFO - Sync 1 DAGs
[2023-08-11T08:05:01.623+0000] {logging_mixin.py:150} INFO - [2023-08-11T08:05:01.622+0000] {dag.py:3508} INFO - Setting next_dagrun for example_kubernetes_executor to None, run_after=None
[2023-08-11T08:05:01.644+0000] {processor.py:179} INFO - Processing /home/airflow/.local/lib/python3.7/site-packages/airflow/example_dags/example_kubernetes_executor.py took 0.291 seconds
[2023-08-11T08:05:32.093+0000] {processor.py:157} INFO - Started process (PID=1714) to work on /home/airflow/.local/lib/python3.7/site-packages/airflow/example_dags/example_kubernetes_executor.py
[2023-08-11T08:05:32.095+0000] {processor.py:826} INFO - Processing file /home/airflow/.local/lib/python3.7/site-packages/airflow/example_dags/example_kubernetes_executor.py for tasks to queue
[2023-08-11T08:05:32.095+0000] {logging_mixin.py:150} INFO - [2023-08-11T08:05:32.095+0000] {dagbag.py:541} INFO - Filling up the DagBag from /home/airflow/.local/lib/python3.7/site-packages/airflow/example_dags/example_kubernetes_executor.py
[2023-08-11T08:05:32.377+0000] {processor.py:836} INFO - DAG(s) dict_keys(['example_kubernetes_executor']) retrieved from /home/airflow/.local/lib/python3.7/site-packages/airflow/example_dags/example_kubernetes_executor.py
[2023-08-11T08:05:32.424+0000] {logging_mixin.py:150} INFO - [2023-08-11T08:05:32.424+0000] {dag.py:2742} INFO - Sync 1 DAGs
[2023-08-11T08:05:32.576+0000] {logging_mixin.py:150} INFO - [2023-08-11T08:05:32.576+0000] {dag.py:3508} INFO - Setting next_dagrun for example_kubernetes_executor to None, run_after=None
[2023-08-11T08:05:32.605+0000] {processor.py:179} INFO - Processing /home/airflow/.local/lib/python3.7/site-packages/airflow/example_dags/example_kubernetes_executor.py took 0.519 seconds
[2023-08-11T08:06:02.873+0000] {processor.py:157} INFO - Started process (PID=1785) to work on /home/airflow/.local/lib/python3.7/site-packages/airflow/example_dags/example_kubernetes_executor.py
[2023-08-11T08:06:02.884+0000] {processor.py:826} INFO - Processing file /home/airflow/.local/lib/python3.7/site-packages/airflow/example_dags/example_kubernetes_executor.py for tasks to queue
[2023-08-11T08:06:02.885+0000] {logging_mixin.py:150} INFO - [2023-08-11T08:06:02.885+0000] {dagbag.py:541} INFO - Filling up the DagBag from /home/airflow/.local/lib/python3.7/site-packages/airflow/example_dags/example_kubernetes_executor.py
[2023-08-11T08:06:03.150+0000] {processor.py:836} INFO - DAG(s) dict_keys(['example_kubernetes_executor']) retrieved from /home/airflow/.local/lib/python3.7/site-packages/airflow/example_dags/example_kubernetes_executor.py
[2023-08-11T08:06:03.224+0000] {logging_mixin.py:150} INFO - [2023-08-11T08:06:03.224+0000] {dag.py:2742} INFO - Sync 1 DAGs
[2023-08-11T08:06:03.265+0000] {logging_mixin.py:150} INFO - [2023-08-11T08:06:03.265+0000] {dag.py:3508} INFO - Setting next_dagrun for example_kubernetes_executor to None, run_after=None
[2023-08-11T08:06:03.320+0000] {processor.py:179} INFO - Processing /home/airflow/.local/lib/python3.7/site-packages/airflow/example_dags/example_kubernetes_executor.py took 0.451 seconds
[2023-08-11T08:06:33.985+0000] {processor.py:157} INFO - Started process (PID=1856) to work on /home/airflow/.local/lib/python3.7/site-packages/airflow/example_dags/example_kubernetes_executor.py
[2023-08-11T08:06:33.986+0000] {processor.py:826} INFO - Processing file /home/airflow/.local/lib/python3.7/site-packages/airflow/example_dags/example_kubernetes_executor.py for tasks to queue
[2023-08-11T08:06:33.987+0000] {logging_mixin.py:150} INFO - [2023-08-11T08:06:33.987+0000] {dagbag.py:541} INFO - Filling up the DagBag from /home/airflow/.local/lib/python3.7/site-packages/airflow/example_dags/example_kubernetes_executor.py
[2023-08-11T08:06:34.277+0000] {processor.py:836} INFO - DAG(s) dict_keys(['example_kubernetes_executor']) retrieved from /home/airflow/.local/lib/python3.7/site-packages/airflow/example_dags/example_kubernetes_executor.py
[2023-08-11T08:06:34.347+0000] {logging_mixin.py:150} INFO - [2023-08-11T08:06:34.347+0000] {dag.py:2742} INFO - Sync 1 DAGs
[2023-08-11T08:06:34.549+0000] {logging_mixin.py:150} INFO - [2023-08-11T08:06:34.549+0000] {dag.py:3508} INFO - Setting next_dagrun for example_kubernetes_executor to None, run_after=None
[2023-08-11T08:06:34.580+0000] {processor.py:179} INFO - Processing /home/airflow/.local/lib/python3.7/site-packages/airflow/example_dags/example_kubernetes_executor.py took 0.599 seconds
[2023-08-11T08:07:04.821+0000] {processor.py:157} INFO - Started process (PID=1924) to work on /home/airflow/.local/lib/python3.7/site-packages/airflow/example_dags/example_kubernetes_executor.py
[2023-08-11T08:07:04.828+0000] {processor.py:826} INFO - Processing file /home/airflow/.local/lib/python3.7/site-packages/airflow/example_dags/example_kubernetes_executor.py for tasks to queue
[2023-08-11T08:07:04.829+0000] {logging_mixin.py:150} INFO - [2023-08-11T08:07:04.828+0000] {dagbag.py:541} INFO - Filling up the DagBag from /home/airflow/.local/lib/python3.7/site-packages/airflow/example_dags/example_kubernetes_executor.py
[2023-08-11T08:07:05.070+0000] {processor.py:836} INFO - DAG(s) dict_keys(['example_kubernetes_executor']) retrieved from /home/airflow/.local/lib/python3.7/site-packages/airflow/example_dags/example_kubernetes_executor.py
[2023-08-11T08:07:05.123+0000] {logging_mixin.py:150} INFO - [2023-08-11T08:07:05.123+0000] {dag.py:2742} INFO - Sync 1 DAGs
[2023-08-11T08:07:05.159+0000] {logging_mixin.py:150} INFO - [2023-08-11T08:07:05.158+0000] {dag.py:3508} INFO - Setting next_dagrun for example_kubernetes_executor to None, run_after=None
[2023-08-11T08:07:05.185+0000] {processor.py:179} INFO - Processing /home/airflow/.local/lib/python3.7/site-packages/airflow/example_dags/example_kubernetes_executor.py took 0.367 seconds
[2023-08-11T08:07:35.312+0000] {processor.py:157} INFO - Started process (PID=1993) to work on /home/airflow/.local/lib/python3.7/site-packages/airflow/example_dags/example_kubernetes_executor.py
[2023-08-11T08:07:35.312+0000] {processor.py:826} INFO - Processing file /home/airflow/.local/lib/python3.7/site-packages/airflow/example_dags/example_kubernetes_executor.py for tasks to queue
[2023-08-11T08:07:35.313+0000] {logging_mixin.py:150} INFO - [2023-08-11T08:07:35.313+0000] {dagbag.py:541} INFO - Filling up the DagBag from /home/airflow/.local/lib/python3.7/site-packages/airflow/example_dags/example_kubernetes_executor.py
[2023-08-11T08:07:35.475+0000] {processor.py:836} INFO - DAG(s) dict_keys(['example_kubernetes_executor']) retrieved from /home/airflow/.local/lib/python3.7/site-packages/airflow/example_dags/example_kubernetes_executor.py
[2023-08-11T08:07:35.515+0000] {logging_mixin.py:150} INFO - [2023-08-11T08:07:35.515+0000] {dag.py:2742} INFO - Sync 1 DAGs
[2023-08-11T08:07:35.538+0000] {logging_mixin.py:150} INFO - [2023-08-11T08:07:35.538+0000] {dag.py:3508} INFO - Setting next_dagrun for example_kubernetes_executor to None, run_after=None
[2023-08-11T08:07:35.560+0000] {processor.py:179} INFO - Processing /home/airflow/.local/lib/python3.7/site-packages/airflow/example_dags/example_kubernetes_executor.py took 0.251 seconds
[2023-08-11T08:08:05.583+0000] {processor.py:157} INFO - Started process (PID=2060) to work on /home/airflow/.local/lib/python3.7/site-packages/airflow/example_dags/example_kubernetes_executor.py
[2023-08-11T08:08:05.584+0000] {processor.py:826} INFO - Processing file /home/airflow/.local/lib/python3.7/site-packages/airflow/example_dags/example_kubernetes_executor.py for tasks to queue
[2023-08-11T08:08:05.585+0000] {logging_mixin.py:150} INFO - [2023-08-11T08:08:05.585+0000] {dagbag.py:541} INFO - Filling up the DagBag from /home/airflow/.local/lib/python3.7/site-packages/airflow/example_dags/example_kubernetes_executor.py
[2023-08-11T08:08:05.754+0000] {processor.py:836} INFO - DAG(s) dict_keys(['example_kubernetes_executor']) retrieved from /home/airflow/.local/lib/python3.7/site-packages/airflow/example_dags/example_kubernetes_executor.py
[2023-08-11T08:08:05.789+0000] {logging_mixin.py:150} INFO - [2023-08-11T08:08:05.789+0000] {dag.py:2742} INFO - Sync 1 DAGs
[2023-08-11T08:08:05.923+0000] {logging_mixin.py:150} INFO - [2023-08-11T08:08:05.923+0000] {dag.py:3508} INFO - Setting next_dagrun for example_kubernetes_executor to None, run_after=None
[2023-08-11T08:08:05.947+0000] {processor.py:179} INFO - Processing /home/airflow/.local/lib/python3.7/site-packages/airflow/example_dags/example_kubernetes_executor.py took 0.366 seconds
[2023-08-11T08:08:36.217+0000] {processor.py:157} INFO - Started process (PID=2125) to work on /home/airflow/.local/lib/python3.7/site-packages/airflow/example_dags/example_kubernetes_executor.py
[2023-08-11T08:08:36.218+0000] {processor.py:826} INFO - Processing file /home/airflow/.local/lib/python3.7/site-packages/airflow/example_dags/example_kubernetes_executor.py for tasks to queue
[2023-08-11T08:08:36.218+0000] {logging_mixin.py:150} INFO - [2023-08-11T08:08:36.218+0000] {dagbag.py:541} INFO - Filling up the DagBag from /home/airflow/.local/lib/python3.7/site-packages/airflow/example_dags/example_kubernetes_executor.py
[2023-08-11T08:08:36.381+0000] {processor.py:836} INFO - DAG(s) dict_keys(['example_kubernetes_executor']) retrieved from /home/airflow/.local/lib/python3.7/site-packages/airflow/example_dags/example_kubernetes_executor.py
[2023-08-11T08:08:36.416+0000] {logging_mixin.py:150} INFO - [2023-08-11T08:08:36.415+0000] {dag.py:2742} INFO - Sync 1 DAGs
[2023-08-11T08:08:36.438+0000] {logging_mixin.py:150} INFO - [2023-08-11T08:08:36.438+0000] {dag.py:3508} INFO - Setting next_dagrun for example_kubernetes_executor to None, run_after=None
[2023-08-11T08:08:36.461+0000] {processor.py:179} INFO - Processing /home/airflow/.local/lib/python3.7/site-packages/airflow/example_dags/example_kubernetes_executor.py took 0.247 seconds
[2023-08-11T08:09:06.632+0000] {processor.py:157} INFO - Started process (PID=2191) to work on /home/airflow/.local/lib/python3.7/site-packages/airflow/example_dags/example_kubernetes_executor.py
[2023-08-11T08:09:06.635+0000] {processor.py:826} INFO - Processing file /home/airflow/.local/lib/python3.7/site-packages/airflow/example_dags/example_kubernetes_executor.py for tasks to queue
[2023-08-11T08:09:06.636+0000] {logging_mixin.py:150} INFO - [2023-08-11T08:09:06.636+0000] {dagbag.py:541} INFO - Filling up the DagBag from /home/airflow/.local/lib/python3.7/site-packages/airflow/example_dags/example_kubernetes_executor.py
[2023-08-11T08:09:06.796+0000] {processor.py:836} INFO - DAG(s) dict_keys(['example_kubernetes_executor']) retrieved from /home/airflow/.local/lib/python3.7/site-packages/airflow/example_dags/example_kubernetes_executor.py
[2023-08-11T08:09:06.952+0000] {logging_mixin.py:150} INFO - [2023-08-11T08:09:06.951+0000] {dag.py:2742} INFO - Sync 1 DAGs
[2023-08-11T08:09:06.972+0000] {logging_mixin.py:150} INFO - [2023-08-11T08:09:06.972+0000] {dag.py:3508} INFO - Setting next_dagrun for example_kubernetes_executor to None, run_after=None
[2023-08-11T08:09:06.991+0000] {processor.py:179} INFO - Processing /home/airflow/.local/lib/python3.7/site-packages/airflow/example_dags/example_kubernetes_executor.py took 0.362 seconds
[2023-08-11T08:09:37.043+0000] {processor.py:157} INFO - Started process (PID=2259) to work on /home/airflow/.local/lib/python3.7/site-packages/airflow/example_dags/example_kubernetes_executor.py
[2023-08-11T08:09:37.043+0000] {processor.py:826} INFO - Processing file /home/airflow/.local/lib/python3.7/site-packages/airflow/example_dags/example_kubernetes_executor.py for tasks to queue
[2023-08-11T08:09:37.044+0000] {logging_mixin.py:150} INFO - [2023-08-11T08:09:37.044+0000] {dagbag.py:541} INFO - Filling up the DagBag from /home/airflow/.local/lib/python3.7/site-packages/airflow/example_dags/example_kubernetes_executor.py
[2023-08-11T08:09:37.219+0000] {processor.py:836} INFO - DAG(s) dict_keys(['example_kubernetes_executor']) retrieved from /home/airflow/.local/lib/python3.7/site-packages/airflow/example_dags/example_kubernetes_executor.py
[2023-08-11T08:09:37.257+0000] {logging_mixin.py:150} INFO - [2023-08-11T08:09:37.257+0000] {dag.py:2742} INFO - Sync 1 DAGs
[2023-08-11T08:09:37.389+0000] {logging_mixin.py:150} INFO - [2023-08-11T08:09:37.389+0000] {dag.py:3508} INFO - Setting next_dagrun for example_kubernetes_executor to None, run_after=None
[2023-08-11T08:09:37.405+0000] {processor.py:179} INFO - Processing /home/airflow/.local/lib/python3.7/site-packages/airflow/example_dags/example_kubernetes_executor.py took 0.365 seconds
[2023-08-11T08:10:07.893+0000] {processor.py:157} INFO - Started process (PID=2323) to work on /home/airflow/.local/lib/python3.7/site-packages/airflow/example_dags/example_kubernetes_executor.py
[2023-08-11T08:10:07.896+0000] {processor.py:826} INFO - Processing file /home/airflow/.local/lib/python3.7/site-packages/airflow/example_dags/example_kubernetes_executor.py for tasks to queue
[2023-08-11T08:10:07.899+0000] {logging_mixin.py:150} INFO - [2023-08-11T08:10:07.898+0000] {dagbag.py:541} INFO - Filling up the DagBag from /home/airflow/.local/lib/python3.7/site-packages/airflow/example_dags/example_kubernetes_executor.py
[2023-08-11T08:10:08.246+0000] {processor.py:836} INFO - DAG(s) dict_keys(['example_kubernetes_executor']) retrieved from /home/airflow/.local/lib/python3.7/site-packages/airflow/example_dags/example_kubernetes_executor.py
[2023-08-11T08:10:08.319+0000] {logging_mixin.py:150} INFO - [2023-08-11T08:10:08.318+0000] {dag.py:2742} INFO - Sync 1 DAGs
[2023-08-11T08:10:08.361+0000] {logging_mixin.py:150} INFO - [2023-08-11T08:10:08.360+0000] {dag.py:3508} INFO - Setting next_dagrun for example_kubernetes_executor to None, run_after=None
[2023-08-11T08:10:08.409+0000] {processor.py:179} INFO - Processing /home/airflow/.local/lib/python3.7/site-packages/airflow/example_dags/example_kubernetes_executor.py took 0.520 seconds
[2023-08-11T08:10:38.575+0000] {processor.py:157} INFO - Started process (PID=2391) to work on /home/airflow/.local/lib/python3.7/site-packages/airflow/example_dags/example_kubernetes_executor.py
[2023-08-11T08:10:38.576+0000] {processor.py:826} INFO - Processing file /home/airflow/.local/lib/python3.7/site-packages/airflow/example_dags/example_kubernetes_executor.py for tasks to queue
[2023-08-11T08:10:38.577+0000] {logging_mixin.py:150} INFO - [2023-08-11T08:10:38.576+0000] {dagbag.py:541} INFO - Filling up the DagBag from /home/airflow/.local/lib/python3.7/site-packages/airflow/example_dags/example_kubernetes_executor.py
[2023-08-11T08:10:38.886+0000] {processor.py:836} INFO - DAG(s) dict_keys(['example_kubernetes_executor']) retrieved from /home/airflow/.local/lib/python3.7/site-packages/airflow/example_dags/example_kubernetes_executor.py
[2023-08-11T08:10:39.132+0000] {logging_mixin.py:150} INFO - [2023-08-11T08:10:39.131+0000] {dag.py:2742} INFO - Sync 1 DAGs
[2023-08-11T08:10:39.172+0000] {logging_mixin.py:150} INFO - [2023-08-11T08:10:39.171+0000] {dag.py:3508} INFO - Setting next_dagrun for example_kubernetes_executor to None, run_after=None
[2023-08-11T08:10:39.214+0000] {processor.py:179} INFO - Processing /home/airflow/.local/lib/python3.7/site-packages/airflow/example_dags/example_kubernetes_executor.py took 0.643 seconds
[2023-08-11T08:11:09.876+0000] {processor.py:157} INFO - Started process (PID=2459) to work on /home/airflow/.local/lib/python3.7/site-packages/airflow/example_dags/example_kubernetes_executor.py
[2023-08-11T08:11:09.878+0000] {processor.py:826} INFO - Processing file /home/airflow/.local/lib/python3.7/site-packages/airflow/example_dags/example_kubernetes_executor.py for tasks to queue
[2023-08-11T08:11:09.879+0000] {logging_mixin.py:150} INFO - [2023-08-11T08:11:09.879+0000] {dagbag.py:541} INFO - Filling up the DagBag from /home/airflow/.local/lib/python3.7/site-packages/airflow/example_dags/example_kubernetes_executor.py
[2023-08-11T08:11:10.045+0000] {processor.py:836} INFO - DAG(s) dict_keys(['example_kubernetes_executor']) retrieved from /home/airflow/.local/lib/python3.7/site-packages/airflow/example_dags/example_kubernetes_executor.py
[2023-08-11T08:11:10.194+0000] {logging_mixin.py:150} INFO - [2023-08-11T08:11:10.194+0000] {dag.py:2742} INFO - Sync 1 DAGs
[2023-08-11T08:11:10.216+0000] {logging_mixin.py:150} INFO - [2023-08-11T08:11:10.216+0000] {dag.py:3508} INFO - Setting next_dagrun for example_kubernetes_executor to None, run_after=None
[2023-08-11T08:11:10.237+0000] {processor.py:179} INFO - Processing /home/airflow/.local/lib/python3.7/site-packages/airflow/example_dags/example_kubernetes_executor.py took 0.364 seconds
[2023-08-11T08:11:40.584+0000] {processor.py:157} INFO - Started process (PID=2525) to work on /home/airflow/.local/lib/python3.7/site-packages/airflow/example_dags/example_kubernetes_executor.py
[2023-08-11T08:11:40.587+0000] {processor.py:826} INFO - Processing file /home/airflow/.local/lib/python3.7/site-packages/airflow/example_dags/example_kubernetes_executor.py for tasks to queue
[2023-08-11T08:11:40.588+0000] {logging_mixin.py:150} INFO - [2023-08-11T08:11:40.587+0000] {dagbag.py:541} INFO - Filling up the DagBag from /home/airflow/.local/lib/python3.7/site-packages/airflow/example_dags/example_kubernetes_executor.py
[2023-08-11T08:11:40.884+0000] {processor.py:836} INFO - DAG(s) dict_keys(['example_kubernetes_executor']) retrieved from /home/airflow/.local/lib/python3.7/site-packages/airflow/example_dags/example_kubernetes_executor.py
[2023-08-11T08:11:40.917+0000] {logging_mixin.py:150} INFO - [2023-08-11T08:11:40.916+0000] {dag.py:2742} INFO - Sync 1 DAGs
[2023-08-11T08:11:40.941+0000] {logging_mixin.py:150} INFO - [2023-08-11T08:11:40.941+0000] {dag.py:3508} INFO - Setting next_dagrun for example_kubernetes_executor to None, run_after=None
[2023-08-11T08:11:40.962+0000] {processor.py:179} INFO - Processing /home/airflow/.local/lib/python3.7/site-packages/airflow/example_dags/example_kubernetes_executor.py took 0.380 seconds
[2023-08-11T08:12:11.149+0000] {processor.py:157} INFO - Started process (PID=2591) to work on /home/airflow/.local/lib/python3.7/site-packages/airflow/example_dags/example_kubernetes_executor.py
[2023-08-11T08:12:11.151+0000] {processor.py:826} INFO - Processing file /home/airflow/.local/lib/python3.7/site-packages/airflow/example_dags/example_kubernetes_executor.py for tasks to queue
[2023-08-11T08:12:11.152+0000] {logging_mixin.py:150} INFO - [2023-08-11T08:12:11.152+0000] {dagbag.py:541} INFO - Filling up the DagBag from /home/airflow/.local/lib/python3.7/site-packages/airflow/example_dags/example_kubernetes_executor.py
[2023-08-11T08:12:11.330+0000] {processor.py:836} INFO - DAG(s) dict_keys(['example_kubernetes_executor']) retrieved from /home/airflow/.local/lib/python3.7/site-packages/airflow/example_dags/example_kubernetes_executor.py
[2023-08-11T08:12:11.490+0000] {logging_mixin.py:150} INFO - [2023-08-11T08:12:11.489+0000] {dag.py:2742} INFO - Sync 1 DAGs
[2023-08-11T08:12:11.511+0000] {logging_mixin.py:150} INFO - [2023-08-11T08:12:11.511+0000] {dag.py:3508} INFO - Setting next_dagrun for example_kubernetes_executor to None, run_after=None
[2023-08-11T08:12:11.531+0000] {processor.py:179} INFO - Processing /home/airflow/.local/lib/python3.7/site-packages/airflow/example_dags/example_kubernetes_executor.py took 0.385 seconds
[2023-08-11T08:12:41.585+0000] {processor.py:157} INFO - Started process (PID=2657) to work on /home/airflow/.local/lib/python3.7/site-packages/airflow/example_dags/example_kubernetes_executor.py
[2023-08-11T08:12:41.585+0000] {processor.py:826} INFO - Processing file /home/airflow/.local/lib/python3.7/site-packages/airflow/example_dags/example_kubernetes_executor.py for tasks to queue
[2023-08-11T08:12:41.586+0000] {logging_mixin.py:150} INFO - [2023-08-11T08:12:41.586+0000] {dagbag.py:541} INFO - Filling up the DagBag from /home/airflow/.local/lib/python3.7/site-packages/airflow/example_dags/example_kubernetes_executor.py
[2023-08-11T08:12:41.924+0000] {processor.py:836} INFO - DAG(s) dict_keys(['example_kubernetes_executor']) retrieved from /home/airflow/.local/lib/python3.7/site-packages/airflow/example_dags/example_kubernetes_executor.py
[2023-08-11T08:12:41.967+0000] {logging_mixin.py:150} INFO - [2023-08-11T08:12:41.967+0000] {dag.py:2742} INFO - Sync 1 DAGs
[2023-08-11T08:12:41.998+0000] {logging_mixin.py:150} INFO - [2023-08-11T08:12:41.998+0000] {dag.py:3508} INFO - Setting next_dagrun for example_kubernetes_executor to None, run_after=None
[2023-08-11T08:12:42.024+0000] {processor.py:179} INFO - Processing /home/airflow/.local/lib/python3.7/site-packages/airflow/example_dags/example_kubernetes_executor.py took 0.443 seconds
[2023-08-11T08:13:12.900+0000] {processor.py:157} INFO - Started process (PID=2726) to work on /home/airflow/.local/lib/python3.7/site-packages/airflow/example_dags/example_kubernetes_executor.py
[2023-08-11T08:13:12.902+0000] {processor.py:826} INFO - Processing file /home/airflow/.local/lib/python3.7/site-packages/airflow/example_dags/example_kubernetes_executor.py for tasks to queue
[2023-08-11T08:13:12.903+0000] {logging_mixin.py:150} INFO - [2023-08-11T08:13:12.902+0000] {dagbag.py:541} INFO - Filling up the DagBag from /home/airflow/.local/lib/python3.7/site-packages/airflow/example_dags/example_kubernetes_executor.py
[2023-08-11T08:13:13.265+0000] {processor.py:836} INFO - DAG(s) dict_keys(['example_kubernetes_executor']) retrieved from /home/airflow/.local/lib/python3.7/site-packages/airflow/example_dags/example_kubernetes_executor.py
[2023-08-11T08:13:13.308+0000] {logging_mixin.py:150} INFO - [2023-08-11T08:13:13.308+0000] {dag.py:2742} INFO - Sync 1 DAGs
[2023-08-11T08:13:13.332+0000] {logging_mixin.py:150} INFO - [2023-08-11T08:13:13.332+0000] {dag.py:3508} INFO - Setting next_dagrun for example_kubernetes_executor to None, run_after=None
[2023-08-11T08:13:13.359+0000] {processor.py:179} INFO - Processing /home/airflow/.local/lib/python3.7/site-packages/airflow/example_dags/example_kubernetes_executor.py took 0.462 seconds
[2023-08-11T08:13:43.994+0000] {processor.py:157} INFO - Started process (PID=2792) to work on /home/airflow/.local/lib/python3.7/site-packages/airflow/example_dags/example_kubernetes_executor.py
[2023-08-11T08:13:43.995+0000] {processor.py:826} INFO - Processing file /home/airflow/.local/lib/python3.7/site-packages/airflow/example_dags/example_kubernetes_executor.py for tasks to queue
[2023-08-11T08:13:43.995+0000] {logging_mixin.py:150} INFO - [2023-08-11T08:13:43.995+0000] {dagbag.py:541} INFO - Filling up the DagBag from /home/airflow/.local/lib/python3.7/site-packages/airflow/example_dags/example_kubernetes_executor.py
[2023-08-11T08:13:44.270+0000] {processor.py:836} INFO - DAG(s) dict_keys(['example_kubernetes_executor']) retrieved from /home/airflow/.local/lib/python3.7/site-packages/airflow/example_dags/example_kubernetes_executor.py
[2023-08-11T08:13:44.302+0000] {logging_mixin.py:150} INFO - [2023-08-11T08:13:44.302+0000] {dag.py:2742} INFO - Sync 1 DAGs
[2023-08-11T08:13:44.331+0000] {logging_mixin.py:150} INFO - [2023-08-11T08:13:44.331+0000] {dag.py:3508} INFO - Setting next_dagrun for example_kubernetes_executor to None, run_after=None
[2023-08-11T08:13:44.363+0000] {processor.py:179} INFO - Processing /home/airflow/.local/lib/python3.7/site-packages/airflow/example_dags/example_kubernetes_executor.py took 0.373 seconds
[2023-08-11T08:14:14.529+0000] {processor.py:157} INFO - Started process (PID=2861) to work on /home/airflow/.local/lib/python3.7/site-packages/airflow/example_dags/example_kubernetes_executor.py
[2023-08-11T08:14:14.533+0000] {processor.py:826} INFO - Processing file /home/airflow/.local/lib/python3.7/site-packages/airflow/example_dags/example_kubernetes_executor.py for tasks to queue
[2023-08-11T08:14:14.534+0000] {logging_mixin.py:150} INFO - [2023-08-11T08:14:14.534+0000] {dagbag.py:541} INFO - Filling up the DagBag from /home/airflow/.local/lib/python3.7/site-packages/airflow/example_dags/example_kubernetes_executor.py
[2023-08-11T08:14:14.703+0000] {processor.py:836} INFO - DAG(s) dict_keys(['example_kubernetes_executor']) retrieved from /home/airflow/.local/lib/python3.7/site-packages/airflow/example_dags/example_kubernetes_executor.py
[2023-08-11T08:14:14.854+0000] {logging_mixin.py:150} INFO - [2023-08-11T08:14:14.854+0000] {dag.py:2742} INFO - Sync 1 DAGs
[2023-08-11T08:14:14.875+0000] {logging_mixin.py:150} INFO - [2023-08-11T08:14:14.875+0000] {dag.py:3508} INFO - Setting next_dagrun for example_kubernetes_executor to None, run_after=None
[2023-08-11T08:14:14.903+0000] {processor.py:179} INFO - Processing /home/airflow/.local/lib/python3.7/site-packages/airflow/example_dags/example_kubernetes_executor.py took 0.379 seconds
[2023-08-11T08:14:45.500+0000] {processor.py:157} INFO - Started process (PID=2928) to work on /home/airflow/.local/lib/python3.7/site-packages/airflow/example_dags/example_kubernetes_executor.py
[2023-08-11T08:14:45.501+0000] {processor.py:826} INFO - Processing file /home/airflow/.local/lib/python3.7/site-packages/airflow/example_dags/example_kubernetes_executor.py for tasks to queue
[2023-08-11T08:14:45.502+0000] {logging_mixin.py:150} INFO - [2023-08-11T08:14:45.501+0000] {dagbag.py:541} INFO - Filling up the DagBag from /home/airflow/.local/lib/python3.7/site-packages/airflow/example_dags/example_kubernetes_executor.py
[2023-08-11T08:14:45.769+0000] {processor.py:836} INFO - DAG(s) dict_keys(['example_kubernetes_executor']) retrieved from /home/airflow/.local/lib/python3.7/site-packages/airflow/example_dags/example_kubernetes_executor.py
[2023-08-11T08:14:45.803+0000] {logging_mixin.py:150} INFO - [2023-08-11T08:14:45.803+0000] {dag.py:2742} INFO - Sync 1 DAGs
[2023-08-11T08:14:45.827+0000] {logging_mixin.py:150} INFO - [2023-08-11T08:14:45.826+0000] {dag.py:3508} INFO - Setting next_dagrun for example_kubernetes_executor to None, run_after=None
[2023-08-11T08:14:45.849+0000] {processor.py:179} INFO - Processing /home/airflow/.local/lib/python3.7/site-packages/airflow/example_dags/example_kubernetes_executor.py took 0.352 seconds
[2023-08-11T08:15:16.159+0000] {processor.py:157} INFO - Started process (PID=2994) to work on /home/airflow/.local/lib/python3.7/site-packages/airflow/example_dags/example_kubernetes_executor.py
[2023-08-11T08:15:16.160+0000] {processor.py:826} INFO - Processing file /home/airflow/.local/lib/python3.7/site-packages/airflow/example_dags/example_kubernetes_executor.py for tasks to queue
[2023-08-11T08:15:16.161+0000] {logging_mixin.py:150} INFO - [2023-08-11T08:15:16.161+0000] {dagbag.py:541} INFO - Filling up the DagBag from /home/airflow/.local/lib/python3.7/site-packages/airflow/example_dags/example_kubernetes_executor.py
[2023-08-11T08:15:16.532+0000] {processor.py:836} INFO - DAG(s) dict_keys(['example_kubernetes_executor']) retrieved from /home/airflow/.local/lib/python3.7/site-packages/airflow/example_dags/example_kubernetes_executor.py
[2023-08-11T08:15:16.568+0000] {logging_mixin.py:150} INFO - [2023-08-11T08:15:16.568+0000] {dag.py:2742} INFO - Sync 1 DAGs
[2023-08-11T08:15:16.592+0000] {logging_mixin.py:150} INFO - [2023-08-11T08:15:16.592+0000] {dag.py:3508} INFO - Setting next_dagrun for example_kubernetes_executor to None, run_after=None
[2023-08-11T08:15:16.614+0000] {processor.py:179} INFO - Processing /home/airflow/.local/lib/python3.7/site-packages/airflow/example_dags/example_kubernetes_executor.py took 0.457 seconds
[2023-08-11T08:15:47.484+0000] {processor.py:157} INFO - Started process (PID=3062) to work on /home/airflow/.local/lib/python3.7/site-packages/airflow/example_dags/example_kubernetes_executor.py
[2023-08-11T08:15:47.485+0000] {processor.py:826} INFO - Processing file /home/airflow/.local/lib/python3.7/site-packages/airflow/example_dags/example_kubernetes_executor.py for tasks to queue
[2023-08-11T08:15:47.485+0000] {logging_mixin.py:150} INFO - [2023-08-11T08:15:47.485+0000] {dagbag.py:541} INFO - Filling up the DagBag from /home/airflow/.local/lib/python3.7/site-packages/airflow/example_dags/example_kubernetes_executor.py
[2023-08-11T08:15:47.756+0000] {processor.py:836} INFO - DAG(s) dict_keys(['example_kubernetes_executor']) retrieved from /home/airflow/.local/lib/python3.7/site-packages/airflow/example_dags/example_kubernetes_executor.py
[2023-08-11T08:15:47.791+0000] {logging_mixin.py:150} INFO - [2023-08-11T08:15:47.791+0000] {dag.py:2742} INFO - Sync 1 DAGs
[2023-08-11T08:15:47.814+0000] {logging_mixin.py:150} INFO - [2023-08-11T08:15:47.814+0000] {dag.py:3508} INFO - Setting next_dagrun for example_kubernetes_executor to None, run_after=None
[2023-08-11T08:15:47.835+0000] {processor.py:179} INFO - Processing /home/airflow/.local/lib/python3.7/site-packages/airflow/example_dags/example_kubernetes_executor.py took 0.355 seconds
[2023-08-11T08:16:18.039+0000] {processor.py:157} INFO - Started process (PID=3130) to work on /home/airflow/.local/lib/python3.7/site-packages/airflow/example_dags/example_kubernetes_executor.py
[2023-08-11T08:16:18.041+0000] {processor.py:826} INFO - Processing file /home/airflow/.local/lib/python3.7/site-packages/airflow/example_dags/example_kubernetes_executor.py for tasks to queue
[2023-08-11T08:16:18.041+0000] {logging_mixin.py:150} INFO - [2023-08-11T08:16:18.041+0000] {dagbag.py:541} INFO - Filling up the DagBag from /home/airflow/.local/lib/python3.7/site-packages/airflow/example_dags/example_kubernetes_executor.py
[2023-08-11T08:16:18.725+0000] {processor.py:836} INFO - DAG(s) dict_keys(['example_kubernetes_executor']) retrieved from /home/airflow/.local/lib/python3.7/site-packages/airflow/example_dags/example_kubernetes_executor.py
[2023-08-11T08:16:18.804+0000] {logging_mixin.py:150} INFO - [2023-08-11T08:16:18.803+0000] {dag.py:2742} INFO - Sync 1 DAGs
[2023-08-11T08:16:18.870+0000] {logging_mixin.py:150} INFO - [2023-08-11T08:16:18.870+0000] {dag.py:3508} INFO - Setting next_dagrun for example_kubernetes_executor to None, run_after=None
[2023-08-11T08:16:18.920+0000] {processor.py:179} INFO - Processing /home/airflow/.local/lib/python3.7/site-packages/airflow/example_dags/example_kubernetes_executor.py took 0.885 seconds
[2023-08-11T08:16:49.691+0000] {processor.py:157} INFO - Started process (PID=3200) to work on /home/airflow/.local/lib/python3.7/site-packages/airflow/example_dags/example_kubernetes_executor.py
[2023-08-11T08:16:49.692+0000] {processor.py:826} INFO - Processing file /home/airflow/.local/lib/python3.7/site-packages/airflow/example_dags/example_kubernetes_executor.py for tasks to queue
[2023-08-11T08:16:49.693+0000] {logging_mixin.py:150} INFO - [2023-08-11T08:16:49.692+0000] {dagbag.py:541} INFO - Filling up the DagBag from /home/airflow/.local/lib/python3.7/site-packages/airflow/example_dags/example_kubernetes_executor.py
[2023-08-11T08:16:49.988+0000] {processor.py:836} INFO - DAG(s) dict_keys(['example_kubernetes_executor']) retrieved from /home/airflow/.local/lib/python3.7/site-packages/airflow/example_dags/example_kubernetes_executor.py
[2023-08-11T08:16:50.021+0000] {logging_mixin.py:150} INFO - [2023-08-11T08:16:50.020+0000] {dag.py:2742} INFO - Sync 1 DAGs
[2023-08-11T08:16:50.043+0000] {logging_mixin.py:150} INFO - [2023-08-11T08:16:50.042+0000] {dag.py:3508} INFO - Setting next_dagrun for example_kubernetes_executor to None, run_after=None
[2023-08-11T08:16:50.062+0000] {processor.py:179} INFO - Processing /home/airflow/.local/lib/python3.7/site-packages/airflow/example_dags/example_kubernetes_executor.py took 0.373 seconds
[2023-08-11T08:17:20.150+0000] {processor.py:157} INFO - Started process (PID=3278) to work on /home/airflow/.local/lib/python3.7/site-packages/airflow/example_dags/example_kubernetes_executor.py
[2023-08-11T08:17:20.174+0000] {processor.py:826} INFO - Processing file /home/airflow/.local/lib/python3.7/site-packages/airflow/example_dags/example_kubernetes_executor.py for tasks to queue
[2023-08-11T08:17:20.175+0000] {logging_mixin.py:150} INFO - [2023-08-11T08:17:20.175+0000] {dagbag.py:541} INFO - Filling up the DagBag from /home/airflow/.local/lib/python3.7/site-packages/airflow/example_dags/example_kubernetes_executor.py
[2023-08-11T08:17:20.759+0000] {processor.py:836} INFO - DAG(s) dict_keys(['example_kubernetes_executor']) retrieved from /home/airflow/.local/lib/python3.7/site-packages/airflow/example_dags/example_kubernetes_executor.py
[2023-08-11T08:17:20.823+0000] {logging_mixin.py:150} INFO - [2023-08-11T08:17:20.823+0000] {dag.py:2742} INFO - Sync 1 DAGs
[2023-08-11T08:17:20.879+0000] {logging_mixin.py:150} INFO - [2023-08-11T08:17:20.879+0000] {dag.py:3508} INFO - Setting next_dagrun for example_kubernetes_executor to None, run_after=None
[2023-08-11T08:17:20.927+0000] {processor.py:179} INFO - Processing /home/airflow/.local/lib/python3.7/site-packages/airflow/example_dags/example_kubernetes_executor.py took 0.782 seconds
[2023-08-11T08:17:51.830+0000] {processor.py:157} INFO - Started process (PID=3371) to work on /home/airflow/.local/lib/python3.7/site-packages/airflow/example_dags/example_kubernetes_executor.py
[2023-08-11T08:17:51.831+0000] {processor.py:826} INFO - Processing file /home/airflow/.local/lib/python3.7/site-packages/airflow/example_dags/example_kubernetes_executor.py for tasks to queue
[2023-08-11T08:17:51.832+0000] {logging_mixin.py:150} INFO - [2023-08-11T08:17:51.832+0000] {dagbag.py:541} INFO - Filling up the DagBag from /home/airflow/.local/lib/python3.7/site-packages/airflow/example_dags/example_kubernetes_executor.py
[2023-08-11T08:17:52.245+0000] {processor.py:836} INFO - DAG(s) dict_keys(['example_kubernetes_executor']) retrieved from /home/airflow/.local/lib/python3.7/site-packages/airflow/example_dags/example_kubernetes_executor.py
[2023-08-11T08:17:52.329+0000] {logging_mixin.py:150} INFO - [2023-08-11T08:17:52.329+0000] {dag.py:2742} INFO - Sync 1 DAGs
[2023-08-11T08:17:52.358+0000] {logging_mixin.py:150} INFO - [2023-08-11T08:17:52.357+0000] {dag.py:3508} INFO - Setting next_dagrun for example_kubernetes_executor to None, run_after=None
[2023-08-11T08:17:52.385+0000] {processor.py:179} INFO - Processing /home/airflow/.local/lib/python3.7/site-packages/airflow/example_dags/example_kubernetes_executor.py took 0.559 seconds
[2023-08-11T08:18:22.545+0000] {processor.py:157} INFO - Started process (PID=3449) to work on /home/airflow/.local/lib/python3.7/site-packages/airflow/example_dags/example_kubernetes_executor.py
[2023-08-11T08:18:22.546+0000] {processor.py:826} INFO - Processing file /home/airflow/.local/lib/python3.7/site-packages/airflow/example_dags/example_kubernetes_executor.py for tasks to queue
[2023-08-11T08:18:22.547+0000] {logging_mixin.py:150} INFO - [2023-08-11T08:18:22.547+0000] {dagbag.py:541} INFO - Filling up the DagBag from /home/airflow/.local/lib/python3.7/site-packages/airflow/example_dags/example_kubernetes_executor.py
[2023-08-11T08:18:22.973+0000] {processor.py:836} INFO - DAG(s) dict_keys(['example_kubernetes_executor']) retrieved from /home/airflow/.local/lib/python3.7/site-packages/airflow/example_dags/example_kubernetes_executor.py
[2023-08-11T08:18:23.036+0000] {logging_mixin.py:150} INFO - [2023-08-11T08:18:23.036+0000] {dag.py:2742} INFO - Sync 1 DAGs
[2023-08-11T08:18:23.086+0000] {logging_mixin.py:150} INFO - [2023-08-11T08:18:23.085+0000] {dag.py:3508} INFO - Setting next_dagrun for example_kubernetes_executor to None, run_after=None
[2023-08-11T08:18:23.129+0000] {processor.py:179} INFO - Processing /home/airflow/.local/lib/python3.7/site-packages/airflow/example_dags/example_kubernetes_executor.py took 0.588 seconds
[2023-08-11T08:18:53.460+0000] {processor.py:157} INFO - Started process (PID=3536) to work on /home/airflow/.local/lib/python3.7/site-packages/airflow/example_dags/example_kubernetes_executor.py
[2023-08-11T08:18:53.462+0000] {processor.py:826} INFO - Processing file /home/airflow/.local/lib/python3.7/site-packages/airflow/example_dags/example_kubernetes_executor.py for tasks to queue
[2023-08-11T08:18:53.464+0000] {logging_mixin.py:150} INFO - [2023-08-11T08:18:53.463+0000] {dagbag.py:541} INFO - Filling up the DagBag from /home/airflow/.local/lib/python3.7/site-packages/airflow/example_dags/example_kubernetes_executor.py
[2023-08-11T08:18:54.493+0000] {processor.py:836} INFO - DAG(s) dict_keys(['example_kubernetes_executor']) retrieved from /home/airflow/.local/lib/python3.7/site-packages/airflow/example_dags/example_kubernetes_executor.py
[2023-08-11T08:18:54.557+0000] {logging_mixin.py:150} INFO - [2023-08-11T08:18:54.557+0000] {dag.py:2742} INFO - Sync 1 DAGs
[2023-08-11T08:18:54.598+0000] {logging_mixin.py:150} INFO - [2023-08-11T08:18:54.597+0000] {dag.py:3508} INFO - Setting next_dagrun for example_kubernetes_executor to None, run_after=None
[2023-08-11T08:18:54.633+0000] {processor.py:179} INFO - Processing /home/airflow/.local/lib/python3.7/site-packages/airflow/example_dags/example_kubernetes_executor.py took 1.178 seconds
[2023-08-11T08:19:25.460+0000] {processor.py:157} INFO - Started process (PID=3617) to work on /home/airflow/.local/lib/python3.7/site-packages/airflow/example_dags/example_kubernetes_executor.py
[2023-08-11T08:19:25.462+0000] {processor.py:826} INFO - Processing file /home/airflow/.local/lib/python3.7/site-packages/airflow/example_dags/example_kubernetes_executor.py for tasks to queue
[2023-08-11T08:19:25.463+0000] {logging_mixin.py:150} INFO - [2023-08-11T08:19:25.463+0000] {dagbag.py:541} INFO - Filling up the DagBag from /home/airflow/.local/lib/python3.7/site-packages/airflow/example_dags/example_kubernetes_executor.py
[2023-08-11T08:19:25.735+0000] {processor.py:836} INFO - DAG(s) dict_keys(['example_kubernetes_executor']) retrieved from /home/airflow/.local/lib/python3.7/site-packages/airflow/example_dags/example_kubernetes_executor.py
[2023-08-11T08:19:25.769+0000] {logging_mixin.py:150} INFO - [2023-08-11T08:19:25.768+0000] {dag.py:2742} INFO - Sync 1 DAGs
[2023-08-11T08:19:25.792+0000] {logging_mixin.py:150} INFO - [2023-08-11T08:19:25.791+0000] {dag.py:3508} INFO - Setting next_dagrun for example_kubernetes_executor to None, run_after=None
[2023-08-11T08:19:25.811+0000] {processor.py:179} INFO - Processing /home/airflow/.local/lib/python3.7/site-packages/airflow/example_dags/example_kubernetes_executor.py took 0.355 seconds
[2023-08-11T08:19:55.875+0000] {processor.py:157} INFO - Started process (PID=3698) to work on /home/airflow/.local/lib/python3.7/site-packages/airflow/example_dags/example_kubernetes_executor.py
[2023-08-11T08:19:55.876+0000] {processor.py:826} INFO - Processing file /home/airflow/.local/lib/python3.7/site-packages/airflow/example_dags/example_kubernetes_executor.py for tasks to queue
[2023-08-11T08:19:55.876+0000] {logging_mixin.py:150} INFO - [2023-08-11T08:19:55.876+0000] {dagbag.py:541} INFO - Filling up the DagBag from /home/airflow/.local/lib/python3.7/site-packages/airflow/example_dags/example_kubernetes_executor.py
[2023-08-11T08:19:56.156+0000] {processor.py:836} INFO - DAG(s) dict_keys(['example_kubernetes_executor']) retrieved from /home/airflow/.local/lib/python3.7/site-packages/airflow/example_dags/example_kubernetes_executor.py
[2023-08-11T08:19:56.195+0000] {logging_mixin.py:150} INFO - [2023-08-11T08:19:56.194+0000] {dag.py:2742} INFO - Sync 1 DAGs
[2023-08-11T08:19:56.217+0000] {logging_mixin.py:150} INFO - [2023-08-11T08:19:56.217+0000] {dag.py:3508} INFO - Setting next_dagrun for example_kubernetes_executor to None, run_after=None
[2023-08-11T08:19:56.238+0000] {processor.py:179} INFO - Processing /home/airflow/.local/lib/python3.7/site-packages/airflow/example_dags/example_kubernetes_executor.py took 0.367 seconds
[2023-08-11T08:20:26.367+0000] {processor.py:157} INFO - Started process (PID=3784) to work on /home/airflow/.local/lib/python3.7/site-packages/airflow/example_dags/example_kubernetes_executor.py
[2023-08-11T08:20:26.368+0000] {processor.py:826} INFO - Processing file /home/airflow/.local/lib/python3.7/site-packages/airflow/example_dags/example_kubernetes_executor.py for tasks to queue
[2023-08-11T08:20:26.369+0000] {logging_mixin.py:150} INFO - [2023-08-11T08:20:26.369+0000] {dagbag.py:541} INFO - Filling up the DagBag from /home/airflow/.local/lib/python3.7/site-packages/airflow/example_dags/example_kubernetes_executor.py
[2023-08-11T08:20:26.749+0000] {processor.py:836} INFO - DAG(s) dict_keys(['example_kubernetes_executor']) retrieved from /home/airflow/.local/lib/python3.7/site-packages/airflow/example_dags/example_kubernetes_executor.py
[2023-08-11T08:20:26.792+0000] {logging_mixin.py:150} INFO - [2023-08-11T08:20:26.792+0000] {dag.py:2742} INFO - Sync 1 DAGs
[2023-08-11T08:20:26.824+0000] {logging_mixin.py:150} INFO - [2023-08-11T08:20:26.823+0000] {dag.py:3508} INFO - Setting next_dagrun for example_kubernetes_executor to None, run_after=None
[2023-08-11T08:20:26.852+0000] {processor.py:179} INFO - Processing /home/airflow/.local/lib/python3.7/site-packages/airflow/example_dags/example_kubernetes_executor.py took 0.489 seconds
[2023-08-11T08:20:57.256+0000] {processor.py:157} INFO - Started process (PID=3876) to work on /home/airflow/.local/lib/python3.7/site-packages/airflow/example_dags/example_kubernetes_executor.py
[2023-08-11T08:20:57.257+0000] {processor.py:826} INFO - Processing file /home/airflow/.local/lib/python3.7/site-packages/airflow/example_dags/example_kubernetes_executor.py for tasks to queue
[2023-08-11T08:20:57.258+0000] {logging_mixin.py:150} INFO - [2023-08-11T08:20:57.258+0000] {dagbag.py:541} INFO - Filling up the DagBag from /home/airflow/.local/lib/python3.7/site-packages/airflow/example_dags/example_kubernetes_executor.py
[2023-08-11T08:20:57.617+0000] {processor.py:836} INFO - DAG(s) dict_keys(['example_kubernetes_executor']) retrieved from /home/airflow/.local/lib/python3.7/site-packages/airflow/example_dags/example_kubernetes_executor.py
[2023-08-11T08:20:57.655+0000] {logging_mixin.py:150} INFO - [2023-08-11T08:20:57.655+0000] {dag.py:2742} INFO - Sync 1 DAGs
[2023-08-11T08:20:57.686+0000] {logging_mixin.py:150} INFO - [2023-08-11T08:20:57.685+0000] {dag.py:3508} INFO - Setting next_dagrun for example_kubernetes_executor to None, run_after=None
[2023-08-11T08:20:57.708+0000] {processor.py:179} INFO - Processing /home/airflow/.local/lib/python3.7/site-packages/airflow/example_dags/example_kubernetes_executor.py took 0.455 seconds
[2023-08-11T08:21:28.284+0000] {processor.py:157} INFO - Started process (PID=3967) to work on /home/airflow/.local/lib/python3.7/site-packages/airflow/example_dags/example_kubernetes_executor.py
[2023-08-11T08:21:28.285+0000] {processor.py:826} INFO - Processing file /home/airflow/.local/lib/python3.7/site-packages/airflow/example_dags/example_kubernetes_executor.py for tasks to queue
[2023-08-11T08:21:28.286+0000] {logging_mixin.py:150} INFO - [2023-08-11T08:21:28.286+0000] {dagbag.py:541} INFO - Filling up the DagBag from /home/airflow/.local/lib/python3.7/site-packages/airflow/example_dags/example_kubernetes_executor.py
[2023-08-11T08:21:28.566+0000] {processor.py:836} INFO - DAG(s) dict_keys(['example_kubernetes_executor']) retrieved from /home/airflow/.local/lib/python3.7/site-packages/airflow/example_dags/example_kubernetes_executor.py
[2023-08-11T08:21:28.594+0000] {logging_mixin.py:150} INFO - [2023-08-11T08:21:28.593+0000] {dag.py:2742} INFO - Sync 1 DAGs
[2023-08-11T08:21:28.614+0000] {logging_mixin.py:150} INFO - [2023-08-11T08:21:28.614+0000] {dag.py:3508} INFO - Setting next_dagrun for example_kubernetes_executor to None, run_after=None
[2023-08-11T08:21:28.634+0000] {processor.py:179} INFO - Processing /home/airflow/.local/lib/python3.7/site-packages/airflow/example_dags/example_kubernetes_executor.py took 0.353 seconds
[2023-08-11T08:21:58.790+0000] {processor.py:157} INFO - Started process (PID=4058) to work on /home/airflow/.local/lib/python3.7/site-packages/airflow/example_dags/example_kubernetes_executor.py
[2023-08-11T08:21:58.791+0000] {processor.py:826} INFO - Processing file /home/airflow/.local/lib/python3.7/site-packages/airflow/example_dags/example_kubernetes_executor.py for tasks to queue
[2023-08-11T08:21:58.792+0000] {logging_mixin.py:150} INFO - [2023-08-11T08:21:58.791+0000] {dagbag.py:541} INFO - Filling up the DagBag from /home/airflow/.local/lib/python3.7/site-packages/airflow/example_dags/example_kubernetes_executor.py
[2023-08-11T08:21:59.140+0000] {processor.py:836} INFO - DAG(s) dict_keys(['example_kubernetes_executor']) retrieved from /home/airflow/.local/lib/python3.7/site-packages/airflow/example_dags/example_kubernetes_executor.py
[2023-08-11T08:21:59.179+0000] {logging_mixin.py:150} INFO - [2023-08-11T08:21:59.179+0000] {dag.py:2742} INFO - Sync 1 DAGs
[2023-08-11T08:21:59.216+0000] {logging_mixin.py:150} INFO - [2023-08-11T08:21:59.216+0000] {dag.py:3508} INFO - Setting next_dagrun for example_kubernetes_executor to None, run_after=None
[2023-08-11T08:21:59.243+0000] {processor.py:179} INFO - Processing /home/airflow/.local/lib/python3.7/site-packages/airflow/example_dags/example_kubernetes_executor.py took 0.457 seconds
