[2023-08-11T07:52:42.497+0000] {processor.py:157} INFO - Started process (PID=34) to work on /home/airflow/.local/lib/python3.7/site-packages/airflow/example_dags/example_short_circuit_operator.py
[2023-08-11T07:52:42.499+0000] {processor.py:826} INFO - Processing file /home/airflow/.local/lib/python3.7/site-packages/airflow/example_dags/example_short_circuit_operator.py for tasks to queue
[2023-08-11T07:52:42.501+0000] {logging_mixin.py:150} INFO - [2023-08-11T07:52:42.500+0000] {dagbag.py:541} INFO - Filling up the DagBag from /home/airflow/.local/lib/python3.7/site-packages/airflow/example_dags/example_short_circuit_operator.py
[2023-08-11T07:52:42.523+0000] {processor.py:836} INFO - DAG(s) dict_keys(['example_short_circuit_operator']) retrieved from /home/airflow/.local/lib/python3.7/site-packages/airflow/example_dags/example_short_circuit_operator.py
[2023-08-11T07:52:42.547+0000] {logging_mixin.py:150} INFO - [2023-08-11T07:52:42.547+0000] {dag.py:2742} INFO - Sync 1 DAGs
[2023-08-11T07:52:42.590+0000] {logging_mixin.py:150} INFO - [2023-08-11T07:52:42.590+0000] {dag.py:3508} INFO - Setting next_dagrun for example_short_circuit_operator to 2023-08-10T07:52:42.588695+00:00, run_after=2023-08-11T07:52:42.588695+00:00
[2023-08-11T07:52:42.627+0000] {processor.py:179} INFO - Processing /home/airflow/.local/lib/python3.7/site-packages/airflow/example_dags/example_short_circuit_operator.py took 0.134 seconds
[2023-08-11T07:53:14.076+0000] {processor.py:157} INFO - Started process (PID=99) to work on /home/airflow/.local/lib/python3.7/site-packages/airflow/example_dags/example_short_circuit_operator.py
[2023-08-11T07:53:14.078+0000] {processor.py:826} INFO - Processing file /home/airflow/.local/lib/python3.7/site-packages/airflow/example_dags/example_short_circuit_operator.py for tasks to queue
[2023-08-11T07:53:14.079+0000] {logging_mixin.py:150} INFO - [2023-08-11T07:53:14.078+0000] {dagbag.py:541} INFO - Filling up the DagBag from /home/airflow/.local/lib/python3.7/site-packages/airflow/example_dags/example_short_circuit_operator.py
[2023-08-11T07:53:14.103+0000] {processor.py:836} INFO - DAG(s) dict_keys(['example_short_circuit_operator']) retrieved from /home/airflow/.local/lib/python3.7/site-packages/airflow/example_dags/example_short_circuit_operator.py
[2023-08-11T07:53:14.246+0000] {logging_mixin.py:150} INFO - [2023-08-11T07:53:14.245+0000] {dag.py:2742} INFO - Sync 1 DAGs
[2023-08-11T07:53:14.295+0000] {logging_mixin.py:150} INFO - [2023-08-11T07:53:14.295+0000] {dag.py:3508} INFO - Setting next_dagrun for example_short_circuit_operator to 2023-08-10T07:53:14.295205+00:00, run_after=2023-08-11T07:53:14.295205+00:00
[2023-08-11T07:53:14.334+0000] {processor.py:179} INFO - Processing /home/airflow/.local/lib/python3.7/site-packages/airflow/example_dags/example_short_circuit_operator.py took 0.265 seconds
[2023-08-11T07:53:44.897+0000] {processor.py:157} INFO - Started process (PID=164) to work on /home/airflow/.local/lib/python3.7/site-packages/airflow/example_dags/example_short_circuit_operator.py
[2023-08-11T07:53:44.898+0000] {processor.py:826} INFO - Processing file /home/airflow/.local/lib/python3.7/site-packages/airflow/example_dags/example_short_circuit_operator.py for tasks to queue
[2023-08-11T07:53:44.899+0000] {logging_mixin.py:150} INFO - [2023-08-11T07:53:44.899+0000] {dagbag.py:541} INFO - Filling up the DagBag from /home/airflow/.local/lib/python3.7/site-packages/airflow/example_dags/example_short_circuit_operator.py
[2023-08-11T07:53:44.907+0000] {processor.py:836} INFO - DAG(s) dict_keys(['example_short_circuit_operator']) retrieved from /home/airflow/.local/lib/python3.7/site-packages/airflow/example_dags/example_short_circuit_operator.py
[2023-08-11T07:53:44.945+0000] {logging_mixin.py:150} INFO - [2023-08-11T07:53:44.945+0000] {dag.py:2742} INFO - Sync 1 DAGs
[2023-08-11T07:53:44.973+0000] {logging_mixin.py:150} INFO - [2023-08-11T07:53:44.973+0000] {dag.py:3508} INFO - Setting next_dagrun for example_short_circuit_operator to 2023-08-10T07:53:44.972818+00:00, run_after=2023-08-11T07:53:44.972818+00:00
[2023-08-11T07:53:44.999+0000] {processor.py:179} INFO - Processing /home/airflow/.local/lib/python3.7/site-packages/airflow/example_dags/example_short_circuit_operator.py took 0.104 seconds
[2023-08-11T07:54:15.465+0000] {processor.py:157} INFO - Started process (PID=229) to work on /home/airflow/.local/lib/python3.7/site-packages/airflow/example_dags/example_short_circuit_operator.py
[2023-08-11T07:54:15.466+0000] {processor.py:826} INFO - Processing file /home/airflow/.local/lib/python3.7/site-packages/airflow/example_dags/example_short_circuit_operator.py for tasks to queue
[2023-08-11T07:54:15.467+0000] {logging_mixin.py:150} INFO - [2023-08-11T07:54:15.467+0000] {dagbag.py:541} INFO - Filling up the DagBag from /home/airflow/.local/lib/python3.7/site-packages/airflow/example_dags/example_short_circuit_operator.py
[2023-08-11T07:54:15.477+0000] {processor.py:836} INFO - DAG(s) dict_keys(['example_short_circuit_operator']) retrieved from /home/airflow/.local/lib/python3.7/site-packages/airflow/example_dags/example_short_circuit_operator.py
[2023-08-11T07:54:15.510+0000] {logging_mixin.py:150} INFO - [2023-08-11T07:54:15.510+0000] {dag.py:2742} INFO - Sync 1 DAGs
[2023-08-11T07:54:15.537+0000] {logging_mixin.py:150} INFO - [2023-08-11T07:54:15.536+0000] {dag.py:3508} INFO - Setting next_dagrun for example_short_circuit_operator to 2023-08-10T07:54:15.536411+00:00, run_after=2023-08-11T07:54:15.536411+00:00
[2023-08-11T07:54:15.565+0000] {processor.py:179} INFO - Processing /home/airflow/.local/lib/python3.7/site-packages/airflow/example_dags/example_short_circuit_operator.py took 0.103 seconds
[2023-08-11T07:54:46.240+0000] {processor.py:157} INFO - Started process (PID=294) to work on /home/airflow/.local/lib/python3.7/site-packages/airflow/example_dags/example_short_circuit_operator.py
[2023-08-11T07:54:46.245+0000] {processor.py:826} INFO - Processing file /home/airflow/.local/lib/python3.7/site-packages/airflow/example_dags/example_short_circuit_operator.py for tasks to queue
[2023-08-11T07:54:46.248+0000] {logging_mixin.py:150} INFO - [2023-08-11T07:54:46.247+0000] {dagbag.py:541} INFO - Filling up the DagBag from /home/airflow/.local/lib/python3.7/site-packages/airflow/example_dags/example_short_circuit_operator.py
[2023-08-11T07:54:46.264+0000] {processor.py:836} INFO - DAG(s) dict_keys(['example_short_circuit_operator']) retrieved from /home/airflow/.local/lib/python3.7/site-packages/airflow/example_dags/example_short_circuit_operator.py
[2023-08-11T07:54:46.320+0000] {logging_mixin.py:150} INFO - [2023-08-11T07:54:46.320+0000] {dag.py:2742} INFO - Sync 1 DAGs
[2023-08-11T07:54:46.376+0000] {logging_mixin.py:150} INFO - [2023-08-11T07:54:46.376+0000] {dag.py:3508} INFO - Setting next_dagrun for example_short_circuit_operator to 2023-08-10T07:54:46.375871+00:00, run_after=2023-08-11T07:54:46.375871+00:00
[2023-08-11T07:54:46.417+0000] {processor.py:179} INFO - Processing /home/airflow/.local/lib/python3.7/site-packages/airflow/example_dags/example_short_circuit_operator.py took 0.185 seconds
[2023-08-11T07:55:16.643+0000] {processor.py:157} INFO - Started process (PID=360) to work on /home/airflow/.local/lib/python3.7/site-packages/airflow/example_dags/example_short_circuit_operator.py
[2023-08-11T07:55:16.645+0000] {processor.py:826} INFO - Processing file /home/airflow/.local/lib/python3.7/site-packages/airflow/example_dags/example_short_circuit_operator.py for tasks to queue
[2023-08-11T07:55:16.646+0000] {logging_mixin.py:150} INFO - [2023-08-11T07:55:16.645+0000] {dagbag.py:541} INFO - Filling up the DagBag from /home/airflow/.local/lib/python3.7/site-packages/airflow/example_dags/example_short_circuit_operator.py
[2023-08-11T07:55:16.653+0000] {processor.py:836} INFO - DAG(s) dict_keys(['example_short_circuit_operator']) retrieved from /home/airflow/.local/lib/python3.7/site-packages/airflow/example_dags/example_short_circuit_operator.py
[2023-08-11T07:55:16.687+0000] {logging_mixin.py:150} INFO - [2023-08-11T07:55:16.687+0000] {dag.py:2742} INFO - Sync 1 DAGs
[2023-08-11T07:55:16.716+0000] {logging_mixin.py:150} INFO - [2023-08-11T07:55:16.716+0000] {dag.py:3508} INFO - Setting next_dagrun for example_short_circuit_operator to 2023-08-10T07:55:16.716287+00:00, run_after=2023-08-11T07:55:16.716287+00:00
[2023-08-11T07:55:16.742+0000] {processor.py:179} INFO - Processing /home/airflow/.local/lib/python3.7/site-packages/airflow/example_dags/example_short_circuit_operator.py took 0.104 seconds
[2023-08-11T07:55:47.382+0000] {processor.py:157} INFO - Started process (PID=425) to work on /home/airflow/.local/lib/python3.7/site-packages/airflow/example_dags/example_short_circuit_operator.py
[2023-08-11T07:55:47.383+0000] {processor.py:826} INFO - Processing file /home/airflow/.local/lib/python3.7/site-packages/airflow/example_dags/example_short_circuit_operator.py for tasks to queue
[2023-08-11T07:55:47.384+0000] {logging_mixin.py:150} INFO - [2023-08-11T07:55:47.383+0000] {dagbag.py:541} INFO - Filling up the DagBag from /home/airflow/.local/lib/python3.7/site-packages/airflow/example_dags/example_short_circuit_operator.py
[2023-08-11T07:55:47.391+0000] {processor.py:836} INFO - DAG(s) dict_keys(['example_short_circuit_operator']) retrieved from /home/airflow/.local/lib/python3.7/site-packages/airflow/example_dags/example_short_circuit_operator.py
[2023-08-11T07:55:47.422+0000] {logging_mixin.py:150} INFO - [2023-08-11T07:55:47.422+0000] {dag.py:2742} INFO - Sync 1 DAGs
[2023-08-11T07:55:47.447+0000] {logging_mixin.py:150} INFO - [2023-08-11T07:55:47.447+0000] {dag.py:3508} INFO - Setting next_dagrun for example_short_circuit_operator to 2023-08-10T07:55:47.447396+00:00, run_after=2023-08-11T07:55:47.447396+00:00
[2023-08-11T07:55:47.468+0000] {processor.py:179} INFO - Processing /home/airflow/.local/lib/python3.7/site-packages/airflow/example_dags/example_short_circuit_operator.py took 0.103 seconds
[2023-08-11T07:56:17.745+0000] {processor.py:157} INFO - Started process (PID=490) to work on /home/airflow/.local/lib/python3.7/site-packages/airflow/example_dags/example_short_circuit_operator.py
[2023-08-11T07:56:17.747+0000] {processor.py:826} INFO - Processing file /home/airflow/.local/lib/python3.7/site-packages/airflow/example_dags/example_short_circuit_operator.py for tasks to queue
[2023-08-11T07:56:17.748+0000] {logging_mixin.py:150} INFO - [2023-08-11T07:56:17.747+0000] {dagbag.py:541} INFO - Filling up the DagBag from /home/airflow/.local/lib/python3.7/site-packages/airflow/example_dags/example_short_circuit_operator.py
[2023-08-11T07:56:17.757+0000] {processor.py:836} INFO - DAG(s) dict_keys(['example_short_circuit_operator']) retrieved from /home/airflow/.local/lib/python3.7/site-packages/airflow/example_dags/example_short_circuit_operator.py
[2023-08-11T07:56:17.810+0000] {logging_mixin.py:150} INFO - [2023-08-11T07:56:17.808+0000] {dag.py:2742} INFO - Sync 1 DAGs
[2023-08-11T07:56:17.899+0000] {logging_mixin.py:150} INFO - [2023-08-11T07:56:17.898+0000] {dag.py:3508} INFO - Setting next_dagrun for example_short_circuit_operator to 2023-08-10T07:56:17.898324+00:00, run_after=2023-08-11T07:56:17.898324+00:00
[2023-08-11T07:56:17.956+0000] {processor.py:179} INFO - Processing /home/airflow/.local/lib/python3.7/site-packages/airflow/example_dags/example_short_circuit_operator.py took 0.215 seconds
[2023-08-11T07:56:48.187+0000] {processor.py:157} INFO - Started process (PID=555) to work on /home/airflow/.local/lib/python3.7/site-packages/airflow/example_dags/example_short_circuit_operator.py
[2023-08-11T07:56:48.189+0000] {processor.py:826} INFO - Processing file /home/airflow/.local/lib/python3.7/site-packages/airflow/example_dags/example_short_circuit_operator.py for tasks to queue
[2023-08-11T07:56:48.190+0000] {logging_mixin.py:150} INFO - [2023-08-11T07:56:48.190+0000] {dagbag.py:541} INFO - Filling up the DagBag from /home/airflow/.local/lib/python3.7/site-packages/airflow/example_dags/example_short_circuit_operator.py
[2023-08-11T07:56:48.205+0000] {processor.py:836} INFO - DAG(s) dict_keys(['example_short_circuit_operator']) retrieved from /home/airflow/.local/lib/python3.7/site-packages/airflow/example_dags/example_short_circuit_operator.py
[2023-08-11T07:56:48.255+0000] {logging_mixin.py:150} INFO - [2023-08-11T07:56:48.254+0000] {dag.py:2742} INFO - Sync 1 DAGs
[2023-08-11T07:56:48.312+0000] {logging_mixin.py:150} INFO - [2023-08-11T07:56:48.311+0000] {dag.py:3508} INFO - Setting next_dagrun for example_short_circuit_operator to 2023-08-10T07:56:48.311172+00:00, run_after=2023-08-11T07:56:48.311172+00:00
[2023-08-11T07:56:48.345+0000] {processor.py:179} INFO - Processing /home/airflow/.local/lib/python3.7/site-packages/airflow/example_dags/example_short_circuit_operator.py took 0.162 seconds
[2023-08-11T07:57:18.589+0000] {processor.py:157} INFO - Started process (PID=620) to work on /home/airflow/.local/lib/python3.7/site-packages/airflow/example_dags/example_short_circuit_operator.py
[2023-08-11T07:57:18.591+0000] {processor.py:826} INFO - Processing file /home/airflow/.local/lib/python3.7/site-packages/airflow/example_dags/example_short_circuit_operator.py for tasks to queue
[2023-08-11T07:57:18.591+0000] {logging_mixin.py:150} INFO - [2023-08-11T07:57:18.591+0000] {dagbag.py:541} INFO - Filling up the DagBag from /home/airflow/.local/lib/python3.7/site-packages/airflow/example_dags/example_short_circuit_operator.py
[2023-08-11T07:57:18.603+0000] {processor.py:836} INFO - DAG(s) dict_keys(['example_short_circuit_operator']) retrieved from /home/airflow/.local/lib/python3.7/site-packages/airflow/example_dags/example_short_circuit_operator.py
[2023-08-11T07:57:18.637+0000] {logging_mixin.py:150} INFO - [2023-08-11T07:57:18.637+0000] {dag.py:2742} INFO - Sync 1 DAGs
[2023-08-11T07:57:18.677+0000] {logging_mixin.py:150} INFO - [2023-08-11T07:57:18.677+0000] {dag.py:3508} INFO - Setting next_dagrun for example_short_circuit_operator to 2023-08-10T07:57:18.677479+00:00, run_after=2023-08-11T07:57:18.677479+00:00
[2023-08-11T07:57:18.710+0000] {processor.py:179} INFO - Processing /home/airflow/.local/lib/python3.7/site-packages/airflow/example_dags/example_short_circuit_operator.py took 0.125 seconds
[2023-08-11T07:57:49.620+0000] {processor.py:157} INFO - Started process (PID=686) to work on /home/airflow/.local/lib/python3.7/site-packages/airflow/example_dags/example_short_circuit_operator.py
[2023-08-11T07:57:49.620+0000] {processor.py:826} INFO - Processing file /home/airflow/.local/lib/python3.7/site-packages/airflow/example_dags/example_short_circuit_operator.py for tasks to queue
[2023-08-11T07:57:49.621+0000] {logging_mixin.py:150} INFO - [2023-08-11T07:57:49.621+0000] {dagbag.py:541} INFO - Filling up the DagBag from /home/airflow/.local/lib/python3.7/site-packages/airflow/example_dags/example_short_circuit_operator.py
[2023-08-11T07:57:49.628+0000] {processor.py:836} INFO - DAG(s) dict_keys(['example_short_circuit_operator']) retrieved from /home/airflow/.local/lib/python3.7/site-packages/airflow/example_dags/example_short_circuit_operator.py
[2023-08-11T07:57:49.657+0000] {logging_mixin.py:150} INFO - [2023-08-11T07:57:49.657+0000] {dag.py:2742} INFO - Sync 1 DAGs
[2023-08-11T07:57:49.687+0000] {logging_mixin.py:150} INFO - [2023-08-11T07:57:49.687+0000] {dag.py:3508} INFO - Setting next_dagrun for example_short_circuit_operator to 2023-08-10T07:57:49.687028+00:00, run_after=2023-08-11T07:57:49.687028+00:00
[2023-08-11T07:57:49.709+0000] {processor.py:179} INFO - Processing /home/airflow/.local/lib/python3.7/site-packages/airflow/example_dags/example_short_circuit_operator.py took 0.093 seconds
[2023-08-11T07:58:20.655+0000] {processor.py:157} INFO - Started process (PID=752) to work on /home/airflow/.local/lib/python3.7/site-packages/airflow/example_dags/example_short_circuit_operator.py
[2023-08-11T07:58:20.656+0000] {processor.py:826} INFO - Processing file /home/airflow/.local/lib/python3.7/site-packages/airflow/example_dags/example_short_circuit_operator.py for tasks to queue
[2023-08-11T07:58:20.657+0000] {logging_mixin.py:150} INFO - [2023-08-11T07:58:20.657+0000] {dagbag.py:541} INFO - Filling up the DagBag from /home/airflow/.local/lib/python3.7/site-packages/airflow/example_dags/example_short_circuit_operator.py
[2023-08-11T07:58:20.664+0000] {processor.py:836} INFO - DAG(s) dict_keys(['example_short_circuit_operator']) retrieved from /home/airflow/.local/lib/python3.7/site-packages/airflow/example_dags/example_short_circuit_operator.py
[2023-08-11T07:58:20.690+0000] {logging_mixin.py:150} INFO - [2023-08-11T07:58:20.690+0000] {dag.py:2742} INFO - Sync 1 DAGs
[2023-08-11T07:58:20.715+0000] {logging_mixin.py:150} INFO - [2023-08-11T07:58:20.715+0000] {dag.py:3508} INFO - Setting next_dagrun for example_short_circuit_operator to 2023-08-10T07:58:20.715212+00:00, run_after=2023-08-11T07:58:20.715212+00:00
[2023-08-11T07:58:20.736+0000] {processor.py:179} INFO - Processing /home/airflow/.local/lib/python3.7/site-packages/airflow/example_dags/example_short_circuit_operator.py took 0.086 seconds
[2023-08-11T07:58:50.878+0000] {processor.py:157} INFO - Started process (PID=818) to work on /home/airflow/.local/lib/python3.7/site-packages/airflow/example_dags/example_short_circuit_operator.py
[2023-08-11T07:58:50.879+0000] {processor.py:826} INFO - Processing file /home/airflow/.local/lib/python3.7/site-packages/airflow/example_dags/example_short_circuit_operator.py for tasks to queue
[2023-08-11T07:58:50.880+0000] {logging_mixin.py:150} INFO - [2023-08-11T07:58:50.879+0000] {dagbag.py:541} INFO - Filling up the DagBag from /home/airflow/.local/lib/python3.7/site-packages/airflow/example_dags/example_short_circuit_operator.py
[2023-08-11T07:58:50.893+0000] {processor.py:836} INFO - DAG(s) dict_keys(['example_short_circuit_operator']) retrieved from /home/airflow/.local/lib/python3.7/site-packages/airflow/example_dags/example_short_circuit_operator.py
[2023-08-11T07:58:50.926+0000] {logging_mixin.py:150} INFO - [2023-08-11T07:58:50.926+0000] {dag.py:2742} INFO - Sync 1 DAGs
[2023-08-11T07:58:50.957+0000] {logging_mixin.py:150} INFO - [2023-08-11T07:58:50.956+0000] {dag.py:3508} INFO - Setting next_dagrun for example_short_circuit_operator to 2023-08-10T07:58:50.956429+00:00, run_after=2023-08-11T07:58:50.956429+00:00
[2023-08-11T07:58:50.983+0000] {processor.py:179} INFO - Processing /home/airflow/.local/lib/python3.7/site-packages/airflow/example_dags/example_short_circuit_operator.py took 0.112 seconds
[2023-08-11T07:59:21.107+0000] {processor.py:157} INFO - Started process (PID=884) to work on /home/airflow/.local/lib/python3.7/site-packages/airflow/example_dags/example_short_circuit_operator.py
[2023-08-11T07:59:21.108+0000] {processor.py:826} INFO - Processing file /home/airflow/.local/lib/python3.7/site-packages/airflow/example_dags/example_short_circuit_operator.py for tasks to queue
[2023-08-11T07:59:21.109+0000] {logging_mixin.py:150} INFO - [2023-08-11T07:59:21.108+0000] {dagbag.py:541} INFO - Filling up the DagBag from /home/airflow/.local/lib/python3.7/site-packages/airflow/example_dags/example_short_circuit_operator.py
[2023-08-11T07:59:21.117+0000] {processor.py:836} INFO - DAG(s) dict_keys(['example_short_circuit_operator']) retrieved from /home/airflow/.local/lib/python3.7/site-packages/airflow/example_dags/example_short_circuit_operator.py
[2023-08-11T07:59:21.132+0000] {logging_mixin.py:150} INFO - [2023-08-11T07:59:21.131+0000] {dag.py:2742} INFO - Sync 1 DAGs
[2023-08-11T07:59:21.161+0000] {logging_mixin.py:150} INFO - [2023-08-11T07:59:21.161+0000] {dag.py:3508} INFO - Setting next_dagrun for example_short_circuit_operator to 2023-08-10T07:59:21.161059+00:00, run_after=2023-08-11T07:59:21.161059+00:00
[2023-08-11T07:59:21.188+0000] {processor.py:179} INFO - Processing /home/airflow/.local/lib/python3.7/site-packages/airflow/example_dags/example_short_circuit_operator.py took 0.084 seconds
[2023-08-11T07:59:51.793+0000] {processor.py:157} INFO - Started process (PID=952) to work on /home/airflow/.local/lib/python3.7/site-packages/airflow/example_dags/example_short_circuit_operator.py
[2023-08-11T07:59:51.794+0000] {processor.py:826} INFO - Processing file /home/airflow/.local/lib/python3.7/site-packages/airflow/example_dags/example_short_circuit_operator.py for tasks to queue
[2023-08-11T07:59:51.795+0000] {logging_mixin.py:150} INFO - [2023-08-11T07:59:51.795+0000] {dagbag.py:541} INFO - Filling up the DagBag from /home/airflow/.local/lib/python3.7/site-packages/airflow/example_dags/example_short_circuit_operator.py
[2023-08-11T07:59:51.804+0000] {processor.py:836} INFO - DAG(s) dict_keys(['example_short_circuit_operator']) retrieved from /home/airflow/.local/lib/python3.7/site-packages/airflow/example_dags/example_short_circuit_operator.py
[2023-08-11T07:59:51.831+0000] {logging_mixin.py:150} INFO - [2023-08-11T07:59:51.830+0000] {dag.py:2742} INFO - Sync 1 DAGs
[2023-08-11T07:59:51.856+0000] {logging_mixin.py:150} INFO - [2023-08-11T07:59:51.856+0000] {dag.py:3508} INFO - Setting next_dagrun for example_short_circuit_operator to 2023-08-10T07:59:51.855752+00:00, run_after=2023-08-11T07:59:51.855752+00:00
[2023-08-11T07:59:51.877+0000] {processor.py:179} INFO - Processing /home/airflow/.local/lib/python3.7/site-packages/airflow/example_dags/example_short_circuit_operator.py took 0.087 seconds
[2023-08-11T08:00:22.335+0000] {processor.py:157} INFO - Started process (PID=1022) to work on /home/airflow/.local/lib/python3.7/site-packages/airflow/example_dags/example_short_circuit_operator.py
[2023-08-11T08:00:22.336+0000] {processor.py:826} INFO - Processing file /home/airflow/.local/lib/python3.7/site-packages/airflow/example_dags/example_short_circuit_operator.py for tasks to queue
[2023-08-11T08:00:22.337+0000] {logging_mixin.py:150} INFO - [2023-08-11T08:00:22.336+0000] {dagbag.py:541} INFO - Filling up the DagBag from /home/airflow/.local/lib/python3.7/site-packages/airflow/example_dags/example_short_circuit_operator.py
[2023-08-11T08:00:22.345+0000] {processor.py:836} INFO - DAG(s) dict_keys(['example_short_circuit_operator']) retrieved from /home/airflow/.local/lib/python3.7/site-packages/airflow/example_dags/example_short_circuit_operator.py
[2023-08-11T08:00:22.373+0000] {logging_mixin.py:150} INFO - [2023-08-11T08:00:22.373+0000] {dag.py:2742} INFO - Sync 1 DAGs
[2023-08-11T08:00:22.397+0000] {logging_mixin.py:150} INFO - [2023-08-11T08:00:22.397+0000] {dag.py:3508} INFO - Setting next_dagrun for example_short_circuit_operator to 2023-08-10T08:00:22.397094+00:00, run_after=2023-08-11T08:00:22.397094+00:00
[2023-08-11T08:00:22.425+0000] {processor.py:179} INFO - Processing /home/airflow/.local/lib/python3.7/site-packages/airflow/example_dags/example_short_circuit_operator.py took 0.093 seconds
[2023-08-11T08:00:52.781+0000] {processor.py:157} INFO - Started process (PID=1089) to work on /home/airflow/.local/lib/python3.7/site-packages/airflow/example_dags/example_short_circuit_operator.py
[2023-08-11T08:00:52.781+0000] {processor.py:826} INFO - Processing file /home/airflow/.local/lib/python3.7/site-packages/airflow/example_dags/example_short_circuit_operator.py for tasks to queue
[2023-08-11T08:00:52.782+0000] {logging_mixin.py:150} INFO - [2023-08-11T08:00:52.782+0000] {dagbag.py:541} INFO - Filling up the DagBag from /home/airflow/.local/lib/python3.7/site-packages/airflow/example_dags/example_short_circuit_operator.py
[2023-08-11T08:00:52.795+0000] {processor.py:836} INFO - DAG(s) dict_keys(['example_short_circuit_operator']) retrieved from /home/airflow/.local/lib/python3.7/site-packages/airflow/example_dags/example_short_circuit_operator.py
[2023-08-11T08:00:52.831+0000] {logging_mixin.py:150} INFO - [2023-08-11T08:00:52.831+0000] {dag.py:2742} INFO - Sync 1 DAGs
[2023-08-11T08:00:52.861+0000] {logging_mixin.py:150} INFO - [2023-08-11T08:00:52.861+0000] {dag.py:3508} INFO - Setting next_dagrun for example_short_circuit_operator to 2023-08-10T08:00:52.860932+00:00, run_after=2023-08-11T08:00:52.860932+00:00
[2023-08-11T08:00:52.897+0000] {processor.py:179} INFO - Processing /home/airflow/.local/lib/python3.7/site-packages/airflow/example_dags/example_short_circuit_operator.py took 0.121 seconds
[2023-08-11T08:01:23.442+0000] {processor.py:157} INFO - Started process (PID=1158) to work on /home/airflow/.local/lib/python3.7/site-packages/airflow/example_dags/example_short_circuit_operator.py
[2023-08-11T08:01:23.444+0000] {processor.py:826} INFO - Processing file /home/airflow/.local/lib/python3.7/site-packages/airflow/example_dags/example_short_circuit_operator.py for tasks to queue
[2023-08-11T08:01:23.445+0000] {logging_mixin.py:150} INFO - [2023-08-11T08:01:23.445+0000] {dagbag.py:541} INFO - Filling up the DagBag from /home/airflow/.local/lib/python3.7/site-packages/airflow/example_dags/example_short_circuit_operator.py
[2023-08-11T08:01:23.452+0000] {processor.py:836} INFO - DAG(s) dict_keys(['example_short_circuit_operator']) retrieved from /home/airflow/.local/lib/python3.7/site-packages/airflow/example_dags/example_short_circuit_operator.py
[2023-08-11T08:01:23.480+0000] {logging_mixin.py:150} INFO - [2023-08-11T08:01:23.479+0000] {dag.py:2742} INFO - Sync 1 DAGs
[2023-08-11T08:01:23.506+0000] {logging_mixin.py:150} INFO - [2023-08-11T08:01:23.506+0000] {dag.py:3508} INFO - Setting next_dagrun for example_short_circuit_operator to 2023-08-10T08:01:23.506524+00:00, run_after=2023-08-11T08:01:23.506524+00:00
[2023-08-11T08:01:23.531+0000] {processor.py:179} INFO - Processing /home/airflow/.local/lib/python3.7/site-packages/airflow/example_dags/example_short_circuit_operator.py took 0.093 seconds
[2023-08-11T08:01:53.631+0000] {processor.py:157} INFO - Started process (PID=1224) to work on /home/airflow/.local/lib/python3.7/site-packages/airflow/example_dags/example_short_circuit_operator.py
[2023-08-11T08:01:53.632+0000] {processor.py:826} INFO - Processing file /home/airflow/.local/lib/python3.7/site-packages/airflow/example_dags/example_short_circuit_operator.py for tasks to queue
[2023-08-11T08:01:53.633+0000] {logging_mixin.py:150} INFO - [2023-08-11T08:01:53.633+0000] {dagbag.py:541} INFO - Filling up the DagBag from /home/airflow/.local/lib/python3.7/site-packages/airflow/example_dags/example_short_circuit_operator.py
[2023-08-11T08:01:53.643+0000] {processor.py:836} INFO - DAG(s) dict_keys(['example_short_circuit_operator']) retrieved from /home/airflow/.local/lib/python3.7/site-packages/airflow/example_dags/example_short_circuit_operator.py
[2023-08-11T08:01:53.674+0000] {logging_mixin.py:150} INFO - [2023-08-11T08:01:53.674+0000] {dag.py:2742} INFO - Sync 1 DAGs
[2023-08-11T08:01:53.702+0000] {logging_mixin.py:150} INFO - [2023-08-11T08:01:53.701+0000] {dag.py:3508} INFO - Setting next_dagrun for example_short_circuit_operator to 2023-08-10T08:01:53.701730+00:00, run_after=2023-08-11T08:01:53.701730+00:00
[2023-08-11T08:01:53.729+0000] {processor.py:179} INFO - Processing /home/airflow/.local/lib/python3.7/site-packages/airflow/example_dags/example_short_circuit_operator.py took 0.103 seconds
[2023-08-11T08:02:23.789+0000] {processor.py:157} INFO - Started process (PID=1293) to work on /home/airflow/.local/lib/python3.7/site-packages/airflow/example_dags/example_short_circuit_operator.py
[2023-08-11T08:02:23.790+0000] {processor.py:826} INFO - Processing file /home/airflow/.local/lib/python3.7/site-packages/airflow/example_dags/example_short_circuit_operator.py for tasks to queue
[2023-08-11T08:02:23.791+0000] {logging_mixin.py:150} INFO - [2023-08-11T08:02:23.791+0000] {dagbag.py:541} INFO - Filling up the DagBag from /home/airflow/.local/lib/python3.7/site-packages/airflow/example_dags/example_short_circuit_operator.py
[2023-08-11T08:02:23.801+0000] {processor.py:836} INFO - DAG(s) dict_keys(['example_short_circuit_operator']) retrieved from /home/airflow/.local/lib/python3.7/site-packages/airflow/example_dags/example_short_circuit_operator.py
[2023-08-11T08:02:23.833+0000] {logging_mixin.py:150} INFO - [2023-08-11T08:02:23.833+0000] {dag.py:2742} INFO - Sync 1 DAGs
[2023-08-11T08:02:23.858+0000] {logging_mixin.py:150} INFO - [2023-08-11T08:02:23.857+0000] {dag.py:3508} INFO - Setting next_dagrun for example_short_circuit_operator to 2023-08-10T08:02:23.857591+00:00, run_after=2023-08-11T08:02:23.857591+00:00
[2023-08-11T08:02:23.883+0000] {processor.py:179} INFO - Processing /home/airflow/.local/lib/python3.7/site-packages/airflow/example_dags/example_short_circuit_operator.py took 0.097 seconds
[2023-08-11T08:02:53.936+0000] {processor.py:157} INFO - Started process (PID=1358) to work on /home/airflow/.local/lib/python3.7/site-packages/airflow/example_dags/example_short_circuit_operator.py
[2023-08-11T08:02:53.937+0000] {processor.py:826} INFO - Processing file /home/airflow/.local/lib/python3.7/site-packages/airflow/example_dags/example_short_circuit_operator.py for tasks to queue
[2023-08-11T08:02:53.938+0000] {logging_mixin.py:150} INFO - [2023-08-11T08:02:53.937+0000] {dagbag.py:541} INFO - Filling up the DagBag from /home/airflow/.local/lib/python3.7/site-packages/airflow/example_dags/example_short_circuit_operator.py
[2023-08-11T08:02:53.946+0000] {processor.py:836} INFO - DAG(s) dict_keys(['example_short_circuit_operator']) retrieved from /home/airflow/.local/lib/python3.7/site-packages/airflow/example_dags/example_short_circuit_operator.py
[2023-08-11T08:02:53.972+0000] {logging_mixin.py:150} INFO - [2023-08-11T08:02:53.972+0000] {dag.py:2742} INFO - Sync 1 DAGs
[2023-08-11T08:02:53.992+0000] {logging_mixin.py:150} INFO - [2023-08-11T08:02:53.992+0000] {dag.py:3508} INFO - Setting next_dagrun for example_short_circuit_operator to 2023-08-10T08:02:53.992539+00:00, run_after=2023-08-11T08:02:53.992539+00:00
[2023-08-11T08:02:54.009+0000] {processor.py:179} INFO - Processing /home/airflow/.local/lib/python3.7/site-packages/airflow/example_dags/example_short_circuit_operator.py took 0.075 seconds
[2023-08-11T08:03:24.341+0000] {processor.py:157} INFO - Started process (PID=1426) to work on /home/airflow/.local/lib/python3.7/site-packages/airflow/example_dags/example_short_circuit_operator.py
[2023-08-11T08:03:24.345+0000] {processor.py:826} INFO - Processing file /home/airflow/.local/lib/python3.7/site-packages/airflow/example_dags/example_short_circuit_operator.py for tasks to queue
[2023-08-11T08:03:24.347+0000] {logging_mixin.py:150} INFO - [2023-08-11T08:03:24.346+0000] {dagbag.py:541} INFO - Filling up the DagBag from /home/airflow/.local/lib/python3.7/site-packages/airflow/example_dags/example_short_circuit_operator.py
[2023-08-11T08:03:24.371+0000] {processor.py:836} INFO - DAG(s) dict_keys(['example_short_circuit_operator']) retrieved from /home/airflow/.local/lib/python3.7/site-packages/airflow/example_dags/example_short_circuit_operator.py
[2023-08-11T08:03:24.433+0000] {logging_mixin.py:150} INFO - [2023-08-11T08:03:24.432+0000] {dag.py:2742} INFO - Sync 1 DAGs
[2023-08-11T08:03:24.492+0000] {logging_mixin.py:150} INFO - [2023-08-11T08:03:24.492+0000] {dag.py:3508} INFO - Setting next_dagrun for example_short_circuit_operator to 2023-08-10T08:03:24.491862+00:00, run_after=2023-08-11T08:03:24.491862+00:00
[2023-08-11T08:03:24.541+0000] {processor.py:179} INFO - Processing /home/airflow/.local/lib/python3.7/site-packages/airflow/example_dags/example_short_circuit_operator.py took 0.211 seconds
[2023-08-11T08:03:55.387+0000] {processor.py:157} INFO - Started process (PID=1492) to work on /home/airflow/.local/lib/python3.7/site-packages/airflow/example_dags/example_short_circuit_operator.py
[2023-08-11T08:03:55.389+0000] {processor.py:826} INFO - Processing file /home/airflow/.local/lib/python3.7/site-packages/airflow/example_dags/example_short_circuit_operator.py for tasks to queue
[2023-08-11T08:03:55.389+0000] {logging_mixin.py:150} INFO - [2023-08-11T08:03:55.389+0000] {dagbag.py:541} INFO - Filling up the DagBag from /home/airflow/.local/lib/python3.7/site-packages/airflow/example_dags/example_short_circuit_operator.py
[2023-08-11T08:03:55.397+0000] {processor.py:836} INFO - DAG(s) dict_keys(['example_short_circuit_operator']) retrieved from /home/airflow/.local/lib/python3.7/site-packages/airflow/example_dags/example_short_circuit_operator.py
[2023-08-11T08:03:55.427+0000] {logging_mixin.py:150} INFO - [2023-08-11T08:03:55.427+0000] {dag.py:2742} INFO - Sync 1 DAGs
[2023-08-11T08:03:55.456+0000] {logging_mixin.py:150} INFO - [2023-08-11T08:03:55.456+0000] {dag.py:3508} INFO - Setting next_dagrun for example_short_circuit_operator to 2023-08-10T08:03:55.456103+00:00, run_after=2023-08-11T08:03:55.456103+00:00
[2023-08-11T08:03:55.489+0000] {processor.py:179} INFO - Processing /home/airflow/.local/lib/python3.7/site-packages/airflow/example_dags/example_short_circuit_operator.py took 0.108 seconds
[2023-08-11T08:04:25.843+0000] {processor.py:157} INFO - Started process (PID=1566) to work on /home/airflow/.local/lib/python3.7/site-packages/airflow/example_dags/example_short_circuit_operator.py
[2023-08-11T08:04:25.845+0000] {processor.py:826} INFO - Processing file /home/airflow/.local/lib/python3.7/site-packages/airflow/example_dags/example_short_circuit_operator.py for tasks to queue
[2023-08-11T08:04:25.846+0000] {logging_mixin.py:150} INFO - [2023-08-11T08:04:25.845+0000] {dagbag.py:541} INFO - Filling up the DagBag from /home/airflow/.local/lib/python3.7/site-packages/airflow/example_dags/example_short_circuit_operator.py
[2023-08-11T08:04:25.855+0000] {processor.py:836} INFO - DAG(s) dict_keys(['example_short_circuit_operator']) retrieved from /home/airflow/.local/lib/python3.7/site-packages/airflow/example_dags/example_short_circuit_operator.py
[2023-08-11T08:04:25.888+0000] {logging_mixin.py:150} INFO - [2023-08-11T08:04:25.888+0000] {dag.py:2742} INFO - Sync 1 DAGs
[2023-08-11T08:04:25.913+0000] {logging_mixin.py:150} INFO - [2023-08-11T08:04:25.913+0000] {dag.py:3508} INFO - Setting next_dagrun for example_short_circuit_operator to 2023-08-10T08:04:25.913392+00:00, run_after=2023-08-11T08:04:25.913392+00:00
[2023-08-11T08:04:25.941+0000] {processor.py:179} INFO - Processing /home/airflow/.local/lib/python3.7/site-packages/airflow/example_dags/example_short_circuit_operator.py took 0.101 seconds
[2023-08-11T08:04:56.427+0000] {processor.py:157} INFO - Started process (PID=1632) to work on /home/airflow/.local/lib/python3.7/site-packages/airflow/example_dags/example_short_circuit_operator.py
[2023-08-11T08:04:56.429+0000] {processor.py:826} INFO - Processing file /home/airflow/.local/lib/python3.7/site-packages/airflow/example_dags/example_short_circuit_operator.py for tasks to queue
[2023-08-11T08:04:56.429+0000] {logging_mixin.py:150} INFO - [2023-08-11T08:04:56.429+0000] {dagbag.py:541} INFO - Filling up the DagBag from /home/airflow/.local/lib/python3.7/site-packages/airflow/example_dags/example_short_circuit_operator.py
[2023-08-11T08:04:56.438+0000] {processor.py:836} INFO - DAG(s) dict_keys(['example_short_circuit_operator']) retrieved from /home/airflow/.local/lib/python3.7/site-packages/airflow/example_dags/example_short_circuit_operator.py
[2023-08-11T08:04:56.465+0000] {logging_mixin.py:150} INFO - [2023-08-11T08:04:56.465+0000] {dag.py:2742} INFO - Sync 1 DAGs
[2023-08-11T08:04:56.492+0000] {logging_mixin.py:150} INFO - [2023-08-11T08:04:56.492+0000] {dag.py:3508} INFO - Setting next_dagrun for example_short_circuit_operator to 2023-08-10T08:04:56.492339+00:00, run_after=2023-08-11T08:04:56.492339+00:00
[2023-08-11T08:04:56.515+0000] {processor.py:179} INFO - Processing /home/airflow/.local/lib/python3.7/site-packages/airflow/example_dags/example_short_circuit_operator.py took 0.091 seconds
[2023-08-11T08:05:26.566+0000] {processor.py:157} INFO - Started process (PID=1698) to work on /home/airflow/.local/lib/python3.7/site-packages/airflow/example_dags/example_short_circuit_operator.py
[2023-08-11T08:05:26.573+0000] {processor.py:826} INFO - Processing file /home/airflow/.local/lib/python3.7/site-packages/airflow/example_dags/example_short_circuit_operator.py for tasks to queue
[2023-08-11T08:05:26.574+0000] {logging_mixin.py:150} INFO - [2023-08-11T08:05:26.574+0000] {dagbag.py:541} INFO - Filling up the DagBag from /home/airflow/.local/lib/python3.7/site-packages/airflow/example_dags/example_short_circuit_operator.py
[2023-08-11T08:05:26.582+0000] {processor.py:836} INFO - DAG(s) dict_keys(['example_short_circuit_operator']) retrieved from /home/airflow/.local/lib/python3.7/site-packages/airflow/example_dags/example_short_circuit_operator.py
[2023-08-11T08:05:26.610+0000] {logging_mixin.py:150} INFO - [2023-08-11T08:05:26.610+0000] {dag.py:2742} INFO - Sync 1 DAGs
[2023-08-11T08:05:26.633+0000] {logging_mixin.py:150} INFO - [2023-08-11T08:05:26.633+0000] {dag.py:3508} INFO - Setting next_dagrun for example_short_circuit_operator to 2023-08-10T08:05:26.633414+00:00, run_after=2023-08-11T08:05:26.633414+00:00
[2023-08-11T08:05:26.657+0000] {processor.py:179} INFO - Processing /home/airflow/.local/lib/python3.7/site-packages/airflow/example_dags/example_short_circuit_operator.py took 0.094 seconds
[2023-08-11T08:05:57.035+0000] {processor.py:157} INFO - Started process (PID=1765) to work on /home/airflow/.local/lib/python3.7/site-packages/airflow/example_dags/example_short_circuit_operator.py
[2023-08-11T08:05:57.036+0000] {processor.py:826} INFO - Processing file /home/airflow/.local/lib/python3.7/site-packages/airflow/example_dags/example_short_circuit_operator.py for tasks to queue
[2023-08-11T08:05:57.037+0000] {logging_mixin.py:150} INFO - [2023-08-11T08:05:57.037+0000] {dagbag.py:541} INFO - Filling up the DagBag from /home/airflow/.local/lib/python3.7/site-packages/airflow/example_dags/example_short_circuit_operator.py
[2023-08-11T08:05:57.049+0000] {processor.py:836} INFO - DAG(s) dict_keys(['example_short_circuit_operator']) retrieved from /home/airflow/.local/lib/python3.7/site-packages/airflow/example_dags/example_short_circuit_operator.py
[2023-08-11T08:05:57.081+0000] {logging_mixin.py:150} INFO - [2023-08-11T08:05:57.081+0000] {dag.py:2742} INFO - Sync 1 DAGs
[2023-08-11T08:05:57.105+0000] {logging_mixin.py:150} INFO - [2023-08-11T08:05:57.105+0000] {dag.py:3508} INFO - Setting next_dagrun for example_short_circuit_operator to 2023-08-10T08:05:57.105268+00:00, run_after=2023-08-11T08:05:57.105268+00:00
[2023-08-11T08:05:57.128+0000] {processor.py:179} INFO - Processing /home/airflow/.local/lib/python3.7/site-packages/airflow/example_dags/example_short_circuit_operator.py took 0.095 seconds
[2023-08-11T08:06:27.616+0000] {processor.py:157} INFO - Started process (PID=1836) to work on /home/airflow/.local/lib/python3.7/site-packages/airflow/example_dags/example_short_circuit_operator.py
[2023-08-11T08:06:27.618+0000] {processor.py:826} INFO - Processing file /home/airflow/.local/lib/python3.7/site-packages/airflow/example_dags/example_short_circuit_operator.py for tasks to queue
[2023-08-11T08:06:27.620+0000] {logging_mixin.py:150} INFO - [2023-08-11T08:06:27.620+0000] {dagbag.py:541} INFO - Filling up the DagBag from /home/airflow/.local/lib/python3.7/site-packages/airflow/example_dags/example_short_circuit_operator.py
[2023-08-11T08:06:27.635+0000] {processor.py:836} INFO - DAG(s) dict_keys(['example_short_circuit_operator']) retrieved from /home/airflow/.local/lib/python3.7/site-packages/airflow/example_dags/example_short_circuit_operator.py
[2023-08-11T08:06:27.699+0000] {logging_mixin.py:150} INFO - [2023-08-11T08:06:27.699+0000] {dag.py:2742} INFO - Sync 1 DAGs
[2023-08-11T08:06:27.752+0000] {logging_mixin.py:150} INFO - [2023-08-11T08:06:27.751+0000] {dag.py:3508} INFO - Setting next_dagrun for example_short_circuit_operator to 2023-08-10T08:06:27.751434+00:00, run_after=2023-08-11T08:06:27.751434+00:00
[2023-08-11T08:06:27.802+0000] {processor.py:179} INFO - Processing /home/airflow/.local/lib/python3.7/site-packages/airflow/example_dags/example_short_circuit_operator.py took 0.191 seconds
[2023-08-11T08:06:57.825+0000] {processor.py:157} INFO - Started process (PID=1901) to work on /home/airflow/.local/lib/python3.7/site-packages/airflow/example_dags/example_short_circuit_operator.py
[2023-08-11T08:06:57.828+0000] {processor.py:826} INFO - Processing file /home/airflow/.local/lib/python3.7/site-packages/airflow/example_dags/example_short_circuit_operator.py for tasks to queue
[2023-08-11T08:06:57.828+0000] {logging_mixin.py:150} INFO - [2023-08-11T08:06:57.828+0000] {dagbag.py:541} INFO - Filling up the DagBag from /home/airflow/.local/lib/python3.7/site-packages/airflow/example_dags/example_short_circuit_operator.py
[2023-08-11T08:06:57.835+0000] {processor.py:836} INFO - DAG(s) dict_keys(['example_short_circuit_operator']) retrieved from /home/airflow/.local/lib/python3.7/site-packages/airflow/example_dags/example_short_circuit_operator.py
[2023-08-11T08:06:57.862+0000] {logging_mixin.py:150} INFO - [2023-08-11T08:06:57.862+0000] {dag.py:2742} INFO - Sync 1 DAGs
[2023-08-11T08:06:57.884+0000] {logging_mixin.py:150} INFO - [2023-08-11T08:06:57.884+0000] {dag.py:3508} INFO - Setting next_dagrun for example_short_circuit_operator to 2023-08-10T08:06:57.884114+00:00, run_after=2023-08-11T08:06:57.884114+00:00
[2023-08-11T08:06:57.906+0000] {processor.py:179} INFO - Processing /home/airflow/.local/lib/python3.7/site-packages/airflow/example_dags/example_short_circuit_operator.py took 0.084 seconds
[2023-08-11T08:07:28.486+0000] {processor.py:157} INFO - Started process (PID=1971) to work on /home/airflow/.local/lib/python3.7/site-packages/airflow/example_dags/example_short_circuit_operator.py
[2023-08-11T08:07:28.488+0000] {processor.py:826} INFO - Processing file /home/airflow/.local/lib/python3.7/site-packages/airflow/example_dags/example_short_circuit_operator.py for tasks to queue
[2023-08-11T08:07:28.488+0000] {logging_mixin.py:150} INFO - [2023-08-11T08:07:28.488+0000] {dagbag.py:541} INFO - Filling up the DagBag from /home/airflow/.local/lib/python3.7/site-packages/airflow/example_dags/example_short_circuit_operator.py
[2023-08-11T08:07:28.497+0000] {processor.py:836} INFO - DAG(s) dict_keys(['example_short_circuit_operator']) retrieved from /home/airflow/.local/lib/python3.7/site-packages/airflow/example_dags/example_short_circuit_operator.py
[2023-08-11T08:07:28.520+0000] {logging_mixin.py:150} INFO - [2023-08-11T08:07:28.519+0000] {dag.py:2742} INFO - Sync 1 DAGs
[2023-08-11T08:07:28.543+0000] {logging_mixin.py:150} INFO - [2023-08-11T08:07:28.543+0000] {dag.py:3508} INFO - Setting next_dagrun for example_short_circuit_operator to 2023-08-10T08:07:28.542812+00:00, run_after=2023-08-11T08:07:28.542812+00:00
[2023-08-11T08:07:28.568+0000] {processor.py:179} INFO - Processing /home/airflow/.local/lib/python3.7/site-packages/airflow/example_dags/example_short_circuit_operator.py took 0.085 seconds
[2023-08-11T08:07:58.708+0000] {processor.py:157} INFO - Started process (PID=2037) to work on /home/airflow/.local/lib/python3.7/site-packages/airflow/example_dags/example_short_circuit_operator.py
[2023-08-11T08:07:58.709+0000] {processor.py:826} INFO - Processing file /home/airflow/.local/lib/python3.7/site-packages/airflow/example_dags/example_short_circuit_operator.py for tasks to queue
[2023-08-11T08:07:58.710+0000] {logging_mixin.py:150} INFO - [2023-08-11T08:07:58.710+0000] {dagbag.py:541} INFO - Filling up the DagBag from /home/airflow/.local/lib/python3.7/site-packages/airflow/example_dags/example_short_circuit_operator.py
[2023-08-11T08:07:58.719+0000] {processor.py:836} INFO - DAG(s) dict_keys(['example_short_circuit_operator']) retrieved from /home/airflow/.local/lib/python3.7/site-packages/airflow/example_dags/example_short_circuit_operator.py
[2023-08-11T08:07:58.744+0000] {logging_mixin.py:150} INFO - [2023-08-11T08:07:58.744+0000] {dag.py:2742} INFO - Sync 1 DAGs
[2023-08-11T08:07:58.767+0000] {logging_mixin.py:150} INFO - [2023-08-11T08:07:58.767+0000] {dag.py:3508} INFO - Setting next_dagrun for example_short_circuit_operator to 2023-08-10T08:07:58.767293+00:00, run_after=2023-08-11T08:07:58.767293+00:00
[2023-08-11T08:07:58.788+0000] {processor.py:179} INFO - Processing /home/airflow/.local/lib/python3.7/site-packages/airflow/example_dags/example_short_circuit_operator.py took 0.082 seconds
[2023-08-11T08:08:29.486+0000] {processor.py:157} INFO - Started process (PID=2103) to work on /home/airflow/.local/lib/python3.7/site-packages/airflow/example_dags/example_short_circuit_operator.py
[2023-08-11T08:08:29.486+0000] {processor.py:826} INFO - Processing file /home/airflow/.local/lib/python3.7/site-packages/airflow/example_dags/example_short_circuit_operator.py for tasks to queue
[2023-08-11T08:08:29.487+0000] {logging_mixin.py:150} INFO - [2023-08-11T08:08:29.487+0000] {dagbag.py:541} INFO - Filling up the DagBag from /home/airflow/.local/lib/python3.7/site-packages/airflow/example_dags/example_short_circuit_operator.py
[2023-08-11T08:08:29.493+0000] {processor.py:836} INFO - DAG(s) dict_keys(['example_short_circuit_operator']) retrieved from /home/airflow/.local/lib/python3.7/site-packages/airflow/example_dags/example_short_circuit_operator.py
[2023-08-11T08:08:29.517+0000] {logging_mixin.py:150} INFO - [2023-08-11T08:08:29.517+0000] {dag.py:2742} INFO - Sync 1 DAGs
[2023-08-11T08:08:29.537+0000] {logging_mixin.py:150} INFO - [2023-08-11T08:08:29.536+0000] {dag.py:3508} INFO - Setting next_dagrun for example_short_circuit_operator to 2023-08-10T08:08:29.536676+00:00, run_after=2023-08-11T08:08:29.536676+00:00
[2023-08-11T08:08:29.557+0000] {processor.py:179} INFO - Processing /home/airflow/.local/lib/python3.7/site-packages/airflow/example_dags/example_short_circuit_operator.py took 0.074 seconds
[2023-08-11T08:08:59.896+0000] {processor.py:157} INFO - Started process (PID=2169) to work on /home/airflow/.local/lib/python3.7/site-packages/airflow/example_dags/example_short_circuit_operator.py
[2023-08-11T08:08:59.897+0000] {processor.py:826} INFO - Processing file /home/airflow/.local/lib/python3.7/site-packages/airflow/example_dags/example_short_circuit_operator.py for tasks to queue
[2023-08-11T08:08:59.897+0000] {logging_mixin.py:150} INFO - [2023-08-11T08:08:59.897+0000] {dagbag.py:541} INFO - Filling up the DagBag from /home/airflow/.local/lib/python3.7/site-packages/airflow/example_dags/example_short_circuit_operator.py
[2023-08-11T08:08:59.906+0000] {processor.py:836} INFO - DAG(s) dict_keys(['example_short_circuit_operator']) retrieved from /home/airflow/.local/lib/python3.7/site-packages/airflow/example_dags/example_short_circuit_operator.py
[2023-08-11T08:08:59.931+0000] {logging_mixin.py:150} INFO - [2023-08-11T08:08:59.931+0000] {dag.py:2742} INFO - Sync 1 DAGs
[2023-08-11T08:08:59.955+0000] {logging_mixin.py:150} INFO - [2023-08-11T08:08:59.954+0000] {dag.py:3508} INFO - Setting next_dagrun for example_short_circuit_operator to 2023-08-10T08:08:59.954642+00:00, run_after=2023-08-11T08:08:59.954642+00:00
[2023-08-11T08:08:59.973+0000] {processor.py:179} INFO - Processing /home/airflow/.local/lib/python3.7/site-packages/airflow/example_dags/example_short_circuit_operator.py took 0.080 seconds
[2023-08-11T08:09:30.563+0000] {processor.py:157} INFO - Started process (PID=2235) to work on /home/airflow/.local/lib/python3.7/site-packages/airflow/example_dags/example_short_circuit_operator.py
[2023-08-11T08:09:30.565+0000] {processor.py:826} INFO - Processing file /home/airflow/.local/lib/python3.7/site-packages/airflow/example_dags/example_short_circuit_operator.py for tasks to queue
[2023-08-11T08:09:30.568+0000] {logging_mixin.py:150} INFO - [2023-08-11T08:09:30.566+0000] {dagbag.py:541} INFO - Filling up the DagBag from /home/airflow/.local/lib/python3.7/site-packages/airflow/example_dags/example_short_circuit_operator.py
[2023-08-11T08:09:30.606+0000] {processor.py:836} INFO - DAG(s) dict_keys(['example_short_circuit_operator']) retrieved from /home/airflow/.local/lib/python3.7/site-packages/airflow/example_dags/example_short_circuit_operator.py
[2023-08-11T08:09:30.689+0000] {logging_mixin.py:150} INFO - [2023-08-11T08:09:30.688+0000] {dag.py:2742} INFO - Sync 1 DAGs
[2023-08-11T08:09:30.753+0000] {logging_mixin.py:150} INFO - [2023-08-11T08:09:30.752+0000] {dag.py:3508} INFO - Setting next_dagrun for example_short_circuit_operator to 2023-08-10T08:09:30.752608+00:00, run_after=2023-08-11T08:09:30.752608+00:00
[2023-08-11T08:09:30.792+0000] {processor.py:179} INFO - Processing /home/airflow/.local/lib/python3.7/site-packages/airflow/example_dags/example_short_circuit_operator.py took 0.239 seconds
[2023-08-11T08:10:00.985+0000] {processor.py:157} INFO - Started process (PID=2301) to work on /home/airflow/.local/lib/python3.7/site-packages/airflow/example_dags/example_short_circuit_operator.py
[2023-08-11T08:10:00.992+0000] {processor.py:826} INFO - Processing file /home/airflow/.local/lib/python3.7/site-packages/airflow/example_dags/example_short_circuit_operator.py for tasks to queue
[2023-08-11T08:10:00.993+0000] {logging_mixin.py:150} INFO - [2023-08-11T08:10:00.993+0000] {dagbag.py:541} INFO - Filling up the DagBag from /home/airflow/.local/lib/python3.7/site-packages/airflow/example_dags/example_short_circuit_operator.py
[2023-08-11T08:10:01.000+0000] {processor.py:836} INFO - DAG(s) dict_keys(['example_short_circuit_operator']) retrieved from /home/airflow/.local/lib/python3.7/site-packages/airflow/example_dags/example_short_circuit_operator.py
[2023-08-11T08:10:01.028+0000] {logging_mixin.py:150} INFO - [2023-08-11T08:10:01.028+0000] {dag.py:2742} INFO - Sync 1 DAGs
[2023-08-11T08:10:01.049+0000] {logging_mixin.py:150} INFO - [2023-08-11T08:10:01.048+0000] {dag.py:3508} INFO - Setting next_dagrun for example_short_circuit_operator to 2023-08-10T08:10:01.048782+00:00, run_after=2023-08-11T08:10:01.048782+00:00
[2023-08-11T08:10:01.069+0000] {processor.py:179} INFO - Processing /home/airflow/.local/lib/python3.7/site-packages/airflow/example_dags/example_short_circuit_operator.py took 0.087 seconds
[2023-08-11T08:10:31.268+0000] {processor.py:157} INFO - Started process (PID=2367) to work on /home/airflow/.local/lib/python3.7/site-packages/airflow/example_dags/example_short_circuit_operator.py
[2023-08-11T08:10:31.269+0000] {processor.py:826} INFO - Processing file /home/airflow/.local/lib/python3.7/site-packages/airflow/example_dags/example_short_circuit_operator.py for tasks to queue
[2023-08-11T08:10:31.270+0000] {logging_mixin.py:150} INFO - [2023-08-11T08:10:31.269+0000] {dagbag.py:541} INFO - Filling up the DagBag from /home/airflow/.local/lib/python3.7/site-packages/airflow/example_dags/example_short_circuit_operator.py
[2023-08-11T08:10:31.280+0000] {processor.py:836} INFO - DAG(s) dict_keys(['example_short_circuit_operator']) retrieved from /home/airflow/.local/lib/python3.7/site-packages/airflow/example_dags/example_short_circuit_operator.py
[2023-08-11T08:10:31.321+0000] {logging_mixin.py:150} INFO - [2023-08-11T08:10:31.321+0000] {dag.py:2742} INFO - Sync 1 DAGs
[2023-08-11T08:10:31.358+0000] {logging_mixin.py:150} INFO - [2023-08-11T08:10:31.358+0000] {dag.py:3508} INFO - Setting next_dagrun for example_short_circuit_operator to 2023-08-10T08:10:31.358046+00:00, run_after=2023-08-11T08:10:31.358046+00:00
[2023-08-11T08:10:31.389+0000] {processor.py:179} INFO - Processing /home/airflow/.local/lib/python3.7/site-packages/airflow/example_dags/example_short_circuit_operator.py took 0.125 seconds
[2023-08-11T08:11:01.783+0000] {processor.py:157} INFO - Started process (PID=2433) to work on /home/airflow/.local/lib/python3.7/site-packages/airflow/example_dags/example_short_circuit_operator.py
[2023-08-11T08:11:01.785+0000] {processor.py:826} INFO - Processing file /home/airflow/.local/lib/python3.7/site-packages/airflow/example_dags/example_short_circuit_operator.py for tasks to queue
[2023-08-11T08:11:01.785+0000] {logging_mixin.py:150} INFO - [2023-08-11T08:11:01.785+0000] {dagbag.py:541} INFO - Filling up the DagBag from /home/airflow/.local/lib/python3.7/site-packages/airflow/example_dags/example_short_circuit_operator.py
[2023-08-11T08:11:01.795+0000] {processor.py:836} INFO - DAG(s) dict_keys(['example_short_circuit_operator']) retrieved from /home/airflow/.local/lib/python3.7/site-packages/airflow/example_dags/example_short_circuit_operator.py
[2023-08-11T08:11:01.820+0000] {logging_mixin.py:150} INFO - [2023-08-11T08:11:01.820+0000] {dag.py:2742} INFO - Sync 1 DAGs
[2023-08-11T08:11:01.844+0000] {logging_mixin.py:150} INFO - [2023-08-11T08:11:01.844+0000] {dag.py:3508} INFO - Setting next_dagrun for example_short_circuit_operator to 2023-08-10T08:11:01.843939+00:00, run_after=2023-08-11T08:11:01.843939+00:00
[2023-08-11T08:11:01.865+0000] {processor.py:179} INFO - Processing /home/airflow/.local/lib/python3.7/site-packages/airflow/example_dags/example_short_circuit_operator.py took 0.085 seconds
[2023-08-11T08:11:32.616+0000] {processor.py:157} INFO - Started process (PID=2500) to work on /home/airflow/.local/lib/python3.7/site-packages/airflow/example_dags/example_short_circuit_operator.py
[2023-08-11T08:11:32.616+0000] {processor.py:826} INFO - Processing file /home/airflow/.local/lib/python3.7/site-packages/airflow/example_dags/example_short_circuit_operator.py for tasks to queue
[2023-08-11T08:11:32.617+0000] {logging_mixin.py:150} INFO - [2023-08-11T08:11:32.617+0000] {dagbag.py:541} INFO - Filling up the DagBag from /home/airflow/.local/lib/python3.7/site-packages/airflow/example_dags/example_short_circuit_operator.py
[2023-08-11T08:11:32.626+0000] {processor.py:836} INFO - DAG(s) dict_keys(['example_short_circuit_operator']) retrieved from /home/airflow/.local/lib/python3.7/site-packages/airflow/example_dags/example_short_circuit_operator.py
[2023-08-11T08:11:32.651+0000] {logging_mixin.py:150} INFO - [2023-08-11T08:11:32.650+0000] {dag.py:2742} INFO - Sync 1 DAGs
[2023-08-11T08:11:32.671+0000] {logging_mixin.py:150} INFO - [2023-08-11T08:11:32.671+0000] {dag.py:3508} INFO - Setting next_dagrun for example_short_circuit_operator to 2023-08-10T08:11:32.670712+00:00, run_after=2023-08-11T08:11:32.670712+00:00
[2023-08-11T08:11:32.691+0000] {processor.py:179} INFO - Processing /home/airflow/.local/lib/python3.7/site-packages/airflow/example_dags/example_short_circuit_operator.py took 0.077 seconds
[2023-08-11T08:12:03.248+0000] {processor.py:157} INFO - Started process (PID=2566) to work on /home/airflow/.local/lib/python3.7/site-packages/airflow/example_dags/example_short_circuit_operator.py
[2023-08-11T08:12:03.249+0000] {processor.py:826} INFO - Processing file /home/airflow/.local/lib/python3.7/site-packages/airflow/example_dags/example_short_circuit_operator.py for tasks to queue
[2023-08-11T08:12:03.250+0000] {logging_mixin.py:150} INFO - [2023-08-11T08:12:03.250+0000] {dagbag.py:541} INFO - Filling up the DagBag from /home/airflow/.local/lib/python3.7/site-packages/airflow/example_dags/example_short_circuit_operator.py
[2023-08-11T08:12:03.257+0000] {processor.py:836} INFO - DAG(s) dict_keys(['example_short_circuit_operator']) retrieved from /home/airflow/.local/lib/python3.7/site-packages/airflow/example_dags/example_short_circuit_operator.py
[2023-08-11T08:12:03.285+0000] {logging_mixin.py:150} INFO - [2023-08-11T08:12:03.285+0000] {dag.py:2742} INFO - Sync 1 DAGs
[2023-08-11T08:12:03.306+0000] {logging_mixin.py:150} INFO - [2023-08-11T08:12:03.306+0000] {dag.py:3508} INFO - Setting next_dagrun for example_short_circuit_operator to 2023-08-10T08:12:03.306339+00:00, run_after=2023-08-11T08:12:03.306339+00:00
[2023-08-11T08:12:03.323+0000] {processor.py:179} INFO - Processing /home/airflow/.local/lib/python3.7/site-packages/airflow/example_dags/example_short_circuit_operator.py took 0.078 seconds
[2023-08-11T08:12:33.423+0000] {processor.py:157} INFO - Started process (PID=2632) to work on /home/airflow/.local/lib/python3.7/site-packages/airflow/example_dags/example_short_circuit_operator.py
[2023-08-11T08:12:33.424+0000] {processor.py:826} INFO - Processing file /home/airflow/.local/lib/python3.7/site-packages/airflow/example_dags/example_short_circuit_operator.py for tasks to queue
[2023-08-11T08:12:33.425+0000] {logging_mixin.py:150} INFO - [2023-08-11T08:12:33.424+0000] {dagbag.py:541} INFO - Filling up the DagBag from /home/airflow/.local/lib/python3.7/site-packages/airflow/example_dags/example_short_circuit_operator.py
[2023-08-11T08:12:33.437+0000] {processor.py:836} INFO - DAG(s) dict_keys(['example_short_circuit_operator']) retrieved from /home/airflow/.local/lib/python3.7/site-packages/airflow/example_dags/example_short_circuit_operator.py
[2023-08-11T08:12:33.485+0000] {logging_mixin.py:150} INFO - [2023-08-11T08:12:33.485+0000] {dag.py:2742} INFO - Sync 1 DAGs
[2023-08-11T08:12:33.517+0000] {logging_mixin.py:150} INFO - [2023-08-11T08:12:33.517+0000] {dag.py:3508} INFO - Setting next_dagrun for example_short_circuit_operator to 2023-08-10T08:12:33.517151+00:00, run_after=2023-08-11T08:12:33.517151+00:00
[2023-08-11T08:12:33.556+0000] {processor.py:179} INFO - Processing /home/airflow/.local/lib/python3.7/site-packages/airflow/example_dags/example_short_circuit_operator.py took 0.136 seconds
[2023-08-11T08:13:04.168+0000] {processor.py:157} INFO - Started process (PID=2705) to work on /home/airflow/.local/lib/python3.7/site-packages/airflow/example_dags/example_short_circuit_operator.py
[2023-08-11T08:13:04.170+0000] {processor.py:826} INFO - Processing file /home/airflow/.local/lib/python3.7/site-packages/airflow/example_dags/example_short_circuit_operator.py for tasks to queue
[2023-08-11T08:13:04.171+0000] {logging_mixin.py:150} INFO - [2023-08-11T08:13:04.171+0000] {dagbag.py:541} INFO - Filling up the DagBag from /home/airflow/.local/lib/python3.7/site-packages/airflow/example_dags/example_short_circuit_operator.py
[2023-08-11T08:13:04.182+0000] {processor.py:836} INFO - DAG(s) dict_keys(['example_short_circuit_operator']) retrieved from /home/airflow/.local/lib/python3.7/site-packages/airflow/example_dags/example_short_circuit_operator.py
[2023-08-11T08:13:04.223+0000] {logging_mixin.py:150} INFO - [2023-08-11T08:13:04.223+0000] {dag.py:2742} INFO - Sync 1 DAGs
[2023-08-11T08:13:04.263+0000] {logging_mixin.py:150} INFO - [2023-08-11T08:13:04.262+0000] {dag.py:3508} INFO - Setting next_dagrun for example_short_circuit_operator to 2023-08-10T08:13:04.262234+00:00, run_after=2023-08-11T08:13:04.262234+00:00
[2023-08-11T08:13:04.299+0000] {processor.py:179} INFO - Processing /home/airflow/.local/lib/python3.7/site-packages/airflow/example_dags/example_short_circuit_operator.py took 0.135 seconds
[2023-08-11T08:13:34.732+0000] {processor.py:157} INFO - Started process (PID=2771) to work on /home/airflow/.local/lib/python3.7/site-packages/airflow/example_dags/example_short_circuit_operator.py
[2023-08-11T08:13:34.733+0000] {processor.py:826} INFO - Processing file /home/airflow/.local/lib/python3.7/site-packages/airflow/example_dags/example_short_circuit_operator.py for tasks to queue
[2023-08-11T08:13:34.734+0000] {logging_mixin.py:150} INFO - [2023-08-11T08:13:34.734+0000] {dagbag.py:541} INFO - Filling up the DagBag from /home/airflow/.local/lib/python3.7/site-packages/airflow/example_dags/example_short_circuit_operator.py
[2023-08-11T08:13:34.740+0000] {processor.py:836} INFO - DAG(s) dict_keys(['example_short_circuit_operator']) retrieved from /home/airflow/.local/lib/python3.7/site-packages/airflow/example_dags/example_short_circuit_operator.py
[2023-08-11T08:13:34.768+0000] {logging_mixin.py:150} INFO - [2023-08-11T08:13:34.768+0000] {dag.py:2742} INFO - Sync 1 DAGs
[2023-08-11T08:13:34.792+0000] {logging_mixin.py:150} INFO - [2023-08-11T08:13:34.792+0000] {dag.py:3508} INFO - Setting next_dagrun for example_short_circuit_operator to 2023-08-10T08:13:34.792138+00:00, run_after=2023-08-11T08:13:34.792138+00:00
[2023-08-11T08:13:34.817+0000] {processor.py:179} INFO - Processing /home/airflow/.local/lib/python3.7/site-packages/airflow/example_dags/example_short_circuit_operator.py took 0.088 seconds
[2023-08-11T08:14:04.875+0000] {processor.py:157} INFO - Started process (PID=2837) to work on /home/airflow/.local/lib/python3.7/site-packages/airflow/example_dags/example_short_circuit_operator.py
[2023-08-11T08:14:04.882+0000] {processor.py:826} INFO - Processing file /home/airflow/.local/lib/python3.7/site-packages/airflow/example_dags/example_short_circuit_operator.py for tasks to queue
[2023-08-11T08:14:04.882+0000] {logging_mixin.py:150} INFO - [2023-08-11T08:14:04.882+0000] {dagbag.py:541} INFO - Filling up the DagBag from /home/airflow/.local/lib/python3.7/site-packages/airflow/example_dags/example_short_circuit_operator.py
[2023-08-11T08:14:04.890+0000] {processor.py:836} INFO - DAG(s) dict_keys(['example_short_circuit_operator']) retrieved from /home/airflow/.local/lib/python3.7/site-packages/airflow/example_dags/example_short_circuit_operator.py
[2023-08-11T08:14:04.916+0000] {logging_mixin.py:150} INFO - [2023-08-11T08:14:04.916+0000] {dag.py:2742} INFO - Sync 1 DAGs
[2023-08-11T08:14:04.937+0000] {logging_mixin.py:150} INFO - [2023-08-11T08:14:04.937+0000] {dag.py:3508} INFO - Setting next_dagrun for example_short_circuit_operator to 2023-08-10T08:14:04.937050+00:00, run_after=2023-08-11T08:14:04.937050+00:00
[2023-08-11T08:14:04.956+0000] {processor.py:179} INFO - Processing /home/airflow/.local/lib/python3.7/site-packages/airflow/example_dags/example_short_circuit_operator.py took 0.084 seconds
[2023-08-11T08:14:35.089+0000] {processor.py:157} INFO - Started process (PID=2891) to work on /home/airflow/.local/lib/python3.7/site-packages/airflow/example_dags/example_short_circuit_operator.py
[2023-08-11T08:14:35.089+0000] {processor.py:826} INFO - Processing file /home/airflow/.local/lib/python3.7/site-packages/airflow/example_dags/example_short_circuit_operator.py for tasks to queue
[2023-08-11T08:14:35.090+0000] {logging_mixin.py:150} INFO - [2023-08-11T08:14:35.090+0000] {dagbag.py:541} INFO - Filling up the DagBag from /home/airflow/.local/lib/python3.7/site-packages/airflow/example_dags/example_short_circuit_operator.py
[2023-08-11T08:14:35.098+0000] {processor.py:836} INFO - DAG(s) dict_keys(['example_short_circuit_operator']) retrieved from /home/airflow/.local/lib/python3.7/site-packages/airflow/example_dags/example_short_circuit_operator.py
[2023-08-11T08:14:35.131+0000] {logging_mixin.py:150} INFO - [2023-08-11T08:14:35.131+0000] {dag.py:2742} INFO - Sync 1 DAGs
[2023-08-11T08:14:35.163+0000] {logging_mixin.py:150} INFO - [2023-08-11T08:14:35.162+0000] {dag.py:3508} INFO - Setting next_dagrun for example_short_circuit_operator to 2023-08-10T08:14:35.162644+00:00, run_after=2023-08-11T08:14:35.162644+00:00
[2023-08-11T08:14:35.194+0000] {processor.py:179} INFO - Processing /home/airflow/.local/lib/python3.7/site-packages/airflow/example_dags/example_short_circuit_operator.py took 0.108 seconds
[2023-08-11T08:15:05.716+0000] {processor.py:157} INFO - Started process (PID=2957) to work on /home/airflow/.local/lib/python3.7/site-packages/airflow/example_dags/example_short_circuit_operator.py
[2023-08-11T08:15:05.718+0000] {processor.py:826} INFO - Processing file /home/airflow/.local/lib/python3.7/site-packages/airflow/example_dags/example_short_circuit_operator.py for tasks to queue
[2023-08-11T08:15:05.719+0000] {logging_mixin.py:150} INFO - [2023-08-11T08:15:05.719+0000] {dagbag.py:541} INFO - Filling up the DagBag from /home/airflow/.local/lib/python3.7/site-packages/airflow/example_dags/example_short_circuit_operator.py
[2023-08-11T08:15:05.726+0000] {processor.py:836} INFO - DAG(s) dict_keys(['example_short_circuit_operator']) retrieved from /home/airflow/.local/lib/python3.7/site-packages/airflow/example_dags/example_short_circuit_operator.py
[2023-08-11T08:15:05.752+0000] {logging_mixin.py:150} INFO - [2023-08-11T08:15:05.752+0000] {dag.py:2742} INFO - Sync 1 DAGs
[2023-08-11T08:15:05.776+0000] {logging_mixin.py:150} INFO - [2023-08-11T08:15:05.775+0000] {dag.py:3508} INFO - Setting next_dagrun for example_short_circuit_operator to 2023-08-10T08:15:05.775722+00:00, run_after=2023-08-11T08:15:05.775722+00:00
[2023-08-11T08:15:05.804+0000] {processor.py:179} INFO - Processing /home/airflow/.local/lib/python3.7/site-packages/airflow/example_dags/example_short_circuit_operator.py took 0.090 seconds
[2023-08-11T08:15:35.890+0000] {processor.py:157} INFO - Started process (PID=3025) to work on /home/airflow/.local/lib/python3.7/site-packages/airflow/example_dags/example_short_circuit_operator.py
[2023-08-11T08:15:35.892+0000] {processor.py:826} INFO - Processing file /home/airflow/.local/lib/python3.7/site-packages/airflow/example_dags/example_short_circuit_operator.py for tasks to queue
[2023-08-11T08:15:35.893+0000] {logging_mixin.py:150} INFO - [2023-08-11T08:15:35.892+0000] {dagbag.py:541} INFO - Filling up the DagBag from /home/airflow/.local/lib/python3.7/site-packages/airflow/example_dags/example_short_circuit_operator.py
[2023-08-11T08:15:35.905+0000] {processor.py:836} INFO - DAG(s) dict_keys(['example_short_circuit_operator']) retrieved from /home/airflow/.local/lib/python3.7/site-packages/airflow/example_dags/example_short_circuit_operator.py
[2023-08-11T08:15:35.932+0000] {logging_mixin.py:150} INFO - [2023-08-11T08:15:35.931+0000] {dag.py:2742} INFO - Sync 1 DAGs
[2023-08-11T08:15:35.961+0000] {logging_mixin.py:150} INFO - [2023-08-11T08:15:35.961+0000] {dag.py:3508} INFO - Setting next_dagrun for example_short_circuit_operator to 2023-08-10T08:15:35.961427+00:00, run_after=2023-08-11T08:15:35.961427+00:00
[2023-08-11T08:15:35.984+0000] {processor.py:179} INFO - Processing /home/airflow/.local/lib/python3.7/site-packages/airflow/example_dags/example_short_circuit_operator.py took 0.098 seconds
[2023-08-11T08:16:06.009+0000] {processor.py:157} INFO - Started process (PID=3091) to work on /home/airflow/.local/lib/python3.7/site-packages/airflow/example_dags/example_short_circuit_operator.py
[2023-08-11T08:16:06.010+0000] {processor.py:826} INFO - Processing file /home/airflow/.local/lib/python3.7/site-packages/airflow/example_dags/example_short_circuit_operator.py for tasks to queue
[2023-08-11T08:16:06.011+0000] {logging_mixin.py:150} INFO - [2023-08-11T08:16:06.010+0000] {dagbag.py:541} INFO - Filling up the DagBag from /home/airflow/.local/lib/python3.7/site-packages/airflow/example_dags/example_short_circuit_operator.py
[2023-08-11T08:16:06.018+0000] {processor.py:836} INFO - DAG(s) dict_keys(['example_short_circuit_operator']) retrieved from /home/airflow/.local/lib/python3.7/site-packages/airflow/example_dags/example_short_circuit_operator.py
[2023-08-11T08:16:06.046+0000] {logging_mixin.py:150} INFO - [2023-08-11T08:16:06.046+0000] {dag.py:2742} INFO - Sync 1 DAGs
[2023-08-11T08:16:06.071+0000] {logging_mixin.py:150} INFO - [2023-08-11T08:16:06.071+0000] {dag.py:3508} INFO - Setting next_dagrun for example_short_circuit_operator to 2023-08-10T08:16:06.071031+00:00, run_after=2023-08-11T08:16:06.071031+00:00
[2023-08-11T08:16:06.094+0000] {processor.py:179} INFO - Processing /home/airflow/.local/lib/python3.7/site-packages/airflow/example_dags/example_short_circuit_operator.py took 0.088 seconds
[2023-08-11T08:16:36.167+0000] {processor.py:157} INFO - Started process (PID=3160) to work on /home/airflow/.local/lib/python3.7/site-packages/airflow/example_dags/example_short_circuit_operator.py
[2023-08-11T08:16:36.168+0000] {processor.py:826} INFO - Processing file /home/airflow/.local/lib/python3.7/site-packages/airflow/example_dags/example_short_circuit_operator.py for tasks to queue
[2023-08-11T08:16:36.169+0000] {logging_mixin.py:150} INFO - [2023-08-11T08:16:36.169+0000] {dagbag.py:541} INFO - Filling up the DagBag from /home/airflow/.local/lib/python3.7/site-packages/airflow/example_dags/example_short_circuit_operator.py
[2023-08-11T08:16:36.179+0000] {processor.py:836} INFO - DAG(s) dict_keys(['example_short_circuit_operator']) retrieved from /home/airflow/.local/lib/python3.7/site-packages/airflow/example_dags/example_short_circuit_operator.py
[2023-08-11T08:16:36.211+0000] {logging_mixin.py:150} INFO - [2023-08-11T08:16:36.211+0000] {dag.py:2742} INFO - Sync 1 DAGs
[2023-08-11T08:16:36.235+0000] {logging_mixin.py:150} INFO - [2023-08-11T08:16:36.235+0000] {dag.py:3508} INFO - Setting next_dagrun for example_short_circuit_operator to 2023-08-10T08:16:36.235247+00:00, run_after=2023-08-11T08:16:36.235247+00:00
[2023-08-11T08:16:36.261+0000] {processor.py:179} INFO - Processing /home/airflow/.local/lib/python3.7/site-packages/airflow/example_dags/example_short_circuit_operator.py took 0.097 seconds
[2023-08-11T08:17:06.379+0000] {processor.py:157} INFO - Started process (PID=3226) to work on /home/airflow/.local/lib/python3.7/site-packages/airflow/example_dags/example_short_circuit_operator.py
[2023-08-11T08:17:06.380+0000] {processor.py:826} INFO - Processing file /home/airflow/.local/lib/python3.7/site-packages/airflow/example_dags/example_short_circuit_operator.py for tasks to queue
[2023-08-11T08:17:06.380+0000] {logging_mixin.py:150} INFO - [2023-08-11T08:17:06.380+0000] {dagbag.py:541} INFO - Filling up the DagBag from /home/airflow/.local/lib/python3.7/site-packages/airflow/example_dags/example_short_circuit_operator.py
[2023-08-11T08:17:06.392+0000] {processor.py:836} INFO - DAG(s) dict_keys(['example_short_circuit_operator']) retrieved from /home/airflow/.local/lib/python3.7/site-packages/airflow/example_dags/example_short_circuit_operator.py
[2023-08-11T08:17:06.430+0000] {logging_mixin.py:150} INFO - [2023-08-11T08:17:06.430+0000] {dag.py:2742} INFO - Sync 1 DAGs
[2023-08-11T08:17:06.468+0000] {logging_mixin.py:150} INFO - [2023-08-11T08:17:06.468+0000] {dag.py:3508} INFO - Setting next_dagrun for example_short_circuit_operator to 2023-08-10T08:17:06.467916+00:00, run_after=2023-08-11T08:17:06.467916+00:00
[2023-08-11T08:17:06.506+0000] {processor.py:179} INFO - Processing /home/airflow/.local/lib/python3.7/site-packages/airflow/example_dags/example_short_circuit_operator.py took 0.132 seconds
[2023-08-11T08:17:36.629+0000] {processor.py:157} INFO - Started process (PID=3304) to work on /home/airflow/.local/lib/python3.7/site-packages/airflow/example_dags/example_short_circuit_operator.py
[2023-08-11T08:17:36.631+0000] {processor.py:826} INFO - Processing file /home/airflow/.local/lib/python3.7/site-packages/airflow/example_dags/example_short_circuit_operator.py for tasks to queue
[2023-08-11T08:17:36.632+0000] {logging_mixin.py:150} INFO - [2023-08-11T08:17:36.631+0000] {dagbag.py:541} INFO - Filling up the DagBag from /home/airflow/.local/lib/python3.7/site-packages/airflow/example_dags/example_short_circuit_operator.py
[2023-08-11T08:17:36.639+0000] {processor.py:836} INFO - DAG(s) dict_keys(['example_short_circuit_operator']) retrieved from /home/airflow/.local/lib/python3.7/site-packages/airflow/example_dags/example_short_circuit_operator.py
[2023-08-11T08:17:36.667+0000] {logging_mixin.py:150} INFO - [2023-08-11T08:17:36.667+0000] {dag.py:2742} INFO - Sync 1 DAGs
[2023-08-11T08:17:36.690+0000] {logging_mixin.py:150} INFO - [2023-08-11T08:17:36.690+0000] {dag.py:3508} INFO - Setting next_dagrun for example_short_circuit_operator to 2023-08-10T08:17:36.690173+00:00, run_after=2023-08-11T08:17:36.690173+00:00
[2023-08-11T08:17:36.713+0000] {processor.py:179} INFO - Processing /home/airflow/.local/lib/python3.7/site-packages/airflow/example_dags/example_short_circuit_operator.py took 0.088 seconds
[2023-08-11T08:18:06.922+0000] {processor.py:157} INFO - Started process (PID=3395) to work on /home/airflow/.local/lib/python3.7/site-packages/airflow/example_dags/example_short_circuit_operator.py
[2023-08-11T08:18:06.923+0000] {processor.py:826} INFO - Processing file /home/airflow/.local/lib/python3.7/site-packages/airflow/example_dags/example_short_circuit_operator.py for tasks to queue
[2023-08-11T08:18:06.924+0000] {logging_mixin.py:150} INFO - [2023-08-11T08:18:06.924+0000] {dagbag.py:541} INFO - Filling up the DagBag from /home/airflow/.local/lib/python3.7/site-packages/airflow/example_dags/example_short_circuit_operator.py
[2023-08-11T08:18:06.936+0000] {processor.py:836} INFO - DAG(s) dict_keys(['example_short_circuit_operator']) retrieved from /home/airflow/.local/lib/python3.7/site-packages/airflow/example_dags/example_short_circuit_operator.py
[2023-08-11T08:18:06.972+0000] {logging_mixin.py:150} INFO - [2023-08-11T08:18:06.972+0000] {dag.py:2742} INFO - Sync 1 DAGs
[2023-08-11T08:18:07.005+0000] {logging_mixin.py:150} INFO - [2023-08-11T08:18:07.005+0000] {dag.py:3508} INFO - Setting next_dagrun for example_short_circuit_operator to 2023-08-10T08:18:07.005221+00:00, run_after=2023-08-11T08:18:07.005221+00:00
[2023-08-11T08:18:07.038+0000] {processor.py:179} INFO - Processing /home/airflow/.local/lib/python3.7/site-packages/airflow/example_dags/example_short_circuit_operator.py took 0.120 seconds
[2023-08-11T08:18:37.426+0000] {processor.py:157} INFO - Started process (PID=3480) to work on /home/airflow/.local/lib/python3.7/site-packages/airflow/example_dags/example_short_circuit_operator.py
[2023-08-11T08:18:37.427+0000] {processor.py:826} INFO - Processing file /home/airflow/.local/lib/python3.7/site-packages/airflow/example_dags/example_short_circuit_operator.py for tasks to queue
[2023-08-11T08:18:37.429+0000] {logging_mixin.py:150} INFO - [2023-08-11T08:18:37.429+0000] {dagbag.py:541} INFO - Filling up the DagBag from /home/airflow/.local/lib/python3.7/site-packages/airflow/example_dags/example_short_circuit_operator.py
[2023-08-11T08:18:37.463+0000] {processor.py:836} INFO - DAG(s) dict_keys(['example_short_circuit_operator']) retrieved from /home/airflow/.local/lib/python3.7/site-packages/airflow/example_dags/example_short_circuit_operator.py
[2023-08-11T08:18:37.584+0000] {logging_mixin.py:150} INFO - [2023-08-11T08:18:37.584+0000] {dag.py:2742} INFO - Sync 1 DAGs
[2023-08-11T08:18:37.733+0000] {logging_mixin.py:150} INFO - [2023-08-11T08:18:37.732+0000] {dag.py:3508} INFO - Setting next_dagrun for example_short_circuit_operator to 2023-08-10T08:18:37.729547+00:00, run_after=2023-08-11T08:18:37.729547+00:00
[2023-08-11T08:18:37.835+0000] {processor.py:179} INFO - Processing /home/airflow/.local/lib/python3.7/site-packages/airflow/example_dags/example_short_circuit_operator.py took 0.420 seconds
[2023-08-11T08:19:08.195+0000] {processor.py:157} INFO - Started process (PID=3559) to work on /home/airflow/.local/lib/python3.7/site-packages/airflow/example_dags/example_short_circuit_operator.py
[2023-08-11T08:19:08.405+0000] {processor.py:826} INFO - Processing file /home/airflow/.local/lib/python3.7/site-packages/airflow/example_dags/example_short_circuit_operator.py for tasks to queue
[2023-08-11T08:19:08.409+0000] {logging_mixin.py:150} INFO - [2023-08-11T08:19:08.406+0000] {dagbag.py:541} INFO - Filling up the DagBag from /home/airflow/.local/lib/python3.7/site-packages/airflow/example_dags/example_short_circuit_operator.py
[2023-08-11T08:19:08.438+0000] {processor.py:836} INFO - DAG(s) dict_keys(['example_short_circuit_operator']) retrieved from /home/airflow/.local/lib/python3.7/site-packages/airflow/example_dags/example_short_circuit_operator.py
[2023-08-11T08:19:08.559+0000] {logging_mixin.py:150} INFO - [2023-08-11T08:19:08.559+0000] {dag.py:2742} INFO - Sync 1 DAGs
[2023-08-11T08:19:08.636+0000] {logging_mixin.py:150} INFO - [2023-08-11T08:19:08.635+0000] {dag.py:3508} INFO - Setting next_dagrun for example_short_circuit_operator to 2023-08-10T08:19:08.635178+00:00, run_after=2023-08-11T08:19:08.635178+00:00
[2023-08-11T08:19:08.697+0000] {processor.py:179} INFO - Processing /home/airflow/.local/lib/python3.7/site-packages/airflow/example_dags/example_short_circuit_operator.py took 0.519 seconds
[2023-08-11T08:19:39.143+0000] {processor.py:157} INFO - Started process (PID=3637) to work on /home/airflow/.local/lib/python3.7/site-packages/airflow/example_dags/example_short_circuit_operator.py
[2023-08-11T08:19:39.146+0000] {processor.py:826} INFO - Processing file /home/airflow/.local/lib/python3.7/site-packages/airflow/example_dags/example_short_circuit_operator.py for tasks to queue
[2023-08-11T08:19:39.150+0000] {logging_mixin.py:150} INFO - [2023-08-11T08:19:39.148+0000] {dagbag.py:541} INFO - Filling up the DagBag from /home/airflow/.local/lib/python3.7/site-packages/airflow/example_dags/example_short_circuit_operator.py
[2023-08-11T08:19:39.165+0000] {processor.py:836} INFO - DAG(s) dict_keys(['example_short_circuit_operator']) retrieved from /home/airflow/.local/lib/python3.7/site-packages/airflow/example_dags/example_short_circuit_operator.py
[2023-08-11T08:19:39.205+0000] {logging_mixin.py:150} INFO - [2023-08-11T08:19:39.204+0000] {dag.py:2742} INFO - Sync 1 DAGs
[2023-08-11T08:19:39.235+0000] {logging_mixin.py:150} INFO - [2023-08-11T08:19:39.235+0000] {dag.py:3508} INFO - Setting next_dagrun for example_short_circuit_operator to 2023-08-10T08:19:39.235026+00:00, run_after=2023-08-11T08:19:39.235026+00:00
[2023-08-11T08:19:39.269+0000] {processor.py:179} INFO - Processing /home/airflow/.local/lib/python3.7/site-packages/airflow/example_dags/example_short_circuit_operator.py took 0.132 seconds
[2023-08-11T08:20:09.454+0000] {processor.py:157} INFO - Started process (PID=3722) to work on /home/airflow/.local/lib/python3.7/site-packages/airflow/example_dags/example_short_circuit_operator.py
[2023-08-11T08:20:09.455+0000] {processor.py:826} INFO - Processing file /home/airflow/.local/lib/python3.7/site-packages/airflow/example_dags/example_short_circuit_operator.py for tasks to queue
[2023-08-11T08:20:09.456+0000] {logging_mixin.py:150} INFO - [2023-08-11T08:20:09.456+0000] {dagbag.py:541} INFO - Filling up the DagBag from /home/airflow/.local/lib/python3.7/site-packages/airflow/example_dags/example_short_circuit_operator.py
[2023-08-11T08:20:09.468+0000] {processor.py:836} INFO - DAG(s) dict_keys(['example_short_circuit_operator']) retrieved from /home/airflow/.local/lib/python3.7/site-packages/airflow/example_dags/example_short_circuit_operator.py
[2023-08-11T08:20:09.548+0000] {logging_mixin.py:150} INFO - [2023-08-11T08:20:09.548+0000] {dag.py:2742} INFO - Sync 1 DAGs
[2023-08-11T08:20:09.610+0000] {logging_mixin.py:150} INFO - [2023-08-11T08:20:09.610+0000] {dag.py:3508} INFO - Setting next_dagrun for example_short_circuit_operator to 2023-08-10T08:20:09.609766+00:00, run_after=2023-08-11T08:20:09.609766+00:00
[2023-08-11T08:20:09.662+0000] {processor.py:179} INFO - Processing /home/airflow/.local/lib/python3.7/site-packages/airflow/example_dags/example_short_circuit_operator.py took 0.215 seconds
[2023-08-11T08:20:39.965+0000] {processor.py:157} INFO - Started process (PID=3800) to work on /home/airflow/.local/lib/python3.7/site-packages/airflow/example_dags/example_short_circuit_operator.py
[2023-08-11T08:20:39.966+0000] {processor.py:826} INFO - Processing file /home/airflow/.local/lib/python3.7/site-packages/airflow/example_dags/example_short_circuit_operator.py for tasks to queue
[2023-08-11T08:20:39.967+0000] {logging_mixin.py:150} INFO - [2023-08-11T08:20:39.967+0000] {dagbag.py:541} INFO - Filling up the DagBag from /home/airflow/.local/lib/python3.7/site-packages/airflow/example_dags/example_short_circuit_operator.py
[2023-08-11T08:20:39.977+0000] {processor.py:836} INFO - DAG(s) dict_keys(['example_short_circuit_operator']) retrieved from /home/airflow/.local/lib/python3.7/site-packages/airflow/example_dags/example_short_circuit_operator.py
[2023-08-11T08:20:40.006+0000] {logging_mixin.py:150} INFO - [2023-08-11T08:20:40.006+0000] {dag.py:2742} INFO - Sync 1 DAGs
[2023-08-11T08:20:40.030+0000] {logging_mixin.py:150} INFO - [2023-08-11T08:20:40.030+0000] {dag.py:3508} INFO - Setting next_dagrun for example_short_circuit_operator to 2023-08-10T08:20:40.030248+00:00, run_after=2023-08-11T08:20:40.030248+00:00
[2023-08-11T08:20:40.052+0000] {processor.py:179} INFO - Processing /home/airflow/.local/lib/python3.7/site-packages/airflow/example_dags/example_short_circuit_operator.py took 0.089 seconds
[2023-08-11T08:21:10.553+0000] {processor.py:157} INFO - Started process (PID=3891) to work on /home/airflow/.local/lib/python3.7/site-packages/airflow/example_dags/example_short_circuit_operator.py
[2023-08-11T08:21:10.554+0000] {processor.py:826} INFO - Processing file /home/airflow/.local/lib/python3.7/site-packages/airflow/example_dags/example_short_circuit_operator.py for tasks to queue
[2023-08-11T08:21:10.555+0000] {logging_mixin.py:150} INFO - [2023-08-11T08:21:10.555+0000] {dagbag.py:541} INFO - Filling up the DagBag from /home/airflow/.local/lib/python3.7/site-packages/airflow/example_dags/example_short_circuit_operator.py
[2023-08-11T08:21:10.562+0000] {processor.py:836} INFO - DAG(s) dict_keys(['example_short_circuit_operator']) retrieved from /home/airflow/.local/lib/python3.7/site-packages/airflow/example_dags/example_short_circuit_operator.py
[2023-08-11T08:21:10.590+0000] {logging_mixin.py:150} INFO - [2023-08-11T08:21:10.590+0000] {dag.py:2742} INFO - Sync 1 DAGs
[2023-08-11T08:21:10.614+0000] {logging_mixin.py:150} INFO - [2023-08-11T08:21:10.614+0000] {dag.py:3508} INFO - Setting next_dagrun for example_short_circuit_operator to 2023-08-10T08:21:10.614511+00:00, run_after=2023-08-11T08:21:10.614511+00:00
[2023-08-11T08:21:10.634+0000] {processor.py:179} INFO - Processing /home/airflow/.local/lib/python3.7/site-packages/airflow/example_dags/example_short_circuit_operator.py took 0.085 seconds
[2023-08-11T08:21:40.895+0000] {processor.py:157} INFO - Started process (PID=3982) to work on /home/airflow/.local/lib/python3.7/site-packages/airflow/example_dags/example_short_circuit_operator.py
[2023-08-11T08:21:40.896+0000] {processor.py:826} INFO - Processing file /home/airflow/.local/lib/python3.7/site-packages/airflow/example_dags/example_short_circuit_operator.py for tasks to queue
[2023-08-11T08:21:40.897+0000] {logging_mixin.py:150} INFO - [2023-08-11T08:21:40.896+0000] {dagbag.py:541} INFO - Filling up the DagBag from /home/airflow/.local/lib/python3.7/site-packages/airflow/example_dags/example_short_circuit_operator.py
[2023-08-11T08:21:40.906+0000] {processor.py:836} INFO - DAG(s) dict_keys(['example_short_circuit_operator']) retrieved from /home/airflow/.local/lib/python3.7/site-packages/airflow/example_dags/example_short_circuit_operator.py
[2023-08-11T08:21:40.931+0000] {logging_mixin.py:150} INFO - [2023-08-11T08:21:40.931+0000] {dag.py:2742} INFO - Sync 1 DAGs
[2023-08-11T08:21:40.955+0000] {logging_mixin.py:150} INFO - [2023-08-11T08:21:40.955+0000] {dag.py:3508} INFO - Setting next_dagrun for example_short_circuit_operator to 2023-08-10T08:21:40.955462+00:00, run_after=2023-08-11T08:21:40.955462+00:00
[2023-08-11T08:21:40.977+0000] {processor.py:179} INFO - Processing /home/airflow/.local/lib/python3.7/site-packages/airflow/example_dags/example_short_circuit_operator.py took 0.085 seconds
[2023-08-11T08:22:11.373+0000] {processor.py:157} INFO - Started process (PID=4073) to work on /home/airflow/.local/lib/python3.7/site-packages/airflow/example_dags/example_short_circuit_operator.py
[2023-08-11T08:22:11.375+0000] {processor.py:826} INFO - Processing file /home/airflow/.local/lib/python3.7/site-packages/airflow/example_dags/example_short_circuit_operator.py for tasks to queue
[2023-08-11T08:22:11.377+0000] {logging_mixin.py:150} INFO - [2023-08-11T08:22:11.376+0000] {dagbag.py:541} INFO - Filling up the DagBag from /home/airflow/.local/lib/python3.7/site-packages/airflow/example_dags/example_short_circuit_operator.py
[2023-08-11T08:22:11.410+0000] {processor.py:836} INFO - DAG(s) dict_keys(['example_short_circuit_operator']) retrieved from /home/airflow/.local/lib/python3.7/site-packages/airflow/example_dags/example_short_circuit_operator.py
[2023-08-11T08:22:11.520+0000] {logging_mixin.py:150} INFO - [2023-08-11T08:22:11.519+0000] {dag.py:2742} INFO - Sync 1 DAGs
[2023-08-11T08:22:11.567+0000] {logging_mixin.py:150} INFO - [2023-08-11T08:22:11.567+0000] {dag.py:3508} INFO - Setting next_dagrun for example_short_circuit_operator to 2023-08-10T08:22:11.566643+00:00, run_after=2023-08-11T08:22:11.566643+00:00
[2023-08-11T08:22:11.606+0000] {processor.py:179} INFO - Processing /home/airflow/.local/lib/python3.7/site-packages/airflow/example_dags/example_short_circuit_operator.py took 0.243 seconds
