[2023-08-11T07:52:47.881+0000] {processor.py:157} INFO - Started process (PID=59) to work on /home/airflow/.local/lib/python3.7/site-packages/airflow/example_dags/example_branch_operator.py
[2023-08-11T07:52:47.889+0000] {processor.py:826} INFO - Processing file /home/airflow/.local/lib/python3.7/site-packages/airflow/example_dags/example_branch_operator.py for tasks to queue
[2023-08-11T07:52:47.891+0000] {logging_mixin.py:150} INFO - [2023-08-11T07:52:47.890+0000] {dagbag.py:541} INFO - Filling up the DagBag from /home/airflow/.local/lib/python3.7/site-packages/airflow/example_dags/example_branch_operator.py
[2023-08-11T07:52:47.959+0000] {processor.py:836} INFO - DAG(s) dict_keys(['example_branch_operator']) retrieved from /home/airflow/.local/lib/python3.7/site-packages/airflow/example_dags/example_branch_operator.py
[2023-08-11T07:52:48.002+0000] {logging_mixin.py:150} INFO - [2023-08-11T07:52:48.001+0000] {dag.py:2742} INFO - Sync 1 DAGs
[2023-08-11T07:52:48.131+0000] {logging_mixin.py:150} INFO - [2023-08-11T07:52:48.130+0000] {dag.py:3508} INFO - Setting next_dagrun for example_branch_operator to 2023-08-10T00:00:00+00:00, run_after=2023-08-11T00:00:00+00:00
[2023-08-11T07:52:48.184+0000] {processor.py:179} INFO - Processing /home/airflow/.local/lib/python3.7/site-packages/airflow/example_dags/example_branch_operator.py took 0.350 seconds
[2023-08-11T07:53:18.638+0000] {processor.py:157} INFO - Started process (PID=124) to work on /home/airflow/.local/lib/python3.7/site-packages/airflow/example_dags/example_branch_operator.py
[2023-08-11T07:53:18.640+0000] {processor.py:826} INFO - Processing file /home/airflow/.local/lib/python3.7/site-packages/airflow/example_dags/example_branch_operator.py for tasks to queue
[2023-08-11T07:53:18.641+0000] {logging_mixin.py:150} INFO - [2023-08-11T07:53:18.641+0000] {dagbag.py:541} INFO - Filling up the DagBag from /home/airflow/.local/lib/python3.7/site-packages/airflow/example_dags/example_branch_operator.py
[2023-08-11T07:53:18.651+0000] {processor.py:836} INFO - DAG(s) dict_keys(['example_branch_operator']) retrieved from /home/airflow/.local/lib/python3.7/site-packages/airflow/example_dags/example_branch_operator.py
[2023-08-11T07:53:18.678+0000] {logging_mixin.py:150} INFO - [2023-08-11T07:53:18.677+0000] {dag.py:2742} INFO - Sync 1 DAGs
[2023-08-11T07:53:18.703+0000] {logging_mixin.py:150} INFO - [2023-08-11T07:53:18.703+0000] {dag.py:3508} INFO - Setting next_dagrun for example_branch_operator to 2023-08-10T00:00:00+00:00, run_after=2023-08-11T00:00:00+00:00
[2023-08-11T07:53:18.731+0000] {processor.py:179} INFO - Processing /home/airflow/.local/lib/python3.7/site-packages/airflow/example_dags/example_branch_operator.py took 0.096 seconds
[2023-08-11T07:53:49.464+0000] {processor.py:157} INFO - Started process (PID=189) to work on /home/airflow/.local/lib/python3.7/site-packages/airflow/example_dags/example_branch_operator.py
[2023-08-11T07:53:49.465+0000] {processor.py:826} INFO - Processing file /home/airflow/.local/lib/python3.7/site-packages/airflow/example_dags/example_branch_operator.py for tasks to queue
[2023-08-11T07:53:49.466+0000] {logging_mixin.py:150} INFO - [2023-08-11T07:53:49.465+0000] {dagbag.py:541} INFO - Filling up the DagBag from /home/airflow/.local/lib/python3.7/site-packages/airflow/example_dags/example_branch_operator.py
[2023-08-11T07:53:49.477+0000] {processor.py:836} INFO - DAG(s) dict_keys(['example_branch_operator']) retrieved from /home/airflow/.local/lib/python3.7/site-packages/airflow/example_dags/example_branch_operator.py
[2023-08-11T07:53:49.508+0000] {logging_mixin.py:150} INFO - [2023-08-11T07:53:49.508+0000] {dag.py:2742} INFO - Sync 1 DAGs
[2023-08-11T07:53:49.537+0000] {logging_mixin.py:150} INFO - [2023-08-11T07:53:49.537+0000] {dag.py:3508} INFO - Setting next_dagrun for example_branch_operator to 2023-08-10T00:00:00+00:00, run_after=2023-08-11T00:00:00+00:00
[2023-08-11T07:53:49.561+0000] {processor.py:179} INFO - Processing /home/airflow/.local/lib/python3.7/site-packages/airflow/example_dags/example_branch_operator.py took 0.100 seconds
[2023-08-11T07:54:20.168+0000] {processor.py:157} INFO - Started process (PID=254) to work on /home/airflow/.local/lib/python3.7/site-packages/airflow/example_dags/example_branch_operator.py
[2023-08-11T07:54:20.171+0000] {processor.py:826} INFO - Processing file /home/airflow/.local/lib/python3.7/site-packages/airflow/example_dags/example_branch_operator.py for tasks to queue
[2023-08-11T07:54:20.171+0000] {logging_mixin.py:150} INFO - [2023-08-11T07:54:20.171+0000] {dagbag.py:541} INFO - Filling up the DagBag from /home/airflow/.local/lib/python3.7/site-packages/airflow/example_dags/example_branch_operator.py
[2023-08-11T07:54:20.180+0000] {processor.py:836} INFO - DAG(s) dict_keys(['example_branch_operator']) retrieved from /home/airflow/.local/lib/python3.7/site-packages/airflow/example_dags/example_branch_operator.py
[2023-08-11T07:54:20.213+0000] {logging_mixin.py:150} INFO - [2023-08-11T07:54:20.213+0000] {dag.py:2742} INFO - Sync 1 DAGs
[2023-08-11T07:54:20.241+0000] {logging_mixin.py:150} INFO - [2023-08-11T07:54:20.241+0000] {dag.py:3508} INFO - Setting next_dagrun for example_branch_operator to 2023-08-10T00:00:00+00:00, run_after=2023-08-11T00:00:00+00:00
[2023-08-11T07:54:20.272+0000] {processor.py:179} INFO - Processing /home/airflow/.local/lib/python3.7/site-packages/airflow/example_dags/example_branch_operator.py took 0.107 seconds
[2023-08-11T07:54:50.886+0000] {processor.py:157} INFO - Started process (PID=319) to work on /home/airflow/.local/lib/python3.7/site-packages/airflow/example_dags/example_branch_operator.py
[2023-08-11T07:54:50.887+0000] {processor.py:826} INFO - Processing file /home/airflow/.local/lib/python3.7/site-packages/airflow/example_dags/example_branch_operator.py for tasks to queue
[2023-08-11T07:54:50.889+0000] {logging_mixin.py:150} INFO - [2023-08-11T07:54:50.888+0000] {dagbag.py:541} INFO - Filling up the DagBag from /home/airflow/.local/lib/python3.7/site-packages/airflow/example_dags/example_branch_operator.py
[2023-08-11T07:54:50.899+0000] {processor.py:836} INFO - DAG(s) dict_keys(['example_branch_operator']) retrieved from /home/airflow/.local/lib/python3.7/site-packages/airflow/example_dags/example_branch_operator.py
[2023-08-11T07:54:50.931+0000] {logging_mixin.py:150} INFO - [2023-08-11T07:54:50.931+0000] {dag.py:2742} INFO - Sync 1 DAGs
[2023-08-11T07:54:50.967+0000] {logging_mixin.py:150} INFO - [2023-08-11T07:54:50.966+0000] {dag.py:3508} INFO - Setting next_dagrun for example_branch_operator to 2023-08-10T00:00:00+00:00, run_after=2023-08-11T00:00:00+00:00
[2023-08-11T07:54:50.997+0000] {processor.py:179} INFO - Processing /home/airflow/.local/lib/python3.7/site-packages/airflow/example_dags/example_branch_operator.py took 0.115 seconds
[2023-08-11T07:55:21.184+0000] {processor.py:157} INFO - Started process (PID=385) to work on /home/airflow/.local/lib/python3.7/site-packages/airflow/example_dags/example_branch_operator.py
[2023-08-11T07:55:21.185+0000] {processor.py:826} INFO - Processing file /home/airflow/.local/lib/python3.7/site-packages/airflow/example_dags/example_branch_operator.py for tasks to queue
[2023-08-11T07:55:21.186+0000] {logging_mixin.py:150} INFO - [2023-08-11T07:55:21.186+0000] {dagbag.py:541} INFO - Filling up the DagBag from /home/airflow/.local/lib/python3.7/site-packages/airflow/example_dags/example_branch_operator.py
[2023-08-11T07:55:21.196+0000] {processor.py:836} INFO - DAG(s) dict_keys(['example_branch_operator']) retrieved from /home/airflow/.local/lib/python3.7/site-packages/airflow/example_dags/example_branch_operator.py
[2023-08-11T07:55:21.220+0000] {logging_mixin.py:150} INFO - [2023-08-11T07:55:21.220+0000] {dag.py:2742} INFO - Sync 1 DAGs
[2023-08-11T07:55:21.244+0000] {logging_mixin.py:150} INFO - [2023-08-11T07:55:21.243+0000] {dag.py:3508} INFO - Setting next_dagrun for example_branch_operator to 2023-08-10T00:00:00+00:00, run_after=2023-08-11T00:00:00+00:00
[2023-08-11T07:55:21.260+0000] {processor.py:179} INFO - Processing /home/airflow/.local/lib/python3.7/site-packages/airflow/example_dags/example_branch_operator.py took 0.079 seconds
[2023-08-11T07:55:51.813+0000] {processor.py:157} INFO - Started process (PID=450) to work on /home/airflow/.local/lib/python3.7/site-packages/airflow/example_dags/example_branch_operator.py
[2023-08-11T07:55:51.814+0000] {processor.py:826} INFO - Processing file /home/airflow/.local/lib/python3.7/site-packages/airflow/example_dags/example_branch_operator.py for tasks to queue
[2023-08-11T07:55:51.814+0000] {logging_mixin.py:150} INFO - [2023-08-11T07:55:51.814+0000] {dagbag.py:541} INFO - Filling up the DagBag from /home/airflow/.local/lib/python3.7/site-packages/airflow/example_dags/example_branch_operator.py
[2023-08-11T07:55:51.829+0000] {processor.py:836} INFO - DAG(s) dict_keys(['example_branch_operator']) retrieved from /home/airflow/.local/lib/python3.7/site-packages/airflow/example_dags/example_branch_operator.py
[2023-08-11T07:55:51.866+0000] {logging_mixin.py:150} INFO - [2023-08-11T07:55:51.865+0000] {dag.py:2742} INFO - Sync 1 DAGs
[2023-08-11T07:55:51.901+0000] {logging_mixin.py:150} INFO - [2023-08-11T07:55:51.900+0000] {dag.py:3508} INFO - Setting next_dagrun for example_branch_operator to 2023-08-10T00:00:00+00:00, run_after=2023-08-11T00:00:00+00:00
[2023-08-11T07:55:51.942+0000] {processor.py:179} INFO - Processing /home/airflow/.local/lib/python3.7/site-packages/airflow/example_dags/example_branch_operator.py took 0.133 seconds
[2023-08-11T07:56:22.297+0000] {processor.py:157} INFO - Started process (PID=515) to work on /home/airflow/.local/lib/python3.7/site-packages/airflow/example_dags/example_branch_operator.py
[2023-08-11T07:56:22.298+0000] {processor.py:826} INFO - Processing file /home/airflow/.local/lib/python3.7/site-packages/airflow/example_dags/example_branch_operator.py for tasks to queue
[2023-08-11T07:56:22.299+0000] {logging_mixin.py:150} INFO - [2023-08-11T07:56:22.299+0000] {dagbag.py:541} INFO - Filling up the DagBag from /home/airflow/.local/lib/python3.7/site-packages/airflow/example_dags/example_branch_operator.py
[2023-08-11T07:56:22.308+0000] {processor.py:836} INFO - DAG(s) dict_keys(['example_branch_operator']) retrieved from /home/airflow/.local/lib/python3.7/site-packages/airflow/example_dags/example_branch_operator.py
[2023-08-11T07:56:22.350+0000] {logging_mixin.py:150} INFO - [2023-08-11T07:56:22.350+0000] {dag.py:2742} INFO - Sync 1 DAGs
[2023-08-11T07:56:22.380+0000] {logging_mixin.py:150} INFO - [2023-08-11T07:56:22.380+0000] {dag.py:3508} INFO - Setting next_dagrun for example_branch_operator to 2023-08-10T00:00:00+00:00, run_after=2023-08-11T00:00:00+00:00
[2023-08-11T07:56:22.411+0000] {processor.py:179} INFO - Processing /home/airflow/.local/lib/python3.7/site-packages/airflow/example_dags/example_branch_operator.py took 0.120 seconds
[2023-08-11T07:56:53.469+0000] {processor.py:157} INFO - Started process (PID=580) to work on /home/airflow/.local/lib/python3.7/site-packages/airflow/example_dags/example_branch_operator.py
[2023-08-11T07:56:53.471+0000] {processor.py:826} INFO - Processing file /home/airflow/.local/lib/python3.7/site-packages/airflow/example_dags/example_branch_operator.py for tasks to queue
[2023-08-11T07:56:53.472+0000] {logging_mixin.py:150} INFO - [2023-08-11T07:56:53.472+0000] {dagbag.py:541} INFO - Filling up the DagBag from /home/airflow/.local/lib/python3.7/site-packages/airflow/example_dags/example_branch_operator.py
[2023-08-11T07:56:53.487+0000] {processor.py:836} INFO - DAG(s) dict_keys(['example_branch_operator']) retrieved from /home/airflow/.local/lib/python3.7/site-packages/airflow/example_dags/example_branch_operator.py
[2023-08-11T07:56:53.544+0000] {logging_mixin.py:150} INFO - [2023-08-11T07:56:53.542+0000] {dag.py:2742} INFO - Sync 1 DAGs
[2023-08-11T07:56:53.597+0000] {logging_mixin.py:150} INFO - [2023-08-11T07:56:53.596+0000] {dag.py:3508} INFO - Setting next_dagrun for example_branch_operator to 2023-08-10T00:00:00+00:00, run_after=2023-08-11T00:00:00+00:00
[2023-08-11T07:56:53.640+0000] {processor.py:179} INFO - Processing /home/airflow/.local/lib/python3.7/site-packages/airflow/example_dags/example_branch_operator.py took 0.176 seconds
[2023-08-11T07:57:23.781+0000] {processor.py:157} INFO - Started process (PID=645) to work on /home/airflow/.local/lib/python3.7/site-packages/airflow/example_dags/example_branch_operator.py
[2023-08-11T07:57:23.781+0000] {processor.py:826} INFO - Processing file /home/airflow/.local/lib/python3.7/site-packages/airflow/example_dags/example_branch_operator.py for tasks to queue
[2023-08-11T07:57:23.782+0000] {logging_mixin.py:150} INFO - [2023-08-11T07:57:23.782+0000] {dagbag.py:541} INFO - Filling up the DagBag from /home/airflow/.local/lib/python3.7/site-packages/airflow/example_dags/example_branch_operator.py
[2023-08-11T07:57:23.793+0000] {processor.py:836} INFO - DAG(s) dict_keys(['example_branch_operator']) retrieved from /home/airflow/.local/lib/python3.7/site-packages/airflow/example_dags/example_branch_operator.py
[2023-08-11T07:57:23.826+0000] {logging_mixin.py:150} INFO - [2023-08-11T07:57:23.825+0000] {dag.py:2742} INFO - Sync 1 DAGs
[2023-08-11T07:57:23.864+0000] {logging_mixin.py:150} INFO - [2023-08-11T07:57:23.864+0000] {dag.py:3508} INFO - Setting next_dagrun for example_branch_operator to 2023-08-10T00:00:00+00:00, run_after=2023-08-11T00:00:00+00:00
[2023-08-11T07:57:23.891+0000] {processor.py:179} INFO - Processing /home/airflow/.local/lib/python3.7/site-packages/airflow/example_dags/example_branch_operator.py took 0.114 seconds
[2023-08-11T07:57:54.872+0000] {processor.py:157} INFO - Started process (PID=711) to work on /home/airflow/.local/lib/python3.7/site-packages/airflow/example_dags/example_branch_operator.py
[2023-08-11T07:57:54.873+0000] {processor.py:826} INFO - Processing file /home/airflow/.local/lib/python3.7/site-packages/airflow/example_dags/example_branch_operator.py for tasks to queue
[2023-08-11T07:57:54.874+0000] {logging_mixin.py:150} INFO - [2023-08-11T07:57:54.874+0000] {dagbag.py:541} INFO - Filling up the DagBag from /home/airflow/.local/lib/python3.7/site-packages/airflow/example_dags/example_branch_operator.py
[2023-08-11T07:57:54.887+0000] {processor.py:836} INFO - DAG(s) dict_keys(['example_branch_operator']) retrieved from /home/airflow/.local/lib/python3.7/site-packages/airflow/example_dags/example_branch_operator.py
[2023-08-11T07:57:54.926+0000] {logging_mixin.py:150} INFO - [2023-08-11T07:57:54.926+0000] {dag.py:2742} INFO - Sync 1 DAGs
[2023-08-11T07:57:54.965+0000] {logging_mixin.py:150} INFO - [2023-08-11T07:57:54.965+0000] {dag.py:3508} INFO - Setting next_dagrun for example_branch_operator to 2023-08-10T00:00:00+00:00, run_after=2023-08-11T00:00:00+00:00
[2023-08-11T07:57:54.996+0000] {processor.py:179} INFO - Processing /home/airflow/.local/lib/python3.7/site-packages/airflow/example_dags/example_branch_operator.py took 0.128 seconds
[2023-08-11T07:58:25.119+0000] {processor.py:157} INFO - Started process (PID=777) to work on /home/airflow/.local/lib/python3.7/site-packages/airflow/example_dags/example_branch_operator.py
[2023-08-11T07:58:25.119+0000] {processor.py:826} INFO - Processing file /home/airflow/.local/lib/python3.7/site-packages/airflow/example_dags/example_branch_operator.py for tasks to queue
[2023-08-11T07:58:25.120+0000] {logging_mixin.py:150} INFO - [2023-08-11T07:58:25.120+0000] {dagbag.py:541} INFO - Filling up the DagBag from /home/airflow/.local/lib/python3.7/site-packages/airflow/example_dags/example_branch_operator.py
[2023-08-11T07:58:25.129+0000] {processor.py:836} INFO - DAG(s) dict_keys(['example_branch_operator']) retrieved from /home/airflow/.local/lib/python3.7/site-packages/airflow/example_dags/example_branch_operator.py
[2023-08-11T07:58:25.157+0000] {logging_mixin.py:150} INFO - [2023-08-11T07:58:25.157+0000] {dag.py:2742} INFO - Sync 1 DAGs
[2023-08-11T07:58:25.187+0000] {logging_mixin.py:150} INFO - [2023-08-11T07:58:25.187+0000] {dag.py:3508} INFO - Setting next_dagrun for example_branch_operator to 2023-08-10T00:00:00+00:00, run_after=2023-08-11T00:00:00+00:00
[2023-08-11T07:58:25.207+0000] {processor.py:179} INFO - Processing /home/airflow/.local/lib/python3.7/site-packages/airflow/example_dags/example_branch_operator.py took 0.092 seconds
[2023-08-11T07:58:55.401+0000] {processor.py:157} INFO - Started process (PID=843) to work on /home/airflow/.local/lib/python3.7/site-packages/airflow/example_dags/example_branch_operator.py
[2023-08-11T07:58:55.402+0000] {processor.py:826} INFO - Processing file /home/airflow/.local/lib/python3.7/site-packages/airflow/example_dags/example_branch_operator.py for tasks to queue
[2023-08-11T07:58:55.403+0000] {logging_mixin.py:150} INFO - [2023-08-11T07:58:55.403+0000] {dagbag.py:541} INFO - Filling up the DagBag from /home/airflow/.local/lib/python3.7/site-packages/airflow/example_dags/example_branch_operator.py
[2023-08-11T07:58:55.411+0000] {processor.py:836} INFO - DAG(s) dict_keys(['example_branch_operator']) retrieved from /home/airflow/.local/lib/python3.7/site-packages/airflow/example_dags/example_branch_operator.py
[2023-08-11T07:58:55.439+0000] {logging_mixin.py:150} INFO - [2023-08-11T07:58:55.438+0000] {dag.py:2742} INFO - Sync 1 DAGs
[2023-08-11T07:58:55.472+0000] {logging_mixin.py:150} INFO - [2023-08-11T07:58:55.471+0000] {dag.py:3508} INFO - Setting next_dagrun for example_branch_operator to 2023-08-10T00:00:00+00:00, run_after=2023-08-11T00:00:00+00:00
[2023-08-11T07:58:55.493+0000] {processor.py:179} INFO - Processing /home/airflow/.local/lib/python3.7/site-packages/airflow/example_dags/example_branch_operator.py took 0.095 seconds
[2023-08-11T07:59:26.474+0000] {processor.py:157} INFO - Started process (PID=909) to work on /home/airflow/.local/lib/python3.7/site-packages/airflow/example_dags/example_branch_operator.py
[2023-08-11T07:59:26.476+0000] {processor.py:826} INFO - Processing file /home/airflow/.local/lib/python3.7/site-packages/airflow/example_dags/example_branch_operator.py for tasks to queue
[2023-08-11T07:59:26.477+0000] {logging_mixin.py:150} INFO - [2023-08-11T07:59:26.476+0000] {dagbag.py:541} INFO - Filling up the DagBag from /home/airflow/.local/lib/python3.7/site-packages/airflow/example_dags/example_branch_operator.py
[2023-08-11T07:59:26.493+0000] {processor.py:836} INFO - DAG(s) dict_keys(['example_branch_operator']) retrieved from /home/airflow/.local/lib/python3.7/site-packages/airflow/example_dags/example_branch_operator.py
[2023-08-11T07:59:26.516+0000] {logging_mixin.py:150} INFO - [2023-08-11T07:59:26.515+0000] {dag.py:2742} INFO - Sync 1 DAGs
[2023-08-11T07:59:26.557+0000] {logging_mixin.py:150} INFO - [2023-08-11T07:59:26.557+0000] {dag.py:3508} INFO - Setting next_dagrun for example_branch_operator to 2023-08-10T00:00:00+00:00, run_after=2023-08-11T00:00:00+00:00
[2023-08-11T07:59:26.589+0000] {processor.py:179} INFO - Processing /home/airflow/.local/lib/python3.7/site-packages/airflow/example_dags/example_branch_operator.py took 0.126 seconds
[2023-08-11T07:59:57.407+0000] {processor.py:157} INFO - Started process (PID=978) to work on /home/airflow/.local/lib/python3.7/site-packages/airflow/example_dags/example_branch_operator.py
[2023-08-11T07:59:57.408+0000] {processor.py:826} INFO - Processing file /home/airflow/.local/lib/python3.7/site-packages/airflow/example_dags/example_branch_operator.py for tasks to queue
[2023-08-11T07:59:57.409+0000] {logging_mixin.py:150} INFO - [2023-08-11T07:59:57.409+0000] {dagbag.py:541} INFO - Filling up the DagBag from /home/airflow/.local/lib/python3.7/site-packages/airflow/example_dags/example_branch_operator.py
[2023-08-11T07:59:57.422+0000] {processor.py:836} INFO - DAG(s) dict_keys(['example_branch_operator']) retrieved from /home/airflow/.local/lib/python3.7/site-packages/airflow/example_dags/example_branch_operator.py
[2023-08-11T07:59:57.454+0000] {logging_mixin.py:150} INFO - [2023-08-11T07:59:57.454+0000] {dag.py:2742} INFO - Sync 1 DAGs
[2023-08-11T07:59:57.482+0000] {logging_mixin.py:150} INFO - [2023-08-11T07:59:57.482+0000] {dag.py:3508} INFO - Setting next_dagrun for example_branch_operator to 2023-08-10T00:00:00+00:00, run_after=2023-08-11T00:00:00+00:00
[2023-08-11T07:59:57.514+0000] {processor.py:179} INFO - Processing /home/airflow/.local/lib/python3.7/site-packages/airflow/example_dags/example_branch_operator.py took 0.110 seconds
[2023-08-11T08:00:27.990+0000] {processor.py:157} INFO - Started process (PID=1049) to work on /home/airflow/.local/lib/python3.7/site-packages/airflow/example_dags/example_branch_operator.py
[2023-08-11T08:00:27.991+0000] {processor.py:826} INFO - Processing file /home/airflow/.local/lib/python3.7/site-packages/airflow/example_dags/example_branch_operator.py for tasks to queue
[2023-08-11T08:00:27.992+0000] {logging_mixin.py:150} INFO - [2023-08-11T08:00:27.992+0000] {dagbag.py:541} INFO - Filling up the DagBag from /home/airflow/.local/lib/python3.7/site-packages/airflow/example_dags/example_branch_operator.py
[2023-08-11T08:00:28.003+0000] {processor.py:836} INFO - DAG(s) dict_keys(['example_branch_operator']) retrieved from /home/airflow/.local/lib/python3.7/site-packages/airflow/example_dags/example_branch_operator.py
[2023-08-11T08:00:28.038+0000] {logging_mixin.py:150} INFO - [2023-08-11T08:00:28.037+0000] {dag.py:2742} INFO - Sync 1 DAGs
[2023-08-11T08:00:28.067+0000] {logging_mixin.py:150} INFO - [2023-08-11T08:00:28.067+0000] {dag.py:3508} INFO - Setting next_dagrun for example_branch_operator to 2023-08-10T00:00:00+00:00, run_after=2023-08-11T00:00:00+00:00
[2023-08-11T08:00:28.097+0000] {processor.py:179} INFO - Processing /home/airflow/.local/lib/python3.7/site-packages/airflow/example_dags/example_branch_operator.py took 0.111 seconds
[2023-08-11T08:00:58.946+0000] {processor.py:157} INFO - Started process (PID=1115) to work on /home/airflow/.local/lib/python3.7/site-packages/airflow/example_dags/example_branch_operator.py
[2023-08-11T08:00:58.947+0000] {processor.py:826} INFO - Processing file /home/airflow/.local/lib/python3.7/site-packages/airflow/example_dags/example_branch_operator.py for tasks to queue
[2023-08-11T08:00:58.948+0000] {logging_mixin.py:150} INFO - [2023-08-11T08:00:58.948+0000] {dagbag.py:541} INFO - Filling up the DagBag from /home/airflow/.local/lib/python3.7/site-packages/airflow/example_dags/example_branch_operator.py
[2023-08-11T08:00:58.960+0000] {processor.py:836} INFO - DAG(s) dict_keys(['example_branch_operator']) retrieved from /home/airflow/.local/lib/python3.7/site-packages/airflow/example_dags/example_branch_operator.py
[2023-08-11T08:00:59.000+0000] {logging_mixin.py:150} INFO - [2023-08-11T08:00:59.000+0000] {dag.py:2742} INFO - Sync 1 DAGs
[2023-08-11T08:00:59.043+0000] {logging_mixin.py:150} INFO - [2023-08-11T08:00:59.042+0000] {dag.py:3508} INFO - Setting next_dagrun for example_branch_operator to 2023-08-10T00:00:00+00:00, run_after=2023-08-11T00:00:00+00:00
[2023-08-11T08:00:59.073+0000] {processor.py:179} INFO - Processing /home/airflow/.local/lib/python3.7/site-packages/airflow/example_dags/example_branch_operator.py took 0.132 seconds
[2023-08-11T08:01:29.099+0000] {processor.py:157} INFO - Started process (PID=1183) to work on /home/airflow/.local/lib/python3.7/site-packages/airflow/example_dags/example_branch_operator.py
[2023-08-11T08:01:29.099+0000] {processor.py:826} INFO - Processing file /home/airflow/.local/lib/python3.7/site-packages/airflow/example_dags/example_branch_operator.py for tasks to queue
[2023-08-11T08:01:29.100+0000] {logging_mixin.py:150} INFO - [2023-08-11T08:01:29.100+0000] {dagbag.py:541} INFO - Filling up the DagBag from /home/airflow/.local/lib/python3.7/site-packages/airflow/example_dags/example_branch_operator.py
[2023-08-11T08:01:29.112+0000] {processor.py:836} INFO - DAG(s) dict_keys(['example_branch_operator']) retrieved from /home/airflow/.local/lib/python3.7/site-packages/airflow/example_dags/example_branch_operator.py
[2023-08-11T08:01:29.145+0000] {logging_mixin.py:150} INFO - [2023-08-11T08:01:29.145+0000] {dag.py:2742} INFO - Sync 1 DAGs
[2023-08-11T08:01:29.175+0000] {logging_mixin.py:150} INFO - [2023-08-11T08:01:29.175+0000] {dag.py:3508} INFO - Setting next_dagrun for example_branch_operator to 2023-08-10T00:00:00+00:00, run_after=2023-08-11T00:00:00+00:00
[2023-08-11T08:01:29.200+0000] {processor.py:179} INFO - Processing /home/airflow/.local/lib/python3.7/site-packages/airflow/example_dags/example_branch_operator.py took 0.105 seconds
[2023-08-11T08:01:59.443+0000] {processor.py:157} INFO - Started process (PID=1249) to work on /home/airflow/.local/lib/python3.7/site-packages/airflow/example_dags/example_branch_operator.py
[2023-08-11T08:01:59.444+0000] {processor.py:826} INFO - Processing file /home/airflow/.local/lib/python3.7/site-packages/airflow/example_dags/example_branch_operator.py for tasks to queue
[2023-08-11T08:01:59.445+0000] {logging_mixin.py:150} INFO - [2023-08-11T08:01:59.445+0000] {dagbag.py:541} INFO - Filling up the DagBag from /home/airflow/.local/lib/python3.7/site-packages/airflow/example_dags/example_branch_operator.py
[2023-08-11T08:01:59.454+0000] {processor.py:836} INFO - DAG(s) dict_keys(['example_branch_operator']) retrieved from /home/airflow/.local/lib/python3.7/site-packages/airflow/example_dags/example_branch_operator.py
[2023-08-11T08:01:59.484+0000] {logging_mixin.py:150} INFO - [2023-08-11T08:01:59.484+0000] {dag.py:2742} INFO - Sync 1 DAGs
[2023-08-11T08:01:59.512+0000] {logging_mixin.py:150} INFO - [2023-08-11T08:01:59.512+0000] {dag.py:3508} INFO - Setting next_dagrun for example_branch_operator to 2023-08-10T00:00:00+00:00, run_after=2023-08-11T00:00:00+00:00
[2023-08-11T08:01:59.537+0000] {processor.py:179} INFO - Processing /home/airflow/.local/lib/python3.7/site-packages/airflow/example_dags/example_branch_operator.py took 0.098 seconds
[2023-08-11T08:02:29.608+0000] {processor.py:157} INFO - Started process (PID=1318) to work on /home/airflow/.local/lib/python3.7/site-packages/airflow/example_dags/example_branch_operator.py
[2023-08-11T08:02:29.609+0000] {processor.py:826} INFO - Processing file /home/airflow/.local/lib/python3.7/site-packages/airflow/example_dags/example_branch_operator.py for tasks to queue
[2023-08-11T08:02:29.613+0000] {logging_mixin.py:150} INFO - [2023-08-11T08:02:29.612+0000] {dagbag.py:541} INFO - Filling up the DagBag from /home/airflow/.local/lib/python3.7/site-packages/airflow/example_dags/example_branch_operator.py
[2023-08-11T08:02:29.628+0000] {processor.py:836} INFO - DAG(s) dict_keys(['example_branch_operator']) retrieved from /home/airflow/.local/lib/python3.7/site-packages/airflow/example_dags/example_branch_operator.py
[2023-08-11T08:02:29.666+0000] {logging_mixin.py:150} INFO - [2023-08-11T08:02:29.666+0000] {dag.py:2742} INFO - Sync 1 DAGs
[2023-08-11T08:02:29.698+0000] {logging_mixin.py:150} INFO - [2023-08-11T08:02:29.698+0000] {dag.py:3508} INFO - Setting next_dagrun for example_branch_operator to 2023-08-10T00:00:00+00:00, run_after=2023-08-11T00:00:00+00:00
[2023-08-11T08:02:29.726+0000] {processor.py:179} INFO - Processing /home/airflow/.local/lib/python3.7/site-packages/airflow/example_dags/example_branch_operator.py took 0.123 seconds
[2023-08-11T08:03:00.287+0000] {processor.py:157} INFO - Started process (PID=1384) to work on /home/airflow/.local/lib/python3.7/site-packages/airflow/example_dags/example_branch_operator.py
[2023-08-11T08:03:00.288+0000] {processor.py:826} INFO - Processing file /home/airflow/.local/lib/python3.7/site-packages/airflow/example_dags/example_branch_operator.py for tasks to queue
[2023-08-11T08:03:00.289+0000] {logging_mixin.py:150} INFO - [2023-08-11T08:03:00.289+0000] {dagbag.py:541} INFO - Filling up the DagBag from /home/airflow/.local/lib/python3.7/site-packages/airflow/example_dags/example_branch_operator.py
[2023-08-11T08:03:00.302+0000] {processor.py:836} INFO - DAG(s) dict_keys(['example_branch_operator']) retrieved from /home/airflow/.local/lib/python3.7/site-packages/airflow/example_dags/example_branch_operator.py
[2023-08-11T08:03:00.339+0000] {logging_mixin.py:150} INFO - [2023-08-11T08:03:00.339+0000] {dag.py:2742} INFO - Sync 1 DAGs
[2023-08-11T08:03:00.378+0000] {logging_mixin.py:150} INFO - [2023-08-11T08:03:00.378+0000] {dag.py:3508} INFO - Setting next_dagrun for example_branch_operator to 2023-08-10T00:00:00+00:00, run_after=2023-08-11T00:00:00+00:00
[2023-08-11T08:03:00.414+0000] {processor.py:179} INFO - Processing /home/airflow/.local/lib/python3.7/site-packages/airflow/example_dags/example_branch_operator.py took 0.130 seconds
[2023-08-11T08:03:30.642+0000] {processor.py:157} INFO - Started process (PID=1451) to work on /home/airflow/.local/lib/python3.7/site-packages/airflow/example_dags/example_branch_operator.py
[2023-08-11T08:03:30.643+0000] {processor.py:826} INFO - Processing file /home/airflow/.local/lib/python3.7/site-packages/airflow/example_dags/example_branch_operator.py for tasks to queue
[2023-08-11T08:03:30.644+0000] {logging_mixin.py:150} INFO - [2023-08-11T08:03:30.644+0000] {dagbag.py:541} INFO - Filling up the DagBag from /home/airflow/.local/lib/python3.7/site-packages/airflow/example_dags/example_branch_operator.py
[2023-08-11T08:03:30.659+0000] {processor.py:836} INFO - DAG(s) dict_keys(['example_branch_operator']) retrieved from /home/airflow/.local/lib/python3.7/site-packages/airflow/example_dags/example_branch_operator.py
[2023-08-11T08:03:30.687+0000] {logging_mixin.py:150} INFO - [2023-08-11T08:03:30.687+0000] {dag.py:2742} INFO - Sync 1 DAGs
[2023-08-11T08:03:30.712+0000] {logging_mixin.py:150} INFO - [2023-08-11T08:03:30.712+0000] {dag.py:3508} INFO - Setting next_dagrun for example_branch_operator to 2023-08-10T00:00:00+00:00, run_after=2023-08-11T00:00:00+00:00
[2023-08-11T08:03:30.738+0000] {processor.py:179} INFO - Processing /home/airflow/.local/lib/python3.7/site-packages/airflow/example_dags/example_branch_operator.py took 0.099 seconds
[2023-08-11T08:04:01.392+0000] {processor.py:157} INFO - Started process (PID=1517) to work on /home/airflow/.local/lib/python3.7/site-packages/airflow/example_dags/example_branch_operator.py
[2023-08-11T08:04:01.394+0000] {processor.py:826} INFO - Processing file /home/airflow/.local/lib/python3.7/site-packages/airflow/example_dags/example_branch_operator.py for tasks to queue
[2023-08-11T08:04:01.396+0000] {logging_mixin.py:150} INFO - [2023-08-11T08:04:01.395+0000] {dagbag.py:541} INFO - Filling up the DagBag from /home/airflow/.local/lib/python3.7/site-packages/airflow/example_dags/example_branch_operator.py
[2023-08-11T08:04:01.410+0000] {processor.py:836} INFO - DAG(s) dict_keys(['example_branch_operator']) retrieved from /home/airflow/.local/lib/python3.7/site-packages/airflow/example_dags/example_branch_operator.py
[2023-08-11T08:04:01.446+0000] {logging_mixin.py:150} INFO - [2023-08-11T08:04:01.446+0000] {dag.py:2742} INFO - Sync 1 DAGs
[2023-08-11T08:04:01.481+0000] {logging_mixin.py:150} INFO - [2023-08-11T08:04:01.481+0000] {dag.py:3508} INFO - Setting next_dagrun for example_branch_operator to 2023-08-10T00:00:00+00:00, run_after=2023-08-11T00:00:00+00:00
[2023-08-11T08:04:01.512+0000] {processor.py:179} INFO - Processing /home/airflow/.local/lib/python3.7/site-packages/airflow/example_dags/example_branch_operator.py took 0.126 seconds
[2023-08-11T08:04:32.378+0000] {processor.py:157} INFO - Started process (PID=1598) to work on /home/airflow/.local/lib/python3.7/site-packages/airflow/example_dags/example_branch_operator.py
[2023-08-11T08:04:32.379+0000] {processor.py:826} INFO - Processing file /home/airflow/.local/lib/python3.7/site-packages/airflow/example_dags/example_branch_operator.py for tasks to queue
[2023-08-11T08:04:32.380+0000] {logging_mixin.py:150} INFO - [2023-08-11T08:04:32.380+0000] {dagbag.py:541} INFO - Filling up the DagBag from /home/airflow/.local/lib/python3.7/site-packages/airflow/example_dags/example_branch_operator.py
[2023-08-11T08:04:32.389+0000] {processor.py:836} INFO - DAG(s) dict_keys(['example_branch_operator']) retrieved from /home/airflow/.local/lib/python3.7/site-packages/airflow/example_dags/example_branch_operator.py
[2023-08-11T08:04:32.416+0000] {logging_mixin.py:150} INFO - [2023-08-11T08:04:32.415+0000] {dag.py:2742} INFO - Sync 1 DAGs
[2023-08-11T08:04:32.439+0000] {logging_mixin.py:150} INFO - [2023-08-11T08:04:32.439+0000] {dag.py:3508} INFO - Setting next_dagrun for example_branch_operator to 2023-08-10T00:00:00+00:00, run_after=2023-08-11T00:00:00+00:00
[2023-08-11T08:04:32.464+0000] {processor.py:179} INFO - Processing /home/airflow/.local/lib/python3.7/site-packages/airflow/example_dags/example_branch_operator.py took 0.089 seconds
[2023-08-11T08:05:03.144+0000] {processor.py:157} INFO - Started process (PID=1664) to work on /home/airflow/.local/lib/python3.7/site-packages/airflow/example_dags/example_branch_operator.py
[2023-08-11T08:05:03.146+0000] {processor.py:826} INFO - Processing file /home/airflow/.local/lib/python3.7/site-packages/airflow/example_dags/example_branch_operator.py for tasks to queue
[2023-08-11T08:05:03.146+0000] {logging_mixin.py:150} INFO - [2023-08-11T08:05:03.146+0000] {dagbag.py:541} INFO - Filling up the DagBag from /home/airflow/.local/lib/python3.7/site-packages/airflow/example_dags/example_branch_operator.py
[2023-08-11T08:05:03.156+0000] {processor.py:836} INFO - DAG(s) dict_keys(['example_branch_operator']) retrieved from /home/airflow/.local/lib/python3.7/site-packages/airflow/example_dags/example_branch_operator.py
[2023-08-11T08:05:03.184+0000] {logging_mixin.py:150} INFO - [2023-08-11T08:05:03.184+0000] {dag.py:2742} INFO - Sync 1 DAGs
[2023-08-11T08:05:03.209+0000] {logging_mixin.py:150} INFO - [2023-08-11T08:05:03.208+0000] {dag.py:3508} INFO - Setting next_dagrun for example_branch_operator to 2023-08-10T00:00:00+00:00, run_after=2023-08-11T00:00:00+00:00
[2023-08-11T08:05:03.229+0000] {processor.py:179} INFO - Processing /home/airflow/.local/lib/python3.7/site-packages/airflow/example_dags/example_branch_operator.py took 0.087 seconds
[2023-08-11T08:05:34.319+0000] {processor.py:157} INFO - Started process (PID=1731) to work on /home/airflow/.local/lib/python3.7/site-packages/airflow/example_dags/example_branch_operator.py
[2023-08-11T08:05:34.321+0000] {processor.py:826} INFO - Processing file /home/airflow/.local/lib/python3.7/site-packages/airflow/example_dags/example_branch_operator.py for tasks to queue
[2023-08-11T08:05:34.323+0000] {logging_mixin.py:150} INFO - [2023-08-11T08:05:34.322+0000] {dagbag.py:541} INFO - Filling up the DagBag from /home/airflow/.local/lib/python3.7/site-packages/airflow/example_dags/example_branch_operator.py
[2023-08-11T08:05:34.339+0000] {processor.py:836} INFO - DAG(s) dict_keys(['example_branch_operator']) retrieved from /home/airflow/.local/lib/python3.7/site-packages/airflow/example_dags/example_branch_operator.py
[2023-08-11T08:05:34.380+0000] {logging_mixin.py:150} INFO - [2023-08-11T08:05:34.380+0000] {dag.py:2742} INFO - Sync 1 DAGs
[2023-08-11T08:05:34.426+0000] {logging_mixin.py:150} INFO - [2023-08-11T08:05:34.426+0000] {dag.py:3508} INFO - Setting next_dagrun for example_branch_operator to 2023-08-10T00:00:00+00:00, run_after=2023-08-11T00:00:00+00:00
[2023-08-11T08:05:34.473+0000] {processor.py:179} INFO - Processing /home/airflow/.local/lib/python3.7/site-packages/airflow/example_dags/example_branch_operator.py took 0.159 seconds
[2023-08-11T08:06:05.579+0000] {processor.py:157} INFO - Started process (PID=1798) to work on /home/airflow/.local/lib/python3.7/site-packages/airflow/example_dags/example_branch_operator.py
[2023-08-11T08:06:05.581+0000] {processor.py:826} INFO - Processing file /home/airflow/.local/lib/python3.7/site-packages/airflow/example_dags/example_branch_operator.py for tasks to queue
[2023-08-11T08:06:05.582+0000] {logging_mixin.py:150} INFO - [2023-08-11T08:06:05.582+0000] {dagbag.py:541} INFO - Filling up the DagBag from /home/airflow/.local/lib/python3.7/site-packages/airflow/example_dags/example_branch_operator.py
[2023-08-11T08:06:05.607+0000] {processor.py:836} INFO - DAG(s) dict_keys(['example_branch_operator']) retrieved from /home/airflow/.local/lib/python3.7/site-packages/airflow/example_dags/example_branch_operator.py
[2023-08-11T08:06:05.664+0000] {logging_mixin.py:150} INFO - [2023-08-11T08:06:05.664+0000] {dag.py:2742} INFO - Sync 1 DAGs
[2023-08-11T08:06:05.725+0000] {logging_mixin.py:150} INFO - [2023-08-11T08:06:05.725+0000] {dag.py:3508} INFO - Setting next_dagrun for example_branch_operator to 2023-08-10T00:00:00+00:00, run_after=2023-08-11T00:00:00+00:00
[2023-08-11T08:06:05.777+0000] {processor.py:179} INFO - Processing /home/airflow/.local/lib/python3.7/site-packages/airflow/example_dags/example_branch_operator.py took 0.202 seconds
[2023-08-11T08:06:36.392+0000] {processor.py:157} INFO - Started process (PID=1868) to work on /home/airflow/.local/lib/python3.7/site-packages/airflow/example_dags/example_branch_operator.py
[2023-08-11T08:06:36.394+0000] {processor.py:826} INFO - Processing file /home/airflow/.local/lib/python3.7/site-packages/airflow/example_dags/example_branch_operator.py for tasks to queue
[2023-08-11T08:06:36.396+0000] {logging_mixin.py:150} INFO - [2023-08-11T08:06:36.396+0000] {dagbag.py:541} INFO - Filling up the DagBag from /home/airflow/.local/lib/python3.7/site-packages/airflow/example_dags/example_branch_operator.py
[2023-08-11T08:06:36.418+0000] {processor.py:836} INFO - DAG(s) dict_keys(['example_branch_operator']) retrieved from /home/airflow/.local/lib/python3.7/site-packages/airflow/example_dags/example_branch_operator.py
[2023-08-11T08:06:36.480+0000] {logging_mixin.py:150} INFO - [2023-08-11T08:06:36.480+0000] {dag.py:2742} INFO - Sync 1 DAGs
[2023-08-11T08:06:36.535+0000] {logging_mixin.py:150} INFO - [2023-08-11T08:06:36.534+0000] {dag.py:3508} INFO - Setting next_dagrun for example_branch_operator to 2023-08-10T00:00:00+00:00, run_after=2023-08-11T00:00:00+00:00
[2023-08-11T08:06:36.576+0000] {processor.py:179} INFO - Processing /home/airflow/.local/lib/python3.7/site-packages/airflow/example_dags/example_branch_operator.py took 0.195 seconds
[2023-08-11T08:07:06.830+0000] {processor.py:157} INFO - Started process (PID=1936) to work on /home/airflow/.local/lib/python3.7/site-packages/airflow/example_dags/example_branch_operator.py
[2023-08-11T08:07:06.831+0000] {processor.py:826} INFO - Processing file /home/airflow/.local/lib/python3.7/site-packages/airflow/example_dags/example_branch_operator.py for tasks to queue
[2023-08-11T08:07:06.832+0000] {logging_mixin.py:150} INFO - [2023-08-11T08:07:06.832+0000] {dagbag.py:541} INFO - Filling up the DagBag from /home/airflow/.local/lib/python3.7/site-packages/airflow/example_dags/example_branch_operator.py
[2023-08-11T08:07:06.846+0000] {processor.py:836} INFO - DAG(s) dict_keys(['example_branch_operator']) retrieved from /home/airflow/.local/lib/python3.7/site-packages/airflow/example_dags/example_branch_operator.py
[2023-08-11T08:07:06.883+0000] {logging_mixin.py:150} INFO - [2023-08-11T08:07:06.883+0000] {dag.py:2742} INFO - Sync 1 DAGs
[2023-08-11T08:07:06.919+0000] {logging_mixin.py:150} INFO - [2023-08-11T08:07:06.919+0000] {dag.py:3508} INFO - Setting next_dagrun for example_branch_operator to 2023-08-10T00:00:00+00:00, run_after=2023-08-11T00:00:00+00:00
[2023-08-11T08:07:06.953+0000] {processor.py:179} INFO - Processing /home/airflow/.local/lib/python3.7/site-packages/airflow/example_dags/example_branch_operator.py took 0.127 seconds
[2023-08-11T08:07:37.018+0000] {processor.py:157} INFO - Started process (PID=2005) to work on /home/airflow/.local/lib/python3.7/site-packages/airflow/example_dags/example_branch_operator.py
[2023-08-11T08:07:37.019+0000] {processor.py:826} INFO - Processing file /home/airflow/.local/lib/python3.7/site-packages/airflow/example_dags/example_branch_operator.py for tasks to queue
[2023-08-11T08:07:37.020+0000] {logging_mixin.py:150} INFO - [2023-08-11T08:07:37.020+0000] {dagbag.py:541} INFO - Filling up the DagBag from /home/airflow/.local/lib/python3.7/site-packages/airflow/example_dags/example_branch_operator.py
[2023-08-11T08:07:37.029+0000] {processor.py:836} INFO - DAG(s) dict_keys(['example_branch_operator']) retrieved from /home/airflow/.local/lib/python3.7/site-packages/airflow/example_dags/example_branch_operator.py
[2023-08-11T08:07:37.055+0000] {logging_mixin.py:150} INFO - [2023-08-11T08:07:37.055+0000] {dag.py:2742} INFO - Sync 1 DAGs
[2023-08-11T08:07:37.078+0000] {logging_mixin.py:150} INFO - [2023-08-11T08:07:37.078+0000] {dag.py:3508} INFO - Setting next_dagrun for example_branch_operator to 2023-08-10T00:00:00+00:00, run_after=2023-08-11T00:00:00+00:00
[2023-08-11T08:07:37.099+0000] {processor.py:179} INFO - Processing /home/airflow/.local/lib/python3.7/site-packages/airflow/example_dags/example_branch_operator.py took 0.084 seconds
[2023-08-11T08:08:07.298+0000] {processor.py:157} INFO - Started process (PID=2071) to work on /home/airflow/.local/lib/python3.7/site-packages/airflow/example_dags/example_branch_operator.py
[2023-08-11T08:08:07.299+0000] {processor.py:826} INFO - Processing file /home/airflow/.local/lib/python3.7/site-packages/airflow/example_dags/example_branch_operator.py for tasks to queue
[2023-08-11T08:08:07.299+0000] {logging_mixin.py:150} INFO - [2023-08-11T08:08:07.299+0000] {dagbag.py:541} INFO - Filling up the DagBag from /home/airflow/.local/lib/python3.7/site-packages/airflow/example_dags/example_branch_operator.py
[2023-08-11T08:08:07.307+0000] {processor.py:836} INFO - DAG(s) dict_keys(['example_branch_operator']) retrieved from /home/airflow/.local/lib/python3.7/site-packages/airflow/example_dags/example_branch_operator.py
[2023-08-11T08:08:07.334+0000] {logging_mixin.py:150} INFO - [2023-08-11T08:08:07.334+0000] {dag.py:2742} INFO - Sync 1 DAGs
[2023-08-11T08:08:07.356+0000] {logging_mixin.py:150} INFO - [2023-08-11T08:08:07.356+0000] {dag.py:3508} INFO - Setting next_dagrun for example_branch_operator to 2023-08-10T00:00:00+00:00, run_after=2023-08-11T00:00:00+00:00
[2023-08-11T08:08:07.376+0000] {processor.py:179} INFO - Processing /home/airflow/.local/lib/python3.7/site-packages/airflow/example_dags/example_branch_operator.py took 0.081 seconds
[2023-08-11T08:08:37.886+0000] {processor.py:157} INFO - Started process (PID=2137) to work on /home/airflow/.local/lib/python3.7/site-packages/airflow/example_dags/example_branch_operator.py
[2023-08-11T08:08:37.887+0000] {processor.py:826} INFO - Processing file /home/airflow/.local/lib/python3.7/site-packages/airflow/example_dags/example_branch_operator.py for tasks to queue
[2023-08-11T08:08:37.887+0000] {logging_mixin.py:150} INFO - [2023-08-11T08:08:37.887+0000] {dagbag.py:541} INFO - Filling up the DagBag from /home/airflow/.local/lib/python3.7/site-packages/airflow/example_dags/example_branch_operator.py
[2023-08-11T08:08:37.897+0000] {processor.py:836} INFO - DAG(s) dict_keys(['example_branch_operator']) retrieved from /home/airflow/.local/lib/python3.7/site-packages/airflow/example_dags/example_branch_operator.py
[2023-08-11T08:08:37.921+0000] {logging_mixin.py:150} INFO - [2023-08-11T08:08:37.921+0000] {dag.py:2742} INFO - Sync 1 DAGs
[2023-08-11T08:08:37.946+0000] {logging_mixin.py:150} INFO - [2023-08-11T08:08:37.945+0000] {dag.py:3508} INFO - Setting next_dagrun for example_branch_operator to 2023-08-10T00:00:00+00:00, run_after=2023-08-11T00:00:00+00:00
[2023-08-11T08:08:37.967+0000] {processor.py:179} INFO - Processing /home/airflow/.local/lib/python3.7/site-packages/airflow/example_dags/example_branch_operator.py took 0.083 seconds
[2023-08-11T08:09:08.351+0000] {processor.py:157} INFO - Started process (PID=2203) to work on /home/airflow/.local/lib/python3.7/site-packages/airflow/example_dags/example_branch_operator.py
[2023-08-11T08:09:08.352+0000] {processor.py:826} INFO - Processing file /home/airflow/.local/lib/python3.7/site-packages/airflow/example_dags/example_branch_operator.py for tasks to queue
[2023-08-11T08:09:08.352+0000] {logging_mixin.py:150} INFO - [2023-08-11T08:09:08.352+0000] {dagbag.py:541} INFO - Filling up the DagBag from /home/airflow/.local/lib/python3.7/site-packages/airflow/example_dags/example_branch_operator.py
[2023-08-11T08:09:08.360+0000] {processor.py:836} INFO - DAG(s) dict_keys(['example_branch_operator']) retrieved from /home/airflow/.local/lib/python3.7/site-packages/airflow/example_dags/example_branch_operator.py
[2023-08-11T08:09:08.387+0000] {logging_mixin.py:150} INFO - [2023-08-11T08:09:08.387+0000] {dag.py:2742} INFO - Sync 1 DAGs
[2023-08-11T08:09:08.409+0000] {logging_mixin.py:150} INFO - [2023-08-11T08:09:08.409+0000] {dag.py:3508} INFO - Setting next_dagrun for example_branch_operator to 2023-08-10T00:00:00+00:00, run_after=2023-08-11T00:00:00+00:00
[2023-08-11T08:09:08.432+0000] {processor.py:179} INFO - Processing /home/airflow/.local/lib/python3.7/site-packages/airflow/example_dags/example_branch_operator.py took 0.084 seconds
[2023-08-11T08:09:38.685+0000] {processor.py:157} INFO - Started process (PID=2269) to work on /home/airflow/.local/lib/python3.7/site-packages/airflow/example_dags/example_branch_operator.py
[2023-08-11T08:09:38.685+0000] {processor.py:826} INFO - Processing file /home/airflow/.local/lib/python3.7/site-packages/airflow/example_dags/example_branch_operator.py for tasks to queue
[2023-08-11T08:09:38.686+0000] {logging_mixin.py:150} INFO - [2023-08-11T08:09:38.686+0000] {dagbag.py:541} INFO - Filling up the DagBag from /home/airflow/.local/lib/python3.7/site-packages/airflow/example_dags/example_branch_operator.py
[2023-08-11T08:09:38.693+0000] {processor.py:836} INFO - DAG(s) dict_keys(['example_branch_operator']) retrieved from /home/airflow/.local/lib/python3.7/site-packages/airflow/example_dags/example_branch_operator.py
[2023-08-11T08:09:38.722+0000] {logging_mixin.py:150} INFO - [2023-08-11T08:09:38.722+0000] {dag.py:2742} INFO - Sync 1 DAGs
[2023-08-11T08:09:38.748+0000] {logging_mixin.py:150} INFO - [2023-08-11T08:09:38.748+0000] {dag.py:3508} INFO - Setting next_dagrun for example_branch_operator to 2023-08-10T00:00:00+00:00, run_after=2023-08-11T00:00:00+00:00
[2023-08-11T08:09:38.771+0000] {processor.py:179} INFO - Processing /home/airflow/.local/lib/python3.7/site-packages/airflow/example_dags/example_branch_operator.py took 0.089 seconds
[2023-08-11T08:10:09.422+0000] {processor.py:157} INFO - Started process (PID=2335) to work on /home/airflow/.local/lib/python3.7/site-packages/airflow/example_dags/example_branch_operator.py
[2023-08-11T08:10:09.424+0000] {processor.py:826} INFO - Processing file /home/airflow/.local/lib/python3.7/site-packages/airflow/example_dags/example_branch_operator.py for tasks to queue
[2023-08-11T08:10:09.425+0000] {logging_mixin.py:150} INFO - [2023-08-11T08:10:09.425+0000] {dagbag.py:541} INFO - Filling up the DagBag from /home/airflow/.local/lib/python3.7/site-packages/airflow/example_dags/example_branch_operator.py
[2023-08-11T08:10:09.442+0000] {processor.py:836} INFO - DAG(s) dict_keys(['example_branch_operator']) retrieved from /home/airflow/.local/lib/python3.7/site-packages/airflow/example_dags/example_branch_operator.py
[2023-08-11T08:10:09.501+0000] {logging_mixin.py:150} INFO - [2023-08-11T08:10:09.501+0000] {dag.py:2742} INFO - Sync 1 DAGs
[2023-08-11T08:10:09.555+0000] {logging_mixin.py:150} INFO - [2023-08-11T08:10:09.555+0000] {dag.py:3508} INFO - Setting next_dagrun for example_branch_operator to 2023-08-10T00:00:00+00:00, run_after=2023-08-11T00:00:00+00:00
[2023-08-11T08:10:09.595+0000] {processor.py:179} INFO - Processing /home/airflow/.local/lib/python3.7/site-packages/airflow/example_dags/example_branch_operator.py took 0.177 seconds
[2023-08-11T08:10:39.694+0000] {processor.py:157} INFO - Started process (PID=2401) to work on /home/airflow/.local/lib/python3.7/site-packages/airflow/example_dags/example_branch_operator.py
[2023-08-11T08:10:39.696+0000] {processor.py:826} INFO - Processing file /home/airflow/.local/lib/python3.7/site-packages/airflow/example_dags/example_branch_operator.py for tasks to queue
[2023-08-11T08:10:39.696+0000] {logging_mixin.py:150} INFO - [2023-08-11T08:10:39.696+0000] {dagbag.py:541} INFO - Filling up the DagBag from /home/airflow/.local/lib/python3.7/site-packages/airflow/example_dags/example_branch_operator.py
[2023-08-11T08:10:39.712+0000] {processor.py:836} INFO - DAG(s) dict_keys(['example_branch_operator']) retrieved from /home/airflow/.local/lib/python3.7/site-packages/airflow/example_dags/example_branch_operator.py
[2023-08-11T08:10:39.770+0000] {logging_mixin.py:150} INFO - [2023-08-11T08:10:39.769+0000] {dag.py:2742} INFO - Sync 1 DAGs
[2023-08-11T08:10:39.821+0000] {logging_mixin.py:150} INFO - [2023-08-11T08:10:39.821+0000] {dag.py:3508} INFO - Setting next_dagrun for example_branch_operator to 2023-08-10T00:00:00+00:00, run_after=2023-08-11T00:00:00+00:00
[2023-08-11T08:10:39.863+0000] {processor.py:179} INFO - Processing /home/airflow/.local/lib/python3.7/site-packages/airflow/example_dags/example_branch_operator.py took 0.173 seconds
[2023-08-11T08:11:10.467+0000] {processor.py:157} INFO - Started process (PID=2468) to work on /home/airflow/.local/lib/python3.7/site-packages/airflow/example_dags/example_branch_operator.py
[2023-08-11T08:11:10.469+0000] {processor.py:826} INFO - Processing file /home/airflow/.local/lib/python3.7/site-packages/airflow/example_dags/example_branch_operator.py for tasks to queue
[2023-08-11T08:11:10.470+0000] {logging_mixin.py:150} INFO - [2023-08-11T08:11:10.470+0000] {dagbag.py:541} INFO - Filling up the DagBag from /home/airflow/.local/lib/python3.7/site-packages/airflow/example_dags/example_branch_operator.py
[2023-08-11T08:11:10.479+0000] {processor.py:836} INFO - DAG(s) dict_keys(['example_branch_operator']) retrieved from /home/airflow/.local/lib/python3.7/site-packages/airflow/example_dags/example_branch_operator.py
[2023-08-11T08:11:10.512+0000] {logging_mixin.py:150} INFO - [2023-08-11T08:11:10.511+0000] {dag.py:2742} INFO - Sync 1 DAGs
[2023-08-11T08:11:10.542+0000] {logging_mixin.py:150} INFO - [2023-08-11T08:11:10.542+0000] {dag.py:3508} INFO - Setting next_dagrun for example_branch_operator to 2023-08-10T00:00:00+00:00, run_after=2023-08-11T00:00:00+00:00
[2023-08-11T08:11:10.569+0000] {processor.py:179} INFO - Processing /home/airflow/.local/lib/python3.7/site-packages/airflow/example_dags/example_branch_operator.py took 0.106 seconds
[2023-08-11T08:11:41.156+0000] {processor.py:157} INFO - Started process (PID=2534) to work on /home/airflow/.local/lib/python3.7/site-packages/airflow/example_dags/example_branch_operator.py
[2023-08-11T08:11:41.156+0000] {processor.py:826} INFO - Processing file /home/airflow/.local/lib/python3.7/site-packages/airflow/example_dags/example_branch_operator.py for tasks to queue
[2023-08-11T08:11:41.157+0000] {logging_mixin.py:150} INFO - [2023-08-11T08:11:41.157+0000] {dagbag.py:541} INFO - Filling up the DagBag from /home/airflow/.local/lib/python3.7/site-packages/airflow/example_dags/example_branch_operator.py
[2023-08-11T08:11:41.165+0000] {processor.py:836} INFO - DAG(s) dict_keys(['example_branch_operator']) retrieved from /home/airflow/.local/lib/python3.7/site-packages/airflow/example_dags/example_branch_operator.py
[2023-08-11T08:11:41.193+0000] {logging_mixin.py:150} INFO - [2023-08-11T08:11:41.193+0000] {dag.py:2742} INFO - Sync 1 DAGs
[2023-08-11T08:11:41.220+0000] {logging_mixin.py:150} INFO - [2023-08-11T08:11:41.220+0000] {dag.py:3508} INFO - Setting next_dagrun for example_branch_operator to 2023-08-10T00:00:00+00:00, run_after=2023-08-11T00:00:00+00:00
[2023-08-11T08:11:41.242+0000] {processor.py:179} INFO - Processing /home/airflow/.local/lib/python3.7/site-packages/airflow/example_dags/example_branch_operator.py took 0.091 seconds
[2023-08-11T08:12:11.713+0000] {processor.py:157} INFO - Started process (PID=2600) to work on /home/airflow/.local/lib/python3.7/site-packages/airflow/example_dags/example_branch_operator.py
[2023-08-11T08:12:11.714+0000] {processor.py:826} INFO - Processing file /home/airflow/.local/lib/python3.7/site-packages/airflow/example_dags/example_branch_operator.py for tasks to queue
[2023-08-11T08:12:11.715+0000] {logging_mixin.py:150} INFO - [2023-08-11T08:12:11.715+0000] {dagbag.py:541} INFO - Filling up the DagBag from /home/airflow/.local/lib/python3.7/site-packages/airflow/example_dags/example_branch_operator.py
[2023-08-11T08:12:11.725+0000] {processor.py:836} INFO - DAG(s) dict_keys(['example_branch_operator']) retrieved from /home/airflow/.local/lib/python3.7/site-packages/airflow/example_dags/example_branch_operator.py
[2023-08-11T08:12:11.750+0000] {logging_mixin.py:150} INFO - [2023-08-11T08:12:11.750+0000] {dag.py:2742} INFO - Sync 1 DAGs
[2023-08-11T08:12:11.778+0000] {logging_mixin.py:150} INFO - [2023-08-11T08:12:11.778+0000] {dag.py:3508} INFO - Setting next_dagrun for example_branch_operator to 2023-08-10T00:00:00+00:00, run_after=2023-08-11T00:00:00+00:00
[2023-08-11T08:12:11.798+0000] {processor.py:179} INFO - Processing /home/airflow/.local/lib/python3.7/site-packages/airflow/example_dags/example_branch_operator.py took 0.087 seconds
[2023-08-11T08:12:42.284+0000] {processor.py:157} INFO - Started process (PID=2666) to work on /home/airflow/.local/lib/python3.7/site-packages/airflow/example_dags/example_branch_operator.py
[2023-08-11T08:12:42.284+0000] {processor.py:826} INFO - Processing file /home/airflow/.local/lib/python3.7/site-packages/airflow/example_dags/example_branch_operator.py for tasks to queue
[2023-08-11T08:12:42.285+0000] {logging_mixin.py:150} INFO - [2023-08-11T08:12:42.285+0000] {dagbag.py:541} INFO - Filling up the DagBag from /home/airflow/.local/lib/python3.7/site-packages/airflow/example_dags/example_branch_operator.py
[2023-08-11T08:12:42.297+0000] {processor.py:836} INFO - DAG(s) dict_keys(['example_branch_operator']) retrieved from /home/airflow/.local/lib/python3.7/site-packages/airflow/example_dags/example_branch_operator.py
[2023-08-11T08:12:42.331+0000] {logging_mixin.py:150} INFO - [2023-08-11T08:12:42.331+0000] {dag.py:2742} INFO - Sync 1 DAGs
[2023-08-11T08:12:42.365+0000] {logging_mixin.py:150} INFO - [2023-08-11T08:12:42.365+0000] {dag.py:3508} INFO - Setting next_dagrun for example_branch_operator to 2023-08-10T00:00:00+00:00, run_after=2023-08-11T00:00:00+00:00
[2023-08-11T08:12:42.394+0000] {processor.py:179} INFO - Processing /home/airflow/.local/lib/python3.7/site-packages/airflow/example_dags/example_branch_operator.py took 0.114 seconds
[2023-08-11T08:13:13.442+0000] {processor.py:157} INFO - Started process (PID=2732) to work on /home/airflow/.local/lib/python3.7/site-packages/airflow/example_dags/example_branch_operator.py
[2023-08-11T08:13:13.443+0000] {processor.py:826} INFO - Processing file /home/airflow/.local/lib/python3.7/site-packages/airflow/example_dags/example_branch_operator.py for tasks to queue
[2023-08-11T08:13:13.444+0000] {logging_mixin.py:150} INFO - [2023-08-11T08:13:13.443+0000] {dagbag.py:541} INFO - Filling up the DagBag from /home/airflow/.local/lib/python3.7/site-packages/airflow/example_dags/example_branch_operator.py
[2023-08-11T08:13:13.453+0000] {processor.py:836} INFO - DAG(s) dict_keys(['example_branch_operator']) retrieved from /home/airflow/.local/lib/python3.7/site-packages/airflow/example_dags/example_branch_operator.py
[2023-08-11T08:13:13.485+0000] {logging_mixin.py:150} INFO - [2023-08-11T08:13:13.485+0000] {dag.py:2742} INFO - Sync 1 DAGs
[2023-08-11T08:13:13.520+0000] {logging_mixin.py:150} INFO - [2023-08-11T08:13:13.520+0000] {dag.py:3508} INFO - Setting next_dagrun for example_branch_operator to 2023-08-10T00:00:00+00:00, run_after=2023-08-11T00:00:00+00:00
[2023-08-11T08:13:13.547+0000] {processor.py:179} INFO - Processing /home/airflow/.local/lib/python3.7/site-packages/airflow/example_dags/example_branch_operator.py took 0.110 seconds
[2023-08-11T08:13:44.452+0000] {processor.py:157} INFO - Started process (PID=2798) to work on /home/airflow/.local/lib/python3.7/site-packages/airflow/example_dags/example_branch_operator.py
[2023-08-11T08:13:44.453+0000] {processor.py:826} INFO - Processing file /home/airflow/.local/lib/python3.7/site-packages/airflow/example_dags/example_branch_operator.py for tasks to queue
[2023-08-11T08:13:44.454+0000] {logging_mixin.py:150} INFO - [2023-08-11T08:13:44.453+0000] {dagbag.py:541} INFO - Filling up the DagBag from /home/airflow/.local/lib/python3.7/site-packages/airflow/example_dags/example_branch_operator.py
[2023-08-11T08:13:44.466+0000] {processor.py:836} INFO - DAG(s) dict_keys(['example_branch_operator']) retrieved from /home/airflow/.local/lib/python3.7/site-packages/airflow/example_dags/example_branch_operator.py
[2023-08-11T08:13:44.494+0000] {logging_mixin.py:150} INFO - [2023-08-11T08:13:44.494+0000] {dag.py:2742} INFO - Sync 1 DAGs
[2023-08-11T08:13:44.519+0000] {logging_mixin.py:150} INFO - [2023-08-11T08:13:44.519+0000] {dag.py:3508} INFO - Setting next_dagrun for example_branch_operator to 2023-08-10T00:00:00+00:00, run_after=2023-08-11T00:00:00+00:00
[2023-08-11T08:13:44.540+0000] {processor.py:179} INFO - Processing /home/airflow/.local/lib/python3.7/site-packages/airflow/example_dags/example_branch_operator.py took 0.090 seconds
[2023-08-11T08:14:15.046+0000] {processor.py:157} INFO - Started process (PID=2864) to work on /home/airflow/.local/lib/python3.7/site-packages/airflow/example_dags/example_branch_operator.py
[2023-08-11T08:14:15.048+0000] {processor.py:826} INFO - Processing file /home/airflow/.local/lib/python3.7/site-packages/airflow/example_dags/example_branch_operator.py for tasks to queue
[2023-08-11T08:14:15.048+0000] {logging_mixin.py:150} INFO - [2023-08-11T08:14:15.048+0000] {dagbag.py:541} INFO - Filling up the DagBag from /home/airflow/.local/lib/python3.7/site-packages/airflow/example_dags/example_branch_operator.py
[2023-08-11T08:14:15.056+0000] {processor.py:836} INFO - DAG(s) dict_keys(['example_branch_operator']) retrieved from /home/airflow/.local/lib/python3.7/site-packages/airflow/example_dags/example_branch_operator.py
[2023-08-11T08:14:15.086+0000] {logging_mixin.py:150} INFO - [2023-08-11T08:14:15.086+0000] {dag.py:2742} INFO - Sync 1 DAGs
[2023-08-11T08:14:15.114+0000] {logging_mixin.py:150} INFO - [2023-08-11T08:14:15.114+0000] {dag.py:3508} INFO - Setting next_dagrun for example_branch_operator to 2023-08-10T00:00:00+00:00, run_after=2023-08-11T00:00:00+00:00
[2023-08-11T08:14:15.135+0000] {processor.py:179} INFO - Processing /home/airflow/.local/lib/python3.7/site-packages/airflow/example_dags/example_branch_operator.py took 0.094 seconds
[2023-08-11T08:14:45.714+0000] {processor.py:157} INFO - Started process (PID=2931) to work on /home/airflow/.local/lib/python3.7/site-packages/airflow/example_dags/example_branch_operator.py
[2023-08-11T08:14:45.715+0000] {processor.py:826} INFO - Processing file /home/airflow/.local/lib/python3.7/site-packages/airflow/example_dags/example_branch_operator.py for tasks to queue
[2023-08-11T08:14:45.716+0000] {logging_mixin.py:150} INFO - [2023-08-11T08:14:45.716+0000] {dagbag.py:541} INFO - Filling up the DagBag from /home/airflow/.local/lib/python3.7/site-packages/airflow/example_dags/example_branch_operator.py
[2023-08-11T08:14:45.724+0000] {processor.py:836} INFO - DAG(s) dict_keys(['example_branch_operator']) retrieved from /home/airflow/.local/lib/python3.7/site-packages/airflow/example_dags/example_branch_operator.py
[2023-08-11T08:14:45.753+0000] {logging_mixin.py:150} INFO - [2023-08-11T08:14:45.752+0000] {dag.py:2742} INFO - Sync 1 DAGs
[2023-08-11T08:14:45.776+0000] {logging_mixin.py:150} INFO - [2023-08-11T08:14:45.776+0000] {dag.py:3508} INFO - Setting next_dagrun for example_branch_operator to 2023-08-10T00:00:00+00:00, run_after=2023-08-11T00:00:00+00:00
[2023-08-11T08:14:45.798+0000] {processor.py:179} INFO - Processing /home/airflow/.local/lib/python3.7/site-packages/airflow/example_dags/example_branch_operator.py took 0.087 seconds
[2023-08-11T08:15:16.642+0000] {processor.py:157} INFO - Started process (PID=2997) to work on /home/airflow/.local/lib/python3.7/site-packages/airflow/example_dags/example_branch_operator.py
[2023-08-11T08:15:16.643+0000] {processor.py:826} INFO - Processing file /home/airflow/.local/lib/python3.7/site-packages/airflow/example_dags/example_branch_operator.py for tasks to queue
[2023-08-11T08:15:16.643+0000] {logging_mixin.py:150} INFO - [2023-08-11T08:15:16.643+0000] {dagbag.py:541} INFO - Filling up the DagBag from /home/airflow/.local/lib/python3.7/site-packages/airflow/example_dags/example_branch_operator.py
[2023-08-11T08:15:16.655+0000] {processor.py:836} INFO - DAG(s) dict_keys(['example_branch_operator']) retrieved from /home/airflow/.local/lib/python3.7/site-packages/airflow/example_dags/example_branch_operator.py
[2023-08-11T08:15:16.681+0000] {logging_mixin.py:150} INFO - [2023-08-11T08:15:16.681+0000] {dag.py:2742} INFO - Sync 1 DAGs
[2023-08-11T08:15:16.707+0000] {logging_mixin.py:150} INFO - [2023-08-11T08:15:16.707+0000] {dag.py:3508} INFO - Setting next_dagrun for example_branch_operator to 2023-08-10T00:00:00+00:00, run_after=2023-08-11T00:00:00+00:00
[2023-08-11T08:15:16.731+0000] {processor.py:179} INFO - Processing /home/airflow/.local/lib/python3.7/site-packages/airflow/example_dags/example_branch_operator.py took 0.093 seconds
[2023-08-11T08:15:47.597+0000] {processor.py:157} INFO - Started process (PID=3064) to work on /home/airflow/.local/lib/python3.7/site-packages/airflow/example_dags/example_branch_operator.py
[2023-08-11T08:15:47.598+0000] {processor.py:826} INFO - Processing file /home/airflow/.local/lib/python3.7/site-packages/airflow/example_dags/example_branch_operator.py for tasks to queue
[2023-08-11T08:15:47.599+0000] {logging_mixin.py:150} INFO - [2023-08-11T08:15:47.599+0000] {dagbag.py:541} INFO - Filling up the DagBag from /home/airflow/.local/lib/python3.7/site-packages/airflow/example_dags/example_branch_operator.py
[2023-08-11T08:15:47.607+0000] {processor.py:836} INFO - DAG(s) dict_keys(['example_branch_operator']) retrieved from /home/airflow/.local/lib/python3.7/site-packages/airflow/example_dags/example_branch_operator.py
[2023-08-11T08:15:47.633+0000] {logging_mixin.py:150} INFO - [2023-08-11T08:15:47.633+0000] {dag.py:2742} INFO - Sync 1 DAGs
[2023-08-11T08:15:47.660+0000] {logging_mixin.py:150} INFO - [2023-08-11T08:15:47.660+0000] {dag.py:3508} INFO - Setting next_dagrun for example_branch_operator to 2023-08-10T00:00:00+00:00, run_after=2023-08-11T00:00:00+00:00
[2023-08-11T08:15:47.685+0000] {processor.py:179} INFO - Processing /home/airflow/.local/lib/python3.7/site-packages/airflow/example_dags/example_branch_operator.py took 0.091 seconds
[2023-08-11T08:16:18.223+0000] {processor.py:157} INFO - Started process (PID=3132) to work on /home/airflow/.local/lib/python3.7/site-packages/airflow/example_dags/example_branch_operator.py
[2023-08-11T08:16:18.225+0000] {processor.py:826} INFO - Processing file /home/airflow/.local/lib/python3.7/site-packages/airflow/example_dags/example_branch_operator.py for tasks to queue
[2023-08-11T08:16:18.226+0000] {logging_mixin.py:150} INFO - [2023-08-11T08:16:18.226+0000] {dagbag.py:541} INFO - Filling up the DagBag from /home/airflow/.local/lib/python3.7/site-packages/airflow/example_dags/example_branch_operator.py
[2023-08-11T08:16:18.241+0000] {processor.py:836} INFO - DAG(s) dict_keys(['example_branch_operator']) retrieved from /home/airflow/.local/lib/python3.7/site-packages/airflow/example_dags/example_branch_operator.py
[2023-08-11T08:16:18.287+0000] {logging_mixin.py:150} INFO - [2023-08-11T08:16:18.287+0000] {dag.py:2742} INFO - Sync 1 DAGs
[2023-08-11T08:16:18.336+0000] {logging_mixin.py:150} INFO - [2023-08-11T08:16:18.336+0000] {dag.py:3508} INFO - Setting next_dagrun for example_branch_operator to 2023-08-10T00:00:00+00:00, run_after=2023-08-11T00:00:00+00:00
[2023-08-11T08:16:18.377+0000] {processor.py:179} INFO - Processing /home/airflow/.local/lib/python3.7/site-packages/airflow/example_dags/example_branch_operator.py took 0.158 seconds
[2023-08-11T08:16:48.581+0000] {processor.py:157} INFO - Started process (PID=3199) to work on /home/airflow/.local/lib/python3.7/site-packages/airflow/example_dags/example_branch_operator.py
[2023-08-11T08:16:48.582+0000] {processor.py:826} INFO - Processing file /home/airflow/.local/lib/python3.7/site-packages/airflow/example_dags/example_branch_operator.py for tasks to queue
[2023-08-11T08:16:48.584+0000] {logging_mixin.py:150} INFO - [2023-08-11T08:16:48.583+0000] {dagbag.py:541} INFO - Filling up the DagBag from /home/airflow/.local/lib/python3.7/site-packages/airflow/example_dags/example_branch_operator.py
[2023-08-11T08:16:48.596+0000] {processor.py:836} INFO - DAG(s) dict_keys(['example_branch_operator']) retrieved from /home/airflow/.local/lib/python3.7/site-packages/airflow/example_dags/example_branch_operator.py
[2023-08-11T08:16:48.625+0000] {logging_mixin.py:150} INFO - [2023-08-11T08:16:48.625+0000] {dag.py:2742} INFO - Sync 1 DAGs
[2023-08-11T08:16:48.650+0000] {logging_mixin.py:150} INFO - [2023-08-11T08:16:48.649+0000] {dag.py:3508} INFO - Setting next_dagrun for example_branch_operator to 2023-08-10T00:00:00+00:00, run_after=2023-08-11T00:00:00+00:00
[2023-08-11T08:16:48.676+0000] {processor.py:179} INFO - Processing /home/airflow/.local/lib/python3.7/site-packages/airflow/example_dags/example_branch_operator.py took 0.098 seconds
[2023-08-11T08:17:19.067+0000] {processor.py:157} INFO - Started process (PID=3277) to work on /home/airflow/.local/lib/python3.7/site-packages/airflow/example_dags/example_branch_operator.py
[2023-08-11T08:17:19.080+0000] {processor.py:826} INFO - Processing file /home/airflow/.local/lib/python3.7/site-packages/airflow/example_dags/example_branch_operator.py for tasks to queue
[2023-08-11T08:17:19.081+0000] {logging_mixin.py:150} INFO - [2023-08-11T08:17:19.080+0000] {dagbag.py:541} INFO - Filling up the DagBag from /home/airflow/.local/lib/python3.7/site-packages/airflow/example_dags/example_branch_operator.py
[2023-08-11T08:17:19.092+0000] {processor.py:836} INFO - DAG(s) dict_keys(['example_branch_operator']) retrieved from /home/airflow/.local/lib/python3.7/site-packages/airflow/example_dags/example_branch_operator.py
[2023-08-11T08:17:19.123+0000] {logging_mixin.py:150} INFO - [2023-08-11T08:17:19.123+0000] {dag.py:2742} INFO - Sync 1 DAGs
[2023-08-11T08:17:19.149+0000] {logging_mixin.py:150} INFO - [2023-08-11T08:17:19.149+0000] {dag.py:3508} INFO - Setting next_dagrun for example_branch_operator to 2023-08-10T00:00:00+00:00, run_after=2023-08-11T00:00:00+00:00
[2023-08-11T08:17:19.202+0000] {processor.py:179} INFO - Processing /home/airflow/.local/lib/python3.7/site-packages/airflow/example_dags/example_branch_operator.py took 0.138 seconds
[2023-08-11T08:17:49.570+0000] {processor.py:157} INFO - Started process (PID=3368) to work on /home/airflow/.local/lib/python3.7/site-packages/airflow/example_dags/example_branch_operator.py
[2023-08-11T08:17:49.574+0000] {processor.py:826} INFO - Processing file /home/airflow/.local/lib/python3.7/site-packages/airflow/example_dags/example_branch_operator.py for tasks to queue
[2023-08-11T08:17:49.574+0000] {logging_mixin.py:150} INFO - [2023-08-11T08:17:49.574+0000] {dagbag.py:541} INFO - Filling up the DagBag from /home/airflow/.local/lib/python3.7/site-packages/airflow/example_dags/example_branch_operator.py
[2023-08-11T08:17:49.585+0000] {processor.py:836} INFO - DAG(s) dict_keys(['example_branch_operator']) retrieved from /home/airflow/.local/lib/python3.7/site-packages/airflow/example_dags/example_branch_operator.py
[2023-08-11T08:17:49.617+0000] {logging_mixin.py:150} INFO - [2023-08-11T08:17:49.617+0000] {dag.py:2742} INFO - Sync 1 DAGs
[2023-08-11T08:17:49.654+0000] {logging_mixin.py:150} INFO - [2023-08-11T08:17:49.653+0000] {dag.py:3508} INFO - Setting next_dagrun for example_branch_operator to 2023-08-10T00:00:00+00:00, run_after=2023-08-11T00:00:00+00:00
[2023-08-11T08:17:49.682+0000] {processor.py:179} INFO - Processing /home/airflow/.local/lib/python3.7/site-packages/airflow/example_dags/example_branch_operator.py took 0.116 seconds
[2023-08-11T08:18:20.129+0000] {processor.py:157} INFO - Started process (PID=3446) to work on /home/airflow/.local/lib/python3.7/site-packages/airflow/example_dags/example_branch_operator.py
[2023-08-11T08:18:20.131+0000] {processor.py:826} INFO - Processing file /home/airflow/.local/lib/python3.7/site-packages/airflow/example_dags/example_branch_operator.py for tasks to queue
[2023-08-11T08:18:20.131+0000] {logging_mixin.py:150} INFO - [2023-08-11T08:18:20.131+0000] {dagbag.py:541} INFO - Filling up the DagBag from /home/airflow/.local/lib/python3.7/site-packages/airflow/example_dags/example_branch_operator.py
[2023-08-11T08:18:20.141+0000] {processor.py:836} INFO - DAG(s) dict_keys(['example_branch_operator']) retrieved from /home/airflow/.local/lib/python3.7/site-packages/airflow/example_dags/example_branch_operator.py
[2023-08-11T08:18:20.169+0000] {logging_mixin.py:150} INFO - [2023-08-11T08:18:20.169+0000] {dag.py:2742} INFO - Sync 1 DAGs
[2023-08-11T08:18:20.197+0000] {logging_mixin.py:150} INFO - [2023-08-11T08:18:20.197+0000] {dag.py:3508} INFO - Setting next_dagrun for example_branch_operator to 2023-08-10T00:00:00+00:00, run_after=2023-08-11T00:00:00+00:00
[2023-08-11T08:18:20.218+0000] {processor.py:179} INFO - Processing /home/airflow/.local/lib/python3.7/site-packages/airflow/example_dags/example_branch_operator.py took 0.092 seconds
[2023-08-11T08:18:52.560+0000] {processor.py:157} INFO - Started process (PID=3531) to work on /home/airflow/.local/lib/python3.7/site-packages/airflow/example_dags/example_branch_operator.py
[2023-08-11T08:18:52.568+0000] {processor.py:826} INFO - Processing file /home/airflow/.local/lib/python3.7/site-packages/airflow/example_dags/example_branch_operator.py for tasks to queue
[2023-08-11T08:18:52.569+0000] {logging_mixin.py:150} INFO - [2023-08-11T08:18:52.569+0000] {dagbag.py:541} INFO - Filling up the DagBag from /home/airflow/.local/lib/python3.7/site-packages/airflow/example_dags/example_branch_operator.py
[2023-08-11T08:18:52.654+0000] {processor.py:836} INFO - DAG(s) dict_keys(['example_branch_operator']) retrieved from /home/airflow/.local/lib/python3.7/site-packages/airflow/example_dags/example_branch_operator.py
[2023-08-11T08:18:52.733+0000] {logging_mixin.py:150} INFO - [2023-08-11T08:18:52.733+0000] {dag.py:2742} INFO - Sync 1 DAGs
[2023-08-11T08:18:52.801+0000] {logging_mixin.py:150} INFO - [2023-08-11T08:18:52.800+0000] {dag.py:3508} INFO - Setting next_dagrun for example_branch_operator to 2023-08-10T00:00:00+00:00, run_after=2023-08-11T00:00:00+00:00
[2023-08-11T08:18:52.873+0000] {processor.py:179} INFO - Processing /home/airflow/.local/lib/python3.7/site-packages/airflow/example_dags/example_branch_operator.py took 0.338 seconds
[2023-08-11T08:19:23.002+0000] {processor.py:157} INFO - Started process (PID=3610) to work on /home/airflow/.local/lib/python3.7/site-packages/airflow/example_dags/example_branch_operator.py
[2023-08-11T08:19:23.003+0000] {processor.py:826} INFO - Processing file /home/airflow/.local/lib/python3.7/site-packages/airflow/example_dags/example_branch_operator.py for tasks to queue
[2023-08-11T08:19:23.004+0000] {logging_mixin.py:150} INFO - [2023-08-11T08:19:23.003+0000] {dagbag.py:541} INFO - Filling up the DagBag from /home/airflow/.local/lib/python3.7/site-packages/airflow/example_dags/example_branch_operator.py
[2023-08-11T08:19:23.015+0000] {processor.py:836} INFO - DAG(s) dict_keys(['example_branch_operator']) retrieved from /home/airflow/.local/lib/python3.7/site-packages/airflow/example_dags/example_branch_operator.py
[2023-08-11T08:19:23.041+0000] {logging_mixin.py:150} INFO - [2023-08-11T08:19:23.041+0000] {dag.py:2742} INFO - Sync 1 DAGs
[2023-08-11T08:19:23.065+0000] {logging_mixin.py:150} INFO - [2023-08-11T08:19:23.065+0000] {dag.py:3508} INFO - Setting next_dagrun for example_branch_operator to 2023-08-10T00:00:00+00:00, run_after=2023-08-11T00:00:00+00:00
[2023-08-11T08:19:23.086+0000] {processor.py:179} INFO - Processing /home/airflow/.local/lib/python3.7/site-packages/airflow/example_dags/example_branch_operator.py took 0.089 seconds
[2023-08-11T08:19:53.164+0000] {processor.py:157} INFO - Started process (PID=3675) to work on /home/airflow/.local/lib/python3.7/site-packages/airflow/example_dags/example_branch_operator.py
[2023-08-11T08:19:53.165+0000] {processor.py:826} INFO - Processing file /home/airflow/.local/lib/python3.7/site-packages/airflow/example_dags/example_branch_operator.py for tasks to queue
[2023-08-11T08:19:53.165+0000] {logging_mixin.py:150} INFO - [2023-08-11T08:19:53.165+0000] {dagbag.py:541} INFO - Filling up the DagBag from /home/airflow/.local/lib/python3.7/site-packages/airflow/example_dags/example_branch_operator.py
[2023-08-11T08:19:53.174+0000] {processor.py:836} INFO - DAG(s) dict_keys(['example_branch_operator']) retrieved from /home/airflow/.local/lib/python3.7/site-packages/airflow/example_dags/example_branch_operator.py
[2023-08-11T08:19:53.202+0000] {logging_mixin.py:150} INFO - [2023-08-11T08:19:53.201+0000] {dag.py:2742} INFO - Sync 1 DAGs
[2023-08-11T08:19:53.228+0000] {logging_mixin.py:150} INFO - [2023-08-11T08:19:53.228+0000] {dag.py:3508} INFO - Setting next_dagrun for example_branch_operator to 2023-08-10T00:00:00+00:00, run_after=2023-08-11T00:00:00+00:00
[2023-08-11T08:19:53.249+0000] {processor.py:179} INFO - Processing /home/airflow/.local/lib/python3.7/site-packages/airflow/example_dags/example_branch_operator.py took 0.090 seconds
[2023-08-11T08:20:23.781+0000] {processor.py:157} INFO - Started process (PID=3760) to work on /home/airflow/.local/lib/python3.7/site-packages/airflow/example_dags/example_branch_operator.py
[2023-08-11T08:20:23.783+0000] {processor.py:826} INFO - Processing file /home/airflow/.local/lib/python3.7/site-packages/airflow/example_dags/example_branch_operator.py for tasks to queue
[2023-08-11T08:20:23.783+0000] {logging_mixin.py:150} INFO - [2023-08-11T08:20:23.783+0000] {dagbag.py:541} INFO - Filling up the DagBag from /home/airflow/.local/lib/python3.7/site-packages/airflow/example_dags/example_branch_operator.py
[2023-08-11T08:20:23.792+0000] {processor.py:836} INFO - DAG(s) dict_keys(['example_branch_operator']) retrieved from /home/airflow/.local/lib/python3.7/site-packages/airflow/example_dags/example_branch_operator.py
[2023-08-11T08:20:23.821+0000] {logging_mixin.py:150} INFO - [2023-08-11T08:20:23.821+0000] {dag.py:2742} INFO - Sync 1 DAGs
[2023-08-11T08:20:23.852+0000] {logging_mixin.py:150} INFO - [2023-08-11T08:20:23.852+0000] {dag.py:3508} INFO - Setting next_dagrun for example_branch_operator to 2023-08-10T00:00:00+00:00, run_after=2023-08-11T00:00:00+00:00
[2023-08-11T08:20:23.875+0000] {processor.py:179} INFO - Processing /home/airflow/.local/lib/python3.7/site-packages/airflow/example_dags/example_branch_operator.py took 0.098 seconds
[2023-08-11T08:20:54.204+0000] {processor.py:157} INFO - Started process (PID=3864) to work on /home/airflow/.local/lib/python3.7/site-packages/airflow/example_dags/example_branch_operator.py
[2023-08-11T08:20:54.205+0000] {processor.py:826} INFO - Processing file /home/airflow/.local/lib/python3.7/site-packages/airflow/example_dags/example_branch_operator.py for tasks to queue
[2023-08-11T08:20:54.206+0000] {logging_mixin.py:150} INFO - [2023-08-11T08:20:54.206+0000] {dagbag.py:541} INFO - Filling up the DagBag from /home/airflow/.local/lib/python3.7/site-packages/airflow/example_dags/example_branch_operator.py
[2023-08-11T08:20:54.215+0000] {processor.py:836} INFO - DAG(s) dict_keys(['example_branch_operator']) retrieved from /home/airflow/.local/lib/python3.7/site-packages/airflow/example_dags/example_branch_operator.py
[2023-08-11T08:20:54.241+0000] {logging_mixin.py:150} INFO - [2023-08-11T08:20:54.241+0000] {dag.py:2742} INFO - Sync 1 DAGs
[2023-08-11T08:20:54.269+0000] {logging_mixin.py:150} INFO - [2023-08-11T08:20:54.269+0000] {dag.py:3508} INFO - Setting next_dagrun for example_branch_operator to 2023-08-10T00:00:00+00:00, run_after=2023-08-11T00:00:00+00:00
[2023-08-11T08:20:54.307+0000] {processor.py:179} INFO - Processing /home/airflow/.local/lib/python3.7/site-packages/airflow/example_dags/example_branch_operator.py took 0.106 seconds
[2023-08-11T08:21:24.633+0000] {processor.py:157} INFO - Started process (PID=3942) to work on /home/airflow/.local/lib/python3.7/site-packages/airflow/example_dags/example_branch_operator.py
[2023-08-11T08:21:24.634+0000] {processor.py:826} INFO - Processing file /home/airflow/.local/lib/python3.7/site-packages/airflow/example_dags/example_branch_operator.py for tasks to queue
[2023-08-11T08:21:24.635+0000] {logging_mixin.py:150} INFO - [2023-08-11T08:21:24.635+0000] {dagbag.py:541} INFO - Filling up the DagBag from /home/airflow/.local/lib/python3.7/site-packages/airflow/example_dags/example_branch_operator.py
[2023-08-11T08:21:24.644+0000] {processor.py:836} INFO - DAG(s) dict_keys(['example_branch_operator']) retrieved from /home/airflow/.local/lib/python3.7/site-packages/airflow/example_dags/example_branch_operator.py
[2023-08-11T08:21:24.676+0000] {logging_mixin.py:150} INFO - [2023-08-11T08:21:24.675+0000] {dag.py:2742} INFO - Sync 1 DAGs
[2023-08-11T08:21:24.706+0000] {logging_mixin.py:150} INFO - [2023-08-11T08:21:24.706+0000] {dag.py:3508} INFO - Setting next_dagrun for example_branch_operator to 2023-08-10T00:00:00+00:00, run_after=2023-08-11T00:00:00+00:00
[2023-08-11T08:21:24.725+0000] {processor.py:179} INFO - Processing /home/airflow/.local/lib/python3.7/site-packages/airflow/example_dags/example_branch_operator.py took 0.097 seconds
[2023-08-11T08:21:55.212+0000] {processor.py:157} INFO - Started process (PID=4020) to work on /home/airflow/.local/lib/python3.7/site-packages/airflow/example_dags/example_branch_operator.py
[2023-08-11T08:21:55.213+0000] {processor.py:826} INFO - Processing file /home/airflow/.local/lib/python3.7/site-packages/airflow/example_dags/example_branch_operator.py for tasks to queue
[2023-08-11T08:21:55.214+0000] {logging_mixin.py:150} INFO - [2023-08-11T08:21:55.214+0000] {dagbag.py:541} INFO - Filling up the DagBag from /home/airflow/.local/lib/python3.7/site-packages/airflow/example_dags/example_branch_operator.py
[2023-08-11T08:21:55.225+0000] {processor.py:836} INFO - DAG(s) dict_keys(['example_branch_operator']) retrieved from /home/airflow/.local/lib/python3.7/site-packages/airflow/example_dags/example_branch_operator.py
[2023-08-11T08:21:55.257+0000] {logging_mixin.py:150} INFO - [2023-08-11T08:21:55.257+0000] {dag.py:2742} INFO - Sync 1 DAGs
[2023-08-11T08:21:55.286+0000] {logging_mixin.py:150} INFO - [2023-08-11T08:21:55.286+0000] {dag.py:3508} INFO - Setting next_dagrun for example_branch_operator to 2023-08-10T00:00:00+00:00, run_after=2023-08-11T00:00:00+00:00
[2023-08-11T08:21:55.309+0000] {processor.py:179} INFO - Processing /home/airflow/.local/lib/python3.7/site-packages/airflow/example_dags/example_branch_operator.py took 0.100 seconds
[2023-08-11T08:22:26.279+0000] {processor.py:157} INFO - Started process (PID=4098) to work on /home/airflow/.local/lib/python3.7/site-packages/airflow/example_dags/example_branch_operator.py
[2023-08-11T08:22:26.280+0000] {processor.py:826} INFO - Processing file /home/airflow/.local/lib/python3.7/site-packages/airflow/example_dags/example_branch_operator.py for tasks to queue
[2023-08-11T08:22:26.281+0000] {logging_mixin.py:150} INFO - [2023-08-11T08:22:26.280+0000] {dagbag.py:541} INFO - Filling up the DagBag from /home/airflow/.local/lib/python3.7/site-packages/airflow/example_dags/example_branch_operator.py
[2023-08-11T08:22:26.289+0000] {processor.py:836} INFO - DAG(s) dict_keys(['example_branch_operator']) retrieved from /home/airflow/.local/lib/python3.7/site-packages/airflow/example_dags/example_branch_operator.py
[2023-08-11T08:22:26.313+0000] {logging_mixin.py:150} INFO - [2023-08-11T08:22:26.313+0000] {dag.py:2742} INFO - Sync 1 DAGs
[2023-08-11T08:22:26.337+0000] {logging_mixin.py:150} INFO - [2023-08-11T08:22:26.336+0000] {dag.py:3508} INFO - Setting next_dagrun for example_branch_operator to 2023-08-10T00:00:00+00:00, run_after=2023-08-11T00:00:00+00:00
[2023-08-11T08:22:26.356+0000] {processor.py:179} INFO - Processing /home/airflow/.local/lib/python3.7/site-packages/airflow/example_dags/example_branch_operator.py took 0.079 seconds
