[2023-08-11T07:52:48.234+0000] {processor.py:157} INFO - Started process (PID=61) to work on /home/airflow/.local/lib/python3.7/site-packages/airflow/example_dags/example_time_delta_sensor_async.py
[2023-08-11T07:52:48.235+0000] {processor.py:826} INFO - Processing file /home/airflow/.local/lib/python3.7/site-packages/airflow/example_dags/example_time_delta_sensor_async.py for tasks to queue
[2023-08-11T07:52:48.236+0000] {logging_mixin.py:150} INFO - [2023-08-11T07:52:48.236+0000] {dagbag.py:541} INFO - Filling up the DagBag from /home/airflow/.local/lib/python3.7/site-packages/airflow/example_dags/example_time_delta_sensor_async.py
[2023-08-11T07:52:48.258+0000] {processor.py:836} INFO - DAG(s) dict_keys(['example_time_delta_sensor_async']) retrieved from /home/airflow/.local/lib/python3.7/site-packages/airflow/example_dags/example_time_delta_sensor_async.py
[2023-08-11T07:52:48.349+0000] {logging_mixin.py:150} INFO - [2023-08-11T07:52:48.349+0000] {dag.py:2742} INFO - Sync 1 DAGs
[2023-08-11T07:52:48.483+0000] {logging_mixin.py:150} INFO - [2023-08-11T07:52:48.483+0000] {dag.py:3508} INFO - Setting next_dagrun for example_time_delta_sensor_async to None, run_after=None
[2023-08-11T07:52:48.544+0000] {processor.py:179} INFO - Processing /home/airflow/.local/lib/python3.7/site-packages/airflow/example_dags/example_time_delta_sensor_async.py took 0.319 seconds
[2023-08-11T07:53:18.751+0000] {processor.py:157} INFO - Started process (PID=126) to work on /home/airflow/.local/lib/python3.7/site-packages/airflow/example_dags/example_time_delta_sensor_async.py
[2023-08-11T07:53:18.754+0000] {processor.py:826} INFO - Processing file /home/airflow/.local/lib/python3.7/site-packages/airflow/example_dags/example_time_delta_sensor_async.py for tasks to queue
[2023-08-11T07:53:18.755+0000] {logging_mixin.py:150} INFO - [2023-08-11T07:53:18.755+0000] {dagbag.py:541} INFO - Filling up the DagBag from /home/airflow/.local/lib/python3.7/site-packages/airflow/example_dags/example_time_delta_sensor_async.py
[2023-08-11T07:53:18.759+0000] {processor.py:836} INFO - DAG(s) dict_keys(['example_time_delta_sensor_async']) retrieved from /home/airflow/.local/lib/python3.7/site-packages/airflow/example_dags/example_time_delta_sensor_async.py
[2023-08-11T07:53:18.783+0000] {logging_mixin.py:150} INFO - [2023-08-11T07:53:18.783+0000] {dag.py:2742} INFO - Sync 1 DAGs
[2023-08-11T07:53:18.808+0000] {logging_mixin.py:150} INFO - [2023-08-11T07:53:18.808+0000] {dag.py:3508} INFO - Setting next_dagrun for example_time_delta_sensor_async to None, run_after=None
[2023-08-11T07:53:18.832+0000] {processor.py:179} INFO - Processing /home/airflow/.local/lib/python3.7/site-packages/airflow/example_dags/example_time_delta_sensor_async.py took 0.084 seconds
[2023-08-11T07:53:49.583+0000] {processor.py:157} INFO - Started process (PID=191) to work on /home/airflow/.local/lib/python3.7/site-packages/airflow/example_dags/example_time_delta_sensor_async.py
[2023-08-11T07:53:49.584+0000] {processor.py:826} INFO - Processing file /home/airflow/.local/lib/python3.7/site-packages/airflow/example_dags/example_time_delta_sensor_async.py for tasks to queue
[2023-08-11T07:53:49.585+0000] {logging_mixin.py:150} INFO - [2023-08-11T07:53:49.584+0000] {dagbag.py:541} INFO - Filling up the DagBag from /home/airflow/.local/lib/python3.7/site-packages/airflow/example_dags/example_time_delta_sensor_async.py
[2023-08-11T07:53:49.589+0000] {processor.py:836} INFO - DAG(s) dict_keys(['example_time_delta_sensor_async']) retrieved from /home/airflow/.local/lib/python3.7/site-packages/airflow/example_dags/example_time_delta_sensor_async.py
[2023-08-11T07:53:49.615+0000] {logging_mixin.py:150} INFO - [2023-08-11T07:53:49.615+0000] {dag.py:2742} INFO - Sync 1 DAGs
[2023-08-11T07:53:49.645+0000] {logging_mixin.py:150} INFO - [2023-08-11T07:53:49.645+0000] {dag.py:3508} INFO - Setting next_dagrun for example_time_delta_sensor_async to None, run_after=None
[2023-08-11T07:53:49.692+0000] {processor.py:179} INFO - Processing /home/airflow/.local/lib/python3.7/site-packages/airflow/example_dags/example_time_delta_sensor_async.py took 0.113 seconds
[2023-08-11T07:54:20.297+0000] {processor.py:157} INFO - Started process (PID=256) to work on /home/airflow/.local/lib/python3.7/site-packages/airflow/example_dags/example_time_delta_sensor_async.py
[2023-08-11T07:54:20.298+0000] {processor.py:826} INFO - Processing file /home/airflow/.local/lib/python3.7/site-packages/airflow/example_dags/example_time_delta_sensor_async.py for tasks to queue
[2023-08-11T07:54:20.299+0000] {logging_mixin.py:150} INFO - [2023-08-11T07:54:20.298+0000] {dagbag.py:541} INFO - Filling up the DagBag from /home/airflow/.local/lib/python3.7/site-packages/airflow/example_dags/example_time_delta_sensor_async.py
[2023-08-11T07:54:20.304+0000] {processor.py:836} INFO - DAG(s) dict_keys(['example_time_delta_sensor_async']) retrieved from /home/airflow/.local/lib/python3.7/site-packages/airflow/example_dags/example_time_delta_sensor_async.py
[2023-08-11T07:54:20.331+0000] {logging_mixin.py:150} INFO - [2023-08-11T07:54:20.331+0000] {dag.py:2742} INFO - Sync 1 DAGs
[2023-08-11T07:54:20.359+0000] {logging_mixin.py:150} INFO - [2023-08-11T07:54:20.359+0000] {dag.py:3508} INFO - Setting next_dagrun for example_time_delta_sensor_async to None, run_after=None
[2023-08-11T07:54:20.385+0000] {processor.py:179} INFO - Processing /home/airflow/.local/lib/python3.7/site-packages/airflow/example_dags/example_time_delta_sensor_async.py took 0.091 seconds
[2023-08-11T07:54:51.026+0000] {processor.py:157} INFO - Started process (PID=321) to work on /home/airflow/.local/lib/python3.7/site-packages/airflow/example_dags/example_time_delta_sensor_async.py
[2023-08-11T07:54:51.028+0000] {processor.py:826} INFO - Processing file /home/airflow/.local/lib/python3.7/site-packages/airflow/example_dags/example_time_delta_sensor_async.py for tasks to queue
[2023-08-11T07:54:51.029+0000] {logging_mixin.py:150} INFO - [2023-08-11T07:54:51.028+0000] {dagbag.py:541} INFO - Filling up the DagBag from /home/airflow/.local/lib/python3.7/site-packages/airflow/example_dags/example_time_delta_sensor_async.py
[2023-08-11T07:54:51.037+0000] {processor.py:836} INFO - DAG(s) dict_keys(['example_time_delta_sensor_async']) retrieved from /home/airflow/.local/lib/python3.7/site-packages/airflow/example_dags/example_time_delta_sensor_async.py
[2023-08-11T07:54:51.068+0000] {logging_mixin.py:150} INFO - [2023-08-11T07:54:51.067+0000] {dag.py:2742} INFO - Sync 1 DAGs
[2023-08-11T07:54:51.097+0000] {logging_mixin.py:150} INFO - [2023-08-11T07:54:51.097+0000] {dag.py:3508} INFO - Setting next_dagrun for example_time_delta_sensor_async to None, run_after=None
[2023-08-11T07:54:51.131+0000] {processor.py:179} INFO - Processing /home/airflow/.local/lib/python3.7/site-packages/airflow/example_dags/example_time_delta_sensor_async.py took 0.111 seconds
[2023-08-11T07:55:21.284+0000] {processor.py:157} INFO - Started process (PID=387) to work on /home/airflow/.local/lib/python3.7/site-packages/airflow/example_dags/example_time_delta_sensor_async.py
[2023-08-11T07:55:21.285+0000] {processor.py:826} INFO - Processing file /home/airflow/.local/lib/python3.7/site-packages/airflow/example_dags/example_time_delta_sensor_async.py for tasks to queue
[2023-08-11T07:55:21.286+0000] {logging_mixin.py:150} INFO - [2023-08-11T07:55:21.286+0000] {dagbag.py:541} INFO - Filling up the DagBag from /home/airflow/.local/lib/python3.7/site-packages/airflow/example_dags/example_time_delta_sensor_async.py
[2023-08-11T07:55:21.292+0000] {processor.py:836} INFO - DAG(s) dict_keys(['example_time_delta_sensor_async']) retrieved from /home/airflow/.local/lib/python3.7/site-packages/airflow/example_dags/example_time_delta_sensor_async.py
[2023-08-11T07:55:21.321+0000] {logging_mixin.py:150} INFO - [2023-08-11T07:55:21.321+0000] {dag.py:2742} INFO - Sync 1 DAGs
[2023-08-11T07:55:21.345+0000] {logging_mixin.py:150} INFO - [2023-08-11T07:55:21.345+0000] {dag.py:3508} INFO - Setting next_dagrun for example_time_delta_sensor_async to None, run_after=None
[2023-08-11T07:55:21.365+0000] {processor.py:179} INFO - Processing /home/airflow/.local/lib/python3.7/site-packages/airflow/example_dags/example_time_delta_sensor_async.py took 0.084 seconds
[2023-08-11T07:55:51.976+0000] {processor.py:157} INFO - Started process (PID=452) to work on /home/airflow/.local/lib/python3.7/site-packages/airflow/example_dags/example_time_delta_sensor_async.py
[2023-08-11T07:55:51.977+0000] {processor.py:826} INFO - Processing file /home/airflow/.local/lib/python3.7/site-packages/airflow/example_dags/example_time_delta_sensor_async.py for tasks to queue
[2023-08-11T07:55:51.978+0000] {logging_mixin.py:150} INFO - [2023-08-11T07:55:51.978+0000] {dagbag.py:541} INFO - Filling up the DagBag from /home/airflow/.local/lib/python3.7/site-packages/airflow/example_dags/example_time_delta_sensor_async.py
[2023-08-11T07:55:51.983+0000] {processor.py:836} INFO - DAG(s) dict_keys(['example_time_delta_sensor_async']) retrieved from /home/airflow/.local/lib/python3.7/site-packages/airflow/example_dags/example_time_delta_sensor_async.py
[2023-08-11T07:55:52.017+0000] {logging_mixin.py:150} INFO - [2023-08-11T07:55:52.017+0000] {dag.py:2742} INFO - Sync 1 DAGs
[2023-08-11T07:55:52.054+0000] {logging_mixin.py:150} INFO - [2023-08-11T07:55:52.054+0000] {dag.py:3508} INFO - Setting next_dagrun for example_time_delta_sensor_async to None, run_after=None
[2023-08-11T07:55:52.085+0000] {processor.py:179} INFO - Processing /home/airflow/.local/lib/python3.7/site-packages/airflow/example_dags/example_time_delta_sensor_async.py took 0.115 seconds
[2023-08-11T07:56:22.438+0000] {processor.py:157} INFO - Started process (PID=517) to work on /home/airflow/.local/lib/python3.7/site-packages/airflow/example_dags/example_time_delta_sensor_async.py
[2023-08-11T07:56:22.440+0000] {processor.py:826} INFO - Processing file /home/airflow/.local/lib/python3.7/site-packages/airflow/example_dags/example_time_delta_sensor_async.py for tasks to queue
[2023-08-11T07:56:22.441+0000] {logging_mixin.py:150} INFO - [2023-08-11T07:56:22.441+0000] {dagbag.py:541} INFO - Filling up the DagBag from /home/airflow/.local/lib/python3.7/site-packages/airflow/example_dags/example_time_delta_sensor_async.py
[2023-08-11T07:56:22.448+0000] {processor.py:836} INFO - DAG(s) dict_keys(['example_time_delta_sensor_async']) retrieved from /home/airflow/.local/lib/python3.7/site-packages/airflow/example_dags/example_time_delta_sensor_async.py
[2023-08-11T07:56:22.489+0000] {logging_mixin.py:150} INFO - [2023-08-11T07:56:22.488+0000] {dag.py:2742} INFO - Sync 1 DAGs
[2023-08-11T07:56:22.522+0000] {logging_mixin.py:150} INFO - [2023-08-11T07:56:22.522+0000] {dag.py:3508} INFO - Setting next_dagrun for example_time_delta_sensor_async to None, run_after=None
[2023-08-11T07:56:22.552+0000] {processor.py:179} INFO - Processing /home/airflow/.local/lib/python3.7/site-packages/airflow/example_dags/example_time_delta_sensor_async.py took 0.118 seconds
[2023-08-11T07:56:53.683+0000] {processor.py:157} INFO - Started process (PID=582) to work on /home/airflow/.local/lib/python3.7/site-packages/airflow/example_dags/example_time_delta_sensor_async.py
[2023-08-11T07:56:53.688+0000] {processor.py:826} INFO - Processing file /home/airflow/.local/lib/python3.7/site-packages/airflow/example_dags/example_time_delta_sensor_async.py for tasks to queue
[2023-08-11T07:56:53.689+0000] {logging_mixin.py:150} INFO - [2023-08-11T07:56:53.689+0000] {dagbag.py:541} INFO - Filling up the DagBag from /home/airflow/.local/lib/python3.7/site-packages/airflow/example_dags/example_time_delta_sensor_async.py
[2023-08-11T07:56:53.702+0000] {processor.py:836} INFO - DAG(s) dict_keys(['example_time_delta_sensor_async']) retrieved from /home/airflow/.local/lib/python3.7/site-packages/airflow/example_dags/example_time_delta_sensor_async.py
[2023-08-11T07:56:53.775+0000] {logging_mixin.py:150} INFO - [2023-08-11T07:56:53.774+0000] {dag.py:2742} INFO - Sync 1 DAGs
[2023-08-11T07:56:53.869+0000] {logging_mixin.py:150} INFO - [2023-08-11T07:56:53.868+0000] {dag.py:3508} INFO - Setting next_dagrun for example_time_delta_sensor_async to None, run_after=None
[2023-08-11T07:56:53.922+0000] {processor.py:179} INFO - Processing /home/airflow/.local/lib/python3.7/site-packages/airflow/example_dags/example_time_delta_sensor_async.py took 0.249 seconds
[2023-08-11T07:57:24.091+0000] {processor.py:157} INFO - Started process (PID=647) to work on /home/airflow/.local/lib/python3.7/site-packages/airflow/example_dags/example_time_delta_sensor_async.py
[2023-08-11T07:57:24.093+0000] {processor.py:826} INFO - Processing file /home/airflow/.local/lib/python3.7/site-packages/airflow/example_dags/example_time_delta_sensor_async.py for tasks to queue
[2023-08-11T07:57:24.095+0000] {logging_mixin.py:150} INFO - [2023-08-11T07:57:24.094+0000] {dagbag.py:541} INFO - Filling up the DagBag from /home/airflow/.local/lib/python3.7/site-packages/airflow/example_dags/example_time_delta_sensor_async.py
[2023-08-11T07:57:24.102+0000] {processor.py:836} INFO - DAG(s) dict_keys(['example_time_delta_sensor_async']) retrieved from /home/airflow/.local/lib/python3.7/site-packages/airflow/example_dags/example_time_delta_sensor_async.py
[2023-08-11T07:57:24.137+0000] {logging_mixin.py:150} INFO - [2023-08-11T07:57:24.137+0000] {dag.py:2742} INFO - Sync 1 DAGs
[2023-08-11T07:57:24.174+0000] {logging_mixin.py:150} INFO - [2023-08-11T07:57:24.174+0000] {dag.py:3508} INFO - Setting next_dagrun for example_time_delta_sensor_async to None, run_after=None
[2023-08-11T07:57:24.214+0000] {processor.py:179} INFO - Processing /home/airflow/.local/lib/python3.7/site-packages/airflow/example_dags/example_time_delta_sensor_async.py took 0.127 seconds
[2023-08-11T07:57:55.022+0000] {processor.py:157} INFO - Started process (PID=713) to work on /home/airflow/.local/lib/python3.7/site-packages/airflow/example_dags/example_time_delta_sensor_async.py
[2023-08-11T07:57:55.023+0000] {processor.py:826} INFO - Processing file /home/airflow/.local/lib/python3.7/site-packages/airflow/example_dags/example_time_delta_sensor_async.py for tasks to queue
[2023-08-11T07:57:55.025+0000] {logging_mixin.py:150} INFO - [2023-08-11T07:57:55.024+0000] {dagbag.py:541} INFO - Filling up the DagBag from /home/airflow/.local/lib/python3.7/site-packages/airflow/example_dags/example_time_delta_sensor_async.py
[2023-08-11T07:57:55.034+0000] {processor.py:836} INFO - DAG(s) dict_keys(['example_time_delta_sensor_async']) retrieved from /home/airflow/.local/lib/python3.7/site-packages/airflow/example_dags/example_time_delta_sensor_async.py
[2023-08-11T07:57:55.071+0000] {logging_mixin.py:150} INFO - [2023-08-11T07:57:55.070+0000] {dag.py:2742} INFO - Sync 1 DAGs
[2023-08-11T07:57:55.109+0000] {logging_mixin.py:150} INFO - [2023-08-11T07:57:55.109+0000] {dag.py:3508} INFO - Setting next_dagrun for example_time_delta_sensor_async to None, run_after=None
[2023-08-11T07:57:55.146+0000] {processor.py:179} INFO - Processing /home/airflow/.local/lib/python3.7/site-packages/airflow/example_dags/example_time_delta_sensor_async.py took 0.128 seconds
[2023-08-11T07:58:25.227+0000] {processor.py:157} INFO - Started process (PID=779) to work on /home/airflow/.local/lib/python3.7/site-packages/airflow/example_dags/example_time_delta_sensor_async.py
[2023-08-11T07:58:25.228+0000] {processor.py:826} INFO - Processing file /home/airflow/.local/lib/python3.7/site-packages/airflow/example_dags/example_time_delta_sensor_async.py for tasks to queue
[2023-08-11T07:58:25.229+0000] {logging_mixin.py:150} INFO - [2023-08-11T07:58:25.228+0000] {dagbag.py:541} INFO - Filling up the DagBag from /home/airflow/.local/lib/python3.7/site-packages/airflow/example_dags/example_time_delta_sensor_async.py
[2023-08-11T07:58:25.234+0000] {processor.py:836} INFO - DAG(s) dict_keys(['example_time_delta_sensor_async']) retrieved from /home/airflow/.local/lib/python3.7/site-packages/airflow/example_dags/example_time_delta_sensor_async.py
[2023-08-11T07:58:25.257+0000] {logging_mixin.py:150} INFO - [2023-08-11T07:58:25.257+0000] {dag.py:2742} INFO - Sync 1 DAGs
[2023-08-11T07:58:25.282+0000] {logging_mixin.py:150} INFO - [2023-08-11T07:58:25.282+0000] {dag.py:3508} INFO - Setting next_dagrun for example_time_delta_sensor_async to None, run_after=None
[2023-08-11T07:58:25.301+0000] {processor.py:179} INFO - Processing /home/airflow/.local/lib/python3.7/site-packages/airflow/example_dags/example_time_delta_sensor_async.py took 0.077 seconds
[2023-08-11T07:58:55.512+0000] {processor.py:157} INFO - Started process (PID=845) to work on /home/airflow/.local/lib/python3.7/site-packages/airflow/example_dags/example_time_delta_sensor_async.py
[2023-08-11T07:58:55.513+0000] {processor.py:826} INFO - Processing file /home/airflow/.local/lib/python3.7/site-packages/airflow/example_dags/example_time_delta_sensor_async.py for tasks to queue
[2023-08-11T07:58:55.514+0000] {logging_mixin.py:150} INFO - [2023-08-11T07:58:55.514+0000] {dagbag.py:541} INFO - Filling up the DagBag from /home/airflow/.local/lib/python3.7/site-packages/airflow/example_dags/example_time_delta_sensor_async.py
[2023-08-11T07:58:55.519+0000] {processor.py:836} INFO - DAG(s) dict_keys(['example_time_delta_sensor_async']) retrieved from /home/airflow/.local/lib/python3.7/site-packages/airflow/example_dags/example_time_delta_sensor_async.py
[2023-08-11T07:58:55.545+0000] {logging_mixin.py:150} INFO - [2023-08-11T07:58:55.544+0000] {dag.py:2742} INFO - Sync 1 DAGs
[2023-08-11T07:58:55.570+0000] {logging_mixin.py:150} INFO - [2023-08-11T07:58:55.570+0000] {dag.py:3508} INFO - Setting next_dagrun for example_time_delta_sensor_async to None, run_after=None
[2023-08-11T07:58:55.590+0000] {processor.py:179} INFO - Processing /home/airflow/.local/lib/python3.7/site-packages/airflow/example_dags/example_time_delta_sensor_async.py took 0.081 seconds
[2023-08-11T07:59:26.613+0000] {processor.py:157} INFO - Started process (PID=911) to work on /home/airflow/.local/lib/python3.7/site-packages/airflow/example_dags/example_time_delta_sensor_async.py
[2023-08-11T07:59:26.614+0000] {processor.py:826} INFO - Processing file /home/airflow/.local/lib/python3.7/site-packages/airflow/example_dags/example_time_delta_sensor_async.py for tasks to queue
[2023-08-11T07:59:26.615+0000] {logging_mixin.py:150} INFO - [2023-08-11T07:59:26.615+0000] {dagbag.py:541} INFO - Filling up the DagBag from /home/airflow/.local/lib/python3.7/site-packages/airflow/example_dags/example_time_delta_sensor_async.py
[2023-08-11T07:59:26.622+0000] {processor.py:836} INFO - DAG(s) dict_keys(['example_time_delta_sensor_async']) retrieved from /home/airflow/.local/lib/python3.7/site-packages/airflow/example_dags/example_time_delta_sensor_async.py
[2023-08-11T07:59:26.639+0000] {logging_mixin.py:150} INFO - [2023-08-11T07:59:26.639+0000] {dag.py:2742} INFO - Sync 1 DAGs
[2023-08-11T07:59:26.676+0000] {logging_mixin.py:150} INFO - [2023-08-11T07:59:26.676+0000] {dag.py:3508} INFO - Setting next_dagrun for example_time_delta_sensor_async to None, run_after=None
[2023-08-11T07:59:26.709+0000] {processor.py:179} INFO - Processing /home/airflow/.local/lib/python3.7/site-packages/airflow/example_dags/example_time_delta_sensor_async.py took 0.100 seconds
[2023-08-11T07:59:57.536+0000] {processor.py:157} INFO - Started process (PID=980) to work on /home/airflow/.local/lib/python3.7/site-packages/airflow/example_dags/example_time_delta_sensor_async.py
[2023-08-11T07:59:57.537+0000] {processor.py:826} INFO - Processing file /home/airflow/.local/lib/python3.7/site-packages/airflow/example_dags/example_time_delta_sensor_async.py for tasks to queue
[2023-08-11T07:59:57.538+0000] {logging_mixin.py:150} INFO - [2023-08-11T07:59:57.537+0000] {dagbag.py:541} INFO - Filling up the DagBag from /home/airflow/.local/lib/python3.7/site-packages/airflow/example_dags/example_time_delta_sensor_async.py
[2023-08-11T07:59:57.542+0000] {processor.py:836} INFO - DAG(s) dict_keys(['example_time_delta_sensor_async']) retrieved from /home/airflow/.local/lib/python3.7/site-packages/airflow/example_dags/example_time_delta_sensor_async.py
[2023-08-11T07:59:57.572+0000] {logging_mixin.py:150} INFO - [2023-08-11T07:59:57.572+0000] {dag.py:2742} INFO - Sync 1 DAGs
[2023-08-11T07:59:57.599+0000] {logging_mixin.py:150} INFO - [2023-08-11T07:59:57.599+0000] {dag.py:3508} INFO - Setting next_dagrun for example_time_delta_sensor_async to None, run_after=None
[2023-08-11T07:59:57.627+0000] {processor.py:179} INFO - Processing /home/airflow/.local/lib/python3.7/site-packages/airflow/example_dags/example_time_delta_sensor_async.py took 0.095 seconds
[2023-08-11T08:00:28.226+0000] {processor.py:157} INFO - Started process (PID=1051) to work on /home/airflow/.local/lib/python3.7/site-packages/airflow/example_dags/example_time_delta_sensor_async.py
[2023-08-11T08:00:28.228+0000] {processor.py:826} INFO - Processing file /home/airflow/.local/lib/python3.7/site-packages/airflow/example_dags/example_time_delta_sensor_async.py for tasks to queue
[2023-08-11T08:00:28.229+0000] {logging_mixin.py:150} INFO - [2023-08-11T08:00:28.228+0000] {dagbag.py:541} INFO - Filling up the DagBag from /home/airflow/.local/lib/python3.7/site-packages/airflow/example_dags/example_time_delta_sensor_async.py
[2023-08-11T08:00:28.234+0000] {processor.py:836} INFO - DAG(s) dict_keys(['example_time_delta_sensor_async']) retrieved from /home/airflow/.local/lib/python3.7/site-packages/airflow/example_dags/example_time_delta_sensor_async.py
[2023-08-11T08:00:28.264+0000] {logging_mixin.py:150} INFO - [2023-08-11T08:00:28.264+0000] {dag.py:2742} INFO - Sync 1 DAGs
[2023-08-11T08:00:28.300+0000] {logging_mixin.py:150} INFO - [2023-08-11T08:00:28.300+0000] {dag.py:3508} INFO - Setting next_dagrun for example_time_delta_sensor_async to None, run_after=None
[2023-08-11T08:00:28.334+0000] {processor.py:179} INFO - Processing /home/airflow/.local/lib/python3.7/site-packages/airflow/example_dags/example_time_delta_sensor_async.py took 0.111 seconds
[2023-08-11T08:00:59.098+0000] {processor.py:157} INFO - Started process (PID=1117) to work on /home/airflow/.local/lib/python3.7/site-packages/airflow/example_dags/example_time_delta_sensor_async.py
[2023-08-11T08:00:59.099+0000] {processor.py:826} INFO - Processing file /home/airflow/.local/lib/python3.7/site-packages/airflow/example_dags/example_time_delta_sensor_async.py for tasks to queue
[2023-08-11T08:00:59.100+0000] {logging_mixin.py:150} INFO - [2023-08-11T08:00:59.100+0000] {dagbag.py:541} INFO - Filling up the DagBag from /home/airflow/.local/lib/python3.7/site-packages/airflow/example_dags/example_time_delta_sensor_async.py
[2023-08-11T08:00:59.108+0000] {processor.py:836} INFO - DAG(s) dict_keys(['example_time_delta_sensor_async']) retrieved from /home/airflow/.local/lib/python3.7/site-packages/airflow/example_dags/example_time_delta_sensor_async.py
[2023-08-11T08:00:59.148+0000] {logging_mixin.py:150} INFO - [2023-08-11T08:00:59.148+0000] {dag.py:2742} INFO - Sync 1 DAGs
[2023-08-11T08:00:59.191+0000] {logging_mixin.py:150} INFO - [2023-08-11T08:00:59.190+0000] {dag.py:3508} INFO - Setting next_dagrun for example_time_delta_sensor_async to None, run_after=None
[2023-08-11T08:00:59.236+0000] {processor.py:179} INFO - Processing /home/airflow/.local/lib/python3.7/site-packages/airflow/example_dags/example_time_delta_sensor_async.py took 0.140 seconds
[2023-08-11T08:01:29.339+0000] {processor.py:157} INFO - Started process (PID=1185) to work on /home/airflow/.local/lib/python3.7/site-packages/airflow/example_dags/example_time_delta_sensor_async.py
[2023-08-11T08:01:29.341+0000] {processor.py:826} INFO - Processing file /home/airflow/.local/lib/python3.7/site-packages/airflow/example_dags/example_time_delta_sensor_async.py for tasks to queue
[2023-08-11T08:01:29.342+0000] {logging_mixin.py:150} INFO - [2023-08-11T08:01:29.342+0000] {dagbag.py:541} INFO - Filling up the DagBag from /home/airflow/.local/lib/python3.7/site-packages/airflow/example_dags/example_time_delta_sensor_async.py
[2023-08-11T08:01:29.346+0000] {processor.py:836} INFO - DAG(s) dict_keys(['example_time_delta_sensor_async']) retrieved from /home/airflow/.local/lib/python3.7/site-packages/airflow/example_dags/example_time_delta_sensor_async.py
[2023-08-11T08:01:29.376+0000] {logging_mixin.py:150} INFO - [2023-08-11T08:01:29.376+0000] {dag.py:2742} INFO - Sync 1 DAGs
[2023-08-11T08:01:29.401+0000] {logging_mixin.py:150} INFO - [2023-08-11T08:01:29.401+0000] {dag.py:3508} INFO - Setting next_dagrun for example_time_delta_sensor_async to None, run_after=None
[2023-08-11T08:01:29.435+0000] {processor.py:179} INFO - Processing /home/airflow/.local/lib/python3.7/site-packages/airflow/example_dags/example_time_delta_sensor_async.py took 0.100 seconds
[2023-08-11T08:01:59.565+0000] {processor.py:157} INFO - Started process (PID=1251) to work on /home/airflow/.local/lib/python3.7/site-packages/airflow/example_dags/example_time_delta_sensor_async.py
[2023-08-11T08:01:59.566+0000] {processor.py:826} INFO - Processing file /home/airflow/.local/lib/python3.7/site-packages/airflow/example_dags/example_time_delta_sensor_async.py for tasks to queue
[2023-08-11T08:01:59.567+0000] {logging_mixin.py:150} INFO - [2023-08-11T08:01:59.567+0000] {dagbag.py:541} INFO - Filling up the DagBag from /home/airflow/.local/lib/python3.7/site-packages/airflow/example_dags/example_time_delta_sensor_async.py
[2023-08-11T08:01:59.571+0000] {processor.py:836} INFO - DAG(s) dict_keys(['example_time_delta_sensor_async']) retrieved from /home/airflow/.local/lib/python3.7/site-packages/airflow/example_dags/example_time_delta_sensor_async.py
[2023-08-11T08:01:59.601+0000] {logging_mixin.py:150} INFO - [2023-08-11T08:01:59.601+0000] {dag.py:2742} INFO - Sync 1 DAGs
[2023-08-11T08:01:59.628+0000] {logging_mixin.py:150} INFO - [2023-08-11T08:01:59.628+0000] {dag.py:3508} INFO - Setting next_dagrun for example_time_delta_sensor_async to None, run_after=None
[2023-08-11T08:01:59.652+0000] {processor.py:179} INFO - Processing /home/airflow/.local/lib/python3.7/site-packages/airflow/example_dags/example_time_delta_sensor_async.py took 0.091 seconds
[2023-08-11T08:02:29.757+0000] {processor.py:157} INFO - Started process (PID=1320) to work on /home/airflow/.local/lib/python3.7/site-packages/airflow/example_dags/example_time_delta_sensor_async.py
[2023-08-11T08:02:29.759+0000] {processor.py:826} INFO - Processing file /home/airflow/.local/lib/python3.7/site-packages/airflow/example_dags/example_time_delta_sensor_async.py for tasks to queue
[2023-08-11T08:02:29.762+0000] {logging_mixin.py:150} INFO - [2023-08-11T08:02:29.761+0000] {dagbag.py:541} INFO - Filling up the DagBag from /home/airflow/.local/lib/python3.7/site-packages/airflow/example_dags/example_time_delta_sensor_async.py
[2023-08-11T08:02:29.770+0000] {processor.py:836} INFO - DAG(s) dict_keys(['example_time_delta_sensor_async']) retrieved from /home/airflow/.local/lib/python3.7/site-packages/airflow/example_dags/example_time_delta_sensor_async.py
[2023-08-11T08:02:29.814+0000] {logging_mixin.py:150} INFO - [2023-08-11T08:02:29.814+0000] {dag.py:2742} INFO - Sync 1 DAGs
[2023-08-11T08:02:29.857+0000] {logging_mixin.py:150} INFO - [2023-08-11T08:02:29.857+0000] {dag.py:3508} INFO - Setting next_dagrun for example_time_delta_sensor_async to None, run_after=None
[2023-08-11T08:02:29.893+0000] {processor.py:179} INFO - Processing /home/airflow/.local/lib/python3.7/site-packages/airflow/example_dags/example_time_delta_sensor_async.py took 0.142 seconds
[2023-08-11T08:03:00.438+0000] {processor.py:157} INFO - Started process (PID=1386) to work on /home/airflow/.local/lib/python3.7/site-packages/airflow/example_dags/example_time_delta_sensor_async.py
[2023-08-11T08:03:00.439+0000] {processor.py:826} INFO - Processing file /home/airflow/.local/lib/python3.7/site-packages/airflow/example_dags/example_time_delta_sensor_async.py for tasks to queue
[2023-08-11T08:03:00.440+0000] {logging_mixin.py:150} INFO - [2023-08-11T08:03:00.440+0000] {dagbag.py:541} INFO - Filling up the DagBag from /home/airflow/.local/lib/python3.7/site-packages/airflow/example_dags/example_time_delta_sensor_async.py
[2023-08-11T08:03:00.448+0000] {processor.py:836} INFO - DAG(s) dict_keys(['example_time_delta_sensor_async']) retrieved from /home/airflow/.local/lib/python3.7/site-packages/airflow/example_dags/example_time_delta_sensor_async.py
[2023-08-11T08:03:00.488+0000] {logging_mixin.py:150} INFO - [2023-08-11T08:03:00.488+0000] {dag.py:2742} INFO - Sync 1 DAGs
[2023-08-11T08:03:00.520+0000] {logging_mixin.py:150} INFO - [2023-08-11T08:03:00.520+0000] {dag.py:3508} INFO - Setting next_dagrun for example_time_delta_sensor_async to None, run_after=None
[2023-08-11T08:03:00.552+0000] {processor.py:179} INFO - Processing /home/airflow/.local/lib/python3.7/site-packages/airflow/example_dags/example_time_delta_sensor_async.py took 0.118 seconds
[2023-08-11T08:03:30.760+0000] {processor.py:157} INFO - Started process (PID=1453) to work on /home/airflow/.local/lib/python3.7/site-packages/airflow/example_dags/example_time_delta_sensor_async.py
[2023-08-11T08:03:30.761+0000] {processor.py:826} INFO - Processing file /home/airflow/.local/lib/python3.7/site-packages/airflow/example_dags/example_time_delta_sensor_async.py for tasks to queue
[2023-08-11T08:03:30.763+0000] {logging_mixin.py:150} INFO - [2023-08-11T08:03:30.762+0000] {dagbag.py:541} INFO - Filling up the DagBag from /home/airflow/.local/lib/python3.7/site-packages/airflow/example_dags/example_time_delta_sensor_async.py
[2023-08-11T08:03:30.768+0000] {processor.py:836} INFO - DAG(s) dict_keys(['example_time_delta_sensor_async']) retrieved from /home/airflow/.local/lib/python3.7/site-packages/airflow/example_dags/example_time_delta_sensor_async.py
[2023-08-11T08:03:30.796+0000] {logging_mixin.py:150} INFO - [2023-08-11T08:03:30.795+0000] {dag.py:2742} INFO - Sync 1 DAGs
[2023-08-11T08:03:30.822+0000] {logging_mixin.py:150} INFO - [2023-08-11T08:03:30.822+0000] {dag.py:3508} INFO - Setting next_dagrun for example_time_delta_sensor_async to None, run_after=None
[2023-08-11T08:03:30.848+0000] {processor.py:179} INFO - Processing /home/airflow/.local/lib/python3.7/site-packages/airflow/example_dags/example_time_delta_sensor_async.py took 0.091 seconds
[2023-08-11T08:04:01.539+0000] {processor.py:157} INFO - Started process (PID=1519) to work on /home/airflow/.local/lib/python3.7/site-packages/airflow/example_dags/example_time_delta_sensor_async.py
[2023-08-11T08:04:01.541+0000] {processor.py:826} INFO - Processing file /home/airflow/.local/lib/python3.7/site-packages/airflow/example_dags/example_time_delta_sensor_async.py for tasks to queue
[2023-08-11T08:04:01.542+0000] {logging_mixin.py:150} INFO - [2023-08-11T08:04:01.542+0000] {dagbag.py:541} INFO - Filling up the DagBag from /home/airflow/.local/lib/python3.7/site-packages/airflow/example_dags/example_time_delta_sensor_async.py
[2023-08-11T08:04:01.553+0000] {processor.py:836} INFO - DAG(s) dict_keys(['example_time_delta_sensor_async']) retrieved from /home/airflow/.local/lib/python3.7/site-packages/airflow/example_dags/example_time_delta_sensor_async.py
[2023-08-11T08:04:01.592+0000] {logging_mixin.py:150} INFO - [2023-08-11T08:04:01.592+0000] {dag.py:2742} INFO - Sync 1 DAGs
[2023-08-11T08:04:01.623+0000] {logging_mixin.py:150} INFO - [2023-08-11T08:04:01.623+0000] {dag.py:3508} INFO - Setting next_dagrun for example_time_delta_sensor_async to None, run_after=None
[2023-08-11T08:04:01.654+0000] {processor.py:179} INFO - Processing /home/airflow/.local/lib/python3.7/site-packages/airflow/example_dags/example_time_delta_sensor_async.py took 0.119 seconds
[2023-08-11T08:04:32.485+0000] {processor.py:157} INFO - Started process (PID=1600) to work on /home/airflow/.local/lib/python3.7/site-packages/airflow/example_dags/example_time_delta_sensor_async.py
[2023-08-11T08:04:32.485+0000] {processor.py:826} INFO - Processing file /home/airflow/.local/lib/python3.7/site-packages/airflow/example_dags/example_time_delta_sensor_async.py for tasks to queue
[2023-08-11T08:04:32.486+0000] {logging_mixin.py:150} INFO - [2023-08-11T08:04:32.486+0000] {dagbag.py:541} INFO - Filling up the DagBag from /home/airflow/.local/lib/python3.7/site-packages/airflow/example_dags/example_time_delta_sensor_async.py
[2023-08-11T08:04:32.490+0000] {processor.py:836} INFO - DAG(s) dict_keys(['example_time_delta_sensor_async']) retrieved from /home/airflow/.local/lib/python3.7/site-packages/airflow/example_dags/example_time_delta_sensor_async.py
[2023-08-11T08:04:32.513+0000] {logging_mixin.py:150} INFO - [2023-08-11T08:04:32.513+0000] {dag.py:2742} INFO - Sync 1 DAGs
[2023-08-11T08:04:32.535+0000] {logging_mixin.py:150} INFO - [2023-08-11T08:04:32.535+0000] {dag.py:3508} INFO - Setting next_dagrun for example_time_delta_sensor_async to None, run_after=None
[2023-08-11T08:04:32.557+0000] {processor.py:179} INFO - Processing /home/airflow/.local/lib/python3.7/site-packages/airflow/example_dags/example_time_delta_sensor_async.py took 0.076 seconds
[2023-08-11T08:05:03.251+0000] {processor.py:157} INFO - Started process (PID=1666) to work on /home/airflow/.local/lib/python3.7/site-packages/airflow/example_dags/example_time_delta_sensor_async.py
[2023-08-11T08:05:03.252+0000] {processor.py:826} INFO - Processing file /home/airflow/.local/lib/python3.7/site-packages/airflow/example_dags/example_time_delta_sensor_async.py for tasks to queue
[2023-08-11T08:05:03.253+0000] {logging_mixin.py:150} INFO - [2023-08-11T08:05:03.253+0000] {dagbag.py:541} INFO - Filling up the DagBag from /home/airflow/.local/lib/python3.7/site-packages/airflow/example_dags/example_time_delta_sensor_async.py
[2023-08-11T08:05:03.257+0000] {processor.py:836} INFO - DAG(s) dict_keys(['example_time_delta_sensor_async']) retrieved from /home/airflow/.local/lib/python3.7/site-packages/airflow/example_dags/example_time_delta_sensor_async.py
[2023-08-11T08:05:03.279+0000] {logging_mixin.py:150} INFO - [2023-08-11T08:05:03.278+0000] {dag.py:2742} INFO - Sync 1 DAGs
[2023-08-11T08:05:03.307+0000] {logging_mixin.py:150} INFO - [2023-08-11T08:05:03.307+0000] {dag.py:3508} INFO - Setting next_dagrun for example_time_delta_sensor_async to None, run_after=None
[2023-08-11T08:05:03.329+0000] {processor.py:179} INFO - Processing /home/airflow/.local/lib/python3.7/site-packages/airflow/example_dags/example_time_delta_sensor_async.py took 0.082 seconds
[2023-08-11T08:05:34.507+0000] {processor.py:157} INFO - Started process (PID=1733) to work on /home/airflow/.local/lib/python3.7/site-packages/airflow/example_dags/example_time_delta_sensor_async.py
[2023-08-11T08:05:34.508+0000] {processor.py:826} INFO - Processing file /home/airflow/.local/lib/python3.7/site-packages/airflow/example_dags/example_time_delta_sensor_async.py for tasks to queue
[2023-08-11T08:05:34.510+0000] {logging_mixin.py:150} INFO - [2023-08-11T08:05:34.510+0000] {dagbag.py:541} INFO - Filling up the DagBag from /home/airflow/.local/lib/python3.7/site-packages/airflow/example_dags/example_time_delta_sensor_async.py
[2023-08-11T08:05:34.519+0000] {processor.py:836} INFO - DAG(s) dict_keys(['example_time_delta_sensor_async']) retrieved from /home/airflow/.local/lib/python3.7/site-packages/airflow/example_dags/example_time_delta_sensor_async.py
[2023-08-11T08:05:34.561+0000] {logging_mixin.py:150} INFO - [2023-08-11T08:05:34.561+0000] {dag.py:2742} INFO - Sync 1 DAGs
[2023-08-11T08:05:34.608+0000] {logging_mixin.py:150} INFO - [2023-08-11T08:05:34.608+0000] {dag.py:3508} INFO - Setting next_dagrun for example_time_delta_sensor_async to None, run_after=None
[2023-08-11T08:05:34.649+0000] {processor.py:179} INFO - Processing /home/airflow/.local/lib/python3.7/site-packages/airflow/example_dags/example_time_delta_sensor_async.py took 0.149 seconds
[2023-08-11T08:06:05.815+0000] {processor.py:157} INFO - Started process (PID=1800) to work on /home/airflow/.local/lib/python3.7/site-packages/airflow/example_dags/example_time_delta_sensor_async.py
[2023-08-11T08:06:05.816+0000] {processor.py:826} INFO - Processing file /home/airflow/.local/lib/python3.7/site-packages/airflow/example_dags/example_time_delta_sensor_async.py for tasks to queue
[2023-08-11T08:06:05.818+0000] {logging_mixin.py:150} INFO - [2023-08-11T08:06:05.817+0000] {dagbag.py:541} INFO - Filling up the DagBag from /home/airflow/.local/lib/python3.7/site-packages/airflow/example_dags/example_time_delta_sensor_async.py
[2023-08-11T08:06:05.828+0000] {processor.py:836} INFO - DAG(s) dict_keys(['example_time_delta_sensor_async']) retrieved from /home/airflow/.local/lib/python3.7/site-packages/airflow/example_dags/example_time_delta_sensor_async.py
[2023-08-11T08:06:05.877+0000] {logging_mixin.py:150} INFO - [2023-08-11T08:06:05.877+0000] {dag.py:2742} INFO - Sync 1 DAGs
[2023-08-11T08:06:05.929+0000] {logging_mixin.py:150} INFO - [2023-08-11T08:06:05.929+0000] {dag.py:3508} INFO - Setting next_dagrun for example_time_delta_sensor_async to None, run_after=None
[2023-08-11T08:06:05.977+0000] {processor.py:179} INFO - Processing /home/airflow/.local/lib/python3.7/site-packages/airflow/example_dags/example_time_delta_sensor_async.py took 0.166 seconds
[2023-08-11T08:06:36.610+0000] {processor.py:157} INFO - Started process (PID=1870) to work on /home/airflow/.local/lib/python3.7/site-packages/airflow/example_dags/example_time_delta_sensor_async.py
[2023-08-11T08:06:36.612+0000] {processor.py:826} INFO - Processing file /home/airflow/.local/lib/python3.7/site-packages/airflow/example_dags/example_time_delta_sensor_async.py for tasks to queue
[2023-08-11T08:06:36.613+0000] {logging_mixin.py:150} INFO - [2023-08-11T08:06:36.613+0000] {dagbag.py:541} INFO - Filling up the DagBag from /home/airflow/.local/lib/python3.7/site-packages/airflow/example_dags/example_time_delta_sensor_async.py
[2023-08-11T08:06:36.621+0000] {processor.py:836} INFO - DAG(s) dict_keys(['example_time_delta_sensor_async']) retrieved from /home/airflow/.local/lib/python3.7/site-packages/airflow/example_dags/example_time_delta_sensor_async.py
[2023-08-11T08:06:36.665+0000] {logging_mixin.py:150} INFO - [2023-08-11T08:06:36.665+0000] {dag.py:2742} INFO - Sync 1 DAGs
[2023-08-11T08:06:36.706+0000] {logging_mixin.py:150} INFO - [2023-08-11T08:06:36.706+0000] {dag.py:3508} INFO - Setting next_dagrun for example_time_delta_sensor_async to None, run_after=None
[2023-08-11T08:06:36.752+0000] {processor.py:179} INFO - Processing /home/airflow/.local/lib/python3.7/site-packages/airflow/example_dags/example_time_delta_sensor_async.py took 0.148 seconds
[2023-08-11T08:07:06.978+0000] {processor.py:157} INFO - Started process (PID=1938) to work on /home/airflow/.local/lib/python3.7/site-packages/airflow/example_dags/example_time_delta_sensor_async.py
[2023-08-11T08:07:06.979+0000] {processor.py:826} INFO - Processing file /home/airflow/.local/lib/python3.7/site-packages/airflow/example_dags/example_time_delta_sensor_async.py for tasks to queue
[2023-08-11T08:07:06.980+0000] {logging_mixin.py:150} INFO - [2023-08-11T08:07:06.980+0000] {dagbag.py:541} INFO - Filling up the DagBag from /home/airflow/.local/lib/python3.7/site-packages/airflow/example_dags/example_time_delta_sensor_async.py
[2023-08-11T08:07:06.985+0000] {processor.py:836} INFO - DAG(s) dict_keys(['example_time_delta_sensor_async']) retrieved from /home/airflow/.local/lib/python3.7/site-packages/airflow/example_dags/example_time_delta_sensor_async.py
[2023-08-11T08:07:07.021+0000] {logging_mixin.py:150} INFO - [2023-08-11T08:07:07.020+0000] {dag.py:2742} INFO - Sync 1 DAGs
[2023-08-11T08:07:07.053+0000] {logging_mixin.py:150} INFO - [2023-08-11T08:07:07.052+0000] {dag.py:3508} INFO - Setting next_dagrun for example_time_delta_sensor_async to None, run_after=None
[2023-08-11T08:07:07.083+0000] {processor.py:179} INFO - Processing /home/airflow/.local/lib/python3.7/site-packages/airflow/example_dags/example_time_delta_sensor_async.py took 0.109 seconds
[2023-08-11T08:07:37.119+0000] {processor.py:157} INFO - Started process (PID=2007) to work on /home/airflow/.local/lib/python3.7/site-packages/airflow/example_dags/example_time_delta_sensor_async.py
[2023-08-11T08:07:37.121+0000] {processor.py:826} INFO - Processing file /home/airflow/.local/lib/python3.7/site-packages/airflow/example_dags/example_time_delta_sensor_async.py for tasks to queue
[2023-08-11T08:07:37.121+0000] {logging_mixin.py:150} INFO - [2023-08-11T08:07:37.121+0000] {dagbag.py:541} INFO - Filling up the DagBag from /home/airflow/.local/lib/python3.7/site-packages/airflow/example_dags/example_time_delta_sensor_async.py
[2023-08-11T08:07:37.126+0000] {processor.py:836} INFO - DAG(s) dict_keys(['example_time_delta_sensor_async']) retrieved from /home/airflow/.local/lib/python3.7/site-packages/airflow/example_dags/example_time_delta_sensor_async.py
[2023-08-11T08:07:37.152+0000] {logging_mixin.py:150} INFO - [2023-08-11T08:07:37.151+0000] {dag.py:2742} INFO - Sync 1 DAGs
[2023-08-11T08:07:37.175+0000] {logging_mixin.py:150} INFO - [2023-08-11T08:07:37.175+0000] {dag.py:3508} INFO - Setting next_dagrun for example_time_delta_sensor_async to None, run_after=None
[2023-08-11T08:07:37.197+0000] {processor.py:179} INFO - Processing /home/airflow/.local/lib/python3.7/site-packages/airflow/example_dags/example_time_delta_sensor_async.py took 0.080 seconds
[2023-08-11T08:08:07.395+0000] {processor.py:157} INFO - Started process (PID=2073) to work on /home/airflow/.local/lib/python3.7/site-packages/airflow/example_dags/example_time_delta_sensor_async.py
[2023-08-11T08:08:07.396+0000] {processor.py:826} INFO - Processing file /home/airflow/.local/lib/python3.7/site-packages/airflow/example_dags/example_time_delta_sensor_async.py for tasks to queue
[2023-08-11T08:08:07.396+0000] {logging_mixin.py:150} INFO - [2023-08-11T08:08:07.396+0000] {dagbag.py:541} INFO - Filling up the DagBag from /home/airflow/.local/lib/python3.7/site-packages/airflow/example_dags/example_time_delta_sensor_async.py
[2023-08-11T08:08:07.400+0000] {processor.py:836} INFO - DAG(s) dict_keys(['example_time_delta_sensor_async']) retrieved from /home/airflow/.local/lib/python3.7/site-packages/airflow/example_dags/example_time_delta_sensor_async.py
[2023-08-11T08:08:07.424+0000] {logging_mixin.py:150} INFO - [2023-08-11T08:08:07.424+0000] {dag.py:2742} INFO - Sync 1 DAGs
[2023-08-11T08:08:07.448+0000] {logging_mixin.py:150} INFO - [2023-08-11T08:08:07.448+0000] {dag.py:3508} INFO - Setting next_dagrun for example_time_delta_sensor_async to None, run_after=None
[2023-08-11T08:08:07.468+0000] {processor.py:179} INFO - Processing /home/airflow/.local/lib/python3.7/site-packages/airflow/example_dags/example_time_delta_sensor_async.py took 0.077 seconds
[2023-08-11T08:08:37.987+0000] {processor.py:157} INFO - Started process (PID=2139) to work on /home/airflow/.local/lib/python3.7/site-packages/airflow/example_dags/example_time_delta_sensor_async.py
[2023-08-11T08:08:37.987+0000] {processor.py:826} INFO - Processing file /home/airflow/.local/lib/python3.7/site-packages/airflow/example_dags/example_time_delta_sensor_async.py for tasks to queue
[2023-08-11T08:08:37.988+0000] {logging_mixin.py:150} INFO - [2023-08-11T08:08:37.988+0000] {dagbag.py:541} INFO - Filling up the DagBag from /home/airflow/.local/lib/python3.7/site-packages/airflow/example_dags/example_time_delta_sensor_async.py
[2023-08-11T08:08:37.992+0000] {processor.py:836} INFO - DAG(s) dict_keys(['example_time_delta_sensor_async']) retrieved from /home/airflow/.local/lib/python3.7/site-packages/airflow/example_dags/example_time_delta_sensor_async.py
[2023-08-11T08:08:38.016+0000] {logging_mixin.py:150} INFO - [2023-08-11T08:08:38.016+0000] {dag.py:2742} INFO - Sync 1 DAGs
[2023-08-11T08:08:38.038+0000] {logging_mixin.py:150} INFO - [2023-08-11T08:08:38.037+0000] {dag.py:3508} INFO - Setting next_dagrun for example_time_delta_sensor_async to None, run_after=None
[2023-08-11T08:08:38.060+0000] {processor.py:179} INFO - Processing /home/airflow/.local/lib/python3.7/site-packages/airflow/example_dags/example_time_delta_sensor_async.py took 0.076 seconds
[2023-08-11T08:09:08.457+0000] {processor.py:157} INFO - Started process (PID=2205) to work on /home/airflow/.local/lib/python3.7/site-packages/airflow/example_dags/example_time_delta_sensor_async.py
[2023-08-11T08:09:08.458+0000] {processor.py:826} INFO - Processing file /home/airflow/.local/lib/python3.7/site-packages/airflow/example_dags/example_time_delta_sensor_async.py for tasks to queue
[2023-08-11T08:09:08.459+0000] {logging_mixin.py:150} INFO - [2023-08-11T08:09:08.458+0000] {dagbag.py:541} INFO - Filling up the DagBag from /home/airflow/.local/lib/python3.7/site-packages/airflow/example_dags/example_time_delta_sensor_async.py
[2023-08-11T08:09:08.464+0000] {processor.py:836} INFO - DAG(s) dict_keys(['example_time_delta_sensor_async']) retrieved from /home/airflow/.local/lib/python3.7/site-packages/airflow/example_dags/example_time_delta_sensor_async.py
[2023-08-11T08:09:08.488+0000] {logging_mixin.py:150} INFO - [2023-08-11T08:09:08.488+0000] {dag.py:2742} INFO - Sync 1 DAGs
[2023-08-11T08:09:08.509+0000] {logging_mixin.py:150} INFO - [2023-08-11T08:09:08.509+0000] {dag.py:3508} INFO - Setting next_dagrun for example_time_delta_sensor_async to None, run_after=None
[2023-08-11T08:09:08.533+0000] {processor.py:179} INFO - Processing /home/airflow/.local/lib/python3.7/site-packages/airflow/example_dags/example_time_delta_sensor_async.py took 0.081 seconds
[2023-08-11T08:09:38.791+0000] {processor.py:157} INFO - Started process (PID=2271) to work on /home/airflow/.local/lib/python3.7/site-packages/airflow/example_dags/example_time_delta_sensor_async.py
[2023-08-11T08:09:38.792+0000] {processor.py:826} INFO - Processing file /home/airflow/.local/lib/python3.7/site-packages/airflow/example_dags/example_time_delta_sensor_async.py for tasks to queue
[2023-08-11T08:09:38.793+0000] {logging_mixin.py:150} INFO - [2023-08-11T08:09:38.792+0000] {dagbag.py:541} INFO - Filling up the DagBag from /home/airflow/.local/lib/python3.7/site-packages/airflow/example_dags/example_time_delta_sensor_async.py
[2023-08-11T08:09:38.798+0000] {processor.py:836} INFO - DAG(s) dict_keys(['example_time_delta_sensor_async']) retrieved from /home/airflow/.local/lib/python3.7/site-packages/airflow/example_dags/example_time_delta_sensor_async.py
[2023-08-11T08:09:38.824+0000] {logging_mixin.py:150} INFO - [2023-08-11T08:09:38.823+0000] {dag.py:2742} INFO - Sync 1 DAGs
[2023-08-11T08:09:38.849+0000] {logging_mixin.py:150} INFO - [2023-08-11T08:09:38.849+0000] {dag.py:3508} INFO - Setting next_dagrun for example_time_delta_sensor_async to None, run_after=None
[2023-08-11T08:09:38.872+0000] {processor.py:179} INFO - Processing /home/airflow/.local/lib/python3.7/site-packages/airflow/example_dags/example_time_delta_sensor_async.py took 0.084 seconds
[2023-08-11T08:10:09.626+0000] {processor.py:157} INFO - Started process (PID=2337) to work on /home/airflow/.local/lib/python3.7/site-packages/airflow/example_dags/example_time_delta_sensor_async.py
[2023-08-11T08:10:09.627+0000] {processor.py:826} INFO - Processing file /home/airflow/.local/lib/python3.7/site-packages/airflow/example_dags/example_time_delta_sensor_async.py for tasks to queue
[2023-08-11T08:10:09.628+0000] {logging_mixin.py:150} INFO - [2023-08-11T08:10:09.628+0000] {dagbag.py:541} INFO - Filling up the DagBag from /home/airflow/.local/lib/python3.7/site-packages/airflow/example_dags/example_time_delta_sensor_async.py
[2023-08-11T08:10:09.636+0000] {processor.py:836} INFO - DAG(s) dict_keys(['example_time_delta_sensor_async']) retrieved from /home/airflow/.local/lib/python3.7/site-packages/airflow/example_dags/example_time_delta_sensor_async.py
[2023-08-11T08:10:09.674+0000] {logging_mixin.py:150} INFO - [2023-08-11T08:10:09.674+0000] {dag.py:2742} INFO - Sync 1 DAGs
[2023-08-11T08:10:09.709+0000] {logging_mixin.py:150} INFO - [2023-08-11T08:10:09.709+0000] {dag.py:3508} INFO - Setting next_dagrun for example_time_delta_sensor_async to None, run_after=None
[2023-08-11T08:10:09.741+0000] {processor.py:179} INFO - Processing /home/airflow/.local/lib/python3.7/site-packages/airflow/example_dags/example_time_delta_sensor_async.py took 0.119 seconds
[2023-08-11T08:10:39.897+0000] {processor.py:157} INFO - Started process (PID=2403) to work on /home/airflow/.local/lib/python3.7/site-packages/airflow/example_dags/example_time_delta_sensor_async.py
[2023-08-11T08:10:39.898+0000] {processor.py:826} INFO - Processing file /home/airflow/.local/lib/python3.7/site-packages/airflow/example_dags/example_time_delta_sensor_async.py for tasks to queue
[2023-08-11T08:10:39.901+0000] {logging_mixin.py:150} INFO - [2023-08-11T08:10:39.901+0000] {dagbag.py:541} INFO - Filling up the DagBag from /home/airflow/.local/lib/python3.7/site-packages/airflow/example_dags/example_time_delta_sensor_async.py
[2023-08-11T08:10:39.907+0000] {processor.py:836} INFO - DAG(s) dict_keys(['example_time_delta_sensor_async']) retrieved from /home/airflow/.local/lib/python3.7/site-packages/airflow/example_dags/example_time_delta_sensor_async.py
[2023-08-11T08:10:39.956+0000] {logging_mixin.py:150} INFO - [2023-08-11T08:10:39.956+0000] {dag.py:2742} INFO - Sync 1 DAGs
[2023-08-11T08:10:39.997+0000] {logging_mixin.py:150} INFO - [2023-08-11T08:10:39.997+0000] {dag.py:3508} INFO - Setting next_dagrun for example_time_delta_sensor_async to None, run_after=None
[2023-08-11T08:10:40.026+0000] {processor.py:179} INFO - Processing /home/airflow/.local/lib/python3.7/site-packages/airflow/example_dags/example_time_delta_sensor_async.py took 0.134 seconds
[2023-08-11T08:11:10.590+0000] {processor.py:157} INFO - Started process (PID=2470) to work on /home/airflow/.local/lib/python3.7/site-packages/airflow/example_dags/example_time_delta_sensor_async.py
[2023-08-11T08:11:10.592+0000] {processor.py:826} INFO - Processing file /home/airflow/.local/lib/python3.7/site-packages/airflow/example_dags/example_time_delta_sensor_async.py for tasks to queue
[2023-08-11T08:11:10.593+0000] {logging_mixin.py:150} INFO - [2023-08-11T08:11:10.592+0000] {dagbag.py:541} INFO - Filling up the DagBag from /home/airflow/.local/lib/python3.7/site-packages/airflow/example_dags/example_time_delta_sensor_async.py
[2023-08-11T08:11:10.597+0000] {processor.py:836} INFO - DAG(s) dict_keys(['example_time_delta_sensor_async']) retrieved from /home/airflow/.local/lib/python3.7/site-packages/airflow/example_dags/example_time_delta_sensor_async.py
[2023-08-11T08:11:10.627+0000] {logging_mixin.py:150} INFO - [2023-08-11T08:11:10.627+0000] {dag.py:2742} INFO - Sync 1 DAGs
[2023-08-11T08:11:10.652+0000] {logging_mixin.py:150} INFO - [2023-08-11T08:11:10.652+0000] {dag.py:3508} INFO - Setting next_dagrun for example_time_delta_sensor_async to None, run_after=None
[2023-08-11T08:11:10.674+0000] {processor.py:179} INFO - Processing /home/airflow/.local/lib/python3.7/site-packages/airflow/example_dags/example_time_delta_sensor_async.py took 0.087 seconds
[2023-08-11T08:11:41.262+0000] {processor.py:157} INFO - Started process (PID=2536) to work on /home/airflow/.local/lib/python3.7/site-packages/airflow/example_dags/example_time_delta_sensor_async.py
[2023-08-11T08:11:41.263+0000] {processor.py:826} INFO - Processing file /home/airflow/.local/lib/python3.7/site-packages/airflow/example_dags/example_time_delta_sensor_async.py for tasks to queue
[2023-08-11T08:11:41.263+0000] {logging_mixin.py:150} INFO - [2023-08-11T08:11:41.263+0000] {dagbag.py:541} INFO - Filling up the DagBag from /home/airflow/.local/lib/python3.7/site-packages/airflow/example_dags/example_time_delta_sensor_async.py
[2023-08-11T08:11:41.267+0000] {processor.py:836} INFO - DAG(s) dict_keys(['example_time_delta_sensor_async']) retrieved from /home/airflow/.local/lib/python3.7/site-packages/airflow/example_dags/example_time_delta_sensor_async.py
[2023-08-11T08:11:41.294+0000] {logging_mixin.py:150} INFO - [2023-08-11T08:11:41.294+0000] {dag.py:2742} INFO - Sync 1 DAGs
[2023-08-11T08:11:41.315+0000] {logging_mixin.py:150} INFO - [2023-08-11T08:11:41.315+0000] {dag.py:3508} INFO - Setting next_dagrun for example_time_delta_sensor_async to None, run_after=None
[2023-08-11T08:11:41.333+0000] {processor.py:179} INFO - Processing /home/airflow/.local/lib/python3.7/site-packages/airflow/example_dags/example_time_delta_sensor_async.py took 0.074 seconds
[2023-08-11T08:12:11.815+0000] {processor.py:157} INFO - Started process (PID=2602) to work on /home/airflow/.local/lib/python3.7/site-packages/airflow/example_dags/example_time_delta_sensor_async.py
[2023-08-11T08:12:11.816+0000] {processor.py:826} INFO - Processing file /home/airflow/.local/lib/python3.7/site-packages/airflow/example_dags/example_time_delta_sensor_async.py for tasks to queue
[2023-08-11T08:12:11.817+0000] {logging_mixin.py:150} INFO - [2023-08-11T08:12:11.817+0000] {dagbag.py:541} INFO - Filling up the DagBag from /home/airflow/.local/lib/python3.7/site-packages/airflow/example_dags/example_time_delta_sensor_async.py
[2023-08-11T08:12:11.822+0000] {processor.py:836} INFO - DAG(s) dict_keys(['example_time_delta_sensor_async']) retrieved from /home/airflow/.local/lib/python3.7/site-packages/airflow/example_dags/example_time_delta_sensor_async.py
[2023-08-11T08:12:11.847+0000] {logging_mixin.py:150} INFO - [2023-08-11T08:12:11.847+0000] {dag.py:2742} INFO - Sync 1 DAGs
[2023-08-11T08:12:11.868+0000] {logging_mixin.py:150} INFO - [2023-08-11T08:12:11.868+0000] {dag.py:3508} INFO - Setting next_dagrun for example_time_delta_sensor_async to None, run_after=None
[2023-08-11T08:12:11.888+0000] {processor.py:179} INFO - Processing /home/airflow/.local/lib/python3.7/site-packages/airflow/example_dags/example_time_delta_sensor_async.py took 0.076 seconds
[2023-08-11T08:12:42.416+0000] {processor.py:157} INFO - Started process (PID=2668) to work on /home/airflow/.local/lib/python3.7/site-packages/airflow/example_dags/example_time_delta_sensor_async.py
[2023-08-11T08:12:42.417+0000] {processor.py:826} INFO - Processing file /home/airflow/.local/lib/python3.7/site-packages/airflow/example_dags/example_time_delta_sensor_async.py for tasks to queue
[2023-08-11T08:12:42.418+0000] {logging_mixin.py:150} INFO - [2023-08-11T08:12:42.418+0000] {dagbag.py:541} INFO - Filling up the DagBag from /home/airflow/.local/lib/python3.7/site-packages/airflow/example_dags/example_time_delta_sensor_async.py
[2023-08-11T08:12:42.424+0000] {processor.py:836} INFO - DAG(s) dict_keys(['example_time_delta_sensor_async']) retrieved from /home/airflow/.local/lib/python3.7/site-packages/airflow/example_dags/example_time_delta_sensor_async.py
[2023-08-11T08:12:42.454+0000] {logging_mixin.py:150} INFO - [2023-08-11T08:12:42.454+0000] {dag.py:2742} INFO - Sync 1 DAGs
[2023-08-11T08:12:42.491+0000] {logging_mixin.py:150} INFO - [2023-08-11T08:12:42.490+0000] {dag.py:3508} INFO - Setting next_dagrun for example_time_delta_sensor_async to None, run_after=None
[2023-08-11T08:12:42.527+0000] {processor.py:179} INFO - Processing /home/airflow/.local/lib/python3.7/site-packages/airflow/example_dags/example_time_delta_sensor_async.py took 0.114 seconds
[2023-08-11T08:13:13.570+0000] {processor.py:157} INFO - Started process (PID=2734) to work on /home/airflow/.local/lib/python3.7/site-packages/airflow/example_dags/example_time_delta_sensor_async.py
[2023-08-11T08:13:13.571+0000] {processor.py:826} INFO - Processing file /home/airflow/.local/lib/python3.7/site-packages/airflow/example_dags/example_time_delta_sensor_async.py for tasks to queue
[2023-08-11T08:13:13.573+0000] {logging_mixin.py:150} INFO - [2023-08-11T08:13:13.572+0000] {dagbag.py:541} INFO - Filling up the DagBag from /home/airflow/.local/lib/python3.7/site-packages/airflow/example_dags/example_time_delta_sensor_async.py
[2023-08-11T08:13:13.579+0000] {processor.py:836} INFO - DAG(s) dict_keys(['example_time_delta_sensor_async']) retrieved from /home/airflow/.local/lib/python3.7/site-packages/airflow/example_dags/example_time_delta_sensor_async.py
[2023-08-11T08:13:13.613+0000] {logging_mixin.py:150} INFO - [2023-08-11T08:13:13.612+0000] {dag.py:2742} INFO - Sync 1 DAGs
[2023-08-11T08:13:13.643+0000] {logging_mixin.py:150} INFO - [2023-08-11T08:13:13.643+0000] {dag.py:3508} INFO - Setting next_dagrun for example_time_delta_sensor_async to None, run_after=None
[2023-08-11T08:13:13.664+0000] {processor.py:179} INFO - Processing /home/airflow/.local/lib/python3.7/site-packages/airflow/example_dags/example_time_delta_sensor_async.py took 0.097 seconds
[2023-08-11T08:13:44.560+0000] {processor.py:157} INFO - Started process (PID=2800) to work on /home/airflow/.local/lib/python3.7/site-packages/airflow/example_dags/example_time_delta_sensor_async.py
[2023-08-11T08:13:44.561+0000] {processor.py:826} INFO - Processing file /home/airflow/.local/lib/python3.7/site-packages/airflow/example_dags/example_time_delta_sensor_async.py for tasks to queue
[2023-08-11T08:13:44.562+0000] {logging_mixin.py:150} INFO - [2023-08-11T08:13:44.562+0000] {dagbag.py:541} INFO - Filling up the DagBag from /home/airflow/.local/lib/python3.7/site-packages/airflow/example_dags/example_time_delta_sensor_async.py
[2023-08-11T08:13:44.566+0000] {processor.py:836} INFO - DAG(s) dict_keys(['example_time_delta_sensor_async']) retrieved from /home/airflow/.local/lib/python3.7/site-packages/airflow/example_dags/example_time_delta_sensor_async.py
[2023-08-11T08:13:44.595+0000] {logging_mixin.py:150} INFO - [2023-08-11T08:13:44.594+0000] {dag.py:2742} INFO - Sync 1 DAGs
[2023-08-11T08:13:44.618+0000] {logging_mixin.py:150} INFO - [2023-08-11T08:13:44.618+0000] {dag.py:3508} INFO - Setting next_dagrun for example_time_delta_sensor_async to None, run_after=None
[2023-08-11T08:13:44.634+0000] {processor.py:179} INFO - Processing /home/airflow/.local/lib/python3.7/site-packages/airflow/example_dags/example_time_delta_sensor_async.py took 0.078 seconds
[2023-08-11T08:14:15.161+0000] {processor.py:157} INFO - Started process (PID=2866) to work on /home/airflow/.local/lib/python3.7/site-packages/airflow/example_dags/example_time_delta_sensor_async.py
[2023-08-11T08:14:15.163+0000] {processor.py:826} INFO - Processing file /home/airflow/.local/lib/python3.7/site-packages/airflow/example_dags/example_time_delta_sensor_async.py for tasks to queue
[2023-08-11T08:14:15.164+0000] {logging_mixin.py:150} INFO - [2023-08-11T08:14:15.164+0000] {dagbag.py:541} INFO - Filling up the DagBag from /home/airflow/.local/lib/python3.7/site-packages/airflow/example_dags/example_time_delta_sensor_async.py
[2023-08-11T08:14:15.168+0000] {processor.py:836} INFO - DAG(s) dict_keys(['example_time_delta_sensor_async']) retrieved from /home/airflow/.local/lib/python3.7/site-packages/airflow/example_dags/example_time_delta_sensor_async.py
[2023-08-11T08:14:15.194+0000] {logging_mixin.py:150} INFO - [2023-08-11T08:14:15.193+0000] {dag.py:2742} INFO - Sync 1 DAGs
[2023-08-11T08:14:15.220+0000] {logging_mixin.py:150} INFO - [2023-08-11T08:14:15.220+0000] {dag.py:3508} INFO - Setting next_dagrun for example_time_delta_sensor_async to None, run_after=None
[2023-08-11T08:14:15.243+0000] {processor.py:179} INFO - Processing /home/airflow/.local/lib/python3.7/site-packages/airflow/example_dags/example_time_delta_sensor_async.py took 0.087 seconds
[2023-08-11T08:14:45.875+0000] {processor.py:157} INFO - Started process (PID=2933) to work on /home/airflow/.local/lib/python3.7/site-packages/airflow/example_dags/example_time_delta_sensor_async.py
[2023-08-11T08:14:45.875+0000] {processor.py:826} INFO - Processing file /home/airflow/.local/lib/python3.7/site-packages/airflow/example_dags/example_time_delta_sensor_async.py for tasks to queue
[2023-08-11T08:14:45.876+0000] {logging_mixin.py:150} INFO - [2023-08-11T08:14:45.876+0000] {dagbag.py:541} INFO - Filling up the DagBag from /home/airflow/.local/lib/python3.7/site-packages/airflow/example_dags/example_time_delta_sensor_async.py
[2023-08-11T08:14:45.881+0000] {processor.py:836} INFO - DAG(s) dict_keys(['example_time_delta_sensor_async']) retrieved from /home/airflow/.local/lib/python3.7/site-packages/airflow/example_dags/example_time_delta_sensor_async.py
[2023-08-11T08:14:45.906+0000] {logging_mixin.py:150} INFO - [2023-08-11T08:14:45.906+0000] {dag.py:2742} INFO - Sync 1 DAGs
[2023-08-11T08:14:45.934+0000] {logging_mixin.py:150} INFO - [2023-08-11T08:14:45.934+0000] {dag.py:3508} INFO - Setting next_dagrun for example_time_delta_sensor_async to None, run_after=None
[2023-08-11T08:14:45.955+0000] {processor.py:179} INFO - Processing /home/airflow/.local/lib/python3.7/site-packages/airflow/example_dags/example_time_delta_sensor_async.py took 0.083 seconds
[2023-08-11T08:15:16.840+0000] {processor.py:157} INFO - Started process (PID=2999) to work on /home/airflow/.local/lib/python3.7/site-packages/airflow/example_dags/example_time_delta_sensor_async.py
[2023-08-11T08:15:16.841+0000] {processor.py:826} INFO - Processing file /home/airflow/.local/lib/python3.7/site-packages/airflow/example_dags/example_time_delta_sensor_async.py for tasks to queue
[2023-08-11T08:15:16.842+0000] {logging_mixin.py:150} INFO - [2023-08-11T08:15:16.842+0000] {dagbag.py:541} INFO - Filling up the DagBag from /home/airflow/.local/lib/python3.7/site-packages/airflow/example_dags/example_time_delta_sensor_async.py
[2023-08-11T08:15:16.847+0000] {processor.py:836} INFO - DAG(s) dict_keys(['example_time_delta_sensor_async']) retrieved from /home/airflow/.local/lib/python3.7/site-packages/airflow/example_dags/example_time_delta_sensor_async.py
[2023-08-11T08:15:16.872+0000] {logging_mixin.py:150} INFO - [2023-08-11T08:15:16.872+0000] {dag.py:2742} INFO - Sync 1 DAGs
[2023-08-11T08:15:16.896+0000] {logging_mixin.py:150} INFO - [2023-08-11T08:15:16.896+0000] {dag.py:3508} INFO - Setting next_dagrun for example_time_delta_sensor_async to None, run_after=None
[2023-08-11T08:15:16.913+0000] {processor.py:179} INFO - Processing /home/airflow/.local/lib/python3.7/site-packages/airflow/example_dags/example_time_delta_sensor_async.py took 0.075 seconds
[2023-08-11T08:15:47.807+0000] {processor.py:157} INFO - Started process (PID=3066) to work on /home/airflow/.local/lib/python3.7/site-packages/airflow/example_dags/example_time_delta_sensor_async.py
[2023-08-11T08:15:47.808+0000] {processor.py:826} INFO - Processing file /home/airflow/.local/lib/python3.7/site-packages/airflow/example_dags/example_time_delta_sensor_async.py for tasks to queue
[2023-08-11T08:15:47.808+0000] {logging_mixin.py:150} INFO - [2023-08-11T08:15:47.808+0000] {dagbag.py:541} INFO - Filling up the DagBag from /home/airflow/.local/lib/python3.7/site-packages/airflow/example_dags/example_time_delta_sensor_async.py
[2023-08-11T08:15:47.812+0000] {processor.py:836} INFO - DAG(s) dict_keys(['example_time_delta_sensor_async']) retrieved from /home/airflow/.local/lib/python3.7/site-packages/airflow/example_dags/example_time_delta_sensor_async.py
[2023-08-11T08:15:47.838+0000] {logging_mixin.py:150} INFO - [2023-08-11T08:15:47.837+0000] {dag.py:2742} INFO - Sync 1 DAGs
[2023-08-11T08:15:47.860+0000] {logging_mixin.py:150} INFO - [2023-08-11T08:15:47.860+0000] {dag.py:3508} INFO - Setting next_dagrun for example_time_delta_sensor_async to None, run_after=None
[2023-08-11T08:15:47.876+0000] {processor.py:179} INFO - Processing /home/airflow/.local/lib/python3.7/site-packages/airflow/example_dags/example_time_delta_sensor_async.py took 0.072 seconds
[2023-08-11T08:16:18.871+0000] {processor.py:157} INFO - Started process (PID=3134) to work on /home/airflow/.local/lib/python3.7/site-packages/airflow/example_dags/example_time_delta_sensor_async.py
[2023-08-11T08:16:18.885+0000] {processor.py:826} INFO - Processing file /home/airflow/.local/lib/python3.7/site-packages/airflow/example_dags/example_time_delta_sensor_async.py for tasks to queue
[2023-08-11T08:16:18.886+0000] {logging_mixin.py:150} INFO - [2023-08-11T08:16:18.885+0000] {dagbag.py:541} INFO - Filling up the DagBag from /home/airflow/.local/lib/python3.7/site-packages/airflow/example_dags/example_time_delta_sensor_async.py
[2023-08-11T08:16:18.912+0000] {processor.py:836} INFO - DAG(s) dict_keys(['example_time_delta_sensor_async']) retrieved from /home/airflow/.local/lib/python3.7/site-packages/airflow/example_dags/example_time_delta_sensor_async.py
[2023-08-11T08:16:18.973+0000] {logging_mixin.py:150} INFO - [2023-08-11T08:16:18.972+0000] {dag.py:2742} INFO - Sync 1 DAGs
[2023-08-11T08:16:19.021+0000] {logging_mixin.py:150} INFO - [2023-08-11T08:16:19.021+0000] {dag.py:3508} INFO - Setting next_dagrun for example_time_delta_sensor_async to None, run_after=None
[2023-08-11T08:16:19.057+0000] {processor.py:179} INFO - Processing /home/airflow/.local/lib/python3.7/site-packages/airflow/example_dags/example_time_delta_sensor_async.py took 0.245 seconds
[2023-08-11T08:16:49.808+0000] {processor.py:157} INFO - Started process (PID=3202) to work on /home/airflow/.local/lib/python3.7/site-packages/airflow/example_dags/example_time_delta_sensor_async.py
[2023-08-11T08:16:49.809+0000] {processor.py:826} INFO - Processing file /home/airflow/.local/lib/python3.7/site-packages/airflow/example_dags/example_time_delta_sensor_async.py for tasks to queue
[2023-08-11T08:16:49.809+0000] {logging_mixin.py:150} INFO - [2023-08-11T08:16:49.809+0000] {dagbag.py:541} INFO - Filling up the DagBag from /home/airflow/.local/lib/python3.7/site-packages/airflow/example_dags/example_time_delta_sensor_async.py
[2023-08-11T08:16:49.815+0000] {processor.py:836} INFO - DAG(s) dict_keys(['example_time_delta_sensor_async']) retrieved from /home/airflow/.local/lib/python3.7/site-packages/airflow/example_dags/example_time_delta_sensor_async.py
[2023-08-11T08:16:49.842+0000] {logging_mixin.py:150} INFO - [2023-08-11T08:16:49.841+0000] {dag.py:2742} INFO - Sync 1 DAGs
[2023-08-11T08:16:49.868+0000] {logging_mixin.py:150} INFO - [2023-08-11T08:16:49.867+0000] {dag.py:3508} INFO - Setting next_dagrun for example_time_delta_sensor_async to None, run_after=None
[2023-08-11T08:16:49.892+0000] {processor.py:179} INFO - Processing /home/airflow/.local/lib/python3.7/site-packages/airflow/example_dags/example_time_delta_sensor_async.py took 0.087 seconds
[2023-08-11T08:17:20.321+0000] {processor.py:157} INFO - Started process (PID=3280) to work on /home/airflow/.local/lib/python3.7/site-packages/airflow/example_dags/example_time_delta_sensor_async.py
[2023-08-11T08:17:20.324+0000] {processor.py:826} INFO - Processing file /home/airflow/.local/lib/python3.7/site-packages/airflow/example_dags/example_time_delta_sensor_async.py for tasks to queue
[2023-08-11T08:17:20.326+0000] {logging_mixin.py:150} INFO - [2023-08-11T08:17:20.325+0000] {dagbag.py:541} INFO - Filling up the DagBag from /home/airflow/.local/lib/python3.7/site-packages/airflow/example_dags/example_time_delta_sensor_async.py
[2023-08-11T08:17:20.333+0000] {processor.py:836} INFO - DAG(s) dict_keys(['example_time_delta_sensor_async']) retrieved from /home/airflow/.local/lib/python3.7/site-packages/airflow/example_dags/example_time_delta_sensor_async.py
[2023-08-11T08:17:20.377+0000] {logging_mixin.py:150} INFO - [2023-08-11T08:17:20.377+0000] {dag.py:2742} INFO - Sync 1 DAGs
[2023-08-11T08:17:20.445+0000] {logging_mixin.py:150} INFO - [2023-08-11T08:17:20.445+0000] {dag.py:3508} INFO - Setting next_dagrun for example_time_delta_sensor_async to None, run_after=None
[2023-08-11T08:17:20.528+0000] {processor.py:179} INFO - Processing /home/airflow/.local/lib/python3.7/site-packages/airflow/example_dags/example_time_delta_sensor_async.py took 0.212 seconds
[2023-08-11T08:17:50.712+0000] {processor.py:157} INFO - Started process (PID=3370) to work on /home/airflow/.local/lib/python3.7/site-packages/airflow/example_dags/example_time_delta_sensor_async.py
[2023-08-11T08:17:50.713+0000] {processor.py:826} INFO - Processing file /home/airflow/.local/lib/python3.7/site-packages/airflow/example_dags/example_time_delta_sensor_async.py for tasks to queue
[2023-08-11T08:17:50.714+0000] {logging_mixin.py:150} INFO - [2023-08-11T08:17:50.713+0000] {dagbag.py:541} INFO - Filling up the DagBag from /home/airflow/.local/lib/python3.7/site-packages/airflow/example_dags/example_time_delta_sensor_async.py
[2023-08-11T08:17:50.719+0000] {processor.py:836} INFO - DAG(s) dict_keys(['example_time_delta_sensor_async']) retrieved from /home/airflow/.local/lib/python3.7/site-packages/airflow/example_dags/example_time_delta_sensor_async.py
[2023-08-11T08:17:50.748+0000] {logging_mixin.py:150} INFO - [2023-08-11T08:17:50.747+0000] {dag.py:2742} INFO - Sync 1 DAGs
[2023-08-11T08:17:50.777+0000] {logging_mixin.py:150} INFO - [2023-08-11T08:17:50.777+0000] {dag.py:3508} INFO - Setting next_dagrun for example_time_delta_sensor_async to None, run_after=None
[2023-08-11T08:17:50.805+0000] {processor.py:179} INFO - Processing /home/airflow/.local/lib/python3.7/site-packages/airflow/example_dags/example_time_delta_sensor_async.py took 0.096 seconds
[2023-08-11T08:18:21.263+0000] {processor.py:157} INFO - Started process (PID=3448) to work on /home/airflow/.local/lib/python3.7/site-packages/airflow/example_dags/example_time_delta_sensor_async.py
[2023-08-11T08:18:21.266+0000] {processor.py:826} INFO - Processing file /home/airflow/.local/lib/python3.7/site-packages/airflow/example_dags/example_time_delta_sensor_async.py for tasks to queue
[2023-08-11T08:18:21.268+0000] {logging_mixin.py:150} INFO - [2023-08-11T08:18:21.268+0000] {dagbag.py:541} INFO - Filling up the DagBag from /home/airflow/.local/lib/python3.7/site-packages/airflow/example_dags/example_time_delta_sensor_async.py
[2023-08-11T08:18:21.282+0000] {processor.py:836} INFO - DAG(s) dict_keys(['example_time_delta_sensor_async']) retrieved from /home/airflow/.local/lib/python3.7/site-packages/airflow/example_dags/example_time_delta_sensor_async.py
[2023-08-11T08:18:21.356+0000] {logging_mixin.py:150} INFO - [2023-08-11T08:18:21.355+0000] {dag.py:2742} INFO - Sync 1 DAGs
[2023-08-11T08:18:21.414+0000] {logging_mixin.py:150} INFO - [2023-08-11T08:18:21.413+0000] {dag.py:3508} INFO - Setting next_dagrun for example_time_delta_sensor_async to None, run_after=None
[2023-08-11T08:18:21.497+0000] {processor.py:179} INFO - Processing /home/airflow/.local/lib/python3.7/site-packages/airflow/example_dags/example_time_delta_sensor_async.py took 0.241 seconds
[2023-08-11T08:18:52.933+0000] {processor.py:157} INFO - Started process (PID=3533) to work on /home/airflow/.local/lib/python3.7/site-packages/airflow/example_dags/example_time_delta_sensor_async.py
[2023-08-11T08:18:52.934+0000] {processor.py:826} INFO - Processing file /home/airflow/.local/lib/python3.7/site-packages/airflow/example_dags/example_time_delta_sensor_async.py for tasks to queue
[2023-08-11T08:18:52.936+0000] {logging_mixin.py:150} INFO - [2023-08-11T08:18:52.936+0000] {dagbag.py:541} INFO - Filling up the DagBag from /home/airflow/.local/lib/python3.7/site-packages/airflow/example_dags/example_time_delta_sensor_async.py
[2023-08-11T08:18:52.960+0000] {processor.py:836} INFO - DAG(s) dict_keys(['example_time_delta_sensor_async']) retrieved from /home/airflow/.local/lib/python3.7/site-packages/airflow/example_dags/example_time_delta_sensor_async.py
[2023-08-11T08:18:53.126+0000] {logging_mixin.py:150} INFO - [2023-08-11T08:18:53.125+0000] {dag.py:2742} INFO - Sync 1 DAGs
[2023-08-11T08:18:53.211+0000] {logging_mixin.py:150} INFO - [2023-08-11T08:18:53.211+0000] {dag.py:3508} INFO - Setting next_dagrun for example_time_delta_sensor_async to None, run_after=None
[2023-08-11T08:18:53.263+0000] {processor.py:179} INFO - Processing /home/airflow/.local/lib/python3.7/site-packages/airflow/example_dags/example_time_delta_sensor_async.py took 0.336 seconds
[2023-08-11T08:19:24.179+0000] {processor.py:157} INFO - Started process (PID=3612) to work on /home/airflow/.local/lib/python3.7/site-packages/airflow/example_dags/example_time_delta_sensor_async.py
[2023-08-11T08:19:24.180+0000] {processor.py:826} INFO - Processing file /home/airflow/.local/lib/python3.7/site-packages/airflow/example_dags/example_time_delta_sensor_async.py for tasks to queue
[2023-08-11T08:19:24.181+0000] {logging_mixin.py:150} INFO - [2023-08-11T08:19:24.181+0000] {dagbag.py:541} INFO - Filling up the DagBag from /home/airflow/.local/lib/python3.7/site-packages/airflow/example_dags/example_time_delta_sensor_async.py
[2023-08-11T08:19:24.185+0000] {processor.py:836} INFO - DAG(s) dict_keys(['example_time_delta_sensor_async']) retrieved from /home/airflow/.local/lib/python3.7/site-packages/airflow/example_dags/example_time_delta_sensor_async.py
[2023-08-11T08:19:24.231+0000] {logging_mixin.py:150} INFO - [2023-08-11T08:19:24.231+0000] {dag.py:2742} INFO - Sync 1 DAGs
[2023-08-11T08:19:24.261+0000] {logging_mixin.py:150} INFO - [2023-08-11T08:19:24.261+0000] {dag.py:3508} INFO - Setting next_dagrun for example_time_delta_sensor_async to None, run_after=None
[2023-08-11T08:19:24.283+0000] {processor.py:179} INFO - Processing /home/airflow/.local/lib/python3.7/site-packages/airflow/example_dags/example_time_delta_sensor_async.py took 0.108 seconds
[2023-08-11T08:19:54.357+0000] {processor.py:157} INFO - Started process (PID=3690) to work on /home/airflow/.local/lib/python3.7/site-packages/airflow/example_dags/example_time_delta_sensor_async.py
[2023-08-11T08:19:54.357+0000] {processor.py:826} INFO - Processing file /home/airflow/.local/lib/python3.7/site-packages/airflow/example_dags/example_time_delta_sensor_async.py for tasks to queue
[2023-08-11T08:19:54.359+0000] {logging_mixin.py:150} INFO - [2023-08-11T08:19:54.358+0000] {dagbag.py:541} INFO - Filling up the DagBag from /home/airflow/.local/lib/python3.7/site-packages/airflow/example_dags/example_time_delta_sensor_async.py
[2023-08-11T08:19:54.363+0000] {processor.py:836} INFO - DAG(s) dict_keys(['example_time_delta_sensor_async']) retrieved from /home/airflow/.local/lib/python3.7/site-packages/airflow/example_dags/example_time_delta_sensor_async.py
[2023-08-11T08:19:54.394+0000] {logging_mixin.py:150} INFO - [2023-08-11T08:19:54.394+0000] {dag.py:2742} INFO - Sync 1 DAGs
[2023-08-11T08:19:54.426+0000] {logging_mixin.py:150} INFO - [2023-08-11T08:19:54.425+0000] {dag.py:3508} INFO - Setting next_dagrun for example_time_delta_sensor_async to None, run_after=None
[2023-08-11T08:19:54.453+0000] {processor.py:179} INFO - Processing /home/airflow/.local/lib/python3.7/site-packages/airflow/example_dags/example_time_delta_sensor_async.py took 0.100 seconds
[2023-08-11T08:20:24.918+0000] {processor.py:157} INFO - Started process (PID=3763) to work on /home/airflow/.local/lib/python3.7/site-packages/airflow/example_dags/example_time_delta_sensor_async.py
[2023-08-11T08:20:24.919+0000] {processor.py:826} INFO - Processing file /home/airflow/.local/lib/python3.7/site-packages/airflow/example_dags/example_time_delta_sensor_async.py for tasks to queue
[2023-08-11T08:20:24.920+0000] {logging_mixin.py:150} INFO - [2023-08-11T08:20:24.920+0000] {dagbag.py:541} INFO - Filling up the DagBag from /home/airflow/.local/lib/python3.7/site-packages/airflow/example_dags/example_time_delta_sensor_async.py
[2023-08-11T08:20:24.924+0000] {processor.py:836} INFO - DAG(s) dict_keys(['example_time_delta_sensor_async']) retrieved from /home/airflow/.local/lib/python3.7/site-packages/airflow/example_dags/example_time_delta_sensor_async.py
[2023-08-11T08:20:24.965+0000] {logging_mixin.py:150} INFO - [2023-08-11T08:20:24.965+0000] {dag.py:2742} INFO - Sync 1 DAGs
[2023-08-11T08:20:25.000+0000] {logging_mixin.py:150} INFO - [2023-08-11T08:20:25.000+0000] {dag.py:3508} INFO - Setting next_dagrun for example_time_delta_sensor_async to None, run_after=None
[2023-08-11T08:20:25.036+0000] {processor.py:179} INFO - Processing /home/airflow/.local/lib/python3.7/site-packages/airflow/example_dags/example_time_delta_sensor_async.py took 0.121 seconds
[2023-08-11T08:20:55.344+0000] {processor.py:157} INFO - Started process (PID=3866) to work on /home/airflow/.local/lib/python3.7/site-packages/airflow/example_dags/example_time_delta_sensor_async.py
[2023-08-11T08:20:55.345+0000] {processor.py:826} INFO - Processing file /home/airflow/.local/lib/python3.7/site-packages/airflow/example_dags/example_time_delta_sensor_async.py for tasks to queue
[2023-08-11T08:20:55.347+0000] {logging_mixin.py:150} INFO - [2023-08-11T08:20:55.347+0000] {dagbag.py:541} INFO - Filling up the DagBag from /home/airflow/.local/lib/python3.7/site-packages/airflow/example_dags/example_time_delta_sensor_async.py
[2023-08-11T08:20:55.352+0000] {processor.py:836} INFO - DAG(s) dict_keys(['example_time_delta_sensor_async']) retrieved from /home/airflow/.local/lib/python3.7/site-packages/airflow/example_dags/example_time_delta_sensor_async.py
[2023-08-11T08:20:55.383+0000] {logging_mixin.py:150} INFO - [2023-08-11T08:20:55.383+0000] {dag.py:2742} INFO - Sync 1 DAGs
[2023-08-11T08:20:55.416+0000] {logging_mixin.py:150} INFO - [2023-08-11T08:20:55.416+0000] {dag.py:3508} INFO - Setting next_dagrun for example_time_delta_sensor_async to None, run_after=None
[2023-08-11T08:20:55.452+0000] {processor.py:179} INFO - Processing /home/airflow/.local/lib/python3.7/site-packages/airflow/example_dags/example_time_delta_sensor_async.py took 0.112 seconds
[2023-08-11T08:21:25.755+0000] {processor.py:157} INFO - Started process (PID=3944) to work on /home/airflow/.local/lib/python3.7/site-packages/airflow/example_dags/example_time_delta_sensor_async.py
[2023-08-11T08:21:25.762+0000] {processor.py:826} INFO - Processing file /home/airflow/.local/lib/python3.7/site-packages/airflow/example_dags/example_time_delta_sensor_async.py for tasks to queue
[2023-08-11T08:21:25.764+0000] {logging_mixin.py:150} INFO - [2023-08-11T08:21:25.763+0000] {dagbag.py:541} INFO - Filling up the DagBag from /home/airflow/.local/lib/python3.7/site-packages/airflow/example_dags/example_time_delta_sensor_async.py
[2023-08-11T08:21:25.769+0000] {processor.py:836} INFO - DAG(s) dict_keys(['example_time_delta_sensor_async']) retrieved from /home/airflow/.local/lib/python3.7/site-packages/airflow/example_dags/example_time_delta_sensor_async.py
[2023-08-11T08:21:25.796+0000] {logging_mixin.py:150} INFO - [2023-08-11T08:21:25.795+0000] {dag.py:2742} INFO - Sync 1 DAGs
[2023-08-11T08:21:25.820+0000] {logging_mixin.py:150} INFO - [2023-08-11T08:21:25.820+0000] {dag.py:3508} INFO - Setting next_dagrun for example_time_delta_sensor_async to None, run_after=None
[2023-08-11T08:21:25.842+0000] {processor.py:179} INFO - Processing /home/airflow/.local/lib/python3.7/site-packages/airflow/example_dags/example_time_delta_sensor_async.py took 0.090 seconds
[2023-08-11T08:21:55.875+0000] {processor.py:157} INFO - Started process (PID=4036) to work on /home/airflow/.local/lib/python3.7/site-packages/airflow/example_dags/example_time_delta_sensor_async.py
[2023-08-11T08:21:55.875+0000] {processor.py:826} INFO - Processing file /home/airflow/.local/lib/python3.7/site-packages/airflow/example_dags/example_time_delta_sensor_async.py for tasks to queue
[2023-08-11T08:21:55.876+0000] {logging_mixin.py:150} INFO - [2023-08-11T08:21:55.876+0000] {dagbag.py:541} INFO - Filling up the DagBag from /home/airflow/.local/lib/python3.7/site-packages/airflow/example_dags/example_time_delta_sensor_async.py
[2023-08-11T08:21:55.880+0000] {processor.py:836} INFO - DAG(s) dict_keys(['example_time_delta_sensor_async']) retrieved from /home/airflow/.local/lib/python3.7/site-packages/airflow/example_dags/example_time_delta_sensor_async.py
[2023-08-11T08:21:55.913+0000] {logging_mixin.py:150} INFO - [2023-08-11T08:21:55.913+0000] {dag.py:2742} INFO - Sync 1 DAGs
[2023-08-11T08:21:55.943+0000] {logging_mixin.py:150} INFO - [2023-08-11T08:21:55.943+0000] {dag.py:3508} INFO - Setting next_dagrun for example_time_delta_sensor_async to None, run_after=None
[2023-08-11T08:21:55.971+0000] {processor.py:179} INFO - Processing /home/airflow/.local/lib/python3.7/site-packages/airflow/example_dags/example_time_delta_sensor_async.py took 0.100 seconds
[2023-08-11T08:22:26.543+0000] {processor.py:157} INFO - Started process (PID=4112) to work on /home/airflow/.local/lib/python3.7/site-packages/airflow/example_dags/example_time_delta_sensor_async.py
[2023-08-11T08:22:26.544+0000] {processor.py:826} INFO - Processing file /home/airflow/.local/lib/python3.7/site-packages/airflow/example_dags/example_time_delta_sensor_async.py for tasks to queue
[2023-08-11T08:22:26.545+0000] {logging_mixin.py:150} INFO - [2023-08-11T08:22:26.545+0000] {dagbag.py:541} INFO - Filling up the DagBag from /home/airflow/.local/lib/python3.7/site-packages/airflow/example_dags/example_time_delta_sensor_async.py
[2023-08-11T08:22:26.552+0000] {processor.py:836} INFO - DAG(s) dict_keys(['example_time_delta_sensor_async']) retrieved from /home/airflow/.local/lib/python3.7/site-packages/airflow/example_dags/example_time_delta_sensor_async.py
[2023-08-11T08:22:26.588+0000] {logging_mixin.py:150} INFO - [2023-08-11T08:22:26.588+0000] {dag.py:2742} INFO - Sync 1 DAGs
[2023-08-11T08:22:26.620+0000] {logging_mixin.py:150} INFO - [2023-08-11T08:22:26.620+0000] {dag.py:3508} INFO - Setting next_dagrun for example_time_delta_sensor_async to None, run_after=None
[2023-08-11T08:22:26.647+0000] {processor.py:179} INFO - Processing /home/airflow/.local/lib/python3.7/site-packages/airflow/example_dags/example_time_delta_sensor_async.py took 0.107 seconds
