[2023-08-11T07:52:43.590+0000] {processor.py:157} INFO - Started process (PID=42) to work on /home/airflow/.local/lib/python3.7/site-packages/airflow/example_dags/example_task_group.py
[2023-08-11T07:52:43.592+0000] {processor.py:826} INFO - Processing file /home/airflow/.local/lib/python3.7/site-packages/airflow/example_dags/example_task_group.py for tasks to queue
[2023-08-11T07:52:43.593+0000] {logging_mixin.py:150} INFO - [2023-08-11T07:52:43.593+0000] {dagbag.py:541} INFO - Filling up the DagBag from /home/airflow/.local/lib/python3.7/site-packages/airflow/example_dags/example_task_group.py
[2023-08-11T07:52:43.614+0000] {processor.py:836} INFO - DAG(s) dict_keys(['example_task_group']) retrieved from /home/airflow/.local/lib/python3.7/site-packages/airflow/example_dags/example_task_group.py
[2023-08-11T07:52:43.642+0000] {logging_mixin.py:150} INFO - [2023-08-11T07:52:43.642+0000] {dag.py:2742} INFO - Sync 1 DAGs
[2023-08-11T07:52:43.710+0000] {logging_mixin.py:150} INFO - [2023-08-11T07:52:43.710+0000] {dag.py:3508} INFO - Setting next_dagrun for example_task_group to 2023-08-10T07:52:43.709409+00:00, run_after=2023-08-11T07:52:43.709409+00:00
[2023-08-11T07:52:43.756+0000] {processor.py:179} INFO - Processing /home/airflow/.local/lib/python3.7/site-packages/airflow/example_dags/example_task_group.py took 0.171 seconds
[2023-08-11T07:53:14.797+0000] {processor.py:157} INFO - Started process (PID=106) to work on /home/airflow/.local/lib/python3.7/site-packages/airflow/example_dags/example_task_group.py
[2023-08-11T07:53:14.810+0000] {processor.py:826} INFO - Processing file /home/airflow/.local/lib/python3.7/site-packages/airflow/example_dags/example_task_group.py for tasks to queue
[2023-08-11T07:53:14.811+0000] {logging_mixin.py:150} INFO - [2023-08-11T07:53:14.811+0000] {dagbag.py:541} INFO - Filling up the DagBag from /home/airflow/.local/lib/python3.7/site-packages/airflow/example_dags/example_task_group.py
[2023-08-11T07:53:14.822+0000] {processor.py:836} INFO - DAG(s) dict_keys(['example_task_group']) retrieved from /home/airflow/.local/lib/python3.7/site-packages/airflow/example_dags/example_task_group.py
[2023-08-11T07:53:14.858+0000] {logging_mixin.py:150} INFO - [2023-08-11T07:53:14.858+0000] {dag.py:2742} INFO - Sync 1 DAGs
[2023-08-11T07:53:14.891+0000] {logging_mixin.py:150} INFO - [2023-08-11T07:53:14.890+0000] {dag.py:3508} INFO - Setting next_dagrun for example_task_group to 2023-08-10T07:53:14.890421+00:00, run_after=2023-08-11T07:53:14.890421+00:00
[2023-08-11T07:53:14.931+0000] {processor.py:179} INFO - Processing /home/airflow/.local/lib/python3.7/site-packages/airflow/example_dags/example_task_group.py took 0.138 seconds
[2023-08-11T07:53:45.317+0000] {processor.py:157} INFO - Started process (PID=171) to work on /home/airflow/.local/lib/python3.7/site-packages/airflow/example_dags/example_task_group.py
[2023-08-11T07:53:45.318+0000] {processor.py:826} INFO - Processing file /home/airflow/.local/lib/python3.7/site-packages/airflow/example_dags/example_task_group.py for tasks to queue
[2023-08-11T07:53:45.320+0000] {logging_mixin.py:150} INFO - [2023-08-11T07:53:45.319+0000] {dagbag.py:541} INFO - Filling up the DagBag from /home/airflow/.local/lib/python3.7/site-packages/airflow/example_dags/example_task_group.py
[2023-08-11T07:53:45.329+0000] {processor.py:836} INFO - DAG(s) dict_keys(['example_task_group']) retrieved from /home/airflow/.local/lib/python3.7/site-packages/airflow/example_dags/example_task_group.py
[2023-08-11T07:53:45.357+0000] {logging_mixin.py:150} INFO - [2023-08-11T07:53:45.357+0000] {dag.py:2742} INFO - Sync 1 DAGs
[2023-08-11T07:53:45.382+0000] {logging_mixin.py:150} INFO - [2023-08-11T07:53:45.382+0000] {dag.py:3508} INFO - Setting next_dagrun for example_task_group to 2023-08-10T07:53:45.381959+00:00, run_after=2023-08-11T07:53:45.381959+00:00
[2023-08-11T07:53:45.406+0000] {processor.py:179} INFO - Processing /home/airflow/.local/lib/python3.7/site-packages/airflow/example_dags/example_task_group.py took 0.092 seconds
[2023-08-11T07:54:15.892+0000] {processor.py:157} INFO - Started process (PID=236) to work on /home/airflow/.local/lib/python3.7/site-packages/airflow/example_dags/example_task_group.py
[2023-08-11T07:54:15.893+0000] {processor.py:826} INFO - Processing file /home/airflow/.local/lib/python3.7/site-packages/airflow/example_dags/example_task_group.py for tasks to queue
[2023-08-11T07:54:15.894+0000] {logging_mixin.py:150} INFO - [2023-08-11T07:54:15.894+0000] {dagbag.py:541} INFO - Filling up the DagBag from /home/airflow/.local/lib/python3.7/site-packages/airflow/example_dags/example_task_group.py
[2023-08-11T07:54:15.902+0000] {processor.py:836} INFO - DAG(s) dict_keys(['example_task_group']) retrieved from /home/airflow/.local/lib/python3.7/site-packages/airflow/example_dags/example_task_group.py
[2023-08-11T07:54:15.935+0000] {logging_mixin.py:150} INFO - [2023-08-11T07:54:15.934+0000] {dag.py:2742} INFO - Sync 1 DAGs
[2023-08-11T07:54:15.977+0000] {logging_mixin.py:150} INFO - [2023-08-11T07:54:15.977+0000] {dag.py:3508} INFO - Setting next_dagrun for example_task_group to 2023-08-10T07:54:15.976893+00:00, run_after=2023-08-11T07:54:15.976893+00:00
[2023-08-11T07:54:16.009+0000] {processor.py:179} INFO - Processing /home/airflow/.local/lib/python3.7/site-packages/airflow/example_dags/example_task_group.py took 0.121 seconds
[2023-08-11T07:54:46.808+0000] {processor.py:157} INFO - Started process (PID=300) to work on /home/airflow/.local/lib/python3.7/site-packages/airflow/example_dags/example_task_group.py
[2023-08-11T07:54:46.810+0000] {processor.py:826} INFO - Processing file /home/airflow/.local/lib/python3.7/site-packages/airflow/example_dags/example_task_group.py for tasks to queue
[2023-08-11T07:54:46.812+0000] {logging_mixin.py:150} INFO - [2023-08-11T07:54:46.811+0000] {dagbag.py:541} INFO - Filling up the DagBag from /home/airflow/.local/lib/python3.7/site-packages/airflow/example_dags/example_task_group.py
[2023-08-11T07:54:46.827+0000] {processor.py:836} INFO - DAG(s) dict_keys(['example_task_group']) retrieved from /home/airflow/.local/lib/python3.7/site-packages/airflow/example_dags/example_task_group.py
[2023-08-11T07:54:46.873+0000] {logging_mixin.py:150} INFO - [2023-08-11T07:54:46.873+0000] {dag.py:2742} INFO - Sync 1 DAGs
[2023-08-11T07:54:46.924+0000] {logging_mixin.py:150} INFO - [2023-08-11T07:54:46.923+0000] {dag.py:3508} INFO - Setting next_dagrun for example_task_group to 2023-08-10T07:54:46.922202+00:00, run_after=2023-08-11T07:54:46.922202+00:00
[2023-08-11T07:54:46.970+0000] {processor.py:179} INFO - Processing /home/airflow/.local/lib/python3.7/site-packages/airflow/example_dags/example_task_group.py took 0.167 seconds
[2023-08-11T07:55:17.001+0000] {processor.py:157} INFO - Started process (PID=366) to work on /home/airflow/.local/lib/python3.7/site-packages/airflow/example_dags/example_task_group.py
[2023-08-11T07:55:17.002+0000] {processor.py:826} INFO - Processing file /home/airflow/.local/lib/python3.7/site-packages/airflow/example_dags/example_task_group.py for tasks to queue
[2023-08-11T07:55:17.002+0000] {logging_mixin.py:150} INFO - [2023-08-11T07:55:17.002+0000] {dagbag.py:541} INFO - Filling up the DagBag from /home/airflow/.local/lib/python3.7/site-packages/airflow/example_dags/example_task_group.py
[2023-08-11T07:55:17.012+0000] {processor.py:836} INFO - DAG(s) dict_keys(['example_task_group']) retrieved from /home/airflow/.local/lib/python3.7/site-packages/airflow/example_dags/example_task_group.py
[2023-08-11T07:55:17.040+0000] {logging_mixin.py:150} INFO - [2023-08-11T07:55:17.040+0000] {dag.py:2742} INFO - Sync 1 DAGs
[2023-08-11T07:55:17.066+0000] {logging_mixin.py:150} INFO - [2023-08-11T07:55:17.066+0000] {dag.py:3508} INFO - Setting next_dagrun for example_task_group to 2023-08-10T07:55:17.066057+00:00, run_after=2023-08-11T07:55:17.066057+00:00
[2023-08-11T07:55:17.087+0000] {processor.py:179} INFO - Processing /home/airflow/.local/lib/python3.7/site-packages/airflow/example_dags/example_task_group.py took 0.089 seconds
[2023-08-11T07:55:47.691+0000] {processor.py:157} INFO - Started process (PID=431) to work on /home/airflow/.local/lib/python3.7/site-packages/airflow/example_dags/example_task_group.py
[2023-08-11T07:55:47.692+0000] {processor.py:826} INFO - Processing file /home/airflow/.local/lib/python3.7/site-packages/airflow/example_dags/example_task_group.py for tasks to queue
[2023-08-11T07:55:47.694+0000] {logging_mixin.py:150} INFO - [2023-08-11T07:55:47.694+0000] {dagbag.py:541} INFO - Filling up the DagBag from /home/airflow/.local/lib/python3.7/site-packages/airflow/example_dags/example_task_group.py
[2023-08-11T07:55:47.705+0000] {processor.py:836} INFO - DAG(s) dict_keys(['example_task_group']) retrieved from /home/airflow/.local/lib/python3.7/site-packages/airflow/example_dags/example_task_group.py
[2023-08-11T07:55:47.729+0000] {logging_mixin.py:150} INFO - [2023-08-11T07:55:47.729+0000] {dag.py:2742} INFO - Sync 1 DAGs
[2023-08-11T07:55:47.751+0000] {logging_mixin.py:150} INFO - [2023-08-11T07:55:47.751+0000] {dag.py:3508} INFO - Setting next_dagrun for example_task_group to 2023-08-10T07:55:47.751114+00:00, run_after=2023-08-11T07:55:47.751114+00:00
[2023-08-11T07:55:47.772+0000] {processor.py:179} INFO - Processing /home/airflow/.local/lib/python3.7/site-packages/airflow/example_dags/example_task_group.py took 0.084 seconds
[2023-08-11T07:56:18.418+0000] {processor.py:157} INFO - Started process (PID=496) to work on /home/airflow/.local/lib/python3.7/site-packages/airflow/example_dags/example_task_group.py
[2023-08-11T07:56:18.420+0000] {processor.py:826} INFO - Processing file /home/airflow/.local/lib/python3.7/site-packages/airflow/example_dags/example_task_group.py for tasks to queue
[2023-08-11T07:56:18.421+0000] {logging_mixin.py:150} INFO - [2023-08-11T07:56:18.421+0000] {dagbag.py:541} INFO - Filling up the DagBag from /home/airflow/.local/lib/python3.7/site-packages/airflow/example_dags/example_task_group.py
[2023-08-11T07:56:18.433+0000] {processor.py:836} INFO - DAG(s) dict_keys(['example_task_group']) retrieved from /home/airflow/.local/lib/python3.7/site-packages/airflow/example_dags/example_task_group.py
[2023-08-11T07:56:18.476+0000] {logging_mixin.py:150} INFO - [2023-08-11T07:56:18.476+0000] {dag.py:2742} INFO - Sync 1 DAGs
[2023-08-11T07:56:18.513+0000] {logging_mixin.py:150} INFO - [2023-08-11T07:56:18.512+0000] {dag.py:3508} INFO - Setting next_dagrun for example_task_group to 2023-08-10T07:56:18.512554+00:00, run_after=2023-08-11T07:56:18.512554+00:00
[2023-08-11T07:56:18.542+0000] {processor.py:179} INFO - Processing /home/airflow/.local/lib/python3.7/site-packages/airflow/example_dags/example_task_group.py took 0.130 seconds
[2023-08-11T07:56:48.668+0000] {processor.py:157} INFO - Started process (PID=561) to work on /home/airflow/.local/lib/python3.7/site-packages/airflow/example_dags/example_task_group.py
[2023-08-11T07:56:48.670+0000] {processor.py:826} INFO - Processing file /home/airflow/.local/lib/python3.7/site-packages/airflow/example_dags/example_task_group.py for tasks to queue
[2023-08-11T07:56:48.671+0000] {logging_mixin.py:150} INFO - [2023-08-11T07:56:48.671+0000] {dagbag.py:541} INFO - Filling up the DagBag from /home/airflow/.local/lib/python3.7/site-packages/airflow/example_dags/example_task_group.py
[2023-08-11T07:56:48.683+0000] {processor.py:836} INFO - DAG(s) dict_keys(['example_task_group']) retrieved from /home/airflow/.local/lib/python3.7/site-packages/airflow/example_dags/example_task_group.py
[2023-08-11T07:56:48.716+0000] {logging_mixin.py:150} INFO - [2023-08-11T07:56:48.716+0000] {dag.py:2742} INFO - Sync 1 DAGs
[2023-08-11T07:56:48.751+0000] {logging_mixin.py:150} INFO - [2023-08-11T07:56:48.751+0000] {dag.py:3508} INFO - Setting next_dagrun for example_task_group to 2023-08-10T07:56:48.750779+00:00, run_after=2023-08-11T07:56:48.750779+00:00
[2023-08-11T07:56:48.782+0000] {processor.py:179} INFO - Processing /home/airflow/.local/lib/python3.7/site-packages/airflow/example_dags/example_task_group.py took 0.118 seconds
[2023-08-11T07:57:18.997+0000] {processor.py:157} INFO - Started process (PID=626) to work on /home/airflow/.local/lib/python3.7/site-packages/airflow/example_dags/example_task_group.py
[2023-08-11T07:57:18.999+0000] {processor.py:826} INFO - Processing file /home/airflow/.local/lib/python3.7/site-packages/airflow/example_dags/example_task_group.py for tasks to queue
[2023-08-11T07:57:19.000+0000] {logging_mixin.py:150} INFO - [2023-08-11T07:57:19.000+0000] {dagbag.py:541} INFO - Filling up the DagBag from /home/airflow/.local/lib/python3.7/site-packages/airflow/example_dags/example_task_group.py
[2023-08-11T07:57:19.011+0000] {processor.py:836} INFO - DAG(s) dict_keys(['example_task_group']) retrieved from /home/airflow/.local/lib/python3.7/site-packages/airflow/example_dags/example_task_group.py
[2023-08-11T07:57:19.044+0000] {logging_mixin.py:150} INFO - [2023-08-11T07:57:19.044+0000] {dag.py:2742} INFO - Sync 1 DAGs
[2023-08-11T07:57:19.077+0000] {logging_mixin.py:150} INFO - [2023-08-11T07:57:19.077+0000] {dag.py:3508} INFO - Setting next_dagrun for example_task_group to 2023-08-10T07:57:19.077210+00:00, run_after=2023-08-11T07:57:19.077210+00:00
[2023-08-11T07:57:19.107+0000] {processor.py:179} INFO - Processing /home/airflow/.local/lib/python3.7/site-packages/airflow/example_dags/example_task_group.py took 0.114 seconds
[2023-08-11T07:57:49.983+0000] {processor.py:157} INFO - Started process (PID=692) to work on /home/airflow/.local/lib/python3.7/site-packages/airflow/example_dags/example_task_group.py
[2023-08-11T07:57:49.984+0000] {processor.py:826} INFO - Processing file /home/airflow/.local/lib/python3.7/site-packages/airflow/example_dags/example_task_group.py for tasks to queue
[2023-08-11T07:57:49.985+0000] {logging_mixin.py:150} INFO - [2023-08-11T07:57:49.985+0000] {dagbag.py:541} INFO - Filling up the DagBag from /home/airflow/.local/lib/python3.7/site-packages/airflow/example_dags/example_task_group.py
[2023-08-11T07:57:49.993+0000] {processor.py:836} INFO - DAG(s) dict_keys(['example_task_group']) retrieved from /home/airflow/.local/lib/python3.7/site-packages/airflow/example_dags/example_task_group.py
[2023-08-11T07:57:50.032+0000] {logging_mixin.py:150} INFO - [2023-08-11T07:57:50.031+0000] {dag.py:2742} INFO - Sync 1 DAGs
[2023-08-11T07:57:50.068+0000] {logging_mixin.py:150} INFO - [2023-08-11T07:57:50.067+0000] {dag.py:3508} INFO - Setting next_dagrun for example_task_group to 2023-08-10T07:57:50.067035+00:00, run_after=2023-08-11T07:57:50.067035+00:00
[2023-08-11T07:57:50.105+0000] {processor.py:179} INFO - Processing /home/airflow/.local/lib/python3.7/site-packages/airflow/example_dags/example_task_group.py took 0.126 seconds
[2023-08-11T07:58:20.961+0000] {processor.py:157} INFO - Started process (PID=758) to work on /home/airflow/.local/lib/python3.7/site-packages/airflow/example_dags/example_task_group.py
[2023-08-11T07:58:20.962+0000] {processor.py:826} INFO - Processing file /home/airflow/.local/lib/python3.7/site-packages/airflow/example_dags/example_task_group.py for tasks to queue
[2023-08-11T07:58:20.963+0000] {logging_mixin.py:150} INFO - [2023-08-11T07:58:20.963+0000] {dagbag.py:541} INFO - Filling up the DagBag from /home/airflow/.local/lib/python3.7/site-packages/airflow/example_dags/example_task_group.py
[2023-08-11T07:58:20.973+0000] {processor.py:836} INFO - DAG(s) dict_keys(['example_task_group']) retrieved from /home/airflow/.local/lib/python3.7/site-packages/airflow/example_dags/example_task_group.py
[2023-08-11T07:58:20.997+0000] {logging_mixin.py:150} INFO - [2023-08-11T07:58:20.997+0000] {dag.py:2742} INFO - Sync 1 DAGs
[2023-08-11T07:58:21.022+0000] {logging_mixin.py:150} INFO - [2023-08-11T07:58:21.022+0000] {dag.py:3508} INFO - Setting next_dagrun for example_task_group to 2023-08-10T07:58:21.021929+00:00, run_after=2023-08-11T07:58:21.021929+00:00
[2023-08-11T07:58:21.042+0000] {processor.py:179} INFO - Processing /home/airflow/.local/lib/python3.7/site-packages/airflow/example_dags/example_task_group.py took 0.083 seconds
[2023-08-11T07:58:51.265+0000] {processor.py:157} INFO - Started process (PID=824) to work on /home/airflow/.local/lib/python3.7/site-packages/airflow/example_dags/example_task_group.py
[2023-08-11T07:58:51.265+0000] {processor.py:826} INFO - Processing file /home/airflow/.local/lib/python3.7/site-packages/airflow/example_dags/example_task_group.py for tasks to queue
[2023-08-11T07:58:51.266+0000] {logging_mixin.py:150} INFO - [2023-08-11T07:58:51.266+0000] {dagbag.py:541} INFO - Filling up the DagBag from /home/airflow/.local/lib/python3.7/site-packages/airflow/example_dags/example_task_group.py
[2023-08-11T07:58:51.276+0000] {processor.py:836} INFO - DAG(s) dict_keys(['example_task_group']) retrieved from /home/airflow/.local/lib/python3.7/site-packages/airflow/example_dags/example_task_group.py
[2023-08-11T07:58:51.300+0000] {logging_mixin.py:150} INFO - [2023-08-11T07:58:51.300+0000] {dag.py:2742} INFO - Sync 1 DAGs
[2023-08-11T07:58:51.324+0000] {logging_mixin.py:150} INFO - [2023-08-11T07:58:51.324+0000] {dag.py:3508} INFO - Setting next_dagrun for example_task_group to 2023-08-10T07:58:51.324094+00:00, run_after=2023-08-11T07:58:51.324094+00:00
[2023-08-11T07:58:51.344+0000] {processor.py:179} INFO - Processing /home/airflow/.local/lib/python3.7/site-packages/airflow/example_dags/example_task_group.py took 0.082 seconds
[2023-08-11T07:59:21.443+0000] {processor.py:157} INFO - Started process (PID=890) to work on /home/airflow/.local/lib/python3.7/site-packages/airflow/example_dags/example_task_group.py
[2023-08-11T07:59:21.444+0000] {processor.py:826} INFO - Processing file /home/airflow/.local/lib/python3.7/site-packages/airflow/example_dags/example_task_group.py for tasks to queue
[2023-08-11T07:59:21.446+0000] {logging_mixin.py:150} INFO - [2023-08-11T07:59:21.446+0000] {dagbag.py:541} INFO - Filling up the DagBag from /home/airflow/.local/lib/python3.7/site-packages/airflow/example_dags/example_task_group.py
[2023-08-11T07:59:21.458+0000] {processor.py:836} INFO - DAG(s) dict_keys(['example_task_group']) retrieved from /home/airflow/.local/lib/python3.7/site-packages/airflow/example_dags/example_task_group.py
[2023-08-11T07:59:21.474+0000] {logging_mixin.py:150} INFO - [2023-08-11T07:59:21.473+0000] {dag.py:2742} INFO - Sync 1 DAGs
[2023-08-11T07:59:21.501+0000] {logging_mixin.py:150} INFO - [2023-08-11T07:59:21.500+0000] {dag.py:3508} INFO - Setting next_dagrun for example_task_group to 2023-08-10T07:59:21.500561+00:00, run_after=2023-08-11T07:59:21.500561+00:00
[2023-08-11T07:59:21.521+0000] {processor.py:179} INFO - Processing /home/airflow/.local/lib/python3.7/site-packages/airflow/example_dags/example_task_group.py took 0.083 seconds
[2023-08-11T07:59:52.120+0000] {processor.py:157} INFO - Started process (PID=958) to work on /home/airflow/.local/lib/python3.7/site-packages/airflow/example_dags/example_task_group.py
[2023-08-11T07:59:52.122+0000] {processor.py:826} INFO - Processing file /home/airflow/.local/lib/python3.7/site-packages/airflow/example_dags/example_task_group.py for tasks to queue
[2023-08-11T07:59:52.123+0000] {logging_mixin.py:150} INFO - [2023-08-11T07:59:52.123+0000] {dagbag.py:541} INFO - Filling up the DagBag from /home/airflow/.local/lib/python3.7/site-packages/airflow/example_dags/example_task_group.py
[2023-08-11T07:59:52.132+0000] {processor.py:836} INFO - DAG(s) dict_keys(['example_task_group']) retrieved from /home/airflow/.local/lib/python3.7/site-packages/airflow/example_dags/example_task_group.py
[2023-08-11T07:59:52.160+0000] {logging_mixin.py:150} INFO - [2023-08-11T07:59:52.160+0000] {dag.py:2742} INFO - Sync 1 DAGs
[2023-08-11T07:59:52.184+0000] {logging_mixin.py:150} INFO - [2023-08-11T07:59:52.184+0000] {dag.py:3508} INFO - Setting next_dagrun for example_task_group to 2023-08-10T07:59:52.183938+00:00, run_after=2023-08-11T07:59:52.183938+00:00
[2023-08-11T07:59:52.202+0000] {processor.py:179} INFO - Processing /home/airflow/.local/lib/python3.7/site-packages/airflow/example_dags/example_task_group.py took 0.086 seconds
[2023-08-11T08:00:22.655+0000] {processor.py:157} INFO - Started process (PID=1028) to work on /home/airflow/.local/lib/python3.7/site-packages/airflow/example_dags/example_task_group.py
[2023-08-11T08:00:22.658+0000] {processor.py:826} INFO - Processing file /home/airflow/.local/lib/python3.7/site-packages/airflow/example_dags/example_task_group.py for tasks to queue
[2023-08-11T08:00:22.659+0000] {logging_mixin.py:150} INFO - [2023-08-11T08:00:22.659+0000] {dagbag.py:541} INFO - Filling up the DagBag from /home/airflow/.local/lib/python3.7/site-packages/airflow/example_dags/example_task_group.py
[2023-08-11T08:00:22.667+0000] {processor.py:836} INFO - DAG(s) dict_keys(['example_task_group']) retrieved from /home/airflow/.local/lib/python3.7/site-packages/airflow/example_dags/example_task_group.py
[2023-08-11T08:00:22.693+0000] {logging_mixin.py:150} INFO - [2023-08-11T08:00:22.693+0000] {dag.py:2742} INFO - Sync 1 DAGs
[2023-08-11T08:00:22.716+0000] {logging_mixin.py:150} INFO - [2023-08-11T08:00:22.716+0000] {dag.py:3508} INFO - Setting next_dagrun for example_task_group to 2023-08-10T08:00:22.716063+00:00, run_after=2023-08-11T08:00:22.716063+00:00
[2023-08-11T08:00:22.735+0000] {processor.py:179} INFO - Processing /home/airflow/.local/lib/python3.7/site-packages/airflow/example_dags/example_task_group.py took 0.083 seconds
[2023-08-11T08:00:53.196+0000] {processor.py:157} INFO - Started process (PID=1095) to work on /home/airflow/.local/lib/python3.7/site-packages/airflow/example_dags/example_task_group.py
[2023-08-11T08:00:53.197+0000] {processor.py:826} INFO - Processing file /home/airflow/.local/lib/python3.7/site-packages/airflow/example_dags/example_task_group.py for tasks to queue
[2023-08-11T08:00:53.198+0000] {logging_mixin.py:150} INFO - [2023-08-11T08:00:53.198+0000] {dagbag.py:541} INFO - Filling up the DagBag from /home/airflow/.local/lib/python3.7/site-packages/airflow/example_dags/example_task_group.py
[2023-08-11T08:00:53.214+0000] {processor.py:836} INFO - DAG(s) dict_keys(['example_task_group']) retrieved from /home/airflow/.local/lib/python3.7/site-packages/airflow/example_dags/example_task_group.py
[2023-08-11T08:00:53.248+0000] {logging_mixin.py:150} INFO - [2023-08-11T08:00:53.247+0000] {dag.py:2742} INFO - Sync 1 DAGs
[2023-08-11T08:00:53.280+0000] {logging_mixin.py:150} INFO - [2023-08-11T08:00:53.280+0000] {dag.py:3508} INFO - Setting next_dagrun for example_task_group to 2023-08-10T08:00:53.279822+00:00, run_after=2023-08-11T08:00:53.279822+00:00
[2023-08-11T08:00:53.301+0000] {processor.py:179} INFO - Processing /home/airflow/.local/lib/python3.7/site-packages/airflow/example_dags/example_task_group.py took 0.109 seconds
[2023-08-11T08:01:23.772+0000] {processor.py:157} INFO - Started process (PID=1164) to work on /home/airflow/.local/lib/python3.7/site-packages/airflow/example_dags/example_task_group.py
[2023-08-11T08:01:23.773+0000] {processor.py:826} INFO - Processing file /home/airflow/.local/lib/python3.7/site-packages/airflow/example_dags/example_task_group.py for tasks to queue
[2023-08-11T08:01:23.774+0000] {logging_mixin.py:150} INFO - [2023-08-11T08:01:23.773+0000] {dagbag.py:541} INFO - Filling up the DagBag from /home/airflow/.local/lib/python3.7/site-packages/airflow/example_dags/example_task_group.py
[2023-08-11T08:01:23.782+0000] {processor.py:836} INFO - DAG(s) dict_keys(['example_task_group']) retrieved from /home/airflow/.local/lib/python3.7/site-packages/airflow/example_dags/example_task_group.py
[2023-08-11T08:01:23.811+0000] {logging_mixin.py:150} INFO - [2023-08-11T08:01:23.810+0000] {dag.py:2742} INFO - Sync 1 DAGs
[2023-08-11T08:01:23.836+0000] {logging_mixin.py:150} INFO - [2023-08-11T08:01:23.836+0000] {dag.py:3508} INFO - Setting next_dagrun for example_task_group to 2023-08-10T08:01:23.835834+00:00, run_after=2023-08-11T08:01:23.835834+00:00
[2023-08-11T08:01:23.855+0000] {processor.py:179} INFO - Processing /home/airflow/.local/lib/python3.7/site-packages/airflow/example_dags/example_task_group.py took 0.086 seconds
[2023-08-11T08:01:53.989+0000] {processor.py:157} INFO - Started process (PID=1230) to work on /home/airflow/.local/lib/python3.7/site-packages/airflow/example_dags/example_task_group.py
[2023-08-11T08:01:53.990+0000] {processor.py:826} INFO - Processing file /home/airflow/.local/lib/python3.7/site-packages/airflow/example_dags/example_task_group.py for tasks to queue
[2023-08-11T08:01:53.991+0000] {logging_mixin.py:150} INFO - [2023-08-11T08:01:53.991+0000] {dagbag.py:541} INFO - Filling up the DagBag from /home/airflow/.local/lib/python3.7/site-packages/airflow/example_dags/example_task_group.py
[2023-08-11T08:01:54.002+0000] {processor.py:836} INFO - DAG(s) dict_keys(['example_task_group']) retrieved from /home/airflow/.local/lib/python3.7/site-packages/airflow/example_dags/example_task_group.py
[2023-08-11T08:01:54.035+0000] {logging_mixin.py:150} INFO - [2023-08-11T08:01:54.034+0000] {dag.py:2742} INFO - Sync 1 DAGs
[2023-08-11T08:01:54.064+0000] {logging_mixin.py:150} INFO - [2023-08-11T08:01:54.063+0000] {dag.py:3508} INFO - Setting next_dagrun for example_task_group to 2023-08-10T08:01:54.063386+00:00, run_after=2023-08-11T08:01:54.063386+00:00
[2023-08-11T08:01:54.087+0000] {processor.py:179} INFO - Processing /home/airflow/.local/lib/python3.7/site-packages/airflow/example_dags/example_task_group.py took 0.101 seconds
[2023-08-11T08:02:24.238+0000] {processor.py:157} INFO - Started process (PID=1299) to work on /home/airflow/.local/lib/python3.7/site-packages/airflow/example_dags/example_task_group.py
[2023-08-11T08:02:24.239+0000] {processor.py:826} INFO - Processing file /home/airflow/.local/lib/python3.7/site-packages/airflow/example_dags/example_task_group.py for tasks to queue
[2023-08-11T08:02:24.240+0000] {logging_mixin.py:150} INFO - [2023-08-11T08:02:24.240+0000] {dagbag.py:541} INFO - Filling up the DagBag from /home/airflow/.local/lib/python3.7/site-packages/airflow/example_dags/example_task_group.py
[2023-08-11T08:02:24.253+0000] {processor.py:836} INFO - DAG(s) dict_keys(['example_task_group']) retrieved from /home/airflow/.local/lib/python3.7/site-packages/airflow/example_dags/example_task_group.py
[2023-08-11T08:02:24.287+0000] {logging_mixin.py:150} INFO - [2023-08-11T08:02:24.287+0000] {dag.py:2742} INFO - Sync 1 DAGs
[2023-08-11T08:02:24.322+0000] {logging_mixin.py:150} INFO - [2023-08-11T08:02:24.322+0000] {dag.py:3508} INFO - Setting next_dagrun for example_task_group to 2023-08-10T08:02:24.322369+00:00, run_after=2023-08-11T08:02:24.322369+00:00
[2023-08-11T08:02:24.344+0000] {processor.py:179} INFO - Processing /home/airflow/.local/lib/python3.7/site-packages/airflow/example_dags/example_task_group.py took 0.110 seconds
[2023-08-11T08:02:54.383+0000] {processor.py:157} INFO - Started process (PID=1365) to work on /home/airflow/.local/lib/python3.7/site-packages/airflow/example_dags/example_task_group.py
[2023-08-11T08:02:54.384+0000] {processor.py:826} INFO - Processing file /home/airflow/.local/lib/python3.7/site-packages/airflow/example_dags/example_task_group.py for tasks to queue
[2023-08-11T08:02:54.385+0000] {logging_mixin.py:150} INFO - [2023-08-11T08:02:54.384+0000] {dagbag.py:541} INFO - Filling up the DagBag from /home/airflow/.local/lib/python3.7/site-packages/airflow/example_dags/example_task_group.py
[2023-08-11T08:02:54.392+0000] {processor.py:836} INFO - DAG(s) dict_keys(['example_task_group']) retrieved from /home/airflow/.local/lib/python3.7/site-packages/airflow/example_dags/example_task_group.py
[2023-08-11T08:02:54.418+0000] {logging_mixin.py:150} INFO - [2023-08-11T08:02:54.418+0000] {dag.py:2742} INFO - Sync 1 DAGs
[2023-08-11T08:02:54.440+0000] {logging_mixin.py:150} INFO - [2023-08-11T08:02:54.440+0000] {dag.py:3508} INFO - Setting next_dagrun for example_task_group to 2023-08-10T08:02:54.440403+00:00, run_after=2023-08-11T08:02:54.440403+00:00
[2023-08-11T08:02:54.462+0000] {processor.py:179} INFO - Processing /home/airflow/.local/lib/python3.7/site-packages/airflow/example_dags/example_task_group.py took 0.083 seconds
[2023-08-11T08:03:25.134+0000] {processor.py:157} INFO - Started process (PID=1432) to work on /home/airflow/.local/lib/python3.7/site-packages/airflow/example_dags/example_task_group.py
[2023-08-11T08:03:25.137+0000] {processor.py:826} INFO - Processing file /home/airflow/.local/lib/python3.7/site-packages/airflow/example_dags/example_task_group.py for tasks to queue
[2023-08-11T08:03:25.138+0000] {logging_mixin.py:150} INFO - [2023-08-11T08:03:25.138+0000] {dagbag.py:541} INFO - Filling up the DagBag from /home/airflow/.local/lib/python3.7/site-packages/airflow/example_dags/example_task_group.py
[2023-08-11T08:03:25.153+0000] {processor.py:836} INFO - DAG(s) dict_keys(['example_task_group']) retrieved from /home/airflow/.local/lib/python3.7/site-packages/airflow/example_dags/example_task_group.py
[2023-08-11T08:03:25.195+0000] {logging_mixin.py:150} INFO - [2023-08-11T08:03:25.195+0000] {dag.py:2742} INFO - Sync 1 DAGs
[2023-08-11T08:03:25.255+0000] {logging_mixin.py:150} INFO - [2023-08-11T08:03:25.255+0000] {dag.py:3508} INFO - Setting next_dagrun for example_task_group to 2023-08-10T08:03:25.254697+00:00, run_after=2023-08-11T08:03:25.254697+00:00
[2023-08-11T08:03:25.295+0000] {processor.py:179} INFO - Processing /home/airflow/.local/lib/python3.7/site-packages/airflow/example_dags/example_task_group.py took 0.169 seconds
[2023-08-11T08:03:55.886+0000] {processor.py:157} INFO - Started process (PID=1498) to work on /home/airflow/.local/lib/python3.7/site-packages/airflow/example_dags/example_task_group.py
[2023-08-11T08:03:55.887+0000] {processor.py:826} INFO - Processing file /home/airflow/.local/lib/python3.7/site-packages/airflow/example_dags/example_task_group.py for tasks to queue
[2023-08-11T08:03:55.888+0000] {logging_mixin.py:150} INFO - [2023-08-11T08:03:55.888+0000] {dagbag.py:541} INFO - Filling up the DagBag from /home/airflow/.local/lib/python3.7/site-packages/airflow/example_dags/example_task_group.py
[2023-08-11T08:03:55.897+0000] {processor.py:836} INFO - DAG(s) dict_keys(['example_task_group']) retrieved from /home/airflow/.local/lib/python3.7/site-packages/airflow/example_dags/example_task_group.py
[2023-08-11T08:03:55.929+0000] {logging_mixin.py:150} INFO - [2023-08-11T08:03:55.929+0000] {dag.py:2742} INFO - Sync 1 DAGs
[2023-08-11T08:03:55.958+0000] {logging_mixin.py:150} INFO - [2023-08-11T08:03:55.958+0000] {dag.py:3508} INFO - Setting next_dagrun for example_task_group to 2023-08-10T08:03:55.958388+00:00, run_after=2023-08-11T08:03:55.958388+00:00
[2023-08-11T08:03:55.988+0000] {processor.py:179} INFO - Processing /home/airflow/.local/lib/python3.7/site-packages/airflow/example_dags/example_task_group.py took 0.107 seconds
[2023-08-11T08:04:26.236+0000] {processor.py:157} INFO - Started process (PID=1572) to work on /home/airflow/.local/lib/python3.7/site-packages/airflow/example_dags/example_task_group.py
[2023-08-11T08:04:26.237+0000] {processor.py:826} INFO - Processing file /home/airflow/.local/lib/python3.7/site-packages/airflow/example_dags/example_task_group.py for tasks to queue
[2023-08-11T08:04:26.237+0000] {logging_mixin.py:150} INFO - [2023-08-11T08:04:26.237+0000] {dagbag.py:541} INFO - Filling up the DagBag from /home/airflow/.local/lib/python3.7/site-packages/airflow/example_dags/example_task_group.py
[2023-08-11T08:04:26.244+0000] {processor.py:836} INFO - DAG(s) dict_keys(['example_task_group']) retrieved from /home/airflow/.local/lib/python3.7/site-packages/airflow/example_dags/example_task_group.py
[2023-08-11T08:04:26.272+0000] {logging_mixin.py:150} INFO - [2023-08-11T08:04:26.272+0000] {dag.py:2742} INFO - Sync 1 DAGs
[2023-08-11T08:04:26.297+0000] {logging_mixin.py:150} INFO - [2023-08-11T08:04:26.297+0000] {dag.py:3508} INFO - Setting next_dagrun for example_task_group to 2023-08-10T08:04:26.297223+00:00, run_after=2023-08-11T08:04:26.297223+00:00
[2023-08-11T08:04:26.320+0000] {processor.py:179} INFO - Processing /home/airflow/.local/lib/python3.7/site-packages/airflow/example_dags/example_task_group.py took 0.088 seconds
[2023-08-11T08:04:56.802+0000] {processor.py:157} INFO - Started process (PID=1638) to work on /home/airflow/.local/lib/python3.7/site-packages/airflow/example_dags/example_task_group.py
[2023-08-11T08:04:56.804+0000] {processor.py:826} INFO - Processing file /home/airflow/.local/lib/python3.7/site-packages/airflow/example_dags/example_task_group.py for tasks to queue
[2023-08-11T08:04:56.805+0000] {logging_mixin.py:150} INFO - [2023-08-11T08:04:56.805+0000] {dagbag.py:541} INFO - Filling up the DagBag from /home/airflow/.local/lib/python3.7/site-packages/airflow/example_dags/example_task_group.py
[2023-08-11T08:04:56.814+0000] {processor.py:836} INFO - DAG(s) dict_keys(['example_task_group']) retrieved from /home/airflow/.local/lib/python3.7/site-packages/airflow/example_dags/example_task_group.py
[2023-08-11T08:04:56.845+0000] {logging_mixin.py:150} INFO - [2023-08-11T08:04:56.845+0000] {dag.py:2742} INFO - Sync 1 DAGs
[2023-08-11T08:04:56.868+0000] {logging_mixin.py:150} INFO - [2023-08-11T08:04:56.868+0000] {dag.py:3508} INFO - Setting next_dagrun for example_task_group to 2023-08-10T08:04:56.868299+00:00, run_after=2023-08-11T08:04:56.868299+00:00
[2023-08-11T08:04:56.892+0000] {processor.py:179} INFO - Processing /home/airflow/.local/lib/python3.7/site-packages/airflow/example_dags/example_task_group.py took 0.094 seconds
[2023-08-11T08:05:27.109+0000] {processor.py:157} INFO - Started process (PID=1705) to work on /home/airflow/.local/lib/python3.7/site-packages/airflow/example_dags/example_task_group.py
[2023-08-11T08:05:27.111+0000] {processor.py:826} INFO - Processing file /home/airflow/.local/lib/python3.7/site-packages/airflow/example_dags/example_task_group.py for tasks to queue
[2023-08-11T08:05:27.113+0000] {logging_mixin.py:150} INFO - [2023-08-11T08:05:27.112+0000] {dagbag.py:541} INFO - Filling up the DagBag from /home/airflow/.local/lib/python3.7/site-packages/airflow/example_dags/example_task_group.py
[2023-08-11T08:05:27.125+0000] {processor.py:836} INFO - DAG(s) dict_keys(['example_task_group']) retrieved from /home/airflow/.local/lib/python3.7/site-packages/airflow/example_dags/example_task_group.py
[2023-08-11T08:05:27.163+0000] {logging_mixin.py:150} INFO - [2023-08-11T08:05:27.163+0000] {dag.py:2742} INFO - Sync 1 DAGs
[2023-08-11T08:05:27.197+0000] {logging_mixin.py:150} INFO - [2023-08-11T08:05:27.197+0000] {dag.py:3508} INFO - Setting next_dagrun for example_task_group to 2023-08-10T08:05:27.197000+00:00, run_after=2023-08-11T08:05:27.197000+00:00
[2023-08-11T08:05:27.232+0000] {processor.py:179} INFO - Processing /home/airflow/.local/lib/python3.7/site-packages/airflow/example_dags/example_task_group.py took 0.130 seconds
[2023-08-11T08:05:57.450+0000] {processor.py:157} INFO - Started process (PID=1771) to work on /home/airflow/.local/lib/python3.7/site-packages/airflow/example_dags/example_task_group.py
[2023-08-11T08:05:57.452+0000] {processor.py:826} INFO - Processing file /home/airflow/.local/lib/python3.7/site-packages/airflow/example_dags/example_task_group.py for tasks to queue
[2023-08-11T08:05:57.452+0000] {logging_mixin.py:150} INFO - [2023-08-11T08:05:57.452+0000] {dagbag.py:541} INFO - Filling up the DagBag from /home/airflow/.local/lib/python3.7/site-packages/airflow/example_dags/example_task_group.py
[2023-08-11T08:05:57.461+0000] {processor.py:836} INFO - DAG(s) dict_keys(['example_task_group']) retrieved from /home/airflow/.local/lib/python3.7/site-packages/airflow/example_dags/example_task_group.py
[2023-08-11T08:05:57.484+0000] {logging_mixin.py:150} INFO - [2023-08-11T08:05:57.484+0000] {dag.py:2742} INFO - Sync 1 DAGs
[2023-08-11T08:05:57.506+0000] {logging_mixin.py:150} INFO - [2023-08-11T08:05:57.506+0000] {dag.py:3508} INFO - Setting next_dagrun for example_task_group to 2023-08-10T08:05:57.505945+00:00, run_after=2023-08-11T08:05:57.505945+00:00
[2023-08-11T08:05:57.534+0000] {processor.py:179} INFO - Processing /home/airflow/.local/lib/python3.7/site-packages/airflow/example_dags/example_task_group.py took 0.087 seconds
[2023-08-11T08:06:28.455+0000] {processor.py:157} INFO - Started process (PID=1842) to work on /home/airflow/.local/lib/python3.7/site-packages/airflow/example_dags/example_task_group.py
[2023-08-11T08:06:28.459+0000] {processor.py:826} INFO - Processing file /home/airflow/.local/lib/python3.7/site-packages/airflow/example_dags/example_task_group.py for tasks to queue
[2023-08-11T08:06:28.462+0000] {logging_mixin.py:150} INFO - [2023-08-11T08:06:28.461+0000] {dagbag.py:541} INFO - Filling up the DagBag from /home/airflow/.local/lib/python3.7/site-packages/airflow/example_dags/example_task_group.py
[2023-08-11T08:06:28.479+0000] {processor.py:836} INFO - DAG(s) dict_keys(['example_task_group']) retrieved from /home/airflow/.local/lib/python3.7/site-packages/airflow/example_dags/example_task_group.py
[2023-08-11T08:06:28.528+0000] {logging_mixin.py:150} INFO - [2023-08-11T08:06:28.527+0000] {dag.py:2742} INFO - Sync 1 DAGs
[2023-08-11T08:06:28.575+0000] {logging_mixin.py:150} INFO - [2023-08-11T08:06:28.574+0000] {dag.py:3508} INFO - Setting next_dagrun for example_task_group to 2023-08-10T08:06:28.574153+00:00, run_after=2023-08-11T08:06:28.574153+00:00
[2023-08-11T08:06:28.617+0000] {processor.py:179} INFO - Processing /home/airflow/.local/lib/python3.7/site-packages/airflow/example_dags/example_task_group.py took 0.167 seconds
[2023-08-11T08:06:59.322+0000] {processor.py:157} INFO - Started process (PID=1910) to work on /home/airflow/.local/lib/python3.7/site-packages/airflow/example_dags/example_task_group.py
[2023-08-11T08:06:59.323+0000] {processor.py:826} INFO - Processing file /home/airflow/.local/lib/python3.7/site-packages/airflow/example_dags/example_task_group.py for tasks to queue
[2023-08-11T08:06:59.324+0000] {logging_mixin.py:150} INFO - [2023-08-11T08:06:59.324+0000] {dagbag.py:541} INFO - Filling up the DagBag from /home/airflow/.local/lib/python3.7/site-packages/airflow/example_dags/example_task_group.py
[2023-08-11T08:06:59.333+0000] {processor.py:836} INFO - DAG(s) dict_keys(['example_task_group']) retrieved from /home/airflow/.local/lib/python3.7/site-packages/airflow/example_dags/example_task_group.py
[2023-08-11T08:06:59.355+0000] {logging_mixin.py:150} INFO - [2023-08-11T08:06:59.355+0000] {dag.py:2742} INFO - Sync 1 DAGs
[2023-08-11T08:06:59.375+0000] {logging_mixin.py:150} INFO - [2023-08-11T08:06:59.375+0000] {dag.py:3508} INFO - Setting next_dagrun for example_task_group to 2023-08-10T08:06:59.375006+00:00, run_after=2023-08-11T08:06:59.375006+00:00
[2023-08-11T08:06:59.394+0000] {processor.py:179} INFO - Processing /home/airflow/.local/lib/python3.7/site-packages/airflow/example_dags/example_task_group.py took 0.074 seconds
[2023-08-11T08:07:29.939+0000] {processor.py:157} INFO - Started process (PID=1979) to work on /home/airflow/.local/lib/python3.7/site-packages/airflow/example_dags/example_task_group.py
[2023-08-11T08:07:29.939+0000] {processor.py:826} INFO - Processing file /home/airflow/.local/lib/python3.7/site-packages/airflow/example_dags/example_task_group.py for tasks to queue
[2023-08-11T08:07:29.940+0000] {logging_mixin.py:150} INFO - [2023-08-11T08:07:29.940+0000] {dagbag.py:541} INFO - Filling up the DagBag from /home/airflow/.local/lib/python3.7/site-packages/airflow/example_dags/example_task_group.py
[2023-08-11T08:07:29.950+0000] {processor.py:836} INFO - DAG(s) dict_keys(['example_task_group']) retrieved from /home/airflow/.local/lib/python3.7/site-packages/airflow/example_dags/example_task_group.py
[2023-08-11T08:07:29.972+0000] {logging_mixin.py:150} INFO - [2023-08-11T08:07:29.971+0000] {dag.py:2742} INFO - Sync 1 DAGs
[2023-08-11T08:07:29.991+0000] {logging_mixin.py:150} INFO - [2023-08-11T08:07:29.991+0000] {dag.py:3508} INFO - Setting next_dagrun for example_task_group to 2023-08-10T08:07:29.991607+00:00, run_after=2023-08-11T08:07:29.991607+00:00
[2023-08-11T08:07:30.007+0000] {processor.py:179} INFO - Processing /home/airflow/.local/lib/python3.7/site-packages/airflow/example_dags/example_task_group.py took 0.071 seconds
[2023-08-11T08:08:00.084+0000] {processor.py:157} INFO - Started process (PID=2045) to work on /home/airflow/.local/lib/python3.7/site-packages/airflow/example_dags/example_task_group.py
[2023-08-11T08:08:00.085+0000] {processor.py:826} INFO - Processing file /home/airflow/.local/lib/python3.7/site-packages/airflow/example_dags/example_task_group.py for tasks to queue
[2023-08-11T08:08:00.086+0000] {logging_mixin.py:150} INFO - [2023-08-11T08:08:00.086+0000] {dagbag.py:541} INFO - Filling up the DagBag from /home/airflow/.local/lib/python3.7/site-packages/airflow/example_dags/example_task_group.py
[2023-08-11T08:08:00.092+0000] {processor.py:836} INFO - DAG(s) dict_keys(['example_task_group']) retrieved from /home/airflow/.local/lib/python3.7/site-packages/airflow/example_dags/example_task_group.py
[2023-08-11T08:08:00.118+0000] {logging_mixin.py:150} INFO - [2023-08-11T08:08:00.118+0000] {dag.py:2742} INFO - Sync 1 DAGs
[2023-08-11T08:08:00.140+0000] {logging_mixin.py:150} INFO - [2023-08-11T08:08:00.140+0000] {dag.py:3508} INFO - Setting next_dagrun for example_task_group to 2023-08-10T08:08:00.140181+00:00, run_after=2023-08-11T08:08:00.140181+00:00
[2023-08-11T08:08:00.159+0000] {processor.py:179} INFO - Processing /home/airflow/.local/lib/python3.7/site-packages/airflow/example_dags/example_task_group.py took 0.078 seconds
[2023-08-11T08:08:30.847+0000] {processor.py:157} INFO - Started process (PID=2111) to work on /home/airflow/.local/lib/python3.7/site-packages/airflow/example_dags/example_task_group.py
[2023-08-11T08:08:30.849+0000] {processor.py:826} INFO - Processing file /home/airflow/.local/lib/python3.7/site-packages/airflow/example_dags/example_task_group.py for tasks to queue
[2023-08-11T08:08:30.850+0000] {logging_mixin.py:150} INFO - [2023-08-11T08:08:30.850+0000] {dagbag.py:541} INFO - Filling up the DagBag from /home/airflow/.local/lib/python3.7/site-packages/airflow/example_dags/example_task_group.py
[2023-08-11T08:08:30.857+0000] {processor.py:836} INFO - DAG(s) dict_keys(['example_task_group']) retrieved from /home/airflow/.local/lib/python3.7/site-packages/airflow/example_dags/example_task_group.py
[2023-08-11T08:08:30.879+0000] {logging_mixin.py:150} INFO - [2023-08-11T08:08:30.878+0000] {dag.py:2742} INFO - Sync 1 DAGs
[2023-08-11T08:08:30.901+0000] {logging_mixin.py:150} INFO - [2023-08-11T08:08:30.901+0000] {dag.py:3508} INFO - Setting next_dagrun for example_task_group to 2023-08-10T08:08:30.901534+00:00, run_after=2023-08-11T08:08:30.901534+00:00
[2023-08-11T08:08:30.918+0000] {processor.py:179} INFO - Processing /home/airflow/.local/lib/python3.7/site-packages/airflow/example_dags/example_task_group.py took 0.075 seconds
[2023-08-11T08:09:01.265+0000] {processor.py:157} INFO - Started process (PID=2177) to work on /home/airflow/.local/lib/python3.7/site-packages/airflow/example_dags/example_task_group.py
[2023-08-11T08:09:01.267+0000] {processor.py:826} INFO - Processing file /home/airflow/.local/lib/python3.7/site-packages/airflow/example_dags/example_task_group.py for tasks to queue
[2023-08-11T08:09:01.267+0000] {logging_mixin.py:150} INFO - [2023-08-11T08:09:01.267+0000] {dagbag.py:541} INFO - Filling up the DagBag from /home/airflow/.local/lib/python3.7/site-packages/airflow/example_dags/example_task_group.py
[2023-08-11T08:09:01.274+0000] {processor.py:836} INFO - DAG(s) dict_keys(['example_task_group']) retrieved from /home/airflow/.local/lib/python3.7/site-packages/airflow/example_dags/example_task_group.py
[2023-08-11T08:09:01.296+0000] {logging_mixin.py:150} INFO - [2023-08-11T08:09:01.296+0000] {dag.py:2742} INFO - Sync 1 DAGs
[2023-08-11T08:09:01.318+0000] {logging_mixin.py:150} INFO - [2023-08-11T08:09:01.318+0000] {dag.py:3508} INFO - Setting next_dagrun for example_task_group to 2023-08-10T08:09:01.318379+00:00, run_after=2023-08-11T08:09:01.318379+00:00
[2023-08-11T08:09:01.336+0000] {processor.py:179} INFO - Processing /home/airflow/.local/lib/python3.7/site-packages/airflow/example_dags/example_task_group.py took 0.074 seconds
[2023-08-11T08:09:32.353+0000] {processor.py:157} INFO - Started process (PID=2243) to work on /home/airflow/.local/lib/python3.7/site-packages/airflow/example_dags/example_task_group.py
[2023-08-11T08:09:32.355+0000] {processor.py:826} INFO - Processing file /home/airflow/.local/lib/python3.7/site-packages/airflow/example_dags/example_task_group.py for tasks to queue
[2023-08-11T08:09:32.357+0000] {logging_mixin.py:150} INFO - [2023-08-11T08:09:32.356+0000] {dagbag.py:541} INFO - Filling up the DagBag from /home/airflow/.local/lib/python3.7/site-packages/airflow/example_dags/example_task_group.py
[2023-08-11T08:09:32.376+0000] {processor.py:836} INFO - DAG(s) dict_keys(['example_task_group']) retrieved from /home/airflow/.local/lib/python3.7/site-packages/airflow/example_dags/example_task_group.py
[2023-08-11T08:09:32.426+0000] {logging_mixin.py:150} INFO - [2023-08-11T08:09:32.426+0000] {dag.py:2742} INFO - Sync 1 DAGs
[2023-08-11T08:09:32.470+0000] {logging_mixin.py:150} INFO - [2023-08-11T08:09:32.470+0000] {dag.py:3508} INFO - Setting next_dagrun for example_task_group to 2023-08-10T08:09:32.469857+00:00, run_after=2023-08-11T08:09:32.469857+00:00
[2023-08-11T08:09:32.523+0000] {processor.py:179} INFO - Processing /home/airflow/.local/lib/python3.7/site-packages/airflow/example_dags/example_task_group.py took 0.178 seconds
[2023-08-11T08:10:03.447+0000] {processor.py:157} INFO - Started process (PID=2316) to work on /home/airflow/.local/lib/python3.7/site-packages/airflow/example_dags/example_task_group.py
[2023-08-11T08:10:03.448+0000] {processor.py:826} INFO - Processing file /home/airflow/.local/lib/python3.7/site-packages/airflow/example_dags/example_task_group.py for tasks to queue
[2023-08-11T08:10:03.448+0000] {logging_mixin.py:150} INFO - [2023-08-11T08:10:03.448+0000] {dagbag.py:541} INFO - Filling up the DagBag from /home/airflow/.local/lib/python3.7/site-packages/airflow/example_dags/example_task_group.py
[2023-08-11T08:10:03.456+0000] {processor.py:836} INFO - DAG(s) dict_keys(['example_task_group']) retrieved from /home/airflow/.local/lib/python3.7/site-packages/airflow/example_dags/example_task_group.py
[2023-08-11T08:10:03.482+0000] {logging_mixin.py:150} INFO - [2023-08-11T08:10:03.482+0000] {dag.py:2742} INFO - Sync 1 DAGs
[2023-08-11T08:10:03.510+0000] {logging_mixin.py:150} INFO - [2023-08-11T08:10:03.510+0000] {dag.py:3508} INFO - Setting next_dagrun for example_task_group to 2023-08-10T08:10:03.509896+00:00, run_after=2023-08-11T08:10:03.509896+00:00
[2023-08-11T08:10:03.529+0000] {processor.py:179} INFO - Processing /home/airflow/.local/lib/python3.7/site-packages/airflow/example_dags/example_task_group.py took 0.085 seconds
[2023-08-11T08:10:33.972+0000] {processor.py:157} INFO - Started process (PID=2382) to work on /home/airflow/.local/lib/python3.7/site-packages/airflow/example_dags/example_task_group.py
[2023-08-11T08:10:33.973+0000] {processor.py:826} INFO - Processing file /home/airflow/.local/lib/python3.7/site-packages/airflow/example_dags/example_task_group.py for tasks to queue
[2023-08-11T08:10:33.973+0000] {logging_mixin.py:150} INFO - [2023-08-11T08:10:33.973+0000] {dagbag.py:541} INFO - Filling up the DagBag from /home/airflow/.local/lib/python3.7/site-packages/airflow/example_dags/example_task_group.py
[2023-08-11T08:10:33.981+0000] {processor.py:836} INFO - DAG(s) dict_keys(['example_task_group']) retrieved from /home/airflow/.local/lib/python3.7/site-packages/airflow/example_dags/example_task_group.py
[2023-08-11T08:10:34.008+0000] {logging_mixin.py:150} INFO - [2023-08-11T08:10:34.008+0000] {dag.py:2742} INFO - Sync 1 DAGs
[2023-08-11T08:10:34.031+0000] {logging_mixin.py:150} INFO - [2023-08-11T08:10:34.030+0000] {dag.py:3508} INFO - Setting next_dagrun for example_task_group to 2023-08-10T08:10:34.030787+00:00, run_after=2023-08-11T08:10:34.030787+00:00
[2023-08-11T08:10:34.049+0000] {processor.py:179} INFO - Processing /home/airflow/.local/lib/python3.7/site-packages/airflow/example_dags/example_task_group.py took 0.081 seconds
[2023-08-11T08:11:04.335+0000] {processor.py:157} INFO - Started process (PID=2449) to work on /home/airflow/.local/lib/python3.7/site-packages/airflow/example_dags/example_task_group.py
[2023-08-11T08:11:04.342+0000] {processor.py:826} INFO - Processing file /home/airflow/.local/lib/python3.7/site-packages/airflow/example_dags/example_task_group.py for tasks to queue
[2023-08-11T08:11:04.342+0000] {logging_mixin.py:150} INFO - [2023-08-11T08:11:04.342+0000] {dagbag.py:541} INFO - Filling up the DagBag from /home/airflow/.local/lib/python3.7/site-packages/airflow/example_dags/example_task_group.py
[2023-08-11T08:11:04.351+0000] {processor.py:836} INFO - DAG(s) dict_keys(['example_task_group']) retrieved from /home/airflow/.local/lib/python3.7/site-packages/airflow/example_dags/example_task_group.py
[2023-08-11T08:11:04.378+0000] {logging_mixin.py:150} INFO - [2023-08-11T08:11:04.377+0000] {dag.py:2742} INFO - Sync 1 DAGs
[2023-08-11T08:11:04.401+0000] {logging_mixin.py:150} INFO - [2023-08-11T08:11:04.401+0000] {dag.py:3508} INFO - Setting next_dagrun for example_task_group to 2023-08-10T08:11:04.401140+00:00, run_after=2023-08-11T08:11:04.401140+00:00
[2023-08-11T08:11:04.424+0000] {processor.py:179} INFO - Processing /home/airflow/.local/lib/python3.7/site-packages/airflow/example_dags/example_task_group.py took 0.092 seconds
[2023-08-11T08:11:35.044+0000] {processor.py:157} INFO - Started process (PID=2515) to work on /home/airflow/.local/lib/python3.7/site-packages/airflow/example_dags/example_task_group.py
[2023-08-11T08:11:35.045+0000] {processor.py:826} INFO - Processing file /home/airflow/.local/lib/python3.7/site-packages/airflow/example_dags/example_task_group.py for tasks to queue
[2023-08-11T08:11:35.046+0000] {logging_mixin.py:150} INFO - [2023-08-11T08:11:35.046+0000] {dagbag.py:541} INFO - Filling up the DagBag from /home/airflow/.local/lib/python3.7/site-packages/airflow/example_dags/example_task_group.py
[2023-08-11T08:11:35.053+0000] {processor.py:836} INFO - DAG(s) dict_keys(['example_task_group']) retrieved from /home/airflow/.local/lib/python3.7/site-packages/airflow/example_dags/example_task_group.py
[2023-08-11T08:11:35.080+0000] {logging_mixin.py:150} INFO - [2023-08-11T08:11:35.080+0000] {dag.py:2742} INFO - Sync 1 DAGs
[2023-08-11T08:11:35.108+0000] {logging_mixin.py:150} INFO - [2023-08-11T08:11:35.108+0000] {dag.py:3508} INFO - Setting next_dagrun for example_task_group to 2023-08-10T08:11:35.108082+00:00, run_after=2023-08-11T08:11:35.108082+00:00
[2023-08-11T08:11:35.132+0000] {processor.py:179} INFO - Processing /home/airflow/.local/lib/python3.7/site-packages/airflow/example_dags/example_task_group.py took 0.091 seconds
[2023-08-11T08:12:05.612+0000] {processor.py:157} INFO - Started process (PID=2581) to work on /home/airflow/.local/lib/python3.7/site-packages/airflow/example_dags/example_task_group.py
[2023-08-11T08:12:05.612+0000] {processor.py:826} INFO - Processing file /home/airflow/.local/lib/python3.7/site-packages/airflow/example_dags/example_task_group.py for tasks to queue
[2023-08-11T08:12:05.613+0000] {logging_mixin.py:150} INFO - [2023-08-11T08:12:05.613+0000] {dagbag.py:541} INFO - Filling up the DagBag from /home/airflow/.local/lib/python3.7/site-packages/airflow/example_dags/example_task_group.py
[2023-08-11T08:12:05.620+0000] {processor.py:836} INFO - DAG(s) dict_keys(['example_task_group']) retrieved from /home/airflow/.local/lib/python3.7/site-packages/airflow/example_dags/example_task_group.py
[2023-08-11T08:12:05.644+0000] {logging_mixin.py:150} INFO - [2023-08-11T08:12:05.644+0000] {dag.py:2742} INFO - Sync 1 DAGs
[2023-08-11T08:12:05.667+0000] {logging_mixin.py:150} INFO - [2023-08-11T08:12:05.667+0000] {dag.py:3508} INFO - Setting next_dagrun for example_task_group to 2023-08-10T08:12:05.666833+00:00, run_after=2023-08-11T08:12:05.666833+00:00
[2023-08-11T08:12:05.695+0000] {processor.py:179} INFO - Processing /home/airflow/.local/lib/python3.7/site-packages/airflow/example_dags/example_task_group.py took 0.086 seconds
[2023-08-11T08:12:35.832+0000] {processor.py:157} INFO - Started process (PID=2647) to work on /home/airflow/.local/lib/python3.7/site-packages/airflow/example_dags/example_task_group.py
[2023-08-11T08:12:35.834+0000] {processor.py:826} INFO - Processing file /home/airflow/.local/lib/python3.7/site-packages/airflow/example_dags/example_task_group.py for tasks to queue
[2023-08-11T08:12:35.834+0000] {logging_mixin.py:150} INFO - [2023-08-11T08:12:35.834+0000] {dagbag.py:541} INFO - Filling up the DagBag from /home/airflow/.local/lib/python3.7/site-packages/airflow/example_dags/example_task_group.py
[2023-08-11T08:12:35.846+0000] {processor.py:836} INFO - DAG(s) dict_keys(['example_task_group']) retrieved from /home/airflow/.local/lib/python3.7/site-packages/airflow/example_dags/example_task_group.py
[2023-08-11T08:12:35.875+0000] {logging_mixin.py:150} INFO - [2023-08-11T08:12:35.875+0000] {dag.py:2742} INFO - Sync 1 DAGs
[2023-08-11T08:12:35.902+0000] {logging_mixin.py:150} INFO - [2023-08-11T08:12:35.901+0000] {dag.py:3508} INFO - Setting next_dagrun for example_task_group to 2023-08-10T08:12:35.901536+00:00, run_after=2023-08-11T08:12:35.901536+00:00
[2023-08-11T08:12:35.922+0000] {processor.py:179} INFO - Processing /home/airflow/.local/lib/python3.7/site-packages/airflow/example_dags/example_task_group.py took 0.093 seconds
[2023-08-11T08:13:06.002+0000] {processor.py:157} INFO - Started process (PID=2713) to work on /home/airflow/.local/lib/python3.7/site-packages/airflow/example_dags/example_task_group.py
[2023-08-11T08:13:06.004+0000] {processor.py:826} INFO - Processing file /home/airflow/.local/lib/python3.7/site-packages/airflow/example_dags/example_task_group.py for tasks to queue
[2023-08-11T08:13:06.005+0000] {logging_mixin.py:150} INFO - [2023-08-11T08:13:06.005+0000] {dagbag.py:541} INFO - Filling up the DagBag from /home/airflow/.local/lib/python3.7/site-packages/airflow/example_dags/example_task_group.py
[2023-08-11T08:13:06.022+0000] {processor.py:836} INFO - DAG(s) dict_keys(['example_task_group']) retrieved from /home/airflow/.local/lib/python3.7/site-packages/airflow/example_dags/example_task_group.py
[2023-08-11T08:13:06.085+0000] {logging_mixin.py:150} INFO - [2023-08-11T08:13:06.085+0000] {dag.py:2742} INFO - Sync 1 DAGs
[2023-08-11T08:13:06.152+0000] {logging_mixin.py:150} INFO - [2023-08-11T08:13:06.152+0000] {dag.py:3508} INFO - Setting next_dagrun for example_task_group to 2023-08-10T08:13:06.151984+00:00, run_after=2023-08-11T08:13:06.151984+00:00
[2023-08-11T08:13:06.218+0000] {processor.py:179} INFO - Processing /home/airflow/.local/lib/python3.7/site-packages/airflow/example_dags/example_task_group.py took 0.226 seconds
[2023-08-11T08:13:37.163+0000] {processor.py:157} INFO - Started process (PID=2779) to work on /home/airflow/.local/lib/python3.7/site-packages/airflow/example_dags/example_task_group.py
[2023-08-11T08:13:37.165+0000] {processor.py:826} INFO - Processing file /home/airflow/.local/lib/python3.7/site-packages/airflow/example_dags/example_task_group.py for tasks to queue
[2023-08-11T08:13:37.166+0000] {logging_mixin.py:150} INFO - [2023-08-11T08:13:37.165+0000] {dagbag.py:541} INFO - Filling up the DagBag from /home/airflow/.local/lib/python3.7/site-packages/airflow/example_dags/example_task_group.py
[2023-08-11T08:13:37.172+0000] {processor.py:836} INFO - DAG(s) dict_keys(['example_task_group']) retrieved from /home/airflow/.local/lib/python3.7/site-packages/airflow/example_dags/example_task_group.py
[2023-08-11T08:13:37.234+0000] {logging_mixin.py:150} INFO - [2023-08-11T08:13:37.233+0000] {dag.py:2742} INFO - Sync 1 DAGs
[2023-08-11T08:13:37.256+0000] {logging_mixin.py:150} INFO - [2023-08-11T08:13:37.256+0000] {dag.py:3508} INFO - Setting next_dagrun for example_task_group to 2023-08-10T08:13:37.256308+00:00, run_after=2023-08-11T08:13:37.256308+00:00
[2023-08-11T08:13:37.282+0000] {processor.py:179} INFO - Processing /home/airflow/.local/lib/python3.7/site-packages/airflow/example_dags/example_task_group.py took 0.123 seconds
[2023-08-11T08:14:07.311+0000] {processor.py:157} INFO - Started process (PID=2845) to work on /home/airflow/.local/lib/python3.7/site-packages/airflow/example_dags/example_task_group.py
[2023-08-11T08:14:07.312+0000] {processor.py:826} INFO - Processing file /home/airflow/.local/lib/python3.7/site-packages/airflow/example_dags/example_task_group.py for tasks to queue
[2023-08-11T08:14:07.313+0000] {logging_mixin.py:150} INFO - [2023-08-11T08:14:07.313+0000] {dagbag.py:541} INFO - Filling up the DagBag from /home/airflow/.local/lib/python3.7/site-packages/airflow/example_dags/example_task_group.py
[2023-08-11T08:14:07.320+0000] {processor.py:836} INFO - DAG(s) dict_keys(['example_task_group']) retrieved from /home/airflow/.local/lib/python3.7/site-packages/airflow/example_dags/example_task_group.py
[2023-08-11T08:14:07.344+0000] {logging_mixin.py:150} INFO - [2023-08-11T08:14:07.344+0000] {dag.py:2742} INFO - Sync 1 DAGs
[2023-08-11T08:14:07.366+0000] {logging_mixin.py:150} INFO - [2023-08-11T08:14:07.365+0000] {dag.py:3508} INFO - Setting next_dagrun for example_task_group to 2023-08-10T08:14:07.365657+00:00, run_after=2023-08-11T08:14:07.365657+00:00
[2023-08-11T08:14:07.387+0000] {processor.py:179} INFO - Processing /home/airflow/.local/lib/python3.7/site-packages/airflow/example_dags/example_task_group.py took 0.078 seconds
[2023-08-11T08:14:37.690+0000] {processor.py:157} INFO - Started process (PID=2912) to work on /home/airflow/.local/lib/python3.7/site-packages/airflow/example_dags/example_task_group.py
[2023-08-11T08:14:37.692+0000] {processor.py:826} INFO - Processing file /home/airflow/.local/lib/python3.7/site-packages/airflow/example_dags/example_task_group.py for tasks to queue
[2023-08-11T08:14:37.692+0000] {logging_mixin.py:150} INFO - [2023-08-11T08:14:37.692+0000] {dagbag.py:541} INFO - Filling up the DagBag from /home/airflow/.local/lib/python3.7/site-packages/airflow/example_dags/example_task_group.py
[2023-08-11T08:14:37.700+0000] {processor.py:836} INFO - DAG(s) dict_keys(['example_task_group']) retrieved from /home/airflow/.local/lib/python3.7/site-packages/airflow/example_dags/example_task_group.py
[2023-08-11T08:14:37.721+0000] {logging_mixin.py:150} INFO - [2023-08-11T08:14:37.721+0000] {dag.py:2742} INFO - Sync 1 DAGs
[2023-08-11T08:14:37.742+0000] {logging_mixin.py:150} INFO - [2023-08-11T08:14:37.742+0000] {dag.py:3508} INFO - Setting next_dagrun for example_task_group to 2023-08-10T08:14:37.741845+00:00, run_after=2023-08-11T08:14:37.741845+00:00
[2023-08-11T08:14:37.761+0000] {processor.py:179} INFO - Processing /home/airflow/.local/lib/python3.7/site-packages/airflow/example_dags/example_task_group.py took 0.074 seconds
[2023-08-11T08:15:08.253+0000] {processor.py:157} INFO - Started process (PID=2978) to work on /home/airflow/.local/lib/python3.7/site-packages/airflow/example_dags/example_task_group.py
[2023-08-11T08:15:08.253+0000] {processor.py:826} INFO - Processing file /home/airflow/.local/lib/python3.7/site-packages/airflow/example_dags/example_task_group.py for tasks to queue
[2023-08-11T08:15:08.254+0000] {logging_mixin.py:150} INFO - [2023-08-11T08:15:08.254+0000] {dagbag.py:541} INFO - Filling up the DagBag from /home/airflow/.local/lib/python3.7/site-packages/airflow/example_dags/example_task_group.py
[2023-08-11T08:15:08.261+0000] {processor.py:836} INFO - DAG(s) dict_keys(['example_task_group']) retrieved from /home/airflow/.local/lib/python3.7/site-packages/airflow/example_dags/example_task_group.py
[2023-08-11T08:15:08.287+0000] {logging_mixin.py:150} INFO - [2023-08-11T08:15:08.287+0000] {dag.py:2742} INFO - Sync 1 DAGs
[2023-08-11T08:15:08.311+0000] {logging_mixin.py:150} INFO - [2023-08-11T08:15:08.311+0000] {dag.py:3508} INFO - Setting next_dagrun for example_task_group to 2023-08-10T08:15:08.310921+00:00, run_after=2023-08-11T08:15:08.310921+00:00
[2023-08-11T08:15:08.334+0000] {processor.py:179} INFO - Processing /home/airflow/.local/lib/python3.7/site-packages/airflow/example_dags/example_task_group.py took 0.086 seconds
[2023-08-11T08:15:38.637+0000] {processor.py:157} INFO - Started process (PID=3045) to work on /home/airflow/.local/lib/python3.7/site-packages/airflow/example_dags/example_task_group.py
[2023-08-11T08:15:38.644+0000] {processor.py:826} INFO - Processing file /home/airflow/.local/lib/python3.7/site-packages/airflow/example_dags/example_task_group.py for tasks to queue
[2023-08-11T08:15:38.644+0000] {logging_mixin.py:150} INFO - [2023-08-11T08:15:38.644+0000] {dagbag.py:541} INFO - Filling up the DagBag from /home/airflow/.local/lib/python3.7/site-packages/airflow/example_dags/example_task_group.py
[2023-08-11T08:15:38.651+0000] {processor.py:836} INFO - DAG(s) dict_keys(['example_task_group']) retrieved from /home/airflow/.local/lib/python3.7/site-packages/airflow/example_dags/example_task_group.py
[2023-08-11T08:15:38.679+0000] {logging_mixin.py:150} INFO - [2023-08-11T08:15:38.679+0000] {dag.py:2742} INFO - Sync 1 DAGs
[2023-08-11T08:15:38.704+0000] {logging_mixin.py:150} INFO - [2023-08-11T08:15:38.704+0000] {dag.py:3508} INFO - Setting next_dagrun for example_task_group to 2023-08-10T08:15:38.703861+00:00, run_after=2023-08-11T08:15:38.703861+00:00
[2023-08-11T08:15:38.725+0000] {processor.py:179} INFO - Processing /home/airflow/.local/lib/python3.7/site-packages/airflow/example_dags/example_task_group.py took 0.091 seconds
[2023-08-11T08:16:08.936+0000] {processor.py:157} INFO - Started process (PID=3111) to work on /home/airflow/.local/lib/python3.7/site-packages/airflow/example_dags/example_task_group.py
[2023-08-11T08:16:08.939+0000] {processor.py:826} INFO - Processing file /home/airflow/.local/lib/python3.7/site-packages/airflow/example_dags/example_task_group.py for tasks to queue
[2023-08-11T08:16:08.941+0000] {logging_mixin.py:150} INFO - [2023-08-11T08:16:08.940+0000] {dagbag.py:541} INFO - Filling up the DagBag from /home/airflow/.local/lib/python3.7/site-packages/airflow/example_dags/example_task_group.py
[2023-08-11T08:16:08.949+0000] {processor.py:836} INFO - DAG(s) dict_keys(['example_task_group']) retrieved from /home/airflow/.local/lib/python3.7/site-packages/airflow/example_dags/example_task_group.py
[2023-08-11T08:16:08.977+0000] {logging_mixin.py:150} INFO - [2023-08-11T08:16:08.977+0000] {dag.py:2742} INFO - Sync 1 DAGs
[2023-08-11T08:16:09.004+0000] {logging_mixin.py:150} INFO - [2023-08-11T08:16:09.003+0000] {dag.py:3508} INFO - Setting next_dagrun for example_task_group to 2023-08-10T08:16:09.002860+00:00, run_after=2023-08-11T08:16:09.002860+00:00
[2023-08-11T08:16:09.028+0000] {processor.py:179} INFO - Processing /home/airflow/.local/lib/python3.7/site-packages/airflow/example_dags/example_task_group.py took 0.095 seconds
[2023-08-11T08:16:39.579+0000] {processor.py:157} INFO - Started process (PID=3167) to work on /home/airflow/.local/lib/python3.7/site-packages/airflow/example_dags/example_task_group.py
[2023-08-11T08:16:39.581+0000] {processor.py:826} INFO - Processing file /home/airflow/.local/lib/python3.7/site-packages/airflow/example_dags/example_task_group.py for tasks to queue
[2023-08-11T08:16:39.582+0000] {logging_mixin.py:150} INFO - [2023-08-11T08:16:39.582+0000] {dagbag.py:541} INFO - Filling up the DagBag from /home/airflow/.local/lib/python3.7/site-packages/airflow/example_dags/example_task_group.py
[2023-08-11T08:16:39.592+0000] {processor.py:836} INFO - DAG(s) dict_keys(['example_task_group']) retrieved from /home/airflow/.local/lib/python3.7/site-packages/airflow/example_dags/example_task_group.py
[2023-08-11T08:16:39.626+0000] {logging_mixin.py:150} INFO - [2023-08-11T08:16:39.626+0000] {dag.py:2742} INFO - Sync 1 DAGs
[2023-08-11T08:16:39.665+0000] {logging_mixin.py:150} INFO - [2023-08-11T08:16:39.665+0000] {dag.py:3508} INFO - Setting next_dagrun for example_task_group to 2023-08-10T08:16:39.665474+00:00, run_after=2023-08-11T08:16:39.665474+00:00
[2023-08-11T08:16:39.694+0000] {processor.py:179} INFO - Processing /home/airflow/.local/lib/python3.7/site-packages/airflow/example_dags/example_task_group.py took 0.118 seconds
[2023-08-11T08:17:09.880+0000] {processor.py:157} INFO - Started process (PID=3233) to work on /home/airflow/.local/lib/python3.7/site-packages/airflow/example_dags/example_task_group.py
[2023-08-11T08:17:09.881+0000] {processor.py:826} INFO - Processing file /home/airflow/.local/lib/python3.7/site-packages/airflow/example_dags/example_task_group.py for tasks to queue
[2023-08-11T08:17:09.882+0000] {logging_mixin.py:150} INFO - [2023-08-11T08:17:09.882+0000] {dagbag.py:541} INFO - Filling up the DagBag from /home/airflow/.local/lib/python3.7/site-packages/airflow/example_dags/example_task_group.py
[2023-08-11T08:17:09.896+0000] {processor.py:836} INFO - DAG(s) dict_keys(['example_task_group']) retrieved from /home/airflow/.local/lib/python3.7/site-packages/airflow/example_dags/example_task_group.py
[2023-08-11T08:17:09.936+0000] {logging_mixin.py:150} INFO - [2023-08-11T08:17:09.936+0000] {dag.py:2742} INFO - Sync 1 DAGs
[2023-08-11T08:17:09.965+0000] {logging_mixin.py:150} INFO - [2023-08-11T08:17:09.965+0000] {dag.py:3508} INFO - Setting next_dagrun for example_task_group to 2023-08-10T08:17:09.964840+00:00, run_after=2023-08-11T08:17:09.964840+00:00
[2023-08-11T08:17:09.993+0000] {processor.py:179} INFO - Processing /home/airflow/.local/lib/python3.7/site-packages/airflow/example_dags/example_task_group.py took 0.124 seconds
[2023-08-11T08:17:40.047+0000] {processor.py:157} INFO - Started process (PID=3314) to work on /home/airflow/.local/lib/python3.7/site-packages/airflow/example_dags/example_task_group.py
[2023-08-11T08:17:40.048+0000] {processor.py:826} INFO - Processing file /home/airflow/.local/lib/python3.7/site-packages/airflow/example_dags/example_task_group.py for tasks to queue
[2023-08-11T08:17:40.048+0000] {logging_mixin.py:150} INFO - [2023-08-11T08:17:40.048+0000] {dagbag.py:541} INFO - Filling up the DagBag from /home/airflow/.local/lib/python3.7/site-packages/airflow/example_dags/example_task_group.py
[2023-08-11T08:17:40.056+0000] {processor.py:836} INFO - DAG(s) dict_keys(['example_task_group']) retrieved from /home/airflow/.local/lib/python3.7/site-packages/airflow/example_dags/example_task_group.py
[2023-08-11T08:17:40.084+0000] {logging_mixin.py:150} INFO - [2023-08-11T08:17:40.084+0000] {dag.py:2742} INFO - Sync 1 DAGs
[2023-08-11T08:17:40.108+0000] {logging_mixin.py:150} INFO - [2023-08-11T08:17:40.108+0000] {dag.py:3508} INFO - Setting next_dagrun for example_task_group to 2023-08-10T08:17:40.107949+00:00, run_after=2023-08-11T08:17:40.107949+00:00
[2023-08-11T08:17:40.132+0000] {processor.py:179} INFO - Processing /home/airflow/.local/lib/python3.7/site-packages/airflow/example_dags/example_task_group.py took 0.089 seconds
[2023-08-11T08:18:10.267+0000] {processor.py:157} INFO - Started process (PID=3402) to work on /home/airflow/.local/lib/python3.7/site-packages/airflow/example_dags/example_task_group.py
[2023-08-11T08:18:10.269+0000] {processor.py:826} INFO - Processing file /home/airflow/.local/lib/python3.7/site-packages/airflow/example_dags/example_task_group.py for tasks to queue
[2023-08-11T08:18:10.270+0000] {logging_mixin.py:150} INFO - [2023-08-11T08:18:10.270+0000] {dagbag.py:541} INFO - Filling up the DagBag from /home/airflow/.local/lib/python3.7/site-packages/airflow/example_dags/example_task_group.py
[2023-08-11T08:18:10.278+0000] {processor.py:836} INFO - DAG(s) dict_keys(['example_task_group']) retrieved from /home/airflow/.local/lib/python3.7/site-packages/airflow/example_dags/example_task_group.py
[2023-08-11T08:18:10.301+0000] {logging_mixin.py:150} INFO - [2023-08-11T08:18:10.301+0000] {dag.py:2742} INFO - Sync 1 DAGs
[2023-08-11T08:18:10.323+0000] {logging_mixin.py:150} INFO - [2023-08-11T08:18:10.323+0000] {dag.py:3508} INFO - Setting next_dagrun for example_task_group to 2023-08-10T08:18:10.323143+00:00, run_after=2023-08-11T08:18:10.323143+00:00
[2023-08-11T08:18:10.342+0000] {processor.py:179} INFO - Processing /home/airflow/.local/lib/python3.7/site-packages/airflow/example_dags/example_task_group.py took 0.077 seconds
[2023-08-11T08:18:40.880+0000] {processor.py:157} INFO - Started process (PID=3487) to work on /home/airflow/.local/lib/python3.7/site-packages/airflow/example_dags/example_task_group.py
[2023-08-11T08:18:40.882+0000] {processor.py:826} INFO - Processing file /home/airflow/.local/lib/python3.7/site-packages/airflow/example_dags/example_task_group.py for tasks to queue
[2023-08-11T08:18:40.884+0000] {logging_mixin.py:150} INFO - [2023-08-11T08:18:40.883+0000] {dagbag.py:541} INFO - Filling up the DagBag from /home/airflow/.local/lib/python3.7/site-packages/airflow/example_dags/example_task_group.py
[2023-08-11T08:18:40.912+0000] {processor.py:836} INFO - DAG(s) dict_keys(['example_task_group']) retrieved from /home/airflow/.local/lib/python3.7/site-packages/airflow/example_dags/example_task_group.py
[2023-08-11T08:18:41.015+0000] {logging_mixin.py:150} INFO - [2023-08-11T08:18:41.015+0000] {dag.py:2742} INFO - Sync 1 DAGs
[2023-08-11T08:18:41.156+0000] {logging_mixin.py:150} INFO - [2023-08-11T08:18:41.155+0000] {dag.py:3508} INFO - Setting next_dagrun for example_task_group to 2023-08-10T08:18:41.154434+00:00, run_after=2023-08-11T08:18:41.154434+00:00
[2023-08-11T08:18:41.226+0000] {processor.py:179} INFO - Processing /home/airflow/.local/lib/python3.7/site-packages/airflow/example_dags/example_task_group.py took 0.355 seconds
[2023-08-11T08:19:12.044+0000] {processor.py:157} INFO - Started process (PID=3566) to work on /home/airflow/.local/lib/python3.7/site-packages/airflow/example_dags/example_task_group.py
[2023-08-11T08:19:12.045+0000] {processor.py:826} INFO - Processing file /home/airflow/.local/lib/python3.7/site-packages/airflow/example_dags/example_task_group.py for tasks to queue
[2023-08-11T08:19:12.046+0000] {logging_mixin.py:150} INFO - [2023-08-11T08:19:12.046+0000] {dagbag.py:541} INFO - Filling up the DagBag from /home/airflow/.local/lib/python3.7/site-packages/airflow/example_dags/example_task_group.py
[2023-08-11T08:19:12.057+0000] {processor.py:836} INFO - DAG(s) dict_keys(['example_task_group']) retrieved from /home/airflow/.local/lib/python3.7/site-packages/airflow/example_dags/example_task_group.py
[2023-08-11T08:19:12.087+0000] {logging_mixin.py:150} INFO - [2023-08-11T08:19:12.086+0000] {dag.py:2742} INFO - Sync 1 DAGs
[2023-08-11T08:19:12.114+0000] {logging_mixin.py:150} INFO - [2023-08-11T08:19:12.113+0000] {dag.py:3508} INFO - Setting next_dagrun for example_task_group to 2023-08-10T08:19:12.113254+00:00, run_after=2023-08-11T08:19:12.113254+00:00
[2023-08-11T08:19:12.143+0000] {processor.py:179} INFO - Processing /home/airflow/.local/lib/python3.7/site-packages/airflow/example_dags/example_task_group.py took 0.102 seconds
[2023-08-11T08:19:42.568+0000] {processor.py:157} INFO - Started process (PID=3644) to work on /home/airflow/.local/lib/python3.7/site-packages/airflow/example_dags/example_task_group.py
[2023-08-11T08:19:42.569+0000] {processor.py:826} INFO - Processing file /home/airflow/.local/lib/python3.7/site-packages/airflow/example_dags/example_task_group.py for tasks to queue
[2023-08-11T08:19:42.570+0000] {logging_mixin.py:150} INFO - [2023-08-11T08:19:42.570+0000] {dagbag.py:541} INFO - Filling up the DagBag from /home/airflow/.local/lib/python3.7/site-packages/airflow/example_dags/example_task_group.py
[2023-08-11T08:19:42.577+0000] {processor.py:836} INFO - DAG(s) dict_keys(['example_task_group']) retrieved from /home/airflow/.local/lib/python3.7/site-packages/airflow/example_dags/example_task_group.py
[2023-08-11T08:19:42.605+0000] {logging_mixin.py:150} INFO - [2023-08-11T08:19:42.605+0000] {dag.py:2742} INFO - Sync 1 DAGs
[2023-08-11T08:19:42.630+0000] {logging_mixin.py:150} INFO - [2023-08-11T08:19:42.630+0000] {dag.py:3508} INFO - Setting next_dagrun for example_task_group to 2023-08-10T08:19:42.628920+00:00, run_after=2023-08-11T08:19:42.628920+00:00
[2023-08-11T08:19:42.653+0000] {processor.py:179} INFO - Processing /home/airflow/.local/lib/python3.7/site-packages/airflow/example_dags/example_task_group.py took 0.088 seconds
[2023-08-11T08:20:13.145+0000] {processor.py:157} INFO - Started process (PID=3729) to work on /home/airflow/.local/lib/python3.7/site-packages/airflow/example_dags/example_task_group.py
[2023-08-11T08:20:13.147+0000] {processor.py:826} INFO - Processing file /home/airflow/.local/lib/python3.7/site-packages/airflow/example_dags/example_task_group.py for tasks to queue
[2023-08-11T08:20:13.148+0000] {logging_mixin.py:150} INFO - [2023-08-11T08:20:13.147+0000] {dagbag.py:541} INFO - Filling up the DagBag from /home/airflow/.local/lib/python3.7/site-packages/airflow/example_dags/example_task_group.py
[2023-08-11T08:20:13.157+0000] {processor.py:836} INFO - DAG(s) dict_keys(['example_task_group']) retrieved from /home/airflow/.local/lib/python3.7/site-packages/airflow/example_dags/example_task_group.py
[2023-08-11T08:20:13.186+0000] {logging_mixin.py:150} INFO - [2023-08-11T08:20:13.186+0000] {dag.py:2742} INFO - Sync 1 DAGs
[2023-08-11T08:20:13.211+0000] {logging_mixin.py:150} INFO - [2023-08-11T08:20:13.211+0000] {dag.py:3508} INFO - Setting next_dagrun for example_task_group to 2023-08-10T08:20:13.211081+00:00, run_after=2023-08-11T08:20:13.211081+00:00
[2023-08-11T08:20:13.236+0000] {processor.py:179} INFO - Processing /home/airflow/.local/lib/python3.7/site-packages/airflow/example_dags/example_task_group.py took 0.094 seconds
[2023-08-11T08:20:43.485+0000] {processor.py:157} INFO - Started process (PID=3807) to work on /home/airflow/.local/lib/python3.7/site-packages/airflow/example_dags/example_task_group.py
[2023-08-11T08:20:43.488+0000] {processor.py:826} INFO - Processing file /home/airflow/.local/lib/python3.7/site-packages/airflow/example_dags/example_task_group.py for tasks to queue
[2023-08-11T08:20:43.489+0000] {logging_mixin.py:150} INFO - [2023-08-11T08:20:43.489+0000] {dagbag.py:541} INFO - Filling up the DagBag from /home/airflow/.local/lib/python3.7/site-packages/airflow/example_dags/example_task_group.py
[2023-08-11T08:20:43.513+0000] {processor.py:836} INFO - DAG(s) dict_keys(['example_task_group']) retrieved from /home/airflow/.local/lib/python3.7/site-packages/airflow/example_dags/example_task_group.py
[2023-08-11T08:20:43.567+0000] {logging_mixin.py:150} INFO - [2023-08-11T08:20:43.567+0000] {dag.py:2742} INFO - Sync 1 DAGs
[2023-08-11T08:20:43.614+0000] {logging_mixin.py:150} INFO - [2023-08-11T08:20:43.613+0000] {dag.py:3508} INFO - Setting next_dagrun for example_task_group to 2023-08-10T08:20:43.613433+00:00, run_after=2023-08-11T08:20:43.613433+00:00
[2023-08-11T08:20:43.659+0000] {processor.py:179} INFO - Processing /home/airflow/.local/lib/python3.7/site-packages/airflow/example_dags/example_task_group.py took 0.180 seconds
[2023-08-11T08:21:13.880+0000] {processor.py:157} INFO - Started process (PID=3898) to work on /home/airflow/.local/lib/python3.7/site-packages/airflow/example_dags/example_task_group.py
[2023-08-11T08:21:13.881+0000] {processor.py:826} INFO - Processing file /home/airflow/.local/lib/python3.7/site-packages/airflow/example_dags/example_task_group.py for tasks to queue
[2023-08-11T08:21:13.882+0000] {logging_mixin.py:150} INFO - [2023-08-11T08:21:13.881+0000] {dagbag.py:541} INFO - Filling up the DagBag from /home/airflow/.local/lib/python3.7/site-packages/airflow/example_dags/example_task_group.py
[2023-08-11T08:21:13.892+0000] {processor.py:836} INFO - DAG(s) dict_keys(['example_task_group']) retrieved from /home/airflow/.local/lib/python3.7/site-packages/airflow/example_dags/example_task_group.py
[2023-08-11T08:21:13.918+0000] {logging_mixin.py:150} INFO - [2023-08-11T08:21:13.917+0000] {dag.py:2742} INFO - Sync 1 DAGs
[2023-08-11T08:21:13.945+0000] {logging_mixin.py:150} INFO - [2023-08-11T08:21:13.945+0000] {dag.py:3508} INFO - Setting next_dagrun for example_task_group to 2023-08-10T08:21:13.945305+00:00, run_after=2023-08-11T08:21:13.945305+00:00
[2023-08-11T08:21:13.967+0000] {processor.py:179} INFO - Processing /home/airflow/.local/lib/python3.7/site-packages/airflow/example_dags/example_task_group.py took 0.091 seconds
[2023-08-11T08:21:44.197+0000] {processor.py:157} INFO - Started process (PID=3989) to work on /home/airflow/.local/lib/python3.7/site-packages/airflow/example_dags/example_task_group.py
[2023-08-11T08:21:44.198+0000] {processor.py:826} INFO - Processing file /home/airflow/.local/lib/python3.7/site-packages/airflow/example_dags/example_task_group.py for tasks to queue
[2023-08-11T08:21:44.198+0000] {logging_mixin.py:150} INFO - [2023-08-11T08:21:44.198+0000] {dagbag.py:541} INFO - Filling up the DagBag from /home/airflow/.local/lib/python3.7/site-packages/airflow/example_dags/example_task_group.py
[2023-08-11T08:21:44.210+0000] {processor.py:836} INFO - DAG(s) dict_keys(['example_task_group']) retrieved from /home/airflow/.local/lib/python3.7/site-packages/airflow/example_dags/example_task_group.py
[2023-08-11T08:21:44.233+0000] {logging_mixin.py:150} INFO - [2023-08-11T08:21:44.233+0000] {dag.py:2742} INFO - Sync 1 DAGs
[2023-08-11T08:21:44.260+0000] {logging_mixin.py:150} INFO - [2023-08-11T08:21:44.260+0000] {dag.py:3508} INFO - Setting next_dagrun for example_task_group to 2023-08-10T08:21:44.260373+00:00, run_after=2023-08-11T08:21:44.260373+00:00
[2023-08-11T08:21:44.284+0000] {processor.py:179} INFO - Processing /home/airflow/.local/lib/python3.7/site-packages/airflow/example_dags/example_task_group.py took 0.090 seconds
[2023-08-11T08:22:14.923+0000] {processor.py:157} INFO - Started process (PID=4080) to work on /home/airflow/.local/lib/python3.7/site-packages/airflow/example_dags/example_task_group.py
[2023-08-11T08:22:14.925+0000] {processor.py:826} INFO - Processing file /home/airflow/.local/lib/python3.7/site-packages/airflow/example_dags/example_task_group.py for tasks to queue
[2023-08-11T08:22:14.925+0000] {logging_mixin.py:150} INFO - [2023-08-11T08:22:14.925+0000] {dagbag.py:541} INFO - Filling up the DagBag from /home/airflow/.local/lib/python3.7/site-packages/airflow/example_dags/example_task_group.py
[2023-08-11T08:22:14.937+0000] {processor.py:836} INFO - DAG(s) dict_keys(['example_task_group']) retrieved from /home/airflow/.local/lib/python3.7/site-packages/airflow/example_dags/example_task_group.py
[2023-08-11T08:22:14.983+0000] {logging_mixin.py:150} INFO - [2023-08-11T08:22:14.982+0000] {dag.py:2742} INFO - Sync 1 DAGs
[2023-08-11T08:22:15.049+0000] {logging_mixin.py:150} INFO - [2023-08-11T08:22:15.049+0000] {dag.py:3508} INFO - Setting next_dagrun for example_task_group to 2023-08-10T08:22:15.048795+00:00, run_after=2023-08-11T08:22:15.048795+00:00
[2023-08-11T08:22:15.097+0000] {processor.py:179} INFO - Processing /home/airflow/.local/lib/python3.7/site-packages/airflow/example_dags/example_task_group.py took 0.180 seconds
