[2023-08-11T07:52:46.511+0000] {processor.py:157} INFO - Started process (PID=53) to work on /home/airflow/.local/lib/python3.7/site-packages/airflow/example_dags/example_short_circuit_decorator.py
[2023-08-11T07:52:46.512+0000] {processor.py:826} INFO - Processing file /home/airflow/.local/lib/python3.7/site-packages/airflow/example_dags/example_short_circuit_decorator.py for tasks to queue
[2023-08-11T07:52:46.518+0000] {logging_mixin.py:150} INFO - [2023-08-11T07:52:46.517+0000] {dagbag.py:541} INFO - Filling up the DagBag from /home/airflow/.local/lib/python3.7/site-packages/airflow/example_dags/example_short_circuit_decorator.py
[2023-08-11T07:52:46.588+0000] {processor.py:836} INFO - DAG(s) dict_keys(['example_short_circuit_decorator']) retrieved from /home/airflow/.local/lib/python3.7/site-packages/airflow/example_dags/example_short_circuit_decorator.py
[2023-08-11T07:52:46.625+0000] {logging_mixin.py:150} INFO - [2023-08-11T07:52:46.624+0000] {dag.py:2742} INFO - Sync 1 DAGs
[2023-08-11T07:52:46.739+0000] {logging_mixin.py:150} INFO - [2023-08-11T07:52:46.738+0000] {dag.py:3508} INFO - Setting next_dagrun for example_short_circuit_decorator to 2023-08-10T07:52:46.735926+00:00, run_after=2023-08-11T07:52:46.735926+00:00
[2023-08-11T07:52:46.814+0000] {processor.py:179} INFO - Processing /home/airflow/.local/lib/python3.7/site-packages/airflow/example_dags/example_short_circuit_decorator.py took 0.314 seconds
[2023-08-11T07:53:17.222+0000] {processor.py:157} INFO - Started process (PID=118) to work on /home/airflow/.local/lib/python3.7/site-packages/airflow/example_dags/example_short_circuit_decorator.py
[2023-08-11T07:53:17.223+0000] {processor.py:826} INFO - Processing file /home/airflow/.local/lib/python3.7/site-packages/airflow/example_dags/example_short_circuit_decorator.py for tasks to queue
[2023-08-11T07:53:17.224+0000] {logging_mixin.py:150} INFO - [2023-08-11T07:53:17.224+0000] {dagbag.py:541} INFO - Filling up the DagBag from /home/airflow/.local/lib/python3.7/site-packages/airflow/example_dags/example_short_circuit_decorator.py
[2023-08-11T07:53:17.232+0000] {processor.py:836} INFO - DAG(s) dict_keys(['example_short_circuit_decorator']) retrieved from /home/airflow/.local/lib/python3.7/site-packages/airflow/example_dags/example_short_circuit_decorator.py
[2023-08-11T07:53:17.262+0000] {logging_mixin.py:150} INFO - [2023-08-11T07:53:17.262+0000] {dag.py:2742} INFO - Sync 1 DAGs
[2023-08-11T07:53:17.293+0000] {logging_mixin.py:150} INFO - [2023-08-11T07:53:17.292+0000] {dag.py:3508} INFO - Setting next_dagrun for example_short_circuit_decorator to 2023-08-10T07:53:17.292673+00:00, run_after=2023-08-11T07:53:17.292673+00:00
[2023-08-11T07:53:17.318+0000] {processor.py:179} INFO - Processing /home/airflow/.local/lib/python3.7/site-packages/airflow/example_dags/example_short_circuit_decorator.py took 0.099 seconds
[2023-08-11T07:53:48.095+0000] {processor.py:157} INFO - Started process (PID=183) to work on /home/airflow/.local/lib/python3.7/site-packages/airflow/example_dags/example_short_circuit_decorator.py
[2023-08-11T07:53:48.096+0000] {processor.py:826} INFO - Processing file /home/airflow/.local/lib/python3.7/site-packages/airflow/example_dags/example_short_circuit_decorator.py for tasks to queue
[2023-08-11T07:53:48.097+0000] {logging_mixin.py:150} INFO - [2023-08-11T07:53:48.097+0000] {dagbag.py:541} INFO - Filling up the DagBag from /home/airflow/.local/lib/python3.7/site-packages/airflow/example_dags/example_short_circuit_decorator.py
[2023-08-11T07:53:48.112+0000] {processor.py:836} INFO - DAG(s) dict_keys(['example_short_circuit_decorator']) retrieved from /home/airflow/.local/lib/python3.7/site-packages/airflow/example_dags/example_short_circuit_decorator.py
[2023-08-11T07:53:48.158+0000] {logging_mixin.py:150} INFO - [2023-08-11T07:53:48.158+0000] {dag.py:2742} INFO - Sync 1 DAGs
[2023-08-11T07:53:48.195+0000] {logging_mixin.py:150} INFO - [2023-08-11T07:53:48.195+0000] {dag.py:3508} INFO - Setting next_dagrun for example_short_circuit_decorator to 2023-08-10T07:53:48.194896+00:00, run_after=2023-08-11T07:53:48.194896+00:00
[2023-08-11T07:53:48.225+0000] {processor.py:179} INFO - Processing /home/airflow/.local/lib/python3.7/site-packages/airflow/example_dags/example_short_circuit_decorator.py took 0.134 seconds
[2023-08-11T07:54:18.849+0000] {processor.py:157} INFO - Started process (PID=248) to work on /home/airflow/.local/lib/python3.7/site-packages/airflow/example_dags/example_short_circuit_decorator.py
[2023-08-11T07:54:18.850+0000] {processor.py:826} INFO - Processing file /home/airflow/.local/lib/python3.7/site-packages/airflow/example_dags/example_short_circuit_decorator.py for tasks to queue
[2023-08-11T07:54:18.851+0000] {logging_mixin.py:150} INFO - [2023-08-11T07:54:18.851+0000] {dagbag.py:541} INFO - Filling up the DagBag from /home/airflow/.local/lib/python3.7/site-packages/airflow/example_dags/example_short_circuit_decorator.py
[2023-08-11T07:54:18.862+0000] {processor.py:836} INFO - DAG(s) dict_keys(['example_short_circuit_decorator']) retrieved from /home/airflow/.local/lib/python3.7/site-packages/airflow/example_dags/example_short_circuit_decorator.py
[2023-08-11T07:54:18.895+0000] {logging_mixin.py:150} INFO - [2023-08-11T07:54:18.895+0000] {dag.py:2742} INFO - Sync 1 DAGs
[2023-08-11T07:54:18.921+0000] {logging_mixin.py:150} INFO - [2023-08-11T07:54:18.921+0000] {dag.py:3508} INFO - Setting next_dagrun for example_short_circuit_decorator to 2023-08-10T07:54:18.920710+00:00, run_after=2023-08-11T07:54:18.920710+00:00
[2023-08-11T07:54:18.950+0000] {processor.py:179} INFO - Processing /home/airflow/.local/lib/python3.7/site-packages/airflow/example_dags/example_short_circuit_decorator.py took 0.104 seconds
[2023-08-11T07:54:49.424+0000] {processor.py:157} INFO - Started process (PID=313) to work on /home/airflow/.local/lib/python3.7/site-packages/airflow/example_dags/example_short_circuit_decorator.py
[2023-08-11T07:54:49.425+0000] {processor.py:826} INFO - Processing file /home/airflow/.local/lib/python3.7/site-packages/airflow/example_dags/example_short_circuit_decorator.py for tasks to queue
[2023-08-11T07:54:49.426+0000] {logging_mixin.py:150} INFO - [2023-08-11T07:54:49.426+0000] {dagbag.py:541} INFO - Filling up the DagBag from /home/airflow/.local/lib/python3.7/site-packages/airflow/example_dags/example_short_circuit_decorator.py
[2023-08-11T07:54:49.441+0000] {processor.py:836} INFO - DAG(s) dict_keys(['example_short_circuit_decorator']) retrieved from /home/airflow/.local/lib/python3.7/site-packages/airflow/example_dags/example_short_circuit_decorator.py
[2023-08-11T07:54:49.479+0000] {logging_mixin.py:150} INFO - [2023-08-11T07:54:49.479+0000] {dag.py:2742} INFO - Sync 1 DAGs
[2023-08-11T07:54:49.523+0000] {logging_mixin.py:150} INFO - [2023-08-11T07:54:49.523+0000] {dag.py:3508} INFO - Setting next_dagrun for example_short_circuit_decorator to 2023-08-10T07:54:49.522783+00:00, run_after=2023-08-11T07:54:49.522783+00:00
[2023-08-11T07:54:49.567+0000] {processor.py:179} INFO - Processing /home/airflow/.local/lib/python3.7/site-packages/airflow/example_dags/example_short_circuit_decorator.py took 0.150 seconds
[2023-08-11T07:55:19.839+0000] {processor.py:157} INFO - Started process (PID=379) to work on /home/airflow/.local/lib/python3.7/site-packages/airflow/example_dags/example_short_circuit_decorator.py
[2023-08-11T07:55:19.841+0000] {processor.py:826} INFO - Processing file /home/airflow/.local/lib/python3.7/site-packages/airflow/example_dags/example_short_circuit_decorator.py for tasks to queue
[2023-08-11T07:55:19.842+0000] {logging_mixin.py:150} INFO - [2023-08-11T07:55:19.842+0000] {dagbag.py:541} INFO - Filling up the DagBag from /home/airflow/.local/lib/python3.7/site-packages/airflow/example_dags/example_short_circuit_decorator.py
[2023-08-11T07:55:19.854+0000] {processor.py:836} INFO - DAG(s) dict_keys(['example_short_circuit_decorator']) retrieved from /home/airflow/.local/lib/python3.7/site-packages/airflow/example_dags/example_short_circuit_decorator.py
[2023-08-11T07:55:19.882+0000] {logging_mixin.py:150} INFO - [2023-08-11T07:55:19.882+0000] {dag.py:2742} INFO - Sync 1 DAGs
[2023-08-11T07:55:19.907+0000] {logging_mixin.py:150} INFO - [2023-08-11T07:55:19.907+0000] {dag.py:3508} INFO - Setting next_dagrun for example_short_circuit_decorator to 2023-08-10T07:55:19.906448+00:00, run_after=2023-08-11T07:55:19.906448+00:00
[2023-08-11T07:55:19.928+0000] {processor.py:179} INFO - Processing /home/airflow/.local/lib/python3.7/site-packages/airflow/example_dags/example_short_circuit_decorator.py took 0.092 seconds
[2023-08-11T07:55:50.481+0000] {processor.py:157} INFO - Started process (PID=444) to work on /home/airflow/.local/lib/python3.7/site-packages/airflow/example_dags/example_short_circuit_decorator.py
[2023-08-11T07:55:50.482+0000] {processor.py:826} INFO - Processing file /home/airflow/.local/lib/python3.7/site-packages/airflow/example_dags/example_short_circuit_decorator.py for tasks to queue
[2023-08-11T07:55:50.483+0000] {logging_mixin.py:150} INFO - [2023-08-11T07:55:50.482+0000] {dagbag.py:541} INFO - Filling up the DagBag from /home/airflow/.local/lib/python3.7/site-packages/airflow/example_dags/example_short_circuit_decorator.py
[2023-08-11T07:55:50.494+0000] {processor.py:836} INFO - DAG(s) dict_keys(['example_short_circuit_decorator']) retrieved from /home/airflow/.local/lib/python3.7/site-packages/airflow/example_dags/example_short_circuit_decorator.py
[2023-08-11T07:55:50.524+0000] {logging_mixin.py:150} INFO - [2023-08-11T07:55:50.524+0000] {dag.py:2742} INFO - Sync 1 DAGs
[2023-08-11T07:55:50.552+0000] {logging_mixin.py:150} INFO - [2023-08-11T07:55:50.552+0000] {dag.py:3508} INFO - Setting next_dagrun for example_short_circuit_decorator to 2023-08-10T07:55:50.552313+00:00, run_after=2023-08-11T07:55:50.552313+00:00
[2023-08-11T07:55:50.576+0000] {processor.py:179} INFO - Processing /home/airflow/.local/lib/python3.7/site-packages/airflow/example_dags/example_short_circuit_decorator.py took 0.098 seconds
[2023-08-11T07:56:20.746+0000] {processor.py:157} INFO - Started process (PID=509) to work on /home/airflow/.local/lib/python3.7/site-packages/airflow/example_dags/example_short_circuit_decorator.py
[2023-08-11T07:56:20.748+0000] {processor.py:826} INFO - Processing file /home/airflow/.local/lib/python3.7/site-packages/airflow/example_dags/example_short_circuit_decorator.py for tasks to queue
[2023-08-11T07:56:20.751+0000] {logging_mixin.py:150} INFO - [2023-08-11T07:56:20.750+0000] {dagbag.py:541} INFO - Filling up the DagBag from /home/airflow/.local/lib/python3.7/site-packages/airflow/example_dags/example_short_circuit_decorator.py
[2023-08-11T07:56:20.776+0000] {processor.py:836} INFO - DAG(s) dict_keys(['example_short_circuit_decorator']) retrieved from /home/airflow/.local/lib/python3.7/site-packages/airflow/example_dags/example_short_circuit_decorator.py
[2023-08-11T07:56:20.898+0000] {logging_mixin.py:150} INFO - [2023-08-11T07:56:20.898+0000] {dag.py:2742} INFO - Sync 1 DAGs
[2023-08-11T07:56:20.950+0000] {logging_mixin.py:150} INFO - [2023-08-11T07:56:20.949+0000] {dag.py:3508} INFO - Setting next_dagrun for example_short_circuit_decorator to 2023-08-10T07:56:20.949499+00:00, run_after=2023-08-11T07:56:20.949499+00:00
[2023-08-11T07:56:20.976+0000] {processor.py:179} INFO - Processing /home/airflow/.local/lib/python3.7/site-packages/airflow/example_dags/example_short_circuit_decorator.py took 0.235 seconds
[2023-08-11T07:56:52.232+0000] {processor.py:157} INFO - Started process (PID=574) to work on /home/airflow/.local/lib/python3.7/site-packages/airflow/example_dags/example_short_circuit_decorator.py
[2023-08-11T07:56:52.233+0000] {processor.py:826} INFO - Processing file /home/airflow/.local/lib/python3.7/site-packages/airflow/example_dags/example_short_circuit_decorator.py for tasks to queue
[2023-08-11T07:56:52.234+0000] {logging_mixin.py:150} INFO - [2023-08-11T07:56:52.234+0000] {dagbag.py:541} INFO - Filling up the DagBag from /home/airflow/.local/lib/python3.7/site-packages/airflow/example_dags/example_short_circuit_decorator.py
[2023-08-11T07:56:52.249+0000] {processor.py:836} INFO - DAG(s) dict_keys(['example_short_circuit_decorator']) retrieved from /home/airflow/.local/lib/python3.7/site-packages/airflow/example_dags/example_short_circuit_decorator.py
[2023-08-11T07:56:52.305+0000] {logging_mixin.py:150} INFO - [2023-08-11T07:56:52.304+0000] {dag.py:2742} INFO - Sync 1 DAGs
[2023-08-11T07:56:52.359+0000] {logging_mixin.py:150} INFO - [2023-08-11T07:56:52.358+0000] {dag.py:3508} INFO - Setting next_dagrun for example_short_circuit_decorator to 2023-08-10T07:56:52.357897+00:00, run_after=2023-08-11T07:56:52.357897+00:00
[2023-08-11T07:56:52.420+0000] {processor.py:179} INFO - Processing /home/airflow/.local/lib/python3.7/site-packages/airflow/example_dags/example_short_circuit_decorator.py took 0.194 seconds
[2023-08-11T07:57:22.975+0000] {processor.py:157} INFO - Started process (PID=638) to work on /home/airflow/.local/lib/python3.7/site-packages/airflow/example_dags/example_short_circuit_decorator.py
[2023-08-11T07:57:22.976+0000] {processor.py:826} INFO - Processing file /home/airflow/.local/lib/python3.7/site-packages/airflow/example_dags/example_short_circuit_decorator.py for tasks to queue
[2023-08-11T07:57:22.978+0000] {logging_mixin.py:150} INFO - [2023-08-11T07:57:22.977+0000] {dagbag.py:541} INFO - Filling up the DagBag from /home/airflow/.local/lib/python3.7/site-packages/airflow/example_dags/example_short_circuit_decorator.py
[2023-08-11T07:57:22.988+0000] {processor.py:836} INFO - DAG(s) dict_keys(['example_short_circuit_decorator']) retrieved from /home/airflow/.local/lib/python3.7/site-packages/airflow/example_dags/example_short_circuit_decorator.py
[2023-08-11T07:57:23.025+0000] {logging_mixin.py:150} INFO - [2023-08-11T07:57:23.025+0000] {dag.py:2742} INFO - Sync 1 DAGs
[2023-08-11T07:57:23.056+0000] {logging_mixin.py:150} INFO - [2023-08-11T07:57:23.056+0000] {dag.py:3508} INFO - Setting next_dagrun for example_short_circuit_decorator to 2023-08-10T07:57:23.056201+00:00, run_after=2023-08-11T07:57:23.056201+00:00
[2023-08-11T07:57:23.087+0000] {processor.py:179} INFO - Processing /home/airflow/.local/lib/python3.7/site-packages/airflow/example_dags/example_short_circuit_decorator.py took 0.116 seconds
[2023-08-11T07:57:54.352+0000] {processor.py:157} INFO - Started process (PID=705) to work on /home/airflow/.local/lib/python3.7/site-packages/airflow/example_dags/example_short_circuit_decorator.py
[2023-08-11T07:57:54.362+0000] {processor.py:826} INFO - Processing file /home/airflow/.local/lib/python3.7/site-packages/airflow/example_dags/example_short_circuit_decorator.py for tasks to queue
[2023-08-11T07:57:54.365+0000] {logging_mixin.py:150} INFO - [2023-08-11T07:57:54.364+0000] {dagbag.py:541} INFO - Filling up the DagBag from /home/airflow/.local/lib/python3.7/site-packages/airflow/example_dags/example_short_circuit_decorator.py
[2023-08-11T07:57:54.378+0000] {processor.py:836} INFO - DAG(s) dict_keys(['example_short_circuit_decorator']) retrieved from /home/airflow/.local/lib/python3.7/site-packages/airflow/example_dags/example_short_circuit_decorator.py
[2023-08-11T07:57:54.419+0000] {logging_mixin.py:150} INFO - [2023-08-11T07:57:54.418+0000] {dag.py:2742} INFO - Sync 1 DAGs
[2023-08-11T07:57:54.460+0000] {logging_mixin.py:150} INFO - [2023-08-11T07:57:54.460+0000] {dag.py:3508} INFO - Setting next_dagrun for example_short_circuit_decorator to 2023-08-10T07:57:54.459771+00:00, run_after=2023-08-11T07:57:54.459771+00:00
[2023-08-11T07:57:54.501+0000] {processor.py:179} INFO - Processing /home/airflow/.local/lib/python3.7/site-packages/airflow/example_dags/example_short_circuit_decorator.py took 0.156 seconds
[2023-08-11T07:58:24.773+0000] {processor.py:157} INFO - Started process (PID=771) to work on /home/airflow/.local/lib/python3.7/site-packages/airflow/example_dags/example_short_circuit_decorator.py
[2023-08-11T07:58:24.774+0000] {processor.py:826} INFO - Processing file /home/airflow/.local/lib/python3.7/site-packages/airflow/example_dags/example_short_circuit_decorator.py for tasks to queue
[2023-08-11T07:58:24.774+0000] {logging_mixin.py:150} INFO - [2023-08-11T07:58:24.774+0000] {dagbag.py:541} INFO - Filling up the DagBag from /home/airflow/.local/lib/python3.7/site-packages/airflow/example_dags/example_short_circuit_decorator.py
[2023-08-11T07:58:24.784+0000] {processor.py:836} INFO - DAG(s) dict_keys(['example_short_circuit_decorator']) retrieved from /home/airflow/.local/lib/python3.7/site-packages/airflow/example_dags/example_short_circuit_decorator.py
[2023-08-11T07:58:24.811+0000] {logging_mixin.py:150} INFO - [2023-08-11T07:58:24.811+0000] {dag.py:2742} INFO - Sync 1 DAGs
[2023-08-11T07:58:24.836+0000] {logging_mixin.py:150} INFO - [2023-08-11T07:58:24.836+0000] {dag.py:3508} INFO - Setting next_dagrun for example_short_circuit_decorator to 2023-08-10T07:58:24.836273+00:00, run_after=2023-08-11T07:58:24.836273+00:00
[2023-08-11T07:58:24.866+0000] {processor.py:179} INFO - Processing /home/airflow/.local/lib/python3.7/site-packages/airflow/example_dags/example_short_circuit_decorator.py took 0.095 seconds
[2023-08-11T07:58:55.092+0000] {processor.py:157} INFO - Started process (PID=837) to work on /home/airflow/.local/lib/python3.7/site-packages/airflow/example_dags/example_short_circuit_decorator.py
[2023-08-11T07:58:55.093+0000] {processor.py:826} INFO - Processing file /home/airflow/.local/lib/python3.7/site-packages/airflow/example_dags/example_short_circuit_decorator.py for tasks to queue
[2023-08-11T07:58:55.094+0000] {logging_mixin.py:150} INFO - [2023-08-11T07:58:55.094+0000] {dagbag.py:541} INFO - Filling up the DagBag from /home/airflow/.local/lib/python3.7/site-packages/airflow/example_dags/example_short_circuit_decorator.py
[2023-08-11T07:58:55.104+0000] {processor.py:836} INFO - DAG(s) dict_keys(['example_short_circuit_decorator']) retrieved from /home/airflow/.local/lib/python3.7/site-packages/airflow/example_dags/example_short_circuit_decorator.py
[2023-08-11T07:58:55.129+0000] {logging_mixin.py:150} INFO - [2023-08-11T07:58:55.129+0000] {dag.py:2742} INFO - Sync 1 DAGs
[2023-08-11T07:58:55.159+0000] {logging_mixin.py:150} INFO - [2023-08-11T07:58:55.159+0000] {dag.py:3508} INFO - Setting next_dagrun for example_short_circuit_decorator to 2023-08-10T07:58:55.158998+00:00, run_after=2023-08-11T07:58:55.158998+00:00
[2023-08-11T07:58:55.181+0000] {processor.py:179} INFO - Processing /home/airflow/.local/lib/python3.7/site-packages/airflow/example_dags/example_short_circuit_decorator.py took 0.092 seconds
[2023-08-11T07:59:25.845+0000] {processor.py:157} INFO - Started process (PID=903) to work on /home/airflow/.local/lib/python3.7/site-packages/airflow/example_dags/example_short_circuit_decorator.py
[2023-08-11T07:59:25.847+0000] {processor.py:826} INFO - Processing file /home/airflow/.local/lib/python3.7/site-packages/airflow/example_dags/example_short_circuit_decorator.py for tasks to queue
[2023-08-11T07:59:25.848+0000] {logging_mixin.py:150} INFO - [2023-08-11T07:59:25.848+0000] {dagbag.py:541} INFO - Filling up the DagBag from /home/airflow/.local/lib/python3.7/site-packages/airflow/example_dags/example_short_circuit_decorator.py
[2023-08-11T07:59:25.863+0000] {processor.py:836} INFO - DAG(s) dict_keys(['example_short_circuit_decorator']) retrieved from /home/airflow/.local/lib/python3.7/site-packages/airflow/example_dags/example_short_circuit_decorator.py
[2023-08-11T07:59:25.887+0000] {logging_mixin.py:150} INFO - [2023-08-11T07:59:25.887+0000] {dag.py:2742} INFO - Sync 1 DAGs
[2023-08-11T07:59:25.930+0000] {logging_mixin.py:150} INFO - [2023-08-11T07:59:25.929+0000] {dag.py:3508} INFO - Setting next_dagrun for example_short_circuit_decorator to 2023-08-10T07:59:25.929440+00:00, run_after=2023-08-11T07:59:25.929440+00:00
[2023-08-11T07:59:25.974+0000] {processor.py:179} INFO - Processing /home/airflow/.local/lib/python3.7/site-packages/airflow/example_dags/example_short_circuit_decorator.py took 0.133 seconds
[2023-08-11T07:59:56.954+0000] {processor.py:157} INFO - Started process (PID=972) to work on /home/airflow/.local/lib/python3.7/site-packages/airflow/example_dags/example_short_circuit_decorator.py
[2023-08-11T07:59:56.955+0000] {processor.py:826} INFO - Processing file /home/airflow/.local/lib/python3.7/site-packages/airflow/example_dags/example_short_circuit_decorator.py for tasks to queue
[2023-08-11T07:59:56.955+0000] {logging_mixin.py:150} INFO - [2023-08-11T07:59:56.955+0000] {dagbag.py:541} INFO - Filling up the DagBag from /home/airflow/.local/lib/python3.7/site-packages/airflow/example_dags/example_short_circuit_decorator.py
[2023-08-11T07:59:56.964+0000] {processor.py:836} INFO - DAG(s) dict_keys(['example_short_circuit_decorator']) retrieved from /home/airflow/.local/lib/python3.7/site-packages/airflow/example_dags/example_short_circuit_decorator.py
[2023-08-11T07:59:56.994+0000] {logging_mixin.py:150} INFO - [2023-08-11T07:59:56.994+0000] {dag.py:2742} INFO - Sync 1 DAGs
[2023-08-11T07:59:57.020+0000] {logging_mixin.py:150} INFO - [2023-08-11T07:59:57.020+0000] {dag.py:3508} INFO - Setting next_dagrun for example_short_circuit_decorator to 2023-08-10T07:59:57.020359+00:00, run_after=2023-08-11T07:59:57.020359+00:00
[2023-08-11T07:59:57.043+0000] {processor.py:179} INFO - Processing /home/airflow/.local/lib/python3.7/site-packages/airflow/example_dags/example_short_circuit_decorator.py took 0.094 seconds
[2023-08-11T08:00:27.573+0000] {processor.py:157} INFO - Started process (PID=1043) to work on /home/airflow/.local/lib/python3.7/site-packages/airflow/example_dags/example_short_circuit_decorator.py
[2023-08-11T08:00:27.575+0000] {processor.py:826} INFO - Processing file /home/airflow/.local/lib/python3.7/site-packages/airflow/example_dags/example_short_circuit_decorator.py for tasks to queue
[2023-08-11T08:00:27.575+0000] {logging_mixin.py:150} INFO - [2023-08-11T08:00:27.575+0000] {dagbag.py:541} INFO - Filling up the DagBag from /home/airflow/.local/lib/python3.7/site-packages/airflow/example_dags/example_short_circuit_decorator.py
[2023-08-11T08:00:27.585+0000] {processor.py:836} INFO - DAG(s) dict_keys(['example_short_circuit_decorator']) retrieved from /home/airflow/.local/lib/python3.7/site-packages/airflow/example_dags/example_short_circuit_decorator.py
[2023-08-11T08:00:27.615+0000] {logging_mixin.py:150} INFO - [2023-08-11T08:00:27.615+0000] {dag.py:2742} INFO - Sync 1 DAGs
[2023-08-11T08:00:27.641+0000] {logging_mixin.py:150} INFO - [2023-08-11T08:00:27.641+0000] {dag.py:3508} INFO - Setting next_dagrun for example_short_circuit_decorator to 2023-08-10T08:00:27.641181+00:00, run_after=2023-08-11T08:00:27.641181+00:00
[2023-08-11T08:00:27.668+0000] {processor.py:179} INFO - Processing /home/airflow/.local/lib/python3.7/site-packages/airflow/example_dags/example_short_circuit_decorator.py took 0.098 seconds
[2023-08-11T08:00:58.344+0000] {processor.py:157} INFO - Started process (PID=1109) to work on /home/airflow/.local/lib/python3.7/site-packages/airflow/example_dags/example_short_circuit_decorator.py
[2023-08-11T08:00:58.345+0000] {processor.py:826} INFO - Processing file /home/airflow/.local/lib/python3.7/site-packages/airflow/example_dags/example_short_circuit_decorator.py for tasks to queue
[2023-08-11T08:00:58.346+0000] {logging_mixin.py:150} INFO - [2023-08-11T08:00:58.345+0000] {dagbag.py:541} INFO - Filling up the DagBag from /home/airflow/.local/lib/python3.7/site-packages/airflow/example_dags/example_short_circuit_decorator.py
[2023-08-11T08:00:58.354+0000] {processor.py:836} INFO - DAG(s) dict_keys(['example_short_circuit_decorator']) retrieved from /home/airflow/.local/lib/python3.7/site-packages/airflow/example_dags/example_short_circuit_decorator.py
[2023-08-11T08:00:58.381+0000] {logging_mixin.py:150} INFO - [2023-08-11T08:00:58.381+0000] {dag.py:2742} INFO - Sync 1 DAGs
[2023-08-11T08:00:58.410+0000] {logging_mixin.py:150} INFO - [2023-08-11T08:00:58.409+0000] {dag.py:3508} INFO - Setting next_dagrun for example_short_circuit_decorator to 2023-08-10T08:00:58.409544+00:00, run_after=2023-08-11T08:00:58.409544+00:00
[2023-08-11T08:00:58.437+0000] {processor.py:179} INFO - Processing /home/airflow/.local/lib/python3.7/site-packages/airflow/example_dags/example_short_circuit_decorator.py took 0.096 seconds
[2023-08-11T08:01:28.706+0000] {processor.py:157} INFO - Started process (PID=1177) to work on /home/airflow/.local/lib/python3.7/site-packages/airflow/example_dags/example_short_circuit_decorator.py
[2023-08-11T08:01:28.710+0000] {processor.py:826} INFO - Processing file /home/airflow/.local/lib/python3.7/site-packages/airflow/example_dags/example_short_circuit_decorator.py for tasks to queue
[2023-08-11T08:01:28.712+0000] {logging_mixin.py:150} INFO - [2023-08-11T08:01:28.711+0000] {dagbag.py:541} INFO - Filling up the DagBag from /home/airflow/.local/lib/python3.7/site-packages/airflow/example_dags/example_short_circuit_decorator.py
[2023-08-11T08:01:28.721+0000] {processor.py:836} INFO - DAG(s) dict_keys(['example_short_circuit_decorator']) retrieved from /home/airflow/.local/lib/python3.7/site-packages/airflow/example_dags/example_short_circuit_decorator.py
[2023-08-11T08:01:28.752+0000] {logging_mixin.py:150} INFO - [2023-08-11T08:01:28.752+0000] {dag.py:2742} INFO - Sync 1 DAGs
[2023-08-11T08:01:28.779+0000] {logging_mixin.py:150} INFO - [2023-08-11T08:01:28.779+0000] {dag.py:3508} INFO - Setting next_dagrun for example_short_circuit_decorator to 2023-08-10T08:01:28.779180+00:00, run_after=2023-08-11T08:01:28.779180+00:00
[2023-08-11T08:01:28.803+0000] {processor.py:179} INFO - Processing /home/airflow/.local/lib/python3.7/site-packages/airflow/example_dags/example_short_circuit_decorator.py took 0.100 seconds
[2023-08-11T08:01:58.981+0000] {processor.py:157} INFO - Started process (PID=1243) to work on /home/airflow/.local/lib/python3.7/site-packages/airflow/example_dags/example_short_circuit_decorator.py
[2023-08-11T08:01:58.982+0000] {processor.py:826} INFO - Processing file /home/airflow/.local/lib/python3.7/site-packages/airflow/example_dags/example_short_circuit_decorator.py for tasks to queue
[2023-08-11T08:01:58.983+0000] {logging_mixin.py:150} INFO - [2023-08-11T08:01:58.983+0000] {dagbag.py:541} INFO - Filling up the DagBag from /home/airflow/.local/lib/python3.7/site-packages/airflow/example_dags/example_short_circuit_decorator.py
[2023-08-11T08:01:58.998+0000] {processor.py:836} INFO - DAG(s) dict_keys(['example_short_circuit_decorator']) retrieved from /home/airflow/.local/lib/python3.7/site-packages/airflow/example_dags/example_short_circuit_decorator.py
[2023-08-11T08:01:59.032+0000] {logging_mixin.py:150} INFO - [2023-08-11T08:01:59.032+0000] {dag.py:2742} INFO - Sync 1 DAGs
[2023-08-11T08:01:59.063+0000] {logging_mixin.py:150} INFO - [2023-08-11T08:01:59.063+0000] {dag.py:3508} INFO - Setting next_dagrun for example_short_circuit_decorator to 2023-08-10T08:01:59.063376+00:00, run_after=2023-08-11T08:01:59.063376+00:00
[2023-08-11T08:01:59.085+0000] {processor.py:179} INFO - Processing /home/airflow/.local/lib/python3.7/site-packages/airflow/example_dags/example_short_circuit_decorator.py took 0.108 seconds
[2023-08-11T08:02:29.234+0000] {processor.py:157} INFO - Started process (PID=1312) to work on /home/airflow/.local/lib/python3.7/site-packages/airflow/example_dags/example_short_circuit_decorator.py
[2023-08-11T08:02:29.242+0000] {processor.py:826} INFO - Processing file /home/airflow/.local/lib/python3.7/site-packages/airflow/example_dags/example_short_circuit_decorator.py for tasks to queue
[2023-08-11T08:02:29.242+0000] {logging_mixin.py:150} INFO - [2023-08-11T08:02:29.242+0000] {dagbag.py:541} INFO - Filling up the DagBag from /home/airflow/.local/lib/python3.7/site-packages/airflow/example_dags/example_short_circuit_decorator.py
[2023-08-11T08:02:29.252+0000] {processor.py:836} INFO - DAG(s) dict_keys(['example_short_circuit_decorator']) retrieved from /home/airflow/.local/lib/python3.7/site-packages/airflow/example_dags/example_short_circuit_decorator.py
[2023-08-11T08:02:29.281+0000] {logging_mixin.py:150} INFO - [2023-08-11T08:02:29.281+0000] {dag.py:2742} INFO - Sync 1 DAGs
[2023-08-11T08:02:29.307+0000] {logging_mixin.py:150} INFO - [2023-08-11T08:02:29.307+0000] {dag.py:3508} INFO - Setting next_dagrun for example_short_circuit_decorator to 2023-08-10T08:02:29.306982+00:00, run_after=2023-08-11T08:02:29.306982+00:00
[2023-08-11T08:02:29.333+0000] {processor.py:179} INFO - Processing /home/airflow/.local/lib/python3.7/site-packages/airflow/example_dags/example_short_circuit_decorator.py took 0.101 seconds
[2023-08-11T08:02:59.900+0000] {processor.py:157} INFO - Started process (PID=1378) to work on /home/airflow/.local/lib/python3.7/site-packages/airflow/example_dags/example_short_circuit_decorator.py
[2023-08-11T08:02:59.901+0000] {processor.py:826} INFO - Processing file /home/airflow/.local/lib/python3.7/site-packages/airflow/example_dags/example_short_circuit_decorator.py for tasks to queue
[2023-08-11T08:02:59.901+0000] {logging_mixin.py:150} INFO - [2023-08-11T08:02:59.901+0000] {dagbag.py:541} INFO - Filling up the DagBag from /home/airflow/.local/lib/python3.7/site-packages/airflow/example_dags/example_short_circuit_decorator.py
[2023-08-11T08:02:59.913+0000] {processor.py:836} INFO - DAG(s) dict_keys(['example_short_circuit_decorator']) retrieved from /home/airflow/.local/lib/python3.7/site-packages/airflow/example_dags/example_short_circuit_decorator.py
[2023-08-11T08:02:59.946+0000] {logging_mixin.py:150} INFO - [2023-08-11T08:02:59.946+0000] {dag.py:2742} INFO - Sync 1 DAGs
[2023-08-11T08:02:59.975+0000] {logging_mixin.py:150} INFO - [2023-08-11T08:02:59.975+0000] {dag.py:3508} INFO - Setting next_dagrun for example_short_circuit_decorator to 2023-08-10T08:02:59.974653+00:00, run_after=2023-08-11T08:02:59.974653+00:00
[2023-08-11T08:03:00.004+0000] {processor.py:179} INFO - Processing /home/airflow/.local/lib/python3.7/site-packages/airflow/example_dags/example_short_circuit_decorator.py took 0.108 seconds
[2023-08-11T08:03:30.322+0000] {processor.py:157} INFO - Started process (PID=1445) to work on /home/airflow/.local/lib/python3.7/site-packages/airflow/example_dags/example_short_circuit_decorator.py
[2023-08-11T08:03:30.324+0000] {processor.py:826} INFO - Processing file /home/airflow/.local/lib/python3.7/site-packages/airflow/example_dags/example_short_circuit_decorator.py for tasks to queue
[2023-08-11T08:03:30.325+0000] {logging_mixin.py:150} INFO - [2023-08-11T08:03:30.324+0000] {dagbag.py:541} INFO - Filling up the DagBag from /home/airflow/.local/lib/python3.7/site-packages/airflow/example_dags/example_short_circuit_decorator.py
[2023-08-11T08:03:30.334+0000] {processor.py:836} INFO - DAG(s) dict_keys(['example_short_circuit_decorator']) retrieved from /home/airflow/.local/lib/python3.7/site-packages/airflow/example_dags/example_short_circuit_decorator.py
[2023-08-11T08:03:30.361+0000] {logging_mixin.py:150} INFO - [2023-08-11T08:03:30.361+0000] {dag.py:2742} INFO - Sync 1 DAGs
[2023-08-11T08:03:30.385+0000] {logging_mixin.py:150} INFO - [2023-08-11T08:03:30.385+0000] {dag.py:3508} INFO - Setting next_dagrun for example_short_circuit_decorator to 2023-08-10T08:03:30.385551+00:00, run_after=2023-08-11T08:03:30.385551+00:00
[2023-08-11T08:03:30.406+0000] {processor.py:179} INFO - Processing /home/airflow/.local/lib/python3.7/site-packages/airflow/example_dags/example_short_circuit_decorator.py took 0.087 seconds
[2023-08-11T08:04:01.011+0000] {processor.py:157} INFO - Started process (PID=1511) to work on /home/airflow/.local/lib/python3.7/site-packages/airflow/example_dags/example_short_circuit_decorator.py
[2023-08-11T08:04:01.013+0000] {processor.py:826} INFO - Processing file /home/airflow/.local/lib/python3.7/site-packages/airflow/example_dags/example_short_circuit_decorator.py for tasks to queue
[2023-08-11T08:04:01.016+0000] {logging_mixin.py:150} INFO - [2023-08-11T08:04:01.015+0000] {dagbag.py:541} INFO - Filling up the DagBag from /home/airflow/.local/lib/python3.7/site-packages/airflow/example_dags/example_short_circuit_decorator.py
[2023-08-11T08:04:01.027+0000] {processor.py:836} INFO - DAG(s) dict_keys(['example_short_circuit_decorator']) retrieved from /home/airflow/.local/lib/python3.7/site-packages/airflow/example_dags/example_short_circuit_decorator.py
[2023-08-11T08:04:01.062+0000] {logging_mixin.py:150} INFO - [2023-08-11T08:04:01.061+0000] {dag.py:2742} INFO - Sync 1 DAGs
[2023-08-11T08:04:01.092+0000] {logging_mixin.py:150} INFO - [2023-08-11T08:04:01.092+0000] {dag.py:3508} INFO - Setting next_dagrun for example_short_circuit_decorator to 2023-08-10T08:04:01.092282+00:00, run_after=2023-08-11T08:04:01.092282+00:00
[2023-08-11T08:04:01.117+0000] {processor.py:179} INFO - Processing /home/airflow/.local/lib/python3.7/site-packages/airflow/example_dags/example_short_circuit_decorator.py took 0.109 seconds
[2023-08-11T08:04:32.086+0000] {processor.py:157} INFO - Started process (PID=1592) to work on /home/airflow/.local/lib/python3.7/site-packages/airflow/example_dags/example_short_circuit_decorator.py
[2023-08-11T08:04:32.087+0000] {processor.py:826} INFO - Processing file /home/airflow/.local/lib/python3.7/site-packages/airflow/example_dags/example_short_circuit_decorator.py for tasks to queue
[2023-08-11T08:04:32.088+0000] {logging_mixin.py:150} INFO - [2023-08-11T08:04:32.087+0000] {dagbag.py:541} INFO - Filling up the DagBag from /home/airflow/.local/lib/python3.7/site-packages/airflow/example_dags/example_short_circuit_decorator.py
[2023-08-11T08:04:32.096+0000] {processor.py:836} INFO - DAG(s) dict_keys(['example_short_circuit_decorator']) retrieved from /home/airflow/.local/lib/python3.7/site-packages/airflow/example_dags/example_short_circuit_decorator.py
[2023-08-11T08:04:32.123+0000] {logging_mixin.py:150} INFO - [2023-08-11T08:04:32.123+0000] {dag.py:2742} INFO - Sync 1 DAGs
[2023-08-11T08:04:32.144+0000] {logging_mixin.py:150} INFO - [2023-08-11T08:04:32.143+0000] {dag.py:3508} INFO - Setting next_dagrun for example_short_circuit_decorator to 2023-08-10T08:04:32.143646+00:00, run_after=2023-08-11T08:04:32.143646+00:00
[2023-08-11T08:04:32.170+0000] {processor.py:179} INFO - Processing /home/airflow/.local/lib/python3.7/site-packages/airflow/example_dags/example_short_circuit_decorator.py took 0.086 seconds
[2023-08-11T08:05:02.845+0000] {processor.py:157} INFO - Started process (PID=1658) to work on /home/airflow/.local/lib/python3.7/site-packages/airflow/example_dags/example_short_circuit_decorator.py
[2023-08-11T08:05:02.846+0000] {processor.py:826} INFO - Processing file /home/airflow/.local/lib/python3.7/site-packages/airflow/example_dags/example_short_circuit_decorator.py for tasks to queue
[2023-08-11T08:05:02.847+0000] {logging_mixin.py:150} INFO - [2023-08-11T08:05:02.847+0000] {dagbag.py:541} INFO - Filling up the DagBag from /home/airflow/.local/lib/python3.7/site-packages/airflow/example_dags/example_short_circuit_decorator.py
[2023-08-11T08:05:02.858+0000] {processor.py:836} INFO - DAG(s) dict_keys(['example_short_circuit_decorator']) retrieved from /home/airflow/.local/lib/python3.7/site-packages/airflow/example_dags/example_short_circuit_decorator.py
[2023-08-11T08:05:02.886+0000] {logging_mixin.py:150} INFO - [2023-08-11T08:05:02.886+0000] {dag.py:2742} INFO - Sync 1 DAGs
[2023-08-11T08:05:02.908+0000] {logging_mixin.py:150} INFO - [2023-08-11T08:05:02.908+0000] {dag.py:3508} INFO - Setting next_dagrun for example_short_circuit_decorator to 2023-08-10T08:05:02.908403+00:00, run_after=2023-08-11T08:05:02.908403+00:00
[2023-08-11T08:05:02.930+0000] {processor.py:179} INFO - Processing /home/airflow/.local/lib/python3.7/site-packages/airflow/example_dags/example_short_circuit_decorator.py took 0.088 seconds
[2023-08-11T08:05:33.714+0000] {processor.py:157} INFO - Started process (PID=1725) to work on /home/airflow/.local/lib/python3.7/site-packages/airflow/example_dags/example_short_circuit_decorator.py
[2023-08-11T08:05:33.717+0000] {processor.py:826} INFO - Processing file /home/airflow/.local/lib/python3.7/site-packages/airflow/example_dags/example_short_circuit_decorator.py for tasks to queue
[2023-08-11T08:05:33.719+0000] {logging_mixin.py:150} INFO - [2023-08-11T08:05:33.719+0000] {dagbag.py:541} INFO - Filling up the DagBag from /home/airflow/.local/lib/python3.7/site-packages/airflow/example_dags/example_short_circuit_decorator.py
[2023-08-11T08:05:33.731+0000] {processor.py:836} INFO - DAG(s) dict_keys(['example_short_circuit_decorator']) retrieved from /home/airflow/.local/lib/python3.7/site-packages/airflow/example_dags/example_short_circuit_decorator.py
[2023-08-11T08:05:33.778+0000] {logging_mixin.py:150} INFO - [2023-08-11T08:05:33.777+0000] {dag.py:2742} INFO - Sync 1 DAGs
[2023-08-11T08:05:33.817+0000] {logging_mixin.py:150} INFO - [2023-08-11T08:05:33.817+0000] {dag.py:3508} INFO - Setting next_dagrun for example_short_circuit_decorator to 2023-08-10T08:05:33.816546+00:00, run_after=2023-08-11T08:05:33.816546+00:00
[2023-08-11T08:05:33.847+0000] {processor.py:179} INFO - Processing /home/airflow/.local/lib/python3.7/site-packages/airflow/example_dags/example_short_circuit_decorator.py took 0.138 seconds
[2023-08-11T08:06:04.747+0000] {processor.py:157} INFO - Started process (PID=1792) to work on /home/airflow/.local/lib/python3.7/site-packages/airflow/example_dags/example_short_circuit_decorator.py
[2023-08-11T08:06:04.747+0000] {processor.py:826} INFO - Processing file /home/airflow/.local/lib/python3.7/site-packages/airflow/example_dags/example_short_circuit_decorator.py for tasks to queue
[2023-08-11T08:06:04.748+0000] {logging_mixin.py:150} INFO - [2023-08-11T08:06:04.748+0000] {dagbag.py:541} INFO - Filling up the DagBag from /home/airflow/.local/lib/python3.7/site-packages/airflow/example_dags/example_short_circuit_decorator.py
[2023-08-11T08:06:04.762+0000] {processor.py:836} INFO - DAG(s) dict_keys(['example_short_circuit_decorator']) retrieved from /home/airflow/.local/lib/python3.7/site-packages/airflow/example_dags/example_short_circuit_decorator.py
[2023-08-11T08:06:04.817+0000] {logging_mixin.py:150} INFO - [2023-08-11T08:06:04.817+0000] {dag.py:2742} INFO - Sync 1 DAGs
[2023-08-11T08:06:04.863+0000] {logging_mixin.py:150} INFO - [2023-08-11T08:06:04.863+0000] {dag.py:3508} INFO - Setting next_dagrun for example_short_circuit_decorator to 2023-08-10T08:06:04.863150+00:00, run_after=2023-08-11T08:06:04.863150+00:00
[2023-08-11T08:06:04.908+0000] {processor.py:179} INFO - Processing /home/airflow/.local/lib/python3.7/site-packages/airflow/example_dags/example_short_circuit_decorator.py took 0.165 seconds
[2023-08-11T08:06:35.775+0000] {processor.py:157} INFO - Started process (PID=1862) to work on /home/airflow/.local/lib/python3.7/site-packages/airflow/example_dags/example_short_circuit_decorator.py
[2023-08-11T08:06:35.782+0000] {processor.py:826} INFO - Processing file /home/airflow/.local/lib/python3.7/site-packages/airflow/example_dags/example_short_circuit_decorator.py for tasks to queue
[2023-08-11T08:06:35.784+0000] {logging_mixin.py:150} INFO - [2023-08-11T08:06:35.783+0000] {dagbag.py:541} INFO - Filling up the DagBag from /home/airflow/.local/lib/python3.7/site-packages/airflow/example_dags/example_short_circuit_decorator.py
[2023-08-11T08:06:35.803+0000] {processor.py:836} INFO - DAG(s) dict_keys(['example_short_circuit_decorator']) retrieved from /home/airflow/.local/lib/python3.7/site-packages/airflow/example_dags/example_short_circuit_decorator.py
[2023-08-11T08:06:35.853+0000] {logging_mixin.py:150} INFO - [2023-08-11T08:06:35.853+0000] {dag.py:2742} INFO - Sync 1 DAGs
[2023-08-11T08:06:35.895+0000] {logging_mixin.py:150} INFO - [2023-08-11T08:06:35.895+0000] {dag.py:3508} INFO - Setting next_dagrun for example_short_circuit_decorator to 2023-08-10T08:06:35.895224+00:00, run_after=2023-08-11T08:06:35.895224+00:00
[2023-08-11T08:06:35.938+0000] {processor.py:179} INFO - Processing /home/airflow/.local/lib/python3.7/site-packages/airflow/example_dags/example_short_circuit_decorator.py took 0.170 seconds
[2023-08-11T08:07:06.387+0000] {processor.py:157} INFO - Started process (PID=1930) to work on /home/airflow/.local/lib/python3.7/site-packages/airflow/example_dags/example_short_circuit_decorator.py
[2023-08-11T08:07:06.388+0000] {processor.py:826} INFO - Processing file /home/airflow/.local/lib/python3.7/site-packages/airflow/example_dags/example_short_circuit_decorator.py for tasks to queue
[2023-08-11T08:07:06.390+0000] {logging_mixin.py:150} INFO - [2023-08-11T08:07:06.389+0000] {dagbag.py:541} INFO - Filling up the DagBag from /home/airflow/.local/lib/python3.7/site-packages/airflow/example_dags/example_short_circuit_decorator.py
[2023-08-11T08:07:06.402+0000] {processor.py:836} INFO - DAG(s) dict_keys(['example_short_circuit_decorator']) retrieved from /home/airflow/.local/lib/python3.7/site-packages/airflow/example_dags/example_short_circuit_decorator.py
[2023-08-11T08:07:06.435+0000] {logging_mixin.py:150} INFO - [2023-08-11T08:07:06.435+0000] {dag.py:2742} INFO - Sync 1 DAGs
[2023-08-11T08:07:06.473+0000] {logging_mixin.py:150} INFO - [2023-08-11T08:07:06.473+0000] {dag.py:3508} INFO - Setting next_dagrun for example_short_circuit_decorator to 2023-08-10T08:07:06.472743+00:00, run_after=2023-08-11T08:07:06.472743+00:00
[2023-08-11T08:07:06.506+0000] {processor.py:179} INFO - Processing /home/airflow/.local/lib/python3.7/site-packages/airflow/example_dags/example_short_circuit_decorator.py took 0.123 seconds
[2023-08-11T08:07:36.714+0000] {processor.py:157} INFO - Started process (PID=1999) to work on /home/airflow/.local/lib/python3.7/site-packages/airflow/example_dags/example_short_circuit_decorator.py
[2023-08-11T08:07:36.715+0000] {processor.py:826} INFO - Processing file /home/airflow/.local/lib/python3.7/site-packages/airflow/example_dags/example_short_circuit_decorator.py for tasks to queue
[2023-08-11T08:07:36.716+0000] {logging_mixin.py:150} INFO - [2023-08-11T08:07:36.716+0000] {dagbag.py:541} INFO - Filling up the DagBag from /home/airflow/.local/lib/python3.7/site-packages/airflow/example_dags/example_short_circuit_decorator.py
[2023-08-11T08:07:36.725+0000] {processor.py:836} INFO - DAG(s) dict_keys(['example_short_circuit_decorator']) retrieved from /home/airflow/.local/lib/python3.7/site-packages/airflow/example_dags/example_short_circuit_decorator.py
[2023-08-11T08:07:36.753+0000] {logging_mixin.py:150} INFO - [2023-08-11T08:07:36.753+0000] {dag.py:2742} INFO - Sync 1 DAGs
[2023-08-11T08:07:36.775+0000] {logging_mixin.py:150} INFO - [2023-08-11T08:07:36.775+0000] {dag.py:3508} INFO - Setting next_dagrun for example_short_circuit_decorator to 2023-08-10T08:07:36.775235+00:00, run_after=2023-08-11T08:07:36.775235+00:00
[2023-08-11T08:07:36.798+0000] {processor.py:179} INFO - Processing /home/airflow/.local/lib/python3.7/site-packages/airflow/example_dags/example_short_circuit_decorator.py took 0.088 seconds
[2023-08-11T08:08:06.988+0000] {processor.py:157} INFO - Started process (PID=2065) to work on /home/airflow/.local/lib/python3.7/site-packages/airflow/example_dags/example_short_circuit_decorator.py
[2023-08-11T08:08:06.992+0000] {processor.py:826} INFO - Processing file /home/airflow/.local/lib/python3.7/site-packages/airflow/example_dags/example_short_circuit_decorator.py for tasks to queue
[2023-08-11T08:08:06.994+0000] {logging_mixin.py:150} INFO - [2023-08-11T08:08:06.994+0000] {dagbag.py:541} INFO - Filling up the DagBag from /home/airflow/.local/lib/python3.7/site-packages/airflow/example_dags/example_short_circuit_decorator.py
[2023-08-11T08:08:07.003+0000] {processor.py:836} INFO - DAG(s) dict_keys(['example_short_circuit_decorator']) retrieved from /home/airflow/.local/lib/python3.7/site-packages/airflow/example_dags/example_short_circuit_decorator.py
[2023-08-11T08:08:07.029+0000] {logging_mixin.py:150} INFO - [2023-08-11T08:08:07.029+0000] {dag.py:2742} INFO - Sync 1 DAGs
[2023-08-11T08:08:07.052+0000] {logging_mixin.py:150} INFO - [2023-08-11T08:08:07.052+0000] {dag.py:3508} INFO - Setting next_dagrun for example_short_circuit_decorator to 2023-08-10T08:08:07.052331+00:00, run_after=2023-08-11T08:08:07.052331+00:00
[2023-08-11T08:08:07.074+0000] {processor.py:179} INFO - Processing /home/airflow/.local/lib/python3.7/site-packages/airflow/example_dags/example_short_circuit_decorator.py took 0.089 seconds
[2023-08-11T08:08:37.580+0000] {processor.py:157} INFO - Started process (PID=2131) to work on /home/airflow/.local/lib/python3.7/site-packages/airflow/example_dags/example_short_circuit_decorator.py
[2023-08-11T08:08:37.581+0000] {processor.py:826} INFO - Processing file /home/airflow/.local/lib/python3.7/site-packages/airflow/example_dags/example_short_circuit_decorator.py for tasks to queue
[2023-08-11T08:08:37.581+0000] {logging_mixin.py:150} INFO - [2023-08-11T08:08:37.581+0000] {dagbag.py:541} INFO - Filling up the DagBag from /home/airflow/.local/lib/python3.7/site-packages/airflow/example_dags/example_short_circuit_decorator.py
[2023-08-11T08:08:37.590+0000] {processor.py:836} INFO - DAG(s) dict_keys(['example_short_circuit_decorator']) retrieved from /home/airflow/.local/lib/python3.7/site-packages/airflow/example_dags/example_short_circuit_decorator.py
[2023-08-11T08:08:37.617+0000] {logging_mixin.py:150} INFO - [2023-08-11T08:08:37.617+0000] {dag.py:2742} INFO - Sync 1 DAGs
[2023-08-11T08:08:37.639+0000] {logging_mixin.py:150} INFO - [2023-08-11T08:08:37.639+0000] {dag.py:3508} INFO - Setting next_dagrun for example_short_circuit_decorator to 2023-08-10T08:08:37.638963+00:00, run_after=2023-08-11T08:08:37.638963+00:00
[2023-08-11T08:08:37.670+0000] {processor.py:179} INFO - Processing /home/airflow/.local/lib/python3.7/site-packages/airflow/example_dags/example_short_circuit_decorator.py took 0.093 seconds
[2023-08-11T08:09:08.056+0000] {processor.py:157} INFO - Started process (PID=2197) to work on /home/airflow/.local/lib/python3.7/site-packages/airflow/example_dags/example_short_circuit_decorator.py
[2023-08-11T08:09:08.059+0000] {processor.py:826} INFO - Processing file /home/airflow/.local/lib/python3.7/site-packages/airflow/example_dags/example_short_circuit_decorator.py for tasks to queue
[2023-08-11T08:09:08.059+0000] {logging_mixin.py:150} INFO - [2023-08-11T08:09:08.059+0000] {dagbag.py:541} INFO - Filling up the DagBag from /home/airflow/.local/lib/python3.7/site-packages/airflow/example_dags/example_short_circuit_decorator.py
[2023-08-11T08:09:08.069+0000] {processor.py:836} INFO - DAG(s) dict_keys(['example_short_circuit_decorator']) retrieved from /home/airflow/.local/lib/python3.7/site-packages/airflow/example_dags/example_short_circuit_decorator.py
[2023-08-11T08:09:08.097+0000] {logging_mixin.py:150} INFO - [2023-08-11T08:09:08.096+0000] {dag.py:2742} INFO - Sync 1 DAGs
[2023-08-11T08:09:08.119+0000] {logging_mixin.py:150} INFO - [2023-08-11T08:09:08.119+0000] {dag.py:3508} INFO - Setting next_dagrun for example_short_circuit_decorator to 2023-08-10T08:09:08.119372+00:00, run_after=2023-08-11T08:09:08.119372+00:00
[2023-08-11T08:09:08.141+0000] {processor.py:179} INFO - Processing /home/airflow/.local/lib/python3.7/site-packages/airflow/example_dags/example_short_circuit_decorator.py took 0.087 seconds
[2023-08-11T08:09:38.355+0000] {processor.py:157} INFO - Started process (PID=2263) to work on /home/airflow/.local/lib/python3.7/site-packages/airflow/example_dags/example_short_circuit_decorator.py
[2023-08-11T08:09:38.356+0000] {processor.py:826} INFO - Processing file /home/airflow/.local/lib/python3.7/site-packages/airflow/example_dags/example_short_circuit_decorator.py for tasks to queue
[2023-08-11T08:09:38.356+0000] {logging_mixin.py:150} INFO - [2023-08-11T08:09:38.356+0000] {dagbag.py:541} INFO - Filling up the DagBag from /home/airflow/.local/lib/python3.7/site-packages/airflow/example_dags/example_short_circuit_decorator.py
[2023-08-11T08:09:38.367+0000] {processor.py:836} INFO - DAG(s) dict_keys(['example_short_circuit_decorator']) retrieved from /home/airflow/.local/lib/python3.7/site-packages/airflow/example_dags/example_short_circuit_decorator.py
[2023-08-11T08:09:38.394+0000] {logging_mixin.py:150} INFO - [2023-08-11T08:09:38.394+0000] {dag.py:2742} INFO - Sync 1 DAGs
[2023-08-11T08:09:38.419+0000] {logging_mixin.py:150} INFO - [2023-08-11T08:09:38.419+0000] {dag.py:3508} INFO - Setting next_dagrun for example_short_circuit_decorator to 2023-08-10T08:09:38.418693+00:00, run_after=2023-08-11T08:09:38.418693+00:00
[2023-08-11T08:09:38.441+0000] {processor.py:179} INFO - Processing /home/airflow/.local/lib/python3.7/site-packages/airflow/example_dags/example_short_circuit_decorator.py took 0.089 seconds
[2023-08-11T08:10:08.674+0000] {processor.py:157} INFO - Started process (PID=2329) to work on /home/airflow/.local/lib/python3.7/site-packages/airflow/example_dags/example_short_circuit_decorator.py
[2023-08-11T08:10:08.675+0000] {processor.py:826} INFO - Processing file /home/airflow/.local/lib/python3.7/site-packages/airflow/example_dags/example_short_circuit_decorator.py for tasks to queue
[2023-08-11T08:10:08.676+0000] {logging_mixin.py:150} INFO - [2023-08-11T08:10:08.676+0000] {dagbag.py:541} INFO - Filling up the DagBag from /home/airflow/.local/lib/python3.7/site-packages/airflow/example_dags/example_short_circuit_decorator.py
[2023-08-11T08:10:08.691+0000] {processor.py:836} INFO - DAG(s) dict_keys(['example_short_circuit_decorator']) retrieved from /home/airflow/.local/lib/python3.7/site-packages/airflow/example_dags/example_short_circuit_decorator.py
[2023-08-11T08:10:08.747+0000] {logging_mixin.py:150} INFO - [2023-08-11T08:10:08.747+0000] {dag.py:2742} INFO - Sync 1 DAGs
[2023-08-11T08:10:08.799+0000] {logging_mixin.py:150} INFO - [2023-08-11T08:10:08.799+0000] {dag.py:3508} INFO - Setting next_dagrun for example_short_circuit_decorator to 2023-08-10T08:10:08.798455+00:00, run_after=2023-08-11T08:10:08.798455+00:00
[2023-08-11T08:10:08.840+0000] {processor.py:179} INFO - Processing /home/airflow/.local/lib/python3.7/site-packages/airflow/example_dags/example_short_circuit_decorator.py took 0.173 seconds
[2023-08-11T08:10:39.078+0000] {processor.py:157} INFO - Started process (PID=2395) to work on /home/airflow/.local/lib/python3.7/site-packages/airflow/example_dags/example_short_circuit_decorator.py
[2023-08-11T08:10:39.079+0000] {processor.py:826} INFO - Processing file /home/airflow/.local/lib/python3.7/site-packages/airflow/example_dags/example_short_circuit_decorator.py for tasks to queue
[2023-08-11T08:10:39.080+0000] {logging_mixin.py:150} INFO - [2023-08-11T08:10:39.079+0000] {dagbag.py:541} INFO - Filling up the DagBag from /home/airflow/.local/lib/python3.7/site-packages/airflow/example_dags/example_short_circuit_decorator.py
[2023-08-11T08:10:39.096+0000] {processor.py:836} INFO - DAG(s) dict_keys(['example_short_circuit_decorator']) retrieved from /home/airflow/.local/lib/python3.7/site-packages/airflow/example_dags/example_short_circuit_decorator.py
[2023-08-11T08:10:39.164+0000] {logging_mixin.py:150} INFO - [2023-08-11T08:10:39.163+0000] {dag.py:2742} INFO - Sync 1 DAGs
[2023-08-11T08:10:39.214+0000] {logging_mixin.py:150} INFO - [2023-08-11T08:10:39.214+0000] {dag.py:3508} INFO - Setting next_dagrun for example_short_circuit_decorator to 2023-08-10T08:10:39.212692+00:00, run_after=2023-08-11T08:10:39.212692+00:00
[2023-08-11T08:10:39.264+0000] {processor.py:179} INFO - Processing /home/airflow/.local/lib/python3.7/site-packages/airflow/example_dags/example_short_circuit_decorator.py took 0.191 seconds
[2023-08-11T08:11:10.020+0000] {processor.py:157} INFO - Started process (PID=2462) to work on /home/airflow/.local/lib/python3.7/site-packages/airflow/example_dags/example_short_circuit_decorator.py
[2023-08-11T08:11:10.021+0000] {processor.py:826} INFO - Processing file /home/airflow/.local/lib/python3.7/site-packages/airflow/example_dags/example_short_circuit_decorator.py for tasks to queue
[2023-08-11T08:11:10.021+0000] {logging_mixin.py:150} INFO - [2023-08-11T08:11:10.021+0000] {dagbag.py:541} INFO - Filling up the DagBag from /home/airflow/.local/lib/python3.7/site-packages/airflow/example_dags/example_short_circuit_decorator.py
[2023-08-11T08:11:10.030+0000] {processor.py:836} INFO - DAG(s) dict_keys(['example_short_circuit_decorator']) retrieved from /home/airflow/.local/lib/python3.7/site-packages/airflow/example_dags/example_short_circuit_decorator.py
[2023-08-11T08:11:10.056+0000] {logging_mixin.py:150} INFO - [2023-08-11T08:11:10.056+0000] {dag.py:2742} INFO - Sync 1 DAGs
[2023-08-11T08:11:10.087+0000] {logging_mixin.py:150} INFO - [2023-08-11T08:11:10.087+0000] {dag.py:3508} INFO - Setting next_dagrun for example_short_circuit_decorator to 2023-08-10T08:11:10.086778+00:00, run_after=2023-08-11T08:11:10.086778+00:00
[2023-08-11T08:11:10.110+0000] {processor.py:179} INFO - Processing /home/airflow/.local/lib/python3.7/site-packages/airflow/example_dags/example_short_circuit_decorator.py took 0.095 seconds
[2023-08-11T08:11:40.731+0000] {processor.py:157} INFO - Started process (PID=2528) to work on /home/airflow/.local/lib/python3.7/site-packages/airflow/example_dags/example_short_circuit_decorator.py
[2023-08-11T08:11:40.732+0000] {processor.py:826} INFO - Processing file /home/airflow/.local/lib/python3.7/site-packages/airflow/example_dags/example_short_circuit_decorator.py for tasks to queue
[2023-08-11T08:11:40.732+0000] {logging_mixin.py:150} INFO - [2023-08-11T08:11:40.732+0000] {dagbag.py:541} INFO - Filling up the DagBag from /home/airflow/.local/lib/python3.7/site-packages/airflow/example_dags/example_short_circuit_decorator.py
[2023-08-11T08:11:40.742+0000] {processor.py:836} INFO - DAG(s) dict_keys(['example_short_circuit_decorator']) retrieved from /home/airflow/.local/lib/python3.7/site-packages/airflow/example_dags/example_short_circuit_decorator.py
[2023-08-11T08:11:40.773+0000] {logging_mixin.py:150} INFO - [2023-08-11T08:11:40.772+0000] {dag.py:2742} INFO - Sync 1 DAGs
[2023-08-11T08:11:40.799+0000] {logging_mixin.py:150} INFO - [2023-08-11T08:11:40.799+0000] {dag.py:3508} INFO - Setting next_dagrun for example_short_circuit_decorator to 2023-08-10T08:11:40.799216+00:00, run_after=2023-08-11T08:11:40.799216+00:00
[2023-08-11T08:11:40.826+0000] {processor.py:179} INFO - Processing /home/airflow/.local/lib/python3.7/site-packages/airflow/example_dags/example_short_circuit_decorator.py took 0.098 seconds
[2023-08-11T08:12:11.300+0000] {processor.py:157} INFO - Started process (PID=2594) to work on /home/airflow/.local/lib/python3.7/site-packages/airflow/example_dags/example_short_circuit_decorator.py
[2023-08-11T08:12:11.301+0000] {processor.py:826} INFO - Processing file /home/airflow/.local/lib/python3.7/site-packages/airflow/example_dags/example_short_circuit_decorator.py for tasks to queue
[2023-08-11T08:12:11.302+0000] {logging_mixin.py:150} INFO - [2023-08-11T08:12:11.302+0000] {dagbag.py:541} INFO - Filling up the DagBag from /home/airflow/.local/lib/python3.7/site-packages/airflow/example_dags/example_short_circuit_decorator.py
[2023-08-11T08:12:11.312+0000] {processor.py:836} INFO - DAG(s) dict_keys(['example_short_circuit_decorator']) retrieved from /home/airflow/.local/lib/python3.7/site-packages/airflow/example_dags/example_short_circuit_decorator.py
[2023-08-11T08:12:11.341+0000] {logging_mixin.py:150} INFO - [2023-08-11T08:12:11.340+0000] {dag.py:2742} INFO - Sync 1 DAGs
[2023-08-11T08:12:11.364+0000] {logging_mixin.py:150} INFO - [2023-08-11T08:12:11.364+0000] {dag.py:3508} INFO - Setting next_dagrun for example_short_circuit_decorator to 2023-08-10T08:12:11.364327+00:00, run_after=2023-08-11T08:12:11.364327+00:00
[2023-08-11T08:12:11.390+0000] {processor.py:179} INFO - Processing /home/airflow/.local/lib/python3.7/site-packages/airflow/example_dags/example_short_circuit_decorator.py took 0.093 seconds
[2023-08-11T08:12:41.745+0000] {processor.py:157} INFO - Started process (PID=2660) to work on /home/airflow/.local/lib/python3.7/site-packages/airflow/example_dags/example_short_circuit_decorator.py
[2023-08-11T08:12:41.746+0000] {processor.py:826} INFO - Processing file /home/airflow/.local/lib/python3.7/site-packages/airflow/example_dags/example_short_circuit_decorator.py for tasks to queue
[2023-08-11T08:12:41.747+0000] {logging_mixin.py:150} INFO - [2023-08-11T08:12:41.747+0000] {dagbag.py:541} INFO - Filling up the DagBag from /home/airflow/.local/lib/python3.7/site-packages/airflow/example_dags/example_short_circuit_decorator.py
[2023-08-11T08:12:41.761+0000] {processor.py:836} INFO - DAG(s) dict_keys(['example_short_circuit_decorator']) retrieved from /home/airflow/.local/lib/python3.7/site-packages/airflow/example_dags/example_short_circuit_decorator.py
[2023-08-11T08:12:41.797+0000] {logging_mixin.py:150} INFO - [2023-08-11T08:12:41.797+0000] {dag.py:2742} INFO - Sync 1 DAGs
[2023-08-11T08:12:41.828+0000] {logging_mixin.py:150} INFO - [2023-08-11T08:12:41.828+0000] {dag.py:3508} INFO - Setting next_dagrun for example_short_circuit_decorator to 2023-08-10T08:12:41.828186+00:00, run_after=2023-08-11T08:12:41.828186+00:00
[2023-08-11T08:12:41.859+0000] {processor.py:179} INFO - Processing /home/airflow/.local/lib/python3.7/site-packages/airflow/example_dags/example_short_circuit_decorator.py took 0.118 seconds
[2023-08-11T08:13:11.892+0000] {processor.py:157} INFO - Started process (PID=2725) to work on /home/airflow/.local/lib/python3.7/site-packages/airflow/example_dags/example_short_circuit_decorator.py
[2023-08-11T08:13:11.893+0000] {processor.py:826} INFO - Processing file /home/airflow/.local/lib/python3.7/site-packages/airflow/example_dags/example_short_circuit_decorator.py for tasks to queue
[2023-08-11T08:13:11.894+0000] {logging_mixin.py:150} INFO - [2023-08-11T08:13:11.894+0000] {dagbag.py:541} INFO - Filling up the DagBag from /home/airflow/.local/lib/python3.7/site-packages/airflow/example_dags/example_short_circuit_decorator.py
[2023-08-11T08:13:11.902+0000] {processor.py:836} INFO - DAG(s) dict_keys(['example_short_circuit_decorator']) retrieved from /home/airflow/.local/lib/python3.7/site-packages/airflow/example_dags/example_short_circuit_decorator.py
[2023-08-11T08:13:11.928+0000] {logging_mixin.py:150} INFO - [2023-08-11T08:13:11.928+0000] {dag.py:2742} INFO - Sync 1 DAGs
[2023-08-11T08:13:11.950+0000] {logging_mixin.py:150} INFO - [2023-08-11T08:13:11.950+0000] {dag.py:3508} INFO - Setting next_dagrun for example_short_circuit_decorator to 2023-08-10T08:13:11.950009+00:00, run_after=2023-08-11T08:13:11.950009+00:00
[2023-08-11T08:13:11.968+0000] {processor.py:179} INFO - Processing /home/airflow/.local/lib/python3.7/site-packages/airflow/example_dags/example_short_circuit_decorator.py took 0.081 seconds
[2023-08-11T08:13:42.901+0000] {processor.py:157} INFO - Started process (PID=2791) to work on /home/airflow/.local/lib/python3.7/site-packages/airflow/example_dags/example_short_circuit_decorator.py
[2023-08-11T08:13:42.902+0000] {processor.py:826} INFO - Processing file /home/airflow/.local/lib/python3.7/site-packages/airflow/example_dags/example_short_circuit_decorator.py for tasks to queue
[2023-08-11T08:13:42.902+0000] {logging_mixin.py:150} INFO - [2023-08-11T08:13:42.902+0000] {dagbag.py:541} INFO - Filling up the DagBag from /home/airflow/.local/lib/python3.7/site-packages/airflow/example_dags/example_short_circuit_decorator.py
[2023-08-11T08:13:42.911+0000] {processor.py:836} INFO - DAG(s) dict_keys(['example_short_circuit_decorator']) retrieved from /home/airflow/.local/lib/python3.7/site-packages/airflow/example_dags/example_short_circuit_decorator.py
[2023-08-11T08:13:42.935+0000] {logging_mixin.py:150} INFO - [2023-08-11T08:13:42.935+0000] {dag.py:2742} INFO - Sync 1 DAGs
[2023-08-11T08:13:42.963+0000] {logging_mixin.py:150} INFO - [2023-08-11T08:13:42.962+0000] {dag.py:3508} INFO - Setting next_dagrun for example_short_circuit_decorator to 2023-08-10T08:13:42.962473+00:00, run_after=2023-08-11T08:13:42.962473+00:00
[2023-08-11T08:13:42.989+0000] {processor.py:179} INFO - Processing /home/airflow/.local/lib/python3.7/site-packages/airflow/example_dags/example_short_circuit_decorator.py took 0.090 seconds
[2023-08-11T08:14:13.090+0000] {processor.py:157} INFO - Started process (PID=2857) to work on /home/airflow/.local/lib/python3.7/site-packages/airflow/example_dags/example_short_circuit_decorator.py
[2023-08-11T08:14:13.092+0000] {processor.py:826} INFO - Processing file /home/airflow/.local/lib/python3.7/site-packages/airflow/example_dags/example_short_circuit_decorator.py for tasks to queue
[2023-08-11T08:14:13.093+0000] {logging_mixin.py:150} INFO - [2023-08-11T08:14:13.093+0000] {dagbag.py:541} INFO - Filling up the DagBag from /home/airflow/.local/lib/python3.7/site-packages/airflow/example_dags/example_short_circuit_decorator.py
[2023-08-11T08:14:13.102+0000] {processor.py:836} INFO - DAG(s) dict_keys(['example_short_circuit_decorator']) retrieved from /home/airflow/.local/lib/python3.7/site-packages/airflow/example_dags/example_short_circuit_decorator.py
[2023-08-11T08:14:13.129+0000] {logging_mixin.py:150} INFO - [2023-08-11T08:14:13.129+0000] {dag.py:2742} INFO - Sync 1 DAGs
[2023-08-11T08:14:13.150+0000] {logging_mixin.py:150} INFO - [2023-08-11T08:14:13.150+0000] {dag.py:3508} INFO - Setting next_dagrun for example_short_circuit_decorator to 2023-08-10T08:14:13.150501+00:00, run_after=2023-08-11T08:14:13.150501+00:00
[2023-08-11T08:14:13.170+0000] {processor.py:179} INFO - Processing /home/airflow/.local/lib/python3.7/site-packages/airflow/example_dags/example_short_circuit_decorator.py took 0.082 seconds
[2023-08-11T08:14:43.383+0000] {processor.py:157} INFO - Started process (PID=2924) to work on /home/airflow/.local/lib/python3.7/site-packages/airflow/example_dags/example_short_circuit_decorator.py
[2023-08-11T08:14:43.383+0000] {processor.py:826} INFO - Processing file /home/airflow/.local/lib/python3.7/site-packages/airflow/example_dags/example_short_circuit_decorator.py for tasks to queue
[2023-08-11T08:14:43.384+0000] {logging_mixin.py:150} INFO - [2023-08-11T08:14:43.384+0000] {dagbag.py:541} INFO - Filling up the DagBag from /home/airflow/.local/lib/python3.7/site-packages/airflow/example_dags/example_short_circuit_decorator.py
[2023-08-11T08:14:43.391+0000] {processor.py:836} INFO - DAG(s) dict_keys(['example_short_circuit_decorator']) retrieved from /home/airflow/.local/lib/python3.7/site-packages/airflow/example_dags/example_short_circuit_decorator.py
[2023-08-11T08:14:43.419+0000] {logging_mixin.py:150} INFO - [2023-08-11T08:14:43.419+0000] {dag.py:2742} INFO - Sync 1 DAGs
[2023-08-11T08:14:43.442+0000] {logging_mixin.py:150} INFO - [2023-08-11T08:14:43.442+0000] {dag.py:3508} INFO - Setting next_dagrun for example_short_circuit_decorator to 2023-08-10T08:14:43.442402+00:00, run_after=2023-08-11T08:14:43.442402+00:00
[2023-08-11T08:14:43.461+0000] {processor.py:179} INFO - Processing /home/airflow/.local/lib/python3.7/site-packages/airflow/example_dags/example_short_circuit_decorator.py took 0.081 seconds
[2023-08-11T08:15:13.877+0000] {processor.py:157} INFO - Started process (PID=2990) to work on /home/airflow/.local/lib/python3.7/site-packages/airflow/example_dags/example_short_circuit_decorator.py
[2023-08-11T08:15:13.879+0000] {processor.py:826} INFO - Processing file /home/airflow/.local/lib/python3.7/site-packages/airflow/example_dags/example_short_circuit_decorator.py for tasks to queue
[2023-08-11T08:15:13.880+0000] {logging_mixin.py:150} INFO - [2023-08-11T08:15:13.880+0000] {dagbag.py:541} INFO - Filling up the DagBag from /home/airflow/.local/lib/python3.7/site-packages/airflow/example_dags/example_short_circuit_decorator.py
[2023-08-11T08:15:13.893+0000] {processor.py:836} INFO - DAG(s) dict_keys(['example_short_circuit_decorator']) retrieved from /home/airflow/.local/lib/python3.7/site-packages/airflow/example_dags/example_short_circuit_decorator.py
[2023-08-11T08:15:13.919+0000] {logging_mixin.py:150} INFO - [2023-08-11T08:15:13.919+0000] {dag.py:2742} INFO - Sync 1 DAGs
[2023-08-11T08:15:13.941+0000] {logging_mixin.py:150} INFO - [2023-08-11T08:15:13.941+0000] {dag.py:3508} INFO - Setting next_dagrun for example_short_circuit_decorator to 2023-08-10T08:15:13.941032+00:00, run_after=2023-08-11T08:15:13.941032+00:00
[2023-08-11T08:15:13.964+0000] {processor.py:179} INFO - Processing /home/airflow/.local/lib/python3.7/site-packages/airflow/example_dags/example_short_circuit_decorator.py took 0.090 seconds
[2023-08-11T08:15:44.249+0000] {processor.py:157} INFO - Started process (PID=3057) to work on /home/airflow/.local/lib/python3.7/site-packages/airflow/example_dags/example_short_circuit_decorator.py
[2023-08-11T08:15:44.251+0000] {processor.py:826} INFO - Processing file /home/airflow/.local/lib/python3.7/site-packages/airflow/example_dags/example_short_circuit_decorator.py for tasks to queue
[2023-08-11T08:15:44.252+0000] {logging_mixin.py:150} INFO - [2023-08-11T08:15:44.252+0000] {dagbag.py:541} INFO - Filling up the DagBag from /home/airflow/.local/lib/python3.7/site-packages/airflow/example_dags/example_short_circuit_decorator.py
[2023-08-11T08:15:44.261+0000] {processor.py:836} INFO - DAG(s) dict_keys(['example_short_circuit_decorator']) retrieved from /home/airflow/.local/lib/python3.7/site-packages/airflow/example_dags/example_short_circuit_decorator.py
[2023-08-11T08:15:44.289+0000] {logging_mixin.py:150} INFO - [2023-08-11T08:15:44.289+0000] {dag.py:2742} INFO - Sync 1 DAGs
[2023-08-11T08:15:44.309+0000] {logging_mixin.py:150} INFO - [2023-08-11T08:15:44.309+0000] {dag.py:3508} INFO - Setting next_dagrun for example_short_circuit_decorator to 2023-08-10T08:15:44.309500+00:00, run_after=2023-08-11T08:15:44.309500+00:00
[2023-08-11T08:15:44.326+0000] {processor.py:179} INFO - Processing /home/airflow/.local/lib/python3.7/site-packages/airflow/example_dags/example_short_circuit_decorator.py took 0.081 seconds
[2023-08-11T08:16:14.611+0000] {processor.py:157} INFO - Started process (PID=3123) to work on /home/airflow/.local/lib/python3.7/site-packages/airflow/example_dags/example_short_circuit_decorator.py
[2023-08-11T08:16:14.611+0000] {processor.py:826} INFO - Processing file /home/airflow/.local/lib/python3.7/site-packages/airflow/example_dags/example_short_circuit_decorator.py for tasks to queue
[2023-08-11T08:16:14.612+0000] {logging_mixin.py:150} INFO - [2023-08-11T08:16:14.612+0000] {dagbag.py:541} INFO - Filling up the DagBag from /home/airflow/.local/lib/python3.7/site-packages/airflow/example_dags/example_short_circuit_decorator.py
[2023-08-11T08:16:14.624+0000] {processor.py:836} INFO - DAG(s) dict_keys(['example_short_circuit_decorator']) retrieved from /home/airflow/.local/lib/python3.7/site-packages/airflow/example_dags/example_short_circuit_decorator.py
[2023-08-11T08:16:14.648+0000] {logging_mixin.py:150} INFO - [2023-08-11T08:16:14.648+0000] {dag.py:2742} INFO - Sync 1 DAGs
[2023-08-11T08:16:14.679+0000] {logging_mixin.py:150} INFO - [2023-08-11T08:16:14.679+0000] {dag.py:3508} INFO - Setting next_dagrun for example_short_circuit_decorator to 2023-08-10T08:16:14.678778+00:00, run_after=2023-08-11T08:16:14.678778+00:00
[2023-08-11T08:16:14.709+0000] {processor.py:179} INFO - Processing /home/airflow/.local/lib/python3.7/site-packages/airflow/example_dags/example_short_circuit_decorator.py took 0.102 seconds
[2023-08-11T08:16:45.330+0000] {processor.py:157} INFO - Started process (PID=3192) to work on /home/airflow/.local/lib/python3.7/site-packages/airflow/example_dags/example_short_circuit_decorator.py
[2023-08-11T08:16:45.332+0000] {processor.py:826} INFO - Processing file /home/airflow/.local/lib/python3.7/site-packages/airflow/example_dags/example_short_circuit_decorator.py for tasks to queue
[2023-08-11T08:16:45.332+0000] {logging_mixin.py:150} INFO - [2023-08-11T08:16:45.332+0000] {dagbag.py:541} INFO - Filling up the DagBag from /home/airflow/.local/lib/python3.7/site-packages/airflow/example_dags/example_short_circuit_decorator.py
[2023-08-11T08:16:45.341+0000] {processor.py:836} INFO - DAG(s) dict_keys(['example_short_circuit_decorator']) retrieved from /home/airflow/.local/lib/python3.7/site-packages/airflow/example_dags/example_short_circuit_decorator.py
[2023-08-11T08:16:45.365+0000] {logging_mixin.py:150} INFO - [2023-08-11T08:16:45.365+0000] {dag.py:2742} INFO - Sync 1 DAGs
[2023-08-11T08:16:45.389+0000] {logging_mixin.py:150} INFO - [2023-08-11T08:16:45.389+0000] {dag.py:3508} INFO - Setting next_dagrun for example_short_circuit_decorator to 2023-08-10T08:16:45.389351+00:00, run_after=2023-08-11T08:16:45.389351+00:00
[2023-08-11T08:16:45.408+0000] {processor.py:179} INFO - Processing /home/airflow/.local/lib/python3.7/site-packages/airflow/example_dags/example_short_circuit_decorator.py took 0.081 seconds
[2023-08-11T08:17:15.657+0000] {processor.py:157} INFO - Started process (PID=3271) to work on /home/airflow/.local/lib/python3.7/site-packages/airflow/example_dags/example_short_circuit_decorator.py
[2023-08-11T08:17:15.658+0000] {processor.py:826} INFO - Processing file /home/airflow/.local/lib/python3.7/site-packages/airflow/example_dags/example_short_circuit_decorator.py for tasks to queue
[2023-08-11T08:17:15.659+0000] {logging_mixin.py:150} INFO - [2023-08-11T08:17:15.659+0000] {dagbag.py:541} INFO - Filling up the DagBag from /home/airflow/.local/lib/python3.7/site-packages/airflow/example_dags/example_short_circuit_decorator.py
[2023-08-11T08:17:15.673+0000] {processor.py:836} INFO - DAG(s) dict_keys(['example_short_circuit_decorator']) retrieved from /home/airflow/.local/lib/python3.7/site-packages/airflow/example_dags/example_short_circuit_decorator.py
[2023-08-11T08:17:15.708+0000] {logging_mixin.py:150} INFO - [2023-08-11T08:17:15.707+0000] {dag.py:2742} INFO - Sync 1 DAGs
[2023-08-11T08:17:15.734+0000] {logging_mixin.py:150} INFO - [2023-08-11T08:17:15.734+0000] {dag.py:3508} INFO - Setting next_dagrun for example_short_circuit_decorator to 2023-08-10T08:17:15.734437+00:00, run_after=2023-08-11T08:17:15.734437+00:00
[2023-08-11T08:17:15.770+0000] {processor.py:179} INFO - Processing /home/airflow/.local/lib/python3.7/site-packages/airflow/example_dags/example_short_circuit_decorator.py took 0.118 seconds
[2023-08-11T08:17:47.285+0000] {processor.py:157} INFO - Started process (PID=3360) to work on /home/airflow/.local/lib/python3.7/site-packages/airflow/example_dags/example_short_circuit_decorator.py
[2023-08-11T08:17:47.286+0000] {processor.py:826} INFO - Processing file /home/airflow/.local/lib/python3.7/site-packages/airflow/example_dags/example_short_circuit_decorator.py for tasks to queue
[2023-08-11T08:17:47.287+0000] {logging_mixin.py:150} INFO - [2023-08-11T08:17:47.287+0000] {dagbag.py:541} INFO - Filling up the DagBag from /home/airflow/.local/lib/python3.7/site-packages/airflow/example_dags/example_short_circuit_decorator.py
[2023-08-11T08:17:47.301+0000] {processor.py:836} INFO - DAG(s) dict_keys(['example_short_circuit_decorator']) retrieved from /home/airflow/.local/lib/python3.7/site-packages/airflow/example_dags/example_short_circuit_decorator.py
[2023-08-11T08:17:47.334+0000] {logging_mixin.py:150} INFO - [2023-08-11T08:17:47.334+0000] {dag.py:2742} INFO - Sync 1 DAGs
[2023-08-11T08:17:47.363+0000] {logging_mixin.py:150} INFO - [2023-08-11T08:17:47.363+0000] {dag.py:3508} INFO - Setting next_dagrun for example_short_circuit_decorator to 2023-08-10T08:17:47.363220+00:00, run_after=2023-08-11T08:17:47.363220+00:00
[2023-08-11T08:17:47.401+0000] {processor.py:179} INFO - Processing /home/airflow/.local/lib/python3.7/site-packages/airflow/example_dags/example_short_circuit_decorator.py took 0.120 seconds
[2023-08-11T08:18:17.818+0000] {processor.py:157} INFO - Started process (PID=3440) to work on /home/airflow/.local/lib/python3.7/site-packages/airflow/example_dags/example_short_circuit_decorator.py
[2023-08-11T08:18:17.819+0000] {processor.py:826} INFO - Processing file /home/airflow/.local/lib/python3.7/site-packages/airflow/example_dags/example_short_circuit_decorator.py for tasks to queue
[2023-08-11T08:18:17.820+0000] {logging_mixin.py:150} INFO - [2023-08-11T08:18:17.820+0000] {dagbag.py:541} INFO - Filling up the DagBag from /home/airflow/.local/lib/python3.7/site-packages/airflow/example_dags/example_short_circuit_decorator.py
[2023-08-11T08:18:17.833+0000] {processor.py:836} INFO - DAG(s) dict_keys(['example_short_circuit_decorator']) retrieved from /home/airflow/.local/lib/python3.7/site-packages/airflow/example_dags/example_short_circuit_decorator.py
[2023-08-11T08:18:17.869+0000] {logging_mixin.py:150} INFO - [2023-08-11T08:18:17.868+0000] {dag.py:2742} INFO - Sync 1 DAGs
[2023-08-11T08:18:17.912+0000] {logging_mixin.py:150} INFO - [2023-08-11T08:18:17.912+0000] {dag.py:3508} INFO - Setting next_dagrun for example_short_circuit_decorator to 2023-08-10T08:18:17.911917+00:00, run_after=2023-08-11T08:18:17.911917+00:00
[2023-08-11T08:18:17.945+0000] {processor.py:179} INFO - Processing /home/airflow/.local/lib/python3.7/site-packages/airflow/example_dags/example_short_circuit_decorator.py took 0.131 seconds
[2023-08-11T08:18:50.819+0000] {processor.py:157} INFO - Started process (PID=3525) to work on /home/airflow/.local/lib/python3.7/site-packages/airflow/example_dags/example_short_circuit_decorator.py
[2023-08-11T08:18:50.822+0000] {processor.py:826} INFO - Processing file /home/airflow/.local/lib/python3.7/site-packages/airflow/example_dags/example_short_circuit_decorator.py for tasks to queue
[2023-08-11T08:18:50.826+0000] {logging_mixin.py:150} INFO - [2023-08-11T08:18:50.825+0000] {dagbag.py:541} INFO - Filling up the DagBag from /home/airflow/.local/lib/python3.7/site-packages/airflow/example_dags/example_short_circuit_decorator.py
[2023-08-11T08:18:50.890+0000] {processor.py:836} INFO - DAG(s) dict_keys(['example_short_circuit_decorator']) retrieved from /home/airflow/.local/lib/python3.7/site-packages/airflow/example_dags/example_short_circuit_decorator.py
[2023-08-11T08:18:51.009+0000] {logging_mixin.py:150} INFO - [2023-08-11T08:18:51.008+0000] {dag.py:2742} INFO - Sync 1 DAGs
[2023-08-11T08:18:51.144+0000] {logging_mixin.py:150} INFO - [2023-08-11T08:18:51.142+0000] {dag.py:3508} INFO - Setting next_dagrun for example_short_circuit_decorator to 2023-08-10T08:18:51.135564+00:00, run_after=2023-08-11T08:18:51.135564+00:00
[2023-08-11T08:18:51.223+0000] {processor.py:179} INFO - Processing /home/airflow/.local/lib/python3.7/site-packages/airflow/example_dags/example_short_circuit_decorator.py took 0.421 seconds
[2023-08-11T08:19:21.358+0000] {processor.py:157} INFO - Started process (PID=3591) to work on /home/airflow/.local/lib/python3.7/site-packages/airflow/example_dags/example_short_circuit_decorator.py
[2023-08-11T08:19:21.360+0000] {processor.py:826} INFO - Processing file /home/airflow/.local/lib/python3.7/site-packages/airflow/example_dags/example_short_circuit_decorator.py for tasks to queue
[2023-08-11T08:19:21.360+0000] {logging_mixin.py:150} INFO - [2023-08-11T08:19:21.360+0000] {dagbag.py:541} INFO - Filling up the DagBag from /home/airflow/.local/lib/python3.7/site-packages/airflow/example_dags/example_short_circuit_decorator.py
[2023-08-11T08:19:21.369+0000] {processor.py:836} INFO - DAG(s) dict_keys(['example_short_circuit_decorator']) retrieved from /home/airflow/.local/lib/python3.7/site-packages/airflow/example_dags/example_short_circuit_decorator.py
[2023-08-11T08:19:21.398+0000] {logging_mixin.py:150} INFO - [2023-08-11T08:19:21.398+0000] {dag.py:2742} INFO - Sync 1 DAGs
[2023-08-11T08:19:21.420+0000] {logging_mixin.py:150} INFO - [2023-08-11T08:19:21.420+0000] {dag.py:3508} INFO - Setting next_dagrun for example_short_circuit_decorator to 2023-08-10T08:19:21.420316+00:00, run_after=2023-08-11T08:19:21.420316+00:00
[2023-08-11T08:19:21.438+0000] {processor.py:179} INFO - Processing /home/airflow/.local/lib/python3.7/site-packages/airflow/example_dags/example_short_circuit_decorator.py took 0.083 seconds
[2023-08-11T08:19:51.592+0000] {processor.py:157} INFO - Started process (PID=3669) to work on /home/airflow/.local/lib/python3.7/site-packages/airflow/example_dags/example_short_circuit_decorator.py
[2023-08-11T08:19:51.593+0000] {processor.py:826} INFO - Processing file /home/airflow/.local/lib/python3.7/site-packages/airflow/example_dags/example_short_circuit_decorator.py for tasks to queue
[2023-08-11T08:19:51.594+0000] {logging_mixin.py:150} INFO - [2023-08-11T08:19:51.594+0000] {dagbag.py:541} INFO - Filling up the DagBag from /home/airflow/.local/lib/python3.7/site-packages/airflow/example_dags/example_short_circuit_decorator.py
[2023-08-11T08:19:51.603+0000] {processor.py:836} INFO - DAG(s) dict_keys(['example_short_circuit_decorator']) retrieved from /home/airflow/.local/lib/python3.7/site-packages/airflow/example_dags/example_short_circuit_decorator.py
[2023-08-11T08:19:51.634+0000] {logging_mixin.py:150} INFO - [2023-08-11T08:19:51.634+0000] {dag.py:2742} INFO - Sync 1 DAGs
[2023-08-11T08:19:51.666+0000] {logging_mixin.py:150} INFO - [2023-08-11T08:19:51.666+0000] {dag.py:3508} INFO - Setting next_dagrun for example_short_circuit_decorator to 2023-08-10T08:19:51.665823+00:00, run_after=2023-08-11T08:19:51.665823+00:00
[2023-08-11T08:19:51.694+0000] {processor.py:179} INFO - Processing /home/airflow/.local/lib/python3.7/site-packages/airflow/example_dags/example_short_circuit_decorator.py took 0.106 seconds
[2023-08-11T08:20:22.273+0000] {processor.py:157} INFO - Started process (PID=3741) to work on /home/airflow/.local/lib/python3.7/site-packages/airflow/example_dags/example_short_circuit_decorator.py
[2023-08-11T08:20:22.274+0000] {processor.py:826} INFO - Processing file /home/airflow/.local/lib/python3.7/site-packages/airflow/example_dags/example_short_circuit_decorator.py for tasks to queue
[2023-08-11T08:20:22.275+0000] {logging_mixin.py:150} INFO - [2023-08-11T08:20:22.275+0000] {dagbag.py:541} INFO - Filling up the DagBag from /home/airflow/.local/lib/python3.7/site-packages/airflow/example_dags/example_short_circuit_decorator.py
[2023-08-11T08:20:22.284+0000] {processor.py:836} INFO - DAG(s) dict_keys(['example_short_circuit_decorator']) retrieved from /home/airflow/.local/lib/python3.7/site-packages/airflow/example_dags/example_short_circuit_decorator.py
[2023-08-11T08:20:22.309+0000] {logging_mixin.py:150} INFO - [2023-08-11T08:20:22.309+0000] {dag.py:2742} INFO - Sync 1 DAGs
[2023-08-11T08:20:22.341+0000] {logging_mixin.py:150} INFO - [2023-08-11T08:20:22.340+0000] {dag.py:3508} INFO - Setting next_dagrun for example_short_circuit_decorator to 2023-08-10T08:20:22.340544+00:00, run_after=2023-08-11T08:20:22.340544+00:00
[2023-08-11T08:20:22.375+0000] {processor.py:179} INFO - Processing /home/airflow/.local/lib/python3.7/site-packages/airflow/example_dags/example_short_circuit_decorator.py took 0.105 seconds
[2023-08-11T08:20:52.750+0000] {processor.py:157} INFO - Started process (PID=3845) to work on /home/airflow/.local/lib/python3.7/site-packages/airflow/example_dags/example_short_circuit_decorator.py
[2023-08-11T08:20:52.750+0000] {processor.py:826} INFO - Processing file /home/airflow/.local/lib/python3.7/site-packages/airflow/example_dags/example_short_circuit_decorator.py for tasks to queue
[2023-08-11T08:20:52.751+0000] {logging_mixin.py:150} INFO - [2023-08-11T08:20:52.751+0000] {dagbag.py:541} INFO - Filling up the DagBag from /home/airflow/.local/lib/python3.7/site-packages/airflow/example_dags/example_short_circuit_decorator.py
[2023-08-11T08:20:52.762+0000] {processor.py:836} INFO - DAG(s) dict_keys(['example_short_circuit_decorator']) retrieved from /home/airflow/.local/lib/python3.7/site-packages/airflow/example_dags/example_short_circuit_decorator.py
[2023-08-11T08:20:52.796+0000] {logging_mixin.py:150} INFO - [2023-08-11T08:20:52.795+0000] {dag.py:2742} INFO - Sync 1 DAGs
[2023-08-11T08:20:52.832+0000] {logging_mixin.py:150} INFO - [2023-08-11T08:20:52.832+0000] {dag.py:3508} INFO - Setting next_dagrun for example_short_circuit_decorator to 2023-08-10T08:20:52.831706+00:00, run_after=2023-08-11T08:20:52.831706+00:00
[2023-08-11T08:20:52.867+0000] {processor.py:179} INFO - Processing /home/airflow/.local/lib/python3.7/site-packages/airflow/example_dags/example_short_circuit_decorator.py took 0.122 seconds
[2023-08-11T08:21:23.615+0000] {processor.py:157} INFO - Started process (PID=3923) to work on /home/airflow/.local/lib/python3.7/site-packages/airflow/example_dags/example_short_circuit_decorator.py
[2023-08-11T08:21:23.616+0000] {processor.py:826} INFO - Processing file /home/airflow/.local/lib/python3.7/site-packages/airflow/example_dags/example_short_circuit_decorator.py for tasks to queue
[2023-08-11T08:21:23.617+0000] {logging_mixin.py:150} INFO - [2023-08-11T08:21:23.616+0000] {dagbag.py:541} INFO - Filling up the DagBag from /home/airflow/.local/lib/python3.7/site-packages/airflow/example_dags/example_short_circuit_decorator.py
[2023-08-11T08:21:23.626+0000] {processor.py:836} INFO - DAG(s) dict_keys(['example_short_circuit_decorator']) retrieved from /home/airflow/.local/lib/python3.7/site-packages/airflow/example_dags/example_short_circuit_decorator.py
[2023-08-11T08:21:23.656+0000] {logging_mixin.py:150} INFO - [2023-08-11T08:21:23.656+0000] {dag.py:2742} INFO - Sync 1 DAGs
[2023-08-11T08:21:23.691+0000] {logging_mixin.py:150} INFO - [2023-08-11T08:21:23.690+0000] {dag.py:3508} INFO - Setting next_dagrun for example_short_circuit_decorator to 2023-08-10T08:21:23.690539+00:00, run_after=2023-08-11T08:21:23.690539+00:00
[2023-08-11T08:21:23.725+0000] {processor.py:179} INFO - Processing /home/airflow/.local/lib/python3.7/site-packages/airflow/example_dags/example_short_circuit_decorator.py took 0.114 seconds
[2023-08-11T08:21:53.919+0000] {processor.py:157} INFO - Started process (PID=4014) to work on /home/airflow/.local/lib/python3.7/site-packages/airflow/example_dags/example_short_circuit_decorator.py
[2023-08-11T08:21:53.919+0000] {processor.py:826} INFO - Processing file /home/airflow/.local/lib/python3.7/site-packages/airflow/example_dags/example_short_circuit_decorator.py for tasks to queue
[2023-08-11T08:21:53.920+0000] {logging_mixin.py:150} INFO - [2023-08-11T08:21:53.920+0000] {dagbag.py:541} INFO - Filling up the DagBag from /home/airflow/.local/lib/python3.7/site-packages/airflow/example_dags/example_short_circuit_decorator.py
[2023-08-11T08:21:53.929+0000] {processor.py:836} INFO - DAG(s) dict_keys(['example_short_circuit_decorator']) retrieved from /home/airflow/.local/lib/python3.7/site-packages/airflow/example_dags/example_short_circuit_decorator.py
[2023-08-11T08:21:53.959+0000] {logging_mixin.py:150} INFO - [2023-08-11T08:21:53.959+0000] {dag.py:2742} INFO - Sync 1 DAGs
[2023-08-11T08:21:53.987+0000] {logging_mixin.py:150} INFO - [2023-08-11T08:21:53.987+0000] {dag.py:3508} INFO - Setting next_dagrun for example_short_circuit_decorator to 2023-08-10T08:21:53.987541+00:00, run_after=2023-08-11T08:21:53.987541+00:00
[2023-08-11T08:21:54.008+0000] {processor.py:179} INFO - Processing /home/airflow/.local/lib/python3.7/site-packages/airflow/example_dags/example_short_circuit_decorator.py took 0.092 seconds
[2023-08-11T08:22:24.863+0000] {processor.py:157} INFO - Started process (PID=4092) to work on /home/airflow/.local/lib/python3.7/site-packages/airflow/example_dags/example_short_circuit_decorator.py
[2023-08-11T08:22:24.864+0000] {processor.py:826} INFO - Processing file /home/airflow/.local/lib/python3.7/site-packages/airflow/example_dags/example_short_circuit_decorator.py for tasks to queue
[2023-08-11T08:22:24.865+0000] {logging_mixin.py:150} INFO - [2023-08-11T08:22:24.865+0000] {dagbag.py:541} INFO - Filling up the DagBag from /home/airflow/.local/lib/python3.7/site-packages/airflow/example_dags/example_short_circuit_decorator.py
[2023-08-11T08:22:24.874+0000] {processor.py:836} INFO - DAG(s) dict_keys(['example_short_circuit_decorator']) retrieved from /home/airflow/.local/lib/python3.7/site-packages/airflow/example_dags/example_short_circuit_decorator.py
[2023-08-11T08:22:24.902+0000] {logging_mixin.py:150} INFO - [2023-08-11T08:22:24.902+0000] {dag.py:2742} INFO - Sync 1 DAGs
[2023-08-11T08:22:24.923+0000] {logging_mixin.py:150} INFO - [2023-08-11T08:22:24.923+0000] {dag.py:3508} INFO - Setting next_dagrun for example_short_circuit_decorator to 2023-08-10T08:22:24.923597+00:00, run_after=2023-08-11T08:22:24.923597+00:00
[2023-08-11T08:22:24.943+0000] {processor.py:179} INFO - Processing /home/airflow/.local/lib/python3.7/site-packages/airflow/example_dags/example_short_circuit_decorator.py took 0.083 seconds
