[2023-08-11T07:52:49.074+0000] {processor.py:157} INFO - Started process (PID=65) to work on /home/airflow/.local/lib/python3.7/site-packages/airflow/example_dags/example_branch_python_dop_operator_3.py
[2023-08-11T07:52:49.078+0000] {processor.py:826} INFO - Processing file /home/airflow/.local/lib/python3.7/site-packages/airflow/example_dags/example_branch_python_dop_operator_3.py for tasks to queue
[2023-08-11T07:52:49.079+0000] {logging_mixin.py:150} INFO - [2023-08-11T07:52:49.079+0000] {dagbag.py:541} INFO - Filling up the DagBag from /home/airflow/.local/lib/python3.7/site-packages/airflow/example_dags/example_branch_python_dop_operator_3.py
[2023-08-11T07:52:49.164+0000] {processor.py:836} INFO - DAG(s) dict_keys(['example_branch_dop_operator_v3']) retrieved from /home/airflow/.local/lib/python3.7/site-packages/airflow/example_dags/example_branch_python_dop_operator_3.py
[2023-08-11T07:52:49.236+0000] {logging_mixin.py:150} INFO - [2023-08-11T07:52:49.236+0000] {dag.py:2742} INFO - Sync 1 DAGs
[2023-08-11T07:52:49.364+0000] {logging_mixin.py:150} INFO - [2023-08-11T07:52:49.364+0000] {dag.py:3508} INFO - Setting next_dagrun for example_branch_dop_operator_v3 to 2023-08-11T07:51:00+00:00, run_after=2023-08-11T07:52:00+00:00
[2023-08-11T07:52:49.428+0000] {processor.py:179} INFO - Processing /home/airflow/.local/lib/python3.7/site-packages/airflow/example_dags/example_branch_python_dop_operator_3.py took 0.376 seconds
[2023-08-11T07:53:19.995+0000] {processor.py:157} INFO - Started process (PID=130) to work on /home/airflow/.local/lib/python3.7/site-packages/airflow/example_dags/example_branch_python_dop_operator_3.py
[2023-08-11T07:53:20.005+0000] {processor.py:826} INFO - Processing file /home/airflow/.local/lib/python3.7/site-packages/airflow/example_dags/example_branch_python_dop_operator_3.py for tasks to queue
[2023-08-11T07:53:20.005+0000] {logging_mixin.py:150} INFO - [2023-08-11T07:53:20.005+0000] {dagbag.py:541} INFO - Filling up the DagBag from /home/airflow/.local/lib/python3.7/site-packages/airflow/example_dags/example_branch_python_dop_operator_3.py
[2023-08-11T07:53:20.012+0000] {processor.py:836} INFO - DAG(s) dict_keys(['example_branch_dop_operator_v3']) retrieved from /home/airflow/.local/lib/python3.7/site-packages/airflow/example_dags/example_branch_python_dop_operator_3.py
[2023-08-11T07:53:20.034+0000] {logging_mixin.py:150} INFO - [2023-08-11T07:53:20.034+0000] {dag.py:2742} INFO - Sync 1 DAGs
[2023-08-11T07:53:20.058+0000] {logging_mixin.py:150} INFO - [2023-08-11T07:53:20.057+0000] {dag.py:3508} INFO - Setting next_dagrun for example_branch_dop_operator_v3 to 2023-08-11T07:52:00+00:00, run_after=2023-08-11T07:53:00+00:00
[2023-08-11T07:53:20.081+0000] {processor.py:179} INFO - Processing /home/airflow/.local/lib/python3.7/site-packages/airflow/example_dags/example_branch_python_dop_operator_3.py took 0.089 seconds
[2023-08-11T07:53:50.831+0000] {processor.py:157} INFO - Started process (PID=195) to work on /home/airflow/.local/lib/python3.7/site-packages/airflow/example_dags/example_branch_python_dop_operator_3.py
[2023-08-11T07:53:50.831+0000] {processor.py:826} INFO - Processing file /home/airflow/.local/lib/python3.7/site-packages/airflow/example_dags/example_branch_python_dop_operator_3.py for tasks to queue
[2023-08-11T07:53:50.833+0000] {logging_mixin.py:150} INFO - [2023-08-11T07:53:50.832+0000] {dagbag.py:541} INFO - Filling up the DagBag from /home/airflow/.local/lib/python3.7/site-packages/airflow/example_dags/example_branch_python_dop_operator_3.py
[2023-08-11T07:53:50.841+0000] {processor.py:836} INFO - DAG(s) dict_keys(['example_branch_dop_operator_v3']) retrieved from /home/airflow/.local/lib/python3.7/site-packages/airflow/example_dags/example_branch_python_dop_operator_3.py
[2023-08-11T07:53:50.866+0000] {logging_mixin.py:150} INFO - [2023-08-11T07:53:50.866+0000] {dag.py:2742} INFO - Sync 1 DAGs
[2023-08-11T07:53:50.892+0000] {logging_mixin.py:150} INFO - [2023-08-11T07:53:50.892+0000] {dag.py:3508} INFO - Setting next_dagrun for example_branch_dop_operator_v3 to 2023-08-11T07:52:00+00:00, run_after=2023-08-11T07:53:00+00:00
[2023-08-11T07:53:50.910+0000] {processor.py:179} INFO - Processing /home/airflow/.local/lib/python3.7/site-packages/airflow/example_dags/example_branch_python_dop_operator_3.py took 0.082 seconds
[2023-08-11T07:54:21.537+0000] {processor.py:157} INFO - Started process (PID=260) to work on /home/airflow/.local/lib/python3.7/site-packages/airflow/example_dags/example_branch_python_dop_operator_3.py
[2023-08-11T07:54:21.538+0000] {processor.py:826} INFO - Processing file /home/airflow/.local/lib/python3.7/site-packages/airflow/example_dags/example_branch_python_dop_operator_3.py for tasks to queue
[2023-08-11T07:54:21.539+0000] {logging_mixin.py:150} INFO - [2023-08-11T07:54:21.539+0000] {dagbag.py:541} INFO - Filling up the DagBag from /home/airflow/.local/lib/python3.7/site-packages/airflow/example_dags/example_branch_python_dop_operator_3.py
[2023-08-11T07:54:21.547+0000] {processor.py:836} INFO - DAG(s) dict_keys(['example_branch_dop_operator_v3']) retrieved from /home/airflow/.local/lib/python3.7/site-packages/airflow/example_dags/example_branch_python_dop_operator_3.py
[2023-08-11T07:54:21.575+0000] {logging_mixin.py:150} INFO - [2023-08-11T07:54:21.574+0000] {dag.py:2742} INFO - Sync 1 DAGs
[2023-08-11T07:54:21.604+0000] {logging_mixin.py:150} INFO - [2023-08-11T07:54:21.604+0000] {dag.py:3508} INFO - Setting next_dagrun for example_branch_dop_operator_v3 to 2023-08-11T07:53:00+00:00, run_after=2023-08-11T07:54:00+00:00
[2023-08-11T07:54:21.629+0000] {processor.py:179} INFO - Processing /home/airflow/.local/lib/python3.7/site-packages/airflow/example_dags/example_branch_python_dop_operator_3.py took 0.095 seconds
[2023-08-11T07:54:52.408+0000] {processor.py:157} INFO - Started process (PID=325) to work on /home/airflow/.local/lib/python3.7/site-packages/airflow/example_dags/example_branch_python_dop_operator_3.py
[2023-08-11T07:54:52.438+0000] {processor.py:826} INFO - Processing file /home/airflow/.local/lib/python3.7/site-packages/airflow/example_dags/example_branch_python_dop_operator_3.py for tasks to queue
[2023-08-11T07:54:52.439+0000] {logging_mixin.py:150} INFO - [2023-08-11T07:54:52.438+0000] {dagbag.py:541} INFO - Filling up the DagBag from /home/airflow/.local/lib/python3.7/site-packages/airflow/example_dags/example_branch_python_dop_operator_3.py
[2023-08-11T07:54:52.449+0000] {processor.py:836} INFO - DAG(s) dict_keys(['example_branch_dop_operator_v3']) retrieved from /home/airflow/.local/lib/python3.7/site-packages/airflow/example_dags/example_branch_python_dop_operator_3.py
[2023-08-11T07:54:52.480+0000] {logging_mixin.py:150} INFO - [2023-08-11T07:54:52.479+0000] {dag.py:2742} INFO - Sync 1 DAGs
[2023-08-11T07:54:52.516+0000] {logging_mixin.py:150} INFO - [2023-08-11T07:54:52.516+0000] {dag.py:3508} INFO - Setting next_dagrun for example_branch_dop_operator_v3 to 2023-08-11T07:53:00+00:00, run_after=2023-08-11T07:54:00+00:00
[2023-08-11T07:54:52.896+0000] {processor.py:179} INFO - Processing /home/airflow/.local/lib/python3.7/site-packages/airflow/example_dags/example_branch_python_dop_operator_3.py took 0.492 seconds
[2023-08-11T07:55:23.424+0000] {processor.py:157} INFO - Started process (PID=391) to work on /home/airflow/.local/lib/python3.7/site-packages/airflow/example_dags/example_branch_python_dop_operator_3.py
[2023-08-11T07:55:23.426+0000] {processor.py:826} INFO - Processing file /home/airflow/.local/lib/python3.7/site-packages/airflow/example_dags/example_branch_python_dop_operator_3.py for tasks to queue
[2023-08-11T07:55:23.427+0000] {logging_mixin.py:150} INFO - [2023-08-11T07:55:23.427+0000] {dagbag.py:541} INFO - Filling up the DagBag from /home/airflow/.local/lib/python3.7/site-packages/airflow/example_dags/example_branch_python_dop_operator_3.py
[2023-08-11T07:55:23.434+0000] {processor.py:836} INFO - DAG(s) dict_keys(['example_branch_dop_operator_v3']) retrieved from /home/airflow/.local/lib/python3.7/site-packages/airflow/example_dags/example_branch_python_dop_operator_3.py
[2023-08-11T07:55:23.459+0000] {logging_mixin.py:150} INFO - [2023-08-11T07:55:23.459+0000] {dag.py:2742} INFO - Sync 1 DAGs
[2023-08-11T07:55:23.486+0000] {logging_mixin.py:150} INFO - [2023-08-11T07:55:23.486+0000] {dag.py:3508} INFO - Setting next_dagrun for example_branch_dop_operator_v3 to 2023-08-11T07:54:00+00:00, run_after=2023-08-11T07:55:00+00:00
[2023-08-11T07:55:23.510+0000] {processor.py:179} INFO - Processing /home/airflow/.local/lib/python3.7/site-packages/airflow/example_dags/example_branch_python_dop_operator_3.py took 0.090 seconds
[2023-08-11T07:55:54.227+0000] {processor.py:157} INFO - Started process (PID=456) to work on /home/airflow/.local/lib/python3.7/site-packages/airflow/example_dags/example_branch_python_dop_operator_3.py
[2023-08-11T07:55:54.228+0000] {processor.py:826} INFO - Processing file /home/airflow/.local/lib/python3.7/site-packages/airflow/example_dags/example_branch_python_dop_operator_3.py for tasks to queue
[2023-08-11T07:55:54.228+0000] {logging_mixin.py:150} INFO - [2023-08-11T07:55:54.228+0000] {dagbag.py:541} INFO - Filling up the DagBag from /home/airflow/.local/lib/python3.7/site-packages/airflow/example_dags/example_branch_python_dop_operator_3.py
[2023-08-11T07:55:54.235+0000] {processor.py:836} INFO - DAG(s) dict_keys(['example_branch_dop_operator_v3']) retrieved from /home/airflow/.local/lib/python3.7/site-packages/airflow/example_dags/example_branch_python_dop_operator_3.py
[2023-08-11T07:55:54.262+0000] {logging_mixin.py:150} INFO - [2023-08-11T07:55:54.262+0000] {dag.py:2742} INFO - Sync 1 DAGs
[2023-08-11T07:55:54.293+0000] {logging_mixin.py:150} INFO - [2023-08-11T07:55:54.293+0000] {dag.py:3508} INFO - Setting next_dagrun for example_branch_dop_operator_v3 to 2023-08-11T07:54:00+00:00, run_after=2023-08-11T07:55:00+00:00
[2023-08-11T07:55:54.317+0000] {processor.py:179} INFO - Processing /home/airflow/.local/lib/python3.7/site-packages/airflow/example_dags/example_branch_python_dop_operator_3.py took 0.094 seconds
[2023-08-11T07:56:24.698+0000] {processor.py:157} INFO - Started process (PID=521) to work on /home/airflow/.local/lib/python3.7/site-packages/airflow/example_dags/example_branch_python_dop_operator_3.py
[2023-08-11T07:56:24.701+0000] {processor.py:826} INFO - Processing file /home/airflow/.local/lib/python3.7/site-packages/airflow/example_dags/example_branch_python_dop_operator_3.py for tasks to queue
[2023-08-11T07:56:24.703+0000] {logging_mixin.py:150} INFO - [2023-08-11T07:56:24.702+0000] {dagbag.py:541} INFO - Filling up the DagBag from /home/airflow/.local/lib/python3.7/site-packages/airflow/example_dags/example_branch_python_dop_operator_3.py
[2023-08-11T07:56:24.714+0000] {processor.py:836} INFO - DAG(s) dict_keys(['example_branch_dop_operator_v3']) retrieved from /home/airflow/.local/lib/python3.7/site-packages/airflow/example_dags/example_branch_python_dop_operator_3.py
[2023-08-11T07:56:24.746+0000] {logging_mixin.py:150} INFO - [2023-08-11T07:56:24.746+0000] {dag.py:2742} INFO - Sync 1 DAGs
[2023-08-11T07:56:24.776+0000] {logging_mixin.py:150} INFO - [2023-08-11T07:56:24.776+0000] {dag.py:3508} INFO - Setting next_dagrun for example_branch_dop_operator_v3 to 2023-08-11T07:55:00+00:00, run_after=2023-08-11T07:56:00+00:00
[2023-08-11T07:56:24.804+0000] {processor.py:179} INFO - Processing /home/airflow/.local/lib/python3.7/site-packages/airflow/example_dags/example_branch_python_dop_operator_3.py took 0.109 seconds
[2023-08-11T07:56:55.218+0000] {processor.py:157} INFO - Started process (PID=586) to work on /home/airflow/.local/lib/python3.7/site-packages/airflow/example_dags/example_branch_python_dop_operator_3.py
[2023-08-11T07:56:55.228+0000] {processor.py:826} INFO - Processing file /home/airflow/.local/lib/python3.7/site-packages/airflow/example_dags/example_branch_python_dop_operator_3.py for tasks to queue
[2023-08-11T07:56:55.230+0000] {logging_mixin.py:150} INFO - [2023-08-11T07:56:55.229+0000] {dagbag.py:541} INFO - Filling up the DagBag from /home/airflow/.local/lib/python3.7/site-packages/airflow/example_dags/example_branch_python_dop_operator_3.py
[2023-08-11T07:56:55.280+0000] {processor.py:836} INFO - DAG(s) dict_keys(['example_branch_dop_operator_v3']) retrieved from /home/airflow/.local/lib/python3.7/site-packages/airflow/example_dags/example_branch_python_dop_operator_3.py
[2023-08-11T07:56:55.399+0000] {logging_mixin.py:150} INFO - [2023-08-11T07:56:55.388+0000] {dag.py:2742} INFO - Sync 1 DAGs
[2023-08-11T07:56:55.533+0000] {logging_mixin.py:150} INFO - [2023-08-11T07:56:55.532+0000] {dag.py:3508} INFO - Setting next_dagrun for example_branch_dop_operator_v3 to 2023-08-11T07:55:00+00:00, run_after=2023-08-11T07:56:00+00:00
[2023-08-11T07:56:55.574+0000] {processor.py:179} INFO - Processing /home/airflow/.local/lib/python3.7/site-packages/airflow/example_dags/example_branch_python_dop_operator_3.py took 0.361 seconds
[2023-08-11T07:57:26.432+0000] {processor.py:157} INFO - Started process (PID=651) to work on /home/airflow/.local/lib/python3.7/site-packages/airflow/example_dags/example_branch_python_dop_operator_3.py
[2023-08-11T07:57:26.433+0000] {processor.py:826} INFO - Processing file /home/airflow/.local/lib/python3.7/site-packages/airflow/example_dags/example_branch_python_dop_operator_3.py for tasks to queue
[2023-08-11T07:57:26.435+0000] {logging_mixin.py:150} INFO - [2023-08-11T07:57:26.435+0000] {dagbag.py:541} INFO - Filling up the DagBag from /home/airflow/.local/lib/python3.7/site-packages/airflow/example_dags/example_branch_python_dop_operator_3.py
[2023-08-11T07:57:26.451+0000] {processor.py:836} INFO - DAG(s) dict_keys(['example_branch_dop_operator_v3']) retrieved from /home/airflow/.local/lib/python3.7/site-packages/airflow/example_dags/example_branch_python_dop_operator_3.py
[2023-08-11T07:57:26.507+0000] {logging_mixin.py:150} INFO - [2023-08-11T07:57:26.506+0000] {dag.py:2742} INFO - Sync 1 DAGs
[2023-08-11T07:57:26.558+0000] {logging_mixin.py:150} INFO - [2023-08-11T07:57:26.558+0000] {dag.py:3508} INFO - Setting next_dagrun for example_branch_dop_operator_v3 to 2023-08-11T07:56:00+00:00, run_after=2023-08-11T07:57:00+00:00
[2023-08-11T07:57:26.600+0000] {processor.py:179} INFO - Processing /home/airflow/.local/lib/python3.7/site-packages/airflow/example_dags/example_branch_python_dop_operator_3.py took 0.174 seconds
[2023-08-11T07:57:57.420+0000] {processor.py:157} INFO - Started process (PID=717) to work on /home/airflow/.local/lib/python3.7/site-packages/airflow/example_dags/example_branch_python_dop_operator_3.py
[2023-08-11T07:57:57.434+0000] {processor.py:826} INFO - Processing file /home/airflow/.local/lib/python3.7/site-packages/airflow/example_dags/example_branch_python_dop_operator_3.py for tasks to queue
[2023-08-11T07:57:57.435+0000] {logging_mixin.py:150} INFO - [2023-08-11T07:57:57.435+0000] {dagbag.py:541} INFO - Filling up the DagBag from /home/airflow/.local/lib/python3.7/site-packages/airflow/example_dags/example_branch_python_dop_operator_3.py
[2023-08-11T07:57:57.452+0000] {processor.py:836} INFO - DAG(s) dict_keys(['example_branch_dop_operator_v3']) retrieved from /home/airflow/.local/lib/python3.7/site-packages/airflow/example_dags/example_branch_python_dop_operator_3.py
[2023-08-11T07:57:57.491+0000] {logging_mixin.py:150} INFO - [2023-08-11T07:57:57.491+0000] {dag.py:2742} INFO - Sync 1 DAGs
[2023-08-11T07:57:57.541+0000] {logging_mixin.py:150} INFO - [2023-08-11T07:57:57.541+0000] {dag.py:3508} INFO - Setting next_dagrun for example_branch_dop_operator_v3 to 2023-08-11T07:56:00+00:00, run_after=2023-08-11T07:57:00+00:00
[2023-08-11T07:57:57.584+0000] {processor.py:179} INFO - Processing /home/airflow/.local/lib/python3.7/site-packages/airflow/example_dags/example_branch_python_dop_operator_3.py took 0.167 seconds
[2023-08-11T07:58:27.608+0000] {processor.py:157} INFO - Started process (PID=783) to work on /home/airflow/.local/lib/python3.7/site-packages/airflow/example_dags/example_branch_python_dop_operator_3.py
[2023-08-11T07:58:27.609+0000] {processor.py:826} INFO - Processing file /home/airflow/.local/lib/python3.7/site-packages/airflow/example_dags/example_branch_python_dop_operator_3.py for tasks to queue
[2023-08-11T07:58:27.609+0000] {logging_mixin.py:150} INFO - [2023-08-11T07:58:27.609+0000] {dagbag.py:541} INFO - Filling up the DagBag from /home/airflow/.local/lib/python3.7/site-packages/airflow/example_dags/example_branch_python_dop_operator_3.py
[2023-08-11T07:58:27.619+0000] {processor.py:836} INFO - DAG(s) dict_keys(['example_branch_dop_operator_v3']) retrieved from /home/airflow/.local/lib/python3.7/site-packages/airflow/example_dags/example_branch_python_dop_operator_3.py
[2023-08-11T07:58:27.644+0000] {logging_mixin.py:150} INFO - [2023-08-11T07:58:27.644+0000] {dag.py:2742} INFO - Sync 1 DAGs
[2023-08-11T07:58:27.671+0000] {logging_mixin.py:150} INFO - [2023-08-11T07:58:27.671+0000] {dag.py:3508} INFO - Setting next_dagrun for example_branch_dop_operator_v3 to 2023-08-11T07:57:00+00:00, run_after=2023-08-11T07:58:00+00:00
[2023-08-11T07:58:27.691+0000] {processor.py:179} INFO - Processing /home/airflow/.local/lib/python3.7/site-packages/airflow/example_dags/example_branch_python_dop_operator_3.py took 0.086 seconds
[2023-08-11T07:58:57.743+0000] {processor.py:157} INFO - Started process (PID=849) to work on /home/airflow/.local/lib/python3.7/site-packages/airflow/example_dags/example_branch_python_dop_operator_3.py
[2023-08-11T07:58:57.750+0000] {processor.py:826} INFO - Processing file /home/airflow/.local/lib/python3.7/site-packages/airflow/example_dags/example_branch_python_dop_operator_3.py for tasks to queue
[2023-08-11T07:58:57.751+0000] {logging_mixin.py:150} INFO - [2023-08-11T07:58:57.751+0000] {dagbag.py:541} INFO - Filling up the DagBag from /home/airflow/.local/lib/python3.7/site-packages/airflow/example_dags/example_branch_python_dop_operator_3.py
[2023-08-11T07:58:57.758+0000] {processor.py:836} INFO - DAG(s) dict_keys(['example_branch_dop_operator_v3']) retrieved from /home/airflow/.local/lib/python3.7/site-packages/airflow/example_dags/example_branch_python_dop_operator_3.py
[2023-08-11T07:58:57.782+0000] {logging_mixin.py:150} INFO - [2023-08-11T07:58:57.782+0000] {dag.py:2742} INFO - Sync 1 DAGs
[2023-08-11T07:58:57.811+0000] {logging_mixin.py:150} INFO - [2023-08-11T07:58:57.811+0000] {dag.py:3508} INFO - Setting next_dagrun for example_branch_dop_operator_v3 to 2023-08-11T07:57:00+00:00, run_after=2023-08-11T07:58:00+00:00
[2023-08-11T07:58:57.841+0000] {processor.py:179} INFO - Processing /home/airflow/.local/lib/python3.7/site-packages/airflow/example_dags/example_branch_python_dop_operator_3.py took 0.101 seconds
[2023-08-11T07:59:27.874+0000] {processor.py:157} INFO - Started process (PID=915) to work on /home/airflow/.local/lib/python3.7/site-packages/airflow/example_dags/example_branch_python_dop_operator_3.py
[2023-08-11T07:59:27.881+0000] {processor.py:826} INFO - Processing file /home/airflow/.local/lib/python3.7/site-packages/airflow/example_dags/example_branch_python_dop_operator_3.py for tasks to queue
[2023-08-11T07:59:27.882+0000] {logging_mixin.py:150} INFO - [2023-08-11T07:59:27.882+0000] {dagbag.py:541} INFO - Filling up the DagBag from /home/airflow/.local/lib/python3.7/site-packages/airflow/example_dags/example_branch_python_dop_operator_3.py
[2023-08-11T07:59:27.890+0000] {processor.py:836} INFO - DAG(s) dict_keys(['example_branch_dop_operator_v3']) retrieved from /home/airflow/.local/lib/python3.7/site-packages/airflow/example_dags/example_branch_python_dop_operator_3.py
[2023-08-11T07:59:27.903+0000] {logging_mixin.py:150} INFO - [2023-08-11T07:59:27.903+0000] {dag.py:2742} INFO - Sync 1 DAGs
[2023-08-11T07:59:27.929+0000] {logging_mixin.py:150} INFO - [2023-08-11T07:59:27.929+0000] {dag.py:3508} INFO - Setting next_dagrun for example_branch_dop_operator_v3 to 2023-08-11T07:58:00+00:00, run_after=2023-08-11T07:59:00+00:00
[2023-08-11T07:59:27.951+0000] {processor.py:179} INFO - Processing /home/airflow/.local/lib/python3.7/site-packages/airflow/example_dags/example_branch_python_dop_operator_3.py took 0.079 seconds
[2023-08-11T07:59:58.804+0000] {processor.py:157} INFO - Started process (PID=984) to work on /home/airflow/.local/lib/python3.7/site-packages/airflow/example_dags/example_branch_python_dop_operator_3.py
[2023-08-11T07:59:58.805+0000] {processor.py:826} INFO - Processing file /home/airflow/.local/lib/python3.7/site-packages/airflow/example_dags/example_branch_python_dop_operator_3.py for tasks to queue
[2023-08-11T07:59:58.806+0000] {logging_mixin.py:150} INFO - [2023-08-11T07:59:58.805+0000] {dagbag.py:541} INFO - Filling up the DagBag from /home/airflow/.local/lib/python3.7/site-packages/airflow/example_dags/example_branch_python_dop_operator_3.py
[2023-08-11T07:59:58.813+0000] {processor.py:836} INFO - DAG(s) dict_keys(['example_branch_dop_operator_v3']) retrieved from /home/airflow/.local/lib/python3.7/site-packages/airflow/example_dags/example_branch_python_dop_operator_3.py
[2023-08-11T07:59:58.840+0000] {logging_mixin.py:150} INFO - [2023-08-11T07:59:58.840+0000] {dag.py:2742} INFO - Sync 1 DAGs
[2023-08-11T07:59:58.867+0000] {logging_mixin.py:150} INFO - [2023-08-11T07:59:58.867+0000] {dag.py:3508} INFO - Setting next_dagrun for example_branch_dop_operator_v3 to 2023-08-11T07:58:00+00:00, run_after=2023-08-11T07:59:00+00:00
[2023-08-11T07:59:58.892+0000] {processor.py:179} INFO - Processing /home/airflow/.local/lib/python3.7/site-packages/airflow/example_dags/example_branch_python_dop_operator_3.py took 0.092 seconds
[2023-08-11T08:00:29.539+0000] {processor.py:157} INFO - Started process (PID=1055) to work on /home/airflow/.local/lib/python3.7/site-packages/airflow/example_dags/example_branch_python_dop_operator_3.py
[2023-08-11T08:00:29.540+0000] {processor.py:826} INFO - Processing file /home/airflow/.local/lib/python3.7/site-packages/airflow/example_dags/example_branch_python_dop_operator_3.py for tasks to queue
[2023-08-11T08:00:29.542+0000] {logging_mixin.py:150} INFO - [2023-08-11T08:00:29.541+0000] {dagbag.py:541} INFO - Filling up the DagBag from /home/airflow/.local/lib/python3.7/site-packages/airflow/example_dags/example_branch_python_dop_operator_3.py
[2023-08-11T08:00:29.559+0000] {processor.py:836} INFO - DAG(s) dict_keys(['example_branch_dop_operator_v3']) retrieved from /home/airflow/.local/lib/python3.7/site-packages/airflow/example_dags/example_branch_python_dop_operator_3.py
[2023-08-11T08:00:29.612+0000] {logging_mixin.py:150} INFO - [2023-08-11T08:00:29.612+0000] {dag.py:2742} INFO - Sync 1 DAGs
[2023-08-11T08:00:29.706+0000] {logging_mixin.py:150} INFO - [2023-08-11T08:00:29.705+0000] {dag.py:3508} INFO - Setting next_dagrun for example_branch_dop_operator_v3 to 2023-08-11T07:59:00+00:00, run_after=2023-08-11T08:00:00+00:00
[2023-08-11T08:00:29.878+0000] {processor.py:179} INFO - Processing /home/airflow/.local/lib/python3.7/site-packages/airflow/example_dags/example_branch_python_dop_operator_3.py took 0.347 seconds
[2023-08-11T08:01:00.474+0000] {processor.py:157} INFO - Started process (PID=1121) to work on /home/airflow/.local/lib/python3.7/site-packages/airflow/example_dags/example_branch_python_dop_operator_3.py
[2023-08-11T08:01:00.476+0000] {processor.py:826} INFO - Processing file /home/airflow/.local/lib/python3.7/site-packages/airflow/example_dags/example_branch_python_dop_operator_3.py for tasks to queue
[2023-08-11T08:01:00.477+0000] {logging_mixin.py:150} INFO - [2023-08-11T08:01:00.476+0000] {dagbag.py:541} INFO - Filling up the DagBag from /home/airflow/.local/lib/python3.7/site-packages/airflow/example_dags/example_branch_python_dop_operator_3.py
[2023-08-11T08:01:00.485+0000] {processor.py:836} INFO - DAG(s) dict_keys(['example_branch_dop_operator_v3']) retrieved from /home/airflow/.local/lib/python3.7/site-packages/airflow/example_dags/example_branch_python_dop_operator_3.py
[2023-08-11T08:01:00.518+0000] {logging_mixin.py:150} INFO - [2023-08-11T08:01:00.518+0000] {dag.py:2742} INFO - Sync 1 DAGs
[2023-08-11T08:01:00.553+0000] {logging_mixin.py:150} INFO - [2023-08-11T08:01:00.553+0000] {dag.py:3508} INFO - Setting next_dagrun for example_branch_dop_operator_v3 to 2023-08-11T08:00:00+00:00, run_after=2023-08-11T08:01:00+00:00
[2023-08-11T08:01:00.579+0000] {processor.py:179} INFO - Processing /home/airflow/.local/lib/python3.7/site-packages/airflow/example_dags/example_branch_python_dop_operator_3.py took 0.109 seconds
[2023-08-11T08:01:30.659+0000] {processor.py:157} INFO - Started process (PID=1189) to work on /home/airflow/.local/lib/python3.7/site-packages/airflow/example_dags/example_branch_python_dop_operator_3.py
[2023-08-11T08:01:30.660+0000] {processor.py:826} INFO - Processing file /home/airflow/.local/lib/python3.7/site-packages/airflow/example_dags/example_branch_python_dop_operator_3.py for tasks to queue
[2023-08-11T08:01:30.660+0000] {logging_mixin.py:150} INFO - [2023-08-11T08:01:30.660+0000] {dagbag.py:541} INFO - Filling up the DagBag from /home/airflow/.local/lib/python3.7/site-packages/airflow/example_dags/example_branch_python_dop_operator_3.py
[2023-08-11T08:01:30.668+0000] {processor.py:836} INFO - DAG(s) dict_keys(['example_branch_dop_operator_v3']) retrieved from /home/airflow/.local/lib/python3.7/site-packages/airflow/example_dags/example_branch_python_dop_operator_3.py
[2023-08-11T08:01:30.697+0000] {logging_mixin.py:150} INFO - [2023-08-11T08:01:30.697+0000] {dag.py:2742} INFO - Sync 1 DAGs
[2023-08-11T08:01:30.728+0000] {logging_mixin.py:150} INFO - [2023-08-11T08:01:30.727+0000] {dag.py:3508} INFO - Setting next_dagrun for example_branch_dop_operator_v3 to 2023-08-11T08:00:00+00:00, run_after=2023-08-11T08:01:00+00:00
[2023-08-11T08:01:30.748+0000] {processor.py:179} INFO - Processing /home/airflow/.local/lib/python3.7/site-packages/airflow/example_dags/example_branch_python_dop_operator_3.py took 0.094 seconds
[2023-08-11T08:02:00.847+0000] {processor.py:157} INFO - Started process (PID=1256) to work on /home/airflow/.local/lib/python3.7/site-packages/airflow/example_dags/example_branch_python_dop_operator_3.py
[2023-08-11T08:02:00.848+0000] {processor.py:826} INFO - Processing file /home/airflow/.local/lib/python3.7/site-packages/airflow/example_dags/example_branch_python_dop_operator_3.py for tasks to queue
[2023-08-11T08:02:00.849+0000] {logging_mixin.py:150} INFO - [2023-08-11T08:02:00.848+0000] {dagbag.py:541} INFO - Filling up the DagBag from /home/airflow/.local/lib/python3.7/site-packages/airflow/example_dags/example_branch_python_dop_operator_3.py
[2023-08-11T08:02:00.857+0000] {processor.py:836} INFO - DAG(s) dict_keys(['example_branch_dop_operator_v3']) retrieved from /home/airflow/.local/lib/python3.7/site-packages/airflow/example_dags/example_branch_python_dop_operator_3.py
[2023-08-11T08:02:00.886+0000] {logging_mixin.py:150} INFO - [2023-08-11T08:02:00.885+0000] {dag.py:2742} INFO - Sync 1 DAGs
[2023-08-11T08:02:00.916+0000] {logging_mixin.py:150} INFO - [2023-08-11T08:02:00.916+0000] {dag.py:3508} INFO - Setting next_dagrun for example_branch_dop_operator_v3 to 2023-08-11T08:01:00+00:00, run_after=2023-08-11T08:02:00+00:00
[2023-08-11T08:02:00.935+0000] {processor.py:179} INFO - Processing /home/airflow/.local/lib/python3.7/site-packages/airflow/example_dags/example_branch_python_dop_operator_3.py took 0.091 seconds
[2023-08-11T08:02:31.112+0000] {processor.py:157} INFO - Started process (PID=1324) to work on /home/airflow/.local/lib/python3.7/site-packages/airflow/example_dags/example_branch_python_dop_operator_3.py
[2023-08-11T08:02:31.113+0000] {processor.py:826} INFO - Processing file /home/airflow/.local/lib/python3.7/site-packages/airflow/example_dags/example_branch_python_dop_operator_3.py for tasks to queue
[2023-08-11T08:02:31.113+0000] {logging_mixin.py:150} INFO - [2023-08-11T08:02:31.113+0000] {dagbag.py:541} INFO - Filling up the DagBag from /home/airflow/.local/lib/python3.7/site-packages/airflow/example_dags/example_branch_python_dop_operator_3.py
[2023-08-11T08:02:31.119+0000] {processor.py:836} INFO - DAG(s) dict_keys(['example_branch_dop_operator_v3']) retrieved from /home/airflow/.local/lib/python3.7/site-packages/airflow/example_dags/example_branch_python_dop_operator_3.py
[2023-08-11T08:02:31.145+0000] {logging_mixin.py:150} INFO - [2023-08-11T08:02:31.145+0000] {dag.py:2742} INFO - Sync 1 DAGs
[2023-08-11T08:02:31.173+0000] {logging_mixin.py:150} INFO - [2023-08-11T08:02:31.173+0000] {dag.py:3508} INFO - Setting next_dagrun for example_branch_dop_operator_v3 to 2023-08-11T08:01:00+00:00, run_after=2023-08-11T08:02:00+00:00
[2023-08-11T08:02:31.196+0000] {processor.py:179} INFO - Processing /home/airflow/.local/lib/python3.7/site-packages/airflow/example_dags/example_branch_python_dop_operator_3.py took 0.088 seconds
[2023-08-11T08:03:01.749+0000] {processor.py:157} INFO - Started process (PID=1397) to work on /home/airflow/.local/lib/python3.7/site-packages/airflow/example_dags/example_branch_python_dop_operator_3.py
[2023-08-11T08:03:01.750+0000] {processor.py:826} INFO - Processing file /home/airflow/.local/lib/python3.7/site-packages/airflow/example_dags/example_branch_python_dop_operator_3.py for tasks to queue
[2023-08-11T08:03:01.750+0000] {logging_mixin.py:150} INFO - [2023-08-11T08:03:01.750+0000] {dagbag.py:541} INFO - Filling up the DagBag from /home/airflow/.local/lib/python3.7/site-packages/airflow/example_dags/example_branch_python_dop_operator_3.py
[2023-08-11T08:03:01.757+0000] {processor.py:836} INFO - DAG(s) dict_keys(['example_branch_dop_operator_v3']) retrieved from /home/airflow/.local/lib/python3.7/site-packages/airflow/example_dags/example_branch_python_dop_operator_3.py
[2023-08-11T08:03:01.783+0000] {logging_mixin.py:150} INFO - [2023-08-11T08:03:01.783+0000] {dag.py:2742} INFO - Sync 1 DAGs
[2023-08-11T08:03:01.806+0000] {logging_mixin.py:150} INFO - [2023-08-11T08:03:01.805+0000] {dag.py:3508} INFO - Setting next_dagrun for example_branch_dop_operator_v3 to 2023-08-11T08:02:00+00:00, run_after=2023-08-11T08:03:00+00:00
[2023-08-11T08:03:01.823+0000] {processor.py:179} INFO - Processing /home/airflow/.local/lib/python3.7/site-packages/airflow/example_dags/example_branch_python_dop_operator_3.py took 0.077 seconds
[2023-08-11T08:03:32.021+0000] {processor.py:157} INFO - Started process (PID=1464) to work on /home/airflow/.local/lib/python3.7/site-packages/airflow/example_dags/example_branch_python_dop_operator_3.py
[2023-08-11T08:03:32.022+0000] {processor.py:826} INFO - Processing file /home/airflow/.local/lib/python3.7/site-packages/airflow/example_dags/example_branch_python_dop_operator_3.py for tasks to queue
[2023-08-11T08:03:32.023+0000] {logging_mixin.py:150} INFO - [2023-08-11T08:03:32.022+0000] {dagbag.py:541} INFO - Filling up the DagBag from /home/airflow/.local/lib/python3.7/site-packages/airflow/example_dags/example_branch_python_dop_operator_3.py
[2023-08-11T08:03:32.033+0000] {processor.py:836} INFO - DAG(s) dict_keys(['example_branch_dop_operator_v3']) retrieved from /home/airflow/.local/lib/python3.7/site-packages/airflow/example_dags/example_branch_python_dop_operator_3.py
[2023-08-11T08:03:32.058+0000] {logging_mixin.py:150} INFO - [2023-08-11T08:03:32.057+0000] {dag.py:2742} INFO - Sync 1 DAGs
[2023-08-11T08:03:32.083+0000] {logging_mixin.py:150} INFO - [2023-08-11T08:03:32.083+0000] {dag.py:3508} INFO - Setting next_dagrun for example_branch_dop_operator_v3 to 2023-08-11T08:02:00+00:00, run_after=2023-08-11T08:03:00+00:00
[2023-08-11T08:03:32.107+0000] {processor.py:179} INFO - Processing /home/airflow/.local/lib/python3.7/site-packages/airflow/example_dags/example_branch_python_dop_operator_3.py took 0.088 seconds
[2023-08-11T08:04:02.160+0000] {processor.py:157} INFO - Started process (PID=1530) to work on /home/airflow/.local/lib/python3.7/site-packages/airflow/example_dags/example_branch_python_dop_operator_3.py
[2023-08-11T08:04:02.161+0000] {processor.py:826} INFO - Processing file /home/airflow/.local/lib/python3.7/site-packages/airflow/example_dags/example_branch_python_dop_operator_3.py for tasks to queue
[2023-08-11T08:04:02.163+0000] {logging_mixin.py:150} INFO - [2023-08-11T08:04:02.162+0000] {dagbag.py:541} INFO - Filling up the DagBag from /home/airflow/.local/lib/python3.7/site-packages/airflow/example_dags/example_branch_python_dop_operator_3.py
[2023-08-11T08:04:02.173+0000] {processor.py:836} INFO - DAG(s) dict_keys(['example_branch_dop_operator_v3']) retrieved from /home/airflow/.local/lib/python3.7/site-packages/airflow/example_dags/example_branch_python_dop_operator_3.py
[2023-08-11T08:04:02.205+0000] {logging_mixin.py:150} INFO - [2023-08-11T08:04:02.204+0000] {dag.py:2742} INFO - Sync 1 DAGs
[2023-08-11T08:04:02.239+0000] {logging_mixin.py:150} INFO - [2023-08-11T08:04:02.239+0000] {dag.py:3508} INFO - Setting next_dagrun for example_branch_dop_operator_v3 to 2023-08-11T08:03:00+00:00, run_after=2023-08-11T08:04:00+00:00
[2023-08-11T08:04:02.265+0000] {processor.py:179} INFO - Processing /home/airflow/.local/lib/python3.7/site-packages/airflow/example_dags/example_branch_python_dop_operator_3.py took 0.109 seconds
[2023-08-11T08:04:32.691+0000] {processor.py:157} INFO - Started process (PID=1604) to work on /home/airflow/.local/lib/python3.7/site-packages/airflow/example_dags/example_branch_python_dop_operator_3.py
[2023-08-11T08:04:32.691+0000] {processor.py:826} INFO - Processing file /home/airflow/.local/lib/python3.7/site-packages/airflow/example_dags/example_branch_python_dop_operator_3.py for tasks to queue
[2023-08-11T08:04:32.692+0000] {logging_mixin.py:150} INFO - [2023-08-11T08:04:32.692+0000] {dagbag.py:541} INFO - Filling up the DagBag from /home/airflow/.local/lib/python3.7/site-packages/airflow/example_dags/example_branch_python_dop_operator_3.py
[2023-08-11T08:04:32.700+0000] {processor.py:836} INFO - DAG(s) dict_keys(['example_branch_dop_operator_v3']) retrieved from /home/airflow/.local/lib/python3.7/site-packages/airflow/example_dags/example_branch_python_dop_operator_3.py
[2023-08-11T08:04:32.723+0000] {logging_mixin.py:150} INFO - [2023-08-11T08:04:32.723+0000] {dag.py:2742} INFO - Sync 1 DAGs
[2023-08-11T08:04:32.749+0000] {logging_mixin.py:150} INFO - [2023-08-11T08:04:32.748+0000] {dag.py:3508} INFO - Setting next_dagrun for example_branch_dop_operator_v3 to 2023-08-11T08:03:00+00:00, run_after=2023-08-11T08:04:00+00:00
[2023-08-11T08:04:32.771+0000] {processor.py:179} INFO - Processing /home/airflow/.local/lib/python3.7/site-packages/airflow/example_dags/example_branch_python_dop_operator_3.py took 0.083 seconds
[2023-08-11T08:05:03.585+0000] {processor.py:157} INFO - Started process (PID=1670) to work on /home/airflow/.local/lib/python3.7/site-packages/airflow/example_dags/example_branch_python_dop_operator_3.py
[2023-08-11T08:05:03.586+0000] {processor.py:826} INFO - Processing file /home/airflow/.local/lib/python3.7/site-packages/airflow/example_dags/example_branch_python_dop_operator_3.py for tasks to queue
[2023-08-11T08:05:03.587+0000] {logging_mixin.py:150} INFO - [2023-08-11T08:05:03.587+0000] {dagbag.py:541} INFO - Filling up the DagBag from /home/airflow/.local/lib/python3.7/site-packages/airflow/example_dags/example_branch_python_dop_operator_3.py
[2023-08-11T08:05:03.593+0000] {processor.py:836} INFO - DAG(s) dict_keys(['example_branch_dop_operator_v3']) retrieved from /home/airflow/.local/lib/python3.7/site-packages/airflow/example_dags/example_branch_python_dop_operator_3.py
[2023-08-11T08:05:03.621+0000] {logging_mixin.py:150} INFO - [2023-08-11T08:05:03.621+0000] {dag.py:2742} INFO - Sync 1 DAGs
[2023-08-11T08:05:03.647+0000] {logging_mixin.py:150} INFO - [2023-08-11T08:05:03.647+0000] {dag.py:3508} INFO - Setting next_dagrun for example_branch_dop_operator_v3 to 2023-08-11T08:04:00+00:00, run_after=2023-08-11T08:05:00+00:00
[2023-08-11T08:05:03.677+0000] {processor.py:179} INFO - Processing /home/airflow/.local/lib/python3.7/site-packages/airflow/example_dags/example_branch_python_dop_operator_3.py took 0.096 seconds
[2023-08-11T08:05:35.014+0000] {processor.py:157} INFO - Started process (PID=1737) to work on /home/airflow/.local/lib/python3.7/site-packages/airflow/example_dags/example_branch_python_dop_operator_3.py
[2023-08-11T08:05:35.015+0000] {processor.py:826} INFO - Processing file /home/airflow/.local/lib/python3.7/site-packages/airflow/example_dags/example_branch_python_dop_operator_3.py for tasks to queue
[2023-08-11T08:05:35.016+0000] {logging_mixin.py:150} INFO - [2023-08-11T08:05:35.016+0000] {dagbag.py:541} INFO - Filling up the DagBag from /home/airflow/.local/lib/python3.7/site-packages/airflow/example_dags/example_branch_python_dop_operator_3.py
[2023-08-11T08:05:35.026+0000] {processor.py:836} INFO - DAG(s) dict_keys(['example_branch_dop_operator_v3']) retrieved from /home/airflow/.local/lib/python3.7/site-packages/airflow/example_dags/example_branch_python_dop_operator_3.py
[2023-08-11T08:05:35.056+0000] {logging_mixin.py:150} INFO - [2023-08-11T08:05:35.055+0000] {dag.py:2742} INFO - Sync 1 DAGs
[2023-08-11T08:05:35.088+0000] {logging_mixin.py:150} INFO - [2023-08-11T08:05:35.087+0000] {dag.py:3508} INFO - Setting next_dagrun for example_branch_dop_operator_v3 to 2023-08-11T08:04:00+00:00, run_after=2023-08-11T08:05:00+00:00
[2023-08-11T08:05:35.111+0000] {processor.py:179} INFO - Processing /home/airflow/.local/lib/python3.7/site-packages/airflow/example_dags/example_branch_python_dop_operator_3.py took 0.101 seconds
[2023-08-11T08:06:06.476+0000] {processor.py:157} INFO - Started process (PID=1804) to work on /home/airflow/.local/lib/python3.7/site-packages/airflow/example_dags/example_branch_python_dop_operator_3.py
[2023-08-11T08:06:06.478+0000] {processor.py:826} INFO - Processing file /home/airflow/.local/lib/python3.7/site-packages/airflow/example_dags/example_branch_python_dop_operator_3.py for tasks to queue
[2023-08-11T08:06:06.478+0000] {logging_mixin.py:150} INFO - [2023-08-11T08:06:06.478+0000] {dagbag.py:541} INFO - Filling up the DagBag from /home/airflow/.local/lib/python3.7/site-packages/airflow/example_dags/example_branch_python_dop_operator_3.py
[2023-08-11T08:06:06.493+0000] {processor.py:836} INFO - DAG(s) dict_keys(['example_branch_dop_operator_v3']) retrieved from /home/airflow/.local/lib/python3.7/site-packages/airflow/example_dags/example_branch_python_dop_operator_3.py
[2023-08-11T08:06:06.537+0000] {logging_mixin.py:150} INFO - [2023-08-11T08:06:06.536+0000] {dag.py:2742} INFO - Sync 1 DAGs
[2023-08-11T08:06:06.593+0000] {logging_mixin.py:150} INFO - [2023-08-11T08:06:06.592+0000] {dag.py:3508} INFO - Setting next_dagrun for example_branch_dop_operator_v3 to 2023-08-11T08:05:00+00:00, run_after=2023-08-11T08:06:00+00:00
[2023-08-11T08:06:06.637+0000] {processor.py:179} INFO - Processing /home/airflow/.local/lib/python3.7/site-packages/airflow/example_dags/example_branch_python_dop_operator_3.py took 0.168 seconds
[2023-08-11T08:06:37.280+0000] {processor.py:157} INFO - Started process (PID=1874) to work on /home/airflow/.local/lib/python3.7/site-packages/airflow/example_dags/example_branch_python_dop_operator_3.py
[2023-08-11T08:06:37.283+0000] {processor.py:826} INFO - Processing file /home/airflow/.local/lib/python3.7/site-packages/airflow/example_dags/example_branch_python_dop_operator_3.py for tasks to queue
[2023-08-11T08:06:37.284+0000] {logging_mixin.py:150} INFO - [2023-08-11T08:06:37.284+0000] {dagbag.py:541} INFO - Filling up the DagBag from /home/airflow/.local/lib/python3.7/site-packages/airflow/example_dags/example_branch_python_dop_operator_3.py
[2023-08-11T08:06:37.306+0000] {processor.py:836} INFO - DAG(s) dict_keys(['example_branch_dop_operator_v3']) retrieved from /home/airflow/.local/lib/python3.7/site-packages/airflow/example_dags/example_branch_python_dop_operator_3.py
[2023-08-11T08:06:37.361+0000] {logging_mixin.py:150} INFO - [2023-08-11T08:06:37.360+0000] {dag.py:2742} INFO - Sync 1 DAGs
[2023-08-11T08:06:37.445+0000] {logging_mixin.py:150} INFO - [2023-08-11T08:06:37.445+0000] {dag.py:3508} INFO - Setting next_dagrun for example_branch_dop_operator_v3 to 2023-08-11T08:05:00+00:00, run_after=2023-08-11T08:06:00+00:00
[2023-08-11T08:06:37.495+0000] {processor.py:179} INFO - Processing /home/airflow/.local/lib/python3.7/site-packages/airflow/example_dags/example_branch_python_dop_operator_3.py took 0.222 seconds
[2023-08-11T08:07:07.668+0000] {processor.py:157} INFO - Started process (PID=1943) to work on /home/airflow/.local/lib/python3.7/site-packages/airflow/example_dags/example_branch_python_dop_operator_3.py
[2023-08-11T08:07:07.669+0000] {processor.py:826} INFO - Processing file /home/airflow/.local/lib/python3.7/site-packages/airflow/example_dags/example_branch_python_dop_operator_3.py for tasks to queue
[2023-08-11T08:07:07.670+0000] {logging_mixin.py:150} INFO - [2023-08-11T08:07:07.670+0000] {dagbag.py:541} INFO - Filling up the DagBag from /home/airflow/.local/lib/python3.7/site-packages/airflow/example_dags/example_branch_python_dop_operator_3.py
[2023-08-11T08:07:07.680+0000] {processor.py:836} INFO - DAG(s) dict_keys(['example_branch_dop_operator_v3']) retrieved from /home/airflow/.local/lib/python3.7/site-packages/airflow/example_dags/example_branch_python_dop_operator_3.py
[2023-08-11T08:07:07.714+0000] {logging_mixin.py:150} INFO - [2023-08-11T08:07:07.714+0000] {dag.py:2742} INFO - Sync 1 DAGs
[2023-08-11T08:07:07.747+0000] {logging_mixin.py:150} INFO - [2023-08-11T08:07:07.747+0000] {dag.py:3508} INFO - Setting next_dagrun for example_branch_dop_operator_v3 to 2023-08-11T08:06:00+00:00, run_after=2023-08-11T08:07:00+00:00
[2023-08-11T08:07:07.772+0000] {processor.py:179} INFO - Processing /home/airflow/.local/lib/python3.7/site-packages/airflow/example_dags/example_branch_python_dop_operator_3.py took 0.107 seconds
[2023-08-11T08:07:38.447+0000] {processor.py:157} INFO - Started process (PID=2011) to work on /home/airflow/.local/lib/python3.7/site-packages/airflow/example_dags/example_branch_python_dop_operator_3.py
[2023-08-11T08:07:38.448+0000] {processor.py:826} INFO - Processing file /home/airflow/.local/lib/python3.7/site-packages/airflow/example_dags/example_branch_python_dop_operator_3.py for tasks to queue
[2023-08-11T08:07:38.449+0000] {logging_mixin.py:150} INFO - [2023-08-11T08:07:38.449+0000] {dagbag.py:541} INFO - Filling up the DagBag from /home/airflow/.local/lib/python3.7/site-packages/airflow/example_dags/example_branch_python_dop_operator_3.py
[2023-08-11T08:07:38.459+0000] {processor.py:836} INFO - DAG(s) dict_keys(['example_branch_dop_operator_v3']) retrieved from /home/airflow/.local/lib/python3.7/site-packages/airflow/example_dags/example_branch_python_dop_operator_3.py
[2023-08-11T08:07:38.483+0000] {logging_mixin.py:150} INFO - [2023-08-11T08:07:38.483+0000] {dag.py:2742} INFO - Sync 1 DAGs
[2023-08-11T08:07:38.512+0000] {logging_mixin.py:150} INFO - [2023-08-11T08:07:38.512+0000] {dag.py:3508} INFO - Setting next_dagrun for example_branch_dop_operator_v3 to 2023-08-11T08:06:00+00:00, run_after=2023-08-11T08:07:00+00:00
[2023-08-11T08:07:38.534+0000] {processor.py:179} INFO - Processing /home/airflow/.local/lib/python3.7/site-packages/airflow/example_dags/example_branch_python_dop_operator_3.py took 0.090 seconds
[2023-08-11T08:08:08.702+0000] {processor.py:157} INFO - Started process (PID=2077) to work on /home/airflow/.local/lib/python3.7/site-packages/airflow/example_dags/example_branch_python_dop_operator_3.py
[2023-08-11T08:08:08.703+0000] {processor.py:826} INFO - Processing file /home/airflow/.local/lib/python3.7/site-packages/airflow/example_dags/example_branch_python_dop_operator_3.py for tasks to queue
[2023-08-11T08:08:08.703+0000] {logging_mixin.py:150} INFO - [2023-08-11T08:08:08.703+0000] {dagbag.py:541} INFO - Filling up the DagBag from /home/airflow/.local/lib/python3.7/site-packages/airflow/example_dags/example_branch_python_dop_operator_3.py
[2023-08-11T08:08:08.714+0000] {processor.py:836} INFO - DAG(s) dict_keys(['example_branch_dop_operator_v3']) retrieved from /home/airflow/.local/lib/python3.7/site-packages/airflow/example_dags/example_branch_python_dop_operator_3.py
[2023-08-11T08:08:08.737+0000] {logging_mixin.py:150} INFO - [2023-08-11T08:08:08.737+0000] {dag.py:2742} INFO - Sync 1 DAGs
[2023-08-11T08:08:08.766+0000] {logging_mixin.py:150} INFO - [2023-08-11T08:08:08.765+0000] {dag.py:3508} INFO - Setting next_dagrun for example_branch_dop_operator_v3 to 2023-08-11T08:07:00+00:00, run_after=2023-08-11T08:08:00+00:00
[2023-08-11T08:08:08.785+0000] {processor.py:179} INFO - Processing /home/airflow/.local/lib/python3.7/site-packages/airflow/example_dags/example_branch_python_dop_operator_3.py took 0.086 seconds
[2023-08-11T08:08:39.199+0000] {processor.py:157} INFO - Started process (PID=2143) to work on /home/airflow/.local/lib/python3.7/site-packages/airflow/example_dags/example_branch_python_dop_operator_3.py
[2023-08-11T08:08:39.200+0000] {processor.py:826} INFO - Processing file /home/airflow/.local/lib/python3.7/site-packages/airflow/example_dags/example_branch_python_dop_operator_3.py for tasks to queue
[2023-08-11T08:08:39.201+0000] {logging_mixin.py:150} INFO - [2023-08-11T08:08:39.201+0000] {dagbag.py:541} INFO - Filling up the DagBag from /home/airflow/.local/lib/python3.7/site-packages/airflow/example_dags/example_branch_python_dop_operator_3.py
[2023-08-11T08:08:39.208+0000] {processor.py:836} INFO - DAG(s) dict_keys(['example_branch_dop_operator_v3']) retrieved from /home/airflow/.local/lib/python3.7/site-packages/airflow/example_dags/example_branch_python_dop_operator_3.py
[2023-08-11T08:08:39.234+0000] {logging_mixin.py:150} INFO - [2023-08-11T08:08:39.233+0000] {dag.py:2742} INFO - Sync 1 DAGs
[2023-08-11T08:08:39.262+0000] {logging_mixin.py:150} INFO - [2023-08-11T08:08:39.262+0000] {dag.py:3508} INFO - Setting next_dagrun for example_branch_dop_operator_v3 to 2023-08-11T08:07:00+00:00, run_after=2023-08-11T08:08:00+00:00
[2023-08-11T08:08:39.282+0000] {processor.py:179} INFO - Processing /home/airflow/.local/lib/python3.7/site-packages/airflow/example_dags/example_branch_python_dop_operator_3.py took 0.085 seconds
[2023-08-11T08:09:09.765+0000] {processor.py:157} INFO - Started process (PID=2209) to work on /home/airflow/.local/lib/python3.7/site-packages/airflow/example_dags/example_branch_python_dop_operator_3.py
[2023-08-11T08:09:09.766+0000] {processor.py:826} INFO - Processing file /home/airflow/.local/lib/python3.7/site-packages/airflow/example_dags/example_branch_python_dop_operator_3.py for tasks to queue
[2023-08-11T08:09:09.767+0000] {logging_mixin.py:150} INFO - [2023-08-11T08:09:09.767+0000] {dagbag.py:541} INFO - Filling up the DagBag from /home/airflow/.local/lib/python3.7/site-packages/airflow/example_dags/example_branch_python_dop_operator_3.py
[2023-08-11T08:09:09.774+0000] {processor.py:836} INFO - DAG(s) dict_keys(['example_branch_dop_operator_v3']) retrieved from /home/airflow/.local/lib/python3.7/site-packages/airflow/example_dags/example_branch_python_dop_operator_3.py
[2023-08-11T08:09:09.799+0000] {logging_mixin.py:150} INFO - [2023-08-11T08:09:09.799+0000] {dag.py:2742} INFO - Sync 1 DAGs
[2023-08-11T08:09:09.827+0000] {logging_mixin.py:150} INFO - [2023-08-11T08:09:09.826+0000] {dag.py:3508} INFO - Setting next_dagrun for example_branch_dop_operator_v3 to 2023-08-11T08:08:00+00:00, run_after=2023-08-11T08:09:00+00:00
[2023-08-11T08:09:09.849+0000] {processor.py:179} INFO - Processing /home/airflow/.local/lib/python3.7/site-packages/airflow/example_dags/example_branch_python_dop_operator_3.py took 0.087 seconds
[2023-08-11T08:09:40.108+0000] {processor.py:157} INFO - Started process (PID=2275) to work on /home/airflow/.local/lib/python3.7/site-packages/airflow/example_dags/example_branch_python_dop_operator_3.py
[2023-08-11T08:09:40.108+0000] {processor.py:826} INFO - Processing file /home/airflow/.local/lib/python3.7/site-packages/airflow/example_dags/example_branch_python_dop_operator_3.py for tasks to queue
[2023-08-11T08:09:40.109+0000] {logging_mixin.py:150} INFO - [2023-08-11T08:09:40.109+0000] {dagbag.py:541} INFO - Filling up the DagBag from /home/airflow/.local/lib/python3.7/site-packages/airflow/example_dags/example_branch_python_dop_operator_3.py
[2023-08-11T08:09:40.118+0000] {processor.py:836} INFO - DAG(s) dict_keys(['example_branch_dop_operator_v3']) retrieved from /home/airflow/.local/lib/python3.7/site-packages/airflow/example_dags/example_branch_python_dop_operator_3.py
[2023-08-11T08:09:40.143+0000] {logging_mixin.py:150} INFO - [2023-08-11T08:09:40.143+0000] {dag.py:2742} INFO - Sync 1 DAGs
[2023-08-11T08:09:40.170+0000] {logging_mixin.py:150} INFO - [2023-08-11T08:09:40.169+0000] {dag.py:3508} INFO - Setting next_dagrun for example_branch_dop_operator_v3 to 2023-08-11T08:08:00+00:00, run_after=2023-08-11T08:09:00+00:00
[2023-08-11T08:09:40.189+0000] {processor.py:179} INFO - Processing /home/airflow/.local/lib/python3.7/site-packages/airflow/example_dags/example_branch_python_dop_operator_3.py took 0.083 seconds
[2023-08-11T08:10:10.826+0000] {processor.py:157} INFO - Started process (PID=2341) to work on /home/airflow/.local/lib/python3.7/site-packages/airflow/example_dags/example_branch_python_dop_operator_3.py
[2023-08-11T08:10:10.827+0000] {processor.py:826} INFO - Processing file /home/airflow/.local/lib/python3.7/site-packages/airflow/example_dags/example_branch_python_dop_operator_3.py for tasks to queue
[2023-08-11T08:10:10.828+0000] {logging_mixin.py:150} INFO - [2023-08-11T08:10:10.828+0000] {dagbag.py:541} INFO - Filling up the DagBag from /home/airflow/.local/lib/python3.7/site-packages/airflow/example_dags/example_branch_python_dop_operator_3.py
[2023-08-11T08:10:10.837+0000] {processor.py:836} INFO - DAG(s) dict_keys(['example_branch_dop_operator_v3']) retrieved from /home/airflow/.local/lib/python3.7/site-packages/airflow/example_dags/example_branch_python_dop_operator_3.py
[2023-08-11T08:10:10.868+0000] {logging_mixin.py:150} INFO - [2023-08-11T08:10:10.868+0000] {dag.py:2742} INFO - Sync 1 DAGs
[2023-08-11T08:10:10.903+0000] {logging_mixin.py:150} INFO - [2023-08-11T08:10:10.903+0000] {dag.py:3508} INFO - Setting next_dagrun for example_branch_dop_operator_v3 to 2023-08-11T08:09:00+00:00, run_after=2023-08-11T08:10:00+00:00
[2023-08-11T08:10:10.931+0000] {processor.py:179} INFO - Processing /home/airflow/.local/lib/python3.7/site-packages/airflow/example_dags/example_branch_python_dop_operator_3.py took 0.108 seconds
[2023-08-11T08:10:41.209+0000] {processor.py:157} INFO - Started process (PID=2407) to work on /home/airflow/.local/lib/python3.7/site-packages/airflow/example_dags/example_branch_python_dop_operator_3.py
[2023-08-11T08:10:41.210+0000] {processor.py:826} INFO - Processing file /home/airflow/.local/lib/python3.7/site-packages/airflow/example_dags/example_branch_python_dop_operator_3.py for tasks to queue
[2023-08-11T08:10:41.211+0000] {logging_mixin.py:150} INFO - [2023-08-11T08:10:41.211+0000] {dagbag.py:541} INFO - Filling up the DagBag from /home/airflow/.local/lib/python3.7/site-packages/airflow/example_dags/example_branch_python_dop_operator_3.py
[2023-08-11T08:10:41.223+0000] {processor.py:836} INFO - DAG(s) dict_keys(['example_branch_dop_operator_v3']) retrieved from /home/airflow/.local/lib/python3.7/site-packages/airflow/example_dags/example_branch_python_dop_operator_3.py
[2023-08-11T08:10:41.259+0000] {logging_mixin.py:150} INFO - [2023-08-11T08:10:41.259+0000] {dag.py:2742} INFO - Sync 1 DAGs
[2023-08-11T08:10:41.297+0000] {logging_mixin.py:150} INFO - [2023-08-11T08:10:41.297+0000] {dag.py:3508} INFO - Setting next_dagrun for example_branch_dop_operator_v3 to 2023-08-11T08:09:00+00:00, run_after=2023-08-11T08:10:00+00:00
[2023-08-11T08:10:41.328+0000] {processor.py:179} INFO - Processing /home/airflow/.local/lib/python3.7/site-packages/airflow/example_dags/example_branch_python_dop_operator_3.py took 0.122 seconds
[2023-08-11T08:11:11.837+0000] {processor.py:157} INFO - Started process (PID=2474) to work on /home/airflow/.local/lib/python3.7/site-packages/airflow/example_dags/example_branch_python_dop_operator_3.py
[2023-08-11T08:11:11.838+0000] {processor.py:826} INFO - Processing file /home/airflow/.local/lib/python3.7/site-packages/airflow/example_dags/example_branch_python_dop_operator_3.py for tasks to queue
[2023-08-11T08:11:11.839+0000] {logging_mixin.py:150} INFO - [2023-08-11T08:11:11.839+0000] {dagbag.py:541} INFO - Filling up the DagBag from /home/airflow/.local/lib/python3.7/site-packages/airflow/example_dags/example_branch_python_dop_operator_3.py
[2023-08-11T08:11:11.847+0000] {processor.py:836} INFO - DAG(s) dict_keys(['example_branch_dop_operator_v3']) retrieved from /home/airflow/.local/lib/python3.7/site-packages/airflow/example_dags/example_branch_python_dop_operator_3.py
[2023-08-11T08:11:11.871+0000] {logging_mixin.py:150} INFO - [2023-08-11T08:11:11.870+0000] {dag.py:2742} INFO - Sync 1 DAGs
[2023-08-11T08:11:11.896+0000] {logging_mixin.py:150} INFO - [2023-08-11T08:11:11.896+0000] {dag.py:3508} INFO - Setting next_dagrun for example_branch_dop_operator_v3 to 2023-08-11T08:10:00+00:00, run_after=2023-08-11T08:11:00+00:00
[2023-08-11T08:11:11.918+0000] {processor.py:179} INFO - Processing /home/airflow/.local/lib/python3.7/site-packages/airflow/example_dags/example_branch_python_dop_operator_3.py took 0.084 seconds
[2023-08-11T08:11:42.433+0000] {processor.py:157} INFO - Started process (PID=2540) to work on /home/airflow/.local/lib/python3.7/site-packages/airflow/example_dags/example_branch_python_dop_operator_3.py
[2023-08-11T08:11:42.434+0000] {processor.py:826} INFO - Processing file /home/airflow/.local/lib/python3.7/site-packages/airflow/example_dags/example_branch_python_dop_operator_3.py for tasks to queue
[2023-08-11T08:11:42.435+0000] {logging_mixin.py:150} INFO - [2023-08-11T08:11:42.435+0000] {dagbag.py:541} INFO - Filling up the DagBag from /home/airflow/.local/lib/python3.7/site-packages/airflow/example_dags/example_branch_python_dop_operator_3.py
[2023-08-11T08:11:42.442+0000] {processor.py:836} INFO - DAG(s) dict_keys(['example_branch_dop_operator_v3']) retrieved from /home/airflow/.local/lib/python3.7/site-packages/airflow/example_dags/example_branch_python_dop_operator_3.py
[2023-08-11T08:11:42.477+0000] {logging_mixin.py:150} INFO - [2023-08-11T08:11:42.476+0000] {dag.py:2742} INFO - Sync 1 DAGs
[2023-08-11T08:11:42.528+0000] {logging_mixin.py:150} INFO - [2023-08-11T08:11:42.528+0000] {dag.py:3508} INFO - Setting next_dagrun for example_branch_dop_operator_v3 to 2023-08-11T08:10:00+00:00, run_after=2023-08-11T08:11:00+00:00
[2023-08-11T08:11:42.554+0000] {processor.py:179} INFO - Processing /home/airflow/.local/lib/python3.7/site-packages/airflow/example_dags/example_branch_python_dop_operator_3.py took 0.123 seconds
[2023-08-11T08:12:13.091+0000] {processor.py:157} INFO - Started process (PID=2606) to work on /home/airflow/.local/lib/python3.7/site-packages/airflow/example_dags/example_branch_python_dop_operator_3.py
[2023-08-11T08:12:13.092+0000] {processor.py:826} INFO - Processing file /home/airflow/.local/lib/python3.7/site-packages/airflow/example_dags/example_branch_python_dop_operator_3.py for tasks to queue
[2023-08-11T08:12:13.093+0000] {logging_mixin.py:150} INFO - [2023-08-11T08:12:13.093+0000] {dagbag.py:541} INFO - Filling up the DagBag from /home/airflow/.local/lib/python3.7/site-packages/airflow/example_dags/example_branch_python_dop_operator_3.py
[2023-08-11T08:12:13.103+0000] {processor.py:836} INFO - DAG(s) dict_keys(['example_branch_dop_operator_v3']) retrieved from /home/airflow/.local/lib/python3.7/site-packages/airflow/example_dags/example_branch_python_dop_operator_3.py
[2023-08-11T08:12:13.131+0000] {logging_mixin.py:150} INFO - [2023-08-11T08:12:13.131+0000] {dag.py:2742} INFO - Sync 1 DAGs
[2023-08-11T08:12:13.165+0000] {logging_mixin.py:150} INFO - [2023-08-11T08:12:13.165+0000] {dag.py:3508} INFO - Setting next_dagrun for example_branch_dop_operator_v3 to 2023-08-11T08:11:00+00:00, run_after=2023-08-11T08:12:00+00:00
[2023-08-11T08:12:13.190+0000] {processor.py:179} INFO - Processing /home/airflow/.local/lib/python3.7/site-packages/airflow/example_dags/example_branch_python_dop_operator_3.py took 0.101 seconds
[2023-08-11T08:12:43.860+0000] {processor.py:157} INFO - Started process (PID=2672) to work on /home/airflow/.local/lib/python3.7/site-packages/airflow/example_dags/example_branch_python_dop_operator_3.py
[2023-08-11T08:12:43.861+0000] {processor.py:826} INFO - Processing file /home/airflow/.local/lib/python3.7/site-packages/airflow/example_dags/example_branch_python_dop_operator_3.py for tasks to queue
[2023-08-11T08:12:43.862+0000] {logging_mixin.py:150} INFO - [2023-08-11T08:12:43.862+0000] {dagbag.py:541} INFO - Filling up the DagBag from /home/airflow/.local/lib/python3.7/site-packages/airflow/example_dags/example_branch_python_dop_operator_3.py
[2023-08-11T08:12:43.875+0000] {processor.py:836} INFO - DAG(s) dict_keys(['example_branch_dop_operator_v3']) retrieved from /home/airflow/.local/lib/python3.7/site-packages/airflow/example_dags/example_branch_python_dop_operator_3.py
[2023-08-11T08:12:43.915+0000] {logging_mixin.py:150} INFO - [2023-08-11T08:12:43.915+0000] {dag.py:2742} INFO - Sync 1 DAGs
[2023-08-11T08:12:43.967+0000] {logging_mixin.py:150} INFO - [2023-08-11T08:12:43.967+0000] {dag.py:3508} INFO - Setting next_dagrun for example_branch_dop_operator_v3 to 2023-08-11T08:11:00+00:00, run_after=2023-08-11T08:12:00+00:00
[2023-08-11T08:12:44.001+0000] {processor.py:179} INFO - Processing /home/airflow/.local/lib/python3.7/site-packages/airflow/example_dags/example_branch_python_dop_operator_3.py took 0.146 seconds
[2023-08-11T08:13:14.779+0000] {processor.py:157} INFO - Started process (PID=2738) to work on /home/airflow/.local/lib/python3.7/site-packages/airflow/example_dags/example_branch_python_dop_operator_3.py
[2023-08-11T08:13:14.780+0000] {processor.py:826} INFO - Processing file /home/airflow/.local/lib/python3.7/site-packages/airflow/example_dags/example_branch_python_dop_operator_3.py for tasks to queue
[2023-08-11T08:13:14.781+0000] {logging_mixin.py:150} INFO - [2023-08-11T08:13:14.781+0000] {dagbag.py:541} INFO - Filling up the DagBag from /home/airflow/.local/lib/python3.7/site-packages/airflow/example_dags/example_branch_python_dop_operator_3.py
[2023-08-11T08:13:14.787+0000] {processor.py:836} INFO - DAG(s) dict_keys(['example_branch_dop_operator_v3']) retrieved from /home/airflow/.local/lib/python3.7/site-packages/airflow/example_dags/example_branch_python_dop_operator_3.py
[2023-08-11T08:13:14.813+0000] {logging_mixin.py:150} INFO - [2023-08-11T08:13:14.813+0000] {dag.py:2742} INFO - Sync 1 DAGs
[2023-08-11T08:13:14.840+0000] {logging_mixin.py:150} INFO - [2023-08-11T08:13:14.840+0000] {dag.py:3508} INFO - Setting next_dagrun for example_branch_dop_operator_v3 to 2023-08-11T08:12:00+00:00, run_after=2023-08-11T08:13:00+00:00
[2023-08-11T08:13:14.867+0000] {processor.py:179} INFO - Processing /home/airflow/.local/lib/python3.7/site-packages/airflow/example_dags/example_branch_python_dop_operator_3.py took 0.090 seconds
[2023-08-11T08:13:45.819+0000] {processor.py:157} INFO - Started process (PID=2804) to work on /home/airflow/.local/lib/python3.7/site-packages/airflow/example_dags/example_branch_python_dop_operator_3.py
[2023-08-11T08:13:45.821+0000] {processor.py:826} INFO - Processing file /home/airflow/.local/lib/python3.7/site-packages/airflow/example_dags/example_branch_python_dop_operator_3.py for tasks to queue
[2023-08-11T08:13:45.821+0000] {logging_mixin.py:150} INFO - [2023-08-11T08:13:45.821+0000] {dagbag.py:541} INFO - Filling up the DagBag from /home/airflow/.local/lib/python3.7/site-packages/airflow/example_dags/example_branch_python_dop_operator_3.py
[2023-08-11T08:13:45.833+0000] {processor.py:836} INFO - DAG(s) dict_keys(['example_branch_dop_operator_v3']) retrieved from /home/airflow/.local/lib/python3.7/site-packages/airflow/example_dags/example_branch_python_dop_operator_3.py
[2023-08-11T08:13:45.862+0000] {logging_mixin.py:150} INFO - [2023-08-11T08:13:45.862+0000] {dag.py:2742} INFO - Sync 1 DAGs
[2023-08-11T08:13:45.889+0000] {logging_mixin.py:150} INFO - [2023-08-11T08:13:45.889+0000] {dag.py:3508} INFO - Setting next_dagrun for example_branch_dop_operator_v3 to 2023-08-11T08:12:00+00:00, run_after=2023-08-11T08:13:00+00:00
[2023-08-11T08:13:45.913+0000] {processor.py:179} INFO - Processing /home/airflow/.local/lib/python3.7/site-packages/airflow/example_dags/example_branch_python_dop_operator_3.py took 0.096 seconds
[2023-08-11T08:14:16.390+0000] {processor.py:157} INFO - Started process (PID=2870) to work on /home/airflow/.local/lib/python3.7/site-packages/airflow/example_dags/example_branch_python_dop_operator_3.py
[2023-08-11T08:14:16.393+0000] {processor.py:826} INFO - Processing file /home/airflow/.local/lib/python3.7/site-packages/airflow/example_dags/example_branch_python_dop_operator_3.py for tasks to queue
[2023-08-11T08:14:16.396+0000] {logging_mixin.py:150} INFO - [2023-08-11T08:14:16.395+0000] {dagbag.py:541} INFO - Filling up the DagBag from /home/airflow/.local/lib/python3.7/site-packages/airflow/example_dags/example_branch_python_dop_operator_3.py
[2023-08-11T08:14:16.403+0000] {processor.py:836} INFO - DAG(s) dict_keys(['example_branch_dop_operator_v3']) retrieved from /home/airflow/.local/lib/python3.7/site-packages/airflow/example_dags/example_branch_python_dop_operator_3.py
[2023-08-11T08:14:16.431+0000] {logging_mixin.py:150} INFO - [2023-08-11T08:14:16.430+0000] {dag.py:2742} INFO - Sync 1 DAGs
[2023-08-11T08:14:16.461+0000] {logging_mixin.py:150} INFO - [2023-08-11T08:14:16.460+0000] {dag.py:3508} INFO - Setting next_dagrun for example_branch_dop_operator_v3 to 2023-08-11T08:13:00+00:00, run_after=2023-08-11T08:14:00+00:00
[2023-08-11T08:14:16.489+0000] {processor.py:179} INFO - Processing /home/airflow/.local/lib/python3.7/site-packages/airflow/example_dags/example_branch_python_dop_operator_3.py took 0.102 seconds
[2023-08-11T08:14:47.154+0000] {processor.py:157} INFO - Started process (PID=2937) to work on /home/airflow/.local/lib/python3.7/site-packages/airflow/example_dags/example_branch_python_dop_operator_3.py
[2023-08-11T08:14:47.155+0000] {processor.py:826} INFO - Processing file /home/airflow/.local/lib/python3.7/site-packages/airflow/example_dags/example_branch_python_dop_operator_3.py for tasks to queue
[2023-08-11T08:14:47.156+0000] {logging_mixin.py:150} INFO - [2023-08-11T08:14:47.155+0000] {dagbag.py:541} INFO - Filling up the DagBag from /home/airflow/.local/lib/python3.7/site-packages/airflow/example_dags/example_branch_python_dop_operator_3.py
[2023-08-11T08:14:47.165+0000] {processor.py:836} INFO - DAG(s) dict_keys(['example_branch_dop_operator_v3']) retrieved from /home/airflow/.local/lib/python3.7/site-packages/airflow/example_dags/example_branch_python_dop_operator_3.py
[2023-08-11T08:14:47.189+0000] {logging_mixin.py:150} INFO - [2023-08-11T08:14:47.189+0000] {dag.py:2742} INFO - Sync 1 DAGs
[2023-08-11T08:14:47.216+0000] {logging_mixin.py:150} INFO - [2023-08-11T08:14:47.216+0000] {dag.py:3508} INFO - Setting next_dagrun for example_branch_dop_operator_v3 to 2023-08-11T08:13:00+00:00, run_after=2023-08-11T08:14:00+00:00
[2023-08-11T08:14:47.235+0000] {processor.py:179} INFO - Processing /home/airflow/.local/lib/python3.7/site-packages/airflow/example_dags/example_branch_python_dop_operator_3.py took 0.084 seconds
[2023-08-11T08:15:18.059+0000] {processor.py:157} INFO - Started process (PID=3003) to work on /home/airflow/.local/lib/python3.7/site-packages/airflow/example_dags/example_branch_python_dop_operator_3.py
[2023-08-11T08:15:18.061+0000] {processor.py:826} INFO - Processing file /home/airflow/.local/lib/python3.7/site-packages/airflow/example_dags/example_branch_python_dop_operator_3.py for tasks to queue
[2023-08-11T08:15:18.062+0000] {logging_mixin.py:150} INFO - [2023-08-11T08:15:18.061+0000] {dagbag.py:541} INFO - Filling up the DagBag from /home/airflow/.local/lib/python3.7/site-packages/airflow/example_dags/example_branch_python_dop_operator_3.py
[2023-08-11T08:15:18.069+0000] {processor.py:836} INFO - DAG(s) dict_keys(['example_branch_dop_operator_v3']) retrieved from /home/airflow/.local/lib/python3.7/site-packages/airflow/example_dags/example_branch_python_dop_operator_3.py
[2023-08-11T08:15:18.092+0000] {logging_mixin.py:150} INFO - [2023-08-11T08:15:18.092+0000] {dag.py:2742} INFO - Sync 1 DAGs
[2023-08-11T08:15:18.119+0000] {logging_mixin.py:150} INFO - [2023-08-11T08:15:18.118+0000] {dag.py:3508} INFO - Setting next_dagrun for example_branch_dop_operator_v3 to 2023-08-11T08:14:00+00:00, run_after=2023-08-11T08:15:00+00:00
[2023-08-11T08:15:18.140+0000] {processor.py:179} INFO - Processing /home/airflow/.local/lib/python3.7/site-packages/airflow/example_dags/example_branch_python_dop_operator_3.py took 0.083 seconds
[2023-08-11T08:15:49.001+0000] {processor.py:157} INFO - Started process (PID=3070) to work on /home/airflow/.local/lib/python3.7/site-packages/airflow/example_dags/example_branch_python_dop_operator_3.py
[2023-08-11T08:15:49.001+0000] {processor.py:826} INFO - Processing file /home/airflow/.local/lib/python3.7/site-packages/airflow/example_dags/example_branch_python_dop_operator_3.py for tasks to queue
[2023-08-11T08:15:49.002+0000] {logging_mixin.py:150} INFO - [2023-08-11T08:15:49.002+0000] {dagbag.py:541} INFO - Filling up the DagBag from /home/airflow/.local/lib/python3.7/site-packages/airflow/example_dags/example_branch_python_dop_operator_3.py
[2023-08-11T08:15:49.009+0000] {processor.py:836} INFO - DAG(s) dict_keys(['example_branch_dop_operator_v3']) retrieved from /home/airflow/.local/lib/python3.7/site-packages/airflow/example_dags/example_branch_python_dop_operator_3.py
[2023-08-11T08:15:49.035+0000] {logging_mixin.py:150} INFO - [2023-08-11T08:15:49.035+0000] {dag.py:2742} INFO - Sync 1 DAGs
[2023-08-11T08:15:49.061+0000] {logging_mixin.py:150} INFO - [2023-08-11T08:15:49.061+0000] {dag.py:3508} INFO - Setting next_dagrun for example_branch_dop_operator_v3 to 2023-08-11T08:14:00+00:00, run_after=2023-08-11T08:15:00+00:00
[2023-08-11T08:15:49.084+0000] {processor.py:179} INFO - Processing /home/airflow/.local/lib/python3.7/site-packages/airflow/example_dags/example_branch_python_dop_operator_3.py took 0.088 seconds
[2023-08-11T08:16:19.458+0000] {processor.py:157} INFO - Started process (PID=3138) to work on /home/airflow/.local/lib/python3.7/site-packages/airflow/example_dags/example_branch_python_dop_operator_3.py
[2023-08-11T08:16:19.460+0000] {processor.py:826} INFO - Processing file /home/airflow/.local/lib/python3.7/site-packages/airflow/example_dags/example_branch_python_dop_operator_3.py for tasks to queue
[2023-08-11T08:16:19.462+0000] {logging_mixin.py:150} INFO - [2023-08-11T08:16:19.461+0000] {dagbag.py:541} INFO - Filling up the DagBag from /home/airflow/.local/lib/python3.7/site-packages/airflow/example_dags/example_branch_python_dop_operator_3.py
[2023-08-11T08:16:19.475+0000] {processor.py:836} INFO - DAG(s) dict_keys(['example_branch_dop_operator_v3']) retrieved from /home/airflow/.local/lib/python3.7/site-packages/airflow/example_dags/example_branch_python_dop_operator_3.py
[2023-08-11T08:16:19.518+0000] {logging_mixin.py:150} INFO - [2023-08-11T08:16:19.518+0000] {dag.py:2742} INFO - Sync 1 DAGs
[2023-08-11T08:16:19.562+0000] {logging_mixin.py:150} INFO - [2023-08-11T08:16:19.562+0000] {dag.py:3508} INFO - Setting next_dagrun for example_branch_dop_operator_v3 to 2023-08-11T08:15:00+00:00, run_after=2023-08-11T08:16:00+00:00
[2023-08-11T08:16:19.599+0000] {processor.py:179} INFO - Processing /home/airflow/.local/lib/python3.7/site-packages/airflow/example_dags/example_branch_python_dop_operator_3.py took 0.145 seconds
[2023-08-11T08:16:50.232+0000] {processor.py:157} INFO - Started process (PID=3206) to work on /home/airflow/.local/lib/python3.7/site-packages/airflow/example_dags/example_branch_python_dop_operator_3.py
[2023-08-11T08:16:50.234+0000] {processor.py:826} INFO - Processing file /home/airflow/.local/lib/python3.7/site-packages/airflow/example_dags/example_branch_python_dop_operator_3.py for tasks to queue
[2023-08-11T08:16:50.235+0000] {logging_mixin.py:150} INFO - [2023-08-11T08:16:50.235+0000] {dagbag.py:541} INFO - Filling up the DagBag from /home/airflow/.local/lib/python3.7/site-packages/airflow/example_dags/example_branch_python_dop_operator_3.py
[2023-08-11T08:16:50.245+0000] {processor.py:836} INFO - DAG(s) dict_keys(['example_branch_dop_operator_v3']) retrieved from /home/airflow/.local/lib/python3.7/site-packages/airflow/example_dags/example_branch_python_dop_operator_3.py
[2023-08-11T08:16:50.281+0000] {logging_mixin.py:150} INFO - [2023-08-11T08:16:50.281+0000] {dag.py:2742} INFO - Sync 1 DAGs
[2023-08-11T08:16:50.317+0000] {logging_mixin.py:150} INFO - [2023-08-11T08:16:50.316+0000] {dag.py:3508} INFO - Setting next_dagrun for example_branch_dop_operator_v3 to 2023-08-11T08:15:00+00:00, run_after=2023-08-11T08:16:00+00:00
[2023-08-11T08:16:50.345+0000] {processor.py:179} INFO - Processing /home/airflow/.local/lib/python3.7/site-packages/airflow/example_dags/example_branch_python_dop_operator_3.py took 0.122 seconds
[2023-08-11T08:17:21.225+0000] {processor.py:157} INFO - Started process (PID=3284) to work on /home/airflow/.local/lib/python3.7/site-packages/airflow/example_dags/example_branch_python_dop_operator_3.py
[2023-08-11T08:17:21.249+0000] {processor.py:826} INFO - Processing file /home/airflow/.local/lib/python3.7/site-packages/airflow/example_dags/example_branch_python_dop_operator_3.py for tasks to queue
[2023-08-11T08:17:21.250+0000] {logging_mixin.py:150} INFO - [2023-08-11T08:17:21.249+0000] {dagbag.py:541} INFO - Filling up the DagBag from /home/airflow/.local/lib/python3.7/site-packages/airflow/example_dags/example_branch_python_dop_operator_3.py
[2023-08-11T08:17:21.261+0000] {processor.py:836} INFO - DAG(s) dict_keys(['example_branch_dop_operator_v3']) retrieved from /home/airflow/.local/lib/python3.7/site-packages/airflow/example_dags/example_branch_python_dop_operator_3.py
[2023-08-11T08:17:21.308+0000] {logging_mixin.py:150} INFO - [2023-08-11T08:17:21.308+0000] {dag.py:2742} INFO - Sync 1 DAGs
[2023-08-11T08:17:21.359+0000] {logging_mixin.py:150} INFO - [2023-08-11T08:17:21.359+0000] {dag.py:3508} INFO - Setting next_dagrun for example_branch_dop_operator_v3 to 2023-08-11T08:16:00+00:00, run_after=2023-08-11T08:17:00+00:00
[2023-08-11T08:17:21.425+0000] {processor.py:179} INFO - Processing /home/airflow/.local/lib/python3.7/site-packages/airflow/example_dags/example_branch_python_dop_operator_3.py took 0.207 seconds
[2023-08-11T08:17:52.388+0000] {processor.py:157} INFO - Started process (PID=3375) to work on /home/airflow/.local/lib/python3.7/site-packages/airflow/example_dags/example_branch_python_dop_operator_3.py
[2023-08-11T08:17:52.389+0000] {processor.py:826} INFO - Processing file /home/airflow/.local/lib/python3.7/site-packages/airflow/example_dags/example_branch_python_dop_operator_3.py for tasks to queue
[2023-08-11T08:17:52.390+0000] {logging_mixin.py:150} INFO - [2023-08-11T08:17:52.390+0000] {dagbag.py:541} INFO - Filling up the DagBag from /home/airflow/.local/lib/python3.7/site-packages/airflow/example_dags/example_branch_python_dop_operator_3.py
[2023-08-11T08:17:52.401+0000] {processor.py:836} INFO - DAG(s) dict_keys(['example_branch_dop_operator_v3']) retrieved from /home/airflow/.local/lib/python3.7/site-packages/airflow/example_dags/example_branch_python_dop_operator_3.py
[2023-08-11T08:17:52.434+0000] {logging_mixin.py:150} INFO - [2023-08-11T08:17:52.433+0000] {dag.py:2742} INFO - Sync 1 DAGs
[2023-08-11T08:17:52.471+0000] {logging_mixin.py:150} INFO - [2023-08-11T08:17:52.471+0000] {dag.py:3508} INFO - Setting next_dagrun for example_branch_dop_operator_v3 to 2023-08-11T08:16:00+00:00, run_after=2023-08-11T08:17:00+00:00
[2023-08-11T08:17:52.504+0000] {processor.py:179} INFO - Processing /home/airflow/.local/lib/python3.7/site-packages/airflow/example_dags/example_branch_python_dop_operator_3.py took 0.121 seconds
[2023-08-11T08:18:23.166+0000] {processor.py:157} INFO - Started process (PID=3453) to work on /home/airflow/.local/lib/python3.7/site-packages/airflow/example_dags/example_branch_python_dop_operator_3.py
[2023-08-11T08:18:23.168+0000] {processor.py:826} INFO - Processing file /home/airflow/.local/lib/python3.7/site-packages/airflow/example_dags/example_branch_python_dop_operator_3.py for tasks to queue
[2023-08-11T08:18:23.170+0000] {logging_mixin.py:150} INFO - [2023-08-11T08:18:23.170+0000] {dagbag.py:541} INFO - Filling up the DagBag from /home/airflow/.local/lib/python3.7/site-packages/airflow/example_dags/example_branch_python_dop_operator_3.py
[2023-08-11T08:18:23.186+0000] {processor.py:836} INFO - DAG(s) dict_keys(['example_branch_dop_operator_v3']) retrieved from /home/airflow/.local/lib/python3.7/site-packages/airflow/example_dags/example_branch_python_dop_operator_3.py
[2023-08-11T08:18:23.232+0000] {logging_mixin.py:150} INFO - [2023-08-11T08:18:23.232+0000] {dag.py:2742} INFO - Sync 1 DAGs
[2023-08-11T08:18:23.289+0000] {logging_mixin.py:150} INFO - [2023-08-11T08:18:23.289+0000] {dag.py:3508} INFO - Setting next_dagrun for example_branch_dop_operator_v3 to 2023-08-11T08:17:00+00:00, run_after=2023-08-11T08:18:00+00:00
[2023-08-11T08:18:23.327+0000] {processor.py:179} INFO - Processing /home/airflow/.local/lib/python3.7/site-packages/airflow/example_dags/example_branch_python_dop_operator_3.py took 0.166 seconds
[2023-08-11T08:18:54.237+0000] {processor.py:157} INFO - Started process (PID=3538) to work on /home/airflow/.local/lib/python3.7/site-packages/airflow/example_dags/example_branch_python_dop_operator_3.py
[2023-08-11T08:18:54.241+0000] {processor.py:826} INFO - Processing file /home/airflow/.local/lib/python3.7/site-packages/airflow/example_dags/example_branch_python_dop_operator_3.py for tasks to queue
[2023-08-11T08:18:54.243+0000] {logging_mixin.py:150} INFO - [2023-08-11T08:18:54.242+0000] {dagbag.py:541} INFO - Filling up the DagBag from /home/airflow/.local/lib/python3.7/site-packages/airflow/example_dags/example_branch_python_dop_operator_3.py
[2023-08-11T08:18:54.265+0000] {processor.py:836} INFO - DAG(s) dict_keys(['example_branch_dop_operator_v3']) retrieved from /home/airflow/.local/lib/python3.7/site-packages/airflow/example_dags/example_branch_python_dop_operator_3.py
[2023-08-11T08:18:54.315+0000] {logging_mixin.py:150} INFO - [2023-08-11T08:18:54.314+0000] {dag.py:2742} INFO - Sync 1 DAGs
[2023-08-11T08:18:54.374+0000] {logging_mixin.py:150} INFO - [2023-08-11T08:18:54.374+0000] {dag.py:3508} INFO - Setting next_dagrun for example_branch_dop_operator_v3 to 2023-08-11T08:17:00+00:00, run_after=2023-08-11T08:18:00+00:00
[2023-08-11T08:18:54.420+0000] {processor.py:179} INFO - Processing /home/airflow/.local/lib/python3.7/site-packages/airflow/example_dags/example_branch_python_dop_operator_3.py took 0.188 seconds
[2023-08-11T08:19:24.448+0000] {processor.py:157} INFO - Started process (PID=3616) to work on /home/airflow/.local/lib/python3.7/site-packages/airflow/example_dags/example_branch_python_dop_operator_3.py
[2023-08-11T08:19:24.449+0000] {processor.py:826} INFO - Processing file /home/airflow/.local/lib/python3.7/site-packages/airflow/example_dags/example_branch_python_dop_operator_3.py for tasks to queue
[2023-08-11T08:19:24.450+0000] {logging_mixin.py:150} INFO - [2023-08-11T08:19:24.450+0000] {dagbag.py:541} INFO - Filling up the DagBag from /home/airflow/.local/lib/python3.7/site-packages/airflow/example_dags/example_branch_python_dop_operator_3.py
[2023-08-11T08:19:24.460+0000] {processor.py:836} INFO - DAG(s) dict_keys(['example_branch_dop_operator_v3']) retrieved from /home/airflow/.local/lib/python3.7/site-packages/airflow/example_dags/example_branch_python_dop_operator_3.py
[2023-08-11T08:19:24.483+0000] {logging_mixin.py:150} INFO - [2023-08-11T08:19:24.483+0000] {dag.py:2742} INFO - Sync 1 DAGs
[2023-08-11T08:19:24.508+0000] {logging_mixin.py:150} INFO - [2023-08-11T08:19:24.508+0000] {dag.py:3508} INFO - Setting next_dagrun for example_branch_dop_operator_v3 to 2023-08-11T08:18:00+00:00, run_after=2023-08-11T08:19:00+00:00
[2023-08-11T08:19:24.527+0000] {processor.py:179} INFO - Processing /home/airflow/.local/lib/python3.7/site-packages/airflow/example_dags/example_branch_python_dop_operator_3.py took 0.082 seconds
[2023-08-11T08:19:54.647+0000] {processor.py:157} INFO - Started process (PID=3694) to work on /home/airflow/.local/lib/python3.7/site-packages/airflow/example_dags/example_branch_python_dop_operator_3.py
[2023-08-11T08:19:54.648+0000] {processor.py:826} INFO - Processing file /home/airflow/.local/lib/python3.7/site-packages/airflow/example_dags/example_branch_python_dop_operator_3.py for tasks to queue
[2023-08-11T08:19:54.649+0000] {logging_mixin.py:150} INFO - [2023-08-11T08:19:54.649+0000] {dagbag.py:541} INFO - Filling up the DagBag from /home/airflow/.local/lib/python3.7/site-packages/airflow/example_dags/example_branch_python_dop_operator_3.py
[2023-08-11T08:19:54.661+0000] {processor.py:836} INFO - DAG(s) dict_keys(['example_branch_dop_operator_v3']) retrieved from /home/airflow/.local/lib/python3.7/site-packages/airflow/example_dags/example_branch_python_dop_operator_3.py
[2023-08-11T08:19:54.698+0000] {logging_mixin.py:150} INFO - [2023-08-11T08:19:54.698+0000] {dag.py:2742} INFO - Sync 1 DAGs
[2023-08-11T08:19:54.731+0000] {logging_mixin.py:150} INFO - [2023-08-11T08:19:54.731+0000] {dag.py:3508} INFO - Setting next_dagrun for example_branch_dop_operator_v3 to 2023-08-11T08:18:00+00:00, run_after=2023-08-11T08:19:00+00:00
[2023-08-11T08:19:54.753+0000] {processor.py:179} INFO - Processing /home/airflow/.local/lib/python3.7/site-packages/airflow/example_dags/example_branch_python_dop_operator_3.py took 0.110 seconds
[2023-08-11T08:20:25.639+0000] {processor.py:157} INFO - Started process (PID=3779) to work on /home/airflow/.local/lib/python3.7/site-packages/airflow/example_dags/example_branch_python_dop_operator_3.py
[2023-08-11T08:20:25.640+0000] {processor.py:826} INFO - Processing file /home/airflow/.local/lib/python3.7/site-packages/airflow/example_dags/example_branch_python_dop_operator_3.py for tasks to queue
[2023-08-11T08:20:25.642+0000] {logging_mixin.py:150} INFO - [2023-08-11T08:20:25.641+0000] {dagbag.py:541} INFO - Filling up the DagBag from /home/airflow/.local/lib/python3.7/site-packages/airflow/example_dags/example_branch_python_dop_operator_3.py
[2023-08-11T08:20:25.656+0000] {processor.py:836} INFO - DAG(s) dict_keys(['example_branch_dop_operator_v3']) retrieved from /home/airflow/.local/lib/python3.7/site-packages/airflow/example_dags/example_branch_python_dop_operator_3.py
[2023-08-11T08:20:25.699+0000] {logging_mixin.py:150} INFO - [2023-08-11T08:20:25.699+0000] {dag.py:2742} INFO - Sync 1 DAGs
[2023-08-11T08:20:25.740+0000] {logging_mixin.py:150} INFO - [2023-08-11T08:20:25.739+0000] {dag.py:3508} INFO - Setting next_dagrun for example_branch_dop_operator_v3 to 2023-08-11T08:19:00+00:00, run_after=2023-08-11T08:20:00+00:00
[2023-08-11T08:20:25.772+0000] {processor.py:179} INFO - Processing /home/airflow/.local/lib/python3.7/site-packages/airflow/example_dags/example_branch_python_dop_operator_3.py took 0.139 seconds
[2023-08-11T08:20:55.793+0000] {processor.py:157} INFO - Started process (PID=3870) to work on /home/airflow/.local/lib/python3.7/site-packages/airflow/example_dags/example_branch_python_dop_operator_3.py
[2023-08-11T08:20:55.795+0000] {processor.py:826} INFO - Processing file /home/airflow/.local/lib/python3.7/site-packages/airflow/example_dags/example_branch_python_dop_operator_3.py for tasks to queue
[2023-08-11T08:20:55.796+0000] {logging_mixin.py:150} INFO - [2023-08-11T08:20:55.795+0000] {dagbag.py:541} INFO - Filling up the DagBag from /home/airflow/.local/lib/python3.7/site-packages/airflow/example_dags/example_branch_python_dop_operator_3.py
[2023-08-11T08:20:55.804+0000] {processor.py:836} INFO - DAG(s) dict_keys(['example_branch_dop_operator_v3']) retrieved from /home/airflow/.local/lib/python3.7/site-packages/airflow/example_dags/example_branch_python_dop_operator_3.py
[2023-08-11T08:20:55.837+0000] {logging_mixin.py:150} INFO - [2023-08-11T08:20:55.837+0000] {dag.py:2742} INFO - Sync 1 DAGs
[2023-08-11T08:20:55.874+0000] {logging_mixin.py:150} INFO - [2023-08-11T08:20:55.874+0000] {dag.py:3508} INFO - Setting next_dagrun for example_branch_dop_operator_v3 to 2023-08-11T08:19:00+00:00, run_after=2023-08-11T08:20:00+00:00
[2023-08-11T08:20:55.901+0000] {processor.py:179} INFO - Processing /home/airflow/.local/lib/python3.7/site-packages/airflow/example_dags/example_branch_python_dop_operator_3.py took 0.111 seconds
[2023-08-11T08:21:25.983+0000] {processor.py:157} INFO - Started process (PID=3948) to work on /home/airflow/.local/lib/python3.7/site-packages/airflow/example_dags/example_branch_python_dop_operator_3.py
[2023-08-11T08:21:25.985+0000] {processor.py:826} INFO - Processing file /home/airflow/.local/lib/python3.7/site-packages/airflow/example_dags/example_branch_python_dop_operator_3.py for tasks to queue
[2023-08-11T08:21:25.986+0000] {logging_mixin.py:150} INFO - [2023-08-11T08:21:25.986+0000] {dagbag.py:541} INFO - Filling up the DagBag from /home/airflow/.local/lib/python3.7/site-packages/airflow/example_dags/example_branch_python_dop_operator_3.py
[2023-08-11T08:21:25.994+0000] {processor.py:836} INFO - DAG(s) dict_keys(['example_branch_dop_operator_v3']) retrieved from /home/airflow/.local/lib/python3.7/site-packages/airflow/example_dags/example_branch_python_dop_operator_3.py
[2023-08-11T08:21:26.017+0000] {logging_mixin.py:150} INFO - [2023-08-11T08:21:26.017+0000] {dag.py:2742} INFO - Sync 1 DAGs
[2023-08-11T08:21:26.043+0000] {logging_mixin.py:150} INFO - [2023-08-11T08:21:26.043+0000] {dag.py:3508} INFO - Setting next_dagrun for example_branch_dop_operator_v3 to 2023-08-11T08:20:00+00:00, run_after=2023-08-11T08:21:00+00:00
[2023-08-11T08:21:26.067+0000] {processor.py:179} INFO - Processing /home/airflow/.local/lib/python3.7/site-packages/airflow/example_dags/example_branch_python_dop_operator_3.py took 0.088 seconds
[2023-08-11T08:21:56.509+0000] {processor.py:157} INFO - Started process (PID=4052) to work on /home/airflow/.local/lib/python3.7/site-packages/airflow/example_dags/example_branch_python_dop_operator_3.py
[2023-08-11T08:21:56.510+0000] {processor.py:826} INFO - Processing file /home/airflow/.local/lib/python3.7/site-packages/airflow/example_dags/example_branch_python_dop_operator_3.py for tasks to queue
[2023-08-11T08:21:56.511+0000] {logging_mixin.py:150} INFO - [2023-08-11T08:21:56.511+0000] {dagbag.py:541} INFO - Filling up the DagBag from /home/airflow/.local/lib/python3.7/site-packages/airflow/example_dags/example_branch_python_dop_operator_3.py
[2023-08-11T08:21:56.522+0000] {processor.py:836} INFO - DAG(s) dict_keys(['example_branch_dop_operator_v3']) retrieved from /home/airflow/.local/lib/python3.7/site-packages/airflow/example_dags/example_branch_python_dop_operator_3.py
[2023-08-11T08:21:56.556+0000] {logging_mixin.py:150} INFO - [2023-08-11T08:21:56.555+0000] {dag.py:2742} INFO - Sync 1 DAGs
[2023-08-11T08:21:56.595+0000] {logging_mixin.py:150} INFO - [2023-08-11T08:21:56.595+0000] {dag.py:3508} INFO - Setting next_dagrun for example_branch_dop_operator_v3 to 2023-08-11T08:20:00+00:00, run_after=2023-08-11T08:21:00+00:00
[2023-08-11T08:21:56.627+0000] {processor.py:179} INFO - Processing /home/airflow/.local/lib/python3.7/site-packages/airflow/example_dags/example_branch_python_dop_operator_3.py took 0.121 seconds
[2023-08-11T08:22:27.044+0000] {processor.py:157} INFO - Started process (PID=4117) to work on /home/airflow/.local/lib/python3.7/site-packages/airflow/example_dags/example_branch_python_dop_operator_3.py
[2023-08-11T08:22:27.045+0000] {processor.py:826} INFO - Processing file /home/airflow/.local/lib/python3.7/site-packages/airflow/example_dags/example_branch_python_dop_operator_3.py for tasks to queue
[2023-08-11T08:22:27.047+0000] {logging_mixin.py:150} INFO - [2023-08-11T08:22:27.046+0000] {dagbag.py:541} INFO - Filling up the DagBag from /home/airflow/.local/lib/python3.7/site-packages/airflow/example_dags/example_branch_python_dop_operator_3.py
[2023-08-11T08:22:27.059+0000] {processor.py:836} INFO - DAG(s) dict_keys(['example_branch_dop_operator_v3']) retrieved from /home/airflow/.local/lib/python3.7/site-packages/airflow/example_dags/example_branch_python_dop_operator_3.py
[2023-08-11T08:22:27.099+0000] {logging_mixin.py:150} INFO - [2023-08-11T08:22:27.098+0000] {dag.py:2742} INFO - Sync 1 DAGs
[2023-08-11T08:22:27.149+0000] {logging_mixin.py:150} INFO - [2023-08-11T08:22:27.149+0000] {dag.py:3508} INFO - Setting next_dagrun for example_branch_dop_operator_v3 to 2023-08-11T08:21:00+00:00, run_after=2023-08-11T08:22:00+00:00
[2023-08-11T08:22:27.178+0000] {processor.py:179} INFO - Processing /home/airflow/.local/lib/python3.7/site-packages/airflow/example_dags/example_branch_python_dop_operator_3.py took 0.138 seconds
