[2023-08-11T07:52:45.441+0000] {processor.py:157} INFO - Started process (PID=47) to work on /home/airflow/.local/lib/python3.7/site-packages/airflow/example_dags/example_params_trigger_ui.py
[2023-08-11T07:52:45.442+0000] {processor.py:826} INFO - Processing file /home/airflow/.local/lib/python3.7/site-packages/airflow/example_dags/example_params_trigger_ui.py for tasks to queue
[2023-08-11T07:52:45.443+0000] {logging_mixin.py:150} INFO - [2023-08-11T07:52:45.443+0000] {dagbag.py:541} INFO - Filling up the DagBag from /home/airflow/.local/lib/python3.7/site-packages/airflow/example_dags/example_params_trigger_ui.py
[2023-08-11T07:52:45.528+0000] {processor.py:836} INFO - DAG(s) dict_keys(['example_params_trigger_ui']) retrieved from /home/airflow/.local/lib/python3.7/site-packages/airflow/example_dags/example_params_trigger_ui.py
[2023-08-11T07:52:45.582+0000] {logging_mixin.py:150} INFO - [2023-08-11T07:52:45.581+0000] {dag.py:2742} INFO - Sync 1 DAGs
[2023-08-11T07:52:45.675+0000] {logging_mixin.py:150} INFO - [2023-08-11T07:52:45.675+0000] {dag.py:3508} INFO - Setting next_dagrun for example_params_trigger_ui to None, run_after=None
[2023-08-11T07:52:45.755+0000] {processor.py:179} INFO - Processing /home/airflow/.local/lib/python3.7/site-packages/airflow/example_dags/example_params_trigger_ui.py took 0.318 seconds
[2023-08-11T07:53:15.931+0000] {processor.py:157} INFO - Started process (PID=113) to work on /home/airflow/.local/lib/python3.7/site-packages/airflow/example_dags/example_params_trigger_ui.py
[2023-08-11T07:53:15.932+0000] {processor.py:826} INFO - Processing file /home/airflow/.local/lib/python3.7/site-packages/airflow/example_dags/example_params_trigger_ui.py for tasks to queue
[2023-08-11T07:53:15.933+0000] {logging_mixin.py:150} INFO - [2023-08-11T07:53:15.932+0000] {dagbag.py:541} INFO - Filling up the DagBag from /home/airflow/.local/lib/python3.7/site-packages/airflow/example_dags/example_params_trigger_ui.py
[2023-08-11T07:53:15.962+0000] {processor.py:836} INFO - DAG(s) dict_keys(['example_params_trigger_ui']) retrieved from /home/airflow/.local/lib/python3.7/site-packages/airflow/example_dags/example_params_trigger_ui.py
[2023-08-11T07:53:16.065+0000] {logging_mixin.py:150} INFO - [2023-08-11T07:53:16.065+0000] {dag.py:2742} INFO - Sync 1 DAGs
[2023-08-11T07:53:16.113+0000] {logging_mixin.py:150} INFO - [2023-08-11T07:53:16.113+0000] {dag.py:3508} INFO - Setting next_dagrun for example_params_trigger_ui to None, run_after=None
[2023-08-11T07:53:16.167+0000] {processor.py:179} INFO - Processing /home/airflow/.local/lib/python3.7/site-packages/airflow/example_dags/example_params_trigger_ui.py took 0.240 seconds
[2023-08-11T07:53:46.575+0000] {processor.py:157} INFO - Started process (PID=176) to work on /home/airflow/.local/lib/python3.7/site-packages/airflow/example_dags/example_params_trigger_ui.py
[2023-08-11T07:53:46.576+0000] {processor.py:826} INFO - Processing file /home/airflow/.local/lib/python3.7/site-packages/airflow/example_dags/example_params_trigger_ui.py for tasks to queue
[2023-08-11T07:53:46.577+0000] {logging_mixin.py:150} INFO - [2023-08-11T07:53:46.577+0000] {dagbag.py:541} INFO - Filling up the DagBag from /home/airflow/.local/lib/python3.7/site-packages/airflow/example_dags/example_params_trigger_ui.py
[2023-08-11T07:53:46.596+0000] {processor.py:836} INFO - DAG(s) dict_keys(['example_params_trigger_ui']) retrieved from /home/airflow/.local/lib/python3.7/site-packages/airflow/example_dags/example_params_trigger_ui.py
[2023-08-11T07:53:46.690+0000] {logging_mixin.py:150} INFO - [2023-08-11T07:53:46.690+0000] {dag.py:2742} INFO - Sync 1 DAGs
[2023-08-11T07:53:46.715+0000] {logging_mixin.py:150} INFO - [2023-08-11T07:53:46.715+0000] {dag.py:3508} INFO - Setting next_dagrun for example_params_trigger_ui to None, run_after=None
[2023-08-11T07:53:46.738+0000] {processor.py:179} INFO - Processing /home/airflow/.local/lib/python3.7/site-packages/airflow/example_dags/example_params_trigger_ui.py took 0.166 seconds
[2023-08-11T07:54:17.346+0000] {processor.py:157} INFO - Started process (PID=241) to work on /home/airflow/.local/lib/python3.7/site-packages/airflow/example_dags/example_params_trigger_ui.py
[2023-08-11T07:54:17.347+0000] {processor.py:826} INFO - Processing file /home/airflow/.local/lib/python3.7/site-packages/airflow/example_dags/example_params_trigger_ui.py for tasks to queue
[2023-08-11T07:54:17.348+0000] {logging_mixin.py:150} INFO - [2023-08-11T07:54:17.347+0000] {dagbag.py:541} INFO - Filling up the DagBag from /home/airflow/.local/lib/python3.7/site-packages/airflow/example_dags/example_params_trigger_ui.py
[2023-08-11T07:54:17.370+0000] {processor.py:836} INFO - DAG(s) dict_keys(['example_params_trigger_ui']) retrieved from /home/airflow/.local/lib/python3.7/site-packages/airflow/example_dags/example_params_trigger_ui.py
[2023-08-11T07:54:17.456+0000] {logging_mixin.py:150} INFO - [2023-08-11T07:54:17.456+0000] {dag.py:2742} INFO - Sync 1 DAGs
[2023-08-11T07:54:17.481+0000] {logging_mixin.py:150} INFO - [2023-08-11T07:54:17.481+0000] {dag.py:3508} INFO - Setting next_dagrun for example_params_trigger_ui to None, run_after=None
[2023-08-11T07:54:17.506+0000] {processor.py:179} INFO - Processing /home/airflow/.local/lib/python3.7/site-packages/airflow/example_dags/example_params_trigger_ui.py took 0.163 seconds
[2023-08-11T07:54:47.715+0000] {processor.py:157} INFO - Started process (PID=306) to work on /home/airflow/.local/lib/python3.7/site-packages/airflow/example_dags/example_params_trigger_ui.py
[2023-08-11T07:54:47.717+0000] {processor.py:826} INFO - Processing file /home/airflow/.local/lib/python3.7/site-packages/airflow/example_dags/example_params_trigger_ui.py for tasks to queue
[2023-08-11T07:54:47.718+0000] {logging_mixin.py:150} INFO - [2023-08-11T07:54:47.718+0000] {dagbag.py:541} INFO - Filling up the DagBag from /home/airflow/.local/lib/python3.7/site-packages/airflow/example_dags/example_params_trigger_ui.py
[2023-08-11T07:54:47.761+0000] {processor.py:836} INFO - DAG(s) dict_keys(['example_params_trigger_ui']) retrieved from /home/airflow/.local/lib/python3.7/site-packages/airflow/example_dags/example_params_trigger_ui.py
[2023-08-11T07:54:47.977+0000] {logging_mixin.py:150} INFO - [2023-08-11T07:54:47.976+0000] {dag.py:2742} INFO - Sync 1 DAGs
[2023-08-11T07:54:48.018+0000] {logging_mixin.py:150} INFO - [2023-08-11T07:54:48.018+0000] {dag.py:3508} INFO - Setting next_dagrun for example_params_trigger_ui to None, run_after=None
[2023-08-11T07:54:48.052+0000] {processor.py:179} INFO - Processing /home/airflow/.local/lib/python3.7/site-packages/airflow/example_dags/example_params_trigger_ui.py took 0.343 seconds
[2023-08-11T07:55:18.419+0000] {processor.py:157} INFO - Started process (PID=372) to work on /home/airflow/.local/lib/python3.7/site-packages/airflow/example_dags/example_params_trigger_ui.py
[2023-08-11T07:55:18.421+0000] {processor.py:826} INFO - Processing file /home/airflow/.local/lib/python3.7/site-packages/airflow/example_dags/example_params_trigger_ui.py for tasks to queue
[2023-08-11T07:55:18.422+0000] {logging_mixin.py:150} INFO - [2023-08-11T07:55:18.421+0000] {dagbag.py:541} INFO - Filling up the DagBag from /home/airflow/.local/lib/python3.7/site-packages/airflow/example_dags/example_params_trigger_ui.py
[2023-08-11T07:55:18.443+0000] {processor.py:836} INFO - DAG(s) dict_keys(['example_params_trigger_ui']) retrieved from /home/airflow/.local/lib/python3.7/site-packages/airflow/example_dags/example_params_trigger_ui.py
[2023-08-11T07:55:18.524+0000] {logging_mixin.py:150} INFO - [2023-08-11T07:55:18.523+0000] {dag.py:2742} INFO - Sync 1 DAGs
[2023-08-11T07:55:18.549+0000] {logging_mixin.py:150} INFO - [2023-08-11T07:55:18.548+0000] {dag.py:3508} INFO - Setting next_dagrun for example_params_trigger_ui to None, run_after=None
[2023-08-11T07:55:18.572+0000] {processor.py:179} INFO - Processing /home/airflow/.local/lib/python3.7/site-packages/airflow/example_dags/example_params_trigger_ui.py took 0.156 seconds
[2023-08-11T07:55:49.013+0000] {processor.py:157} INFO - Started process (PID=437) to work on /home/airflow/.local/lib/python3.7/site-packages/airflow/example_dags/example_params_trigger_ui.py
[2023-08-11T07:55:49.014+0000] {processor.py:826} INFO - Processing file /home/airflow/.local/lib/python3.7/site-packages/airflow/example_dags/example_params_trigger_ui.py for tasks to queue
[2023-08-11T07:55:49.015+0000] {logging_mixin.py:150} INFO - [2023-08-11T07:55:49.014+0000] {dagbag.py:541} INFO - Filling up the DagBag from /home/airflow/.local/lib/python3.7/site-packages/airflow/example_dags/example_params_trigger_ui.py
[2023-08-11T07:55:49.040+0000] {processor.py:836} INFO - DAG(s) dict_keys(['example_params_trigger_ui']) retrieved from /home/airflow/.local/lib/python3.7/site-packages/airflow/example_dags/example_params_trigger_ui.py
[2023-08-11T07:55:49.118+0000] {logging_mixin.py:150} INFO - [2023-08-11T07:55:49.118+0000] {dag.py:2742} INFO - Sync 1 DAGs
[2023-08-11T07:55:49.143+0000] {logging_mixin.py:150} INFO - [2023-08-11T07:55:49.143+0000] {dag.py:3508} INFO - Setting next_dagrun for example_params_trigger_ui to None, run_after=None
[2023-08-11T07:55:49.166+0000] {processor.py:179} INFO - Processing /home/airflow/.local/lib/python3.7/site-packages/airflow/example_dags/example_params_trigger_ui.py took 0.158 seconds
[2023-08-11T07:56:20.231+0000] {processor.py:157} INFO - Started process (PID=502) to work on /home/airflow/.local/lib/python3.7/site-packages/airflow/example_dags/example_params_trigger_ui.py
[2023-08-11T07:56:20.233+0000] {processor.py:826} INFO - Processing file /home/airflow/.local/lib/python3.7/site-packages/airflow/example_dags/example_params_trigger_ui.py for tasks to queue
[2023-08-11T07:56:20.234+0000] {logging_mixin.py:150} INFO - [2023-08-11T07:56:20.233+0000] {dagbag.py:541} INFO - Filling up the DagBag from /home/airflow/.local/lib/python3.7/site-packages/airflow/example_dags/example_params_trigger_ui.py
[2023-08-11T07:56:20.271+0000] {processor.py:836} INFO - DAG(s) dict_keys(['example_params_trigger_ui']) retrieved from /home/airflow/.local/lib/python3.7/site-packages/airflow/example_dags/example_params_trigger_ui.py
[2023-08-11T07:56:20.384+0000] {logging_mixin.py:150} INFO - [2023-08-11T07:56:20.384+0000] {dag.py:2742} INFO - Sync 1 DAGs
[2023-08-11T07:56:20.414+0000] {logging_mixin.py:150} INFO - [2023-08-11T07:56:20.414+0000] {dag.py:3508} INFO - Setting next_dagrun for example_params_trigger_ui to None, run_after=None
[2023-08-11T07:56:20.446+0000] {processor.py:179} INFO - Processing /home/airflow/.local/lib/python3.7/site-packages/airflow/example_dags/example_params_trigger_ui.py took 0.219 seconds
[2023-08-11T07:56:51.402+0000] {processor.py:157} INFO - Started process (PID=567) to work on /home/airflow/.local/lib/python3.7/site-packages/airflow/example_dags/example_params_trigger_ui.py
[2023-08-11T07:56:51.406+0000] {processor.py:826} INFO - Processing file /home/airflow/.local/lib/python3.7/site-packages/airflow/example_dags/example_params_trigger_ui.py for tasks to queue
[2023-08-11T07:56:51.408+0000] {logging_mixin.py:150} INFO - [2023-08-11T07:56:51.407+0000] {dagbag.py:541} INFO - Filling up the DagBag from /home/airflow/.local/lib/python3.7/site-packages/airflow/example_dags/example_params_trigger_ui.py
[2023-08-11T07:56:51.467+0000] {processor.py:836} INFO - DAG(s) dict_keys(['example_params_trigger_ui']) retrieved from /home/airflow/.local/lib/python3.7/site-packages/airflow/example_dags/example_params_trigger_ui.py
[2023-08-11T07:56:51.701+0000] {logging_mixin.py:150} INFO - [2023-08-11T07:56:51.701+0000] {dag.py:2742} INFO - Sync 1 DAGs
[2023-08-11T07:56:51.742+0000] {logging_mixin.py:150} INFO - [2023-08-11T07:56:51.741+0000] {dag.py:3508} INFO - Setting next_dagrun for example_params_trigger_ui to None, run_after=None
[2023-08-11T07:56:51.791+0000] {processor.py:179} INFO - Processing /home/airflow/.local/lib/python3.7/site-packages/airflow/example_dags/example_params_trigger_ui.py took 0.402 seconds
[2023-08-11T07:57:22.671+0000] {processor.py:157} INFO - Started process (PID=633) to work on /home/airflow/.local/lib/python3.7/site-packages/airflow/example_dags/example_params_trigger_ui.py
[2023-08-11T07:57:22.673+0000] {processor.py:826} INFO - Processing file /home/airflow/.local/lib/python3.7/site-packages/airflow/example_dags/example_params_trigger_ui.py for tasks to queue
[2023-08-11T07:57:22.674+0000] {logging_mixin.py:150} INFO - [2023-08-11T07:57:22.674+0000] {dagbag.py:541} INFO - Filling up the DagBag from /home/airflow/.local/lib/python3.7/site-packages/airflow/example_dags/example_params_trigger_ui.py
[2023-08-11T07:57:22.699+0000] {processor.py:836} INFO - DAG(s) dict_keys(['example_params_trigger_ui']) retrieved from /home/airflow/.local/lib/python3.7/site-packages/airflow/example_dags/example_params_trigger_ui.py
[2023-08-11T07:57:22.799+0000] {logging_mixin.py:150} INFO - [2023-08-11T07:57:22.799+0000] {dag.py:2742} INFO - Sync 1 DAGs
[2023-08-11T07:57:22.833+0000] {logging_mixin.py:150} INFO - [2023-08-11T07:57:22.833+0000] {dag.py:3508} INFO - Setting next_dagrun for example_params_trigger_ui to None, run_after=None
[2023-08-11T07:57:22.864+0000] {processor.py:179} INFO - Processing /home/airflow/.local/lib/python3.7/site-packages/airflow/example_dags/example_params_trigger_ui.py took 0.196 seconds
[2023-08-11T07:57:53.671+0000] {processor.py:157} INFO - Started process (PID=700) to work on /home/airflow/.local/lib/python3.7/site-packages/airflow/example_dags/example_params_trigger_ui.py
[2023-08-11T07:57:53.672+0000] {processor.py:826} INFO - Processing file /home/airflow/.local/lib/python3.7/site-packages/airflow/example_dags/example_params_trigger_ui.py for tasks to queue
[2023-08-11T07:57:53.673+0000] {logging_mixin.py:150} INFO - [2023-08-11T07:57:53.673+0000] {dagbag.py:541} INFO - Filling up the DagBag from /home/airflow/.local/lib/python3.7/site-packages/airflow/example_dags/example_params_trigger_ui.py
[2023-08-11T07:57:53.701+0000] {processor.py:836} INFO - DAG(s) dict_keys(['example_params_trigger_ui']) retrieved from /home/airflow/.local/lib/python3.7/site-packages/airflow/example_dags/example_params_trigger_ui.py
[2023-08-11T07:57:53.804+0000] {logging_mixin.py:150} INFO - [2023-08-11T07:57:53.804+0000] {dag.py:2742} INFO - Sync 1 DAGs
[2023-08-11T07:57:53.840+0000] {logging_mixin.py:150} INFO - [2023-08-11T07:57:53.839+0000] {dag.py:3508} INFO - Setting next_dagrun for example_params_trigger_ui to None, run_after=None
[2023-08-11T07:57:53.881+0000] {processor.py:179} INFO - Processing /home/airflow/.local/lib/python3.7/site-packages/airflow/example_dags/example_params_trigger_ui.py took 0.215 seconds
[2023-08-11T07:58:24.376+0000] {processor.py:157} INFO - Started process (PID=766) to work on /home/airflow/.local/lib/python3.7/site-packages/airflow/example_dags/example_params_trigger_ui.py
[2023-08-11T07:58:24.377+0000] {processor.py:826} INFO - Processing file /home/airflow/.local/lib/python3.7/site-packages/airflow/example_dags/example_params_trigger_ui.py for tasks to queue
[2023-08-11T07:58:24.377+0000] {logging_mixin.py:150} INFO - [2023-08-11T07:58:24.377+0000] {dagbag.py:541} INFO - Filling up the DagBag from /home/airflow/.local/lib/python3.7/site-packages/airflow/example_dags/example_params_trigger_ui.py
[2023-08-11T07:58:24.398+0000] {processor.py:836} INFO - DAG(s) dict_keys(['example_params_trigger_ui']) retrieved from /home/airflow/.local/lib/python3.7/site-packages/airflow/example_dags/example_params_trigger_ui.py
[2023-08-11T07:58:24.484+0000] {logging_mixin.py:150} INFO - [2023-08-11T07:58:24.484+0000] {dag.py:2742} INFO - Sync 1 DAGs
[2023-08-11T07:58:24.506+0000] {logging_mixin.py:150} INFO - [2023-08-11T07:58:24.506+0000] {dag.py:3508} INFO - Setting next_dagrun for example_params_trigger_ui to None, run_after=None
[2023-08-11T07:58:24.527+0000] {processor.py:179} INFO - Processing /home/airflow/.local/lib/python3.7/site-packages/airflow/example_dags/example_params_trigger_ui.py took 0.154 seconds
[2023-08-11T07:58:54.685+0000] {processor.py:157} INFO - Started process (PID=832) to work on /home/airflow/.local/lib/python3.7/site-packages/airflow/example_dags/example_params_trigger_ui.py
[2023-08-11T07:58:54.687+0000] {processor.py:826} INFO - Processing file /home/airflow/.local/lib/python3.7/site-packages/airflow/example_dags/example_params_trigger_ui.py for tasks to queue
[2023-08-11T07:58:54.687+0000] {logging_mixin.py:150} INFO - [2023-08-11T07:58:54.687+0000] {dagbag.py:541} INFO - Filling up the DagBag from /home/airflow/.local/lib/python3.7/site-packages/airflow/example_dags/example_params_trigger_ui.py
[2023-08-11T07:58:54.707+0000] {processor.py:836} INFO - DAG(s) dict_keys(['example_params_trigger_ui']) retrieved from /home/airflow/.local/lib/python3.7/site-packages/airflow/example_dags/example_params_trigger_ui.py
[2023-08-11T07:58:54.792+0000] {logging_mixin.py:150} INFO - [2023-08-11T07:58:54.792+0000] {dag.py:2742} INFO - Sync 1 DAGs
[2023-08-11T07:58:54.815+0000] {logging_mixin.py:150} INFO - [2023-08-11T07:58:54.815+0000] {dag.py:3508} INFO - Setting next_dagrun for example_params_trigger_ui to None, run_after=None
[2023-08-11T07:58:54.839+0000] {processor.py:179} INFO - Processing /home/airflow/.local/lib/python3.7/site-packages/airflow/example_dags/example_params_trigger_ui.py took 0.158 seconds
[2023-08-11T07:59:25.124+0000] {processor.py:157} INFO - Started process (PID=898) to work on /home/airflow/.local/lib/python3.7/site-packages/airflow/example_dags/example_params_trigger_ui.py
[2023-08-11T07:59:25.125+0000] {processor.py:826} INFO - Processing file /home/airflow/.local/lib/python3.7/site-packages/airflow/example_dags/example_params_trigger_ui.py for tasks to queue
[2023-08-11T07:59:25.126+0000] {logging_mixin.py:150} INFO - [2023-08-11T07:59:25.126+0000] {dagbag.py:541} INFO - Filling up the DagBag from /home/airflow/.local/lib/python3.7/site-packages/airflow/example_dags/example_params_trigger_ui.py
[2023-08-11T07:59:25.164+0000] {processor.py:836} INFO - DAG(s) dict_keys(['example_params_trigger_ui']) retrieved from /home/airflow/.local/lib/python3.7/site-packages/airflow/example_dags/example_params_trigger_ui.py
[2023-08-11T07:59:25.189+0000] {logging_mixin.py:150} INFO - [2023-08-11T07:59:25.188+0000] {dag.py:2742} INFO - Sync 1 DAGs
[2023-08-11T07:59:25.227+0000] {logging_mixin.py:150} INFO - [2023-08-11T07:59:25.226+0000] {dag.py:3508} INFO - Setting next_dagrun for example_params_trigger_ui to None, run_after=None
[2023-08-11T07:59:25.266+0000] {processor.py:179} INFO - Processing /home/airflow/.local/lib/python3.7/site-packages/airflow/example_dags/example_params_trigger_ui.py took 0.146 seconds
[2023-08-11T07:59:55.530+0000] {processor.py:157} INFO - Started process (PID=966) to work on /home/airflow/.local/lib/python3.7/site-packages/airflow/example_dags/example_params_trigger_ui.py
[2023-08-11T07:59:55.531+0000] {processor.py:826} INFO - Processing file /home/airflow/.local/lib/python3.7/site-packages/airflow/example_dags/example_params_trigger_ui.py for tasks to queue
[2023-08-11T07:59:55.532+0000] {logging_mixin.py:150} INFO - [2023-08-11T07:59:55.531+0000] {dagbag.py:541} INFO - Filling up the DagBag from /home/airflow/.local/lib/python3.7/site-packages/airflow/example_dags/example_params_trigger_ui.py
[2023-08-11T07:59:55.550+0000] {processor.py:836} INFO - DAG(s) dict_keys(['example_params_trigger_ui']) retrieved from /home/airflow/.local/lib/python3.7/site-packages/airflow/example_dags/example_params_trigger_ui.py
[2023-08-11T07:59:55.628+0000] {logging_mixin.py:150} INFO - [2023-08-11T07:59:55.628+0000] {dag.py:2742} INFO - Sync 1 DAGs
[2023-08-11T07:59:55.650+0000] {logging_mixin.py:150} INFO - [2023-08-11T07:59:55.650+0000] {dag.py:3508} INFO - Setting next_dagrun for example_params_trigger_ui to None, run_after=None
[2023-08-11T07:59:55.680+0000] {processor.py:179} INFO - Processing /home/airflow/.local/lib/python3.7/site-packages/airflow/example_dags/example_params_trigger_ui.py took 0.152 seconds
[2023-08-11T08:00:26.115+0000] {processor.py:157} INFO - Started process (PID=1037) to work on /home/airflow/.local/lib/python3.7/site-packages/airflow/example_dags/example_params_trigger_ui.py
[2023-08-11T08:00:26.116+0000] {processor.py:826} INFO - Processing file /home/airflow/.local/lib/python3.7/site-packages/airflow/example_dags/example_params_trigger_ui.py for tasks to queue
[2023-08-11T08:00:26.117+0000] {logging_mixin.py:150} INFO - [2023-08-11T08:00:26.116+0000] {dagbag.py:541} INFO - Filling up the DagBag from /home/airflow/.local/lib/python3.7/site-packages/airflow/example_dags/example_params_trigger_ui.py
[2023-08-11T08:00:26.137+0000] {processor.py:836} INFO - DAG(s) dict_keys(['example_params_trigger_ui']) retrieved from /home/airflow/.local/lib/python3.7/site-packages/airflow/example_dags/example_params_trigger_ui.py
[2023-08-11T08:00:26.228+0000] {logging_mixin.py:150} INFO - [2023-08-11T08:00:26.228+0000] {dag.py:2742} INFO - Sync 1 DAGs
[2023-08-11T08:00:26.255+0000] {logging_mixin.py:150} INFO - [2023-08-11T08:00:26.255+0000] {dag.py:3508} INFO - Setting next_dagrun for example_params_trigger_ui to None, run_after=None
[2023-08-11T08:00:26.287+0000] {processor.py:179} INFO - Processing /home/airflow/.local/lib/python3.7/site-packages/airflow/example_dags/example_params_trigger_ui.py took 0.175 seconds
[2023-08-11T08:00:56.742+0000] {processor.py:157} INFO - Started process (PID=1104) to work on /home/airflow/.local/lib/python3.7/site-packages/airflow/example_dags/example_params_trigger_ui.py
[2023-08-11T08:00:56.743+0000] {processor.py:826} INFO - Processing file /home/airflow/.local/lib/python3.7/site-packages/airflow/example_dags/example_params_trigger_ui.py for tasks to queue
[2023-08-11T08:00:56.744+0000] {logging_mixin.py:150} INFO - [2023-08-11T08:00:56.743+0000] {dagbag.py:541} INFO - Filling up the DagBag from /home/airflow/.local/lib/python3.7/site-packages/airflow/example_dags/example_params_trigger_ui.py
[2023-08-11T08:00:56.766+0000] {processor.py:836} INFO - DAG(s) dict_keys(['example_params_trigger_ui']) retrieved from /home/airflow/.local/lib/python3.7/site-packages/airflow/example_dags/example_params_trigger_ui.py
[2023-08-11T08:00:56.869+0000] {logging_mixin.py:150} INFO - [2023-08-11T08:00:56.868+0000] {dag.py:2742} INFO - Sync 1 DAGs
[2023-08-11T08:00:56.899+0000] {logging_mixin.py:150} INFO - [2023-08-11T08:00:56.899+0000] {dag.py:3508} INFO - Setting next_dagrun for example_params_trigger_ui to None, run_after=None
[2023-08-11T08:00:56.921+0000] {processor.py:179} INFO - Processing /home/airflow/.local/lib/python3.7/site-packages/airflow/example_dags/example_params_trigger_ui.py took 0.183 seconds
[2023-08-11T08:01:27.243+0000] {processor.py:157} INFO - Started process (PID=1172) to work on /home/airflow/.local/lib/python3.7/site-packages/airflow/example_dags/example_params_trigger_ui.py
[2023-08-11T08:01:27.245+0000] {processor.py:826} INFO - Processing file /home/airflow/.local/lib/python3.7/site-packages/airflow/example_dags/example_params_trigger_ui.py for tasks to queue
[2023-08-11T08:01:27.246+0000] {logging_mixin.py:150} INFO - [2023-08-11T08:01:27.246+0000] {dagbag.py:541} INFO - Filling up the DagBag from /home/airflow/.local/lib/python3.7/site-packages/airflow/example_dags/example_params_trigger_ui.py
[2023-08-11T08:01:27.268+0000] {processor.py:836} INFO - DAG(s) dict_keys(['example_params_trigger_ui']) retrieved from /home/airflow/.local/lib/python3.7/site-packages/airflow/example_dags/example_params_trigger_ui.py
[2023-08-11T08:01:27.346+0000] {logging_mixin.py:150} INFO - [2023-08-11T08:01:27.345+0000] {dag.py:2742} INFO - Sync 1 DAGs
[2023-08-11T08:01:27.371+0000] {logging_mixin.py:150} INFO - [2023-08-11T08:01:27.371+0000] {dag.py:3508} INFO - Setting next_dagrun for example_params_trigger_ui to None, run_after=None
[2023-08-11T08:01:27.400+0000] {processor.py:179} INFO - Processing /home/airflow/.local/lib/python3.7/site-packages/airflow/example_dags/example_params_trigger_ui.py took 0.164 seconds
[2023-08-11T08:01:57.558+0000] {processor.py:157} INFO - Started process (PID=1238) to work on /home/airflow/.local/lib/python3.7/site-packages/airflow/example_dags/example_params_trigger_ui.py
[2023-08-11T08:01:57.559+0000] {processor.py:826} INFO - Processing file /home/airflow/.local/lib/python3.7/site-packages/airflow/example_dags/example_params_trigger_ui.py for tasks to queue
[2023-08-11T08:01:57.560+0000] {logging_mixin.py:150} INFO - [2023-08-11T08:01:57.560+0000] {dagbag.py:541} INFO - Filling up the DagBag from /home/airflow/.local/lib/python3.7/site-packages/airflow/example_dags/example_params_trigger_ui.py
[2023-08-11T08:01:57.584+0000] {processor.py:836} INFO - DAG(s) dict_keys(['example_params_trigger_ui']) retrieved from /home/airflow/.local/lib/python3.7/site-packages/airflow/example_dags/example_params_trigger_ui.py
[2023-08-11T08:01:57.671+0000] {logging_mixin.py:150} INFO - [2023-08-11T08:01:57.670+0000] {dag.py:2742} INFO - Sync 1 DAGs
[2023-08-11T08:01:57.697+0000] {logging_mixin.py:150} INFO - [2023-08-11T08:01:57.696+0000] {dag.py:3508} INFO - Setting next_dagrun for example_params_trigger_ui to None, run_after=None
[2023-08-11T08:01:57.721+0000] {processor.py:179} INFO - Processing /home/airflow/.local/lib/python3.7/site-packages/airflow/example_dags/example_params_trigger_ui.py took 0.166 seconds
[2023-08-11T08:02:27.792+0000] {processor.py:157} INFO - Started process (PID=1306) to work on /home/airflow/.local/lib/python3.7/site-packages/airflow/example_dags/example_params_trigger_ui.py
[2023-08-11T08:02:27.794+0000] {processor.py:826} INFO - Processing file /home/airflow/.local/lib/python3.7/site-packages/airflow/example_dags/example_params_trigger_ui.py for tasks to queue
[2023-08-11T08:02:27.794+0000] {logging_mixin.py:150} INFO - [2023-08-11T08:02:27.794+0000] {dagbag.py:541} INFO - Filling up the DagBag from /home/airflow/.local/lib/python3.7/site-packages/airflow/example_dags/example_params_trigger_ui.py
[2023-08-11T08:02:27.816+0000] {processor.py:836} INFO - DAG(s) dict_keys(['example_params_trigger_ui']) retrieved from /home/airflow/.local/lib/python3.7/site-packages/airflow/example_dags/example_params_trigger_ui.py
[2023-08-11T08:02:27.899+0000] {logging_mixin.py:150} INFO - [2023-08-11T08:02:27.899+0000] {dag.py:2742} INFO - Sync 1 DAGs
[2023-08-11T08:02:27.923+0000] {logging_mixin.py:150} INFO - [2023-08-11T08:02:27.923+0000] {dag.py:3508} INFO - Setting next_dagrun for example_params_trigger_ui to None, run_after=None
[2023-08-11T08:02:27.948+0000] {processor.py:179} INFO - Processing /home/airflow/.local/lib/python3.7/site-packages/airflow/example_dags/example_params_trigger_ui.py took 0.159 seconds
[2023-08-11T08:02:58.038+0000] {processor.py:157} INFO - Started process (PID=1372) to work on /home/airflow/.local/lib/python3.7/site-packages/airflow/example_dags/example_params_trigger_ui.py
[2023-08-11T08:02:58.039+0000] {processor.py:826} INFO - Processing file /home/airflow/.local/lib/python3.7/site-packages/airflow/example_dags/example_params_trigger_ui.py for tasks to queue
[2023-08-11T08:02:58.039+0000] {logging_mixin.py:150} INFO - [2023-08-11T08:02:58.039+0000] {dagbag.py:541} INFO - Filling up the DagBag from /home/airflow/.local/lib/python3.7/site-packages/airflow/example_dags/example_params_trigger_ui.py
[2023-08-11T08:02:58.071+0000] {processor.py:836} INFO - DAG(s) dict_keys(['example_params_trigger_ui']) retrieved from /home/airflow/.local/lib/python3.7/site-packages/airflow/example_dags/example_params_trigger_ui.py
[2023-08-11T08:02:58.189+0000] {logging_mixin.py:150} INFO - [2023-08-11T08:02:58.188+0000] {dag.py:2742} INFO - Sync 1 DAGs
[2023-08-11T08:02:58.232+0000] {logging_mixin.py:150} INFO - [2023-08-11T08:02:58.232+0000] {dag.py:3508} INFO - Setting next_dagrun for example_params_trigger_ui to None, run_after=None
[2023-08-11T08:02:58.274+0000] {processor.py:179} INFO - Processing /home/airflow/.local/lib/python3.7/site-packages/airflow/example_dags/example_params_trigger_ui.py took 0.240 seconds
[2023-08-11T08:03:28.850+0000] {processor.py:157} INFO - Started process (PID=1440) to work on /home/airflow/.local/lib/python3.7/site-packages/airflow/example_dags/example_params_trigger_ui.py
[2023-08-11T08:03:28.852+0000] {processor.py:826} INFO - Processing file /home/airflow/.local/lib/python3.7/site-packages/airflow/example_dags/example_params_trigger_ui.py for tasks to queue
[2023-08-11T08:03:28.853+0000] {logging_mixin.py:150} INFO - [2023-08-11T08:03:28.852+0000] {dagbag.py:541} INFO - Filling up the DagBag from /home/airflow/.local/lib/python3.7/site-packages/airflow/example_dags/example_params_trigger_ui.py
[2023-08-11T08:03:28.877+0000] {processor.py:836} INFO - DAG(s) dict_keys(['example_params_trigger_ui']) retrieved from /home/airflow/.local/lib/python3.7/site-packages/airflow/example_dags/example_params_trigger_ui.py
[2023-08-11T08:03:28.972+0000] {logging_mixin.py:150} INFO - [2023-08-11T08:03:28.972+0000] {dag.py:2742} INFO - Sync 1 DAGs
[2023-08-11T08:03:29.001+0000] {logging_mixin.py:150} INFO - [2023-08-11T08:03:29.000+0000] {dag.py:3508} INFO - Setting next_dagrun for example_params_trigger_ui to None, run_after=None
[2023-08-11T08:03:29.026+0000] {processor.py:179} INFO - Processing /home/airflow/.local/lib/python3.7/site-packages/airflow/example_dags/example_params_trigger_ui.py took 0.181 seconds
[2023-08-11T08:03:59.407+0000] {processor.py:157} INFO - Started process (PID=1506) to work on /home/airflow/.local/lib/python3.7/site-packages/airflow/example_dags/example_params_trigger_ui.py
[2023-08-11T08:03:59.408+0000] {processor.py:826} INFO - Processing file /home/airflow/.local/lib/python3.7/site-packages/airflow/example_dags/example_params_trigger_ui.py for tasks to queue
[2023-08-11T08:03:59.409+0000] {logging_mixin.py:150} INFO - [2023-08-11T08:03:59.409+0000] {dagbag.py:541} INFO - Filling up the DagBag from /home/airflow/.local/lib/python3.7/site-packages/airflow/example_dags/example_params_trigger_ui.py
[2023-08-11T08:03:59.443+0000] {processor.py:836} INFO - DAG(s) dict_keys(['example_params_trigger_ui']) retrieved from /home/airflow/.local/lib/python3.7/site-packages/airflow/example_dags/example_params_trigger_ui.py
[2023-08-11T08:03:59.575+0000] {logging_mixin.py:150} INFO - [2023-08-11T08:03:59.574+0000] {dag.py:2742} INFO - Sync 1 DAGs
[2023-08-11T08:03:59.615+0000] {logging_mixin.py:150} INFO - [2023-08-11T08:03:59.615+0000] {dag.py:3508} INFO - Setting next_dagrun for example_params_trigger_ui to None, run_after=None
[2023-08-11T08:03:59.653+0000] {processor.py:179} INFO - Processing /home/airflow/.local/lib/python3.7/site-packages/airflow/example_dags/example_params_trigger_ui.py took 0.251 seconds
[2023-08-11T08:04:30.642+0000] {processor.py:157} INFO - Started process (PID=1580) to work on /home/airflow/.local/lib/python3.7/site-packages/airflow/example_dags/example_params_trigger_ui.py
[2023-08-11T08:04:30.644+0000] {processor.py:826} INFO - Processing file /home/airflow/.local/lib/python3.7/site-packages/airflow/example_dags/example_params_trigger_ui.py for tasks to queue
[2023-08-11T08:04:30.645+0000] {logging_mixin.py:150} INFO - [2023-08-11T08:04:30.644+0000] {dagbag.py:541} INFO - Filling up the DagBag from /home/airflow/.local/lib/python3.7/site-packages/airflow/example_dags/example_params_trigger_ui.py
[2023-08-11T08:04:30.686+0000] {processor.py:836} INFO - DAG(s) dict_keys(['example_params_trigger_ui']) retrieved from /home/airflow/.local/lib/python3.7/site-packages/airflow/example_dags/example_params_trigger_ui.py
[2023-08-11T08:04:30.790+0000] {logging_mixin.py:150} INFO - [2023-08-11T08:04:30.790+0000] {dag.py:2742} INFO - Sync 1 DAGs
[2023-08-11T08:04:30.822+0000] {logging_mixin.py:150} INFO - [2023-08-11T08:04:30.822+0000] {dag.py:3508} INFO - Setting next_dagrun for example_params_trigger_ui to None, run_after=None
[2023-08-11T08:04:30.847+0000] {processor.py:179} INFO - Processing /home/airflow/.local/lib/python3.7/site-packages/airflow/example_dags/example_params_trigger_ui.py took 0.208 seconds
[2023-08-11T08:05:01.361+0000] {processor.py:157} INFO - Started process (PID=1646) to work on /home/airflow/.local/lib/python3.7/site-packages/airflow/example_dags/example_params_trigger_ui.py
[2023-08-11T08:05:01.363+0000] {processor.py:826} INFO - Processing file /home/airflow/.local/lib/python3.7/site-packages/airflow/example_dags/example_params_trigger_ui.py for tasks to queue
[2023-08-11T08:05:01.363+0000] {logging_mixin.py:150} INFO - [2023-08-11T08:05:01.363+0000] {dagbag.py:541} INFO - Filling up the DagBag from /home/airflow/.local/lib/python3.7/site-packages/airflow/example_dags/example_params_trigger_ui.py
[2023-08-11T08:05:01.383+0000] {processor.py:836} INFO - DAG(s) dict_keys(['example_params_trigger_ui']) retrieved from /home/airflow/.local/lib/python3.7/site-packages/airflow/example_dags/example_params_trigger_ui.py
[2023-08-11T08:05:01.477+0000] {logging_mixin.py:150} INFO - [2023-08-11T08:05:01.477+0000] {dag.py:2742} INFO - Sync 1 DAGs
[2023-08-11T08:05:01.504+0000] {logging_mixin.py:150} INFO - [2023-08-11T08:05:01.504+0000] {dag.py:3508} INFO - Setting next_dagrun for example_params_trigger_ui to None, run_after=None
[2023-08-11T08:05:01.531+0000] {processor.py:179} INFO - Processing /home/airflow/.local/lib/python3.7/site-packages/airflow/example_dags/example_params_trigger_ui.py took 0.173 seconds
[2023-08-11T08:05:32.106+0000] {processor.py:157} INFO - Started process (PID=1719) to work on /home/airflow/.local/lib/python3.7/site-packages/airflow/example_dags/example_params_trigger_ui.py
[2023-08-11T08:05:32.108+0000] {processor.py:826} INFO - Processing file /home/airflow/.local/lib/python3.7/site-packages/airflow/example_dags/example_params_trigger_ui.py for tasks to queue
[2023-08-11T08:05:32.109+0000] {logging_mixin.py:150} INFO - [2023-08-11T08:05:32.109+0000] {dagbag.py:541} INFO - Filling up the DagBag from /home/airflow/.local/lib/python3.7/site-packages/airflow/example_dags/example_params_trigger_ui.py
[2023-08-11T08:05:32.154+0000] {processor.py:836} INFO - DAG(s) dict_keys(['example_params_trigger_ui']) retrieved from /home/airflow/.local/lib/python3.7/site-packages/airflow/example_dags/example_params_trigger_ui.py
[2023-08-11T08:05:32.304+0000] {logging_mixin.py:150} INFO - [2023-08-11T08:05:32.303+0000] {dag.py:2742} INFO - Sync 1 DAGs
[2023-08-11T08:05:32.348+0000] {logging_mixin.py:150} INFO - [2023-08-11T08:05:32.347+0000] {dag.py:3508} INFO - Setting next_dagrun for example_params_trigger_ui to None, run_after=None
[2023-08-11T08:05:32.379+0000] {processor.py:179} INFO - Processing /home/airflow/.local/lib/python3.7/site-packages/airflow/example_dags/example_params_trigger_ui.py took 0.282 seconds
[2023-08-11T08:06:02.880+0000] {processor.py:157} INFO - Started process (PID=1786) to work on /home/airflow/.local/lib/python3.7/site-packages/airflow/example_dags/example_params_trigger_ui.py
[2023-08-11T08:06:02.884+0000] {processor.py:826} INFO - Processing file /home/airflow/.local/lib/python3.7/site-packages/airflow/example_dags/example_params_trigger_ui.py for tasks to queue
[2023-08-11T08:06:02.886+0000] {logging_mixin.py:150} INFO - [2023-08-11T08:06:02.886+0000] {dagbag.py:541} INFO - Filling up the DagBag from /home/airflow/.local/lib/python3.7/site-packages/airflow/example_dags/example_params_trigger_ui.py
[2023-08-11T08:06:02.915+0000] {processor.py:836} INFO - DAG(s) dict_keys(['example_params_trigger_ui']) retrieved from /home/airflow/.local/lib/python3.7/site-packages/airflow/example_dags/example_params_trigger_ui.py
[2023-08-11T08:06:03.048+0000] {logging_mixin.py:150} INFO - [2023-08-11T08:06:03.047+0000] {dag.py:2742} INFO - Sync 1 DAGs
[2023-08-11T08:06:03.089+0000] {logging_mixin.py:150} INFO - [2023-08-11T08:06:03.088+0000] {dag.py:3508} INFO - Setting next_dagrun for example_params_trigger_ui to None, run_after=None
[2023-08-11T08:06:03.146+0000] {processor.py:179} INFO - Processing /home/airflow/.local/lib/python3.7/site-packages/airflow/example_dags/example_params_trigger_ui.py took 0.269 seconds
[2023-08-11T08:06:33.996+0000] {processor.py:157} INFO - Started process (PID=1857) to work on /home/airflow/.local/lib/python3.7/site-packages/airflow/example_dags/example_params_trigger_ui.py
[2023-08-11T08:06:33.998+0000] {processor.py:826} INFO - Processing file /home/airflow/.local/lib/python3.7/site-packages/airflow/example_dags/example_params_trigger_ui.py for tasks to queue
[2023-08-11T08:06:34.001+0000] {logging_mixin.py:150} INFO - [2023-08-11T08:06:34.000+0000] {dagbag.py:541} INFO - Filling up the DagBag from /home/airflow/.local/lib/python3.7/site-packages/airflow/example_dags/example_params_trigger_ui.py
[2023-08-11T08:06:34.035+0000] {processor.py:836} INFO - DAG(s) dict_keys(['example_params_trigger_ui']) retrieved from /home/airflow/.local/lib/python3.7/site-packages/airflow/example_dags/example_params_trigger_ui.py
[2023-08-11T08:06:34.170+0000] {logging_mixin.py:150} INFO - [2023-08-11T08:06:34.169+0000] {dag.py:2742} INFO - Sync 1 DAGs
[2023-08-11T08:06:34.212+0000] {logging_mixin.py:150} INFO - [2023-08-11T08:06:34.212+0000] {dag.py:3508} INFO - Setting next_dagrun for example_params_trigger_ui to None, run_after=None
[2023-08-11T08:06:34.252+0000] {processor.py:179} INFO - Processing /home/airflow/.local/lib/python3.7/site-packages/airflow/example_dags/example_params_trigger_ui.py took 0.261 seconds
[2023-08-11T08:07:04.829+0000] {processor.py:157} INFO - Started process (PID=1925) to work on /home/airflow/.local/lib/python3.7/site-packages/airflow/example_dags/example_params_trigger_ui.py
[2023-08-11T08:07:04.831+0000] {processor.py:826} INFO - Processing file /home/airflow/.local/lib/python3.7/site-packages/airflow/example_dags/example_params_trigger_ui.py for tasks to queue
[2023-08-11T08:07:04.831+0000] {logging_mixin.py:150} INFO - [2023-08-11T08:07:04.831+0000] {dagbag.py:541} INFO - Filling up the DagBag from /home/airflow/.local/lib/python3.7/site-packages/airflow/example_dags/example_params_trigger_ui.py
[2023-08-11T08:07:04.853+0000] {processor.py:836} INFO - DAG(s) dict_keys(['example_params_trigger_ui']) retrieved from /home/airflow/.local/lib/python3.7/site-packages/airflow/example_dags/example_params_trigger_ui.py
[2023-08-11T08:07:04.981+0000] {logging_mixin.py:150} INFO - [2023-08-11T08:07:04.981+0000] {dag.py:2742} INFO - Sync 1 DAGs
[2023-08-11T08:07:05.015+0000] {logging_mixin.py:150} INFO - [2023-08-11T08:07:05.015+0000] {dag.py:3508} INFO - Setting next_dagrun for example_params_trigger_ui to None, run_after=None
[2023-08-11T08:07:05.046+0000] {processor.py:179} INFO - Processing /home/airflow/.local/lib/python3.7/site-packages/airflow/example_dags/example_params_trigger_ui.py took 0.220 seconds
[2023-08-11T08:07:35.318+0000] {processor.py:157} INFO - Started process (PID=1994) to work on /home/airflow/.local/lib/python3.7/site-packages/airflow/example_dags/example_params_trigger_ui.py
[2023-08-11T08:07:35.318+0000] {processor.py:826} INFO - Processing file /home/airflow/.local/lib/python3.7/site-packages/airflow/example_dags/example_params_trigger_ui.py for tasks to queue
[2023-08-11T08:07:35.319+0000] {logging_mixin.py:150} INFO - [2023-08-11T08:07:35.319+0000] {dagbag.py:541} INFO - Filling up the DagBag from /home/airflow/.local/lib/python3.7/site-packages/airflow/example_dags/example_params_trigger_ui.py
[2023-08-11T08:07:35.339+0000] {processor.py:836} INFO - DAG(s) dict_keys(['example_params_trigger_ui']) retrieved from /home/airflow/.local/lib/python3.7/site-packages/airflow/example_dags/example_params_trigger_ui.py
[2023-08-11T08:07:35.417+0000] {logging_mixin.py:150} INFO - [2023-08-11T08:07:35.417+0000] {dag.py:2742} INFO - Sync 1 DAGs
[2023-08-11T08:07:35.439+0000] {logging_mixin.py:150} INFO - [2023-08-11T08:07:35.439+0000] {dag.py:3508} INFO - Setting next_dagrun for example_params_trigger_ui to None, run_after=None
[2023-08-11T08:07:35.464+0000] {processor.py:179} INFO - Processing /home/airflow/.local/lib/python3.7/site-packages/airflow/example_dags/example_params_trigger_ui.py took 0.149 seconds
[2023-08-11T08:08:05.522+0000] {processor.py:157} INFO - Started process (PID=2059) to work on /home/airflow/.local/lib/python3.7/site-packages/airflow/example_dags/example_params_trigger_ui.py
[2023-08-11T08:08:05.523+0000] {processor.py:826} INFO - Processing file /home/airflow/.local/lib/python3.7/site-packages/airflow/example_dags/example_params_trigger_ui.py for tasks to queue
[2023-08-11T08:08:05.524+0000] {logging_mixin.py:150} INFO - [2023-08-11T08:08:05.523+0000] {dagbag.py:541} INFO - Filling up the DagBag from /home/airflow/.local/lib/python3.7/site-packages/airflow/example_dags/example_params_trigger_ui.py
[2023-08-11T08:08:05.544+0000] {processor.py:836} INFO - DAG(s) dict_keys(['example_params_trigger_ui']) retrieved from /home/airflow/.local/lib/python3.7/site-packages/airflow/example_dags/example_params_trigger_ui.py
[2023-08-11T08:08:05.618+0000] {logging_mixin.py:150} INFO - [2023-08-11T08:08:05.618+0000] {dag.py:2742} INFO - Sync 1 DAGs
[2023-08-11T08:08:05.640+0000] {logging_mixin.py:150} INFO - [2023-08-11T08:08:05.640+0000] {dag.py:3508} INFO - Setting next_dagrun for example_params_trigger_ui to None, run_after=None
[2023-08-11T08:08:05.663+0000] {processor.py:179} INFO - Processing /home/airflow/.local/lib/python3.7/site-packages/airflow/example_dags/example_params_trigger_ui.py took 0.144 seconds
[2023-08-11T08:08:36.223+0000] {processor.py:157} INFO - Started process (PID=2126) to work on /home/airflow/.local/lib/python3.7/site-packages/airflow/example_dags/example_params_trigger_ui.py
[2023-08-11T08:08:36.223+0000] {processor.py:826} INFO - Processing file /home/airflow/.local/lib/python3.7/site-packages/airflow/example_dags/example_params_trigger_ui.py for tasks to queue
[2023-08-11T08:08:36.224+0000] {logging_mixin.py:150} INFO - [2023-08-11T08:08:36.224+0000] {dagbag.py:541} INFO - Filling up the DagBag from /home/airflow/.local/lib/python3.7/site-packages/airflow/example_dags/example_params_trigger_ui.py
[2023-08-11T08:08:36.243+0000] {processor.py:836} INFO - DAG(s) dict_keys(['example_params_trigger_ui']) retrieved from /home/airflow/.local/lib/python3.7/site-packages/airflow/example_dags/example_params_trigger_ui.py
[2023-08-11T08:08:36.316+0000] {logging_mixin.py:150} INFO - [2023-08-11T08:08:36.316+0000] {dag.py:2742} INFO - Sync 1 DAGs
[2023-08-11T08:08:36.339+0000] {logging_mixin.py:150} INFO - [2023-08-11T08:08:36.338+0000] {dag.py:3508} INFO - Setting next_dagrun for example_params_trigger_ui to None, run_after=None
[2023-08-11T08:08:36.360+0000] {processor.py:179} INFO - Processing /home/airflow/.local/lib/python3.7/site-packages/airflow/example_dags/example_params_trigger_ui.py took 0.140 seconds
[2023-08-11T08:09:06.640+0000] {processor.py:157} INFO - Started process (PID=2192) to work on /home/airflow/.local/lib/python3.7/site-packages/airflow/example_dags/example_params_trigger_ui.py
[2023-08-11T08:09:06.641+0000] {processor.py:826} INFO - Processing file /home/airflow/.local/lib/python3.7/site-packages/airflow/example_dags/example_params_trigger_ui.py for tasks to queue
[2023-08-11T08:09:06.642+0000] {logging_mixin.py:150} INFO - [2023-08-11T08:09:06.642+0000] {dagbag.py:541} INFO - Filling up the DagBag from /home/airflow/.local/lib/python3.7/site-packages/airflow/example_dags/example_params_trigger_ui.py
[2023-08-11T08:09:06.664+0000] {processor.py:836} INFO - DAG(s) dict_keys(['example_params_trigger_ui']) retrieved from /home/airflow/.local/lib/python3.7/site-packages/airflow/example_dags/example_params_trigger_ui.py
[2023-08-11T08:09:06.738+0000] {logging_mixin.py:150} INFO - [2023-08-11T08:09:06.738+0000] {dag.py:2742} INFO - Sync 1 DAGs
[2023-08-11T08:09:06.760+0000] {logging_mixin.py:150} INFO - [2023-08-11T08:09:06.760+0000] {dag.py:3508} INFO - Setting next_dagrun for example_params_trigger_ui to None, run_after=None
[2023-08-11T08:09:06.785+0000] {processor.py:179} INFO - Processing /home/airflow/.local/lib/python3.7/site-packages/airflow/example_dags/example_params_trigger_ui.py took 0.148 seconds
[2023-08-11T08:09:36.932+0000] {processor.py:157} INFO - Started process (PID=2257) to work on /home/airflow/.local/lib/python3.7/site-packages/airflow/example_dags/example_params_trigger_ui.py
[2023-08-11T08:09:36.933+0000] {processor.py:826} INFO - Processing file /home/airflow/.local/lib/python3.7/site-packages/airflow/example_dags/example_params_trigger_ui.py for tasks to queue
[2023-08-11T08:09:36.933+0000] {logging_mixin.py:150} INFO - [2023-08-11T08:09:36.933+0000] {dagbag.py:541} INFO - Filling up the DagBag from /home/airflow/.local/lib/python3.7/site-packages/airflow/example_dags/example_params_trigger_ui.py
[2023-08-11T08:09:36.956+0000] {processor.py:836} INFO - DAG(s) dict_keys(['example_params_trigger_ui']) retrieved from /home/airflow/.local/lib/python3.7/site-packages/airflow/example_dags/example_params_trigger_ui.py
[2023-08-11T08:09:37.034+0000] {logging_mixin.py:150} INFO - [2023-08-11T08:09:37.034+0000] {dag.py:2742} INFO - Sync 1 DAGs
[2023-08-11T08:09:37.057+0000] {logging_mixin.py:150} INFO - [2023-08-11T08:09:37.057+0000] {dag.py:3508} INFO - Setting next_dagrun for example_params_trigger_ui to None, run_after=None
[2023-08-11T08:09:37.082+0000] {processor.py:179} INFO - Processing /home/airflow/.local/lib/python3.7/site-packages/airflow/example_dags/example_params_trigger_ui.py took 0.154 seconds
[2023-08-11T08:10:07.903+0000] {processor.py:157} INFO - Started process (PID=2324) to work on /home/airflow/.local/lib/python3.7/site-packages/airflow/example_dags/example_params_trigger_ui.py
[2023-08-11T08:10:07.905+0000] {processor.py:826} INFO - Processing file /home/airflow/.local/lib/python3.7/site-packages/airflow/example_dags/example_params_trigger_ui.py for tasks to queue
[2023-08-11T08:10:07.906+0000] {logging_mixin.py:150} INFO - [2023-08-11T08:10:07.905+0000] {dagbag.py:541} INFO - Filling up the DagBag from /home/airflow/.local/lib/python3.7/site-packages/airflow/example_dags/example_params_trigger_ui.py
[2023-08-11T08:10:07.941+0000] {processor.py:836} INFO - DAG(s) dict_keys(['example_params_trigger_ui']) retrieved from /home/airflow/.local/lib/python3.7/site-packages/airflow/example_dags/example_params_trigger_ui.py
[2023-08-11T08:10:08.097+0000] {logging_mixin.py:150} INFO - [2023-08-11T08:10:08.097+0000] {dag.py:2742} INFO - Sync 1 DAGs
[2023-08-11T08:10:08.152+0000] {logging_mixin.py:150} INFO - [2023-08-11T08:10:08.152+0000] {dag.py:3508} INFO - Setting next_dagrun for example_params_trigger_ui to None, run_after=None
[2023-08-11T08:10:08.203+0000] {processor.py:179} INFO - Processing /home/airflow/.local/lib/python3.7/site-packages/airflow/example_dags/example_params_trigger_ui.py took 0.304 seconds
[2023-08-11T08:10:38.394+0000] {processor.py:157} INFO - Started process (PID=2389) to work on /home/airflow/.local/lib/python3.7/site-packages/airflow/example_dags/example_params_trigger_ui.py
[2023-08-11T08:10:38.394+0000] {processor.py:826} INFO - Processing file /home/airflow/.local/lib/python3.7/site-packages/airflow/example_dags/example_params_trigger_ui.py for tasks to queue
[2023-08-11T08:10:38.395+0000] {logging_mixin.py:150} INFO - [2023-08-11T08:10:38.395+0000] {dagbag.py:541} INFO - Filling up the DagBag from /home/airflow/.local/lib/python3.7/site-packages/airflow/example_dags/example_params_trigger_ui.py
[2023-08-11T08:10:38.422+0000] {processor.py:836} INFO - DAG(s) dict_keys(['example_params_trigger_ui']) retrieved from /home/airflow/.local/lib/python3.7/site-packages/airflow/example_dags/example_params_trigger_ui.py
[2023-08-11T08:10:38.543+0000] {logging_mixin.py:150} INFO - [2023-08-11T08:10:38.543+0000] {dag.py:2742} INFO - Sync 1 DAGs
[2023-08-11T08:10:38.581+0000] {logging_mixin.py:150} INFO - [2023-08-11T08:10:38.581+0000] {dag.py:3508} INFO - Setting next_dagrun for example_params_trigger_ui to None, run_after=None
[2023-08-11T08:10:38.620+0000] {processor.py:179} INFO - Processing /home/airflow/.local/lib/python3.7/site-packages/airflow/example_dags/example_params_trigger_ui.py took 0.230 seconds
[2023-08-11T08:11:08.708+0000] {processor.py:157} INFO - Started process (PID=2456) to work on /home/airflow/.local/lib/python3.7/site-packages/airflow/example_dags/example_params_trigger_ui.py
[2023-08-11T08:11:08.715+0000] {processor.py:826} INFO - Processing file /home/airflow/.local/lib/python3.7/site-packages/airflow/example_dags/example_params_trigger_ui.py for tasks to queue
[2023-08-11T08:11:08.716+0000] {logging_mixin.py:150} INFO - [2023-08-11T08:11:08.715+0000] {dagbag.py:541} INFO - Filling up the DagBag from /home/airflow/.local/lib/python3.7/site-packages/airflow/example_dags/example_params_trigger_ui.py
[2023-08-11T08:11:08.735+0000] {processor.py:836} INFO - DAG(s) dict_keys(['example_params_trigger_ui']) retrieved from /home/airflow/.local/lib/python3.7/site-packages/airflow/example_dags/example_params_trigger_ui.py
[2023-08-11T08:11:08.813+0000] {logging_mixin.py:150} INFO - [2023-08-11T08:11:08.812+0000] {dag.py:2742} INFO - Sync 1 DAGs
[2023-08-11T08:11:08.834+0000] {logging_mixin.py:150} INFO - [2023-08-11T08:11:08.834+0000] {dag.py:3508} INFO - Setting next_dagrun for example_params_trigger_ui to None, run_after=None
[2023-08-11T08:11:08.850+0000] {processor.py:179} INFO - Processing /home/airflow/.local/lib/python3.7/site-packages/airflow/example_dags/example_params_trigger_ui.py took 0.145 seconds
[2023-08-11T08:11:39.415+0000] {processor.py:157} INFO - Started process (PID=2522) to work on /home/airflow/.local/lib/python3.7/site-packages/airflow/example_dags/example_params_trigger_ui.py
[2023-08-11T08:11:39.416+0000] {processor.py:826} INFO - Processing file /home/airflow/.local/lib/python3.7/site-packages/airflow/example_dags/example_params_trigger_ui.py for tasks to queue
[2023-08-11T08:11:39.416+0000] {logging_mixin.py:150} INFO - [2023-08-11T08:11:39.416+0000] {dagbag.py:541} INFO - Filling up the DagBag from /home/airflow/.local/lib/python3.7/site-packages/airflow/example_dags/example_params_trigger_ui.py
[2023-08-11T08:11:39.436+0000] {processor.py:836} INFO - DAG(s) dict_keys(['example_params_trigger_ui']) retrieved from /home/airflow/.local/lib/python3.7/site-packages/airflow/example_dags/example_params_trigger_ui.py
[2023-08-11T08:11:39.514+0000] {logging_mixin.py:150} INFO - [2023-08-11T08:11:39.514+0000] {dag.py:2742} INFO - Sync 1 DAGs
[2023-08-11T08:11:39.539+0000] {logging_mixin.py:150} INFO - [2023-08-11T08:11:39.538+0000] {dag.py:3508} INFO - Setting next_dagrun for example_params_trigger_ui to None, run_after=None
[2023-08-11T08:11:39.561+0000] {processor.py:179} INFO - Processing /home/airflow/.local/lib/python3.7/site-packages/airflow/example_dags/example_params_trigger_ui.py took 0.150 seconds
[2023-08-11T08:12:09.976+0000] {processor.py:157} INFO - Started process (PID=2588) to work on /home/airflow/.local/lib/python3.7/site-packages/airflow/example_dags/example_params_trigger_ui.py
[2023-08-11T08:12:09.978+0000] {processor.py:826} INFO - Processing file /home/airflow/.local/lib/python3.7/site-packages/airflow/example_dags/example_params_trigger_ui.py for tasks to queue
[2023-08-11T08:12:09.978+0000] {logging_mixin.py:150} INFO - [2023-08-11T08:12:09.978+0000] {dagbag.py:541} INFO - Filling up the DagBag from /home/airflow/.local/lib/python3.7/site-packages/airflow/example_dags/example_params_trigger_ui.py
[2023-08-11T08:12:09.997+0000] {processor.py:836} INFO - DAG(s) dict_keys(['example_params_trigger_ui']) retrieved from /home/airflow/.local/lib/python3.7/site-packages/airflow/example_dags/example_params_trigger_ui.py
[2023-08-11T08:12:10.078+0000] {logging_mixin.py:150} INFO - [2023-08-11T08:12:10.078+0000] {dag.py:2742} INFO - Sync 1 DAGs
[2023-08-11T08:12:10.101+0000] {logging_mixin.py:150} INFO - [2023-08-11T08:12:10.101+0000] {dag.py:3508} INFO - Setting next_dagrun for example_params_trigger_ui to None, run_after=None
[2023-08-11T08:12:10.123+0000] {processor.py:179} INFO - Processing /home/airflow/.local/lib/python3.7/site-packages/airflow/example_dags/example_params_trigger_ui.py took 0.149 seconds
[2023-08-11T08:12:40.354+0000] {processor.py:157} INFO - Started process (PID=2654) to work on /home/airflow/.local/lib/python3.7/site-packages/airflow/example_dags/example_params_trigger_ui.py
[2023-08-11T08:12:40.356+0000] {processor.py:826} INFO - Processing file /home/airflow/.local/lib/python3.7/site-packages/airflow/example_dags/example_params_trigger_ui.py for tasks to queue
[2023-08-11T08:12:40.358+0000] {logging_mixin.py:150} INFO - [2023-08-11T08:12:40.357+0000] {dagbag.py:541} INFO - Filling up the DagBag from /home/airflow/.local/lib/python3.7/site-packages/airflow/example_dags/example_params_trigger_ui.py
[2023-08-11T08:12:40.383+0000] {processor.py:836} INFO - DAG(s) dict_keys(['example_params_trigger_ui']) retrieved from /home/airflow/.local/lib/python3.7/site-packages/airflow/example_dags/example_params_trigger_ui.py
[2023-08-11T08:12:40.494+0000] {logging_mixin.py:150} INFO - [2023-08-11T08:12:40.493+0000] {dag.py:2742} INFO - Sync 1 DAGs
[2023-08-11T08:12:40.528+0000] {logging_mixin.py:150} INFO - [2023-08-11T08:12:40.528+0000] {dag.py:3508} INFO - Setting next_dagrun for example_params_trigger_ui to None, run_after=None
[2023-08-11T08:12:40.554+0000] {processor.py:179} INFO - Processing /home/airflow/.local/lib/python3.7/site-packages/airflow/example_dags/example_params_trigger_ui.py took 0.203 seconds
[2023-08-11T08:13:10.623+0000] {processor.py:157} INFO - Started process (PID=2720) to work on /home/airflow/.local/lib/python3.7/site-packages/airflow/example_dags/example_params_trigger_ui.py
[2023-08-11T08:13:10.625+0000] {processor.py:826} INFO - Processing file /home/airflow/.local/lib/python3.7/site-packages/airflow/example_dags/example_params_trigger_ui.py for tasks to queue
[2023-08-11T08:13:10.626+0000] {logging_mixin.py:150} INFO - [2023-08-11T08:13:10.625+0000] {dagbag.py:541} INFO - Filling up the DagBag from /home/airflow/.local/lib/python3.7/site-packages/airflow/example_dags/example_params_trigger_ui.py
[2023-08-11T08:13:10.645+0000] {processor.py:836} INFO - DAG(s) dict_keys(['example_params_trigger_ui']) retrieved from /home/airflow/.local/lib/python3.7/site-packages/airflow/example_dags/example_params_trigger_ui.py
[2023-08-11T08:13:10.725+0000] {logging_mixin.py:150} INFO - [2023-08-11T08:13:10.725+0000] {dag.py:2742} INFO - Sync 1 DAGs
[2023-08-11T08:13:10.752+0000] {logging_mixin.py:150} INFO - [2023-08-11T08:13:10.752+0000] {dag.py:3508} INFO - Setting next_dagrun for example_params_trigger_ui to None, run_after=None
[2023-08-11T08:13:10.777+0000] {processor.py:179} INFO - Processing /home/airflow/.local/lib/python3.7/site-packages/airflow/example_dags/example_params_trigger_ui.py took 0.157 seconds
[2023-08-11T08:13:41.672+0000] {processor.py:157} INFO - Started process (PID=2786) to work on /home/airflow/.local/lib/python3.7/site-packages/airflow/example_dags/example_params_trigger_ui.py
[2023-08-11T08:13:41.679+0000] {processor.py:826} INFO - Processing file /home/airflow/.local/lib/python3.7/site-packages/airflow/example_dags/example_params_trigger_ui.py for tasks to queue
[2023-08-11T08:13:41.680+0000] {logging_mixin.py:150} INFO - [2023-08-11T08:13:41.680+0000] {dagbag.py:541} INFO - Filling up the DagBag from /home/airflow/.local/lib/python3.7/site-packages/airflow/example_dags/example_params_trigger_ui.py
[2023-08-11T08:13:41.702+0000] {processor.py:836} INFO - DAG(s) dict_keys(['example_params_trigger_ui']) retrieved from /home/airflow/.local/lib/python3.7/site-packages/airflow/example_dags/example_params_trigger_ui.py
[2023-08-11T08:13:41.780+0000] {logging_mixin.py:150} INFO - [2023-08-11T08:13:41.780+0000] {dag.py:2742} INFO - Sync 1 DAGs
[2023-08-11T08:13:41.813+0000] {logging_mixin.py:150} INFO - [2023-08-11T08:13:41.813+0000] {dag.py:3508} INFO - Setting next_dagrun for example_params_trigger_ui to None, run_after=None
[2023-08-11T08:13:41.836+0000] {processor.py:179} INFO - Processing /home/airflow/.local/lib/python3.7/site-packages/airflow/example_dags/example_params_trigger_ui.py took 0.167 seconds
[2023-08-11T08:14:11.928+0000] {processor.py:157} INFO - Started process (PID=2853) to work on /home/airflow/.local/lib/python3.7/site-packages/airflow/example_dags/example_params_trigger_ui.py
[2023-08-11T08:14:11.928+0000] {processor.py:826} INFO - Processing file /home/airflow/.local/lib/python3.7/site-packages/airflow/example_dags/example_params_trigger_ui.py for tasks to queue
[2023-08-11T08:14:11.929+0000] {logging_mixin.py:150} INFO - [2023-08-11T08:14:11.929+0000] {dagbag.py:541} INFO - Filling up the DagBag from /home/airflow/.local/lib/python3.7/site-packages/airflow/example_dags/example_params_trigger_ui.py
[2023-08-11T08:14:11.947+0000] {processor.py:836} INFO - DAG(s) dict_keys(['example_params_trigger_ui']) retrieved from /home/airflow/.local/lib/python3.7/site-packages/airflow/example_dags/example_params_trigger_ui.py
[2023-08-11T08:14:12.022+0000] {logging_mixin.py:150} INFO - [2023-08-11T08:14:12.021+0000] {dag.py:2742} INFO - Sync 1 DAGs
[2023-08-11T08:14:12.046+0000] {logging_mixin.py:150} INFO - [2023-08-11T08:14:12.045+0000] {dag.py:3508} INFO - Setting next_dagrun for example_params_trigger_ui to None, run_after=None
[2023-08-11T08:14:12.067+0000] {processor.py:179} INFO - Processing /home/airflow/.local/lib/python3.7/site-packages/airflow/example_dags/example_params_trigger_ui.py took 0.142 seconds
[2023-08-11T08:14:42.142+0000] {processor.py:157} INFO - Started process (PID=2921) to work on /home/airflow/.local/lib/python3.7/site-packages/airflow/example_dags/example_params_trigger_ui.py
[2023-08-11T08:14:42.143+0000] {processor.py:826} INFO - Processing file /home/airflow/.local/lib/python3.7/site-packages/airflow/example_dags/example_params_trigger_ui.py for tasks to queue
[2023-08-11T08:14:42.144+0000] {logging_mixin.py:150} INFO - [2023-08-11T08:14:42.144+0000] {dagbag.py:541} INFO - Filling up the DagBag from /home/airflow/.local/lib/python3.7/site-packages/airflow/example_dags/example_params_trigger_ui.py
[2023-08-11T08:14:42.165+0000] {processor.py:836} INFO - DAG(s) dict_keys(['example_params_trigger_ui']) retrieved from /home/airflow/.local/lib/python3.7/site-packages/airflow/example_dags/example_params_trigger_ui.py
[2023-08-11T08:14:42.254+0000] {logging_mixin.py:150} INFO - [2023-08-11T08:14:42.253+0000] {dag.py:2742} INFO - Sync 1 DAGs
[2023-08-11T08:14:42.282+0000] {logging_mixin.py:150} INFO - [2023-08-11T08:14:42.281+0000] {dag.py:3508} INFO - Setting next_dagrun for example_params_trigger_ui to None, run_after=None
[2023-08-11T08:14:42.308+0000] {processor.py:179} INFO - Processing /home/airflow/.local/lib/python3.7/site-packages/airflow/example_dags/example_params_trigger_ui.py took 0.169 seconds
[2023-08-11T08:15:12.617+0000] {processor.py:157} INFO - Started process (PID=2985) to work on /home/airflow/.local/lib/python3.7/site-packages/airflow/example_dags/example_params_trigger_ui.py
[2023-08-11T08:15:12.618+0000] {processor.py:826} INFO - Processing file /home/airflow/.local/lib/python3.7/site-packages/airflow/example_dags/example_params_trigger_ui.py for tasks to queue
[2023-08-11T08:15:12.619+0000] {logging_mixin.py:150} INFO - [2023-08-11T08:15:12.618+0000] {dagbag.py:541} INFO - Filling up the DagBag from /home/airflow/.local/lib/python3.7/site-packages/airflow/example_dags/example_params_trigger_ui.py
[2023-08-11T08:15:12.641+0000] {processor.py:836} INFO - DAG(s) dict_keys(['example_params_trigger_ui']) retrieved from /home/airflow/.local/lib/python3.7/site-packages/airflow/example_dags/example_params_trigger_ui.py
[2023-08-11T08:15:12.719+0000] {logging_mixin.py:150} INFO - [2023-08-11T08:15:12.719+0000] {dag.py:2742} INFO - Sync 1 DAGs
[2023-08-11T08:15:12.741+0000] {logging_mixin.py:150} INFO - [2023-08-11T08:15:12.741+0000] {dag.py:3508} INFO - Setting next_dagrun for example_params_trigger_ui to None, run_after=None
[2023-08-11T08:15:12.764+0000] {processor.py:179} INFO - Processing /home/airflow/.local/lib/python3.7/site-packages/airflow/example_dags/example_params_trigger_ui.py took 0.149 seconds
[2023-08-11T08:15:43.002+0000] {processor.py:157} INFO - Started process (PID=3052) to work on /home/airflow/.local/lib/python3.7/site-packages/airflow/example_dags/example_params_trigger_ui.py
[2023-08-11T08:15:43.003+0000] {processor.py:826} INFO - Processing file /home/airflow/.local/lib/python3.7/site-packages/airflow/example_dags/example_params_trigger_ui.py for tasks to queue
[2023-08-11T08:15:43.003+0000] {logging_mixin.py:150} INFO - [2023-08-11T08:15:43.003+0000] {dagbag.py:541} INFO - Filling up the DagBag from /home/airflow/.local/lib/python3.7/site-packages/airflow/example_dags/example_params_trigger_ui.py
[2023-08-11T08:15:43.024+0000] {processor.py:836} INFO - DAG(s) dict_keys(['example_params_trigger_ui']) retrieved from /home/airflow/.local/lib/python3.7/site-packages/airflow/example_dags/example_params_trigger_ui.py
[2023-08-11T08:15:43.105+0000] {logging_mixin.py:150} INFO - [2023-08-11T08:15:43.105+0000] {dag.py:2742} INFO - Sync 1 DAGs
[2023-08-11T08:15:43.133+0000] {logging_mixin.py:150} INFO - [2023-08-11T08:15:43.133+0000] {dag.py:3508} INFO - Setting next_dagrun for example_params_trigger_ui to None, run_after=None
[2023-08-11T08:15:43.155+0000] {processor.py:179} INFO - Processing /home/airflow/.local/lib/python3.7/site-packages/airflow/example_dags/example_params_trigger_ui.py took 0.158 seconds
[2023-08-11T08:16:13.314+0000] {processor.py:157} INFO - Started process (PID=3118) to work on /home/airflow/.local/lib/python3.7/site-packages/airflow/example_dags/example_params_trigger_ui.py
[2023-08-11T08:16:13.315+0000] {processor.py:826} INFO - Processing file /home/airflow/.local/lib/python3.7/site-packages/airflow/example_dags/example_params_trigger_ui.py for tasks to queue
[2023-08-11T08:16:13.316+0000] {logging_mixin.py:150} INFO - [2023-08-11T08:16:13.315+0000] {dagbag.py:541} INFO - Filling up the DagBag from /home/airflow/.local/lib/python3.7/site-packages/airflow/example_dags/example_params_trigger_ui.py
[2023-08-11T08:16:13.344+0000] {processor.py:836} INFO - DAG(s) dict_keys(['example_params_trigger_ui']) retrieved from /home/airflow/.local/lib/python3.7/site-packages/airflow/example_dags/example_params_trigger_ui.py
[2023-08-11T08:16:13.441+0000] {logging_mixin.py:150} INFO - [2023-08-11T08:16:13.441+0000] {dag.py:2742} INFO - Sync 1 DAGs
[2023-08-11T08:16:13.472+0000] {logging_mixin.py:150} INFO - [2023-08-11T08:16:13.472+0000] {dag.py:3508} INFO - Setting next_dagrun for example_params_trigger_ui to None, run_after=None
[2023-08-11T08:16:13.500+0000] {processor.py:179} INFO - Processing /home/airflow/.local/lib/python3.7/site-packages/airflow/example_dags/example_params_trigger_ui.py took 0.189 seconds
[2023-08-11T08:16:44.075+0000] {processor.py:157} INFO - Started process (PID=3187) to work on /home/airflow/.local/lib/python3.7/site-packages/airflow/example_dags/example_params_trigger_ui.py
[2023-08-11T08:16:44.082+0000] {processor.py:826} INFO - Processing file /home/airflow/.local/lib/python3.7/site-packages/airflow/example_dags/example_params_trigger_ui.py for tasks to queue
[2023-08-11T08:16:44.083+0000] {logging_mixin.py:150} INFO - [2023-08-11T08:16:44.083+0000] {dagbag.py:541} INFO - Filling up the DagBag from /home/airflow/.local/lib/python3.7/site-packages/airflow/example_dags/example_params_trigger_ui.py
[2023-08-11T08:16:44.105+0000] {processor.py:836} INFO - DAG(s) dict_keys(['example_params_trigger_ui']) retrieved from /home/airflow/.local/lib/python3.7/site-packages/airflow/example_dags/example_params_trigger_ui.py
[2023-08-11T08:16:44.179+0000] {logging_mixin.py:150} INFO - [2023-08-11T08:16:44.178+0000] {dag.py:2742} INFO - Sync 1 DAGs
[2023-08-11T08:16:44.201+0000] {logging_mixin.py:150} INFO - [2023-08-11T08:16:44.201+0000] {dag.py:3508} INFO - Setting next_dagrun for example_params_trigger_ui to None, run_after=None
[2023-08-11T08:16:44.223+0000] {processor.py:179} INFO - Processing /home/airflow/.local/lib/python3.7/site-packages/airflow/example_dags/example_params_trigger_ui.py took 0.151 seconds
[2023-08-11T08:17:14.356+0000] {processor.py:157} INFO - Started process (PID=3266) to work on /home/airflow/.local/lib/python3.7/site-packages/airflow/example_dags/example_params_trigger_ui.py
[2023-08-11T08:17:14.357+0000] {processor.py:826} INFO - Processing file /home/airflow/.local/lib/python3.7/site-packages/airflow/example_dags/example_params_trigger_ui.py for tasks to queue
[2023-08-11T08:17:14.357+0000] {logging_mixin.py:150} INFO - [2023-08-11T08:17:14.357+0000] {dagbag.py:541} INFO - Filling up the DagBag from /home/airflow/.local/lib/python3.7/site-packages/airflow/example_dags/example_params_trigger_ui.py
[2023-08-11T08:17:14.384+0000] {processor.py:836} INFO - DAG(s) dict_keys(['example_params_trigger_ui']) retrieved from /home/airflow/.local/lib/python3.7/site-packages/airflow/example_dags/example_params_trigger_ui.py
[2023-08-11T08:17:14.486+0000] {logging_mixin.py:150} INFO - [2023-08-11T08:17:14.486+0000] {dag.py:2742} INFO - Sync 1 DAGs
[2023-08-11T08:17:14.517+0000] {logging_mixin.py:150} INFO - [2023-08-11T08:17:14.516+0000] {dag.py:3508} INFO - Setting next_dagrun for example_params_trigger_ui to None, run_after=None
[2023-08-11T08:17:14.545+0000] {processor.py:179} INFO - Processing /home/airflow/.local/lib/python3.7/site-packages/airflow/example_dags/example_params_trigger_ui.py took 0.193 seconds
[2023-08-11T08:17:45.205+0000] {processor.py:157} INFO - Started process (PID=3343) to work on /home/airflow/.local/lib/python3.7/site-packages/airflow/example_dags/example_params_trigger_ui.py
[2023-08-11T08:17:45.209+0000] {processor.py:826} INFO - Processing file /home/airflow/.local/lib/python3.7/site-packages/airflow/example_dags/example_params_trigger_ui.py for tasks to queue
[2023-08-11T08:17:45.213+0000] {logging_mixin.py:150} INFO - [2023-08-11T08:17:45.212+0000] {dagbag.py:541} INFO - Filling up the DagBag from /home/airflow/.local/lib/python3.7/site-packages/airflow/example_dags/example_params_trigger_ui.py
[2023-08-11T08:17:45.289+0000] {processor.py:836} INFO - DAG(s) dict_keys(['example_params_trigger_ui']) retrieved from /home/airflow/.local/lib/python3.7/site-packages/airflow/example_dags/example_params_trigger_ui.py
[2023-08-11T08:17:45.634+0000] {logging_mixin.py:150} INFO - [2023-08-11T08:17:45.633+0000] {dag.py:2742} INFO - Sync 1 DAGs
[2023-08-11T08:17:45.713+0000] {logging_mixin.py:150} INFO - [2023-08-11T08:17:45.713+0000] {dag.py:3508} INFO - Setting next_dagrun for example_params_trigger_ui to None, run_after=None
[2023-08-11T08:17:45.804+0000] {processor.py:179} INFO - Processing /home/airflow/.local/lib/python3.7/site-packages/airflow/example_dags/example_params_trigger_ui.py took 0.614 seconds
[2023-08-11T08:18:16.253+0000] {processor.py:157} INFO - Started process (PID=3423) to work on /home/airflow/.local/lib/python3.7/site-packages/airflow/example_dags/example_params_trigger_ui.py
[2023-08-11T08:18:16.254+0000] {processor.py:826} INFO - Processing file /home/airflow/.local/lib/python3.7/site-packages/airflow/example_dags/example_params_trigger_ui.py for tasks to queue
[2023-08-11T08:18:16.255+0000] {logging_mixin.py:150} INFO - [2023-08-11T08:18:16.255+0000] {dagbag.py:541} INFO - Filling up the DagBag from /home/airflow/.local/lib/python3.7/site-packages/airflow/example_dags/example_params_trigger_ui.py
[2023-08-11T08:18:16.279+0000] {processor.py:836} INFO - DAG(s) dict_keys(['example_params_trigger_ui']) retrieved from /home/airflow/.local/lib/python3.7/site-packages/airflow/example_dags/example_params_trigger_ui.py
[2023-08-11T08:18:16.384+0000] {logging_mixin.py:150} INFO - [2023-08-11T08:18:16.384+0000] {dag.py:2742} INFO - Sync 1 DAGs
[2023-08-11T08:18:16.413+0000] {logging_mixin.py:150} INFO - [2023-08-11T08:18:16.413+0000] {dag.py:3508} INFO - Setting next_dagrun for example_params_trigger_ui to None, run_after=None
[2023-08-11T08:18:16.448+0000] {processor.py:179} INFO - Processing /home/airflow/.local/lib/python3.7/site-packages/airflow/example_dags/example_params_trigger_ui.py took 0.198 seconds
[2023-08-11T08:18:46.688+0000] {processor.py:157} INFO - Started process (PID=3506) to work on /home/airflow/.local/lib/python3.7/site-packages/airflow/example_dags/example_params_trigger_ui.py
[2023-08-11T08:18:46.689+0000] {processor.py:826} INFO - Processing file /home/airflow/.local/lib/python3.7/site-packages/airflow/example_dags/example_params_trigger_ui.py for tasks to queue
[2023-08-11T08:18:46.696+0000] {logging_mixin.py:150} INFO - [2023-08-11T08:18:46.692+0000] {dagbag.py:541} INFO - Filling up the DagBag from /home/airflow/.local/lib/python3.7/site-packages/airflow/example_dags/example_params_trigger_ui.py
[2023-08-11T08:18:46.847+0000] {processor.py:836} INFO - DAG(s) dict_keys(['example_params_trigger_ui']) retrieved from /home/airflow/.local/lib/python3.7/site-packages/airflow/example_dags/example_params_trigger_ui.py
[2023-08-11T08:18:47.254+0000] {logging_mixin.py:150} INFO - [2023-08-11T08:18:47.253+0000] {dag.py:2742} INFO - Sync 1 DAGs
[2023-08-11T08:18:47.441+0000] {logging_mixin.py:150} INFO - [2023-08-11T08:18:47.441+0000] {dag.py:3508} INFO - Setting next_dagrun for example_params_trigger_ui to None, run_after=None
[2023-08-11T08:18:47.521+0000] {processor.py:179} INFO - Processing /home/airflow/.local/lib/python3.7/site-packages/airflow/example_dags/example_params_trigger_ui.py took 0.917 seconds
[2023-08-11T08:19:17.617+0000] {processor.py:157} INFO - Started process (PID=3573) to work on /home/airflow/.local/lib/python3.7/site-packages/airflow/example_dags/example_params_trigger_ui.py
[2023-08-11T08:19:17.619+0000] {processor.py:826} INFO - Processing file /home/airflow/.local/lib/python3.7/site-packages/airflow/example_dags/example_params_trigger_ui.py for tasks to queue
[2023-08-11T08:19:17.619+0000] {logging_mixin.py:150} INFO - [2023-08-11T08:19:17.619+0000] {dagbag.py:541} INFO - Filling up the DagBag from /home/airflow/.local/lib/python3.7/site-packages/airflow/example_dags/example_params_trigger_ui.py
[2023-08-11T08:19:17.639+0000] {processor.py:836} INFO - DAG(s) dict_keys(['example_params_trigger_ui']) retrieved from /home/airflow/.local/lib/python3.7/site-packages/airflow/example_dags/example_params_trigger_ui.py
[2023-08-11T08:19:17.719+0000] {logging_mixin.py:150} INFO - [2023-08-11T08:19:17.719+0000] {dag.py:2742} INFO - Sync 1 DAGs
[2023-08-11T08:19:17.740+0000] {logging_mixin.py:150} INFO - [2023-08-11T08:19:17.740+0000] {dag.py:3508} INFO - Setting next_dagrun for example_params_trigger_ui to None, run_after=None
[2023-08-11T08:19:17.763+0000] {processor.py:179} INFO - Processing /home/airflow/.local/lib/python3.7/site-packages/airflow/example_dags/example_params_trigger_ui.py took 0.148 seconds
[2023-08-11T08:19:48.058+0000] {processor.py:157} INFO - Started process (PID=3651) to work on /home/airflow/.local/lib/python3.7/site-packages/airflow/example_dags/example_params_trigger_ui.py
[2023-08-11T08:19:48.059+0000] {processor.py:826} INFO - Processing file /home/airflow/.local/lib/python3.7/site-packages/airflow/example_dags/example_params_trigger_ui.py for tasks to queue
[2023-08-11T08:19:48.059+0000] {logging_mixin.py:150} INFO - [2023-08-11T08:19:48.059+0000] {dagbag.py:541} INFO - Filling up the DagBag from /home/airflow/.local/lib/python3.7/site-packages/airflow/example_dags/example_params_trigger_ui.py
[2023-08-11T08:19:48.089+0000] {processor.py:836} INFO - DAG(s) dict_keys(['example_params_trigger_ui']) retrieved from /home/airflow/.local/lib/python3.7/site-packages/airflow/example_dags/example_params_trigger_ui.py
[2023-08-11T08:19:48.175+0000] {logging_mixin.py:150} INFO - [2023-08-11T08:19:48.174+0000] {dag.py:2742} INFO - Sync 1 DAGs
[2023-08-11T08:19:48.201+0000] {logging_mixin.py:150} INFO - [2023-08-11T08:19:48.200+0000] {dag.py:3508} INFO - Setting next_dagrun for example_params_trigger_ui to None, run_after=None
[2023-08-11T08:19:48.226+0000] {processor.py:179} INFO - Processing /home/airflow/.local/lib/python3.7/site-packages/airflow/example_dags/example_params_trigger_ui.py took 0.171 seconds
[2023-08-11T08:20:18.916+0000] {processor.py:157} INFO - Started process (PID=3736) to work on /home/airflow/.local/lib/python3.7/site-packages/airflow/example_dags/example_params_trigger_ui.py
[2023-08-11T08:20:18.918+0000] {processor.py:826} INFO - Processing file /home/airflow/.local/lib/python3.7/site-packages/airflow/example_dags/example_params_trigger_ui.py for tasks to queue
[2023-08-11T08:20:18.919+0000] {logging_mixin.py:150} INFO - [2023-08-11T08:20:18.919+0000] {dagbag.py:541} INFO - Filling up the DagBag from /home/airflow/.local/lib/python3.7/site-packages/airflow/example_dags/example_params_trigger_ui.py
[2023-08-11T08:20:18.950+0000] {processor.py:836} INFO - DAG(s) dict_keys(['example_params_trigger_ui']) retrieved from /home/airflow/.local/lib/python3.7/site-packages/airflow/example_dags/example_params_trigger_ui.py
[2023-08-11T08:20:19.061+0000] {logging_mixin.py:150} INFO - [2023-08-11T08:20:19.061+0000] {dag.py:2742} INFO - Sync 1 DAGs
[2023-08-11T08:20:19.093+0000] {logging_mixin.py:150} INFO - [2023-08-11T08:20:19.093+0000] {dag.py:3508} INFO - Setting next_dagrun for example_params_trigger_ui to None, run_after=None
[2023-08-11T08:20:19.123+0000] {processor.py:179} INFO - Processing /home/airflow/.local/lib/python3.7/site-packages/airflow/example_dags/example_params_trigger_ui.py took 0.213 seconds
[2023-08-11T08:20:49.147+0000] {processor.py:157} INFO - Started process (PID=3827) to work on /home/airflow/.local/lib/python3.7/site-packages/airflow/example_dags/example_params_trigger_ui.py
[2023-08-11T08:20:49.150+0000] {processor.py:826} INFO - Processing file /home/airflow/.local/lib/python3.7/site-packages/airflow/example_dags/example_params_trigger_ui.py for tasks to queue
[2023-08-11T08:20:49.151+0000] {logging_mixin.py:150} INFO - [2023-08-11T08:20:49.151+0000] {dagbag.py:541} INFO - Filling up the DagBag from /home/airflow/.local/lib/python3.7/site-packages/airflow/example_dags/example_params_trigger_ui.py
[2023-08-11T08:20:49.174+0000] {processor.py:836} INFO - DAG(s) dict_keys(['example_params_trigger_ui']) retrieved from /home/airflow/.local/lib/python3.7/site-packages/airflow/example_dags/example_params_trigger_ui.py
[2023-08-11T08:20:49.268+0000] {logging_mixin.py:150} INFO - [2023-08-11T08:20:49.268+0000] {dag.py:2742} INFO - Sync 1 DAGs
[2023-08-11T08:20:49.293+0000] {logging_mixin.py:150} INFO - [2023-08-11T08:20:49.293+0000] {dag.py:3508} INFO - Setting next_dagrun for example_params_trigger_ui to None, run_after=None
[2023-08-11T08:20:49.315+0000] {processor.py:179} INFO - Processing /home/airflow/.local/lib/python3.7/site-packages/airflow/example_dags/example_params_trigger_ui.py took 0.171 seconds
[2023-08-11T08:21:19.413+0000] {processor.py:157} INFO - Started process (PID=3905) to work on /home/airflow/.local/lib/python3.7/site-packages/airflow/example_dags/example_params_trigger_ui.py
[2023-08-11T08:21:19.415+0000] {processor.py:826} INFO - Processing file /home/airflow/.local/lib/python3.7/site-packages/airflow/example_dags/example_params_trigger_ui.py for tasks to queue
[2023-08-11T08:21:19.415+0000] {logging_mixin.py:150} INFO - [2023-08-11T08:21:19.415+0000] {dagbag.py:541} INFO - Filling up the DagBag from /home/airflow/.local/lib/python3.7/site-packages/airflow/example_dags/example_params_trigger_ui.py
[2023-08-11T08:21:19.438+0000] {processor.py:836} INFO - DAG(s) dict_keys(['example_params_trigger_ui']) retrieved from /home/airflow/.local/lib/python3.7/site-packages/airflow/example_dags/example_params_trigger_ui.py
[2023-08-11T08:21:19.549+0000] {logging_mixin.py:150} INFO - [2023-08-11T08:21:19.548+0000] {dag.py:2742} INFO - Sync 1 DAGs
[2023-08-11T08:21:19.578+0000] {logging_mixin.py:150} INFO - [2023-08-11T08:21:19.578+0000] {dag.py:3508} INFO - Setting next_dagrun for example_params_trigger_ui to None, run_after=None
[2023-08-11T08:21:19.607+0000] {processor.py:179} INFO - Processing /home/airflow/.local/lib/python3.7/site-packages/airflow/example_dags/example_params_trigger_ui.py took 0.197 seconds
[2023-08-11T08:21:49.679+0000] {processor.py:157} INFO - Started process (PID=4008) to work on /home/airflow/.local/lib/python3.7/site-packages/airflow/example_dags/example_params_trigger_ui.py
[2023-08-11T08:21:49.692+0000] {processor.py:826} INFO - Processing file /home/airflow/.local/lib/python3.7/site-packages/airflow/example_dags/example_params_trigger_ui.py for tasks to queue
[2023-08-11T08:21:49.693+0000] {logging_mixin.py:150} INFO - [2023-08-11T08:21:49.693+0000] {dagbag.py:541} INFO - Filling up the DagBag from /home/airflow/.local/lib/python3.7/site-packages/airflow/example_dags/example_params_trigger_ui.py
[2023-08-11T08:21:49.738+0000] {processor.py:836} INFO - DAG(s) dict_keys(['example_params_trigger_ui']) retrieved from /home/airflow/.local/lib/python3.7/site-packages/airflow/example_dags/example_params_trigger_ui.py
[2023-08-11T08:21:49.843+0000] {logging_mixin.py:150} INFO - [2023-08-11T08:21:49.843+0000] {dag.py:2742} INFO - Sync 1 DAGs
[2023-08-11T08:21:49.889+0000] {logging_mixin.py:150} INFO - [2023-08-11T08:21:49.889+0000] {dag.py:3508} INFO - Setting next_dagrun for example_params_trigger_ui to None, run_after=None
[2023-08-11T08:21:49.955+0000] {processor.py:179} INFO - Processing /home/airflow/.local/lib/python3.7/site-packages/airflow/example_dags/example_params_trigger_ui.py took 0.280 seconds
[2023-08-11T08:22:20.586+0000] {processor.py:157} INFO - Started process (PID=4087) to work on /home/airflow/.local/lib/python3.7/site-packages/airflow/example_dags/example_params_trigger_ui.py
[2023-08-11T08:22:20.588+0000] {processor.py:826} INFO - Processing file /home/airflow/.local/lib/python3.7/site-packages/airflow/example_dags/example_params_trigger_ui.py for tasks to queue
[2023-08-11T08:22:20.589+0000] {logging_mixin.py:150} INFO - [2023-08-11T08:22:20.588+0000] {dagbag.py:541} INFO - Filling up the DagBag from /home/airflow/.local/lib/python3.7/site-packages/airflow/example_dags/example_params_trigger_ui.py
[2023-08-11T08:22:20.616+0000] {processor.py:836} INFO - DAG(s) dict_keys(['example_params_trigger_ui']) retrieved from /home/airflow/.local/lib/python3.7/site-packages/airflow/example_dags/example_params_trigger_ui.py
[2023-08-11T08:22:20.712+0000] {logging_mixin.py:150} INFO - [2023-08-11T08:22:20.712+0000] {dag.py:2742} INFO - Sync 1 DAGs
[2023-08-11T08:22:20.739+0000] {logging_mixin.py:150} INFO - [2023-08-11T08:22:20.739+0000] {dag.py:3508} INFO - Setting next_dagrun for example_params_trigger_ui to None, run_after=None
[2023-08-11T08:22:20.761+0000] {processor.py:179} INFO - Processing /home/airflow/.local/lib/python3.7/site-packages/airflow/example_dags/example_params_trigger_ui.py took 0.178 seconds
