[2023-08-11T07:52:43.410+0000] {processor.py:157} INFO - Started process (PID=41) to work on /home/airflow/.local/lib/python3.7/site-packages/airflow/example_dags/example_dag_decorator.py
[2023-08-11T07:52:43.412+0000] {processor.py:826} INFO - Processing file /home/airflow/.local/lib/python3.7/site-packages/airflow/example_dags/example_dag_decorator.py for tasks to queue
[2023-08-11T07:52:43.413+0000] {logging_mixin.py:150} INFO - [2023-08-11T07:52:43.413+0000] {dagbag.py:541} INFO - Filling up the DagBag from /home/airflow/.local/lib/python3.7/site-packages/airflow/example_dags/example_dag_decorator.py
[2023-08-11T07:52:43.443+0000] {processor.py:836} INFO - DAG(s) dict_keys(['example_dag_decorator']) retrieved from /home/airflow/.local/lib/python3.7/site-packages/airflow/example_dags/example_dag_decorator.py
[2023-08-11T07:52:43.465+0000] {logging_mixin.py:150} INFO - [2023-08-11T07:52:43.464+0000] {dag.py:2742} INFO - Sync 1 DAGs
[2023-08-11T07:52:43.513+0000] {logging_mixin.py:150} INFO - [2023-08-11T07:52:43.513+0000] {dag.py:3508} INFO - Setting next_dagrun for example_dag_decorator to None, run_after=None
[2023-08-11T07:52:43.557+0000] {processor.py:179} INFO - Processing /home/airflow/.local/lib/python3.7/site-packages/airflow/example_dags/example_dag_decorator.py took 0.154 seconds
[2023-08-11T07:53:14.727+0000] {processor.py:157} INFO - Started process (PID=105) to work on /home/airflow/.local/lib/python3.7/site-packages/airflow/example_dags/example_dag_decorator.py
[2023-08-11T07:53:14.740+0000] {processor.py:826} INFO - Processing file /home/airflow/.local/lib/python3.7/site-packages/airflow/example_dags/example_dag_decorator.py for tasks to queue
[2023-08-11T07:53:14.741+0000] {logging_mixin.py:150} INFO - [2023-08-11T07:53:14.741+0000] {dagbag.py:541} INFO - Filling up the DagBag from /home/airflow/.local/lib/python3.7/site-packages/airflow/example_dags/example_dag_decorator.py
[2023-08-11T07:53:14.761+0000] {processor.py:836} INFO - DAG(s) dict_keys(['example_dag_decorator']) retrieved from /home/airflow/.local/lib/python3.7/site-packages/airflow/example_dags/example_dag_decorator.py
[2023-08-11T07:53:15.025+0000] {logging_mixin.py:150} INFO - [2023-08-11T07:53:15.025+0000] {dag.py:2742} INFO - Sync 1 DAGs
[2023-08-11T07:53:15.054+0000] {logging_mixin.py:150} INFO - [2023-08-11T07:53:15.054+0000] {dag.py:3508} INFO - Setting next_dagrun for example_dag_decorator to None, run_after=None
[2023-08-11T07:53:15.089+0000] {processor.py:179} INFO - Processing /home/airflow/.local/lib/python3.7/site-packages/airflow/example_dags/example_dag_decorator.py took 0.366 seconds
[2023-08-11T07:53:45.247+0000] {processor.py:157} INFO - Started process (PID=170) to work on /home/airflow/.local/lib/python3.7/site-packages/airflow/example_dags/example_dag_decorator.py
[2023-08-11T07:53:45.249+0000] {processor.py:826} INFO - Processing file /home/airflow/.local/lib/python3.7/site-packages/airflow/example_dags/example_dag_decorator.py for tasks to queue
[2023-08-11T07:53:45.250+0000] {logging_mixin.py:150} INFO - [2023-08-11T07:53:45.249+0000] {dagbag.py:541} INFO - Filling up the DagBag from /home/airflow/.local/lib/python3.7/site-packages/airflow/example_dags/example_dag_decorator.py
[2023-08-11T07:53:45.264+0000] {processor.py:836} INFO - DAG(s) dict_keys(['example_dag_decorator']) retrieved from /home/airflow/.local/lib/python3.7/site-packages/airflow/example_dags/example_dag_decorator.py
[2023-08-11T07:53:45.392+0000] {logging_mixin.py:150} INFO - [2023-08-11T07:53:45.392+0000] {dag.py:2742} INFO - Sync 1 DAGs
[2023-08-11T07:53:45.421+0000] {logging_mixin.py:150} INFO - [2023-08-11T07:53:45.421+0000] {dag.py:3508} INFO - Setting next_dagrun for example_dag_decorator to None, run_after=None
[2023-08-11T07:53:45.445+0000] {processor.py:179} INFO - Processing /home/airflow/.local/lib/python3.7/site-packages/airflow/example_dags/example_dag_decorator.py took 0.201 seconds
[2023-08-11T07:54:15.835+0000] {processor.py:157} INFO - Started process (PID=235) to work on /home/airflow/.local/lib/python3.7/site-packages/airflow/example_dags/example_dag_decorator.py
[2023-08-11T07:54:15.836+0000] {processor.py:826} INFO - Processing file /home/airflow/.local/lib/python3.7/site-packages/airflow/example_dags/example_dag_decorator.py for tasks to queue
[2023-08-11T07:54:15.838+0000] {logging_mixin.py:150} INFO - [2023-08-11T07:54:15.837+0000] {dagbag.py:541} INFO - Filling up the DagBag from /home/airflow/.local/lib/python3.7/site-packages/airflow/example_dags/example_dag_decorator.py
[2023-08-11T07:54:15.853+0000] {processor.py:836} INFO - DAG(s) dict_keys(['example_dag_decorator']) retrieved from /home/airflow/.local/lib/python3.7/site-packages/airflow/example_dags/example_dag_decorator.py
[2023-08-11T07:54:16.015+0000] {logging_mixin.py:150} INFO - [2023-08-11T07:54:16.015+0000] {dag.py:2742} INFO - Sync 1 DAGs
[2023-08-11T07:54:16.042+0000] {logging_mixin.py:150} INFO - [2023-08-11T07:54:16.042+0000] {dag.py:3508} INFO - Setting next_dagrun for example_dag_decorator to None, run_after=None
[2023-08-11T07:54:16.069+0000] {processor.py:179} INFO - Processing /home/airflow/.local/lib/python3.7/site-packages/airflow/example_dags/example_dag_decorator.py took 0.237 seconds
[2023-08-11T07:54:46.928+0000] {processor.py:157} INFO - Started process (PID=301) to work on /home/airflow/.local/lib/python3.7/site-packages/airflow/example_dags/example_dag_decorator.py
[2023-08-11T07:54:46.930+0000] {processor.py:826} INFO - Processing file /home/airflow/.local/lib/python3.7/site-packages/airflow/example_dags/example_dag_decorator.py for tasks to queue
[2023-08-11T07:54:46.931+0000] {logging_mixin.py:150} INFO - [2023-08-11T07:54:46.930+0000] {dagbag.py:541} INFO - Filling up the DagBag from /home/airflow/.local/lib/python3.7/site-packages/airflow/example_dags/example_dag_decorator.py
[2023-08-11T07:54:46.961+0000] {processor.py:836} INFO - DAG(s) dict_keys(['example_dag_decorator']) retrieved from /home/airflow/.local/lib/python3.7/site-packages/airflow/example_dags/example_dag_decorator.py
[2023-08-11T07:54:47.377+0000] {logging_mixin.py:150} INFO - [2023-08-11T07:54:47.376+0000] {dag.py:2742} INFO - Sync 1 DAGs
[2023-08-11T07:54:47.433+0000] {logging_mixin.py:150} INFO - [2023-08-11T07:54:47.432+0000] {dag.py:3508} INFO - Setting next_dagrun for example_dag_decorator to None, run_after=None
[2023-08-11T07:54:47.483+0000] {processor.py:179} INFO - Processing /home/airflow/.local/lib/python3.7/site-packages/airflow/example_dags/example_dag_decorator.py took 0.562 seconds
[2023-08-11T07:55:18.096+0000] {processor.py:157} INFO - Started process (PID=367) to work on /home/airflow/.local/lib/python3.7/site-packages/airflow/example_dags/example_dag_decorator.py
[2023-08-11T07:55:18.103+0000] {processor.py:826} INFO - Processing file /home/airflow/.local/lib/python3.7/site-packages/airflow/example_dags/example_dag_decorator.py for tasks to queue
[2023-08-11T07:55:18.103+0000] {logging_mixin.py:150} INFO - [2023-08-11T07:55:18.103+0000] {dagbag.py:541} INFO - Filling up the DagBag from /home/airflow/.local/lib/python3.7/site-packages/airflow/example_dags/example_dag_decorator.py
[2023-08-11T07:55:18.117+0000] {processor.py:836} INFO - DAG(s) dict_keys(['example_dag_decorator']) retrieved from /home/airflow/.local/lib/python3.7/site-packages/airflow/example_dags/example_dag_decorator.py
[2023-08-11T07:55:18.234+0000] {logging_mixin.py:150} INFO - [2023-08-11T07:55:18.234+0000] {dag.py:2742} INFO - Sync 1 DAGs
[2023-08-11T07:55:18.258+0000] {logging_mixin.py:150} INFO - [2023-08-11T07:55:18.257+0000] {dag.py:3508} INFO - Setting next_dagrun for example_dag_decorator to None, run_after=None
[2023-08-11T07:55:18.282+0000] {processor.py:179} INFO - Processing /home/airflow/.local/lib/python3.7/site-packages/airflow/example_dags/example_dag_decorator.py took 0.189 seconds
[2023-08-11T07:55:48.720+0000] {processor.py:157} INFO - Started process (PID=432) to work on /home/airflow/.local/lib/python3.7/site-packages/airflow/example_dags/example_dag_decorator.py
[2023-08-11T07:55:48.721+0000] {processor.py:826} INFO - Processing file /home/airflow/.local/lib/python3.7/site-packages/airflow/example_dags/example_dag_decorator.py for tasks to queue
[2023-08-11T07:55:48.722+0000] {logging_mixin.py:150} INFO - [2023-08-11T07:55:48.721+0000] {dagbag.py:541} INFO - Filling up the DagBag from /home/airflow/.local/lib/python3.7/site-packages/airflow/example_dags/example_dag_decorator.py
[2023-08-11T07:55:48.735+0000] {processor.py:836} INFO - DAG(s) dict_keys(['example_dag_decorator']) retrieved from /home/airflow/.local/lib/python3.7/site-packages/airflow/example_dags/example_dag_decorator.py
[2023-08-11T07:55:48.844+0000] {logging_mixin.py:150} INFO - [2023-08-11T07:55:48.844+0000] {dag.py:2742} INFO - Sync 1 DAGs
[2023-08-11T07:55:48.868+0000] {logging_mixin.py:150} INFO - [2023-08-11T07:55:48.868+0000] {dag.py:3508} INFO - Setting next_dagrun for example_dag_decorator to None, run_after=None
[2023-08-11T07:55:48.894+0000] {processor.py:179} INFO - Processing /home/airflow/.local/lib/python3.7/site-packages/airflow/example_dags/example_dag_decorator.py took 0.177 seconds
[2023-08-11T07:56:19.515+0000] {processor.py:157} INFO - Started process (PID=497) to work on /home/airflow/.local/lib/python3.7/site-packages/airflow/example_dags/example_dag_decorator.py
[2023-08-11T07:56:19.518+0000] {processor.py:826} INFO - Processing file /home/airflow/.local/lib/python3.7/site-packages/airflow/example_dags/example_dag_decorator.py for tasks to queue
[2023-08-11T07:56:19.520+0000] {logging_mixin.py:150} INFO - [2023-08-11T07:56:19.519+0000] {dagbag.py:541} INFO - Filling up the DagBag from /home/airflow/.local/lib/python3.7/site-packages/airflow/example_dags/example_dag_decorator.py
[2023-08-11T07:56:19.596+0000] {processor.py:836} INFO - DAG(s) dict_keys(['example_dag_decorator']) retrieved from /home/airflow/.local/lib/python3.7/site-packages/airflow/example_dags/example_dag_decorator.py
[2023-08-11T07:56:19.978+0000] {logging_mixin.py:150} INFO - [2023-08-11T07:56:19.978+0000] {dag.py:2742} INFO - Sync 1 DAGs
[2023-08-11T07:56:20.017+0000] {logging_mixin.py:150} INFO - [2023-08-11T07:56:20.017+0000] {dag.py:3508} INFO - Setting next_dagrun for example_dag_decorator to None, run_after=None
[2023-08-11T07:56:20.051+0000] {processor.py:179} INFO - Processing /home/airflow/.local/lib/python3.7/site-packages/airflow/example_dags/example_dag_decorator.py took 0.544 seconds
[2023-08-11T07:56:50.768+0000] {processor.py:157} INFO - Started process (PID=562) to work on /home/airflow/.local/lib/python3.7/site-packages/airflow/example_dags/example_dag_decorator.py
[2023-08-11T07:56:50.770+0000] {processor.py:826} INFO - Processing file /home/airflow/.local/lib/python3.7/site-packages/airflow/example_dags/example_dag_decorator.py for tasks to queue
[2023-08-11T07:56:50.771+0000] {logging_mixin.py:150} INFO - [2023-08-11T07:56:50.771+0000] {dagbag.py:541} INFO - Filling up the DagBag from /home/airflow/.local/lib/python3.7/site-packages/airflow/example_dags/example_dag_decorator.py
[2023-08-11T07:56:50.794+0000] {processor.py:836} INFO - DAG(s) dict_keys(['example_dag_decorator']) retrieved from /home/airflow/.local/lib/python3.7/site-packages/airflow/example_dags/example_dag_decorator.py
[2023-08-11T07:56:51.020+0000] {logging_mixin.py:150} INFO - [2023-08-11T07:56:51.020+0000] {dag.py:2742} INFO - Sync 1 DAGs
[2023-08-11T07:56:51.068+0000] {logging_mixin.py:150} INFO - [2023-08-11T07:56:51.068+0000] {dag.py:3508} INFO - Setting next_dagrun for example_dag_decorator to None, run_after=None
[2023-08-11T07:56:51.119+0000] {processor.py:179} INFO - Processing /home/airflow/.local/lib/python3.7/site-packages/airflow/example_dags/example_dag_decorator.py took 0.355 seconds
[2023-08-11T07:57:21.301+0000] {processor.py:157} INFO - Started process (PID=628) to work on /home/airflow/.local/lib/python3.7/site-packages/airflow/example_dags/example_dag_decorator.py
[2023-08-11T07:57:21.303+0000] {processor.py:826} INFO - Processing file /home/airflow/.local/lib/python3.7/site-packages/airflow/example_dags/example_dag_decorator.py for tasks to queue
[2023-08-11T07:57:21.304+0000] {logging_mixin.py:150} INFO - [2023-08-11T07:57:21.304+0000] {dagbag.py:541} INFO - Filling up the DagBag from /home/airflow/.local/lib/python3.7/site-packages/airflow/example_dags/example_dag_decorator.py
[2023-08-11T07:57:21.320+0000] {processor.py:836} INFO - DAG(s) dict_keys(['example_dag_decorator']) retrieved from /home/airflow/.local/lib/python3.7/site-packages/airflow/example_dags/example_dag_decorator.py
[2023-08-11T07:57:21.487+0000] {logging_mixin.py:150} INFO - [2023-08-11T07:57:21.486+0000] {dag.py:2742} INFO - Sync 1 DAGs
[2023-08-11T07:57:21.517+0000] {logging_mixin.py:150} INFO - [2023-08-11T07:57:21.517+0000] {dag.py:3508} INFO - Setting next_dagrun for example_dag_decorator to None, run_after=None
[2023-08-11T07:57:21.551+0000] {processor.py:179} INFO - Processing /home/airflow/.local/lib/python3.7/site-packages/airflow/example_dags/example_dag_decorator.py took 0.253 seconds
[2023-08-11T07:57:52.073+0000] {processor.py:157} INFO - Started process (PID=693) to work on /home/airflow/.local/lib/python3.7/site-packages/airflow/example_dags/example_dag_decorator.py
[2023-08-11T07:57:52.074+0000] {processor.py:826} INFO - Processing file /home/airflow/.local/lib/python3.7/site-packages/airflow/example_dags/example_dag_decorator.py for tasks to queue
[2023-08-11T07:57:52.076+0000] {logging_mixin.py:150} INFO - [2023-08-11T07:57:52.075+0000] {dagbag.py:541} INFO - Filling up the DagBag from /home/airflow/.local/lib/python3.7/site-packages/airflow/example_dags/example_dag_decorator.py
[2023-08-11T07:57:52.104+0000] {processor.py:836} INFO - DAG(s) dict_keys(['example_dag_decorator']) retrieved from /home/airflow/.local/lib/python3.7/site-packages/airflow/example_dags/example_dag_decorator.py
[2023-08-11T07:57:52.307+0000] {logging_mixin.py:150} INFO - [2023-08-11T07:57:52.306+0000] {dag.py:2742} INFO - Sync 1 DAGs
[2023-08-11T07:57:52.343+0000] {logging_mixin.py:150} INFO - [2023-08-11T07:57:52.343+0000] {dag.py:3508} INFO - Setting next_dagrun for example_dag_decorator to None, run_after=None
[2023-08-11T07:57:52.376+0000] {processor.py:179} INFO - Processing /home/airflow/.local/lib/python3.7/site-packages/airflow/example_dags/example_dag_decorator.py took 0.307 seconds
[2023-08-11T07:58:23.021+0000] {processor.py:157} INFO - Started process (PID=759) to work on /home/airflow/.local/lib/python3.7/site-packages/airflow/example_dags/example_dag_decorator.py
[2023-08-11T07:58:23.024+0000] {processor.py:826} INFO - Processing file /home/airflow/.local/lib/python3.7/site-packages/airflow/example_dags/example_dag_decorator.py for tasks to queue
[2023-08-11T07:58:23.025+0000] {logging_mixin.py:150} INFO - [2023-08-11T07:58:23.025+0000] {dagbag.py:541} INFO - Filling up the DagBag from /home/airflow/.local/lib/python3.7/site-packages/airflow/example_dags/example_dag_decorator.py
[2023-08-11T07:58:23.039+0000] {processor.py:836} INFO - DAG(s) dict_keys(['example_dag_decorator']) retrieved from /home/airflow/.local/lib/python3.7/site-packages/airflow/example_dags/example_dag_decorator.py
[2023-08-11T07:58:23.156+0000] {logging_mixin.py:150} INFO - [2023-08-11T07:58:23.155+0000] {dag.py:2742} INFO - Sync 1 DAGs
[2023-08-11T07:58:23.188+0000] {logging_mixin.py:150} INFO - [2023-08-11T07:58:23.187+0000] {dag.py:3508} INFO - Setting next_dagrun for example_dag_decorator to None, run_after=None
[2023-08-11T07:58:23.210+0000] {processor.py:179} INFO - Processing /home/airflow/.local/lib/python3.7/site-packages/airflow/example_dags/example_dag_decorator.py took 0.192 seconds
[2023-08-11T07:58:53.331+0000] {processor.py:157} INFO - Started process (PID=825) to work on /home/airflow/.local/lib/python3.7/site-packages/airflow/example_dags/example_dag_decorator.py
[2023-08-11T07:58:53.332+0000] {processor.py:826} INFO - Processing file /home/airflow/.local/lib/python3.7/site-packages/airflow/example_dags/example_dag_decorator.py for tasks to queue
[2023-08-11T07:58:53.333+0000] {logging_mixin.py:150} INFO - [2023-08-11T07:58:53.333+0000] {dagbag.py:541} INFO - Filling up the DagBag from /home/airflow/.local/lib/python3.7/site-packages/airflow/example_dags/example_dag_decorator.py
[2023-08-11T07:58:53.346+0000] {processor.py:836} INFO - DAG(s) dict_keys(['example_dag_decorator']) retrieved from /home/airflow/.local/lib/python3.7/site-packages/airflow/example_dags/example_dag_decorator.py
[2023-08-11T07:58:53.463+0000] {logging_mixin.py:150} INFO - [2023-08-11T07:58:53.463+0000] {dag.py:2742} INFO - Sync 1 DAGs
[2023-08-11T07:58:53.492+0000] {logging_mixin.py:150} INFO - [2023-08-11T07:58:53.492+0000] {dag.py:3508} INFO - Setting next_dagrun for example_dag_decorator to None, run_after=None
[2023-08-11T07:58:53.516+0000] {processor.py:179} INFO - Processing /home/airflow/.local/lib/python3.7/site-packages/airflow/example_dags/example_dag_decorator.py took 0.187 seconds
[2023-08-11T07:59:23.552+0000] {processor.py:157} INFO - Started process (PID=891) to work on /home/airflow/.local/lib/python3.7/site-packages/airflow/example_dags/example_dag_decorator.py
[2023-08-11T07:59:23.555+0000] {processor.py:826} INFO - Processing file /home/airflow/.local/lib/python3.7/site-packages/airflow/example_dags/example_dag_decorator.py for tasks to queue
[2023-08-11T07:59:23.557+0000] {logging_mixin.py:150} INFO - [2023-08-11T07:59:23.556+0000] {dagbag.py:541} INFO - Filling up the DagBag from /home/airflow/.local/lib/python3.7/site-packages/airflow/example_dags/example_dag_decorator.py
[2023-08-11T07:59:23.593+0000] {processor.py:836} INFO - DAG(s) dict_keys(['example_dag_decorator']) retrieved from /home/airflow/.local/lib/python3.7/site-packages/airflow/example_dags/example_dag_decorator.py
[2023-08-11T07:59:23.620+0000] {logging_mixin.py:150} INFO - [2023-08-11T07:59:23.619+0000] {dag.py:2742} INFO - Sync 1 DAGs
[2023-08-11T07:59:23.686+0000] {logging_mixin.py:150} INFO - [2023-08-11T07:59:23.686+0000] {dag.py:3508} INFO - Setting next_dagrun for example_dag_decorator to None, run_after=None
[2023-08-11T07:59:23.733+0000] {processor.py:179} INFO - Processing /home/airflow/.local/lib/python3.7/site-packages/airflow/example_dags/example_dag_decorator.py took 0.186 seconds
[2023-08-11T07:59:54.179+0000] {processor.py:157} INFO - Started process (PID=959) to work on /home/airflow/.local/lib/python3.7/site-packages/airflow/example_dags/example_dag_decorator.py
[2023-08-11T07:59:54.180+0000] {processor.py:826} INFO - Processing file /home/airflow/.local/lib/python3.7/site-packages/airflow/example_dags/example_dag_decorator.py for tasks to queue
[2023-08-11T07:59:54.180+0000] {logging_mixin.py:150} INFO - [2023-08-11T07:59:54.180+0000] {dagbag.py:541} INFO - Filling up the DagBag from /home/airflow/.local/lib/python3.7/site-packages/airflow/example_dags/example_dag_decorator.py
[2023-08-11T07:59:54.197+0000] {processor.py:836} INFO - DAG(s) dict_keys(['example_dag_decorator']) retrieved from /home/airflow/.local/lib/python3.7/site-packages/airflow/example_dags/example_dag_decorator.py
[2023-08-11T07:59:54.311+0000] {logging_mixin.py:150} INFO - [2023-08-11T07:59:54.310+0000] {dag.py:2742} INFO - Sync 1 DAGs
[2023-08-11T07:59:54.333+0000] {logging_mixin.py:150} INFO - [2023-08-11T07:59:54.333+0000] {dag.py:3508} INFO - Setting next_dagrun for example_dag_decorator to None, run_after=None
[2023-08-11T07:59:54.358+0000] {processor.py:179} INFO - Processing /home/airflow/.local/lib/python3.7/site-packages/airflow/example_dags/example_dag_decorator.py took 0.182 seconds
[2023-08-11T08:00:24.730+0000] {processor.py:157} INFO - Started process (PID=1029) to work on /home/airflow/.local/lib/python3.7/site-packages/airflow/example_dags/example_dag_decorator.py
[2023-08-11T08:00:24.733+0000] {processor.py:826} INFO - Processing file /home/airflow/.local/lib/python3.7/site-packages/airflow/example_dags/example_dag_decorator.py for tasks to queue
[2023-08-11T08:00:24.734+0000] {logging_mixin.py:150} INFO - [2023-08-11T08:00:24.734+0000] {dagbag.py:541} INFO - Filling up the DagBag from /home/airflow/.local/lib/python3.7/site-packages/airflow/example_dags/example_dag_decorator.py
[2023-08-11T08:00:24.748+0000] {processor.py:836} INFO - DAG(s) dict_keys(['example_dag_decorator']) retrieved from /home/airflow/.local/lib/python3.7/site-packages/airflow/example_dags/example_dag_decorator.py
[2023-08-11T08:00:24.857+0000] {logging_mixin.py:150} INFO - [2023-08-11T08:00:24.857+0000] {dag.py:2742} INFO - Sync 1 DAGs
[2023-08-11T08:00:24.879+0000] {logging_mixin.py:150} INFO - [2023-08-11T08:00:24.879+0000] {dag.py:3508} INFO - Setting next_dagrun for example_dag_decorator to None, run_after=None
[2023-08-11T08:00:24.901+0000] {processor.py:179} INFO - Processing /home/airflow/.local/lib/python3.7/site-packages/airflow/example_dags/example_dag_decorator.py took 0.174 seconds
[2023-08-11T08:00:55.289+0000] {processor.py:157} INFO - Started process (PID=1096) to work on /home/airflow/.local/lib/python3.7/site-packages/airflow/example_dags/example_dag_decorator.py
[2023-08-11T08:00:55.291+0000] {processor.py:826} INFO - Processing file /home/airflow/.local/lib/python3.7/site-packages/airflow/example_dags/example_dag_decorator.py for tasks to queue
[2023-08-11T08:00:55.293+0000] {logging_mixin.py:150} INFO - [2023-08-11T08:00:55.292+0000] {dagbag.py:541} INFO - Filling up the DagBag from /home/airflow/.local/lib/python3.7/site-packages/airflow/example_dags/example_dag_decorator.py
[2023-08-11T08:00:55.312+0000] {processor.py:836} INFO - DAG(s) dict_keys(['example_dag_decorator']) retrieved from /home/airflow/.local/lib/python3.7/site-packages/airflow/example_dags/example_dag_decorator.py
[2023-08-11T08:00:55.442+0000] {logging_mixin.py:150} INFO - [2023-08-11T08:00:55.442+0000] {dag.py:2742} INFO - Sync 1 DAGs
[2023-08-11T08:00:55.468+0000] {logging_mixin.py:150} INFO - [2023-08-11T08:00:55.468+0000] {dag.py:3508} INFO - Setting next_dagrun for example_dag_decorator to None, run_after=None
[2023-08-11T08:00:55.498+0000] {processor.py:179} INFO - Processing /home/airflow/.local/lib/python3.7/site-packages/airflow/example_dags/example_dag_decorator.py took 0.212 seconds
[2023-08-11T08:01:25.838+0000] {processor.py:157} INFO - Started process (PID=1165) to work on /home/airflow/.local/lib/python3.7/site-packages/airflow/example_dags/example_dag_decorator.py
[2023-08-11T08:01:25.839+0000] {processor.py:826} INFO - Processing file /home/airflow/.local/lib/python3.7/site-packages/airflow/example_dags/example_dag_decorator.py for tasks to queue
[2023-08-11T08:01:25.840+0000] {logging_mixin.py:150} INFO - [2023-08-11T08:01:25.840+0000] {dagbag.py:541} INFO - Filling up the DagBag from /home/airflow/.local/lib/python3.7/site-packages/airflow/example_dags/example_dag_decorator.py
[2023-08-11T08:01:25.856+0000] {processor.py:836} INFO - DAG(s) dict_keys(['example_dag_decorator']) retrieved from /home/airflow/.local/lib/python3.7/site-packages/airflow/example_dags/example_dag_decorator.py
[2023-08-11T08:01:25.978+0000] {logging_mixin.py:150} INFO - [2023-08-11T08:01:25.977+0000] {dag.py:2742} INFO - Sync 1 DAGs
[2023-08-11T08:01:26.003+0000] {logging_mixin.py:150} INFO - [2023-08-11T08:01:26.003+0000] {dag.py:3508} INFO - Setting next_dagrun for example_dag_decorator to None, run_after=None
[2023-08-11T08:01:26.027+0000] {processor.py:179} INFO - Processing /home/airflow/.local/lib/python3.7/site-packages/airflow/example_dags/example_dag_decorator.py took 0.192 seconds
[2023-08-11T08:01:56.070+0000] {processor.py:157} INFO - Started process (PID=1231) to work on /home/airflow/.local/lib/python3.7/site-packages/airflow/example_dags/example_dag_decorator.py
[2023-08-11T08:01:56.071+0000] {processor.py:826} INFO - Processing file /home/airflow/.local/lib/python3.7/site-packages/airflow/example_dags/example_dag_decorator.py for tasks to queue
[2023-08-11T08:01:56.071+0000] {logging_mixin.py:150} INFO - [2023-08-11T08:01:56.071+0000] {dagbag.py:541} INFO - Filling up the DagBag from /home/airflow/.local/lib/python3.7/site-packages/airflow/example_dags/example_dag_decorator.py
[2023-08-11T08:01:56.088+0000] {processor.py:836} INFO - DAG(s) dict_keys(['example_dag_decorator']) retrieved from /home/airflow/.local/lib/python3.7/site-packages/airflow/example_dags/example_dag_decorator.py
[2023-08-11T08:01:56.234+0000] {logging_mixin.py:150} INFO - [2023-08-11T08:01:56.234+0000] {dag.py:2742} INFO - Sync 1 DAGs
[2023-08-11T08:01:56.271+0000] {logging_mixin.py:150} INFO - [2023-08-11T08:01:56.271+0000] {dag.py:3508} INFO - Setting next_dagrun for example_dag_decorator to None, run_after=None
[2023-08-11T08:01:56.314+0000] {processor.py:179} INFO - Processing /home/airflow/.local/lib/python3.7/site-packages/airflow/example_dags/example_dag_decorator.py took 0.247 seconds
[2023-08-11T08:02:26.375+0000] {processor.py:157} INFO - Started process (PID=1301) to work on /home/airflow/.local/lib/python3.7/site-packages/airflow/example_dags/example_dag_decorator.py
[2023-08-11T08:02:26.377+0000] {processor.py:826} INFO - Processing file /home/airflow/.local/lib/python3.7/site-packages/airflow/example_dags/example_dag_decorator.py for tasks to queue
[2023-08-11T08:02:26.379+0000] {logging_mixin.py:150} INFO - [2023-08-11T08:02:26.378+0000] {dagbag.py:541} INFO - Filling up the DagBag from /home/airflow/.local/lib/python3.7/site-packages/airflow/example_dags/example_dag_decorator.py
[2023-08-11T08:02:26.391+0000] {processor.py:836} INFO - DAG(s) dict_keys(['example_dag_decorator']) retrieved from /home/airflow/.local/lib/python3.7/site-packages/airflow/example_dags/example_dag_decorator.py
[2023-08-11T08:02:26.529+0000] {logging_mixin.py:150} INFO - [2023-08-11T08:02:26.529+0000] {dag.py:2742} INFO - Sync 1 DAGs
[2023-08-11T08:02:26.558+0000] {logging_mixin.py:150} INFO - [2023-08-11T08:02:26.558+0000] {dag.py:3508} INFO - Setting next_dagrun for example_dag_decorator to None, run_after=None
[2023-08-11T08:02:26.586+0000] {processor.py:179} INFO - Processing /home/airflow/.local/lib/python3.7/site-packages/airflow/example_dags/example_dag_decorator.py took 0.213 seconds
[2023-08-11T08:02:56.640+0000] {processor.py:157} INFO - Started process (PID=1367) to work on /home/airflow/.local/lib/python3.7/site-packages/airflow/example_dags/example_dag_decorator.py
[2023-08-11T08:02:56.641+0000] {processor.py:826} INFO - Processing file /home/airflow/.local/lib/python3.7/site-packages/airflow/example_dags/example_dag_decorator.py for tasks to queue
[2023-08-11T08:02:56.642+0000] {logging_mixin.py:150} INFO - [2023-08-11T08:02:56.641+0000] {dagbag.py:541} INFO - Filling up the DagBag from /home/airflow/.local/lib/python3.7/site-packages/airflow/example_dags/example_dag_decorator.py
[2023-08-11T08:02:56.660+0000] {processor.py:836} INFO - DAG(s) dict_keys(['example_dag_decorator']) retrieved from /home/airflow/.local/lib/python3.7/site-packages/airflow/example_dags/example_dag_decorator.py
[2023-08-11T08:02:56.862+0000] {logging_mixin.py:150} INFO - [2023-08-11T08:02:56.862+0000] {dag.py:2742} INFO - Sync 1 DAGs
[2023-08-11T08:02:56.899+0000] {logging_mixin.py:150} INFO - [2023-08-11T08:02:56.899+0000] {dag.py:3508} INFO - Setting next_dagrun for example_dag_decorator to None, run_after=None
[2023-08-11T08:02:56.934+0000] {processor.py:179} INFO - Processing /home/airflow/.local/lib/python3.7/site-packages/airflow/example_dags/example_dag_decorator.py took 0.297 seconds
[2023-08-11T08:03:27.186+0000] {processor.py:157} INFO - Started process (PID=1433) to work on /home/airflow/.local/lib/python3.7/site-packages/airflow/example_dags/example_dag_decorator.py
[2023-08-11T08:03:27.188+0000] {processor.py:826} INFO - Processing file /home/airflow/.local/lib/python3.7/site-packages/airflow/example_dags/example_dag_decorator.py for tasks to queue
[2023-08-11T08:03:27.190+0000] {logging_mixin.py:150} INFO - [2023-08-11T08:03:27.189+0000] {dagbag.py:541} INFO - Filling up the DagBag from /home/airflow/.local/lib/python3.7/site-packages/airflow/example_dags/example_dag_decorator.py
[2023-08-11T08:03:27.219+0000] {processor.py:836} INFO - DAG(s) dict_keys(['example_dag_decorator']) retrieved from /home/airflow/.local/lib/python3.7/site-packages/airflow/example_dags/example_dag_decorator.py
[2023-08-11T08:03:27.505+0000] {logging_mixin.py:150} INFO - [2023-08-11T08:03:27.505+0000] {dag.py:2742} INFO - Sync 1 DAGs
[2023-08-11T08:03:27.537+0000] {logging_mixin.py:150} INFO - [2023-08-11T08:03:27.537+0000] {dag.py:3508} INFO - Setting next_dagrun for example_dag_decorator to None, run_after=None
[2023-08-11T08:03:27.577+0000] {processor.py:179} INFO - Processing /home/airflow/.local/lib/python3.7/site-packages/airflow/example_dags/example_dag_decorator.py took 0.396 seconds
[2023-08-11T08:03:57.928+0000] {processor.py:157} INFO - Started process (PID=1499) to work on /home/airflow/.local/lib/python3.7/site-packages/airflow/example_dags/example_dag_decorator.py
[2023-08-11T08:03:57.929+0000] {processor.py:826} INFO - Processing file /home/airflow/.local/lib/python3.7/site-packages/airflow/example_dags/example_dag_decorator.py for tasks to queue
[2023-08-11T08:03:57.929+0000] {logging_mixin.py:150} INFO - [2023-08-11T08:03:57.929+0000] {dagbag.py:541} INFO - Filling up the DagBag from /home/airflow/.local/lib/python3.7/site-packages/airflow/example_dags/example_dag_decorator.py
[2023-08-11T08:03:57.948+0000] {processor.py:836} INFO - DAG(s) dict_keys(['example_dag_decorator']) retrieved from /home/airflow/.local/lib/python3.7/site-packages/airflow/example_dags/example_dag_decorator.py
[2023-08-11T08:03:58.090+0000] {logging_mixin.py:150} INFO - [2023-08-11T08:03:58.090+0000] {dag.py:2742} INFO - Sync 1 DAGs
[2023-08-11T08:03:58.121+0000] {logging_mixin.py:150} INFO - [2023-08-11T08:03:58.121+0000] {dag.py:3508} INFO - Setting next_dagrun for example_dag_decorator to None, run_after=None
[2023-08-11T08:03:58.154+0000] {processor.py:179} INFO - Processing /home/airflow/.local/lib/python3.7/site-packages/airflow/example_dags/example_dag_decorator.py took 0.229 seconds
[2023-08-11T08:04:28.297+0000] {processor.py:157} INFO - Started process (PID=1573) to work on /home/airflow/.local/lib/python3.7/site-packages/airflow/example_dags/example_dag_decorator.py
[2023-08-11T08:04:28.298+0000] {processor.py:826} INFO - Processing file /home/airflow/.local/lib/python3.7/site-packages/airflow/example_dags/example_dag_decorator.py for tasks to queue
[2023-08-11T08:04:28.298+0000] {logging_mixin.py:150} INFO - [2023-08-11T08:04:28.298+0000] {dagbag.py:541} INFO - Filling up the DagBag from /home/airflow/.local/lib/python3.7/site-packages/airflow/example_dags/example_dag_decorator.py
[2023-08-11T08:04:28.312+0000] {processor.py:836} INFO - DAG(s) dict_keys(['example_dag_decorator']) retrieved from /home/airflow/.local/lib/python3.7/site-packages/airflow/example_dags/example_dag_decorator.py
[2023-08-11T08:04:28.424+0000] {logging_mixin.py:150} INFO - [2023-08-11T08:04:28.424+0000] {dag.py:2742} INFO - Sync 1 DAGs
[2023-08-11T08:04:28.444+0000] {logging_mixin.py:150} INFO - [2023-08-11T08:04:28.444+0000] {dag.py:3508} INFO - Setting next_dagrun for example_dag_decorator to None, run_after=None
[2023-08-11T08:04:28.470+0000] {processor.py:179} INFO - Processing /home/airflow/.local/lib/python3.7/site-packages/airflow/example_dags/example_dag_decorator.py took 0.176 seconds
[2023-08-11T08:04:58.896+0000] {processor.py:157} INFO - Started process (PID=1639) to work on /home/airflow/.local/lib/python3.7/site-packages/airflow/example_dags/example_dag_decorator.py
[2023-08-11T08:04:58.897+0000] {processor.py:826} INFO - Processing file /home/airflow/.local/lib/python3.7/site-packages/airflow/example_dags/example_dag_decorator.py for tasks to queue
[2023-08-11T08:04:58.898+0000] {logging_mixin.py:150} INFO - [2023-08-11T08:04:58.897+0000] {dagbag.py:541} INFO - Filling up the DagBag from /home/airflow/.local/lib/python3.7/site-packages/airflow/example_dags/example_dag_decorator.py
[2023-08-11T08:04:58.913+0000] {processor.py:836} INFO - DAG(s) dict_keys(['example_dag_decorator']) retrieved from /home/airflow/.local/lib/python3.7/site-packages/airflow/example_dags/example_dag_decorator.py
[2023-08-11T08:04:59.045+0000] {logging_mixin.py:150} INFO - [2023-08-11T08:04:59.044+0000] {dag.py:2742} INFO - Sync 1 DAGs
[2023-08-11T08:04:59.065+0000] {logging_mixin.py:150} INFO - [2023-08-11T08:04:59.065+0000] {dag.py:3508} INFO - Setting next_dagrun for example_dag_decorator to None, run_after=None
[2023-08-11T08:04:59.085+0000] {processor.py:179} INFO - Processing /home/airflow/.local/lib/python3.7/site-packages/airflow/example_dags/example_dag_decorator.py took 0.192 seconds
[2023-08-11T08:05:29.213+0000] {processor.py:157} INFO - Started process (PID=1706) to work on /home/airflow/.local/lib/python3.7/site-packages/airflow/example_dags/example_dag_decorator.py
[2023-08-11T08:05:29.216+0000] {processor.py:826} INFO - Processing file /home/airflow/.local/lib/python3.7/site-packages/airflow/example_dags/example_dag_decorator.py for tasks to queue
[2023-08-11T08:05:29.217+0000] {logging_mixin.py:150} INFO - [2023-08-11T08:05:29.217+0000] {dagbag.py:541} INFO - Filling up the DagBag from /home/airflow/.local/lib/python3.7/site-packages/airflow/example_dags/example_dag_decorator.py
[2023-08-11T08:05:29.246+0000] {processor.py:836} INFO - DAG(s) dict_keys(['example_dag_decorator']) retrieved from /home/airflow/.local/lib/python3.7/site-packages/airflow/example_dags/example_dag_decorator.py
[2023-08-11T08:05:29.541+0000] {logging_mixin.py:150} INFO - [2023-08-11T08:05:29.540+0000] {dag.py:2742} INFO - Sync 1 DAGs
[2023-08-11T08:05:29.604+0000] {logging_mixin.py:150} INFO - [2023-08-11T08:05:29.603+0000] {dag.py:3508} INFO - Setting next_dagrun for example_dag_decorator to None, run_after=None
[2023-08-11T08:05:29.653+0000] {processor.py:179} INFO - Processing /home/airflow/.local/lib/python3.7/site-packages/airflow/example_dags/example_dag_decorator.py took 0.444 seconds
[2023-08-11T08:06:00.497+0000] {processor.py:157} INFO - Started process (PID=1772) to work on /home/airflow/.local/lib/python3.7/site-packages/airflow/example_dags/example_dag_decorator.py
[2023-08-11T08:06:00.498+0000] {processor.py:826} INFO - Processing file /home/airflow/.local/lib/python3.7/site-packages/airflow/example_dags/example_dag_decorator.py for tasks to queue
[2023-08-11T08:06:00.498+0000] {logging_mixin.py:150} INFO - [2023-08-11T08:06:00.498+0000] {dagbag.py:541} INFO - Filling up the DagBag from /home/airflow/.local/lib/python3.7/site-packages/airflow/example_dags/example_dag_decorator.py
[2023-08-11T08:06:00.516+0000] {processor.py:836} INFO - DAG(s) dict_keys(['example_dag_decorator']) retrieved from /home/airflow/.local/lib/python3.7/site-packages/airflow/example_dags/example_dag_decorator.py
[2023-08-11T08:06:00.631+0000] {logging_mixin.py:150} INFO - [2023-08-11T08:06:00.631+0000] {dag.py:2742} INFO - Sync 1 DAGs
[2023-08-11T08:06:00.653+0000] {logging_mixin.py:150} INFO - [2023-08-11T08:06:00.652+0000] {dag.py:3508} INFO - Setting next_dagrun for example_dag_decorator to None, run_after=None
[2023-08-11T08:06:00.683+0000] {processor.py:179} INFO - Processing /home/airflow/.local/lib/python3.7/site-packages/airflow/example_dags/example_dag_decorator.py took 0.189 seconds
[2023-08-11T08:06:31.535+0000] {processor.py:157} INFO - Started process (PID=1843) to work on /home/airflow/.local/lib/python3.7/site-packages/airflow/example_dags/example_dag_decorator.py
[2023-08-11T08:06:31.536+0000] {processor.py:826} INFO - Processing file /home/airflow/.local/lib/python3.7/site-packages/airflow/example_dags/example_dag_decorator.py for tasks to queue
[2023-08-11T08:06:31.537+0000] {logging_mixin.py:150} INFO - [2023-08-11T08:06:31.537+0000] {dagbag.py:541} INFO - Filling up the DagBag from /home/airflow/.local/lib/python3.7/site-packages/airflow/example_dags/example_dag_decorator.py
[2023-08-11T08:06:31.550+0000] {processor.py:836} INFO - DAG(s) dict_keys(['example_dag_decorator']) retrieved from /home/airflow/.local/lib/python3.7/site-packages/airflow/example_dags/example_dag_decorator.py
[2023-08-11T08:06:31.692+0000] {logging_mixin.py:150} INFO - [2023-08-11T08:06:31.692+0000] {dag.py:2742} INFO - Sync 1 DAGs
[2023-08-11T08:06:31.725+0000] {logging_mixin.py:150} INFO - [2023-08-11T08:06:31.724+0000] {dag.py:3508} INFO - Setting next_dagrun for example_dag_decorator to None, run_after=None
[2023-08-11T08:06:31.761+0000] {processor.py:179} INFO - Processing /home/airflow/.local/lib/python3.7/site-packages/airflow/example_dags/example_dag_decorator.py took 0.228 seconds
[2023-08-11T08:07:02.460+0000] {processor.py:157} INFO - Started process (PID=1913) to work on /home/airflow/.local/lib/python3.7/site-packages/airflow/example_dags/example_dag_decorator.py
[2023-08-11T08:07:02.461+0000] {processor.py:826} INFO - Processing file /home/airflow/.local/lib/python3.7/site-packages/airflow/example_dags/example_dag_decorator.py for tasks to queue
[2023-08-11T08:07:02.462+0000] {logging_mixin.py:150} INFO - [2023-08-11T08:07:02.462+0000] {dagbag.py:541} INFO - Filling up the DagBag from /home/airflow/.local/lib/python3.7/site-packages/airflow/example_dags/example_dag_decorator.py
[2023-08-11T08:07:02.482+0000] {processor.py:836} INFO - DAG(s) dict_keys(['example_dag_decorator']) retrieved from /home/airflow/.local/lib/python3.7/site-packages/airflow/example_dags/example_dag_decorator.py
[2023-08-11T08:07:02.597+0000] {logging_mixin.py:150} INFO - [2023-08-11T08:07:02.596+0000] {dag.py:2742} INFO - Sync 1 DAGs
[2023-08-11T08:07:02.620+0000] {logging_mixin.py:150} INFO - [2023-08-11T08:07:02.620+0000] {dag.py:3508} INFO - Setting next_dagrun for example_dag_decorator to None, run_after=None
[2023-08-11T08:07:02.647+0000] {processor.py:179} INFO - Processing /home/airflow/.local/lib/python3.7/site-packages/airflow/example_dags/example_dag_decorator.py took 0.192 seconds
[2023-08-11T08:07:32.966+0000] {processor.py:157} INFO - Started process (PID=1987) to work on /home/airflow/.local/lib/python3.7/site-packages/airflow/example_dags/example_dag_decorator.py
[2023-08-11T08:07:32.967+0000] {processor.py:826} INFO - Processing file /home/airflow/.local/lib/python3.7/site-packages/airflow/example_dags/example_dag_decorator.py for tasks to queue
[2023-08-11T08:07:32.968+0000] {logging_mixin.py:150} INFO - [2023-08-11T08:07:32.968+0000] {dagbag.py:541} INFO - Filling up the DagBag from /home/airflow/.local/lib/python3.7/site-packages/airflow/example_dags/example_dag_decorator.py
[2023-08-11T08:07:32.982+0000] {processor.py:836} INFO - DAG(s) dict_keys(['example_dag_decorator']) retrieved from /home/airflow/.local/lib/python3.7/site-packages/airflow/example_dags/example_dag_decorator.py
[2023-08-11T08:07:33.099+0000] {logging_mixin.py:150} INFO - [2023-08-11T08:07:33.099+0000] {dag.py:2742} INFO - Sync 1 DAGs
[2023-08-11T08:07:33.120+0000] {logging_mixin.py:150} INFO - [2023-08-11T08:07:33.120+0000] {dag.py:3508} INFO - Setting next_dagrun for example_dag_decorator to None, run_after=None
[2023-08-11T08:07:33.140+0000] {processor.py:179} INFO - Processing /home/airflow/.local/lib/python3.7/site-packages/airflow/example_dags/example_dag_decorator.py took 0.177 seconds
[2023-08-11T08:08:03.191+0000] {processor.py:157} INFO - Started process (PID=2054) to work on /home/airflow/.local/lib/python3.7/site-packages/airflow/example_dags/example_dag_decorator.py
[2023-08-11T08:08:03.192+0000] {processor.py:826} INFO - Processing file /home/airflow/.local/lib/python3.7/site-packages/airflow/example_dags/example_dag_decorator.py for tasks to queue
[2023-08-11T08:08:03.194+0000] {logging_mixin.py:150} INFO - [2023-08-11T08:08:03.193+0000] {dagbag.py:541} INFO - Filling up the DagBag from /home/airflow/.local/lib/python3.7/site-packages/airflow/example_dags/example_dag_decorator.py
[2023-08-11T08:08:03.206+0000] {processor.py:836} INFO - DAG(s) dict_keys(['example_dag_decorator']) retrieved from /home/airflow/.local/lib/python3.7/site-packages/airflow/example_dags/example_dag_decorator.py
[2023-08-11T08:08:03.325+0000] {logging_mixin.py:150} INFO - [2023-08-11T08:08:03.324+0000] {dag.py:2742} INFO - Sync 1 DAGs
[2023-08-11T08:08:03.350+0000] {logging_mixin.py:150} INFO - [2023-08-11T08:08:03.350+0000] {dag.py:3508} INFO - Setting next_dagrun for example_dag_decorator to None, run_after=None
[2023-08-11T08:08:03.372+0000] {processor.py:179} INFO - Processing /home/airflow/.local/lib/python3.7/site-packages/airflow/example_dags/example_dag_decorator.py took 0.184 seconds
[2023-08-11T08:08:33.874+0000] {processor.py:157} INFO - Started process (PID=2119) to work on /home/airflow/.local/lib/python3.7/site-packages/airflow/example_dags/example_dag_decorator.py
[2023-08-11T08:08:33.875+0000] {processor.py:826} INFO - Processing file /home/airflow/.local/lib/python3.7/site-packages/airflow/example_dags/example_dag_decorator.py for tasks to queue
[2023-08-11T08:08:33.876+0000] {logging_mixin.py:150} INFO - [2023-08-11T08:08:33.876+0000] {dagbag.py:541} INFO - Filling up the DagBag from /home/airflow/.local/lib/python3.7/site-packages/airflow/example_dags/example_dag_decorator.py
[2023-08-11T08:08:33.889+0000] {processor.py:836} INFO - DAG(s) dict_keys(['example_dag_decorator']) retrieved from /home/airflow/.local/lib/python3.7/site-packages/airflow/example_dags/example_dag_decorator.py
[2023-08-11T08:08:34.011+0000] {logging_mixin.py:150} INFO - [2023-08-11T08:08:34.011+0000] {dag.py:2742} INFO - Sync 1 DAGs
[2023-08-11T08:08:34.034+0000] {logging_mixin.py:150} INFO - [2023-08-11T08:08:34.034+0000] {dag.py:3508} INFO - Setting next_dagrun for example_dag_decorator to None, run_after=None
[2023-08-11T08:08:34.056+0000] {processor.py:179} INFO - Processing /home/airflow/.local/lib/python3.7/site-packages/airflow/example_dags/example_dag_decorator.py took 0.184 seconds
[2023-08-11T08:09:04.292+0000] {processor.py:157} INFO - Started process (PID=2185) to work on /home/airflow/.local/lib/python3.7/site-packages/airflow/example_dags/example_dag_decorator.py
[2023-08-11T08:09:04.292+0000] {processor.py:826} INFO - Processing file /home/airflow/.local/lib/python3.7/site-packages/airflow/example_dags/example_dag_decorator.py for tasks to queue
[2023-08-11T08:09:04.293+0000] {logging_mixin.py:150} INFO - [2023-08-11T08:09:04.293+0000] {dagbag.py:541} INFO - Filling up the DagBag from /home/airflow/.local/lib/python3.7/site-packages/airflow/example_dags/example_dag_decorator.py
[2023-08-11T08:09:04.306+0000] {processor.py:836} INFO - DAG(s) dict_keys(['example_dag_decorator']) retrieved from /home/airflow/.local/lib/python3.7/site-packages/airflow/example_dags/example_dag_decorator.py
[2023-08-11T08:09:04.416+0000] {logging_mixin.py:150} INFO - [2023-08-11T08:09:04.416+0000] {dag.py:2742} INFO - Sync 1 DAGs
[2023-08-11T08:09:04.436+0000] {logging_mixin.py:150} INFO - [2023-08-11T08:09:04.436+0000] {dag.py:3508} INFO - Setting next_dagrun for example_dag_decorator to None, run_after=None
[2023-08-11T08:09:04.459+0000] {processor.py:179} INFO - Processing /home/airflow/.local/lib/python3.7/site-packages/airflow/example_dags/example_dag_decorator.py took 0.170 seconds
[2023-08-11T08:09:34.553+0000] {processor.py:157} INFO - Started process (PID=2251) to work on /home/airflow/.local/lib/python3.7/site-packages/airflow/example_dags/example_dag_decorator.py
[2023-08-11T08:09:34.554+0000] {processor.py:826} INFO - Processing file /home/airflow/.local/lib/python3.7/site-packages/airflow/example_dags/example_dag_decorator.py for tasks to queue
[2023-08-11T08:09:34.555+0000] {logging_mixin.py:150} INFO - [2023-08-11T08:09:34.555+0000] {dagbag.py:541} INFO - Filling up the DagBag from /home/airflow/.local/lib/python3.7/site-packages/airflow/example_dags/example_dag_decorator.py
[2023-08-11T08:09:34.568+0000] {processor.py:836} INFO - DAG(s) dict_keys(['example_dag_decorator']) retrieved from /home/airflow/.local/lib/python3.7/site-packages/airflow/example_dags/example_dag_decorator.py
[2023-08-11T08:09:34.683+0000] {logging_mixin.py:150} INFO - [2023-08-11T08:09:34.683+0000] {dag.py:2742} INFO - Sync 1 DAGs
[2023-08-11T08:09:34.709+0000] {logging_mixin.py:150} INFO - [2023-08-11T08:09:34.709+0000] {dag.py:3508} INFO - Setting next_dagrun for example_dag_decorator to None, run_after=None
[2023-08-11T08:09:34.735+0000] {processor.py:179} INFO - Processing /home/airflow/.local/lib/python3.7/site-packages/airflow/example_dags/example_dag_decorator.py took 0.185 seconds
[2023-08-11T08:10:05.543+0000] {processor.py:157} INFO - Started process (PID=2317) to work on /home/airflow/.local/lib/python3.7/site-packages/airflow/example_dags/example_dag_decorator.py
[2023-08-11T08:10:05.544+0000] {processor.py:826} INFO - Processing file /home/airflow/.local/lib/python3.7/site-packages/airflow/example_dags/example_dag_decorator.py for tasks to queue
[2023-08-11T08:10:05.545+0000] {logging_mixin.py:150} INFO - [2023-08-11T08:10:05.544+0000] {dagbag.py:541} INFO - Filling up the DagBag from /home/airflow/.local/lib/python3.7/site-packages/airflow/example_dags/example_dag_decorator.py
[2023-08-11T08:10:05.560+0000] {processor.py:836} INFO - DAG(s) dict_keys(['example_dag_decorator']) retrieved from /home/airflow/.local/lib/python3.7/site-packages/airflow/example_dags/example_dag_decorator.py
[2023-08-11T08:10:05.670+0000] {logging_mixin.py:150} INFO - [2023-08-11T08:10:05.670+0000] {dag.py:2742} INFO - Sync 1 DAGs
[2023-08-11T08:10:05.692+0000] {logging_mixin.py:150} INFO - [2023-08-11T08:10:05.692+0000] {dag.py:3508} INFO - Setting next_dagrun for example_dag_decorator to None, run_after=None
[2023-08-11T08:10:05.717+0000] {processor.py:179} INFO - Processing /home/airflow/.local/lib/python3.7/site-packages/airflow/example_dags/example_dag_decorator.py took 0.176 seconds
[2023-08-11T08:10:36.019+0000] {processor.py:157} INFO - Started process (PID=2383) to work on /home/airflow/.local/lib/python3.7/site-packages/airflow/example_dags/example_dag_decorator.py
[2023-08-11T08:10:36.021+0000] {processor.py:826} INFO - Processing file /home/airflow/.local/lib/python3.7/site-packages/airflow/example_dags/example_dag_decorator.py for tasks to queue
[2023-08-11T08:10:36.022+0000] {logging_mixin.py:150} INFO - [2023-08-11T08:10:36.022+0000] {dagbag.py:541} INFO - Filling up the DagBag from /home/airflow/.local/lib/python3.7/site-packages/airflow/example_dags/example_dag_decorator.py
[2023-08-11T08:10:36.034+0000] {processor.py:836} INFO - DAG(s) dict_keys(['example_dag_decorator']) retrieved from /home/airflow/.local/lib/python3.7/site-packages/airflow/example_dags/example_dag_decorator.py
[2023-08-11T08:10:36.169+0000] {logging_mixin.py:150} INFO - [2023-08-11T08:10:36.168+0000] {dag.py:2742} INFO - Sync 1 DAGs
[2023-08-11T08:10:36.193+0000] {logging_mixin.py:150} INFO - [2023-08-11T08:10:36.192+0000] {dag.py:3508} INFO - Setting next_dagrun for example_dag_decorator to None, run_after=None
[2023-08-11T08:10:36.220+0000] {processor.py:179} INFO - Processing /home/airflow/.local/lib/python3.7/site-packages/airflow/example_dags/example_dag_decorator.py took 0.205 seconds
[2023-08-11T08:11:06.359+0000] {processor.py:157} INFO - Started process (PID=2450) to work on /home/airflow/.local/lib/python3.7/site-packages/airflow/example_dags/example_dag_decorator.py
[2023-08-11T08:11:06.360+0000] {processor.py:826} INFO - Processing file /home/airflow/.local/lib/python3.7/site-packages/airflow/example_dags/example_dag_decorator.py for tasks to queue
[2023-08-11T08:11:06.361+0000] {logging_mixin.py:150} INFO - [2023-08-11T08:11:06.361+0000] {dagbag.py:541} INFO - Filling up the DagBag from /home/airflow/.local/lib/python3.7/site-packages/airflow/example_dags/example_dag_decorator.py
[2023-08-11T08:11:06.374+0000] {processor.py:836} INFO - DAG(s) dict_keys(['example_dag_decorator']) retrieved from /home/airflow/.local/lib/python3.7/site-packages/airflow/example_dags/example_dag_decorator.py
[2023-08-11T08:11:06.490+0000] {logging_mixin.py:150} INFO - [2023-08-11T08:11:06.490+0000] {dag.py:2742} INFO - Sync 1 DAGs
[2023-08-11T08:11:06.514+0000] {logging_mixin.py:150} INFO - [2023-08-11T08:11:06.513+0000] {dag.py:3508} INFO - Setting next_dagrun for example_dag_decorator to None, run_after=None
[2023-08-11T08:11:06.537+0000] {processor.py:179} INFO - Processing /home/airflow/.local/lib/python3.7/site-packages/airflow/example_dags/example_dag_decorator.py took 0.181 seconds
[2023-08-11T08:11:37.069+0000] {processor.py:157} INFO - Started process (PID=2516) to work on /home/airflow/.local/lib/python3.7/site-packages/airflow/example_dags/example_dag_decorator.py
[2023-08-11T08:11:37.072+0000] {processor.py:826} INFO - Processing file /home/airflow/.local/lib/python3.7/site-packages/airflow/example_dags/example_dag_decorator.py for tasks to queue
[2023-08-11T08:11:37.073+0000] {logging_mixin.py:150} INFO - [2023-08-11T08:11:37.073+0000] {dagbag.py:541} INFO - Filling up the DagBag from /home/airflow/.local/lib/python3.7/site-packages/airflow/example_dags/example_dag_decorator.py
[2023-08-11T08:11:37.085+0000] {processor.py:836} INFO - DAG(s) dict_keys(['example_dag_decorator']) retrieved from /home/airflow/.local/lib/python3.7/site-packages/airflow/example_dags/example_dag_decorator.py
[2023-08-11T08:11:37.200+0000] {logging_mixin.py:150} INFO - [2023-08-11T08:11:37.200+0000] {dag.py:2742} INFO - Sync 1 DAGs
[2023-08-11T08:11:37.223+0000] {logging_mixin.py:150} INFO - [2023-08-11T08:11:37.223+0000] {dag.py:3508} INFO - Setting next_dagrun for example_dag_decorator to None, run_after=None
[2023-08-11T08:11:37.244+0000] {processor.py:179} INFO - Processing /home/airflow/.local/lib/python3.7/site-packages/airflow/example_dags/example_dag_decorator.py took 0.178 seconds
[2023-08-11T08:12:07.637+0000] {processor.py:157} INFO - Started process (PID=2582) to work on /home/airflow/.local/lib/python3.7/site-packages/airflow/example_dags/example_dag_decorator.py
[2023-08-11T08:12:07.637+0000] {processor.py:826} INFO - Processing file /home/airflow/.local/lib/python3.7/site-packages/airflow/example_dags/example_dag_decorator.py for tasks to queue
[2023-08-11T08:12:07.639+0000] {logging_mixin.py:150} INFO - [2023-08-11T08:12:07.638+0000] {dagbag.py:541} INFO - Filling up the DagBag from /home/airflow/.local/lib/python3.7/site-packages/airflow/example_dags/example_dag_decorator.py
[2023-08-11T08:12:07.652+0000] {processor.py:836} INFO - DAG(s) dict_keys(['example_dag_decorator']) retrieved from /home/airflow/.local/lib/python3.7/site-packages/airflow/example_dags/example_dag_decorator.py
[2023-08-11T08:12:07.765+0000] {logging_mixin.py:150} INFO - [2023-08-11T08:12:07.765+0000] {dag.py:2742} INFO - Sync 1 DAGs
[2023-08-11T08:12:07.785+0000] {logging_mixin.py:150} INFO - [2023-08-11T08:12:07.785+0000] {dag.py:3508} INFO - Setting next_dagrun for example_dag_decorator to None, run_after=None
[2023-08-11T08:12:07.810+0000] {processor.py:179} INFO - Processing /home/airflow/.local/lib/python3.7/site-packages/airflow/example_dags/example_dag_decorator.py took 0.176 seconds
[2023-08-11T08:12:37.878+0000] {processor.py:157} INFO - Started process (PID=2648) to work on /home/airflow/.local/lib/python3.7/site-packages/airflow/example_dags/example_dag_decorator.py
[2023-08-11T08:12:37.881+0000] {processor.py:826} INFO - Processing file /home/airflow/.local/lib/python3.7/site-packages/airflow/example_dags/example_dag_decorator.py for tasks to queue
[2023-08-11T08:12:37.883+0000] {logging_mixin.py:150} INFO - [2023-08-11T08:12:37.882+0000] {dagbag.py:541} INFO - Filling up the DagBag from /home/airflow/.local/lib/python3.7/site-packages/airflow/example_dags/example_dag_decorator.py
[2023-08-11T08:12:37.903+0000] {processor.py:836} INFO - DAG(s) dict_keys(['example_dag_decorator']) retrieved from /home/airflow/.local/lib/python3.7/site-packages/airflow/example_dags/example_dag_decorator.py
[2023-08-11T08:12:38.061+0000] {logging_mixin.py:150} INFO - [2023-08-11T08:12:38.060+0000] {dag.py:2742} INFO - Sync 1 DAGs
[2023-08-11T08:12:38.098+0000] {logging_mixin.py:150} INFO - [2023-08-11T08:12:38.097+0000] {dag.py:3508} INFO - Setting next_dagrun for example_dag_decorator to None, run_after=None
[2023-08-11T08:12:38.128+0000] {processor.py:179} INFO - Processing /home/airflow/.local/lib/python3.7/site-packages/airflow/example_dags/example_dag_decorator.py took 0.264 seconds
[2023-08-11T08:13:08.255+0000] {processor.py:157} INFO - Started process (PID=2714) to work on /home/airflow/.local/lib/python3.7/site-packages/airflow/example_dags/example_dag_decorator.py
[2023-08-11T08:13:08.256+0000] {processor.py:826} INFO - Processing file /home/airflow/.local/lib/python3.7/site-packages/airflow/example_dags/example_dag_decorator.py for tasks to queue
[2023-08-11T08:13:08.256+0000] {logging_mixin.py:150} INFO - [2023-08-11T08:13:08.256+0000] {dagbag.py:541} INFO - Filling up the DagBag from /home/airflow/.local/lib/python3.7/site-packages/airflow/example_dags/example_dag_decorator.py
[2023-08-11T08:13:08.269+0000] {processor.py:836} INFO - DAG(s) dict_keys(['example_dag_decorator']) retrieved from /home/airflow/.local/lib/python3.7/site-packages/airflow/example_dags/example_dag_decorator.py
[2023-08-11T08:13:08.384+0000] {logging_mixin.py:150} INFO - [2023-08-11T08:13:08.384+0000] {dag.py:2742} INFO - Sync 1 DAGs
[2023-08-11T08:13:08.409+0000] {logging_mixin.py:150} INFO - [2023-08-11T08:13:08.408+0000] {dag.py:3508} INFO - Setting next_dagrun for example_dag_decorator to None, run_after=None
[2023-08-11T08:13:08.434+0000] {processor.py:179} INFO - Processing /home/airflow/.local/lib/python3.7/site-packages/airflow/example_dags/example_dag_decorator.py took 0.182 seconds
[2023-08-11T08:13:39.196+0000] {processor.py:157} INFO - Started process (PID=2780) to work on /home/airflow/.local/lib/python3.7/site-packages/airflow/example_dags/example_dag_decorator.py
[2023-08-11T08:13:39.198+0000] {processor.py:826} INFO - Processing file /home/airflow/.local/lib/python3.7/site-packages/airflow/example_dags/example_dag_decorator.py for tasks to queue
[2023-08-11T08:13:39.199+0000] {logging_mixin.py:150} INFO - [2023-08-11T08:13:39.199+0000] {dagbag.py:541} INFO - Filling up the DagBag from /home/airflow/.local/lib/python3.7/site-packages/airflow/example_dags/example_dag_decorator.py
[2023-08-11T08:13:39.219+0000] {processor.py:836} INFO - DAG(s) dict_keys(['example_dag_decorator']) retrieved from /home/airflow/.local/lib/python3.7/site-packages/airflow/example_dags/example_dag_decorator.py
[2023-08-11T08:13:39.384+0000] {logging_mixin.py:150} INFO - [2023-08-11T08:13:39.383+0000] {dag.py:2742} INFO - Sync 1 DAGs
[2023-08-11T08:13:39.417+0000] {logging_mixin.py:150} INFO - [2023-08-11T08:13:39.417+0000] {dag.py:3508} INFO - Setting next_dagrun for example_dag_decorator to None, run_after=None
[2023-08-11T08:13:39.450+0000] {processor.py:179} INFO - Processing /home/airflow/.local/lib/python3.7/site-packages/airflow/example_dags/example_dag_decorator.py took 0.260 seconds
[2023-08-11T08:14:09.571+0000] {processor.py:157} INFO - Started process (PID=2847) to work on /home/airflow/.local/lib/python3.7/site-packages/airflow/example_dags/example_dag_decorator.py
[2023-08-11T08:14:09.572+0000] {processor.py:826} INFO - Processing file /home/airflow/.local/lib/python3.7/site-packages/airflow/example_dags/example_dag_decorator.py for tasks to queue
[2023-08-11T08:14:09.572+0000] {logging_mixin.py:150} INFO - [2023-08-11T08:14:09.572+0000] {dagbag.py:541} INFO - Filling up the DagBag from /home/airflow/.local/lib/python3.7/site-packages/airflow/example_dags/example_dag_decorator.py
[2023-08-11T08:14:09.588+0000] {processor.py:836} INFO - DAG(s) dict_keys(['example_dag_decorator']) retrieved from /home/airflow/.local/lib/python3.7/site-packages/airflow/example_dags/example_dag_decorator.py
[2023-08-11T08:14:09.713+0000] {logging_mixin.py:150} INFO - [2023-08-11T08:14:09.713+0000] {dag.py:2742} INFO - Sync 1 DAGs
[2023-08-11T08:14:09.739+0000] {logging_mixin.py:150} INFO - [2023-08-11T08:14:09.739+0000] {dag.py:3508} INFO - Setting next_dagrun for example_dag_decorator to None, run_after=None
[2023-08-11T08:14:09.766+0000] {processor.py:179} INFO - Processing /home/airflow/.local/lib/python3.7/site-packages/airflow/example_dags/example_dag_decorator.py took 0.198 seconds
[2023-08-11T08:14:39.831+0000] {processor.py:157} INFO - Started process (PID=2915) to work on /home/airflow/.local/lib/python3.7/site-packages/airflow/example_dags/example_dag_decorator.py
[2023-08-11T08:14:39.833+0000] {processor.py:826} INFO - Processing file /home/airflow/.local/lib/python3.7/site-packages/airflow/example_dags/example_dag_decorator.py for tasks to queue
[2023-08-11T08:14:39.834+0000] {logging_mixin.py:150} INFO - [2023-08-11T08:14:39.834+0000] {dagbag.py:541} INFO - Filling up the DagBag from /home/airflow/.local/lib/python3.7/site-packages/airflow/example_dags/example_dag_decorator.py
[2023-08-11T08:14:39.847+0000] {processor.py:836} INFO - DAG(s) dict_keys(['example_dag_decorator']) retrieved from /home/airflow/.local/lib/python3.7/site-packages/airflow/example_dags/example_dag_decorator.py
[2023-08-11T08:14:39.959+0000] {logging_mixin.py:150} INFO - [2023-08-11T08:14:39.958+0000] {dag.py:2742} INFO - Sync 1 DAGs
[2023-08-11T08:14:39.980+0000] {logging_mixin.py:150} INFO - [2023-08-11T08:14:39.980+0000] {dag.py:3508} INFO - Setting next_dagrun for example_dag_decorator to None, run_after=None
[2023-08-11T08:14:40.002+0000] {processor.py:179} INFO - Processing /home/airflow/.local/lib/python3.7/site-packages/airflow/example_dags/example_dag_decorator.py took 0.174 seconds
[2023-08-11T08:15:10.274+0000] {processor.py:157} INFO - Started process (PID=2979) to work on /home/airflow/.local/lib/python3.7/site-packages/airflow/example_dags/example_dag_decorator.py
[2023-08-11T08:15:10.275+0000] {processor.py:826} INFO - Processing file /home/airflow/.local/lib/python3.7/site-packages/airflow/example_dags/example_dag_decorator.py for tasks to queue
[2023-08-11T08:15:10.276+0000] {logging_mixin.py:150} INFO - [2023-08-11T08:15:10.275+0000] {dagbag.py:541} INFO - Filling up the DagBag from /home/airflow/.local/lib/python3.7/site-packages/airflow/example_dags/example_dag_decorator.py
[2023-08-11T08:15:10.289+0000] {processor.py:836} INFO - DAG(s) dict_keys(['example_dag_decorator']) retrieved from /home/airflow/.local/lib/python3.7/site-packages/airflow/example_dags/example_dag_decorator.py
[2023-08-11T08:15:10.405+0000] {logging_mixin.py:150} INFO - [2023-08-11T08:15:10.405+0000] {dag.py:2742} INFO - Sync 1 DAGs
[2023-08-11T08:15:10.427+0000] {logging_mixin.py:150} INFO - [2023-08-11T08:15:10.426+0000] {dag.py:3508} INFO - Setting next_dagrun for example_dag_decorator to None, run_after=None
[2023-08-11T08:15:10.450+0000] {processor.py:179} INFO - Processing /home/airflow/.local/lib/python3.7/site-packages/airflow/example_dags/example_dag_decorator.py took 0.178 seconds
[2023-08-11T08:15:40.650+0000] {processor.py:157} INFO - Started process (PID=3046) to work on /home/airflow/.local/lib/python3.7/site-packages/airflow/example_dags/example_dag_decorator.py
[2023-08-11T08:15:40.652+0000] {processor.py:826} INFO - Processing file /home/airflow/.local/lib/python3.7/site-packages/airflow/example_dags/example_dag_decorator.py for tasks to queue
[2023-08-11T08:15:40.653+0000] {logging_mixin.py:150} INFO - [2023-08-11T08:15:40.653+0000] {dagbag.py:541} INFO - Filling up the DagBag from /home/airflow/.local/lib/python3.7/site-packages/airflow/example_dags/example_dag_decorator.py
[2023-08-11T08:15:40.665+0000] {processor.py:836} INFO - DAG(s) dict_keys(['example_dag_decorator']) retrieved from /home/airflow/.local/lib/python3.7/site-packages/airflow/example_dags/example_dag_decorator.py
[2023-08-11T08:15:40.786+0000] {logging_mixin.py:150} INFO - [2023-08-11T08:15:40.786+0000] {dag.py:2742} INFO - Sync 1 DAGs
[2023-08-11T08:15:40.810+0000] {logging_mixin.py:150} INFO - [2023-08-11T08:15:40.809+0000] {dag.py:3508} INFO - Setting next_dagrun for example_dag_decorator to None, run_after=None
[2023-08-11T08:15:40.833+0000] {processor.py:179} INFO - Processing /home/airflow/.local/lib/python3.7/site-packages/airflow/example_dags/example_dag_decorator.py took 0.186 seconds
[2023-08-11T08:16:10.951+0000] {processor.py:157} INFO - Started process (PID=3112) to work on /home/airflow/.local/lib/python3.7/site-packages/airflow/example_dags/example_dag_decorator.py
[2023-08-11T08:16:10.953+0000] {processor.py:826} INFO - Processing file /home/airflow/.local/lib/python3.7/site-packages/airflow/example_dags/example_dag_decorator.py for tasks to queue
[2023-08-11T08:16:10.954+0000] {logging_mixin.py:150} INFO - [2023-08-11T08:16:10.954+0000] {dagbag.py:541} INFO - Filling up the DagBag from /home/airflow/.local/lib/python3.7/site-packages/airflow/example_dags/example_dag_decorator.py
[2023-08-11T08:16:10.966+0000] {processor.py:836} INFO - DAG(s) dict_keys(['example_dag_decorator']) retrieved from /home/airflow/.local/lib/python3.7/site-packages/airflow/example_dags/example_dag_decorator.py
[2023-08-11T08:16:11.085+0000] {logging_mixin.py:150} INFO - [2023-08-11T08:16:11.084+0000] {dag.py:2742} INFO - Sync 1 DAGs
[2023-08-11T08:16:11.111+0000] {logging_mixin.py:150} INFO - [2023-08-11T08:16:11.111+0000] {dag.py:3508} INFO - Setting next_dagrun for example_dag_decorator to None, run_after=None
[2023-08-11T08:16:11.134+0000] {processor.py:179} INFO - Processing /home/airflow/.local/lib/python3.7/site-packages/airflow/example_dags/example_dag_decorator.py took 0.186 seconds
[2023-08-11T08:16:41.725+0000] {processor.py:157} INFO - Started process (PID=3181) to work on /home/airflow/.local/lib/python3.7/site-packages/airflow/example_dags/example_dag_decorator.py
[2023-08-11T08:16:41.731+0000] {processor.py:826} INFO - Processing file /home/airflow/.local/lib/python3.7/site-packages/airflow/example_dags/example_dag_decorator.py for tasks to queue
[2023-08-11T08:16:41.732+0000] {logging_mixin.py:150} INFO - [2023-08-11T08:16:41.732+0000] {dagbag.py:541} INFO - Filling up the DagBag from /home/airflow/.local/lib/python3.7/site-packages/airflow/example_dags/example_dag_decorator.py
[2023-08-11T08:16:41.746+0000] {processor.py:836} INFO - DAG(s) dict_keys(['example_dag_decorator']) retrieved from /home/airflow/.local/lib/python3.7/site-packages/airflow/example_dags/example_dag_decorator.py
[2023-08-11T08:16:41.863+0000] {logging_mixin.py:150} INFO - [2023-08-11T08:16:41.863+0000] {dag.py:2742} INFO - Sync 1 DAGs
[2023-08-11T08:16:41.886+0000] {logging_mixin.py:150} INFO - [2023-08-11T08:16:41.885+0000] {dag.py:3508} INFO - Setting next_dagrun for example_dag_decorator to None, run_after=None
[2023-08-11T08:16:41.910+0000] {processor.py:179} INFO - Processing /home/airflow/.local/lib/python3.7/site-packages/airflow/example_dags/example_dag_decorator.py took 0.188 seconds
[2023-08-11T08:17:12.025+0000] {processor.py:157} INFO - Started process (PID=3247) to work on /home/airflow/.local/lib/python3.7/site-packages/airflow/example_dags/example_dag_decorator.py
[2023-08-11T08:17:12.026+0000] {processor.py:826} INFO - Processing file /home/airflow/.local/lib/python3.7/site-packages/airflow/example_dags/example_dag_decorator.py for tasks to queue
[2023-08-11T08:17:12.027+0000] {logging_mixin.py:150} INFO - [2023-08-11T08:17:12.027+0000] {dagbag.py:541} INFO - Filling up the DagBag from /home/airflow/.local/lib/python3.7/site-packages/airflow/example_dags/example_dag_decorator.py
[2023-08-11T08:17:12.042+0000] {processor.py:836} INFO - DAG(s) dict_keys(['example_dag_decorator']) retrieved from /home/airflow/.local/lib/python3.7/site-packages/airflow/example_dags/example_dag_decorator.py
[2023-08-11T08:17:12.181+0000] {logging_mixin.py:150} INFO - [2023-08-11T08:17:12.181+0000] {dag.py:2742} INFO - Sync 1 DAGs
[2023-08-11T08:17:12.212+0000] {logging_mixin.py:150} INFO - [2023-08-11T08:17:12.212+0000] {dag.py:3508} INFO - Setting next_dagrun for example_dag_decorator to None, run_after=None
[2023-08-11T08:17:12.247+0000] {processor.py:179} INFO - Processing /home/airflow/.local/lib/python3.7/site-packages/airflow/example_dags/example_dag_decorator.py took 0.226 seconds
[2023-08-11T08:17:42.650+0000] {processor.py:157} INFO - Started process (PID=3331) to work on /home/airflow/.local/lib/python3.7/site-packages/airflow/example_dags/example_dag_decorator.py
[2023-08-11T08:17:42.651+0000] {processor.py:826} INFO - Processing file /home/airflow/.local/lib/python3.7/site-packages/airflow/example_dags/example_dag_decorator.py for tasks to queue
[2023-08-11T08:17:42.652+0000] {logging_mixin.py:150} INFO - [2023-08-11T08:17:42.652+0000] {dagbag.py:541} INFO - Filling up the DagBag from /home/airflow/.local/lib/python3.7/site-packages/airflow/example_dags/example_dag_decorator.py
[2023-08-11T08:17:42.675+0000] {processor.py:836} INFO - DAG(s) dict_keys(['example_dag_decorator']) retrieved from /home/airflow/.local/lib/python3.7/site-packages/airflow/example_dags/example_dag_decorator.py
[2023-08-11T08:17:42.816+0000] {logging_mixin.py:150} INFO - [2023-08-11T08:17:42.816+0000] {dag.py:2742} INFO - Sync 1 DAGs
[2023-08-11T08:17:42.842+0000] {logging_mixin.py:150} INFO - [2023-08-11T08:17:42.841+0000] {dag.py:3508} INFO - Setting next_dagrun for example_dag_decorator to None, run_after=None
[2023-08-11T08:17:42.869+0000] {processor.py:179} INFO - Processing /home/airflow/.local/lib/python3.7/site-packages/airflow/example_dags/example_dag_decorator.py took 0.222 seconds
[2023-08-11T08:18:13.332+0000] {processor.py:157} INFO - Started process (PID=3403) to work on /home/airflow/.local/lib/python3.7/site-packages/airflow/example_dags/example_dag_decorator.py
[2023-08-11T08:18:13.334+0000] {processor.py:826} INFO - Processing file /home/airflow/.local/lib/python3.7/site-packages/airflow/example_dags/example_dag_decorator.py for tasks to queue
[2023-08-11T08:18:13.335+0000] {logging_mixin.py:150} INFO - [2023-08-11T08:18:13.335+0000] {dagbag.py:541} INFO - Filling up the DagBag from /home/airflow/.local/lib/python3.7/site-packages/airflow/example_dags/example_dag_decorator.py
[2023-08-11T08:18:13.357+0000] {processor.py:836} INFO - DAG(s) dict_keys(['example_dag_decorator']) retrieved from /home/airflow/.local/lib/python3.7/site-packages/airflow/example_dags/example_dag_decorator.py
[2023-08-11T08:18:13.505+0000] {logging_mixin.py:150} INFO - [2023-08-11T08:18:13.505+0000] {dag.py:2742} INFO - Sync 1 DAGs
[2023-08-11T08:18:13.536+0000] {logging_mixin.py:150} INFO - [2023-08-11T08:18:13.536+0000] {dag.py:3508} INFO - Setting next_dagrun for example_dag_decorator to None, run_after=None
[2023-08-11T08:18:13.564+0000] {processor.py:179} INFO - Processing /home/airflow/.local/lib/python3.7/site-packages/airflow/example_dags/example_dag_decorator.py took 0.235 seconds
[2023-08-11T08:18:44.189+0000] {processor.py:157} INFO - Started process (PID=3488) to work on /home/airflow/.local/lib/python3.7/site-packages/airflow/example_dags/example_dag_decorator.py
[2023-08-11T08:18:44.200+0000] {processor.py:826} INFO - Processing file /home/airflow/.local/lib/python3.7/site-packages/airflow/example_dags/example_dag_decorator.py for tasks to queue
[2023-08-11T08:18:44.203+0000] {logging_mixin.py:150} INFO - [2023-08-11T08:18:44.202+0000] {dagbag.py:541} INFO - Filling up the DagBag from /home/airflow/.local/lib/python3.7/site-packages/airflow/example_dags/example_dag_decorator.py
[2023-08-11T08:18:44.471+0000] {processor.py:836} INFO - DAG(s) dict_keys(['example_dag_decorator']) retrieved from /home/airflow/.local/lib/python3.7/site-packages/airflow/example_dags/example_dag_decorator.py
[2023-08-11T08:18:45.213+0000] {logging_mixin.py:150} INFO - [2023-08-11T08:18:45.212+0000] {dag.py:2742} INFO - Sync 1 DAGs
[2023-08-11T08:18:45.280+0000] {logging_mixin.py:150} INFO - [2023-08-11T08:18:45.279+0000] {dag.py:3508} INFO - Setting next_dagrun for example_dag_decorator to None, run_after=None
[2023-08-11T08:18:45.413+0000] {processor.py:179} INFO - Processing /home/airflow/.local/lib/python3.7/site-packages/airflow/example_dags/example_dag_decorator.py took 1.246 seconds
[2023-08-11T08:19:16.183+0000] {processor.py:157} INFO - Started process (PID=3567) to work on /home/airflow/.local/lib/python3.7/site-packages/airflow/example_dags/example_dag_decorator.py
[2023-08-11T08:19:16.190+0000] {processor.py:826} INFO - Processing file /home/airflow/.local/lib/python3.7/site-packages/airflow/example_dags/example_dag_decorator.py for tasks to queue
[2023-08-11T08:19:16.191+0000] {logging_mixin.py:150} INFO - [2023-08-11T08:19:16.191+0000] {dagbag.py:541} INFO - Filling up the DagBag from /home/airflow/.local/lib/python3.7/site-packages/airflow/example_dags/example_dag_decorator.py
[2023-08-11T08:19:16.210+0000] {processor.py:836} INFO - DAG(s) dict_keys(['example_dag_decorator']) retrieved from /home/airflow/.local/lib/python3.7/site-packages/airflow/example_dags/example_dag_decorator.py
[2023-08-11T08:19:16.375+0000] {logging_mixin.py:150} INFO - [2023-08-11T08:19:16.374+0000] {dag.py:2742} INFO - Sync 1 DAGs
[2023-08-11T08:19:16.398+0000] {logging_mixin.py:150} INFO - [2023-08-11T08:19:16.398+0000] {dag.py:3508} INFO - Setting next_dagrun for example_dag_decorator to None, run_after=None
[2023-08-11T08:19:16.420+0000] {processor.py:179} INFO - Processing /home/airflow/.local/lib/python3.7/site-packages/airflow/example_dags/example_dag_decorator.py took 0.240 seconds
[2023-08-11T08:19:46.688+0000] {processor.py:157} INFO - Started process (PID=3645) to work on /home/airflow/.local/lib/python3.7/site-packages/airflow/example_dags/example_dag_decorator.py
[2023-08-11T08:19:46.689+0000] {processor.py:826} INFO - Processing file /home/airflow/.local/lib/python3.7/site-packages/airflow/example_dags/example_dag_decorator.py for tasks to queue
[2023-08-11T08:19:46.690+0000] {logging_mixin.py:150} INFO - [2023-08-11T08:19:46.689+0000] {dagbag.py:541} INFO - Filling up the DagBag from /home/airflow/.local/lib/python3.7/site-packages/airflow/example_dags/example_dag_decorator.py
[2023-08-11T08:19:46.706+0000] {processor.py:836} INFO - DAG(s) dict_keys(['example_dag_decorator']) retrieved from /home/airflow/.local/lib/python3.7/site-packages/airflow/example_dags/example_dag_decorator.py
[2023-08-11T08:19:46.864+0000] {logging_mixin.py:150} INFO - [2023-08-11T08:19:46.863+0000] {dag.py:2742} INFO - Sync 1 DAGs
[2023-08-11T08:19:46.891+0000] {logging_mixin.py:150} INFO - [2023-08-11T08:19:46.891+0000] {dag.py:3508} INFO - Setting next_dagrun for example_dag_decorator to None, run_after=None
[2023-08-11T08:19:46.927+0000] {processor.py:179} INFO - Processing /home/airflow/.local/lib/python3.7/site-packages/airflow/example_dags/example_dag_decorator.py took 0.242 seconds
[2023-08-11T08:20:17.280+0000] {processor.py:157} INFO - Started process (PID=3730) to work on /home/airflow/.local/lib/python3.7/site-packages/airflow/example_dags/example_dag_decorator.py
[2023-08-11T08:20:17.283+0000] {processor.py:826} INFO - Processing file /home/airflow/.local/lib/python3.7/site-packages/airflow/example_dags/example_dag_decorator.py for tasks to queue
[2023-08-11T08:20:17.285+0000] {logging_mixin.py:150} INFO - [2023-08-11T08:20:17.284+0000] {dagbag.py:541} INFO - Filling up the DagBag from /home/airflow/.local/lib/python3.7/site-packages/airflow/example_dags/example_dag_decorator.py
[2023-08-11T08:20:17.305+0000] {processor.py:836} INFO - DAG(s) dict_keys(['example_dag_decorator']) retrieved from /home/airflow/.local/lib/python3.7/site-packages/airflow/example_dags/example_dag_decorator.py
[2023-08-11T08:20:17.508+0000] {logging_mixin.py:150} INFO - [2023-08-11T08:20:17.507+0000] {dag.py:2742} INFO - Sync 1 DAGs
[2023-08-11T08:20:17.549+0000] {logging_mixin.py:150} INFO - [2023-08-11T08:20:17.548+0000] {dag.py:3508} INFO - Setting next_dagrun for example_dag_decorator to None, run_after=None
[2023-08-11T08:20:17.593+0000] {processor.py:179} INFO - Processing /home/airflow/.local/lib/python3.7/site-packages/airflow/example_dags/example_dag_decorator.py took 0.319 seconds
[2023-08-11T08:20:47.718+0000] {processor.py:157} INFO - Started process (PID=3822) to work on /home/airflow/.local/lib/python3.7/site-packages/airflow/example_dags/example_dag_decorator.py
[2023-08-11T08:20:47.719+0000] {processor.py:826} INFO - Processing file /home/airflow/.local/lib/python3.7/site-packages/airflow/example_dags/example_dag_decorator.py for tasks to queue
[2023-08-11T08:20:47.720+0000] {logging_mixin.py:150} INFO - [2023-08-11T08:20:47.720+0000] {dagbag.py:541} INFO - Filling up the DagBag from /home/airflow/.local/lib/python3.7/site-packages/airflow/example_dags/example_dag_decorator.py
[2023-08-11T08:20:47.745+0000] {processor.py:836} INFO - DAG(s) dict_keys(['example_dag_decorator']) retrieved from /home/airflow/.local/lib/python3.7/site-packages/airflow/example_dags/example_dag_decorator.py
[2023-08-11T08:20:47.958+0000] {logging_mixin.py:150} INFO - [2023-08-11T08:20:47.958+0000] {dag.py:2742} INFO - Sync 1 DAGs
[2023-08-11T08:20:47.993+0000] {logging_mixin.py:150} INFO - [2023-08-11T08:20:47.992+0000] {dag.py:3508} INFO - Setting next_dagrun for example_dag_decorator to None, run_after=None
[2023-08-11T08:20:48.029+0000] {processor.py:179} INFO - Processing /home/airflow/.local/lib/python3.7/site-packages/airflow/example_dags/example_dag_decorator.py took 0.322 seconds
[2023-08-11T08:21:18.124+0000] {processor.py:157} INFO - Started process (PID=3901) to work on /home/airflow/.local/lib/python3.7/site-packages/airflow/example_dags/example_dag_decorator.py
[2023-08-11T08:21:18.126+0000] {processor.py:826} INFO - Processing file /home/airflow/.local/lib/python3.7/site-packages/airflow/example_dags/example_dag_decorator.py for tasks to queue
[2023-08-11T08:21:18.126+0000] {logging_mixin.py:150} INFO - [2023-08-11T08:21:18.126+0000] {dagbag.py:541} INFO - Filling up the DagBag from /home/airflow/.local/lib/python3.7/site-packages/airflow/example_dags/example_dag_decorator.py
[2023-08-11T08:21:18.140+0000] {processor.py:836} INFO - DAG(s) dict_keys(['example_dag_decorator']) retrieved from /home/airflow/.local/lib/python3.7/site-packages/airflow/example_dags/example_dag_decorator.py
[2023-08-11T08:21:18.262+0000] {logging_mixin.py:150} INFO - [2023-08-11T08:21:18.262+0000] {dag.py:2742} INFO - Sync 1 DAGs
[2023-08-11T08:21:18.285+0000] {logging_mixin.py:150} INFO - [2023-08-11T08:21:18.285+0000] {dag.py:3508} INFO - Setting next_dagrun for example_dag_decorator to None, run_after=None
[2023-08-11T08:21:18.303+0000] {processor.py:179} INFO - Processing /home/airflow/.local/lib/python3.7/site-packages/airflow/example_dags/example_dag_decorator.py took 0.181 seconds
[2023-08-11T08:21:48.493+0000] {processor.py:157} INFO - Started process (PID=3994) to work on /home/airflow/.local/lib/python3.7/site-packages/airflow/example_dags/example_dag_decorator.py
[2023-08-11T08:21:48.494+0000] {processor.py:826} INFO - Processing file /home/airflow/.local/lib/python3.7/site-packages/airflow/example_dags/example_dag_decorator.py for tasks to queue
[2023-08-11T08:21:48.495+0000] {logging_mixin.py:150} INFO - [2023-08-11T08:21:48.495+0000] {dagbag.py:541} INFO - Filling up the DagBag from /home/airflow/.local/lib/python3.7/site-packages/airflow/example_dags/example_dag_decorator.py
[2023-08-11T08:21:48.509+0000] {processor.py:836} INFO - DAG(s) dict_keys(['example_dag_decorator']) retrieved from /home/airflow/.local/lib/python3.7/site-packages/airflow/example_dags/example_dag_decorator.py
[2023-08-11T08:21:48.614+0000] {logging_mixin.py:150} INFO - [2023-08-11T08:21:48.614+0000] {dag.py:2742} INFO - Sync 1 DAGs
[2023-08-11T08:21:48.636+0000] {logging_mixin.py:150} INFO - [2023-08-11T08:21:48.636+0000] {dag.py:3508} INFO - Setting next_dagrun for example_dag_decorator to None, run_after=None
[2023-08-11T08:21:48.660+0000] {processor.py:179} INFO - Processing /home/airflow/.local/lib/python3.7/site-packages/airflow/example_dags/example_dag_decorator.py took 0.170 seconds
[2023-08-11T08:22:19.125+0000] {processor.py:157} INFO - Started process (PID=4081) to work on /home/airflow/.local/lib/python3.7/site-packages/airflow/example_dags/example_dag_decorator.py
[2023-08-11T08:22:19.126+0000] {processor.py:826} INFO - Processing file /home/airflow/.local/lib/python3.7/site-packages/airflow/example_dags/example_dag_decorator.py for tasks to queue
[2023-08-11T08:22:19.127+0000] {logging_mixin.py:150} INFO - [2023-08-11T08:22:19.127+0000] {dagbag.py:541} INFO - Filling up the DagBag from /home/airflow/.local/lib/python3.7/site-packages/airflow/example_dags/example_dag_decorator.py
[2023-08-11T08:22:19.150+0000] {processor.py:836} INFO - DAG(s) dict_keys(['example_dag_decorator']) retrieved from /home/airflow/.local/lib/python3.7/site-packages/airflow/example_dags/example_dag_decorator.py
[2023-08-11T08:22:19.332+0000] {logging_mixin.py:150} INFO - [2023-08-11T08:22:19.332+0000] {dag.py:2742} INFO - Sync 1 DAGs
[2023-08-11T08:22:19.369+0000] {logging_mixin.py:150} INFO - [2023-08-11T08:22:19.369+0000] {dag.py:3508} INFO - Setting next_dagrun for example_dag_decorator to None, run_after=None
[2023-08-11T08:22:19.406+0000] {processor.py:179} INFO - Processing /home/airflow/.local/lib/python3.7/site-packages/airflow/example_dags/example_dag_decorator.py took 0.284 seconds
