[2023-08-11T07:52:47.585+0000] {processor.py:157} INFO - Started process (PID=58) to work on /home/airflow/.local/lib/python3.7/site-packages/airflow/example_dags/example_sla_dag.py
[2023-08-11T07:52:47.594+0000] {processor.py:826} INFO - Processing file /home/airflow/.local/lib/python3.7/site-packages/airflow/example_dags/example_sla_dag.py for tasks to queue
[2023-08-11T07:52:47.607+0000] {logging_mixin.py:150} INFO - [2023-08-11T07:52:47.606+0000] {dagbag.py:541} INFO - Filling up the DagBag from /home/airflow/.local/lib/python3.7/site-packages/airflow/example_dags/example_sla_dag.py
[2023-08-11T07:52:47.683+0000] {processor.py:836} INFO - DAG(s) dict_keys(['example_sla_dag']) retrieved from /home/airflow/.local/lib/python3.7/site-packages/airflow/example_dags/example_sla_dag.py
[2023-08-11T07:52:47.762+0000] {logging_mixin.py:150} INFO - [2023-08-11T07:52:47.761+0000] {dag.py:2742} INFO - Sync 1 DAGs
[2023-08-11T07:52:47.919+0000] {logging_mixin.py:150} INFO - [2023-08-11T07:52:47.919+0000] {dag.py:3508} INFO - Setting next_dagrun for example_sla_dag to 2023-08-11T07:50:00+00:00, run_after=2023-08-11T07:52:00+00:00
[2023-08-11T07:52:47.985+0000] {processor.py:179} INFO - Processing /home/airflow/.local/lib/python3.7/site-packages/airflow/example_dags/example_sla_dag.py took 0.408 seconds
[2023-08-11T07:53:18.548+0000] {processor.py:157} INFO - Started process (PID=123) to work on /home/airflow/.local/lib/python3.7/site-packages/airflow/example_dags/example_sla_dag.py
[2023-08-11T07:53:18.560+0000] {processor.py:826} INFO - Processing file /home/airflow/.local/lib/python3.7/site-packages/airflow/example_dags/example_sla_dag.py for tasks to queue
[2023-08-11T07:53:18.561+0000] {logging_mixin.py:150} INFO - [2023-08-11T07:53:18.561+0000] {dagbag.py:541} INFO - Filling up the DagBag from /home/airflow/.local/lib/python3.7/site-packages/airflow/example_dags/example_sla_dag.py
[2023-08-11T07:53:18.569+0000] {processor.py:836} INFO - DAG(s) dict_keys(['example_sla_dag']) retrieved from /home/airflow/.local/lib/python3.7/site-packages/airflow/example_dags/example_sla_dag.py
[2023-08-11T07:53:18.592+0000] {logging_mixin.py:150} INFO - [2023-08-11T07:53:18.592+0000] {dag.py:2742} INFO - Sync 1 DAGs
[2023-08-11T07:53:18.619+0000] {logging_mixin.py:150} INFO - [2023-08-11T07:53:18.619+0000] {dag.py:3508} INFO - Setting next_dagrun for example_sla_dag to 2023-08-11T07:50:00+00:00, run_after=2023-08-11T07:52:00+00:00
[2023-08-11T07:53:18.652+0000] {processor.py:179} INFO - Processing /home/airflow/.local/lib/python3.7/site-packages/airflow/example_dags/example_sla_dag.py took 0.108 seconds
[2023-08-11T07:53:49.451+0000] {processor.py:157} INFO - Started process (PID=188) to work on /home/airflow/.local/lib/python3.7/site-packages/airflow/example_dags/example_sla_dag.py
[2023-08-11T07:53:49.452+0000] {processor.py:826} INFO - Processing file /home/airflow/.local/lib/python3.7/site-packages/airflow/example_dags/example_sla_dag.py for tasks to queue
[2023-08-11T07:53:49.453+0000] {logging_mixin.py:150} INFO - [2023-08-11T07:53:49.452+0000] {dagbag.py:541} INFO - Filling up the DagBag from /home/airflow/.local/lib/python3.7/site-packages/airflow/example_dags/example_sla_dag.py
[2023-08-11T07:53:49.461+0000] {processor.py:836} INFO - DAG(s) dict_keys(['example_sla_dag']) retrieved from /home/airflow/.local/lib/python3.7/site-packages/airflow/example_dags/example_sla_dag.py
[2023-08-11T07:53:49.491+0000] {logging_mixin.py:150} INFO - [2023-08-11T07:53:49.491+0000] {dag.py:2742} INFO - Sync 1 DAGs
[2023-08-11T07:53:49.523+0000] {logging_mixin.py:150} INFO - [2023-08-11T07:53:49.522+0000] {dag.py:3508} INFO - Setting next_dagrun for example_sla_dag to 2023-08-11T07:50:00+00:00, run_after=2023-08-11T07:52:00+00:00
[2023-08-11T07:53:49.545+0000] {processor.py:179} INFO - Processing /home/airflow/.local/lib/python3.7/site-packages/airflow/example_dags/example_sla_dag.py took 0.099 seconds
[2023-08-11T07:54:20.143+0000] {processor.py:157} INFO - Started process (PID=253) to work on /home/airflow/.local/lib/python3.7/site-packages/airflow/example_dags/example_sla_dag.py
[2023-08-11T07:54:20.145+0000] {processor.py:826} INFO - Processing file /home/airflow/.local/lib/python3.7/site-packages/airflow/example_dags/example_sla_dag.py for tasks to queue
[2023-08-11T07:54:20.145+0000] {logging_mixin.py:150} INFO - [2023-08-11T07:54:20.145+0000] {dagbag.py:541} INFO - Filling up the DagBag from /home/airflow/.local/lib/python3.7/site-packages/airflow/example_dags/example_sla_dag.py
[2023-08-11T07:54:20.156+0000] {processor.py:836} INFO - DAG(s) dict_keys(['example_sla_dag']) retrieved from /home/airflow/.local/lib/python3.7/site-packages/airflow/example_dags/example_sla_dag.py
[2023-08-11T07:54:20.183+0000] {logging_mixin.py:150} INFO - [2023-08-11T07:54:20.182+0000] {dag.py:2742} INFO - Sync 1 DAGs
[2023-08-11T07:54:20.215+0000] {logging_mixin.py:150} INFO - [2023-08-11T07:54:20.215+0000] {dag.py:3508} INFO - Setting next_dagrun for example_sla_dag to 2023-08-11T07:52:00+00:00, run_after=2023-08-11T07:54:00+00:00
[2023-08-11T07:54:20.243+0000] {processor.py:179} INFO - Processing /home/airflow/.local/lib/python3.7/site-packages/airflow/example_dags/example_sla_dag.py took 0.103 seconds
[2023-08-11T07:54:50.879+0000] {processor.py:157} INFO - Started process (PID=318) to work on /home/airflow/.local/lib/python3.7/site-packages/airflow/example_dags/example_sla_dag.py
[2023-08-11T07:54:50.880+0000] {processor.py:826} INFO - Processing file /home/airflow/.local/lib/python3.7/site-packages/airflow/example_dags/example_sla_dag.py for tasks to queue
[2023-08-11T07:54:50.880+0000] {logging_mixin.py:150} INFO - [2023-08-11T07:54:50.880+0000] {dagbag.py:541} INFO - Filling up the DagBag from /home/airflow/.local/lib/python3.7/site-packages/airflow/example_dags/example_sla_dag.py
[2023-08-11T07:54:50.891+0000] {processor.py:836} INFO - DAG(s) dict_keys(['example_sla_dag']) retrieved from /home/airflow/.local/lib/python3.7/site-packages/airflow/example_dags/example_sla_dag.py
[2023-08-11T07:54:50.920+0000] {logging_mixin.py:150} INFO - [2023-08-11T07:54:50.920+0000] {dag.py:2742} INFO - Sync 1 DAGs
[2023-08-11T07:54:50.957+0000] {logging_mixin.py:150} INFO - [2023-08-11T07:54:50.956+0000] {dag.py:3508} INFO - Setting next_dagrun for example_sla_dag to 2023-08-11T07:52:00+00:00, run_after=2023-08-11T07:54:00+00:00
[2023-08-11T07:54:50.983+0000] {processor.py:179} INFO - Processing /home/airflow/.local/lib/python3.7/site-packages/airflow/example_dags/example_sla_dag.py took 0.109 seconds
[2023-08-11T07:55:21.091+0000] {processor.py:157} INFO - Started process (PID=384) to work on /home/airflow/.local/lib/python3.7/site-packages/airflow/example_dags/example_sla_dag.py
[2023-08-11T07:55:21.092+0000] {processor.py:826} INFO - Processing file /home/airflow/.local/lib/python3.7/site-packages/airflow/example_dags/example_sla_dag.py for tasks to queue
[2023-08-11T07:55:21.093+0000] {logging_mixin.py:150} INFO - [2023-08-11T07:55:21.093+0000] {dagbag.py:541} INFO - Filling up the DagBag from /home/airflow/.local/lib/python3.7/site-packages/airflow/example_dags/example_sla_dag.py
[2023-08-11T07:55:21.101+0000] {processor.py:836} INFO - DAG(s) dict_keys(['example_sla_dag']) retrieved from /home/airflow/.local/lib/python3.7/site-packages/airflow/example_dags/example_sla_dag.py
[2023-08-11T07:55:21.124+0000] {logging_mixin.py:150} INFO - [2023-08-11T07:55:21.123+0000] {dag.py:2742} INFO - Sync 1 DAGs
[2023-08-11T07:55:21.149+0000] {logging_mixin.py:150} INFO - [2023-08-11T07:55:21.149+0000] {dag.py:3508} INFO - Setting next_dagrun for example_sla_dag to 2023-08-11T07:52:00+00:00, run_after=2023-08-11T07:54:00+00:00
[2023-08-11T07:55:21.168+0000] {processor.py:179} INFO - Processing /home/airflow/.local/lib/python3.7/site-packages/airflow/example_dags/example_sla_dag.py took 0.081 seconds
[2023-08-11T07:55:51.796+0000] {processor.py:157} INFO - Started process (PID=449) to work on /home/airflow/.local/lib/python3.7/site-packages/airflow/example_dags/example_sla_dag.py
[2023-08-11T07:55:51.797+0000] {processor.py:826} INFO - Processing file /home/airflow/.local/lib/python3.7/site-packages/airflow/example_dags/example_sla_dag.py for tasks to queue
[2023-08-11T07:55:51.798+0000] {logging_mixin.py:150} INFO - [2023-08-11T07:55:51.798+0000] {dagbag.py:541} INFO - Filling up the DagBag from /home/airflow/.local/lib/python3.7/site-packages/airflow/example_dags/example_sla_dag.py
[2023-08-11T07:55:51.810+0000] {processor.py:836} INFO - DAG(s) dict_keys(['example_sla_dag']) retrieved from /home/airflow/.local/lib/python3.7/site-packages/airflow/example_dags/example_sla_dag.py
[2023-08-11T07:55:51.839+0000] {logging_mixin.py:150} INFO - [2023-08-11T07:55:51.839+0000] {dag.py:2742} INFO - Sync 1 DAGs
[2023-08-11T07:55:51.880+0000] {logging_mixin.py:150} INFO - [2023-08-11T07:55:51.879+0000] {dag.py:3508} INFO - Setting next_dagrun for example_sla_dag to 2023-08-11T07:52:00+00:00, run_after=2023-08-11T07:54:00+00:00
[2023-08-11T07:55:51.914+0000] {processor.py:179} INFO - Processing /home/airflow/.local/lib/python3.7/site-packages/airflow/example_dags/example_sla_dag.py took 0.122 seconds
[2023-08-11T07:56:22.277+0000] {processor.py:157} INFO - Started process (PID=514) to work on /home/airflow/.local/lib/python3.7/site-packages/airflow/example_dags/example_sla_dag.py
[2023-08-11T07:56:22.279+0000] {processor.py:826} INFO - Processing file /home/airflow/.local/lib/python3.7/site-packages/airflow/example_dags/example_sla_dag.py for tasks to queue
[2023-08-11T07:56:22.279+0000] {logging_mixin.py:150} INFO - [2023-08-11T07:56:22.279+0000] {dagbag.py:541} INFO - Filling up the DagBag from /home/airflow/.local/lib/python3.7/site-packages/airflow/example_dags/example_sla_dag.py
[2023-08-11T07:56:22.287+0000] {processor.py:836} INFO - DAG(s) dict_keys(['example_sla_dag']) retrieved from /home/airflow/.local/lib/python3.7/site-packages/airflow/example_dags/example_sla_dag.py
[2023-08-11T07:56:22.321+0000] {logging_mixin.py:150} INFO - [2023-08-11T07:56:22.320+0000] {dag.py:2742} INFO - Sync 1 DAGs
[2023-08-11T07:56:22.358+0000] {logging_mixin.py:150} INFO - [2023-08-11T07:56:22.357+0000] {dag.py:3508} INFO - Setting next_dagrun for example_sla_dag to 2023-08-11T07:54:00+00:00, run_after=2023-08-11T07:56:00+00:00
[2023-08-11T07:56:22.383+0000] {processor.py:179} INFO - Processing /home/airflow/.local/lib/python3.7/site-packages/airflow/example_dags/example_sla_dag.py took 0.110 seconds
[2023-08-11T07:56:53.353+0000] {processor.py:157} INFO - Started process (PID=579) to work on /home/airflow/.local/lib/python3.7/site-packages/airflow/example_dags/example_sla_dag.py
[2023-08-11T07:56:53.355+0000] {processor.py:826} INFO - Processing file /home/airflow/.local/lib/python3.7/site-packages/airflow/example_dags/example_sla_dag.py for tasks to queue
[2023-08-11T07:56:53.356+0000] {logging_mixin.py:150} INFO - [2023-08-11T07:56:53.356+0000] {dagbag.py:541} INFO - Filling up the DagBag from /home/airflow/.local/lib/python3.7/site-packages/airflow/example_dags/example_sla_dag.py
[2023-08-11T07:56:53.374+0000] {processor.py:836} INFO - DAG(s) dict_keys(['example_sla_dag']) retrieved from /home/airflow/.local/lib/python3.7/site-packages/airflow/example_dags/example_sla_dag.py
[2023-08-11T07:56:53.430+0000] {logging_mixin.py:150} INFO - [2023-08-11T07:56:53.430+0000] {dag.py:2742} INFO - Sync 1 DAGs
[2023-08-11T07:56:53.481+0000] {logging_mixin.py:150} INFO - [2023-08-11T07:56:53.481+0000] {dag.py:3508} INFO - Setting next_dagrun for example_sla_dag to 2023-08-11T07:54:00+00:00, run_after=2023-08-11T07:56:00+00:00
[2023-08-11T07:56:53.522+0000] {processor.py:179} INFO - Processing /home/airflow/.local/lib/python3.7/site-packages/airflow/example_dags/example_sla_dag.py took 0.175 seconds
[2023-08-11T07:57:23.774+0000] {processor.py:157} INFO - Started process (PID=644) to work on /home/airflow/.local/lib/python3.7/site-packages/airflow/example_dags/example_sla_dag.py
[2023-08-11T07:57:23.775+0000] {processor.py:826} INFO - Processing file /home/airflow/.local/lib/python3.7/site-packages/airflow/example_dags/example_sla_dag.py for tasks to queue
[2023-08-11T07:57:23.776+0000] {logging_mixin.py:150} INFO - [2023-08-11T07:57:23.775+0000] {dagbag.py:541} INFO - Filling up the DagBag from /home/airflow/.local/lib/python3.7/site-packages/airflow/example_dags/example_sla_dag.py
[2023-08-11T07:57:23.786+0000] {processor.py:836} INFO - DAG(s) dict_keys(['example_sla_dag']) retrieved from /home/airflow/.local/lib/python3.7/site-packages/airflow/example_dags/example_sla_dag.py
[2023-08-11T07:57:23.818+0000] {logging_mixin.py:150} INFO - [2023-08-11T07:57:23.818+0000] {dag.py:2742} INFO - Sync 1 DAGs
[2023-08-11T07:57:23.857+0000] {logging_mixin.py:150} INFO - [2023-08-11T07:57:23.856+0000] {dag.py:3508} INFO - Setting next_dagrun for example_sla_dag to 2023-08-11T07:54:00+00:00, run_after=2023-08-11T07:56:00+00:00
[2023-08-11T07:57:23.882+0000] {processor.py:179} INFO - Processing /home/airflow/.local/lib/python3.7/site-packages/airflow/example_dags/example_sla_dag.py took 0.112 seconds
[2023-08-11T07:57:54.757+0000] {processor.py:157} INFO - Started process (PID=710) to work on /home/airflow/.local/lib/python3.7/site-packages/airflow/example_dags/example_sla_dag.py
[2023-08-11T07:57:54.770+0000] {processor.py:826} INFO - Processing file /home/airflow/.local/lib/python3.7/site-packages/airflow/example_dags/example_sla_dag.py for tasks to queue
[2023-08-11T07:57:54.771+0000] {logging_mixin.py:150} INFO - [2023-08-11T07:57:54.771+0000] {dagbag.py:541} INFO - Filling up the DagBag from /home/airflow/.local/lib/python3.7/site-packages/airflow/example_dags/example_sla_dag.py
[2023-08-11T07:57:54.783+0000] {processor.py:836} INFO - DAG(s) dict_keys(['example_sla_dag']) retrieved from /home/airflow/.local/lib/python3.7/site-packages/airflow/example_dags/example_sla_dag.py
[2023-08-11T07:57:54.821+0000] {logging_mixin.py:150} INFO - [2023-08-11T07:57:54.820+0000] {dag.py:2742} INFO - Sync 1 DAGs
[2023-08-11T07:57:54.862+0000] {logging_mixin.py:150} INFO - [2023-08-11T07:57:54.862+0000] {dag.py:3508} INFO - Setting next_dagrun for example_sla_dag to 2023-08-11T07:54:00+00:00, run_after=2023-08-11T07:56:00+00:00
[2023-08-11T07:57:54.893+0000] {processor.py:179} INFO - Processing /home/airflow/.local/lib/python3.7/site-packages/airflow/example_dags/example_sla_dag.py took 0.139 seconds
[2023-08-11T07:58:25.026+0000] {processor.py:157} INFO - Started process (PID=776) to work on /home/airflow/.local/lib/python3.7/site-packages/airflow/example_dags/example_sla_dag.py
[2023-08-11T07:58:25.026+0000] {processor.py:826} INFO - Processing file /home/airflow/.local/lib/python3.7/site-packages/airflow/example_dags/example_sla_dag.py for tasks to queue
[2023-08-11T07:58:25.027+0000] {logging_mixin.py:150} INFO - [2023-08-11T07:58:25.027+0000] {dagbag.py:541} INFO - Filling up the DagBag from /home/airflow/.local/lib/python3.7/site-packages/airflow/example_dags/example_sla_dag.py
[2023-08-11T07:58:25.038+0000] {processor.py:836} INFO - DAG(s) dict_keys(['example_sla_dag']) retrieved from /home/airflow/.local/lib/python3.7/site-packages/airflow/example_dags/example_sla_dag.py
[2023-08-11T07:58:25.063+0000] {logging_mixin.py:150} INFO - [2023-08-11T07:58:25.063+0000] {dag.py:2742} INFO - Sync 1 DAGs
[2023-08-11T07:58:25.089+0000] {logging_mixin.py:150} INFO - [2023-08-11T07:58:25.089+0000] {dag.py:3508} INFO - Setting next_dagrun for example_sla_dag to 2023-08-11T07:56:00+00:00, run_after=2023-08-11T07:58:00+00:00
[2023-08-11T07:58:25.110+0000] {processor.py:179} INFO - Processing /home/airflow/.local/lib/python3.7/site-packages/airflow/example_dags/example_sla_dag.py took 0.088 seconds
[2023-08-11T07:58:55.350+0000] {processor.py:157} INFO - Started process (PID=842) to work on /home/airflow/.local/lib/python3.7/site-packages/airflow/example_dags/example_sla_dag.py
[2023-08-11T07:58:55.352+0000] {processor.py:826} INFO - Processing file /home/airflow/.local/lib/python3.7/site-packages/airflow/example_dags/example_sla_dag.py for tasks to queue
[2023-08-11T07:58:55.353+0000] {logging_mixin.py:150} INFO - [2023-08-11T07:58:55.352+0000] {dagbag.py:541} INFO - Filling up the DagBag from /home/airflow/.local/lib/python3.7/site-packages/airflow/example_dags/example_sla_dag.py
[2023-08-11T07:58:55.359+0000] {processor.py:836} INFO - DAG(s) dict_keys(['example_sla_dag']) retrieved from /home/airflow/.local/lib/python3.7/site-packages/airflow/example_dags/example_sla_dag.py
[2023-08-11T07:58:55.384+0000] {logging_mixin.py:150} INFO - [2023-08-11T07:58:55.384+0000] {dag.py:2742} INFO - Sync 1 DAGs
[2023-08-11T07:58:55.412+0000] {logging_mixin.py:150} INFO - [2023-08-11T07:58:55.412+0000] {dag.py:3508} INFO - Setting next_dagrun for example_sla_dag to 2023-08-11T07:56:00+00:00, run_after=2023-08-11T07:58:00+00:00
[2023-08-11T07:58:55.432+0000] {processor.py:179} INFO - Processing /home/airflow/.local/lib/python3.7/site-packages/airflow/example_dags/example_sla_dag.py took 0.085 seconds
[2023-08-11T07:59:26.426+0000] {processor.py:157} INFO - Started process (PID=908) to work on /home/airflow/.local/lib/python3.7/site-packages/airflow/example_dags/example_sla_dag.py
[2023-08-11T07:59:26.428+0000] {processor.py:826} INFO - Processing file /home/airflow/.local/lib/python3.7/site-packages/airflow/example_dags/example_sla_dag.py for tasks to queue
[2023-08-11T07:59:26.429+0000] {logging_mixin.py:150} INFO - [2023-08-11T07:59:26.428+0000] {dagbag.py:541} INFO - Filling up the DagBag from /home/airflow/.local/lib/python3.7/site-packages/airflow/example_dags/example_sla_dag.py
[2023-08-11T07:59:26.444+0000] {processor.py:836} INFO - DAG(s) dict_keys(['example_sla_dag']) retrieved from /home/airflow/.local/lib/python3.7/site-packages/airflow/example_dags/example_sla_dag.py
[2023-08-11T07:59:26.476+0000] {logging_mixin.py:150} INFO - [2023-08-11T07:59:26.476+0000] {dag.py:2742} INFO - Sync 1 DAGs
[2023-08-11T07:59:26.530+0000] {logging_mixin.py:150} INFO - [2023-08-11T07:59:26.529+0000] {dag.py:3508} INFO - Setting next_dagrun for example_sla_dag to 2023-08-11T07:56:00+00:00, run_after=2023-08-11T07:58:00+00:00
[2023-08-11T07:59:26.560+0000] {processor.py:179} INFO - Processing /home/airflow/.local/lib/python3.7/site-packages/airflow/example_dags/example_sla_dag.py took 0.141 seconds
[2023-08-11T07:59:57.280+0000] {processor.py:157} INFO - Started process (PID=977) to work on /home/airflow/.local/lib/python3.7/site-packages/airflow/example_dags/example_sla_dag.py
[2023-08-11T07:59:57.281+0000] {processor.py:826} INFO - Processing file /home/airflow/.local/lib/python3.7/site-packages/airflow/example_dags/example_sla_dag.py for tasks to queue
[2023-08-11T07:59:57.282+0000] {logging_mixin.py:150} INFO - [2023-08-11T07:59:57.281+0000] {dagbag.py:541} INFO - Filling up the DagBag from /home/airflow/.local/lib/python3.7/site-packages/airflow/example_dags/example_sla_dag.py
[2023-08-11T07:59:57.292+0000] {processor.py:836} INFO - DAG(s) dict_keys(['example_sla_dag']) retrieved from /home/airflow/.local/lib/python3.7/site-packages/airflow/example_dags/example_sla_dag.py
[2023-08-11T07:59:57.322+0000] {logging_mixin.py:150} INFO - [2023-08-11T07:59:57.321+0000] {dag.py:2742} INFO - Sync 1 DAGs
[2023-08-11T07:59:57.351+0000] {logging_mixin.py:150} INFO - [2023-08-11T07:59:57.351+0000] {dag.py:3508} INFO - Setting next_dagrun for example_sla_dag to 2023-08-11T07:56:00+00:00, run_after=2023-08-11T07:58:00+00:00
[2023-08-11T07:59:57.382+0000] {processor.py:179} INFO - Processing /home/airflow/.local/lib/python3.7/site-packages/airflow/example_dags/example_sla_dag.py took 0.105 seconds
[2023-08-11T08:00:27.983+0000] {processor.py:157} INFO - Started process (PID=1048) to work on /home/airflow/.local/lib/python3.7/site-packages/airflow/example_dags/example_sla_dag.py
[2023-08-11T08:00:27.984+0000] {processor.py:826} INFO - Processing file /home/airflow/.local/lib/python3.7/site-packages/airflow/example_dags/example_sla_dag.py for tasks to queue
[2023-08-11T08:00:27.986+0000] {logging_mixin.py:150} INFO - [2023-08-11T08:00:27.985+0000] {dagbag.py:541} INFO - Filling up the DagBag from /home/airflow/.local/lib/python3.7/site-packages/airflow/example_dags/example_sla_dag.py
[2023-08-11T08:00:27.996+0000] {processor.py:836} INFO - DAG(s) dict_keys(['example_sla_dag']) retrieved from /home/airflow/.local/lib/python3.7/site-packages/airflow/example_dags/example_sla_dag.py
[2023-08-11T08:00:28.026+0000] {logging_mixin.py:150} INFO - [2023-08-11T08:00:28.026+0000] {dag.py:2742} INFO - Sync 1 DAGs
[2023-08-11T08:00:28.059+0000] {logging_mixin.py:150} INFO - [2023-08-11T08:00:28.058+0000] {dag.py:3508} INFO - Setting next_dagrun for example_sla_dag to 2023-08-11T07:58:00+00:00, run_after=2023-08-11T08:00:00+00:00
[2023-08-11T08:00:28.085+0000] {processor.py:179} INFO - Processing /home/airflow/.local/lib/python3.7/site-packages/airflow/example_dags/example_sla_dag.py took 0.105 seconds
[2023-08-11T08:00:58.796+0000] {processor.py:157} INFO - Started process (PID=1114) to work on /home/airflow/.local/lib/python3.7/site-packages/airflow/example_dags/example_sla_dag.py
[2023-08-11T08:00:58.797+0000] {processor.py:826} INFO - Processing file /home/airflow/.local/lib/python3.7/site-packages/airflow/example_dags/example_sla_dag.py for tasks to queue
[2023-08-11T08:00:58.797+0000] {logging_mixin.py:150} INFO - [2023-08-11T08:00:58.797+0000] {dagbag.py:541} INFO - Filling up the DagBag from /home/airflow/.local/lib/python3.7/site-packages/airflow/example_dags/example_sla_dag.py
[2023-08-11T08:00:58.811+0000] {processor.py:836} INFO - DAG(s) dict_keys(['example_sla_dag']) retrieved from /home/airflow/.local/lib/python3.7/site-packages/airflow/example_dags/example_sla_dag.py
[2023-08-11T08:00:58.847+0000] {logging_mixin.py:150} INFO - [2023-08-11T08:00:58.847+0000] {dag.py:2742} INFO - Sync 1 DAGs
[2023-08-11T08:00:58.885+0000] {logging_mixin.py:150} INFO - [2023-08-11T08:00:58.885+0000] {dag.py:3508} INFO - Setting next_dagrun for example_sla_dag to 2023-08-11T07:58:00+00:00, run_after=2023-08-11T08:00:00+00:00
[2023-08-11T08:00:58.918+0000] {processor.py:179} INFO - Processing /home/airflow/.local/lib/python3.7/site-packages/airflow/example_dags/example_sla_dag.py took 0.129 seconds
[2023-08-11T08:01:28.966+0000] {processor.py:157} INFO - Started process (PID=1182) to work on /home/airflow/.local/lib/python3.7/site-packages/airflow/example_dags/example_sla_dag.py
[2023-08-11T08:01:28.968+0000] {processor.py:826} INFO - Processing file /home/airflow/.local/lib/python3.7/site-packages/airflow/example_dags/example_sla_dag.py for tasks to queue
[2023-08-11T08:01:28.969+0000] {logging_mixin.py:150} INFO - [2023-08-11T08:01:28.968+0000] {dagbag.py:541} INFO - Filling up the DagBag from /home/airflow/.local/lib/python3.7/site-packages/airflow/example_dags/example_sla_dag.py
[2023-08-11T08:01:28.980+0000] {processor.py:836} INFO - DAG(s) dict_keys(['example_sla_dag']) retrieved from /home/airflow/.local/lib/python3.7/site-packages/airflow/example_dags/example_sla_dag.py
[2023-08-11T08:01:29.012+0000] {logging_mixin.py:150} INFO - [2023-08-11T08:01:29.012+0000] {dag.py:2742} INFO - Sync 1 DAGs
[2023-08-11T08:01:29.048+0000] {logging_mixin.py:150} INFO - [2023-08-11T08:01:29.048+0000] {dag.py:3508} INFO - Setting next_dagrun for example_sla_dag to 2023-08-11T07:58:00+00:00, run_after=2023-08-11T08:00:00+00:00
[2023-08-11T08:01:29.077+0000] {processor.py:179} INFO - Processing /home/airflow/.local/lib/python3.7/site-packages/airflow/example_dags/example_sla_dag.py took 0.114 seconds
[2023-08-11T08:01:59.331+0000] {processor.py:157} INFO - Started process (PID=1248) to work on /home/airflow/.local/lib/python3.7/site-packages/airflow/example_dags/example_sla_dag.py
[2023-08-11T08:01:59.332+0000] {processor.py:826} INFO - Processing file /home/airflow/.local/lib/python3.7/site-packages/airflow/example_dags/example_sla_dag.py for tasks to queue
[2023-08-11T08:01:59.332+0000] {logging_mixin.py:150} INFO - [2023-08-11T08:01:59.332+0000] {dagbag.py:541} INFO - Filling up the DagBag from /home/airflow/.local/lib/python3.7/site-packages/airflow/example_dags/example_sla_dag.py
[2023-08-11T08:01:59.341+0000] {processor.py:836} INFO - DAG(s) dict_keys(['example_sla_dag']) retrieved from /home/airflow/.local/lib/python3.7/site-packages/airflow/example_dags/example_sla_dag.py
[2023-08-11T08:01:59.369+0000] {logging_mixin.py:150} INFO - [2023-08-11T08:01:59.369+0000] {dag.py:2742} INFO - Sync 1 DAGs
[2023-08-11T08:01:59.399+0000] {logging_mixin.py:150} INFO - [2023-08-11T08:01:59.399+0000] {dag.py:3508} INFO - Setting next_dagrun for example_sla_dag to 2023-08-11T07:58:00+00:00, run_after=2023-08-11T08:00:00+00:00
[2023-08-11T08:01:59.426+0000] {processor.py:179} INFO - Processing /home/airflow/.local/lib/python3.7/site-packages/airflow/example_dags/example_sla_dag.py took 0.098 seconds
[2023-08-11T08:02:29.585+0000] {processor.py:157} INFO - Started process (PID=1317) to work on /home/airflow/.local/lib/python3.7/site-packages/airflow/example_dags/example_sla_dag.py
[2023-08-11T08:02:29.586+0000] {processor.py:826} INFO - Processing file /home/airflow/.local/lib/python3.7/site-packages/airflow/example_dags/example_sla_dag.py for tasks to queue
[2023-08-11T08:02:29.586+0000] {logging_mixin.py:150} INFO - [2023-08-11T08:02:29.586+0000] {dagbag.py:541} INFO - Filling up the DagBag from /home/airflow/.local/lib/python3.7/site-packages/airflow/example_dags/example_sla_dag.py
[2023-08-11T08:02:29.597+0000] {processor.py:836} INFO - DAG(s) dict_keys(['example_sla_dag']) retrieved from /home/airflow/.local/lib/python3.7/site-packages/airflow/example_dags/example_sla_dag.py
[2023-08-11T08:02:29.636+0000] {logging_mixin.py:150} INFO - [2023-08-11T08:02:29.636+0000] {dag.py:2742} INFO - Sync 1 DAGs
[2023-08-11T08:02:29.680+0000] {logging_mixin.py:150} INFO - [2023-08-11T08:02:29.680+0000] {dag.py:3508} INFO - Setting next_dagrun for example_sla_dag to 2023-08-11T08:00:00+00:00, run_after=2023-08-11T08:02:00+00:00
[2023-08-11T08:02:29.709+0000] {processor.py:179} INFO - Processing /home/airflow/.local/lib/python3.7/site-packages/airflow/example_dags/example_sla_dag.py took 0.128 seconds
[2023-08-11T08:03:00.170+0000] {processor.py:157} INFO - Started process (PID=1383) to work on /home/airflow/.local/lib/python3.7/site-packages/airflow/example_dags/example_sla_dag.py
[2023-08-11T08:03:00.171+0000] {processor.py:826} INFO - Processing file /home/airflow/.local/lib/python3.7/site-packages/airflow/example_dags/example_sla_dag.py for tasks to queue
[2023-08-11T08:03:00.172+0000] {logging_mixin.py:150} INFO - [2023-08-11T08:03:00.172+0000] {dagbag.py:541} INFO - Filling up the DagBag from /home/airflow/.local/lib/python3.7/site-packages/airflow/example_dags/example_sla_dag.py
[2023-08-11T08:03:00.183+0000] {processor.py:836} INFO - DAG(s) dict_keys(['example_sla_dag']) retrieved from /home/airflow/.local/lib/python3.7/site-packages/airflow/example_dags/example_sla_dag.py
[2023-08-11T08:03:00.216+0000] {logging_mixin.py:150} INFO - [2023-08-11T08:03:00.216+0000] {dag.py:2742} INFO - Sync 1 DAGs
[2023-08-11T08:03:00.249+0000] {logging_mixin.py:150} INFO - [2023-08-11T08:03:00.249+0000] {dag.py:3508} INFO - Setting next_dagrun for example_sla_dag to 2023-08-11T08:00:00+00:00, run_after=2023-08-11T08:02:00+00:00
[2023-08-11T08:03:00.283+0000] {processor.py:179} INFO - Processing /home/airflow/.local/lib/python3.7/site-packages/airflow/example_dags/example_sla_dag.py took 0.117 seconds
[2023-08-11T08:03:30.621+0000] {processor.py:157} INFO - Started process (PID=1450) to work on /home/airflow/.local/lib/python3.7/site-packages/airflow/example_dags/example_sla_dag.py
[2023-08-11T08:03:30.622+0000] {processor.py:826} INFO - Processing file /home/airflow/.local/lib/python3.7/site-packages/airflow/example_dags/example_sla_dag.py for tasks to queue
[2023-08-11T08:03:30.623+0000] {logging_mixin.py:150} INFO - [2023-08-11T08:03:30.622+0000] {dagbag.py:541} INFO - Filling up the DagBag from /home/airflow/.local/lib/python3.7/site-packages/airflow/example_dags/example_sla_dag.py
[2023-08-11T08:03:30.635+0000] {processor.py:836} INFO - DAG(s) dict_keys(['example_sla_dag']) retrieved from /home/airflow/.local/lib/python3.7/site-packages/airflow/example_dags/example_sla_dag.py
[2023-08-11T08:03:30.667+0000] {logging_mixin.py:150} INFO - [2023-08-11T08:03:30.667+0000] {dag.py:2742} INFO - Sync 1 DAGs
[2023-08-11T08:03:30.696+0000] {logging_mixin.py:150} INFO - [2023-08-11T08:03:30.696+0000] {dag.py:3508} INFO - Setting next_dagrun for example_sla_dag to 2023-08-11T08:00:00+00:00, run_after=2023-08-11T08:02:00+00:00
[2023-08-11T08:03:30.721+0000] {processor.py:179} INFO - Processing /home/airflow/.local/lib/python3.7/site-packages/airflow/example_dags/example_sla_dag.py took 0.106 seconds
[2023-08-11T08:04:01.366+0000] {processor.py:157} INFO - Started process (PID=1516) to work on /home/airflow/.local/lib/python3.7/site-packages/airflow/example_dags/example_sla_dag.py
[2023-08-11T08:04:01.368+0000] {processor.py:826} INFO - Processing file /home/airflow/.local/lib/python3.7/site-packages/airflow/example_dags/example_sla_dag.py for tasks to queue
[2023-08-11T08:04:01.369+0000] {logging_mixin.py:150} INFO - [2023-08-11T08:04:01.369+0000] {dagbag.py:541} INFO - Filling up the DagBag from /home/airflow/.local/lib/python3.7/site-packages/airflow/example_dags/example_sla_dag.py
[2023-08-11T08:04:01.382+0000] {processor.py:836} INFO - DAG(s) dict_keys(['example_sla_dag']) retrieved from /home/airflow/.local/lib/python3.7/site-packages/airflow/example_dags/example_sla_dag.py
[2023-08-11T08:04:01.420+0000] {logging_mixin.py:150} INFO - [2023-08-11T08:04:01.420+0000] {dag.py:2742} INFO - Sync 1 DAGs
[2023-08-11T08:04:01.459+0000] {logging_mixin.py:150} INFO - [2023-08-11T08:04:01.458+0000] {dag.py:3508} INFO - Setting next_dagrun for example_sla_dag to 2023-08-11T08:02:00+00:00, run_after=2023-08-11T08:04:00+00:00
[2023-08-11T08:04:01.490+0000] {processor.py:179} INFO - Processing /home/airflow/.local/lib/python3.7/site-packages/airflow/example_dags/example_sla_dag.py took 0.130 seconds
[2023-08-11T08:04:32.363+0000] {processor.py:157} INFO - Started process (PID=1597) to work on /home/airflow/.local/lib/python3.7/site-packages/airflow/example_dags/example_sla_dag.py
[2023-08-11T08:04:32.363+0000] {processor.py:826} INFO - Processing file /home/airflow/.local/lib/python3.7/site-packages/airflow/example_dags/example_sla_dag.py for tasks to queue
[2023-08-11T08:04:32.364+0000] {logging_mixin.py:150} INFO - [2023-08-11T08:04:32.364+0000] {dagbag.py:541} INFO - Filling up the DagBag from /home/airflow/.local/lib/python3.7/site-packages/airflow/example_dags/example_sla_dag.py
[2023-08-11T08:04:32.373+0000] {processor.py:836} INFO - DAG(s) dict_keys(['example_sla_dag']) retrieved from /home/airflow/.local/lib/python3.7/site-packages/airflow/example_dags/example_sla_dag.py
[2023-08-11T08:04:32.395+0000] {logging_mixin.py:150} INFO - [2023-08-11T08:04:32.395+0000] {dag.py:2742} INFO - Sync 1 DAGs
[2023-08-11T08:04:32.421+0000] {logging_mixin.py:150} INFO - [2023-08-11T08:04:32.421+0000] {dag.py:3508} INFO - Setting next_dagrun for example_sla_dag to 2023-08-11T08:02:00+00:00, run_after=2023-08-11T08:04:00+00:00
[2023-08-11T08:04:32.441+0000] {processor.py:179} INFO - Processing /home/airflow/.local/lib/python3.7/site-packages/airflow/example_dags/example_sla_dag.py took 0.081 seconds
[2023-08-11T08:05:03.139+0000] {processor.py:157} INFO - Started process (PID=1663) to work on /home/airflow/.local/lib/python3.7/site-packages/airflow/example_dags/example_sla_dag.py
[2023-08-11T08:05:03.141+0000] {processor.py:826} INFO - Processing file /home/airflow/.local/lib/python3.7/site-packages/airflow/example_dags/example_sla_dag.py for tasks to queue
[2023-08-11T08:05:03.142+0000] {logging_mixin.py:150} INFO - [2023-08-11T08:05:03.142+0000] {dagbag.py:541} INFO - Filling up the DagBag from /home/airflow/.local/lib/python3.7/site-packages/airflow/example_dags/example_sla_dag.py
[2023-08-11T08:05:03.149+0000] {processor.py:836} INFO - DAG(s) dict_keys(['example_sla_dag']) retrieved from /home/airflow/.local/lib/python3.7/site-packages/airflow/example_dags/example_sla_dag.py
[2023-08-11T08:05:03.175+0000] {logging_mixin.py:150} INFO - [2023-08-11T08:05:03.175+0000] {dag.py:2742} INFO - Sync 1 DAGs
[2023-08-11T08:05:03.202+0000] {logging_mixin.py:150} INFO - [2023-08-11T08:05:03.202+0000] {dag.py:3508} INFO - Setting next_dagrun for example_sla_dag to 2023-08-11T08:02:00+00:00, run_after=2023-08-11T08:04:00+00:00
[2023-08-11T08:05:03.223+0000] {processor.py:179} INFO - Processing /home/airflow/.local/lib/python3.7/site-packages/airflow/example_dags/example_sla_dag.py took 0.086 seconds
[2023-08-11T08:05:34.263+0000] {processor.py:157} INFO - Started process (PID=1730) to work on /home/airflow/.local/lib/python3.7/site-packages/airflow/example_dags/example_sla_dag.py
[2023-08-11T08:05:34.265+0000] {processor.py:826} INFO - Processing file /home/airflow/.local/lib/python3.7/site-packages/airflow/example_dags/example_sla_dag.py for tasks to queue
[2023-08-11T08:05:34.267+0000] {logging_mixin.py:150} INFO - [2023-08-11T08:05:34.267+0000] {dagbag.py:541} INFO - Filling up the DagBag from /home/airflow/.local/lib/python3.7/site-packages/airflow/example_dags/example_sla_dag.py
[2023-08-11T08:05:34.287+0000] {processor.py:836} INFO - DAG(s) dict_keys(['example_sla_dag']) retrieved from /home/airflow/.local/lib/python3.7/site-packages/airflow/example_dags/example_sla_dag.py
[2023-08-11T08:05:34.330+0000] {logging_mixin.py:150} INFO - [2023-08-11T08:05:34.330+0000] {dag.py:2742} INFO - Sync 1 DAGs
[2023-08-11T08:05:34.387+0000] {logging_mixin.py:150} INFO - [2023-08-11T08:05:34.386+0000] {dag.py:3508} INFO - Setting next_dagrun for example_sla_dag to 2023-08-11T08:02:00+00:00, run_after=2023-08-11T08:04:00+00:00
[2023-08-11T08:05:34.426+0000] {processor.py:179} INFO - Processing /home/airflow/.local/lib/python3.7/site-packages/airflow/example_dags/example_sla_dag.py took 0.170 seconds
[2023-08-11T08:06:05.543+0000] {processor.py:157} INFO - Started process (PID=1797) to work on /home/airflow/.local/lib/python3.7/site-packages/airflow/example_dags/example_sla_dag.py
[2023-08-11T08:06:05.544+0000] {processor.py:826} INFO - Processing file /home/airflow/.local/lib/python3.7/site-packages/airflow/example_dags/example_sla_dag.py for tasks to queue
[2023-08-11T08:06:05.546+0000] {logging_mixin.py:150} INFO - [2023-08-11T08:06:05.546+0000] {dagbag.py:541} INFO - Filling up the DagBag from /home/airflow/.local/lib/python3.7/site-packages/airflow/example_dags/example_sla_dag.py
[2023-08-11T08:06:05.561+0000] {processor.py:836} INFO - DAG(s) dict_keys(['example_sla_dag']) retrieved from /home/airflow/.local/lib/python3.7/site-packages/airflow/example_dags/example_sla_dag.py
[2023-08-11T08:06:05.606+0000] {logging_mixin.py:150} INFO - [2023-08-11T08:06:05.606+0000] {dag.py:2742} INFO - Sync 1 DAGs
[2023-08-11T08:06:05.664+0000] {logging_mixin.py:150} INFO - [2023-08-11T08:06:05.664+0000] {dag.py:3508} INFO - Setting next_dagrun for example_sla_dag to 2023-08-11T08:04:00+00:00, run_after=2023-08-11T08:06:00+00:00
[2023-08-11T08:06:05.724+0000] {processor.py:179} INFO - Processing /home/airflow/.local/lib/python3.7/site-packages/airflow/example_dags/example_sla_dag.py took 0.191 seconds
[2023-08-11T08:06:36.196+0000] {processor.py:157} INFO - Started process (PID=1867) to work on /home/airflow/.local/lib/python3.7/site-packages/airflow/example_dags/example_sla_dag.py
[2023-08-11T08:06:36.198+0000] {processor.py:826} INFO - Processing file /home/airflow/.local/lib/python3.7/site-packages/airflow/example_dags/example_sla_dag.py for tasks to queue
[2023-08-11T08:06:36.199+0000] {logging_mixin.py:150} INFO - [2023-08-11T08:06:36.199+0000] {dagbag.py:541} INFO - Filling up the DagBag from /home/airflow/.local/lib/python3.7/site-packages/airflow/example_dags/example_sla_dag.py
[2023-08-11T08:06:36.215+0000] {processor.py:836} INFO - DAG(s) dict_keys(['example_sla_dag']) retrieved from /home/airflow/.local/lib/python3.7/site-packages/airflow/example_dags/example_sla_dag.py
[2023-08-11T08:06:36.273+0000] {logging_mixin.py:150} INFO - [2023-08-11T08:06:36.273+0000] {dag.py:2742} INFO - Sync 1 DAGs
[2023-08-11T08:06:36.333+0000] {logging_mixin.py:150} INFO - [2023-08-11T08:06:36.333+0000] {dag.py:3508} INFO - Setting next_dagrun for example_sla_dag to 2023-08-11T08:04:00+00:00, run_after=2023-08-11T08:06:00+00:00
[2023-08-11T08:06:36.374+0000] {processor.py:179} INFO - Processing /home/airflow/.local/lib/python3.7/site-packages/airflow/example_dags/example_sla_dag.py took 0.183 seconds
[2023-08-11T08:07:06.815+0000] {processor.py:157} INFO - Started process (PID=1935) to work on /home/airflow/.local/lib/python3.7/site-packages/airflow/example_dags/example_sla_dag.py
[2023-08-11T08:07:06.816+0000] {processor.py:826} INFO - Processing file /home/airflow/.local/lib/python3.7/site-packages/airflow/example_dags/example_sla_dag.py for tasks to queue
[2023-08-11T08:07:06.817+0000] {logging_mixin.py:150} INFO - [2023-08-11T08:07:06.816+0000] {dagbag.py:541} INFO - Filling up the DagBag from /home/airflow/.local/lib/python3.7/site-packages/airflow/example_dags/example_sla_dag.py
[2023-08-11T08:07:06.829+0000] {processor.py:836} INFO - DAG(s) dict_keys(['example_sla_dag']) retrieved from /home/airflow/.local/lib/python3.7/site-packages/airflow/example_dags/example_sla_dag.py
[2023-08-11T08:07:06.861+0000] {logging_mixin.py:150} INFO - [2023-08-11T08:07:06.861+0000] {dag.py:2742} INFO - Sync 1 DAGs
[2023-08-11T08:07:06.902+0000] {logging_mixin.py:150} INFO - [2023-08-11T08:07:06.901+0000] {dag.py:3508} INFO - Setting next_dagrun for example_sla_dag to 2023-08-11T08:04:00+00:00, run_after=2023-08-11T08:06:00+00:00
[2023-08-11T08:07:06.934+0000] {processor.py:179} INFO - Processing /home/airflow/.local/lib/python3.7/site-packages/airflow/example_dags/example_sla_dag.py took 0.123 seconds
[2023-08-11T08:07:37.002+0000] {processor.py:157} INFO - Started process (PID=2004) to work on /home/airflow/.local/lib/python3.7/site-packages/airflow/example_dags/example_sla_dag.py
[2023-08-11T08:07:37.003+0000] {processor.py:826} INFO - Processing file /home/airflow/.local/lib/python3.7/site-packages/airflow/example_dags/example_sla_dag.py for tasks to queue
[2023-08-11T08:07:37.004+0000] {logging_mixin.py:150} INFO - [2023-08-11T08:07:37.004+0000] {dagbag.py:541} INFO - Filling up the DagBag from /home/airflow/.local/lib/python3.7/site-packages/airflow/example_dags/example_sla_dag.py
[2023-08-11T08:07:37.013+0000] {processor.py:836} INFO - DAG(s) dict_keys(['example_sla_dag']) retrieved from /home/airflow/.local/lib/python3.7/site-packages/airflow/example_dags/example_sla_dag.py
[2023-08-11T08:07:37.036+0000] {logging_mixin.py:150} INFO - [2023-08-11T08:07:37.035+0000] {dag.py:2742} INFO - Sync 1 DAGs
[2023-08-11T08:07:37.062+0000] {logging_mixin.py:150} INFO - [2023-08-11T08:07:37.061+0000] {dag.py:3508} INFO - Setting next_dagrun for example_sla_dag to 2023-08-11T08:04:00+00:00, run_after=2023-08-11T08:06:00+00:00
[2023-08-11T08:07:37.080+0000] {processor.py:179} INFO - Processing /home/airflow/.local/lib/python3.7/site-packages/airflow/example_dags/example_sla_dag.py took 0.080 seconds
[2023-08-11T08:08:07.281+0000] {processor.py:157} INFO - Started process (PID=2070) to work on /home/airflow/.local/lib/python3.7/site-packages/airflow/example_dags/example_sla_dag.py
[2023-08-11T08:08:07.282+0000] {processor.py:826} INFO - Processing file /home/airflow/.local/lib/python3.7/site-packages/airflow/example_dags/example_sla_dag.py for tasks to queue
[2023-08-11T08:08:07.283+0000] {logging_mixin.py:150} INFO - [2023-08-11T08:08:07.282+0000] {dagbag.py:541} INFO - Filling up the DagBag from /home/airflow/.local/lib/python3.7/site-packages/airflow/example_dags/example_sla_dag.py
[2023-08-11T08:08:07.290+0000] {processor.py:836} INFO - DAG(s) dict_keys(['example_sla_dag']) retrieved from /home/airflow/.local/lib/python3.7/site-packages/airflow/example_dags/example_sla_dag.py
[2023-08-11T08:08:07.314+0000] {logging_mixin.py:150} INFO - [2023-08-11T08:08:07.314+0000] {dag.py:2742} INFO - Sync 1 DAGs
[2023-08-11T08:08:07.339+0000] {logging_mixin.py:150} INFO - [2023-08-11T08:08:07.339+0000] {dag.py:3508} INFO - Setting next_dagrun for example_sla_dag to 2023-08-11T08:06:00+00:00, run_after=2023-08-11T08:08:00+00:00
[2023-08-11T08:08:07.359+0000] {processor.py:179} INFO - Processing /home/airflow/.local/lib/python3.7/site-packages/airflow/example_dags/example_sla_dag.py took 0.082 seconds
[2023-08-11T08:08:37.871+0000] {processor.py:157} INFO - Started process (PID=2136) to work on /home/airflow/.local/lib/python3.7/site-packages/airflow/example_dags/example_sla_dag.py
[2023-08-11T08:08:37.872+0000] {processor.py:826} INFO - Processing file /home/airflow/.local/lib/python3.7/site-packages/airflow/example_dags/example_sla_dag.py for tasks to queue
[2023-08-11T08:08:37.872+0000] {logging_mixin.py:150} INFO - [2023-08-11T08:08:37.872+0000] {dagbag.py:541} INFO - Filling up the DagBag from /home/airflow/.local/lib/python3.7/site-packages/airflow/example_dags/example_sla_dag.py
[2023-08-11T08:08:37.880+0000] {processor.py:836} INFO - DAG(s) dict_keys(['example_sla_dag']) retrieved from /home/airflow/.local/lib/python3.7/site-packages/airflow/example_dags/example_sla_dag.py
[2023-08-11T08:08:37.902+0000] {logging_mixin.py:150} INFO - [2023-08-11T08:08:37.902+0000] {dag.py:2742} INFO - Sync 1 DAGs
[2023-08-11T08:08:37.927+0000] {logging_mixin.py:150} INFO - [2023-08-11T08:08:37.926+0000] {dag.py:3508} INFO - Setting next_dagrun for example_sla_dag to 2023-08-11T08:06:00+00:00, run_after=2023-08-11T08:08:00+00:00
[2023-08-11T08:08:37.949+0000] {processor.py:179} INFO - Processing /home/airflow/.local/lib/python3.7/site-packages/airflow/example_dags/example_sla_dag.py took 0.081 seconds
[2023-08-11T08:09:08.336+0000] {processor.py:157} INFO - Started process (PID=2202) to work on /home/airflow/.local/lib/python3.7/site-packages/airflow/example_dags/example_sla_dag.py
[2023-08-11T08:09:08.338+0000] {processor.py:826} INFO - Processing file /home/airflow/.local/lib/python3.7/site-packages/airflow/example_dags/example_sla_dag.py for tasks to queue
[2023-08-11T08:09:08.338+0000] {logging_mixin.py:150} INFO - [2023-08-11T08:09:08.338+0000] {dagbag.py:541} INFO - Filling up the DagBag from /home/airflow/.local/lib/python3.7/site-packages/airflow/example_dags/example_sla_dag.py
[2023-08-11T08:09:08.348+0000] {processor.py:836} INFO - DAG(s) dict_keys(['example_sla_dag']) retrieved from /home/airflow/.local/lib/python3.7/site-packages/airflow/example_dags/example_sla_dag.py
[2023-08-11T08:09:08.370+0000] {logging_mixin.py:150} INFO - [2023-08-11T08:09:08.370+0000] {dag.py:2742} INFO - Sync 1 DAGs
[2023-08-11T08:09:08.394+0000] {logging_mixin.py:150} INFO - [2023-08-11T08:09:08.394+0000] {dag.py:3508} INFO - Setting next_dagrun for example_sla_dag to 2023-08-11T08:06:00+00:00, run_after=2023-08-11T08:08:00+00:00
[2023-08-11T08:09:08.414+0000] {processor.py:179} INFO - Processing /home/airflow/.local/lib/python3.7/site-packages/airflow/example_dags/example_sla_dag.py took 0.080 seconds
[2023-08-11T08:09:38.671+0000] {processor.py:157} INFO - Started process (PID=2268) to work on /home/airflow/.local/lib/python3.7/site-packages/airflow/example_dags/example_sla_dag.py
[2023-08-11T08:09:38.672+0000] {processor.py:826} INFO - Processing file /home/airflow/.local/lib/python3.7/site-packages/airflow/example_dags/example_sla_dag.py for tasks to queue
[2023-08-11T08:09:38.672+0000] {logging_mixin.py:150} INFO - [2023-08-11T08:09:38.672+0000] {dagbag.py:541} INFO - Filling up the DagBag from /home/airflow/.local/lib/python3.7/site-packages/airflow/example_dags/example_sla_dag.py
[2023-08-11T08:09:38.680+0000] {processor.py:836} INFO - DAG(s) dict_keys(['example_sla_dag']) retrieved from /home/airflow/.local/lib/python3.7/site-packages/airflow/example_dags/example_sla_dag.py
[2023-08-11T08:09:38.706+0000] {logging_mixin.py:150} INFO - [2023-08-11T08:09:38.706+0000] {dag.py:2742} INFO - Sync 1 DAGs
[2023-08-11T08:09:38.736+0000] {logging_mixin.py:150} INFO - [2023-08-11T08:09:38.736+0000] {dag.py:3508} INFO - Setting next_dagrun for example_sla_dag to 2023-08-11T08:06:00+00:00, run_after=2023-08-11T08:08:00+00:00
[2023-08-11T08:09:38.756+0000] {processor.py:179} INFO - Processing /home/airflow/.local/lib/python3.7/site-packages/airflow/example_dags/example_sla_dag.py took 0.088 seconds
[2023-08-11T08:10:09.274+0000] {processor.py:157} INFO - Started process (PID=2334) to work on /home/airflow/.local/lib/python3.7/site-packages/airflow/example_dags/example_sla_dag.py
[2023-08-11T08:10:09.276+0000] {processor.py:826} INFO - Processing file /home/airflow/.local/lib/python3.7/site-packages/airflow/example_dags/example_sla_dag.py for tasks to queue
[2023-08-11T08:10:09.278+0000] {logging_mixin.py:150} INFO - [2023-08-11T08:10:09.278+0000] {dagbag.py:541} INFO - Filling up the DagBag from /home/airflow/.local/lib/python3.7/site-packages/airflow/example_dags/example_sla_dag.py
[2023-08-11T08:10:09.300+0000] {processor.py:836} INFO - DAG(s) dict_keys(['example_sla_dag']) retrieved from /home/airflow/.local/lib/python3.7/site-packages/airflow/example_dags/example_sla_dag.py
[2023-08-11T08:10:09.350+0000] {logging_mixin.py:150} INFO - [2023-08-11T08:10:09.349+0000] {dag.py:2742} INFO - Sync 1 DAGs
[2023-08-11T08:10:09.411+0000] {logging_mixin.py:150} INFO - [2023-08-11T08:10:09.411+0000] {dag.py:3508} INFO - Setting next_dagrun for example_sla_dag to 2023-08-11T08:08:00+00:00, run_after=2023-08-11T08:10:00+00:00
[2023-08-11T08:10:09.457+0000] {processor.py:179} INFO - Processing /home/airflow/.local/lib/python3.7/site-packages/airflow/example_dags/example_sla_dag.py took 0.187 seconds
[2023-08-11T08:10:39.642+0000] {processor.py:157} INFO - Started process (PID=2400) to work on /home/airflow/.local/lib/python3.7/site-packages/airflow/example_dags/example_sla_dag.py
[2023-08-11T08:10:39.644+0000] {processor.py:826} INFO - Processing file /home/airflow/.local/lib/python3.7/site-packages/airflow/example_dags/example_sla_dag.py for tasks to queue
[2023-08-11T08:10:39.645+0000] {logging_mixin.py:150} INFO - [2023-08-11T08:10:39.645+0000] {dagbag.py:541} INFO - Filling up the DagBag from /home/airflow/.local/lib/python3.7/site-packages/airflow/example_dags/example_sla_dag.py
[2023-08-11T08:10:39.658+0000] {processor.py:836} INFO - DAG(s) dict_keys(['example_sla_dag']) retrieved from /home/airflow/.local/lib/python3.7/site-packages/airflow/example_dags/example_sla_dag.py
[2023-08-11T08:10:39.708+0000] {logging_mixin.py:150} INFO - [2023-08-11T08:10:39.707+0000] {dag.py:2742} INFO - Sync 1 DAGs
[2023-08-11T08:10:39.755+0000] {logging_mixin.py:150} INFO - [2023-08-11T08:10:39.755+0000] {dag.py:3508} INFO - Setting next_dagrun for example_sla_dag to 2023-08-11T08:08:00+00:00, run_after=2023-08-11T08:10:00+00:00
[2023-08-11T08:10:39.797+0000] {processor.py:179} INFO - Processing /home/airflow/.local/lib/python3.7/site-packages/airflow/example_dags/example_sla_dag.py took 0.158 seconds
[2023-08-11T08:11:10.379+0000] {processor.py:157} INFO - Started process (PID=2467) to work on /home/airflow/.local/lib/python3.7/site-packages/airflow/example_dags/example_sla_dag.py
[2023-08-11T08:11:10.379+0000] {processor.py:826} INFO - Processing file /home/airflow/.local/lib/python3.7/site-packages/airflow/example_dags/example_sla_dag.py for tasks to queue
[2023-08-11T08:11:10.380+0000] {logging_mixin.py:150} INFO - [2023-08-11T08:11:10.380+0000] {dagbag.py:541} INFO - Filling up the DagBag from /home/airflow/.local/lib/python3.7/site-packages/airflow/example_dags/example_sla_dag.py
[2023-08-11T08:11:10.389+0000] {processor.py:836} INFO - DAG(s) dict_keys(['example_sla_dag']) retrieved from /home/airflow/.local/lib/python3.7/site-packages/airflow/example_dags/example_sla_dag.py
[2023-08-11T08:11:10.419+0000] {logging_mixin.py:150} INFO - [2023-08-11T08:11:10.418+0000] {dag.py:2742} INFO - Sync 1 DAGs
[2023-08-11T08:11:10.450+0000] {logging_mixin.py:150} INFO - [2023-08-11T08:11:10.449+0000] {dag.py:3508} INFO - Setting next_dagrun for example_sla_dag to 2023-08-11T08:08:00+00:00, run_after=2023-08-11T08:10:00+00:00
[2023-08-11T08:11:10.476+0000] {processor.py:179} INFO - Processing /home/airflow/.local/lib/python3.7/site-packages/airflow/example_dags/example_sla_dag.py took 0.100 seconds
[2023-08-11T08:11:41.083+0000] {processor.py:157} INFO - Started process (PID=2533) to work on /home/airflow/.local/lib/python3.7/site-packages/airflow/example_dags/example_sla_dag.py
[2023-08-11T08:11:41.084+0000] {processor.py:826} INFO - Processing file /home/airflow/.local/lib/python3.7/site-packages/airflow/example_dags/example_sla_dag.py for tasks to queue
[2023-08-11T08:11:41.086+0000] {logging_mixin.py:150} INFO - [2023-08-11T08:11:41.085+0000] {dagbag.py:541} INFO - Filling up the DagBag from /home/airflow/.local/lib/python3.7/site-packages/airflow/example_dags/example_sla_dag.py
[2023-08-11T08:11:41.094+0000] {processor.py:836} INFO - DAG(s) dict_keys(['example_sla_dag']) retrieved from /home/airflow/.local/lib/python3.7/site-packages/airflow/example_dags/example_sla_dag.py
[2023-08-11T08:11:41.117+0000] {logging_mixin.py:150} INFO - [2023-08-11T08:11:41.117+0000] {dag.py:2742} INFO - Sync 1 DAGs
[2023-08-11T08:11:41.144+0000] {logging_mixin.py:150} INFO - [2023-08-11T08:11:41.144+0000] {dag.py:3508} INFO - Setting next_dagrun for example_sla_dag to 2023-08-11T08:08:00+00:00, run_after=2023-08-11T08:10:00+00:00
[2023-08-11T08:11:41.166+0000] {processor.py:179} INFO - Processing /home/airflow/.local/lib/python3.7/site-packages/airflow/example_dags/example_sla_dag.py took 0.086 seconds
[2023-08-11T08:12:11.651+0000] {processor.py:157} INFO - Started process (PID=2599) to work on /home/airflow/.local/lib/python3.7/site-packages/airflow/example_dags/example_sla_dag.py
[2023-08-11T08:12:11.652+0000] {processor.py:826} INFO - Processing file /home/airflow/.local/lib/python3.7/site-packages/airflow/example_dags/example_sla_dag.py for tasks to queue
[2023-08-11T08:12:11.652+0000] {logging_mixin.py:150} INFO - [2023-08-11T08:12:11.652+0000] {dagbag.py:541} INFO - Filling up the DagBag from /home/airflow/.local/lib/python3.7/site-packages/airflow/example_dags/example_sla_dag.py
[2023-08-11T08:12:11.661+0000] {processor.py:836} INFO - DAG(s) dict_keys(['example_sla_dag']) retrieved from /home/airflow/.local/lib/python3.7/site-packages/airflow/example_dags/example_sla_dag.py
[2023-08-11T08:12:11.684+0000] {logging_mixin.py:150} INFO - [2023-08-11T08:12:11.684+0000] {dag.py:2742} INFO - Sync 1 DAGs
[2023-08-11T08:12:11.710+0000] {logging_mixin.py:150} INFO - [2023-08-11T08:12:11.710+0000] {dag.py:3508} INFO - Setting next_dagrun for example_sla_dag to 2023-08-11T08:10:00+00:00, run_after=2023-08-11T08:12:00+00:00
[2023-08-11T08:12:11.731+0000] {processor.py:179} INFO - Processing /home/airflow/.local/lib/python3.7/site-packages/airflow/example_dags/example_sla_dag.py took 0.083 seconds
[2023-08-11T08:12:42.185+0000] {processor.py:157} INFO - Started process (PID=2665) to work on /home/airflow/.local/lib/python3.7/site-packages/airflow/example_dags/example_sla_dag.py
[2023-08-11T08:12:42.186+0000] {processor.py:826} INFO - Processing file /home/airflow/.local/lib/python3.7/site-packages/airflow/example_dags/example_sla_dag.py for tasks to queue
[2023-08-11T08:12:42.187+0000] {logging_mixin.py:150} INFO - [2023-08-11T08:12:42.187+0000] {dagbag.py:541} INFO - Filling up the DagBag from /home/airflow/.local/lib/python3.7/site-packages/airflow/example_dags/example_sla_dag.py
[2023-08-11T08:12:42.198+0000] {processor.py:836} INFO - DAG(s) dict_keys(['example_sla_dag']) retrieved from /home/airflow/.local/lib/python3.7/site-packages/airflow/example_dags/example_sla_dag.py
[2023-08-11T08:12:42.229+0000] {logging_mixin.py:150} INFO - [2023-08-11T08:12:42.229+0000] {dag.py:2742} INFO - Sync 1 DAGs
[2023-08-11T08:12:42.266+0000] {logging_mixin.py:150} INFO - [2023-08-11T08:12:42.266+0000] {dag.py:3508} INFO - Setting next_dagrun for example_sla_dag to 2023-08-11T08:10:00+00:00, run_after=2023-08-11T08:12:00+00:00
[2023-08-11T08:12:42.294+0000] {processor.py:179} INFO - Processing /home/airflow/.local/lib/python3.7/site-packages/airflow/example_dags/example_sla_dag.py took 0.113 seconds
[2023-08-11T08:13:13.386+0000] {processor.py:157} INFO - Started process (PID=2731) to work on /home/airflow/.local/lib/python3.7/site-packages/airflow/example_dags/example_sla_dag.py
[2023-08-11T08:13:13.387+0000] {processor.py:826} INFO - Processing file /home/airflow/.local/lib/python3.7/site-packages/airflow/example_dags/example_sla_dag.py for tasks to queue
[2023-08-11T08:13:13.388+0000] {logging_mixin.py:150} INFO - [2023-08-11T08:13:13.388+0000] {dagbag.py:541} INFO - Filling up the DagBag from /home/airflow/.local/lib/python3.7/site-packages/airflow/example_dags/example_sla_dag.py
[2023-08-11T08:13:13.402+0000] {processor.py:836} INFO - DAG(s) dict_keys(['example_sla_dag']) retrieved from /home/airflow/.local/lib/python3.7/site-packages/airflow/example_dags/example_sla_dag.py
[2023-08-11T08:13:13.433+0000] {logging_mixin.py:150} INFO - [2023-08-11T08:13:13.432+0000] {dag.py:2742} INFO - Sync 1 DAGs
[2023-08-11T08:13:13.466+0000] {logging_mixin.py:150} INFO - [2023-08-11T08:13:13.465+0000] {dag.py:3508} INFO - Setting next_dagrun for example_sla_dag to 2023-08-11T08:10:00+00:00, run_after=2023-08-11T08:12:00+00:00
[2023-08-11T08:13:13.493+0000] {processor.py:179} INFO - Processing /home/airflow/.local/lib/python3.7/site-packages/airflow/example_dags/example_sla_dag.py took 0.111 seconds
[2023-08-11T08:13:44.387+0000] {processor.py:157} INFO - Started process (PID=2797) to work on /home/airflow/.local/lib/python3.7/site-packages/airflow/example_dags/example_sla_dag.py
[2023-08-11T08:13:44.389+0000] {processor.py:826} INFO - Processing file /home/airflow/.local/lib/python3.7/site-packages/airflow/example_dags/example_sla_dag.py for tasks to queue
[2023-08-11T08:13:44.389+0000] {logging_mixin.py:150} INFO - [2023-08-11T08:13:44.389+0000] {dagbag.py:541} INFO - Filling up the DagBag from /home/airflow/.local/lib/python3.7/site-packages/airflow/example_dags/example_sla_dag.py
[2023-08-11T08:13:44.401+0000] {processor.py:836} INFO - DAG(s) dict_keys(['example_sla_dag']) retrieved from /home/airflow/.local/lib/python3.7/site-packages/airflow/example_dags/example_sla_dag.py
[2023-08-11T08:13:44.426+0000] {logging_mixin.py:150} INFO - [2023-08-11T08:13:44.426+0000] {dag.py:2742} INFO - Sync 1 DAGs
[2023-08-11T08:13:44.452+0000] {logging_mixin.py:150} INFO - [2023-08-11T08:13:44.451+0000] {dag.py:3508} INFO - Setting next_dagrun for example_sla_dag to 2023-08-11T08:10:00+00:00, run_after=2023-08-11T08:12:00+00:00
[2023-08-11T08:13:44.475+0000] {processor.py:179} INFO - Processing /home/airflow/.local/lib/python3.7/site-packages/airflow/example_dags/example_sla_dag.py took 0.092 seconds
[2023-08-11T08:14:14.935+0000] {processor.py:157} INFO - Started process (PID=2863) to work on /home/airflow/.local/lib/python3.7/site-packages/airflow/example_dags/example_sla_dag.py
[2023-08-11T08:14:14.936+0000] {processor.py:826} INFO - Processing file /home/airflow/.local/lib/python3.7/site-packages/airflow/example_dags/example_sla_dag.py for tasks to queue
[2023-08-11T08:14:14.937+0000] {logging_mixin.py:150} INFO - [2023-08-11T08:14:14.936+0000] {dagbag.py:541} INFO - Filling up the DagBag from /home/airflow/.local/lib/python3.7/site-packages/airflow/example_dags/example_sla_dag.py
[2023-08-11T08:14:14.947+0000] {processor.py:836} INFO - DAG(s) dict_keys(['example_sla_dag']) retrieved from /home/airflow/.local/lib/python3.7/site-packages/airflow/example_dags/example_sla_dag.py
[2023-08-11T08:14:14.972+0000] {logging_mixin.py:150} INFO - [2023-08-11T08:14:14.971+0000] {dag.py:2742} INFO - Sync 1 DAGs
[2023-08-11T08:14:15.002+0000] {logging_mixin.py:150} INFO - [2023-08-11T08:14:15.002+0000] {dag.py:3508} INFO - Setting next_dagrun for example_sla_dag to 2023-08-11T08:12:00+00:00, run_after=2023-08-11T08:14:00+00:00
[2023-08-11T08:14:15.028+0000] {processor.py:179} INFO - Processing /home/airflow/.local/lib/python3.7/site-packages/airflow/example_dags/example_sla_dag.py took 0.096 seconds
[2023-08-11T08:14:45.609+0000] {processor.py:157} INFO - Started process (PID=2930) to work on /home/airflow/.local/lib/python3.7/site-packages/airflow/example_dags/example_sla_dag.py
[2023-08-11T08:14:45.610+0000] {processor.py:826} INFO - Processing file /home/airflow/.local/lib/python3.7/site-packages/airflow/example_dags/example_sla_dag.py for tasks to queue
[2023-08-11T08:14:45.611+0000] {logging_mixin.py:150} INFO - [2023-08-11T08:14:45.611+0000] {dagbag.py:541} INFO - Filling up the DagBag from /home/airflow/.local/lib/python3.7/site-packages/airflow/example_dags/example_sla_dag.py
[2023-08-11T08:14:45.619+0000] {processor.py:836} INFO - DAG(s) dict_keys(['example_sla_dag']) retrieved from /home/airflow/.local/lib/python3.7/site-packages/airflow/example_dags/example_sla_dag.py
[2023-08-11T08:14:45.642+0000] {logging_mixin.py:150} INFO - [2023-08-11T08:14:45.642+0000] {dag.py:2742} INFO - Sync 1 DAGs
[2023-08-11T08:14:45.671+0000] {logging_mixin.py:150} INFO - [2023-08-11T08:14:45.671+0000] {dag.py:3508} INFO - Setting next_dagrun for example_sla_dag to 2023-08-11T08:12:00+00:00, run_after=2023-08-11T08:14:00+00:00
[2023-08-11T08:14:45.693+0000] {processor.py:179} INFO - Processing /home/airflow/.local/lib/python3.7/site-packages/airflow/example_dags/example_sla_dag.py took 0.086 seconds
[2023-08-11T08:15:16.636+0000] {processor.py:157} INFO - Started process (PID=2996) to work on /home/airflow/.local/lib/python3.7/site-packages/airflow/example_dags/example_sla_dag.py
[2023-08-11T08:15:16.638+0000] {processor.py:826} INFO - Processing file /home/airflow/.local/lib/python3.7/site-packages/airflow/example_dags/example_sla_dag.py for tasks to queue
[2023-08-11T08:15:16.638+0000] {logging_mixin.py:150} INFO - [2023-08-11T08:15:16.638+0000] {dagbag.py:541} INFO - Filling up the DagBag from /home/airflow/.local/lib/python3.7/site-packages/airflow/example_dags/example_sla_dag.py
[2023-08-11T08:15:16.649+0000] {processor.py:836} INFO - DAG(s) dict_keys(['example_sla_dag']) retrieved from /home/airflow/.local/lib/python3.7/site-packages/airflow/example_dags/example_sla_dag.py
[2023-08-11T08:15:16.674+0000] {logging_mixin.py:150} INFO - [2023-08-11T08:15:16.673+0000] {dag.py:2742} INFO - Sync 1 DAGs
[2023-08-11T08:15:16.705+0000] {logging_mixin.py:150} INFO - [2023-08-11T08:15:16.705+0000] {dag.py:3508} INFO - Setting next_dagrun for example_sla_dag to 2023-08-11T08:12:00+00:00, run_after=2023-08-11T08:14:00+00:00
[2023-08-11T08:15:16.727+0000] {processor.py:179} INFO - Processing /home/airflow/.local/lib/python3.7/site-packages/airflow/example_dags/example_sla_dag.py took 0.094 seconds
[2023-08-11T08:15:47.489+0000] {processor.py:157} INFO - Started process (PID=3063) to work on /home/airflow/.local/lib/python3.7/site-packages/airflow/example_dags/example_sla_dag.py
[2023-08-11T08:15:47.489+0000] {processor.py:826} INFO - Processing file /home/airflow/.local/lib/python3.7/site-packages/airflow/example_dags/example_sla_dag.py for tasks to queue
[2023-08-11T08:15:47.490+0000] {logging_mixin.py:150} INFO - [2023-08-11T08:15:47.490+0000] {dagbag.py:541} INFO - Filling up the DagBag from /home/airflow/.local/lib/python3.7/site-packages/airflow/example_dags/example_sla_dag.py
[2023-08-11T08:15:47.499+0000] {processor.py:836} INFO - DAG(s) dict_keys(['example_sla_dag']) retrieved from /home/airflow/.local/lib/python3.7/site-packages/airflow/example_dags/example_sla_dag.py
[2023-08-11T08:15:47.524+0000] {logging_mixin.py:150} INFO - [2023-08-11T08:15:47.523+0000] {dag.py:2742} INFO - Sync 1 DAGs
[2023-08-11T08:15:47.554+0000] {logging_mixin.py:150} INFO - [2023-08-11T08:15:47.553+0000] {dag.py:3508} INFO - Setting next_dagrun for example_sla_dag to 2023-08-11T08:12:00+00:00, run_after=2023-08-11T08:14:00+00:00
[2023-08-11T08:15:47.577+0000] {processor.py:179} INFO - Processing /home/airflow/.local/lib/python3.7/site-packages/airflow/example_dags/example_sla_dag.py took 0.091 seconds
[2023-08-11T08:16:18.051+0000] {processor.py:157} INFO - Started process (PID=3131) to work on /home/airflow/.local/lib/python3.7/site-packages/airflow/example_dags/example_sla_dag.py
[2023-08-11T08:16:18.053+0000] {processor.py:826} INFO - Processing file /home/airflow/.local/lib/python3.7/site-packages/airflow/example_dags/example_sla_dag.py for tasks to queue
[2023-08-11T08:16:18.054+0000] {logging_mixin.py:150} INFO - [2023-08-11T08:16:18.054+0000] {dagbag.py:541} INFO - Filling up the DagBag from /home/airflow/.local/lib/python3.7/site-packages/airflow/example_dags/example_sla_dag.py
[2023-08-11T08:16:18.063+0000] {processor.py:836} INFO - DAG(s) dict_keys(['example_sla_dag']) retrieved from /home/airflow/.local/lib/python3.7/site-packages/airflow/example_dags/example_sla_dag.py
[2023-08-11T08:16:18.106+0000] {logging_mixin.py:150} INFO - [2023-08-11T08:16:18.106+0000] {dag.py:2742} INFO - Sync 1 DAGs
[2023-08-11T08:16:18.155+0000] {logging_mixin.py:150} INFO - [2023-08-11T08:16:18.154+0000] {dag.py:3508} INFO - Setting next_dagrun for example_sla_dag to 2023-08-11T08:14:00+00:00, run_after=2023-08-11T08:16:00+00:00
[2023-08-11T08:16:18.197+0000] {processor.py:179} INFO - Processing /home/airflow/.local/lib/python3.7/site-packages/airflow/example_dags/example_sla_dag.py took 0.152 seconds
[2023-08-11T08:16:48.574+0000] {processor.py:157} INFO - Started process (PID=3198) to work on /home/airflow/.local/lib/python3.7/site-packages/airflow/example_dags/example_sla_dag.py
[2023-08-11T08:16:48.576+0000] {processor.py:826} INFO - Processing file /home/airflow/.local/lib/python3.7/site-packages/airflow/example_dags/example_sla_dag.py for tasks to queue
[2023-08-11T08:16:48.577+0000] {logging_mixin.py:150} INFO - [2023-08-11T08:16:48.576+0000] {dagbag.py:541} INFO - Filling up the DagBag from /home/airflow/.local/lib/python3.7/site-packages/airflow/example_dags/example_sla_dag.py
[2023-08-11T08:16:48.588+0000] {processor.py:836} INFO - DAG(s) dict_keys(['example_sla_dag']) retrieved from /home/airflow/.local/lib/python3.7/site-packages/airflow/example_dags/example_sla_dag.py
[2023-08-11T08:16:48.616+0000] {logging_mixin.py:150} INFO - [2023-08-11T08:16:48.616+0000] {dag.py:2742} INFO - Sync 1 DAGs
[2023-08-11T08:16:48.645+0000] {logging_mixin.py:150} INFO - [2023-08-11T08:16:48.645+0000] {dag.py:3508} INFO - Setting next_dagrun for example_sla_dag to 2023-08-11T08:14:00+00:00, run_after=2023-08-11T08:16:00+00:00
[2023-08-11T08:16:48.668+0000] {processor.py:179} INFO - Processing /home/airflow/.local/lib/python3.7/site-packages/airflow/example_dags/example_sla_dag.py took 0.097 seconds
[2023-08-11T08:17:19.061+0000] {processor.py:157} INFO - Started process (PID=3276) to work on /home/airflow/.local/lib/python3.7/site-packages/airflow/example_dags/example_sla_dag.py
[2023-08-11T08:17:19.080+0000] {processor.py:826} INFO - Processing file /home/airflow/.local/lib/python3.7/site-packages/airflow/example_dags/example_sla_dag.py for tasks to queue
[2023-08-11T08:17:19.081+0000] {logging_mixin.py:150} INFO - [2023-08-11T08:17:19.080+0000] {dagbag.py:541} INFO - Filling up the DagBag from /home/airflow/.local/lib/python3.7/site-packages/airflow/example_dags/example_sla_dag.py
[2023-08-11T08:17:19.090+0000] {processor.py:836} INFO - DAG(s) dict_keys(['example_sla_dag']) retrieved from /home/airflow/.local/lib/python3.7/site-packages/airflow/example_dags/example_sla_dag.py
[2023-08-11T08:17:19.121+0000] {logging_mixin.py:150} INFO - [2023-08-11T08:17:19.120+0000] {dag.py:2742} INFO - Sync 1 DAGs
[2023-08-11T08:17:19.152+0000] {logging_mixin.py:150} INFO - [2023-08-11T08:17:19.151+0000] {dag.py:3508} INFO - Setting next_dagrun for example_sla_dag to 2023-08-11T08:14:00+00:00, run_after=2023-08-11T08:16:00+00:00
[2023-08-11T08:17:19.205+0000] {processor.py:179} INFO - Processing /home/airflow/.local/lib/python3.7/site-packages/airflow/example_dags/example_sla_dag.py took 0.146 seconds
[2023-08-11T08:17:49.566+0000] {processor.py:157} INFO - Started process (PID=3367) to work on /home/airflow/.local/lib/python3.7/site-packages/airflow/example_dags/example_sla_dag.py
[2023-08-11T08:17:49.573+0000] {processor.py:826} INFO - Processing file /home/airflow/.local/lib/python3.7/site-packages/airflow/example_dags/example_sla_dag.py for tasks to queue
[2023-08-11T08:17:49.574+0000] {logging_mixin.py:150} INFO - [2023-08-11T08:17:49.574+0000] {dagbag.py:541} INFO - Filling up the DagBag from /home/airflow/.local/lib/python3.7/site-packages/airflow/example_dags/example_sla_dag.py
[2023-08-11T08:17:49.581+0000] {processor.py:836} INFO - DAG(s) dict_keys(['example_sla_dag']) retrieved from /home/airflow/.local/lib/python3.7/site-packages/airflow/example_dags/example_sla_dag.py
[2023-08-11T08:17:49.615+0000] {logging_mixin.py:150} INFO - [2023-08-11T08:17:49.614+0000] {dag.py:2742} INFO - Sync 1 DAGs
[2023-08-11T08:17:49.647+0000] {logging_mixin.py:150} INFO - [2023-08-11T08:17:49.647+0000] {dag.py:3508} INFO - Setting next_dagrun for example_sla_dag to 2023-08-11T08:14:00+00:00, run_after=2023-08-11T08:16:00+00:00
[2023-08-11T08:17:49.675+0000] {processor.py:179} INFO - Processing /home/airflow/.local/lib/python3.7/site-packages/airflow/example_dags/example_sla_dag.py took 0.114 seconds
[2023-08-11T08:18:20.123+0000] {processor.py:157} INFO - Started process (PID=3445) to work on /home/airflow/.local/lib/python3.7/site-packages/airflow/example_dags/example_sla_dag.py
[2023-08-11T08:18:20.125+0000] {processor.py:826} INFO - Processing file /home/airflow/.local/lib/python3.7/site-packages/airflow/example_dags/example_sla_dag.py for tasks to queue
[2023-08-11T08:18:20.125+0000] {logging_mixin.py:150} INFO - [2023-08-11T08:18:20.125+0000] {dagbag.py:541} INFO - Filling up the DagBag from /home/airflow/.local/lib/python3.7/site-packages/airflow/example_dags/example_sla_dag.py
[2023-08-11T08:18:20.133+0000] {processor.py:836} INFO - DAG(s) dict_keys(['example_sla_dag']) retrieved from /home/airflow/.local/lib/python3.7/site-packages/airflow/example_dags/example_sla_dag.py
[2023-08-11T08:18:20.160+0000] {logging_mixin.py:150} INFO - [2023-08-11T08:18:20.160+0000] {dag.py:2742} INFO - Sync 1 DAGs
[2023-08-11T08:18:20.186+0000] {logging_mixin.py:150} INFO - [2023-08-11T08:18:20.186+0000] {dag.py:3508} INFO - Setting next_dagrun for example_sla_dag to 2023-08-11T08:16:00+00:00, run_after=2023-08-11T08:18:00+00:00
[2023-08-11T08:18:20.210+0000] {processor.py:179} INFO - Processing /home/airflow/.local/lib/python3.7/site-packages/airflow/example_dags/example_sla_dag.py took 0.091 seconds
[2023-08-11T08:18:52.292+0000] {processor.py:157} INFO - Started process (PID=3530) to work on /home/airflow/.local/lib/python3.7/site-packages/airflow/example_dags/example_sla_dag.py
[2023-08-11T08:18:52.305+0000] {processor.py:826} INFO - Processing file /home/airflow/.local/lib/python3.7/site-packages/airflow/example_dags/example_sla_dag.py for tasks to queue
[2023-08-11T08:18:52.315+0000] {logging_mixin.py:150} INFO - [2023-08-11T08:18:52.312+0000] {dagbag.py:541} INFO - Filling up the DagBag from /home/airflow/.local/lib/python3.7/site-packages/airflow/example_dags/example_sla_dag.py
[2023-08-11T08:18:52.383+0000] {processor.py:836} INFO - DAG(s) dict_keys(['example_sla_dag']) retrieved from /home/airflow/.local/lib/python3.7/site-packages/airflow/example_dags/example_sla_dag.py
[2023-08-11T08:18:52.511+0000] {logging_mixin.py:150} INFO - [2023-08-11T08:18:52.510+0000] {dag.py:2742} INFO - Sync 1 DAGs
[2023-08-11T08:18:52.603+0000] {logging_mixin.py:150} INFO - [2023-08-11T08:18:52.603+0000] {dag.py:3508} INFO - Setting next_dagrun for example_sla_dag to 2023-08-11T08:16:00+00:00, run_after=2023-08-11T08:18:00+00:00
[2023-08-11T08:18:52.665+0000] {processor.py:179} INFO - Processing /home/airflow/.local/lib/python3.7/site-packages/airflow/example_dags/example_sla_dag.py took 0.438 seconds
[2023-08-11T08:19:22.897+0000] {processor.py:157} INFO - Started process (PID=3609) to work on /home/airflow/.local/lib/python3.7/site-packages/airflow/example_dags/example_sla_dag.py
[2023-08-11T08:19:22.898+0000] {processor.py:826} INFO - Processing file /home/airflow/.local/lib/python3.7/site-packages/airflow/example_dags/example_sla_dag.py for tasks to queue
[2023-08-11T08:19:22.899+0000] {logging_mixin.py:150} INFO - [2023-08-11T08:19:22.899+0000] {dagbag.py:541} INFO - Filling up the DagBag from /home/airflow/.local/lib/python3.7/site-packages/airflow/example_dags/example_sla_dag.py
[2023-08-11T08:19:22.908+0000] {processor.py:836} INFO - DAG(s) dict_keys(['example_sla_dag']) retrieved from /home/airflow/.local/lib/python3.7/site-packages/airflow/example_dags/example_sla_dag.py
[2023-08-11T08:19:22.933+0000] {logging_mixin.py:150} INFO - [2023-08-11T08:19:22.933+0000] {dag.py:2742} INFO - Sync 1 DAGs
[2023-08-11T08:19:22.963+0000] {logging_mixin.py:150} INFO - [2023-08-11T08:19:22.963+0000] {dag.py:3508} INFO - Setting next_dagrun for example_sla_dag to 2023-08-11T08:16:00+00:00, run_after=2023-08-11T08:18:00+00:00
[2023-08-11T08:19:22.982+0000] {processor.py:179} INFO - Processing /home/airflow/.local/lib/python3.7/site-packages/airflow/example_dags/example_sla_dag.py took 0.088 seconds
[2023-08-11T08:19:53.048+0000] {processor.py:157} INFO - Started process (PID=3674) to work on /home/airflow/.local/lib/python3.7/site-packages/airflow/example_dags/example_sla_dag.py
[2023-08-11T08:19:53.049+0000] {processor.py:826} INFO - Processing file /home/airflow/.local/lib/python3.7/site-packages/airflow/example_dags/example_sla_dag.py for tasks to queue
[2023-08-11T08:19:53.050+0000] {logging_mixin.py:150} INFO - [2023-08-11T08:19:53.050+0000] {dagbag.py:541} INFO - Filling up the DagBag from /home/airflow/.local/lib/python3.7/site-packages/airflow/example_dags/example_sla_dag.py
[2023-08-11T08:19:53.058+0000] {processor.py:836} INFO - DAG(s) dict_keys(['example_sla_dag']) retrieved from /home/airflow/.local/lib/python3.7/site-packages/airflow/example_dags/example_sla_dag.py
[2023-08-11T08:19:53.085+0000] {logging_mixin.py:150} INFO - [2023-08-11T08:19:53.084+0000] {dag.py:2742} INFO - Sync 1 DAGs
[2023-08-11T08:19:53.113+0000] {logging_mixin.py:150} INFO - [2023-08-11T08:19:53.113+0000] {dag.py:3508} INFO - Setting next_dagrun for example_sla_dag to 2023-08-11T08:16:00+00:00, run_after=2023-08-11T08:18:00+00:00
[2023-08-11T08:19:53.140+0000] {processor.py:179} INFO - Processing /home/airflow/.local/lib/python3.7/site-packages/airflow/example_dags/example_sla_dag.py took 0.094 seconds
[2023-08-11T08:20:23.667+0000] {processor.py:157} INFO - Started process (PID=3759) to work on /home/airflow/.local/lib/python3.7/site-packages/airflow/example_dags/example_sla_dag.py
[2023-08-11T08:20:23.668+0000] {processor.py:826} INFO - Processing file /home/airflow/.local/lib/python3.7/site-packages/airflow/example_dags/example_sla_dag.py for tasks to queue
[2023-08-11T08:20:23.669+0000] {logging_mixin.py:150} INFO - [2023-08-11T08:20:23.668+0000] {dagbag.py:541} INFO - Filling up the DagBag from /home/airflow/.local/lib/python3.7/site-packages/airflow/example_dags/example_sla_dag.py
[2023-08-11T08:20:23.678+0000] {processor.py:836} INFO - DAG(s) dict_keys(['example_sla_dag']) retrieved from /home/airflow/.local/lib/python3.7/site-packages/airflow/example_dags/example_sla_dag.py
[2023-08-11T08:20:23.705+0000] {logging_mixin.py:150} INFO - [2023-08-11T08:20:23.705+0000] {dag.py:2742} INFO - Sync 1 DAGs
[2023-08-11T08:20:23.736+0000] {logging_mixin.py:150} INFO - [2023-08-11T08:20:23.736+0000] {dag.py:3508} INFO - Setting next_dagrun for example_sla_dag to 2023-08-11T08:18:00+00:00, run_after=2023-08-11T08:20:00+00:00
[2023-08-11T08:20:23.759+0000] {processor.py:179} INFO - Processing /home/airflow/.local/lib/python3.7/site-packages/airflow/example_dags/example_sla_dag.py took 0.095 seconds
[2023-08-11T08:20:54.103+0000] {processor.py:157} INFO - Started process (PID=3863) to work on /home/airflow/.local/lib/python3.7/site-packages/airflow/example_dags/example_sla_dag.py
[2023-08-11T08:20:54.104+0000] {processor.py:826} INFO - Processing file /home/airflow/.local/lib/python3.7/site-packages/airflow/example_dags/example_sla_dag.py for tasks to queue
[2023-08-11T08:20:54.104+0000] {logging_mixin.py:150} INFO - [2023-08-11T08:20:54.104+0000] {dagbag.py:541} INFO - Filling up the DagBag from /home/airflow/.local/lib/python3.7/site-packages/airflow/example_dags/example_sla_dag.py
[2023-08-11T08:20:54.111+0000] {processor.py:836} INFO - DAG(s) dict_keys(['example_sla_dag']) retrieved from /home/airflow/.local/lib/python3.7/site-packages/airflow/example_dags/example_sla_dag.py
[2023-08-11T08:20:54.136+0000] {logging_mixin.py:150} INFO - [2023-08-11T08:20:54.136+0000] {dag.py:2742} INFO - Sync 1 DAGs
[2023-08-11T08:20:54.166+0000] {logging_mixin.py:150} INFO - [2023-08-11T08:20:54.166+0000] {dag.py:3508} INFO - Setting next_dagrun for example_sla_dag to 2023-08-11T08:18:00+00:00, run_after=2023-08-11T08:20:00+00:00
[2023-08-11T08:20:54.188+0000] {processor.py:179} INFO - Processing /home/airflow/.local/lib/python3.7/site-packages/airflow/example_dags/example_sla_dag.py took 0.088 seconds
[2023-08-11T08:21:24.513+0000] {processor.py:157} INFO - Started process (PID=3941) to work on /home/airflow/.local/lib/python3.7/site-packages/airflow/example_dags/example_sla_dag.py
[2023-08-11T08:21:24.515+0000] {processor.py:826} INFO - Processing file /home/airflow/.local/lib/python3.7/site-packages/airflow/example_dags/example_sla_dag.py for tasks to queue
[2023-08-11T08:21:24.516+0000] {logging_mixin.py:150} INFO - [2023-08-11T08:21:24.516+0000] {dagbag.py:541} INFO - Filling up the DagBag from /home/airflow/.local/lib/python3.7/site-packages/airflow/example_dags/example_sla_dag.py
[2023-08-11T08:21:24.524+0000] {processor.py:836} INFO - DAG(s) dict_keys(['example_sla_dag']) retrieved from /home/airflow/.local/lib/python3.7/site-packages/airflow/example_dags/example_sla_dag.py
[2023-08-11T08:21:24.553+0000] {logging_mixin.py:150} INFO - [2023-08-11T08:21:24.552+0000] {dag.py:2742} INFO - Sync 1 DAGs
[2023-08-11T08:21:24.586+0000] {logging_mixin.py:150} INFO - [2023-08-11T08:21:24.586+0000] {dag.py:3508} INFO - Setting next_dagrun for example_sla_dag to 2023-08-11T08:18:00+00:00, run_after=2023-08-11T08:20:00+00:00
[2023-08-11T08:21:24.616+0000] {processor.py:179} INFO - Processing /home/airflow/.local/lib/python3.7/site-packages/airflow/example_dags/example_sla_dag.py took 0.106 seconds
[2023-08-11T08:21:55.194+0000] {processor.py:157} INFO - Started process (PID=4019) to work on /home/airflow/.local/lib/python3.7/site-packages/airflow/example_dags/example_sla_dag.py
[2023-08-11T08:21:55.195+0000] {processor.py:826} INFO - Processing file /home/airflow/.local/lib/python3.7/site-packages/airflow/example_dags/example_sla_dag.py for tasks to queue
[2023-08-11T08:21:55.196+0000] {logging_mixin.py:150} INFO - [2023-08-11T08:21:55.195+0000] {dagbag.py:541} INFO - Filling up the DagBag from /home/airflow/.local/lib/python3.7/site-packages/airflow/example_dags/example_sla_dag.py
[2023-08-11T08:21:55.206+0000] {processor.py:836} INFO - DAG(s) dict_keys(['example_sla_dag']) retrieved from /home/airflow/.local/lib/python3.7/site-packages/airflow/example_dags/example_sla_dag.py
[2023-08-11T08:21:55.236+0000] {logging_mixin.py:150} INFO - [2023-08-11T08:21:55.235+0000] {dag.py:2742} INFO - Sync 1 DAGs
[2023-08-11T08:21:55.267+0000] {logging_mixin.py:150} INFO - [2023-08-11T08:21:55.267+0000] {dag.py:3508} INFO - Setting next_dagrun for example_sla_dag to 2023-08-11T08:18:00+00:00, run_after=2023-08-11T08:20:00+00:00
[2023-08-11T08:21:55.293+0000] {processor.py:179} INFO - Processing /home/airflow/.local/lib/python3.7/site-packages/airflow/example_dags/example_sla_dag.py took 0.103 seconds
[2023-08-11T08:22:26.178+0000] {processor.py:157} INFO - Started process (PID=4097) to work on /home/airflow/.local/lib/python3.7/site-packages/airflow/example_dags/example_sla_dag.py
[2023-08-11T08:22:26.179+0000] {processor.py:826} INFO - Processing file /home/airflow/.local/lib/python3.7/site-packages/airflow/example_dags/example_sla_dag.py for tasks to queue
[2023-08-11T08:22:26.179+0000] {logging_mixin.py:150} INFO - [2023-08-11T08:22:26.179+0000] {dagbag.py:541} INFO - Filling up the DagBag from /home/airflow/.local/lib/python3.7/site-packages/airflow/example_dags/example_sla_dag.py
[2023-08-11T08:22:26.188+0000] {processor.py:836} INFO - DAG(s) dict_keys(['example_sla_dag']) retrieved from /home/airflow/.local/lib/python3.7/site-packages/airflow/example_dags/example_sla_dag.py
[2023-08-11T08:22:26.215+0000] {logging_mixin.py:150} INFO - [2023-08-11T08:22:26.215+0000] {dag.py:2742} INFO - Sync 1 DAGs
[2023-08-11T08:22:26.241+0000] {logging_mixin.py:150} INFO - [2023-08-11T08:22:26.241+0000] {dag.py:3508} INFO - Setting next_dagrun for example_sla_dag to 2023-08-11T08:20:00+00:00, run_after=2023-08-11T08:22:00+00:00
[2023-08-11T08:22:26.262+0000] {processor.py:179} INFO - Processing /home/airflow/.local/lib/python3.7/site-packages/airflow/example_dags/example_sla_dag.py took 0.087 seconds
