[2023-08-11T07:52:46.708+0000] {processor.py:157} INFO - Started process (PID=54) to work on /home/airflow/.local/lib/python3.7/site-packages/airflow/example_dags/example_branch_day_of_week_operator.py
[2023-08-11T07:52:46.720+0000] {processor.py:826} INFO - Processing file /home/airflow/.local/lib/python3.7/site-packages/airflow/example_dags/example_branch_day_of_week_operator.py for tasks to queue
[2023-08-11T07:52:46.730+0000] {logging_mixin.py:150} INFO - [2023-08-11T07:52:46.727+0000] {dagbag.py:541} INFO - Filling up the DagBag from /home/airflow/.local/lib/python3.7/site-packages/airflow/example_dags/example_branch_day_of_week_operator.py
[2023-08-11T07:52:46.812+0000] {processor.py:836} INFO - DAG(s) dict_keys(['example_weekday_branch_operator']) retrieved from /home/airflow/.local/lib/python3.7/site-packages/airflow/example_dags/example_branch_day_of_week_operator.py
[2023-08-11T07:52:46.853+0000] {logging_mixin.py:150} INFO - [2023-08-11T07:52:46.853+0000] {dag.py:2742} INFO - Sync 1 DAGs
[2023-08-11T07:52:46.932+0000] {logging_mixin.py:150} INFO - [2023-08-11T07:52:46.932+0000] {dag.py:3508} INFO - Setting next_dagrun for example_weekday_branch_operator to 2023-08-10T00:00:00+00:00, run_after=2023-08-11T00:00:00+00:00
[2023-08-11T07:52:47.015+0000] {processor.py:179} INFO - Processing /home/airflow/.local/lib/python3.7/site-packages/airflow/example_dags/example_branch_day_of_week_operator.py took 0.356 seconds
[2023-08-11T07:53:17.303+0000] {processor.py:157} INFO - Started process (PID=119) to work on /home/airflow/.local/lib/python3.7/site-packages/airflow/example_dags/example_branch_day_of_week_operator.py
[2023-08-11T07:53:17.304+0000] {processor.py:826} INFO - Processing file /home/airflow/.local/lib/python3.7/site-packages/airflow/example_dags/example_branch_day_of_week_operator.py for tasks to queue
[2023-08-11T07:53:17.305+0000] {logging_mixin.py:150} INFO - [2023-08-11T07:53:17.305+0000] {dagbag.py:541} INFO - Filling up the DagBag from /home/airflow/.local/lib/python3.7/site-packages/airflow/example_dags/example_branch_day_of_week_operator.py
[2023-08-11T07:53:17.313+0000] {processor.py:836} INFO - DAG(s) dict_keys(['example_weekday_branch_operator']) retrieved from /home/airflow/.local/lib/python3.7/site-packages/airflow/example_dags/example_branch_day_of_week_operator.py
[2023-08-11T07:53:17.345+0000] {logging_mixin.py:150} INFO - [2023-08-11T07:53:17.345+0000] {dag.py:2742} INFO - Sync 1 DAGs
[2023-08-11T07:53:17.380+0000] {logging_mixin.py:150} INFO - [2023-08-11T07:53:17.380+0000] {dag.py:3508} INFO - Setting next_dagrun for example_weekday_branch_operator to 2023-08-10T00:00:00+00:00, run_after=2023-08-11T00:00:00+00:00
[2023-08-11T07:53:17.408+0000] {processor.py:179} INFO - Processing /home/airflow/.local/lib/python3.7/site-packages/airflow/example_dags/example_branch_day_of_week_operator.py took 0.108 seconds
[2023-08-11T07:53:48.185+0000] {processor.py:157} INFO - Started process (PID=184) to work on /home/airflow/.local/lib/python3.7/site-packages/airflow/example_dags/example_branch_day_of_week_operator.py
[2023-08-11T07:53:48.187+0000] {processor.py:826} INFO - Processing file /home/airflow/.local/lib/python3.7/site-packages/airflow/example_dags/example_branch_day_of_week_operator.py for tasks to queue
[2023-08-11T07:53:48.188+0000] {logging_mixin.py:150} INFO - [2023-08-11T07:53:48.188+0000] {dagbag.py:541} INFO - Filling up the DagBag from /home/airflow/.local/lib/python3.7/site-packages/airflow/example_dags/example_branch_day_of_week_operator.py
[2023-08-11T07:53:48.197+0000] {processor.py:836} INFO - DAG(s) dict_keys(['example_weekday_branch_operator']) retrieved from /home/airflow/.local/lib/python3.7/site-packages/airflow/example_dags/example_branch_day_of_week_operator.py
[2023-08-11T07:53:48.237+0000] {logging_mixin.py:150} INFO - [2023-08-11T07:53:48.237+0000] {dag.py:2742} INFO - Sync 1 DAGs
[2023-08-11T07:53:48.278+0000] {logging_mixin.py:150} INFO - [2023-08-11T07:53:48.278+0000] {dag.py:3508} INFO - Setting next_dagrun for example_weekday_branch_operator to 2023-08-10T00:00:00+00:00, run_after=2023-08-11T00:00:00+00:00
[2023-08-11T07:53:48.306+0000] {processor.py:179} INFO - Processing /home/airflow/.local/lib/python3.7/site-packages/airflow/example_dags/example_branch_day_of_week_operator.py took 0.125 seconds
[2023-08-11T07:54:18.909+0000] {processor.py:157} INFO - Started process (PID=249) to work on /home/airflow/.local/lib/python3.7/site-packages/airflow/example_dags/example_branch_day_of_week_operator.py
[2023-08-11T07:54:18.910+0000] {processor.py:826} INFO - Processing file /home/airflow/.local/lib/python3.7/site-packages/airflow/example_dags/example_branch_day_of_week_operator.py for tasks to queue
[2023-08-11T07:54:18.911+0000] {logging_mixin.py:150} INFO - [2023-08-11T07:54:18.910+0000] {dagbag.py:541} INFO - Filling up the DagBag from /home/airflow/.local/lib/python3.7/site-packages/airflow/example_dags/example_branch_day_of_week_operator.py
[2023-08-11T07:54:18.918+0000] {processor.py:836} INFO - DAG(s) dict_keys(['example_weekday_branch_operator']) retrieved from /home/airflow/.local/lib/python3.7/site-packages/airflow/example_dags/example_branch_day_of_week_operator.py
[2023-08-11T07:54:18.949+0000] {logging_mixin.py:150} INFO - [2023-08-11T07:54:18.949+0000] {dag.py:2742} INFO - Sync 1 DAGs
[2023-08-11T07:54:18.983+0000] {logging_mixin.py:150} INFO - [2023-08-11T07:54:18.983+0000] {dag.py:3508} INFO - Setting next_dagrun for example_weekday_branch_operator to 2023-08-10T00:00:00+00:00, run_after=2023-08-11T00:00:00+00:00
[2023-08-11T07:54:19.012+0000] {processor.py:179} INFO - Processing /home/airflow/.local/lib/python3.7/site-packages/airflow/example_dags/example_branch_day_of_week_operator.py took 0.106 seconds
[2023-08-11T07:54:49.492+0000] {processor.py:157} INFO - Started process (PID=314) to work on /home/airflow/.local/lib/python3.7/site-packages/airflow/example_dags/example_branch_day_of_week_operator.py
[2023-08-11T07:54:49.494+0000] {processor.py:826} INFO - Processing file /home/airflow/.local/lib/python3.7/site-packages/airflow/example_dags/example_branch_day_of_week_operator.py for tasks to queue
[2023-08-11T07:54:49.494+0000] {logging_mixin.py:150} INFO - [2023-08-11T07:54:49.494+0000] {dagbag.py:541} INFO - Filling up the DagBag from /home/airflow/.local/lib/python3.7/site-packages/airflow/example_dags/example_branch_day_of_week_operator.py
[2023-08-11T07:54:49.504+0000] {processor.py:836} INFO - DAG(s) dict_keys(['example_weekday_branch_operator']) retrieved from /home/airflow/.local/lib/python3.7/site-packages/airflow/example_dags/example_branch_day_of_week_operator.py
[2023-08-11T07:54:49.557+0000] {logging_mixin.py:150} INFO - [2023-08-11T07:54:49.556+0000] {dag.py:2742} INFO - Sync 1 DAGs
[2023-08-11T07:54:49.617+0000] {logging_mixin.py:150} INFO - [2023-08-11T07:54:49.616+0000] {dag.py:3508} INFO - Setting next_dagrun for example_weekday_branch_operator to 2023-08-10T00:00:00+00:00, run_after=2023-08-11T00:00:00+00:00
[2023-08-11T07:54:49.690+0000] {processor.py:179} INFO - Processing /home/airflow/.local/lib/python3.7/site-packages/airflow/example_dags/example_branch_day_of_week_operator.py took 0.203 seconds
[2023-08-11T07:55:19.889+0000] {processor.py:157} INFO - Started process (PID=380) to work on /home/airflow/.local/lib/python3.7/site-packages/airflow/example_dags/example_branch_day_of_week_operator.py
[2023-08-11T07:55:19.891+0000] {processor.py:826} INFO - Processing file /home/airflow/.local/lib/python3.7/site-packages/airflow/example_dags/example_branch_day_of_week_operator.py for tasks to queue
[2023-08-11T07:55:19.892+0000] {logging_mixin.py:150} INFO - [2023-08-11T07:55:19.892+0000] {dagbag.py:541} INFO - Filling up the DagBag from /home/airflow/.local/lib/python3.7/site-packages/airflow/example_dags/example_branch_day_of_week_operator.py
[2023-08-11T07:55:19.898+0000] {processor.py:836} INFO - DAG(s) dict_keys(['example_weekday_branch_operator']) retrieved from /home/airflow/.local/lib/python3.7/site-packages/airflow/example_dags/example_branch_day_of_week_operator.py
[2023-08-11T07:55:19.924+0000] {logging_mixin.py:150} INFO - [2023-08-11T07:55:19.924+0000] {dag.py:2742} INFO - Sync 1 DAGs
[2023-08-11T07:55:19.949+0000] {logging_mixin.py:150} INFO - [2023-08-11T07:55:19.949+0000] {dag.py:3508} INFO - Setting next_dagrun for example_weekday_branch_operator to 2023-08-10T00:00:00+00:00, run_after=2023-08-11T00:00:00+00:00
[2023-08-11T07:55:19.972+0000] {processor.py:179} INFO - Processing /home/airflow/.local/lib/python3.7/site-packages/airflow/example_dags/example_branch_day_of_week_operator.py took 0.087 seconds
[2023-08-11T07:55:50.513+0000] {processor.py:157} INFO - Started process (PID=445) to work on /home/airflow/.local/lib/python3.7/site-packages/airflow/example_dags/example_branch_day_of_week_operator.py
[2023-08-11T07:55:50.513+0000] {processor.py:826} INFO - Processing file /home/airflow/.local/lib/python3.7/site-packages/airflow/example_dags/example_branch_day_of_week_operator.py for tasks to queue
[2023-08-11T07:55:50.514+0000] {logging_mixin.py:150} INFO - [2023-08-11T07:55:50.514+0000] {dagbag.py:541} INFO - Filling up the DagBag from /home/airflow/.local/lib/python3.7/site-packages/airflow/example_dags/example_branch_day_of_week_operator.py
[2023-08-11T07:55:50.522+0000] {processor.py:836} INFO - DAG(s) dict_keys(['example_weekday_branch_operator']) retrieved from /home/airflow/.local/lib/python3.7/site-packages/airflow/example_dags/example_branch_day_of_week_operator.py
[2023-08-11T07:55:50.555+0000] {logging_mixin.py:150} INFO - [2023-08-11T07:55:50.554+0000] {dag.py:2742} INFO - Sync 1 DAGs
[2023-08-11T07:55:50.582+0000] {logging_mixin.py:150} INFO - [2023-08-11T07:55:50.582+0000] {dag.py:3508} INFO - Setting next_dagrun for example_weekday_branch_operator to 2023-08-10T00:00:00+00:00, run_after=2023-08-11T00:00:00+00:00
[2023-08-11T07:55:50.609+0000] {processor.py:179} INFO - Processing /home/airflow/.local/lib/python3.7/site-packages/airflow/example_dags/example_branch_day_of_week_operator.py took 0.099 seconds
[2023-08-11T07:56:20.999+0000] {processor.py:157} INFO - Started process (PID=510) to work on /home/airflow/.local/lib/python3.7/site-packages/airflow/example_dags/example_branch_day_of_week_operator.py
[2023-08-11T07:56:21.001+0000] {processor.py:826} INFO - Processing file /home/airflow/.local/lib/python3.7/site-packages/airflow/example_dags/example_branch_day_of_week_operator.py for tasks to queue
[2023-08-11T07:56:21.002+0000] {logging_mixin.py:150} INFO - [2023-08-11T07:56:21.002+0000] {dagbag.py:541} INFO - Filling up the DagBag from /home/airflow/.local/lib/python3.7/site-packages/airflow/example_dags/example_branch_day_of_week_operator.py
[2023-08-11T07:56:21.012+0000] {processor.py:836} INFO - DAG(s) dict_keys(['example_weekday_branch_operator']) retrieved from /home/airflow/.local/lib/python3.7/site-packages/airflow/example_dags/example_branch_day_of_week_operator.py
[2023-08-11T07:56:21.052+0000] {logging_mixin.py:150} INFO - [2023-08-11T07:56:21.052+0000] {dag.py:2742} INFO - Sync 1 DAGs
[2023-08-11T07:56:21.083+0000] {logging_mixin.py:150} INFO - [2023-08-11T07:56:21.083+0000] {dag.py:3508} INFO - Setting next_dagrun for example_weekday_branch_operator to 2023-08-10T00:00:00+00:00, run_after=2023-08-11T00:00:00+00:00
[2023-08-11T07:56:21.117+0000] {processor.py:179} INFO - Processing /home/airflow/.local/lib/python3.7/site-packages/airflow/example_dags/example_branch_day_of_week_operator.py took 0.122 seconds
[2023-08-11T07:56:52.455+0000] {processor.py:157} INFO - Started process (PID=575) to work on /home/airflow/.local/lib/python3.7/site-packages/airflow/example_dags/example_branch_day_of_week_operator.py
[2023-08-11T07:56:52.457+0000] {processor.py:826} INFO - Processing file /home/airflow/.local/lib/python3.7/site-packages/airflow/example_dags/example_branch_day_of_week_operator.py for tasks to queue
[2023-08-11T07:56:52.460+0000] {logging_mixin.py:150} INFO - [2023-08-11T07:56:52.458+0000] {dagbag.py:541} INFO - Filling up the DagBag from /home/airflow/.local/lib/python3.7/site-packages/airflow/example_dags/example_branch_day_of_week_operator.py
[2023-08-11T07:56:52.491+0000] {processor.py:836} INFO - DAG(s) dict_keys(['example_weekday_branch_operator']) retrieved from /home/airflow/.local/lib/python3.7/site-packages/airflow/example_dags/example_branch_day_of_week_operator.py
[2023-08-11T07:56:52.554+0000] {logging_mixin.py:150} INFO - [2023-08-11T07:56:52.554+0000] {dag.py:2742} INFO - Sync 1 DAGs
[2023-08-11T07:56:52.613+0000] {logging_mixin.py:150} INFO - [2023-08-11T07:56:52.612+0000] {dag.py:3508} INFO - Setting next_dagrun for example_weekday_branch_operator to 2023-08-10T00:00:00+00:00, run_after=2023-08-11T00:00:00+00:00
[2023-08-11T07:56:52.687+0000] {processor.py:179} INFO - Processing /home/airflow/.local/lib/python3.7/site-packages/airflow/example_dags/example_branch_day_of_week_operator.py took 0.239 seconds
[2023-08-11T07:57:23.017+0000] {processor.py:157} INFO - Started process (PID=639) to work on /home/airflow/.local/lib/python3.7/site-packages/airflow/example_dags/example_branch_day_of_week_operator.py
[2023-08-11T07:57:23.019+0000] {processor.py:826} INFO - Processing file /home/airflow/.local/lib/python3.7/site-packages/airflow/example_dags/example_branch_day_of_week_operator.py for tasks to queue
[2023-08-11T07:57:23.020+0000] {logging_mixin.py:150} INFO - [2023-08-11T07:57:23.020+0000] {dagbag.py:541} INFO - Filling up the DagBag from /home/airflow/.local/lib/python3.7/site-packages/airflow/example_dags/example_branch_day_of_week_operator.py
[2023-08-11T07:57:23.031+0000] {processor.py:836} INFO - DAG(s) dict_keys(['example_weekday_branch_operator']) retrieved from /home/airflow/.local/lib/python3.7/site-packages/airflow/example_dags/example_branch_day_of_week_operator.py
[2023-08-11T07:57:23.067+0000] {logging_mixin.py:150} INFO - [2023-08-11T07:57:23.067+0000] {dag.py:2742} INFO - Sync 1 DAGs
[2023-08-11T07:57:23.102+0000] {logging_mixin.py:150} INFO - [2023-08-11T07:57:23.102+0000] {dag.py:3508} INFO - Setting next_dagrun for example_weekday_branch_operator to 2023-08-10T00:00:00+00:00, run_after=2023-08-11T00:00:00+00:00
[2023-08-11T07:57:23.134+0000] {processor.py:179} INFO - Processing /home/airflow/.local/lib/python3.7/site-packages/airflow/example_dags/example_branch_day_of_week_operator.py took 0.120 seconds
[2023-08-11T07:57:54.388+0000] {processor.py:157} INFO - Started process (PID=706) to work on /home/airflow/.local/lib/python3.7/site-packages/airflow/example_dags/example_branch_day_of_week_operator.py
[2023-08-11T07:57:54.399+0000] {processor.py:826} INFO - Processing file /home/airflow/.local/lib/python3.7/site-packages/airflow/example_dags/example_branch_day_of_week_operator.py for tasks to queue
[2023-08-11T07:57:54.400+0000] {logging_mixin.py:150} INFO - [2023-08-11T07:57:54.400+0000] {dagbag.py:541} INFO - Filling up the DagBag from /home/airflow/.local/lib/python3.7/site-packages/airflow/example_dags/example_branch_day_of_week_operator.py
[2023-08-11T07:57:54.410+0000] {processor.py:836} INFO - DAG(s) dict_keys(['example_weekday_branch_operator']) retrieved from /home/airflow/.local/lib/python3.7/site-packages/airflow/example_dags/example_branch_day_of_week_operator.py
[2023-08-11T07:57:54.456+0000] {logging_mixin.py:150} INFO - [2023-08-11T07:57:54.455+0000] {dag.py:2742} INFO - Sync 1 DAGs
[2023-08-11T07:57:54.503+0000] {logging_mixin.py:150} INFO - [2023-08-11T07:57:54.502+0000] {dag.py:3508} INFO - Setting next_dagrun for example_weekday_branch_operator to 2023-08-10T00:00:00+00:00, run_after=2023-08-11T00:00:00+00:00
[2023-08-11T07:57:54.553+0000] {processor.py:179} INFO - Processing /home/airflow/.local/lib/python3.7/site-packages/airflow/example_dags/example_branch_day_of_week_operator.py took 0.170 seconds
[2023-08-11T07:58:24.786+0000] {processor.py:157} INFO - Started process (PID=772) to work on /home/airflow/.local/lib/python3.7/site-packages/airflow/example_dags/example_branch_day_of_week_operator.py
[2023-08-11T07:58:24.786+0000] {processor.py:826} INFO - Processing file /home/airflow/.local/lib/python3.7/site-packages/airflow/example_dags/example_branch_day_of_week_operator.py for tasks to queue
[2023-08-11T07:58:24.787+0000] {logging_mixin.py:150} INFO - [2023-08-11T07:58:24.787+0000] {dagbag.py:541} INFO - Filling up the DagBag from /home/airflow/.local/lib/python3.7/site-packages/airflow/example_dags/example_branch_day_of_week_operator.py
[2023-08-11T07:58:24.794+0000] {processor.py:836} INFO - DAG(s) dict_keys(['example_weekday_branch_operator']) retrieved from /home/airflow/.local/lib/python3.7/site-packages/airflow/example_dags/example_branch_day_of_week_operator.py
[2023-08-11T07:58:24.821+0000] {logging_mixin.py:150} INFO - [2023-08-11T07:58:24.821+0000] {dag.py:2742} INFO - Sync 1 DAGs
[2023-08-11T07:58:24.848+0000] {logging_mixin.py:150} INFO - [2023-08-11T07:58:24.848+0000] {dag.py:3508} INFO - Setting next_dagrun for example_weekday_branch_operator to 2023-08-10T00:00:00+00:00, run_after=2023-08-11T00:00:00+00:00
[2023-08-11T07:58:24.891+0000] {processor.py:179} INFO - Processing /home/airflow/.local/lib/python3.7/site-packages/airflow/example_dags/example_branch_day_of_week_operator.py took 0.108 seconds
[2023-08-11T07:58:55.145+0000] {processor.py:157} INFO - Started process (PID=838) to work on /home/airflow/.local/lib/python3.7/site-packages/airflow/example_dags/example_branch_day_of_week_operator.py
[2023-08-11T07:58:55.146+0000] {processor.py:826} INFO - Processing file /home/airflow/.local/lib/python3.7/site-packages/airflow/example_dags/example_branch_day_of_week_operator.py for tasks to queue
[2023-08-11T07:58:55.147+0000] {logging_mixin.py:150} INFO - [2023-08-11T07:58:55.147+0000] {dagbag.py:541} INFO - Filling up the DagBag from /home/airflow/.local/lib/python3.7/site-packages/airflow/example_dags/example_branch_day_of_week_operator.py
[2023-08-11T07:58:55.158+0000] {processor.py:836} INFO - DAG(s) dict_keys(['example_weekday_branch_operator']) retrieved from /home/airflow/.local/lib/python3.7/site-packages/airflow/example_dags/example_branch_day_of_week_operator.py
[2023-08-11T07:58:55.186+0000] {logging_mixin.py:150} INFO - [2023-08-11T07:58:55.186+0000] {dag.py:2742} INFO - Sync 1 DAGs
[2023-08-11T07:58:55.211+0000] {logging_mixin.py:150} INFO - [2023-08-11T07:58:55.211+0000] {dag.py:3508} INFO - Setting next_dagrun for example_weekday_branch_operator to 2023-08-10T00:00:00+00:00, run_after=2023-08-11T00:00:00+00:00
[2023-08-11T07:58:55.233+0000] {processor.py:179} INFO - Processing /home/airflow/.local/lib/python3.7/site-packages/airflow/example_dags/example_branch_day_of_week_operator.py took 0.090 seconds
[2023-08-11T07:59:25.856+0000] {processor.py:157} INFO - Started process (PID=904) to work on /home/airflow/.local/lib/python3.7/site-packages/airflow/example_dags/example_branch_day_of_week_operator.py
[2023-08-11T07:59:25.858+0000] {processor.py:826} INFO - Processing file /home/airflow/.local/lib/python3.7/site-packages/airflow/example_dags/example_branch_day_of_week_operator.py for tasks to queue
[2023-08-11T07:59:25.859+0000] {logging_mixin.py:150} INFO - [2023-08-11T07:59:25.859+0000] {dagbag.py:541} INFO - Filling up the DagBag from /home/airflow/.local/lib/python3.7/site-packages/airflow/example_dags/example_branch_day_of_week_operator.py
[2023-08-11T07:59:25.872+0000] {processor.py:836} INFO - DAG(s) dict_keys(['example_weekday_branch_operator']) retrieved from /home/airflow/.local/lib/python3.7/site-packages/airflow/example_dags/example_branch_day_of_week_operator.py
[2023-08-11T07:59:25.898+0000] {logging_mixin.py:150} INFO - [2023-08-11T07:59:25.897+0000] {dag.py:2742} INFO - Sync 1 DAGs
[2023-08-11T07:59:25.950+0000] {logging_mixin.py:150} INFO - [2023-08-11T07:59:25.949+0000] {dag.py:3508} INFO - Setting next_dagrun for example_weekday_branch_operator to 2023-08-10T00:00:00+00:00, run_after=2023-08-11T00:00:00+00:00
[2023-08-11T07:59:25.993+0000] {processor.py:179} INFO - Processing /home/airflow/.local/lib/python3.7/site-packages/airflow/example_dags/example_branch_day_of_week_operator.py took 0.142 seconds
[2023-08-11T07:59:56.959+0000] {processor.py:157} INFO - Started process (PID=973) to work on /home/airflow/.local/lib/python3.7/site-packages/airflow/example_dags/example_branch_day_of_week_operator.py
[2023-08-11T07:59:56.960+0000] {processor.py:826} INFO - Processing file /home/airflow/.local/lib/python3.7/site-packages/airflow/example_dags/example_branch_day_of_week_operator.py for tasks to queue
[2023-08-11T07:59:56.960+0000] {logging_mixin.py:150} INFO - [2023-08-11T07:59:56.960+0000] {dagbag.py:541} INFO - Filling up the DagBag from /home/airflow/.local/lib/python3.7/site-packages/airflow/example_dags/example_branch_day_of_week_operator.py
[2023-08-11T07:59:56.969+0000] {processor.py:836} INFO - DAG(s) dict_keys(['example_weekday_branch_operator']) retrieved from /home/airflow/.local/lib/python3.7/site-packages/airflow/example_dags/example_branch_day_of_week_operator.py
[2023-08-11T07:59:56.994+0000] {logging_mixin.py:150} INFO - [2023-08-11T07:59:56.994+0000] {dag.py:2742} INFO - Sync 1 DAGs
[2023-08-11T07:59:57.023+0000] {logging_mixin.py:150} INFO - [2023-08-11T07:59:57.023+0000] {dag.py:3508} INFO - Setting next_dagrun for example_weekday_branch_operator to 2023-08-10T00:00:00+00:00, run_after=2023-08-11T00:00:00+00:00
[2023-08-11T07:59:57.045+0000] {processor.py:179} INFO - Processing /home/airflow/.local/lib/python3.7/site-packages/airflow/example_dags/example_branch_day_of_week_operator.py took 0.089 seconds
[2023-08-11T08:00:27.579+0000] {processor.py:157} INFO - Started process (PID=1044) to work on /home/airflow/.local/lib/python3.7/site-packages/airflow/example_dags/example_branch_day_of_week_operator.py
[2023-08-11T08:00:27.580+0000] {processor.py:826} INFO - Processing file /home/airflow/.local/lib/python3.7/site-packages/airflow/example_dags/example_branch_day_of_week_operator.py for tasks to queue
[2023-08-11T08:00:27.581+0000] {logging_mixin.py:150} INFO - [2023-08-11T08:00:27.581+0000] {dagbag.py:541} INFO - Filling up the DagBag from /home/airflow/.local/lib/python3.7/site-packages/airflow/example_dags/example_branch_day_of_week_operator.py
[2023-08-11T08:00:27.591+0000] {processor.py:836} INFO - DAG(s) dict_keys(['example_weekday_branch_operator']) retrieved from /home/airflow/.local/lib/python3.7/site-packages/airflow/example_dags/example_branch_day_of_week_operator.py
[2023-08-11T08:00:27.618+0000] {logging_mixin.py:150} INFO - [2023-08-11T08:00:27.617+0000] {dag.py:2742} INFO - Sync 1 DAGs
[2023-08-11T08:00:27.648+0000] {logging_mixin.py:150} INFO - [2023-08-11T08:00:27.647+0000] {dag.py:3508} INFO - Setting next_dagrun for example_weekday_branch_operator to 2023-08-10T00:00:00+00:00, run_after=2023-08-11T00:00:00+00:00
[2023-08-11T08:00:27.676+0000] {processor.py:179} INFO - Processing /home/airflow/.local/lib/python3.7/site-packages/airflow/example_dags/example_branch_day_of_week_operator.py took 0.100 seconds
[2023-08-11T08:00:58.349+0000] {processor.py:157} INFO - Started process (PID=1110) to work on /home/airflow/.local/lib/python3.7/site-packages/airflow/example_dags/example_branch_day_of_week_operator.py
[2023-08-11T08:00:58.350+0000] {processor.py:826} INFO - Processing file /home/airflow/.local/lib/python3.7/site-packages/airflow/example_dags/example_branch_day_of_week_operator.py for tasks to queue
[2023-08-11T08:00:58.351+0000] {logging_mixin.py:150} INFO - [2023-08-11T08:00:58.351+0000] {dagbag.py:541} INFO - Filling up the DagBag from /home/airflow/.local/lib/python3.7/site-packages/airflow/example_dags/example_branch_day_of_week_operator.py
[2023-08-11T08:00:58.359+0000] {processor.py:836} INFO - DAG(s) dict_keys(['example_weekday_branch_operator']) retrieved from /home/airflow/.local/lib/python3.7/site-packages/airflow/example_dags/example_branch_day_of_week_operator.py
[2023-08-11T08:00:58.390+0000] {logging_mixin.py:150} INFO - [2023-08-11T08:00:58.389+0000] {dag.py:2742} INFO - Sync 1 DAGs
[2023-08-11T08:00:58.417+0000] {logging_mixin.py:150} INFO - [2023-08-11T08:00:58.417+0000] {dag.py:3508} INFO - Setting next_dagrun for example_weekday_branch_operator to 2023-08-10T00:00:00+00:00, run_after=2023-08-11T00:00:00+00:00
[2023-08-11T08:00:58.447+0000] {processor.py:179} INFO - Processing /home/airflow/.local/lib/python3.7/site-packages/airflow/example_dags/example_branch_day_of_week_operator.py took 0.101 seconds
[2023-08-11T08:01:28.714+0000] {processor.py:157} INFO - Started process (PID=1178) to work on /home/airflow/.local/lib/python3.7/site-packages/airflow/example_dags/example_branch_day_of_week_operator.py
[2023-08-11T08:01:28.715+0000] {processor.py:826} INFO - Processing file /home/airflow/.local/lib/python3.7/site-packages/airflow/example_dags/example_branch_day_of_week_operator.py for tasks to queue
[2023-08-11T08:01:28.716+0000] {logging_mixin.py:150} INFO - [2023-08-11T08:01:28.716+0000] {dagbag.py:541} INFO - Filling up the DagBag from /home/airflow/.local/lib/python3.7/site-packages/airflow/example_dags/example_branch_day_of_week_operator.py
[2023-08-11T08:01:28.727+0000] {processor.py:836} INFO - DAG(s) dict_keys(['example_weekday_branch_operator']) retrieved from /home/airflow/.local/lib/python3.7/site-packages/airflow/example_dags/example_branch_day_of_week_operator.py
[2023-08-11T08:01:28.759+0000] {logging_mixin.py:150} INFO - [2023-08-11T08:01:28.759+0000] {dag.py:2742} INFO - Sync 1 DAGs
[2023-08-11T08:01:28.788+0000] {logging_mixin.py:150} INFO - [2023-08-11T08:01:28.788+0000] {dag.py:3508} INFO - Setting next_dagrun for example_weekday_branch_operator to 2023-08-10T00:00:00+00:00, run_after=2023-08-11T00:00:00+00:00
[2023-08-11T08:01:28.818+0000] {processor.py:179} INFO - Processing /home/airflow/.local/lib/python3.7/site-packages/airflow/example_dags/example_branch_day_of_week_operator.py took 0.107 seconds
[2023-08-11T08:01:58.987+0000] {processor.py:157} INFO - Started process (PID=1244) to work on /home/airflow/.local/lib/python3.7/site-packages/airflow/example_dags/example_branch_day_of_week_operator.py
[2023-08-11T08:01:58.988+0000] {processor.py:826} INFO - Processing file /home/airflow/.local/lib/python3.7/site-packages/airflow/example_dags/example_branch_day_of_week_operator.py for tasks to queue
[2023-08-11T08:01:58.989+0000] {logging_mixin.py:150} INFO - [2023-08-11T08:01:58.989+0000] {dagbag.py:541} INFO - Filling up the DagBag from /home/airflow/.local/lib/python3.7/site-packages/airflow/example_dags/example_branch_day_of_week_operator.py
[2023-08-11T08:01:58.999+0000] {processor.py:836} INFO - DAG(s) dict_keys(['example_weekday_branch_operator']) retrieved from /home/airflow/.local/lib/python3.7/site-packages/airflow/example_dags/example_branch_day_of_week_operator.py
[2023-08-11T08:01:59.029+0000] {logging_mixin.py:150} INFO - [2023-08-11T08:01:59.029+0000] {dag.py:2742} INFO - Sync 1 DAGs
[2023-08-11T08:01:59.059+0000] {logging_mixin.py:150} INFO - [2023-08-11T08:01:59.059+0000] {dag.py:3508} INFO - Setting next_dagrun for example_weekday_branch_operator to 2023-08-10T00:00:00+00:00, run_after=2023-08-11T00:00:00+00:00
[2023-08-11T08:01:59.084+0000] {processor.py:179} INFO - Processing /home/airflow/.local/lib/python3.7/site-packages/airflow/example_dags/example_branch_day_of_week_operator.py took 0.099 seconds
[2023-08-11T08:02:29.239+0000] {processor.py:157} INFO - Started process (PID=1313) to work on /home/airflow/.local/lib/python3.7/site-packages/airflow/example_dags/example_branch_day_of_week_operator.py
[2023-08-11T08:02:29.241+0000] {processor.py:826} INFO - Processing file /home/airflow/.local/lib/python3.7/site-packages/airflow/example_dags/example_branch_day_of_week_operator.py for tasks to queue
[2023-08-11T08:02:29.242+0000] {logging_mixin.py:150} INFO - [2023-08-11T08:02:29.242+0000] {dagbag.py:541} INFO - Filling up the DagBag from /home/airflow/.local/lib/python3.7/site-packages/airflow/example_dags/example_branch_day_of_week_operator.py
[2023-08-11T08:02:29.250+0000] {processor.py:836} INFO - DAG(s) dict_keys(['example_weekday_branch_operator']) retrieved from /home/airflow/.local/lib/python3.7/site-packages/airflow/example_dags/example_branch_day_of_week_operator.py
[2023-08-11T08:02:29.281+0000] {logging_mixin.py:150} INFO - [2023-08-11T08:02:29.281+0000] {dag.py:2742} INFO - Sync 1 DAGs
[2023-08-11T08:02:29.308+0000] {logging_mixin.py:150} INFO - [2023-08-11T08:02:29.307+0000] {dag.py:3508} INFO - Setting next_dagrun for example_weekday_branch_operator to 2023-08-10T00:00:00+00:00, run_after=2023-08-11T00:00:00+00:00
[2023-08-11T08:02:29.334+0000] {processor.py:179} INFO - Processing /home/airflow/.local/lib/python3.7/site-packages/airflow/example_dags/example_branch_day_of_week_operator.py took 0.097 seconds
[2023-08-11T08:02:59.905+0000] {processor.py:157} INFO - Started process (PID=1379) to work on /home/airflow/.local/lib/python3.7/site-packages/airflow/example_dags/example_branch_day_of_week_operator.py
[2023-08-11T08:02:59.907+0000] {processor.py:826} INFO - Processing file /home/airflow/.local/lib/python3.7/site-packages/airflow/example_dags/example_branch_day_of_week_operator.py for tasks to queue
[2023-08-11T08:02:59.908+0000] {logging_mixin.py:150} INFO - [2023-08-11T08:02:59.908+0000] {dagbag.py:541} INFO - Filling up the DagBag from /home/airflow/.local/lib/python3.7/site-packages/airflow/example_dags/example_branch_day_of_week_operator.py
[2023-08-11T08:02:59.917+0000] {processor.py:836} INFO - DAG(s) dict_keys(['example_weekday_branch_operator']) retrieved from /home/airflow/.local/lib/python3.7/site-packages/airflow/example_dags/example_branch_day_of_week_operator.py
[2023-08-11T08:02:59.953+0000] {logging_mixin.py:150} INFO - [2023-08-11T08:02:59.953+0000] {dag.py:2742} INFO - Sync 1 DAGs
[2023-08-11T08:02:59.985+0000] {logging_mixin.py:150} INFO - [2023-08-11T08:02:59.985+0000] {dag.py:3508} INFO - Setting next_dagrun for example_weekday_branch_operator to 2023-08-10T00:00:00+00:00, run_after=2023-08-11T00:00:00+00:00
[2023-08-11T08:03:00.014+0000] {processor.py:179} INFO - Processing /home/airflow/.local/lib/python3.7/site-packages/airflow/example_dags/example_branch_day_of_week_operator.py took 0.112 seconds
[2023-08-11T08:03:30.327+0000] {processor.py:157} INFO - Started process (PID=1446) to work on /home/airflow/.local/lib/python3.7/site-packages/airflow/example_dags/example_branch_day_of_week_operator.py
[2023-08-11T08:03:30.328+0000] {processor.py:826} INFO - Processing file /home/airflow/.local/lib/python3.7/site-packages/airflow/example_dags/example_branch_day_of_week_operator.py for tasks to queue
[2023-08-11T08:03:30.329+0000] {logging_mixin.py:150} INFO - [2023-08-11T08:03:30.329+0000] {dagbag.py:541} INFO - Filling up the DagBag from /home/airflow/.local/lib/python3.7/site-packages/airflow/example_dags/example_branch_day_of_week_operator.py
[2023-08-11T08:03:30.336+0000] {processor.py:836} INFO - DAG(s) dict_keys(['example_weekday_branch_operator']) retrieved from /home/airflow/.local/lib/python3.7/site-packages/airflow/example_dags/example_branch_day_of_week_operator.py
[2023-08-11T08:03:30.361+0000] {logging_mixin.py:150} INFO - [2023-08-11T08:03:30.361+0000] {dag.py:2742} INFO - Sync 1 DAGs
[2023-08-11T08:03:30.387+0000] {logging_mixin.py:150} INFO - [2023-08-11T08:03:30.387+0000] {dag.py:3508} INFO - Setting next_dagrun for example_weekday_branch_operator to 2023-08-10T00:00:00+00:00, run_after=2023-08-11T00:00:00+00:00
[2023-08-11T08:03:30.406+0000] {processor.py:179} INFO - Processing /home/airflow/.local/lib/python3.7/site-packages/airflow/example_dags/example_branch_day_of_week_operator.py took 0.082 seconds
[2023-08-11T08:04:01.025+0000] {processor.py:157} INFO - Started process (PID=1512) to work on /home/airflow/.local/lib/python3.7/site-packages/airflow/example_dags/example_branch_day_of_week_operator.py
[2023-08-11T08:04:01.026+0000] {processor.py:826} INFO - Processing file /home/airflow/.local/lib/python3.7/site-packages/airflow/example_dags/example_branch_day_of_week_operator.py for tasks to queue
[2023-08-11T08:04:01.027+0000] {logging_mixin.py:150} INFO - [2023-08-11T08:04:01.026+0000] {dagbag.py:541} INFO - Filling up the DagBag from /home/airflow/.local/lib/python3.7/site-packages/airflow/example_dags/example_branch_day_of_week_operator.py
[2023-08-11T08:04:01.035+0000] {processor.py:836} INFO - DAG(s) dict_keys(['example_weekday_branch_operator']) retrieved from /home/airflow/.local/lib/python3.7/site-packages/airflow/example_dags/example_branch_day_of_week_operator.py
[2023-08-11T08:04:01.064+0000] {logging_mixin.py:150} INFO - [2023-08-11T08:04:01.063+0000] {dag.py:2742} INFO - Sync 1 DAGs
[2023-08-11T08:04:01.094+0000] {logging_mixin.py:150} INFO - [2023-08-11T08:04:01.094+0000] {dag.py:3508} INFO - Setting next_dagrun for example_weekday_branch_operator to 2023-08-10T00:00:00+00:00, run_after=2023-08-11T00:00:00+00:00
[2023-08-11T08:04:01.119+0000] {processor.py:179} INFO - Processing /home/airflow/.local/lib/python3.7/site-packages/airflow/example_dags/example_branch_day_of_week_operator.py took 0.100 seconds
[2023-08-11T08:04:32.093+0000] {processor.py:157} INFO - Started process (PID=1593) to work on /home/airflow/.local/lib/python3.7/site-packages/airflow/example_dags/example_branch_day_of_week_operator.py
[2023-08-11T08:04:32.093+0000] {processor.py:826} INFO - Processing file /home/airflow/.local/lib/python3.7/site-packages/airflow/example_dags/example_branch_day_of_week_operator.py for tasks to queue
[2023-08-11T08:04:32.094+0000] {logging_mixin.py:150} INFO - [2023-08-11T08:04:32.094+0000] {dagbag.py:541} INFO - Filling up the DagBag from /home/airflow/.local/lib/python3.7/site-packages/airflow/example_dags/example_branch_day_of_week_operator.py
[2023-08-11T08:04:32.101+0000] {processor.py:836} INFO - DAG(s) dict_keys(['example_weekday_branch_operator']) retrieved from /home/airflow/.local/lib/python3.7/site-packages/airflow/example_dags/example_branch_day_of_week_operator.py
[2023-08-11T08:04:32.122+0000] {logging_mixin.py:150} INFO - [2023-08-11T08:04:32.122+0000] {dag.py:2742} INFO - Sync 1 DAGs
[2023-08-11T08:04:32.145+0000] {logging_mixin.py:150} INFO - [2023-08-11T08:04:32.145+0000] {dag.py:3508} INFO - Setting next_dagrun for example_weekday_branch_operator to 2023-08-10T00:00:00+00:00, run_after=2023-08-11T00:00:00+00:00
[2023-08-11T08:04:32.168+0000] {processor.py:179} INFO - Processing /home/airflow/.local/lib/python3.7/site-packages/airflow/example_dags/example_branch_day_of_week_operator.py took 0.078 seconds
[2023-08-11T08:05:02.852+0000] {processor.py:157} INFO - Started process (PID=1659) to work on /home/airflow/.local/lib/python3.7/site-packages/airflow/example_dags/example_branch_day_of_week_operator.py
[2023-08-11T08:05:02.853+0000] {processor.py:826} INFO - Processing file /home/airflow/.local/lib/python3.7/site-packages/airflow/example_dags/example_branch_day_of_week_operator.py for tasks to queue
[2023-08-11T08:05:02.854+0000] {logging_mixin.py:150} INFO - [2023-08-11T08:05:02.854+0000] {dagbag.py:541} INFO - Filling up the DagBag from /home/airflow/.local/lib/python3.7/site-packages/airflow/example_dags/example_branch_day_of_week_operator.py
[2023-08-11T08:05:02.860+0000] {processor.py:836} INFO - DAG(s) dict_keys(['example_weekday_branch_operator']) retrieved from /home/airflow/.local/lib/python3.7/site-packages/airflow/example_dags/example_branch_day_of_week_operator.py
[2023-08-11T08:05:02.886+0000] {logging_mixin.py:150} INFO - [2023-08-11T08:05:02.886+0000] {dag.py:2742} INFO - Sync 1 DAGs
[2023-08-11T08:05:02.909+0000] {logging_mixin.py:150} INFO - [2023-08-11T08:05:02.909+0000] {dag.py:3508} INFO - Setting next_dagrun for example_weekday_branch_operator to 2023-08-10T00:00:00+00:00, run_after=2023-08-11T00:00:00+00:00
[2023-08-11T08:05:02.930+0000] {processor.py:179} INFO - Processing /home/airflow/.local/lib/python3.7/site-packages/airflow/example_dags/example_branch_day_of_week_operator.py took 0.082 seconds
[2023-08-11T08:05:33.721+0000] {processor.py:157} INFO - Started process (PID=1726) to work on /home/airflow/.local/lib/python3.7/site-packages/airflow/example_dags/example_branch_day_of_week_operator.py
[2023-08-11T08:05:33.723+0000] {processor.py:826} INFO - Processing file /home/airflow/.local/lib/python3.7/site-packages/airflow/example_dags/example_branch_day_of_week_operator.py for tasks to queue
[2023-08-11T08:05:33.725+0000] {logging_mixin.py:150} INFO - [2023-08-11T08:05:33.724+0000] {dagbag.py:541} INFO - Filling up the DagBag from /home/airflow/.local/lib/python3.7/site-packages/airflow/example_dags/example_branch_day_of_week_operator.py
[2023-08-11T08:05:33.738+0000] {processor.py:836} INFO - DAG(s) dict_keys(['example_weekday_branch_operator']) retrieved from /home/airflow/.local/lib/python3.7/site-packages/airflow/example_dags/example_branch_day_of_week_operator.py
[2023-08-11T08:05:33.774+0000] {logging_mixin.py:150} INFO - [2023-08-11T08:05:33.773+0000] {dag.py:2742} INFO - Sync 1 DAGs
[2023-08-11T08:05:33.815+0000] {logging_mixin.py:150} INFO - [2023-08-11T08:05:33.815+0000] {dag.py:3508} INFO - Setting next_dagrun for example_weekday_branch_operator to 2023-08-10T00:00:00+00:00, run_after=2023-08-11T00:00:00+00:00
[2023-08-11T08:05:33.848+0000] {processor.py:179} INFO - Processing /home/airflow/.local/lib/python3.7/site-packages/airflow/example_dags/example_branch_day_of_week_operator.py took 0.132 seconds
[2023-08-11T08:06:04.758+0000] {processor.py:157} INFO - Started process (PID=1793) to work on /home/airflow/.local/lib/python3.7/site-packages/airflow/example_dags/example_branch_day_of_week_operator.py
[2023-08-11T08:06:04.759+0000] {processor.py:826} INFO - Processing file /home/airflow/.local/lib/python3.7/site-packages/airflow/example_dags/example_branch_day_of_week_operator.py for tasks to queue
[2023-08-11T08:06:04.761+0000] {logging_mixin.py:150} INFO - [2023-08-11T08:06:04.760+0000] {dagbag.py:541} INFO - Filling up the DagBag from /home/airflow/.local/lib/python3.7/site-packages/airflow/example_dags/example_branch_day_of_week_operator.py
[2023-08-11T08:06:04.771+0000] {processor.py:836} INFO - DAG(s) dict_keys(['example_weekday_branch_operator']) retrieved from /home/airflow/.local/lib/python3.7/site-packages/airflow/example_dags/example_branch_day_of_week_operator.py
[2023-08-11T08:06:04.821+0000] {logging_mixin.py:150} INFO - [2023-08-11T08:06:04.821+0000] {dag.py:2742} INFO - Sync 1 DAGs
[2023-08-11T08:06:04.872+0000] {logging_mixin.py:150} INFO - [2023-08-11T08:06:04.872+0000] {dag.py:3508} INFO - Setting next_dagrun for example_weekday_branch_operator to 2023-08-10T00:00:00+00:00, run_after=2023-08-11T00:00:00+00:00
[2023-08-11T08:06:04.924+0000] {processor.py:179} INFO - Processing /home/airflow/.local/lib/python3.7/site-packages/airflow/example_dags/example_branch_day_of_week_operator.py took 0.174 seconds
[2023-08-11T08:06:35.782+0000] {processor.py:157} INFO - Started process (PID=1863) to work on /home/airflow/.local/lib/python3.7/site-packages/airflow/example_dags/example_branch_day_of_week_operator.py
[2023-08-11T08:06:35.783+0000] {processor.py:826} INFO - Processing file /home/airflow/.local/lib/python3.7/site-packages/airflow/example_dags/example_branch_day_of_week_operator.py for tasks to queue
[2023-08-11T08:06:35.785+0000] {logging_mixin.py:150} INFO - [2023-08-11T08:06:35.785+0000] {dagbag.py:541} INFO - Filling up the DagBag from /home/airflow/.local/lib/python3.7/site-packages/airflow/example_dags/example_branch_day_of_week_operator.py
[2023-08-11T08:06:35.805+0000] {processor.py:836} INFO - DAG(s) dict_keys(['example_weekday_branch_operator']) retrieved from /home/airflow/.local/lib/python3.7/site-packages/airflow/example_dags/example_branch_day_of_week_operator.py
[2023-08-11T08:06:35.858+0000] {logging_mixin.py:150} INFO - [2023-08-11T08:06:35.857+0000] {dag.py:2742} INFO - Sync 1 DAGs
[2023-08-11T08:06:35.907+0000] {logging_mixin.py:150} INFO - [2023-08-11T08:06:35.906+0000] {dag.py:3508} INFO - Setting next_dagrun for example_weekday_branch_operator to 2023-08-10T00:00:00+00:00, run_after=2023-08-11T00:00:00+00:00
[2023-08-11T08:06:35.954+0000] {processor.py:179} INFO - Processing /home/airflow/.local/lib/python3.7/site-packages/airflow/example_dags/example_branch_day_of_week_operator.py took 0.177 seconds
[2023-08-11T08:07:06.394+0000] {processor.py:157} INFO - Started process (PID=1931) to work on /home/airflow/.local/lib/python3.7/site-packages/airflow/example_dags/example_branch_day_of_week_operator.py
[2023-08-11T08:07:06.395+0000] {processor.py:826} INFO - Processing file /home/airflow/.local/lib/python3.7/site-packages/airflow/example_dags/example_branch_day_of_week_operator.py for tasks to queue
[2023-08-11T08:07:06.396+0000] {logging_mixin.py:150} INFO - [2023-08-11T08:07:06.396+0000] {dagbag.py:541} INFO - Filling up the DagBag from /home/airflow/.local/lib/python3.7/site-packages/airflow/example_dags/example_branch_day_of_week_operator.py
[2023-08-11T08:07:06.404+0000] {processor.py:836} INFO - DAG(s) dict_keys(['example_weekday_branch_operator']) retrieved from /home/airflow/.local/lib/python3.7/site-packages/airflow/example_dags/example_branch_day_of_week_operator.py
[2023-08-11T08:07:06.435+0000] {logging_mixin.py:150} INFO - [2023-08-11T08:07:06.435+0000] {dag.py:2742} INFO - Sync 1 DAGs
[2023-08-11T08:07:06.474+0000] {logging_mixin.py:150} INFO - [2023-08-11T08:07:06.474+0000] {dag.py:3508} INFO - Setting next_dagrun for example_weekday_branch_operator to 2023-08-10T00:00:00+00:00, run_after=2023-08-11T00:00:00+00:00
[2023-08-11T08:07:06.505+0000] {processor.py:179} INFO - Processing /home/airflow/.local/lib/python3.7/site-packages/airflow/example_dags/example_branch_day_of_week_operator.py took 0.114 seconds
[2023-08-11T08:07:36.719+0000] {processor.py:157} INFO - Started process (PID=2000) to work on /home/airflow/.local/lib/python3.7/site-packages/airflow/example_dags/example_branch_day_of_week_operator.py
[2023-08-11T08:07:36.720+0000] {processor.py:826} INFO - Processing file /home/airflow/.local/lib/python3.7/site-packages/airflow/example_dags/example_branch_day_of_week_operator.py for tasks to queue
[2023-08-11T08:07:36.721+0000] {logging_mixin.py:150} INFO - [2023-08-11T08:07:36.720+0000] {dagbag.py:541} INFO - Filling up the DagBag from /home/airflow/.local/lib/python3.7/site-packages/airflow/example_dags/example_branch_day_of_week_operator.py
[2023-08-11T08:07:36.729+0000] {processor.py:836} INFO - DAG(s) dict_keys(['example_weekday_branch_operator']) retrieved from /home/airflow/.local/lib/python3.7/site-packages/airflow/example_dags/example_branch_day_of_week_operator.py
[2023-08-11T08:07:36.754+0000] {logging_mixin.py:150} INFO - [2023-08-11T08:07:36.753+0000] {dag.py:2742} INFO - Sync 1 DAGs
[2023-08-11T08:07:36.776+0000] {logging_mixin.py:150} INFO - [2023-08-11T08:07:36.776+0000] {dag.py:3508} INFO - Setting next_dagrun for example_weekday_branch_operator to 2023-08-10T00:00:00+00:00, run_after=2023-08-11T00:00:00+00:00
[2023-08-11T08:07:36.799+0000] {processor.py:179} INFO - Processing /home/airflow/.local/lib/python3.7/site-packages/airflow/example_dags/example_branch_day_of_week_operator.py took 0.083 seconds
[2023-08-11T08:08:06.995+0000] {processor.py:157} INFO - Started process (PID=2066) to work on /home/airflow/.local/lib/python3.7/site-packages/airflow/example_dags/example_branch_day_of_week_operator.py
[2023-08-11T08:08:06.996+0000] {processor.py:826} INFO - Processing file /home/airflow/.local/lib/python3.7/site-packages/airflow/example_dags/example_branch_day_of_week_operator.py for tasks to queue
[2023-08-11T08:08:06.997+0000] {logging_mixin.py:150} INFO - [2023-08-11T08:08:06.997+0000] {dagbag.py:541} INFO - Filling up the DagBag from /home/airflow/.local/lib/python3.7/site-packages/airflow/example_dags/example_branch_day_of_week_operator.py
[2023-08-11T08:08:07.003+0000] {processor.py:836} INFO - DAG(s) dict_keys(['example_weekday_branch_operator']) retrieved from /home/airflow/.local/lib/python3.7/site-packages/airflow/example_dags/example_branch_day_of_week_operator.py
[2023-08-11T08:08:07.029+0000] {logging_mixin.py:150} INFO - [2023-08-11T08:08:07.029+0000] {dag.py:2742} INFO - Sync 1 DAGs
[2023-08-11T08:08:07.054+0000] {logging_mixin.py:150} INFO - [2023-08-11T08:08:07.054+0000] {dag.py:3508} INFO - Setting next_dagrun for example_weekday_branch_operator to 2023-08-10T00:00:00+00:00, run_after=2023-08-11T00:00:00+00:00
[2023-08-11T08:08:07.075+0000] {processor.py:179} INFO - Processing /home/airflow/.local/lib/python3.7/site-packages/airflow/example_dags/example_branch_day_of_week_operator.py took 0.084 seconds
[2023-08-11T08:08:37.586+0000] {processor.py:157} INFO - Started process (PID=2132) to work on /home/airflow/.local/lib/python3.7/site-packages/airflow/example_dags/example_branch_day_of_week_operator.py
[2023-08-11T08:08:37.586+0000] {processor.py:826} INFO - Processing file /home/airflow/.local/lib/python3.7/site-packages/airflow/example_dags/example_branch_day_of_week_operator.py for tasks to queue
[2023-08-11T08:08:37.587+0000] {logging_mixin.py:150} INFO - [2023-08-11T08:08:37.587+0000] {dagbag.py:541} INFO - Filling up the DagBag from /home/airflow/.local/lib/python3.7/site-packages/airflow/example_dags/example_branch_day_of_week_operator.py
[2023-08-11T08:08:37.594+0000] {processor.py:836} INFO - DAG(s) dict_keys(['example_weekday_branch_operator']) retrieved from /home/airflow/.local/lib/python3.7/site-packages/airflow/example_dags/example_branch_day_of_week_operator.py
[2023-08-11T08:08:37.617+0000] {logging_mixin.py:150} INFO - [2023-08-11T08:08:37.617+0000] {dag.py:2742} INFO - Sync 1 DAGs
[2023-08-11T08:08:37.640+0000] {logging_mixin.py:150} INFO - [2023-08-11T08:08:37.639+0000] {dag.py:3508} INFO - Setting next_dagrun for example_weekday_branch_operator to 2023-08-10T00:00:00+00:00, run_after=2023-08-11T00:00:00+00:00
[2023-08-11T08:08:37.667+0000] {processor.py:179} INFO - Processing /home/airflow/.local/lib/python3.7/site-packages/airflow/example_dags/example_branch_day_of_week_operator.py took 0.084 seconds
[2023-08-11T08:09:08.062+0000] {processor.py:157} INFO - Started process (PID=2198) to work on /home/airflow/.local/lib/python3.7/site-packages/airflow/example_dags/example_branch_day_of_week_operator.py
[2023-08-11T08:09:08.064+0000] {processor.py:826} INFO - Processing file /home/airflow/.local/lib/python3.7/site-packages/airflow/example_dags/example_branch_day_of_week_operator.py for tasks to queue
[2023-08-11T08:09:08.065+0000] {logging_mixin.py:150} INFO - [2023-08-11T08:09:08.064+0000] {dagbag.py:541} INFO - Filling up the DagBag from /home/airflow/.local/lib/python3.7/site-packages/airflow/example_dags/example_branch_day_of_week_operator.py
[2023-08-11T08:09:08.071+0000] {processor.py:836} INFO - DAG(s) dict_keys(['example_weekday_branch_operator']) retrieved from /home/airflow/.local/lib/python3.7/site-packages/airflow/example_dags/example_branch_day_of_week_operator.py
[2023-08-11T08:09:08.097+0000] {logging_mixin.py:150} INFO - [2023-08-11T08:09:08.097+0000] {dag.py:2742} INFO - Sync 1 DAGs
[2023-08-11T08:09:08.120+0000] {logging_mixin.py:150} INFO - [2023-08-11T08:09:08.120+0000] {dag.py:3508} INFO - Setting next_dagrun for example_weekday_branch_operator to 2023-08-10T00:00:00+00:00, run_after=2023-08-11T00:00:00+00:00
[2023-08-11T08:09:08.141+0000] {processor.py:179} INFO - Processing /home/airflow/.local/lib/python3.7/site-packages/airflow/example_dags/example_branch_day_of_week_operator.py took 0.082 seconds
[2023-08-11T08:09:38.360+0000] {processor.py:157} INFO - Started process (PID=2264) to work on /home/airflow/.local/lib/python3.7/site-packages/airflow/example_dags/example_branch_day_of_week_operator.py
[2023-08-11T08:09:38.361+0000] {processor.py:826} INFO - Processing file /home/airflow/.local/lib/python3.7/site-packages/airflow/example_dags/example_branch_day_of_week_operator.py for tasks to queue
[2023-08-11T08:09:38.361+0000] {logging_mixin.py:150} INFO - [2023-08-11T08:09:38.361+0000] {dagbag.py:541} INFO - Filling up the DagBag from /home/airflow/.local/lib/python3.7/site-packages/airflow/example_dags/example_branch_day_of_week_operator.py
[2023-08-11T08:09:38.369+0000] {processor.py:836} INFO - DAG(s) dict_keys(['example_weekday_branch_operator']) retrieved from /home/airflow/.local/lib/python3.7/site-packages/airflow/example_dags/example_branch_day_of_week_operator.py
[2023-08-11T08:09:38.394+0000] {logging_mixin.py:150} INFO - [2023-08-11T08:09:38.394+0000] {dag.py:2742} INFO - Sync 1 DAGs
[2023-08-11T08:09:38.420+0000] {logging_mixin.py:150} INFO - [2023-08-11T08:09:38.420+0000] {dag.py:3508} INFO - Setting next_dagrun for example_weekday_branch_operator to 2023-08-10T00:00:00+00:00, run_after=2023-08-11T00:00:00+00:00
[2023-08-11T08:09:38.442+0000] {processor.py:179} INFO - Processing /home/airflow/.local/lib/python3.7/site-packages/airflow/example_dags/example_branch_day_of_week_operator.py took 0.084 seconds
[2023-08-11T08:10:08.718+0000] {processor.py:157} INFO - Started process (PID=2330) to work on /home/airflow/.local/lib/python3.7/site-packages/airflow/example_dags/example_branch_day_of_week_operator.py
[2023-08-11T08:10:08.720+0000] {processor.py:826} INFO - Processing file /home/airflow/.local/lib/python3.7/site-packages/airflow/example_dags/example_branch_day_of_week_operator.py for tasks to queue
[2023-08-11T08:10:08.722+0000] {logging_mixin.py:150} INFO - [2023-08-11T08:10:08.721+0000] {dagbag.py:541} INFO - Filling up the DagBag from /home/airflow/.local/lib/python3.7/site-packages/airflow/example_dags/example_branch_day_of_week_operator.py
[2023-08-11T08:10:08.733+0000] {processor.py:836} INFO - DAG(s) dict_keys(['example_weekday_branch_operator']) retrieved from /home/airflow/.local/lib/python3.7/site-packages/airflow/example_dags/example_branch_day_of_week_operator.py
[2023-08-11T08:10:08.783+0000] {logging_mixin.py:150} INFO - [2023-08-11T08:10:08.782+0000] {dag.py:2742} INFO - Sync 1 DAGs
[2023-08-11T08:10:08.837+0000] {logging_mixin.py:150} INFO - [2023-08-11T08:10:08.836+0000] {dag.py:3508} INFO - Setting next_dagrun for example_weekday_branch_operator to 2023-08-10T00:00:00+00:00, run_after=2023-08-11T00:00:00+00:00
[2023-08-11T08:10:08.886+0000] {processor.py:179} INFO - Processing /home/airflow/.local/lib/python3.7/site-packages/airflow/example_dags/example_branch_day_of_week_operator.py took 0.179 seconds
[2023-08-11T08:10:39.255+0000] {processor.py:157} INFO - Started process (PID=2396) to work on /home/airflow/.local/lib/python3.7/site-packages/airflow/example_dags/example_branch_day_of_week_operator.py
[2023-08-11T08:10:39.256+0000] {processor.py:826} INFO - Processing file /home/airflow/.local/lib/python3.7/site-packages/airflow/example_dags/example_branch_day_of_week_operator.py for tasks to queue
[2023-08-11T08:10:39.257+0000] {logging_mixin.py:150} INFO - [2023-08-11T08:10:39.257+0000] {dagbag.py:541} INFO - Filling up the DagBag from /home/airflow/.local/lib/python3.7/site-packages/airflow/example_dags/example_branch_day_of_week_operator.py
[2023-08-11T08:10:39.268+0000] {processor.py:836} INFO - DAG(s) dict_keys(['example_weekday_branch_operator']) retrieved from /home/airflow/.local/lib/python3.7/site-packages/airflow/example_dags/example_branch_day_of_week_operator.py
[2023-08-11T08:10:39.318+0000] {logging_mixin.py:150} INFO - [2023-08-11T08:10:39.317+0000] {dag.py:2742} INFO - Sync 1 DAGs
[2023-08-11T08:10:39.378+0000] {logging_mixin.py:150} INFO - [2023-08-11T08:10:39.378+0000] {dag.py:3508} INFO - Setting next_dagrun for example_weekday_branch_operator to 2023-08-10T00:00:00+00:00, run_after=2023-08-11T00:00:00+00:00
[2023-08-11T08:10:39.420+0000] {processor.py:179} INFO - Processing /home/airflow/.local/lib/python3.7/site-packages/airflow/example_dags/example_branch_day_of_week_operator.py took 0.169 seconds
[2023-08-11T08:11:10.131+0000] {processor.py:157} INFO - Started process (PID=2463) to work on /home/airflow/.local/lib/python3.7/site-packages/airflow/example_dags/example_branch_day_of_week_operator.py
[2023-08-11T08:11:10.132+0000] {processor.py:826} INFO - Processing file /home/airflow/.local/lib/python3.7/site-packages/airflow/example_dags/example_branch_day_of_week_operator.py for tasks to queue
[2023-08-11T08:11:10.133+0000] {logging_mixin.py:150} INFO - [2023-08-11T08:11:10.133+0000] {dagbag.py:541} INFO - Filling up the DagBag from /home/airflow/.local/lib/python3.7/site-packages/airflow/example_dags/example_branch_day_of_week_operator.py
[2023-08-11T08:11:10.140+0000] {processor.py:836} INFO - DAG(s) dict_keys(['example_weekday_branch_operator']) retrieved from /home/airflow/.local/lib/python3.7/site-packages/airflow/example_dags/example_branch_day_of_week_operator.py
[2023-08-11T08:11:10.173+0000] {logging_mixin.py:150} INFO - [2023-08-11T08:11:10.173+0000] {dag.py:2742} INFO - Sync 1 DAGs
[2023-08-11T08:11:10.198+0000] {logging_mixin.py:150} INFO - [2023-08-11T08:11:10.198+0000] {dag.py:3508} INFO - Setting next_dagrun for example_weekday_branch_operator to 2023-08-10T00:00:00+00:00, run_after=2023-08-11T00:00:00+00:00
[2023-08-11T08:11:10.223+0000] {processor.py:179} INFO - Processing /home/airflow/.local/lib/python3.7/site-packages/airflow/example_dags/example_branch_day_of_week_operator.py took 0.095 seconds
[2023-08-11T08:11:40.847+0000] {processor.py:157} INFO - Started process (PID=2529) to work on /home/airflow/.local/lib/python3.7/site-packages/airflow/example_dags/example_branch_day_of_week_operator.py
[2023-08-11T08:11:40.847+0000] {processor.py:826} INFO - Processing file /home/airflow/.local/lib/python3.7/site-packages/airflow/example_dags/example_branch_day_of_week_operator.py for tasks to queue
[2023-08-11T08:11:40.848+0000] {logging_mixin.py:150} INFO - [2023-08-11T08:11:40.848+0000] {dagbag.py:541} INFO - Filling up the DagBag from /home/airflow/.local/lib/python3.7/site-packages/airflow/example_dags/example_branch_day_of_week_operator.py
[2023-08-11T08:11:40.857+0000] {processor.py:836} INFO - DAG(s) dict_keys(['example_weekday_branch_operator']) retrieved from /home/airflow/.local/lib/python3.7/site-packages/airflow/example_dags/example_branch_day_of_week_operator.py
[2023-08-11T08:11:40.881+0000] {logging_mixin.py:150} INFO - [2023-08-11T08:11:40.881+0000] {dag.py:2742} INFO - Sync 1 DAGs
[2023-08-11T08:11:40.907+0000] {logging_mixin.py:150} INFO - [2023-08-11T08:11:40.907+0000] {dag.py:3508} INFO - Setting next_dagrun for example_weekday_branch_operator to 2023-08-10T00:00:00+00:00, run_after=2023-08-11T00:00:00+00:00
[2023-08-11T08:11:40.928+0000] {processor.py:179} INFO - Processing /home/airflow/.local/lib/python3.7/site-packages/airflow/example_dags/example_branch_day_of_week_operator.py took 0.084 seconds
[2023-08-11T08:12:11.408+0000] {processor.py:157} INFO - Started process (PID=2595) to work on /home/airflow/.local/lib/python3.7/site-packages/airflow/example_dags/example_branch_day_of_week_operator.py
[2023-08-11T08:12:11.410+0000] {processor.py:826} INFO - Processing file /home/airflow/.local/lib/python3.7/site-packages/airflow/example_dags/example_branch_day_of_week_operator.py for tasks to queue
[2023-08-11T08:12:11.411+0000] {logging_mixin.py:150} INFO - [2023-08-11T08:12:11.411+0000] {dagbag.py:541} INFO - Filling up the DagBag from /home/airflow/.local/lib/python3.7/site-packages/airflow/example_dags/example_branch_day_of_week_operator.py
[2023-08-11T08:12:11.417+0000] {processor.py:836} INFO - DAG(s) dict_keys(['example_weekday_branch_operator']) retrieved from /home/airflow/.local/lib/python3.7/site-packages/airflow/example_dags/example_branch_day_of_week_operator.py
[2023-08-11T08:12:11.446+0000] {logging_mixin.py:150} INFO - [2023-08-11T08:12:11.445+0000] {dag.py:2742} INFO - Sync 1 DAGs
[2023-08-11T08:12:11.469+0000] {logging_mixin.py:150} INFO - [2023-08-11T08:12:11.469+0000] {dag.py:3508} INFO - Setting next_dagrun for example_weekday_branch_operator to 2023-08-10T00:00:00+00:00, run_after=2023-08-11T00:00:00+00:00
[2023-08-11T08:12:11.496+0000] {processor.py:179} INFO - Processing /home/airflow/.local/lib/python3.7/site-packages/airflow/example_dags/example_branch_day_of_week_operator.py took 0.090 seconds
[2023-08-11T08:12:41.882+0000] {processor.py:157} INFO - Started process (PID=2661) to work on /home/airflow/.local/lib/python3.7/site-packages/airflow/example_dags/example_branch_day_of_week_operator.py
[2023-08-11T08:12:41.883+0000] {processor.py:826} INFO - Processing file /home/airflow/.local/lib/python3.7/site-packages/airflow/example_dags/example_branch_day_of_week_operator.py for tasks to queue
[2023-08-11T08:12:41.884+0000] {logging_mixin.py:150} INFO - [2023-08-11T08:12:41.884+0000] {dagbag.py:541} INFO - Filling up the DagBag from /home/airflow/.local/lib/python3.7/site-packages/airflow/example_dags/example_branch_day_of_week_operator.py
[2023-08-11T08:12:41.895+0000] {processor.py:836} INFO - DAG(s) dict_keys(['example_weekday_branch_operator']) retrieved from /home/airflow/.local/lib/python3.7/site-packages/airflow/example_dags/example_branch_day_of_week_operator.py
[2023-08-11T08:12:41.928+0000] {logging_mixin.py:150} INFO - [2023-08-11T08:12:41.927+0000] {dag.py:2742} INFO - Sync 1 DAGs
[2023-08-11T08:12:41.964+0000] {logging_mixin.py:150} INFO - [2023-08-11T08:12:41.963+0000] {dag.py:3508} INFO - Setting next_dagrun for example_weekday_branch_operator to 2023-08-10T00:00:00+00:00, run_after=2023-08-11T00:00:00+00:00
[2023-08-11T08:12:41.993+0000] {processor.py:179} INFO - Processing /home/airflow/.local/lib/python3.7/site-packages/airflow/example_dags/example_branch_day_of_week_operator.py took 0.114 seconds
[2023-08-11T08:13:12.908+0000] {processor.py:157} INFO - Started process (PID=2727) to work on /home/airflow/.local/lib/python3.7/site-packages/airflow/example_dags/example_branch_day_of_week_operator.py
[2023-08-11T08:13:12.909+0000] {processor.py:826} INFO - Processing file /home/airflow/.local/lib/python3.7/site-packages/airflow/example_dags/example_branch_day_of_week_operator.py for tasks to queue
[2023-08-11T08:13:12.910+0000] {logging_mixin.py:150} INFO - [2023-08-11T08:13:12.910+0000] {dagbag.py:541} INFO - Filling up the DagBag from /home/airflow/.local/lib/python3.7/site-packages/airflow/example_dags/example_branch_day_of_week_operator.py
[2023-08-11T08:13:12.916+0000] {processor.py:836} INFO - DAG(s) dict_keys(['example_weekday_branch_operator']) retrieved from /home/airflow/.local/lib/python3.7/site-packages/airflow/example_dags/example_branch_day_of_week_operator.py
[2023-08-11T08:13:12.947+0000] {logging_mixin.py:150} INFO - [2023-08-11T08:13:12.947+0000] {dag.py:2742} INFO - Sync 1 DAGs
[2023-08-11T08:13:13.014+0000] {logging_mixin.py:150} INFO - [2023-08-11T08:13:13.013+0000] {dag.py:3508} INFO - Setting next_dagrun for example_weekday_branch_operator to 2023-08-10T00:00:00+00:00, run_after=2023-08-11T00:00:00+00:00
[2023-08-11T08:13:13.036+0000] {processor.py:179} INFO - Processing /home/airflow/.local/lib/python3.7/site-packages/airflow/example_dags/example_branch_day_of_week_operator.py took 0.132 seconds
[2023-08-11T08:13:43.999+0000] {processor.py:157} INFO - Started process (PID=2793) to work on /home/airflow/.local/lib/python3.7/site-packages/airflow/example_dags/example_branch_day_of_week_operator.py
[2023-08-11T08:13:44.000+0000] {processor.py:826} INFO - Processing file /home/airflow/.local/lib/python3.7/site-packages/airflow/example_dags/example_branch_day_of_week_operator.py for tasks to queue
[2023-08-11T08:13:44.001+0000] {logging_mixin.py:150} INFO - [2023-08-11T08:13:44.001+0000] {dagbag.py:541} INFO - Filling up the DagBag from /home/airflow/.local/lib/python3.7/site-packages/airflow/example_dags/example_branch_day_of_week_operator.py
[2023-08-11T08:13:44.010+0000] {processor.py:836} INFO - DAG(s) dict_keys(['example_weekday_branch_operator']) retrieved from /home/airflow/.local/lib/python3.7/site-packages/airflow/example_dags/example_branch_day_of_week_operator.py
[2023-08-11T08:13:44.036+0000] {logging_mixin.py:150} INFO - [2023-08-11T08:13:44.036+0000] {dag.py:2742} INFO - Sync 1 DAGs
[2023-08-11T08:13:44.062+0000] {logging_mixin.py:150} INFO - [2023-08-11T08:13:44.062+0000] {dag.py:3508} INFO - Setting next_dagrun for example_weekday_branch_operator to 2023-08-10T00:00:00+00:00, run_after=2023-08-11T00:00:00+00:00
[2023-08-11T08:13:44.086+0000] {processor.py:179} INFO - Processing /home/airflow/.local/lib/python3.7/site-packages/airflow/example_dags/example_branch_day_of_week_operator.py took 0.089 seconds
[2023-08-11T08:14:14.160+0000] {processor.py:157} INFO - Started process (PID=2858) to work on /home/airflow/.local/lib/python3.7/site-packages/airflow/example_dags/example_branch_day_of_week_operator.py
[2023-08-11T08:14:14.167+0000] {processor.py:826} INFO - Processing file /home/airflow/.local/lib/python3.7/site-packages/airflow/example_dags/example_branch_day_of_week_operator.py for tasks to queue
[2023-08-11T08:14:14.168+0000] {logging_mixin.py:150} INFO - [2023-08-11T08:14:14.168+0000] {dagbag.py:541} INFO - Filling up the DagBag from /home/airflow/.local/lib/python3.7/site-packages/airflow/example_dags/example_branch_day_of_week_operator.py
[2023-08-11T08:14:14.176+0000] {processor.py:836} INFO - DAG(s) dict_keys(['example_weekday_branch_operator']) retrieved from /home/airflow/.local/lib/python3.7/site-packages/airflow/example_dags/example_branch_day_of_week_operator.py
[2023-08-11T08:14:14.201+0000] {logging_mixin.py:150} INFO - [2023-08-11T08:14:14.201+0000] {dag.py:2742} INFO - Sync 1 DAGs
[2023-08-11T08:14:14.223+0000] {logging_mixin.py:150} INFO - [2023-08-11T08:14:14.223+0000] {dag.py:3508} INFO - Setting next_dagrun for example_weekday_branch_operator to 2023-08-10T00:00:00+00:00, run_after=2023-08-11T00:00:00+00:00
[2023-08-11T08:14:14.244+0000] {processor.py:179} INFO - Processing /home/airflow/.local/lib/python3.7/site-packages/airflow/example_dags/example_branch_day_of_week_operator.py took 0.088 seconds
[2023-08-11T08:14:44.390+0000] {processor.py:157} INFO - Started process (PID=2925) to work on /home/airflow/.local/lib/python3.7/site-packages/airflow/example_dags/example_branch_day_of_week_operator.py
[2023-08-11T08:14:44.391+0000] {processor.py:826} INFO - Processing file /home/airflow/.local/lib/python3.7/site-packages/airflow/example_dags/example_branch_day_of_week_operator.py for tasks to queue
[2023-08-11T08:14:44.391+0000] {logging_mixin.py:150} INFO - [2023-08-11T08:14:44.391+0000] {dagbag.py:541} INFO - Filling up the DagBag from /home/airflow/.local/lib/python3.7/site-packages/airflow/example_dags/example_branch_day_of_week_operator.py
[2023-08-11T08:14:44.398+0000] {processor.py:836} INFO - DAG(s) dict_keys(['example_weekday_branch_operator']) retrieved from /home/airflow/.local/lib/python3.7/site-packages/airflow/example_dags/example_branch_day_of_week_operator.py
[2023-08-11T08:14:44.425+0000] {logging_mixin.py:150} INFO - [2023-08-11T08:14:44.424+0000] {dag.py:2742} INFO - Sync 1 DAGs
[2023-08-11T08:14:44.451+0000] {logging_mixin.py:150} INFO - [2023-08-11T08:14:44.451+0000] {dag.py:3508} INFO - Setting next_dagrun for example_weekday_branch_operator to 2023-08-10T00:00:00+00:00, run_after=2023-08-11T00:00:00+00:00
[2023-08-11T08:14:44.475+0000] {processor.py:179} INFO - Processing /home/airflow/.local/lib/python3.7/site-packages/airflow/example_dags/example_branch_day_of_week_operator.py took 0.087 seconds
[2023-08-11T08:15:14.918+0000] {processor.py:157} INFO - Started process (PID=2991) to work on /home/airflow/.local/lib/python3.7/site-packages/airflow/example_dags/example_branch_day_of_week_operator.py
[2023-08-11T08:15:14.919+0000] {processor.py:826} INFO - Processing file /home/airflow/.local/lib/python3.7/site-packages/airflow/example_dags/example_branch_day_of_week_operator.py for tasks to queue
[2023-08-11T08:15:14.920+0000] {logging_mixin.py:150} INFO - [2023-08-11T08:15:14.920+0000] {dagbag.py:541} INFO - Filling up the DagBag from /home/airflow/.local/lib/python3.7/site-packages/airflow/example_dags/example_branch_day_of_week_operator.py
[2023-08-11T08:15:14.928+0000] {processor.py:836} INFO - DAG(s) dict_keys(['example_weekday_branch_operator']) retrieved from /home/airflow/.local/lib/python3.7/site-packages/airflow/example_dags/example_branch_day_of_week_operator.py
[2023-08-11T08:15:14.960+0000] {logging_mixin.py:150} INFO - [2023-08-11T08:15:14.960+0000] {dag.py:2742} INFO - Sync 1 DAGs
[2023-08-11T08:15:14.992+0000] {logging_mixin.py:150} INFO - [2023-08-11T08:15:14.991+0000] {dag.py:3508} INFO - Setting next_dagrun for example_weekday_branch_operator to 2023-08-10T00:00:00+00:00, run_after=2023-08-11T00:00:00+00:00
[2023-08-11T08:15:15.049+0000] {processor.py:179} INFO - Processing /home/airflow/.local/lib/python3.7/site-packages/airflow/example_dags/example_branch_day_of_week_operator.py took 0.134 seconds
[2023-08-11T08:15:45.280+0000] {processor.py:157} INFO - Started process (PID=3058) to work on /home/airflow/.local/lib/python3.7/site-packages/airflow/example_dags/example_branch_day_of_week_operator.py
[2023-08-11T08:15:45.281+0000] {processor.py:826} INFO - Processing file /home/airflow/.local/lib/python3.7/site-packages/airflow/example_dags/example_branch_day_of_week_operator.py for tasks to queue
[2023-08-11T08:15:45.283+0000] {logging_mixin.py:150} INFO - [2023-08-11T08:15:45.282+0000] {dagbag.py:541} INFO - Filling up the DagBag from /home/airflow/.local/lib/python3.7/site-packages/airflow/example_dags/example_branch_day_of_week_operator.py
[2023-08-11T08:15:45.291+0000] {processor.py:836} INFO - DAG(s) dict_keys(['example_weekday_branch_operator']) retrieved from /home/airflow/.local/lib/python3.7/site-packages/airflow/example_dags/example_branch_day_of_week_operator.py
[2023-08-11T08:15:45.321+0000] {logging_mixin.py:150} INFO - [2023-08-11T08:15:45.321+0000] {dag.py:2742} INFO - Sync 1 DAGs
[2023-08-11T08:15:45.357+0000] {logging_mixin.py:150} INFO - [2023-08-11T08:15:45.357+0000] {dag.py:3508} INFO - Setting next_dagrun for example_weekday_branch_operator to 2023-08-10T00:00:00+00:00, run_after=2023-08-11T00:00:00+00:00
[2023-08-11T08:15:45.384+0000] {processor.py:179} INFO - Processing /home/airflow/.local/lib/python3.7/site-packages/airflow/example_dags/example_branch_day_of_week_operator.py took 0.108 seconds
[2023-08-11T08:16:15.650+0000] {processor.py:157} INFO - Started process (PID=3125) to work on /home/airflow/.local/lib/python3.7/site-packages/airflow/example_dags/example_branch_day_of_week_operator.py
[2023-08-11T08:16:15.652+0000] {processor.py:826} INFO - Processing file /home/airflow/.local/lib/python3.7/site-packages/airflow/example_dags/example_branch_day_of_week_operator.py for tasks to queue
[2023-08-11T08:16:15.653+0000] {logging_mixin.py:150} INFO - [2023-08-11T08:16:15.653+0000] {dagbag.py:541} INFO - Filling up the DagBag from /home/airflow/.local/lib/python3.7/site-packages/airflow/example_dags/example_branch_day_of_week_operator.py
[2023-08-11T08:16:15.660+0000] {processor.py:836} INFO - DAG(s) dict_keys(['example_weekday_branch_operator']) retrieved from /home/airflow/.local/lib/python3.7/site-packages/airflow/example_dags/example_branch_day_of_week_operator.py
[2023-08-11T08:16:15.752+0000] {logging_mixin.py:150} INFO - [2023-08-11T08:16:15.751+0000] {dag.py:2742} INFO - Sync 1 DAGs
[2023-08-11T08:16:15.790+0000] {logging_mixin.py:150} INFO - [2023-08-11T08:16:15.789+0000] {dag.py:3508} INFO - Setting next_dagrun for example_weekday_branch_operator to 2023-08-10T00:00:00+00:00, run_after=2023-08-11T00:00:00+00:00
[2023-08-11T08:16:15.830+0000] {processor.py:179} INFO - Processing /home/airflow/.local/lib/python3.7/site-packages/airflow/example_dags/example_branch_day_of_week_operator.py took 0.183 seconds
[2023-08-11T08:16:46.357+0000] {processor.py:157} INFO - Started process (PID=3194) to work on /home/airflow/.local/lib/python3.7/site-packages/airflow/example_dags/example_branch_day_of_week_operator.py
[2023-08-11T08:16:46.358+0000] {processor.py:826} INFO - Processing file /home/airflow/.local/lib/python3.7/site-packages/airflow/example_dags/example_branch_day_of_week_operator.py for tasks to queue
[2023-08-11T08:16:46.359+0000] {logging_mixin.py:150} INFO - [2023-08-11T08:16:46.358+0000] {dagbag.py:541} INFO - Filling up the DagBag from /home/airflow/.local/lib/python3.7/site-packages/airflow/example_dags/example_branch_day_of_week_operator.py
[2023-08-11T08:16:46.365+0000] {processor.py:836} INFO - DAG(s) dict_keys(['example_weekday_branch_operator']) retrieved from /home/airflow/.local/lib/python3.7/site-packages/airflow/example_dags/example_branch_day_of_week_operator.py
[2023-08-11T08:16:46.393+0000] {logging_mixin.py:150} INFO - [2023-08-11T08:16:46.393+0000] {dag.py:2742} INFO - Sync 1 DAGs
[2023-08-11T08:16:46.420+0000] {logging_mixin.py:150} INFO - [2023-08-11T08:16:46.420+0000] {dag.py:3508} INFO - Setting next_dagrun for example_weekday_branch_operator to 2023-08-10T00:00:00+00:00, run_after=2023-08-11T00:00:00+00:00
[2023-08-11T08:16:46.441+0000] {processor.py:179} INFO - Processing /home/airflow/.local/lib/python3.7/site-packages/airflow/example_dags/example_branch_day_of_week_operator.py took 0.087 seconds
[2023-08-11T08:17:16.708+0000] {processor.py:157} INFO - Started process (PID=3272) to work on /home/airflow/.local/lib/python3.7/site-packages/airflow/example_dags/example_branch_day_of_week_operator.py
[2023-08-11T08:17:16.709+0000] {processor.py:826} INFO - Processing file /home/airflow/.local/lib/python3.7/site-packages/airflow/example_dags/example_branch_day_of_week_operator.py for tasks to queue
[2023-08-11T08:17:16.709+0000] {logging_mixin.py:150} INFO - [2023-08-11T08:17:16.709+0000] {dagbag.py:541} INFO - Filling up the DagBag from /home/airflow/.local/lib/python3.7/site-packages/airflow/example_dags/example_branch_day_of_week_operator.py
[2023-08-11T08:17:16.718+0000] {processor.py:836} INFO - DAG(s) dict_keys(['example_weekday_branch_operator']) retrieved from /home/airflow/.local/lib/python3.7/site-packages/airflow/example_dags/example_branch_day_of_week_operator.py
[2023-08-11T08:17:16.776+0000] {logging_mixin.py:150} INFO - [2023-08-11T08:17:16.775+0000] {dag.py:2742} INFO - Sync 1 DAGs
[2023-08-11T08:17:16.842+0000] {logging_mixin.py:150} INFO - [2023-08-11T08:17:16.842+0000] {dag.py:3508} INFO - Setting next_dagrun for example_weekday_branch_operator to 2023-08-10T00:00:00+00:00, run_after=2023-08-11T00:00:00+00:00
[2023-08-11T08:17:16.884+0000] {processor.py:179} INFO - Processing /home/airflow/.local/lib/python3.7/site-packages/airflow/example_dags/example_branch_day_of_week_operator.py took 0.180 seconds
[2023-08-11T08:17:47.293+0000] {processor.py:157} INFO - Started process (PID=3361) to work on /home/airflow/.local/lib/python3.7/site-packages/airflow/example_dags/example_branch_day_of_week_operator.py
[2023-08-11T08:17:47.294+0000] {processor.py:826} INFO - Processing file /home/airflow/.local/lib/python3.7/site-packages/airflow/example_dags/example_branch_day_of_week_operator.py for tasks to queue
[2023-08-11T08:17:47.295+0000] {logging_mixin.py:150} INFO - [2023-08-11T08:17:47.295+0000] {dagbag.py:541} INFO - Filling up the DagBag from /home/airflow/.local/lib/python3.7/site-packages/airflow/example_dags/example_branch_day_of_week_operator.py
[2023-08-11T08:17:47.303+0000] {processor.py:836} INFO - DAG(s) dict_keys(['example_weekday_branch_operator']) retrieved from /home/airflow/.local/lib/python3.7/site-packages/airflow/example_dags/example_branch_day_of_week_operator.py
[2023-08-11T08:17:47.336+0000] {logging_mixin.py:150} INFO - [2023-08-11T08:17:47.336+0000] {dag.py:2742} INFO - Sync 1 DAGs
[2023-08-11T08:17:47.364+0000] {logging_mixin.py:150} INFO - [2023-08-11T08:17:47.364+0000] {dag.py:3508} INFO - Setting next_dagrun for example_weekday_branch_operator to 2023-08-10T00:00:00+00:00, run_after=2023-08-11T00:00:00+00:00
[2023-08-11T08:17:47.402+0000] {processor.py:179} INFO - Processing /home/airflow/.local/lib/python3.7/site-packages/airflow/example_dags/example_branch_day_of_week_operator.py took 0.114 seconds
[2023-08-11T08:18:17.835+0000] {processor.py:157} INFO - Started process (PID=3441) to work on /home/airflow/.local/lib/python3.7/site-packages/airflow/example_dags/example_branch_day_of_week_operator.py
[2023-08-11T08:18:17.836+0000] {processor.py:826} INFO - Processing file /home/airflow/.local/lib/python3.7/site-packages/airflow/example_dags/example_branch_day_of_week_operator.py for tasks to queue
[2023-08-11T08:18:17.837+0000] {logging_mixin.py:150} INFO - [2023-08-11T08:18:17.836+0000] {dagbag.py:541} INFO - Filling up the DagBag from /home/airflow/.local/lib/python3.7/site-packages/airflow/example_dags/example_branch_day_of_week_operator.py
[2023-08-11T08:18:17.848+0000] {processor.py:836} INFO - DAG(s) dict_keys(['example_weekday_branch_operator']) retrieved from /home/airflow/.local/lib/python3.7/site-packages/airflow/example_dags/example_branch_day_of_week_operator.py
[2023-08-11T08:18:17.888+0000] {logging_mixin.py:150} INFO - [2023-08-11T08:18:17.887+0000] {dag.py:2742} INFO - Sync 1 DAGs
[2023-08-11T08:18:17.929+0000] {logging_mixin.py:150} INFO - [2023-08-11T08:18:17.928+0000] {dag.py:3508} INFO - Setting next_dagrun for example_weekday_branch_operator to 2023-08-10T00:00:00+00:00, run_after=2023-08-11T00:00:00+00:00
[2023-08-11T08:18:17.963+0000] {processor.py:179} INFO - Processing /home/airflow/.local/lib/python3.7/site-packages/airflow/example_dags/example_branch_day_of_week_operator.py took 0.131 seconds
[2023-08-11T08:18:51.258+0000] {processor.py:157} INFO - Started process (PID=3526) to work on /home/airflow/.local/lib/python3.7/site-packages/airflow/example_dags/example_branch_day_of_week_operator.py
[2023-08-11T08:18:51.262+0000] {processor.py:826} INFO - Processing file /home/airflow/.local/lib/python3.7/site-packages/airflow/example_dags/example_branch_day_of_week_operator.py for tasks to queue
[2023-08-11T08:18:51.265+0000] {logging_mixin.py:150} INFO - [2023-08-11T08:18:51.265+0000] {dagbag.py:541} INFO - Filling up the DagBag from /home/airflow/.local/lib/python3.7/site-packages/airflow/example_dags/example_branch_day_of_week_operator.py
[2023-08-11T08:18:51.293+0000] {processor.py:836} INFO - DAG(s) dict_keys(['example_weekday_branch_operator']) retrieved from /home/airflow/.local/lib/python3.7/site-packages/airflow/example_dags/example_branch_day_of_week_operator.py
[2023-08-11T08:18:51.481+0000] {logging_mixin.py:150} INFO - [2023-08-11T08:18:51.481+0000] {dag.py:2742} INFO - Sync 1 DAGs
[2023-08-11T08:18:51.562+0000] {logging_mixin.py:150} INFO - [2023-08-11T08:18:51.562+0000] {dag.py:3508} INFO - Setting next_dagrun for example_weekday_branch_operator to 2023-08-10T00:00:00+00:00, run_after=2023-08-11T00:00:00+00:00
[2023-08-11T08:18:51.689+0000] {processor.py:179} INFO - Processing /home/airflow/.local/lib/python3.7/site-packages/airflow/example_dags/example_branch_day_of_week_operator.py took 0.440 seconds
[2023-08-11T08:19:22.428+0000] {processor.py:157} INFO - Started process (PID=3593) to work on /home/airflow/.local/lib/python3.7/site-packages/airflow/example_dags/example_branch_day_of_week_operator.py
[2023-08-11T08:19:22.429+0000] {processor.py:826} INFO - Processing file /home/airflow/.local/lib/python3.7/site-packages/airflow/example_dags/example_branch_day_of_week_operator.py for tasks to queue
[2023-08-11T08:19:22.430+0000] {logging_mixin.py:150} INFO - [2023-08-11T08:19:22.430+0000] {dagbag.py:541} INFO - Filling up the DagBag from /home/airflow/.local/lib/python3.7/site-packages/airflow/example_dags/example_branch_day_of_week_operator.py
[2023-08-11T08:19:22.437+0000] {processor.py:836} INFO - DAG(s) dict_keys(['example_weekday_branch_operator']) retrieved from /home/airflow/.local/lib/python3.7/site-packages/airflow/example_dags/example_branch_day_of_week_operator.py
[2023-08-11T08:19:22.465+0000] {logging_mixin.py:150} INFO - [2023-08-11T08:19:22.465+0000] {dag.py:2742} INFO - Sync 1 DAGs
[2023-08-11T08:19:22.488+0000] {logging_mixin.py:150} INFO - [2023-08-11T08:19:22.488+0000] {dag.py:3508} INFO - Setting next_dagrun for example_weekday_branch_operator to 2023-08-10T00:00:00+00:00, run_after=2023-08-11T00:00:00+00:00
[2023-08-11T08:19:22.518+0000] {processor.py:179} INFO - Processing /home/airflow/.local/lib/python3.7/site-packages/airflow/example_dags/example_branch_day_of_week_operator.py took 0.095 seconds
[2023-08-11T08:19:52.721+0000] {processor.py:157} INFO - Started process (PID=3670) to work on /home/airflow/.local/lib/python3.7/site-packages/airflow/example_dags/example_branch_day_of_week_operator.py
[2023-08-11T08:19:52.722+0000] {processor.py:826} INFO - Processing file /home/airflow/.local/lib/python3.7/site-packages/airflow/example_dags/example_branch_day_of_week_operator.py for tasks to queue
[2023-08-11T08:19:52.722+0000] {logging_mixin.py:150} INFO - [2023-08-11T08:19:52.722+0000] {dagbag.py:541} INFO - Filling up the DagBag from /home/airflow/.local/lib/python3.7/site-packages/airflow/example_dags/example_branch_day_of_week_operator.py
[2023-08-11T08:19:52.730+0000] {processor.py:836} INFO - DAG(s) dict_keys(['example_weekday_branch_operator']) retrieved from /home/airflow/.local/lib/python3.7/site-packages/airflow/example_dags/example_branch_day_of_week_operator.py
[2023-08-11T08:19:52.757+0000] {logging_mixin.py:150} INFO - [2023-08-11T08:19:52.757+0000] {dag.py:2742} INFO - Sync 1 DAGs
[2023-08-11T08:19:52.788+0000] {logging_mixin.py:150} INFO - [2023-08-11T08:19:52.788+0000] {dag.py:3508} INFO - Setting next_dagrun for example_weekday_branch_operator to 2023-08-10T00:00:00+00:00, run_after=2023-08-11T00:00:00+00:00
[2023-08-11T08:19:52.812+0000] {processor.py:179} INFO - Processing /home/airflow/.local/lib/python3.7/site-packages/airflow/example_dags/example_branch_day_of_week_operator.py took 0.094 seconds
[2023-08-11T08:20:23.407+0000] {processor.py:157} INFO - Started process (PID=3755) to work on /home/airflow/.local/lib/python3.7/site-packages/airflow/example_dags/example_branch_day_of_week_operator.py
[2023-08-11T08:20:23.408+0000] {processor.py:826} INFO - Processing file /home/airflow/.local/lib/python3.7/site-packages/airflow/example_dags/example_branch_day_of_week_operator.py for tasks to queue
[2023-08-11T08:20:23.409+0000] {logging_mixin.py:150} INFO - [2023-08-11T08:20:23.409+0000] {dagbag.py:541} INFO - Filling up the DagBag from /home/airflow/.local/lib/python3.7/site-packages/airflow/example_dags/example_branch_day_of_week_operator.py
[2023-08-11T08:20:23.417+0000] {processor.py:836} INFO - DAG(s) dict_keys(['example_weekday_branch_operator']) retrieved from /home/airflow/.local/lib/python3.7/site-packages/airflow/example_dags/example_branch_day_of_week_operator.py
[2023-08-11T08:20:23.447+0000] {logging_mixin.py:150} INFO - [2023-08-11T08:20:23.447+0000] {dag.py:2742} INFO - Sync 1 DAGs
[2023-08-11T08:20:23.479+0000] {logging_mixin.py:150} INFO - [2023-08-11T08:20:23.477+0000] {dag.py:3508} INFO - Setting next_dagrun for example_weekday_branch_operator to 2023-08-10T00:00:00+00:00, run_after=2023-08-11T00:00:00+00:00
[2023-08-11T08:20:23.514+0000] {processor.py:179} INFO - Processing /home/airflow/.local/lib/python3.7/site-packages/airflow/example_dags/example_branch_day_of_week_operator.py took 0.110 seconds
[2023-08-11T08:20:53.903+0000] {processor.py:157} INFO - Started process (PID=3859) to work on /home/airflow/.local/lib/python3.7/site-packages/airflow/example_dags/example_branch_day_of_week_operator.py
[2023-08-11T08:20:53.903+0000] {processor.py:826} INFO - Processing file /home/airflow/.local/lib/python3.7/site-packages/airflow/example_dags/example_branch_day_of_week_operator.py for tasks to queue
[2023-08-11T08:20:53.904+0000] {logging_mixin.py:150} INFO - [2023-08-11T08:20:53.904+0000] {dagbag.py:541} INFO - Filling up the DagBag from /home/airflow/.local/lib/python3.7/site-packages/airflow/example_dags/example_branch_day_of_week_operator.py
[2023-08-11T08:20:53.910+0000] {processor.py:836} INFO - DAG(s) dict_keys(['example_weekday_branch_operator']) retrieved from /home/airflow/.local/lib/python3.7/site-packages/airflow/example_dags/example_branch_day_of_week_operator.py
[2023-08-11T08:20:53.940+0000] {logging_mixin.py:150} INFO - [2023-08-11T08:20:53.939+0000] {dag.py:2742} INFO - Sync 1 DAGs
[2023-08-11T08:20:53.966+0000] {logging_mixin.py:150} INFO - [2023-08-11T08:20:53.966+0000] {dag.py:3508} INFO - Setting next_dagrun for example_weekday_branch_operator to 2023-08-10T00:00:00+00:00, run_after=2023-08-11T00:00:00+00:00
[2023-08-11T08:20:53.989+0000] {processor.py:179} INFO - Processing /home/airflow/.local/lib/python3.7/site-packages/airflow/example_dags/example_branch_day_of_week_operator.py took 0.089 seconds
[2023-08-11T08:21:24.272+0000] {processor.py:157} INFO - Started process (PID=3937) to work on /home/airflow/.local/lib/python3.7/site-packages/airflow/example_dags/example_branch_day_of_week_operator.py
[2023-08-11T08:21:24.279+0000] {processor.py:826} INFO - Processing file /home/airflow/.local/lib/python3.7/site-packages/airflow/example_dags/example_branch_day_of_week_operator.py for tasks to queue
[2023-08-11T08:21:24.280+0000] {logging_mixin.py:150} INFO - [2023-08-11T08:21:24.280+0000] {dagbag.py:541} INFO - Filling up the DagBag from /home/airflow/.local/lib/python3.7/site-packages/airflow/example_dags/example_branch_day_of_week_operator.py
[2023-08-11T08:21:24.288+0000] {processor.py:836} INFO - DAG(s) dict_keys(['example_weekday_branch_operator']) retrieved from /home/airflow/.local/lib/python3.7/site-packages/airflow/example_dags/example_branch_day_of_week_operator.py
[2023-08-11T08:21:24.319+0000] {logging_mixin.py:150} INFO - [2023-08-11T08:21:24.319+0000] {dag.py:2742} INFO - Sync 1 DAGs
[2023-08-11T08:21:24.351+0000] {logging_mixin.py:150} INFO - [2023-08-11T08:21:24.351+0000] {dag.py:3508} INFO - Setting next_dagrun for example_weekday_branch_operator to 2023-08-10T00:00:00+00:00, run_after=2023-08-11T00:00:00+00:00
[2023-08-11T08:21:24.377+0000] {processor.py:179} INFO - Processing /home/airflow/.local/lib/python3.7/site-packages/airflow/example_dags/example_branch_day_of_week_operator.py took 0.108 seconds
[2023-08-11T08:21:54.986+0000] {processor.py:157} INFO - Started process (PID=4015) to work on /home/airflow/.local/lib/python3.7/site-packages/airflow/example_dags/example_branch_day_of_week_operator.py
[2023-08-11T08:21:54.987+0000] {processor.py:826} INFO - Processing file /home/airflow/.local/lib/python3.7/site-packages/airflow/example_dags/example_branch_day_of_week_operator.py for tasks to queue
[2023-08-11T08:21:54.987+0000] {logging_mixin.py:150} INFO - [2023-08-11T08:21:54.987+0000] {dagbag.py:541} INFO - Filling up the DagBag from /home/airflow/.local/lib/python3.7/site-packages/airflow/example_dags/example_branch_day_of_week_operator.py
[2023-08-11T08:21:54.994+0000] {processor.py:836} INFO - DAG(s) dict_keys(['example_weekday_branch_operator']) retrieved from /home/airflow/.local/lib/python3.7/site-packages/airflow/example_dags/example_branch_day_of_week_operator.py
[2023-08-11T08:21:55.019+0000] {logging_mixin.py:150} INFO - [2023-08-11T08:21:55.019+0000] {dag.py:2742} INFO - Sync 1 DAGs
[2023-08-11T08:21:55.043+0000] {logging_mixin.py:150} INFO - [2023-08-11T08:21:55.043+0000] {dag.py:3508} INFO - Setting next_dagrun for example_weekday_branch_operator to 2023-08-10T00:00:00+00:00, run_after=2023-08-11T00:00:00+00:00
[2023-08-11T08:21:55.070+0000] {processor.py:179} INFO - Processing /home/airflow/.local/lib/python3.7/site-packages/airflow/example_dags/example_branch_day_of_week_operator.py took 0.088 seconds
[2023-08-11T08:22:25.927+0000] {processor.py:157} INFO - Started process (PID=4093) to work on /home/airflow/.local/lib/python3.7/site-packages/airflow/example_dags/example_branch_day_of_week_operator.py
[2023-08-11T08:22:25.928+0000] {processor.py:826} INFO - Processing file /home/airflow/.local/lib/python3.7/site-packages/airflow/example_dags/example_branch_day_of_week_operator.py for tasks to queue
[2023-08-11T08:22:25.929+0000] {logging_mixin.py:150} INFO - [2023-08-11T08:22:25.929+0000] {dagbag.py:541} INFO - Filling up the DagBag from /home/airflow/.local/lib/python3.7/site-packages/airflow/example_dags/example_branch_day_of_week_operator.py
[2023-08-11T08:22:25.942+0000] {processor.py:836} INFO - DAG(s) dict_keys(['example_weekday_branch_operator']) retrieved from /home/airflow/.local/lib/python3.7/site-packages/airflow/example_dags/example_branch_day_of_week_operator.py
[2023-08-11T08:22:25.976+0000] {logging_mixin.py:150} INFO - [2023-08-11T08:22:25.976+0000] {dag.py:2742} INFO - Sync 1 DAGs
[2023-08-11T08:22:26.016+0000] {logging_mixin.py:150} INFO - [2023-08-11T08:22:26.015+0000] {dag.py:3508} INFO - Setting next_dagrun for example_weekday_branch_operator to 2023-08-10T00:00:00+00:00, run_after=2023-08-11T00:00:00+00:00
[2023-08-11T08:22:26.041+0000] {processor.py:179} INFO - Processing /home/airflow/.local/lib/python3.7/site-packages/airflow/example_dags/example_branch_day_of_week_operator.py took 0.117 seconds
