[2023-08-11T07:52:50.592+0000] {processor.py:157} INFO - Started process (PID=69) to work on /home/airflow/.local/lib/python3.7/site-packages/airflow/example_dags/example_latest_only_with_trigger.py
[2023-08-11T07:52:50.613+0000] {processor.py:826} INFO - Processing file /home/airflow/.local/lib/python3.7/site-packages/airflow/example_dags/example_latest_only_with_trigger.py for tasks to queue
[2023-08-11T07:52:50.627+0000] {logging_mixin.py:150} INFO - [2023-08-11T07:52:50.622+0000] {dagbag.py:541} INFO - Filling up the DagBag from /home/airflow/.local/lib/python3.7/site-packages/airflow/example_dags/example_latest_only_with_trigger.py
[2023-08-11T07:52:50.694+0000] {processor.py:836} INFO - DAG(s) dict_keys(['latest_only_with_trigger']) retrieved from /home/airflow/.local/lib/python3.7/site-packages/airflow/example_dags/example_latest_only_with_trigger.py
[2023-08-11T07:52:50.740+0000] {logging_mixin.py:150} INFO - [2023-08-11T07:52:50.739+0000] {dag.py:2742} INFO - Sync 1 DAGs
[2023-08-11T07:52:50.869+0000] {logging_mixin.py:150} INFO - [2023-08-11T07:52:50.868+0000] {dag.py:3508} INFO - Setting next_dagrun for latest_only_with_trigger to 2023-08-11T03:52:50.867405+00:00, run_after=2023-08-11T07:52:50.867405+00:00
[2023-08-11T07:52:50.930+0000] {processor.py:179} INFO - Processing /home/airflow/.local/lib/python3.7/site-packages/airflow/example_dags/example_latest_only_with_trigger.py took 0.355 seconds
[2023-08-11T07:53:21.243+0000] {processor.py:157} INFO - Started process (PID=134) to work on /home/airflow/.local/lib/python3.7/site-packages/airflow/example_dags/example_latest_only_with_trigger.py
[2023-08-11T07:53:21.249+0000] {processor.py:826} INFO - Processing file /home/airflow/.local/lib/python3.7/site-packages/airflow/example_dags/example_latest_only_with_trigger.py for tasks to queue
[2023-08-11T07:53:21.250+0000] {logging_mixin.py:150} INFO - [2023-08-11T07:53:21.250+0000] {dagbag.py:541} INFO - Filling up the DagBag from /home/airflow/.local/lib/python3.7/site-packages/airflow/example_dags/example_latest_only_with_trigger.py
[2023-08-11T07:53:21.256+0000] {processor.py:836} INFO - DAG(s) dict_keys(['latest_only_with_trigger']) retrieved from /home/airflow/.local/lib/python3.7/site-packages/airflow/example_dags/example_latest_only_with_trigger.py
[2023-08-11T07:53:21.316+0000] {logging_mixin.py:150} INFO - [2023-08-11T07:53:21.316+0000] {dag.py:2742} INFO - Sync 1 DAGs
[2023-08-11T07:53:21.342+0000] {logging_mixin.py:150} INFO - [2023-08-11T07:53:21.342+0000] {dag.py:3508} INFO - Setting next_dagrun for latest_only_with_trigger to 2023-08-11T03:53:21.342286+00:00, run_after=2023-08-11T07:53:21.342286+00:00
[2023-08-11T07:53:21.370+0000] {processor.py:179} INFO - Processing /home/airflow/.local/lib/python3.7/site-packages/airflow/example_dags/example_latest_only_with_trigger.py took 0.130 seconds
[2023-08-11T07:53:52.050+0000] {processor.py:157} INFO - Started process (PID=199) to work on /home/airflow/.local/lib/python3.7/site-packages/airflow/example_dags/example_latest_only_with_trigger.py
[2023-08-11T07:53:52.051+0000] {processor.py:826} INFO - Processing file /home/airflow/.local/lib/python3.7/site-packages/airflow/example_dags/example_latest_only_with_trigger.py for tasks to queue
[2023-08-11T07:53:52.052+0000] {logging_mixin.py:150} INFO - [2023-08-11T07:53:52.052+0000] {dagbag.py:541} INFO - Filling up the DagBag from /home/airflow/.local/lib/python3.7/site-packages/airflow/example_dags/example_latest_only_with_trigger.py
[2023-08-11T07:53:52.058+0000] {processor.py:836} INFO - DAG(s) dict_keys(['latest_only_with_trigger']) retrieved from /home/airflow/.local/lib/python3.7/site-packages/airflow/example_dags/example_latest_only_with_trigger.py
[2023-08-11T07:53:52.085+0000] {logging_mixin.py:150} INFO - [2023-08-11T07:53:52.085+0000] {dag.py:2742} INFO - Sync 1 DAGs
[2023-08-11T07:53:52.117+0000] {logging_mixin.py:150} INFO - [2023-08-11T07:53:52.116+0000] {dag.py:3508} INFO - Setting next_dagrun for latest_only_with_trigger to 2023-08-11T03:53:52.116012+00:00, run_after=2023-08-11T07:53:52.116012+00:00
[2023-08-11T07:53:52.145+0000] {processor.py:179} INFO - Processing /home/airflow/.local/lib/python3.7/site-packages/airflow/example_dags/example_latest_only_with_trigger.py took 0.100 seconds
[2023-08-11T07:54:22.789+0000] {processor.py:157} INFO - Started process (PID=264) to work on /home/airflow/.local/lib/python3.7/site-packages/airflow/example_dags/example_latest_only_with_trigger.py
[2023-08-11T07:54:22.790+0000] {processor.py:826} INFO - Processing file /home/airflow/.local/lib/python3.7/site-packages/airflow/example_dags/example_latest_only_with_trigger.py for tasks to queue
[2023-08-11T07:54:22.790+0000] {logging_mixin.py:150} INFO - [2023-08-11T07:54:22.790+0000] {dagbag.py:541} INFO - Filling up the DagBag from /home/airflow/.local/lib/python3.7/site-packages/airflow/example_dags/example_latest_only_with_trigger.py
[2023-08-11T07:54:22.797+0000] {processor.py:836} INFO - DAG(s) dict_keys(['latest_only_with_trigger']) retrieved from /home/airflow/.local/lib/python3.7/site-packages/airflow/example_dags/example_latest_only_with_trigger.py
[2023-08-11T07:54:22.826+0000] {logging_mixin.py:150} INFO - [2023-08-11T07:54:22.826+0000] {dag.py:2742} INFO - Sync 1 DAGs
[2023-08-11T07:54:22.855+0000] {logging_mixin.py:150} INFO - [2023-08-11T07:54:22.855+0000] {dag.py:3508} INFO - Setting next_dagrun for latest_only_with_trigger to 2023-08-11T03:54:22.855299+00:00, run_after=2023-08-11T07:54:22.855299+00:00
[2023-08-11T07:54:22.883+0000] {processor.py:179} INFO - Processing /home/airflow/.local/lib/python3.7/site-packages/airflow/example_dags/example_latest_only_with_trigger.py took 0.099 seconds
[2023-08-11T07:54:53.802+0000] {processor.py:157} INFO - Started process (PID=329) to work on /home/airflow/.local/lib/python3.7/site-packages/airflow/example_dags/example_latest_only_with_trigger.py
[2023-08-11T07:54:53.861+0000] {processor.py:826} INFO - Processing file /home/airflow/.local/lib/python3.7/site-packages/airflow/example_dags/example_latest_only_with_trigger.py for tasks to queue
[2023-08-11T07:54:53.862+0000] {logging_mixin.py:150} INFO - [2023-08-11T07:54:53.862+0000] {dagbag.py:541} INFO - Filling up the DagBag from /home/airflow/.local/lib/python3.7/site-packages/airflow/example_dags/example_latest_only_with_trigger.py
[2023-08-11T07:54:53.868+0000] {processor.py:836} INFO - DAG(s) dict_keys(['latest_only_with_trigger']) retrieved from /home/airflow/.local/lib/python3.7/site-packages/airflow/example_dags/example_latest_only_with_trigger.py
[2023-08-11T07:54:53.894+0000] {logging_mixin.py:150} INFO - [2023-08-11T07:54:53.894+0000] {dag.py:2742} INFO - Sync 1 DAGs
[2023-08-11T07:54:53.946+0000] {logging_mixin.py:150} INFO - [2023-08-11T07:54:53.946+0000] {dag.py:3508} INFO - Setting next_dagrun for latest_only_with_trigger to 2023-08-11T03:54:53.946264+00:00, run_after=2023-08-11T07:54:53.946264+00:00
[2023-08-11T07:54:54.148+0000] {processor.py:179} INFO - Processing /home/airflow/.local/lib/python3.7/site-packages/airflow/example_dags/example_latest_only_with_trigger.py took 0.350 seconds
[2023-08-11T07:55:24.632+0000] {processor.py:157} INFO - Started process (PID=395) to work on /home/airflow/.local/lib/python3.7/site-packages/airflow/example_dags/example_latest_only_with_trigger.py
[2023-08-11T07:55:24.632+0000] {processor.py:826} INFO - Processing file /home/airflow/.local/lib/python3.7/site-packages/airflow/example_dags/example_latest_only_with_trigger.py for tasks to queue
[2023-08-11T07:55:24.633+0000] {logging_mixin.py:150} INFO - [2023-08-11T07:55:24.633+0000] {dagbag.py:541} INFO - Filling up the DagBag from /home/airflow/.local/lib/python3.7/site-packages/airflow/example_dags/example_latest_only_with_trigger.py
[2023-08-11T07:55:24.641+0000] {processor.py:836} INFO - DAG(s) dict_keys(['latest_only_with_trigger']) retrieved from /home/airflow/.local/lib/python3.7/site-packages/airflow/example_dags/example_latest_only_with_trigger.py
[2023-08-11T07:55:24.664+0000] {logging_mixin.py:150} INFO - [2023-08-11T07:55:24.664+0000] {dag.py:2742} INFO - Sync 1 DAGs
[2023-08-11T07:55:24.687+0000] {logging_mixin.py:150} INFO - [2023-08-11T07:55:24.687+0000] {dag.py:3508} INFO - Setting next_dagrun for latest_only_with_trigger to 2023-08-11T03:55:24.686796+00:00, run_after=2023-08-11T07:55:24.686796+00:00
[2023-08-11T07:55:24.709+0000] {processor.py:179} INFO - Processing /home/airflow/.local/lib/python3.7/site-packages/airflow/example_dags/example_latest_only_with_trigger.py took 0.080 seconds
[2023-08-11T07:55:55.517+0000] {processor.py:157} INFO - Started process (PID=460) to work on /home/airflow/.local/lib/python3.7/site-packages/airflow/example_dags/example_latest_only_with_trigger.py
[2023-08-11T07:55:55.518+0000] {processor.py:826} INFO - Processing file /home/airflow/.local/lib/python3.7/site-packages/airflow/example_dags/example_latest_only_with_trigger.py for tasks to queue
[2023-08-11T07:55:55.518+0000] {logging_mixin.py:150} INFO - [2023-08-11T07:55:55.518+0000] {dagbag.py:541} INFO - Filling up the DagBag from /home/airflow/.local/lib/python3.7/site-packages/airflow/example_dags/example_latest_only_with_trigger.py
[2023-08-11T07:55:55.528+0000] {processor.py:836} INFO - DAG(s) dict_keys(['latest_only_with_trigger']) retrieved from /home/airflow/.local/lib/python3.7/site-packages/airflow/example_dags/example_latest_only_with_trigger.py
[2023-08-11T07:55:55.560+0000] {logging_mixin.py:150} INFO - [2023-08-11T07:55:55.559+0000] {dag.py:2742} INFO - Sync 1 DAGs
[2023-08-11T07:55:55.594+0000] {logging_mixin.py:150} INFO - [2023-08-11T07:55:55.594+0000] {dag.py:3508} INFO - Setting next_dagrun for latest_only_with_trigger to 2023-08-11T03:55:55.594388+00:00, run_after=2023-08-11T07:55:55.594388+00:00
[2023-08-11T07:55:55.627+0000] {processor.py:179} INFO - Processing /home/airflow/.local/lib/python3.7/site-packages/airflow/example_dags/example_latest_only_with_trigger.py took 0.114 seconds
[2023-08-11T07:56:25.970+0000] {processor.py:157} INFO - Started process (PID=525) to work on /home/airflow/.local/lib/python3.7/site-packages/airflow/example_dags/example_latest_only_with_trigger.py
[2023-08-11T07:56:25.971+0000] {processor.py:826} INFO - Processing file /home/airflow/.local/lib/python3.7/site-packages/airflow/example_dags/example_latest_only_with_trigger.py for tasks to queue
[2023-08-11T07:56:25.972+0000] {logging_mixin.py:150} INFO - [2023-08-11T07:56:25.971+0000] {dagbag.py:541} INFO - Filling up the DagBag from /home/airflow/.local/lib/python3.7/site-packages/airflow/example_dags/example_latest_only_with_trigger.py
[2023-08-11T07:56:25.979+0000] {processor.py:836} INFO - DAG(s) dict_keys(['latest_only_with_trigger']) retrieved from /home/airflow/.local/lib/python3.7/site-packages/airflow/example_dags/example_latest_only_with_trigger.py
[2023-08-11T07:56:26.010+0000] {logging_mixin.py:150} INFO - [2023-08-11T07:56:26.010+0000] {dag.py:2742} INFO - Sync 1 DAGs
[2023-08-11T07:56:26.035+0000] {logging_mixin.py:150} INFO - [2023-08-11T07:56:26.035+0000] {dag.py:3508} INFO - Setting next_dagrun for latest_only_with_trigger to 2023-08-11T03:56:26.035214+00:00, run_after=2023-08-11T07:56:26.035214+00:00
[2023-08-11T07:56:26.060+0000] {processor.py:179} INFO - Processing /home/airflow/.local/lib/python3.7/site-packages/airflow/example_dags/example_latest_only_with_trigger.py took 0.094 seconds
[2023-08-11T07:56:56.759+0000] {processor.py:157} INFO - Started process (PID=590) to work on /home/airflow/.local/lib/python3.7/site-packages/airflow/example_dags/example_latest_only_with_trigger.py
[2023-08-11T07:56:56.761+0000] {processor.py:826} INFO - Processing file /home/airflow/.local/lib/python3.7/site-packages/airflow/example_dags/example_latest_only_with_trigger.py for tasks to queue
[2023-08-11T07:56:56.762+0000] {logging_mixin.py:150} INFO - [2023-08-11T07:56:56.761+0000] {dagbag.py:541} INFO - Filling up the DagBag from /home/airflow/.local/lib/python3.7/site-packages/airflow/example_dags/example_latest_only_with_trigger.py
[2023-08-11T07:56:56.770+0000] {processor.py:836} INFO - DAG(s) dict_keys(['latest_only_with_trigger']) retrieved from /home/airflow/.local/lib/python3.7/site-packages/airflow/example_dags/example_latest_only_with_trigger.py
[2023-08-11T07:56:56.799+0000] {logging_mixin.py:150} INFO - [2023-08-11T07:56:56.799+0000] {dag.py:2742} INFO - Sync 1 DAGs
[2023-08-11T07:56:56.829+0000] {logging_mixin.py:150} INFO - [2023-08-11T07:56:56.828+0000] {dag.py:3508} INFO - Setting next_dagrun for latest_only_with_trigger to 2023-08-11T03:56:56.828583+00:00, run_after=2023-08-11T07:56:56.828583+00:00
[2023-08-11T07:56:56.856+0000] {processor.py:179} INFO - Processing /home/airflow/.local/lib/python3.7/site-packages/airflow/example_dags/example_latest_only_with_trigger.py took 0.100 seconds
[2023-08-11T07:57:26.892+0000] {processor.py:157} INFO - Started process (PID=655) to work on /home/airflow/.local/lib/python3.7/site-packages/airflow/example_dags/example_latest_only_with_trigger.py
[2023-08-11T07:57:26.893+0000] {processor.py:826} INFO - Processing file /home/airflow/.local/lib/python3.7/site-packages/airflow/example_dags/example_latest_only_with_trigger.py for tasks to queue
[2023-08-11T07:57:26.895+0000] {logging_mixin.py:150} INFO - [2023-08-11T07:57:26.895+0000] {dagbag.py:541} INFO - Filling up the DagBag from /home/airflow/.local/lib/python3.7/site-packages/airflow/example_dags/example_latest_only_with_trigger.py
[2023-08-11T07:57:26.903+0000] {processor.py:836} INFO - DAG(s) dict_keys(['latest_only_with_trigger']) retrieved from /home/airflow/.local/lib/python3.7/site-packages/airflow/example_dags/example_latest_only_with_trigger.py
[2023-08-11T07:57:26.943+0000] {logging_mixin.py:150} INFO - [2023-08-11T07:57:26.942+0000] {dag.py:2742} INFO - Sync 1 DAGs
[2023-08-11T07:57:26.981+0000] {logging_mixin.py:150} INFO - [2023-08-11T07:57:26.981+0000] {dag.py:3508} INFO - Setting next_dagrun for latest_only_with_trigger to 2023-08-11T03:57:26.981045+00:00, run_after=2023-08-11T07:57:26.981045+00:00
[2023-08-11T07:57:27.018+0000] {processor.py:179} INFO - Processing /home/airflow/.local/lib/python3.7/site-packages/airflow/example_dags/example_latest_only_with_trigger.py took 0.129 seconds
[2023-08-11T07:57:57.874+0000] {processor.py:157} INFO - Started process (PID=721) to work on /home/airflow/.local/lib/python3.7/site-packages/airflow/example_dags/example_latest_only_with_trigger.py
[2023-08-11T07:57:57.876+0000] {processor.py:826} INFO - Processing file /home/airflow/.local/lib/python3.7/site-packages/airflow/example_dags/example_latest_only_with_trigger.py for tasks to queue
[2023-08-11T07:57:57.877+0000] {logging_mixin.py:150} INFO - [2023-08-11T07:57:57.877+0000] {dagbag.py:541} INFO - Filling up the DagBag from /home/airflow/.local/lib/python3.7/site-packages/airflow/example_dags/example_latest_only_with_trigger.py
[2023-08-11T07:57:57.888+0000] {processor.py:836} INFO - DAG(s) dict_keys(['latest_only_with_trigger']) retrieved from /home/airflow/.local/lib/python3.7/site-packages/airflow/example_dags/example_latest_only_with_trigger.py
[2023-08-11T07:57:57.934+0000] {logging_mixin.py:150} INFO - [2023-08-11T07:57:57.933+0000] {dag.py:2742} INFO - Sync 1 DAGs
[2023-08-11T07:57:57.972+0000] {logging_mixin.py:150} INFO - [2023-08-11T07:57:57.972+0000] {dag.py:3508} INFO - Setting next_dagrun for latest_only_with_trigger to 2023-08-11T03:57:57.972038+00:00, run_after=2023-08-11T07:57:57.972038+00:00
[2023-08-11T07:57:58.011+0000] {processor.py:179} INFO - Processing /home/airflow/.local/lib/python3.7/site-packages/airflow/example_dags/example_latest_only_with_trigger.py took 0.141 seconds
[2023-08-11T07:58:28.863+0000] {processor.py:157} INFO - Started process (PID=787) to work on /home/airflow/.local/lib/python3.7/site-packages/airflow/example_dags/example_latest_only_with_trigger.py
[2023-08-11T07:58:28.865+0000] {processor.py:826} INFO - Processing file /home/airflow/.local/lib/python3.7/site-packages/airflow/example_dags/example_latest_only_with_trigger.py for tasks to queue
[2023-08-11T07:58:28.866+0000] {logging_mixin.py:150} INFO - [2023-08-11T07:58:28.865+0000] {dagbag.py:541} INFO - Filling up the DagBag from /home/airflow/.local/lib/python3.7/site-packages/airflow/example_dags/example_latest_only_with_trigger.py
[2023-08-11T07:58:28.872+0000] {processor.py:836} INFO - DAG(s) dict_keys(['latest_only_with_trigger']) retrieved from /home/airflow/.local/lib/python3.7/site-packages/airflow/example_dags/example_latest_only_with_trigger.py
[2023-08-11T07:58:28.896+0000] {logging_mixin.py:150} INFO - [2023-08-11T07:58:28.895+0000] {dag.py:2742} INFO - Sync 1 DAGs
[2023-08-11T07:58:28.919+0000] {logging_mixin.py:150} INFO - [2023-08-11T07:58:28.919+0000] {dag.py:3508} INFO - Setting next_dagrun for latest_only_with_trigger to 2023-08-11T03:58:28.919085+00:00, run_after=2023-08-11T07:58:28.919085+00:00
[2023-08-11T07:58:28.941+0000] {processor.py:179} INFO - Processing /home/airflow/.local/lib/python3.7/site-packages/airflow/example_dags/example_latest_only_with_trigger.py took 0.081 seconds
[2023-08-11T07:58:59.137+0000] {processor.py:157} INFO - Started process (PID=853) to work on /home/airflow/.local/lib/python3.7/site-packages/airflow/example_dags/example_latest_only_with_trigger.py
[2023-08-11T07:58:59.138+0000] {processor.py:826} INFO - Processing file /home/airflow/.local/lib/python3.7/site-packages/airflow/example_dags/example_latest_only_with_trigger.py for tasks to queue
[2023-08-11T07:58:59.138+0000] {logging_mixin.py:150} INFO - [2023-08-11T07:58:59.138+0000] {dagbag.py:541} INFO - Filling up the DagBag from /home/airflow/.local/lib/python3.7/site-packages/airflow/example_dags/example_latest_only_with_trigger.py
[2023-08-11T07:58:59.144+0000] {processor.py:836} INFO - DAG(s) dict_keys(['latest_only_with_trigger']) retrieved from /home/airflow/.local/lib/python3.7/site-packages/airflow/example_dags/example_latest_only_with_trigger.py
[2023-08-11T07:58:59.173+0000] {logging_mixin.py:150} INFO - [2023-08-11T07:58:59.172+0000] {dag.py:2742} INFO - Sync 1 DAGs
[2023-08-11T07:58:59.201+0000] {logging_mixin.py:150} INFO - [2023-08-11T07:58:59.201+0000] {dag.py:3508} INFO - Setting next_dagrun for latest_only_with_trigger to 2023-08-11T03:58:59.200974+00:00, run_after=2023-08-11T07:58:59.200974+00:00
[2023-08-11T07:58:59.224+0000] {processor.py:179} INFO - Processing /home/airflow/.local/lib/python3.7/site-packages/airflow/example_dags/example_latest_only_with_trigger.py took 0.089 seconds
[2023-08-11T07:59:30.078+0000] {processor.py:157} INFO - Started process (PID=919) to work on /home/airflow/.local/lib/python3.7/site-packages/airflow/example_dags/example_latest_only_with_trigger.py
[2023-08-11T07:59:30.079+0000] {processor.py:826} INFO - Processing file /home/airflow/.local/lib/python3.7/site-packages/airflow/example_dags/example_latest_only_with_trigger.py for tasks to queue
[2023-08-11T07:59:30.080+0000] {logging_mixin.py:150} INFO - [2023-08-11T07:59:30.079+0000] {dagbag.py:541} INFO - Filling up the DagBag from /home/airflow/.local/lib/python3.7/site-packages/airflow/example_dags/example_latest_only_with_trigger.py
[2023-08-11T07:59:30.088+0000] {processor.py:836} INFO - DAG(s) dict_keys(['latest_only_with_trigger']) retrieved from /home/airflow/.local/lib/python3.7/site-packages/airflow/example_dags/example_latest_only_with_trigger.py
[2023-08-11T07:59:30.104+0000] {logging_mixin.py:150} INFO - [2023-08-11T07:59:30.104+0000] {dag.py:2742} INFO - Sync 1 DAGs
[2023-08-11T07:59:30.127+0000] {logging_mixin.py:150} INFO - [2023-08-11T07:59:30.127+0000] {dag.py:3508} INFO - Setting next_dagrun for latest_only_with_trigger to 2023-08-11T03:59:30.126829+00:00, run_after=2023-08-11T07:59:30.126829+00:00
[2023-08-11T07:59:30.151+0000] {processor.py:179} INFO - Processing /home/airflow/.local/lib/python3.7/site-packages/airflow/example_dags/example_latest_only_with_trigger.py took 0.077 seconds
[2023-08-11T08:00:01.042+0000] {processor.py:157} INFO - Started process (PID=995) to work on /home/airflow/.local/lib/python3.7/site-packages/airflow/example_dags/example_latest_only_with_trigger.py
[2023-08-11T08:00:01.043+0000] {processor.py:826} INFO - Processing file /home/airflow/.local/lib/python3.7/site-packages/airflow/example_dags/example_latest_only_with_trigger.py for tasks to queue
[2023-08-11T08:00:01.044+0000] {logging_mixin.py:150} INFO - [2023-08-11T08:00:01.043+0000] {dagbag.py:541} INFO - Filling up the DagBag from /home/airflow/.local/lib/python3.7/site-packages/airflow/example_dags/example_latest_only_with_trigger.py
[2023-08-11T08:00:01.052+0000] {processor.py:836} INFO - DAG(s) dict_keys(['latest_only_with_trigger']) retrieved from /home/airflow/.local/lib/python3.7/site-packages/airflow/example_dags/example_latest_only_with_trigger.py
[2023-08-11T08:00:01.079+0000] {logging_mixin.py:150} INFO - [2023-08-11T08:00:01.079+0000] {dag.py:2742} INFO - Sync 1 DAGs
[2023-08-11T08:00:01.109+0000] {logging_mixin.py:150} INFO - [2023-08-11T08:00:01.108+0000] {dag.py:3508} INFO - Setting next_dagrun for latest_only_with_trigger to 2023-08-11T04:00:01.108648+00:00, run_after=2023-08-11T08:00:01.108648+00:00
[2023-08-11T08:00:01.135+0000] {processor.py:179} INFO - Processing /home/airflow/.local/lib/python3.7/site-packages/airflow/example_dags/example_latest_only_with_trigger.py took 0.095 seconds
[2023-08-11T08:00:31.787+0000] {processor.py:157} INFO - Started process (PID=1066) to work on /home/airflow/.local/lib/python3.7/site-packages/airflow/example_dags/example_latest_only_with_trigger.py
[2023-08-11T08:00:31.789+0000] {processor.py:826} INFO - Processing file /home/airflow/.local/lib/python3.7/site-packages/airflow/example_dags/example_latest_only_with_trigger.py for tasks to queue
[2023-08-11T08:00:31.790+0000] {logging_mixin.py:150} INFO - [2023-08-11T08:00:31.790+0000] {dagbag.py:541} INFO - Filling up the DagBag from /home/airflow/.local/lib/python3.7/site-packages/airflow/example_dags/example_latest_only_with_trigger.py
[2023-08-11T08:00:31.804+0000] {processor.py:836} INFO - DAG(s) dict_keys(['latest_only_with_trigger']) retrieved from /home/airflow/.local/lib/python3.7/site-packages/airflow/example_dags/example_latest_only_with_trigger.py
[2023-08-11T08:00:31.859+0000] {logging_mixin.py:150} INFO - [2023-08-11T08:00:31.858+0000] {dag.py:2742} INFO - Sync 1 DAGs
[2023-08-11T08:00:31.919+0000] {logging_mixin.py:150} INFO - [2023-08-11T08:00:31.916+0000] {dag.py:3508} INFO - Setting next_dagrun for latest_only_with_trigger to 2023-08-11T04:00:31.915398+00:00, run_after=2023-08-11T08:00:31.915398+00:00
[2023-08-11T08:00:31.963+0000] {processor.py:179} INFO - Processing /home/airflow/.local/lib/python3.7/site-packages/airflow/example_dags/example_latest_only_with_trigger.py took 0.184 seconds
[2023-08-11T08:01:02.669+0000] {processor.py:157} INFO - Started process (PID=1132) to work on /home/airflow/.local/lib/python3.7/site-packages/airflow/example_dags/example_latest_only_with_trigger.py
[2023-08-11T08:01:02.672+0000] {processor.py:826} INFO - Processing file /home/airflow/.local/lib/python3.7/site-packages/airflow/example_dags/example_latest_only_with_trigger.py for tasks to queue
[2023-08-11T08:01:02.673+0000] {logging_mixin.py:150} INFO - [2023-08-11T08:01:02.673+0000] {dagbag.py:541} INFO - Filling up the DagBag from /home/airflow/.local/lib/python3.7/site-packages/airflow/example_dags/example_latest_only_with_trigger.py
[2023-08-11T08:01:02.682+0000] {processor.py:836} INFO - DAG(s) dict_keys(['latest_only_with_trigger']) retrieved from /home/airflow/.local/lib/python3.7/site-packages/airflow/example_dags/example_latest_only_with_trigger.py
[2023-08-11T08:01:02.729+0000] {logging_mixin.py:150} INFO - [2023-08-11T08:01:02.729+0000] {dag.py:2742} INFO - Sync 1 DAGs
[2023-08-11T08:01:02.778+0000] {logging_mixin.py:150} INFO - [2023-08-11T08:01:02.778+0000] {dag.py:3508} INFO - Setting next_dagrun for latest_only_with_trigger to 2023-08-11T04:01:02.778110+00:00, run_after=2023-08-11T08:01:02.778110+00:00
[2023-08-11T08:01:02.819+0000] {processor.py:179} INFO - Processing /home/airflow/.local/lib/python3.7/site-packages/airflow/example_dags/example_latest_only_with_trigger.py took 0.155 seconds
[2023-08-11T08:01:32.910+0000] {processor.py:157} INFO - Started process (PID=1199) to work on /home/airflow/.local/lib/python3.7/site-packages/airflow/example_dags/example_latest_only_with_trigger.py
[2023-08-11T08:01:32.911+0000] {processor.py:826} INFO - Processing file /home/airflow/.local/lib/python3.7/site-packages/airflow/example_dags/example_latest_only_with_trigger.py for tasks to queue
[2023-08-11T08:01:32.912+0000] {logging_mixin.py:150} INFO - [2023-08-11T08:01:32.912+0000] {dagbag.py:541} INFO - Filling up the DagBag from /home/airflow/.local/lib/python3.7/site-packages/airflow/example_dags/example_latest_only_with_trigger.py
[2023-08-11T08:01:32.918+0000] {processor.py:836} INFO - DAG(s) dict_keys(['latest_only_with_trigger']) retrieved from /home/airflow/.local/lib/python3.7/site-packages/airflow/example_dags/example_latest_only_with_trigger.py
[2023-08-11T08:01:32.946+0000] {logging_mixin.py:150} INFO - [2023-08-11T08:01:32.946+0000] {dag.py:2742} INFO - Sync 1 DAGs
[2023-08-11T08:01:32.979+0000] {logging_mixin.py:150} INFO - [2023-08-11T08:01:32.979+0000] {dag.py:3508} INFO - Setting next_dagrun for latest_only_with_trigger to 2023-08-11T04:01:32.979187+00:00, run_after=2023-08-11T08:01:32.979187+00:00
[2023-08-11T08:01:33.010+0000] {processor.py:179} INFO - Processing /home/airflow/.local/lib/python3.7/site-packages/airflow/example_dags/example_latest_only_with_trigger.py took 0.104 seconds
[2023-08-11T08:02:03.070+0000] {processor.py:157} INFO - Started process (PID=1269) to work on /home/airflow/.local/lib/python3.7/site-packages/airflow/example_dags/example_latest_only_with_trigger.py
[2023-08-11T08:02:03.070+0000] {processor.py:826} INFO - Processing file /home/airflow/.local/lib/python3.7/site-packages/airflow/example_dags/example_latest_only_with_trigger.py for tasks to queue
[2023-08-11T08:02:03.071+0000] {logging_mixin.py:150} INFO - [2023-08-11T08:02:03.071+0000] {dagbag.py:541} INFO - Filling up the DagBag from /home/airflow/.local/lib/python3.7/site-packages/airflow/example_dags/example_latest_only_with_trigger.py
[2023-08-11T08:02:03.078+0000] {processor.py:836} INFO - DAG(s) dict_keys(['latest_only_with_trigger']) retrieved from /home/airflow/.local/lib/python3.7/site-packages/airflow/example_dags/example_latest_only_with_trigger.py
[2023-08-11T08:02:03.104+0000] {logging_mixin.py:150} INFO - [2023-08-11T08:02:03.104+0000] {dag.py:2742} INFO - Sync 1 DAGs
[2023-08-11T08:02:03.133+0000] {logging_mixin.py:150} INFO - [2023-08-11T08:02:03.133+0000] {dag.py:3508} INFO - Setting next_dagrun for latest_only_with_trigger to 2023-08-11T04:02:03.133113+00:00, run_after=2023-08-11T08:02:03.133113+00:00
[2023-08-11T08:02:03.152+0000] {processor.py:179} INFO - Processing /home/airflow/.local/lib/python3.7/site-packages/airflow/example_dags/example_latest_only_with_trigger.py took 0.086 seconds
[2023-08-11T08:02:33.188+0000] {processor.py:157} INFO - Started process (PID=1335) to work on /home/airflow/.local/lib/python3.7/site-packages/airflow/example_dags/example_latest_only_with_trigger.py
[2023-08-11T08:02:33.189+0000] {processor.py:826} INFO - Processing file /home/airflow/.local/lib/python3.7/site-packages/airflow/example_dags/example_latest_only_with_trigger.py for tasks to queue
[2023-08-11T08:02:33.190+0000] {logging_mixin.py:150} INFO - [2023-08-11T08:02:33.190+0000] {dagbag.py:541} INFO - Filling up the DagBag from /home/airflow/.local/lib/python3.7/site-packages/airflow/example_dags/example_latest_only_with_trigger.py
[2023-08-11T08:02:33.197+0000] {processor.py:836} INFO - DAG(s) dict_keys(['latest_only_with_trigger']) retrieved from /home/airflow/.local/lib/python3.7/site-packages/airflow/example_dags/example_latest_only_with_trigger.py
[2023-08-11T08:02:33.221+0000] {logging_mixin.py:150} INFO - [2023-08-11T08:02:33.221+0000] {dag.py:2742} INFO - Sync 1 DAGs
[2023-08-11T08:02:33.248+0000] {logging_mixin.py:150} INFO - [2023-08-11T08:02:33.248+0000] {dag.py:3508} INFO - Setting next_dagrun for latest_only_with_trigger to 2023-08-11T04:02:33.248431+00:00, run_after=2023-08-11T08:02:33.248431+00:00
[2023-08-11T08:02:33.272+0000] {processor.py:179} INFO - Processing /home/airflow/.local/lib/python3.7/site-packages/airflow/example_dags/example_latest_only_with_trigger.py took 0.087 seconds
[2023-08-11T08:03:03.846+0000] {processor.py:157} INFO - Started process (PID=1401) to work on /home/airflow/.local/lib/python3.7/site-packages/airflow/example_dags/example_latest_only_with_trigger.py
[2023-08-11T08:03:03.846+0000] {processor.py:826} INFO - Processing file /home/airflow/.local/lib/python3.7/site-packages/airflow/example_dags/example_latest_only_with_trigger.py for tasks to queue
[2023-08-11T08:03:03.847+0000] {logging_mixin.py:150} INFO - [2023-08-11T08:03:03.847+0000] {dagbag.py:541} INFO - Filling up the DagBag from /home/airflow/.local/lib/python3.7/site-packages/airflow/example_dags/example_latest_only_with_trigger.py
[2023-08-11T08:03:03.854+0000] {processor.py:836} INFO - DAG(s) dict_keys(['latest_only_with_trigger']) retrieved from /home/airflow/.local/lib/python3.7/site-packages/airflow/example_dags/example_latest_only_with_trigger.py
[2023-08-11T08:03:03.886+0000] {logging_mixin.py:150} INFO - [2023-08-11T08:03:03.886+0000] {dag.py:2742} INFO - Sync 1 DAGs
[2023-08-11T08:03:03.915+0000] {logging_mixin.py:150} INFO - [2023-08-11T08:03:03.915+0000] {dag.py:3508} INFO - Setting next_dagrun for latest_only_with_trigger to 2023-08-11T04:03:03.914961+00:00, run_after=2023-08-11T08:03:03.914961+00:00
[2023-08-11T08:03:03.941+0000] {processor.py:179} INFO - Processing /home/airflow/.local/lib/python3.7/site-packages/airflow/example_dags/example_latest_only_with_trigger.py took 0.100 seconds
[2023-08-11T08:03:34.048+0000] {processor.py:157} INFO - Started process (PID=1467) to work on /home/airflow/.local/lib/python3.7/site-packages/airflow/example_dags/example_latest_only_with_trigger.py
[2023-08-11T08:03:34.050+0000] {processor.py:826} INFO - Processing file /home/airflow/.local/lib/python3.7/site-packages/airflow/example_dags/example_latest_only_with_trigger.py for tasks to queue
[2023-08-11T08:03:34.052+0000] {logging_mixin.py:150} INFO - [2023-08-11T08:03:34.052+0000] {dagbag.py:541} INFO - Filling up the DagBag from /home/airflow/.local/lib/python3.7/site-packages/airflow/example_dags/example_latest_only_with_trigger.py
[2023-08-11T08:03:34.059+0000] {processor.py:836} INFO - DAG(s) dict_keys(['latest_only_with_trigger']) retrieved from /home/airflow/.local/lib/python3.7/site-packages/airflow/example_dags/example_latest_only_with_trigger.py
[2023-08-11T08:03:34.085+0000] {logging_mixin.py:150} INFO - [2023-08-11T08:03:34.085+0000] {dag.py:2742} INFO - Sync 1 DAGs
[2023-08-11T08:03:34.114+0000] {logging_mixin.py:150} INFO - [2023-08-11T08:03:34.113+0000] {dag.py:3508} INFO - Setting next_dagrun for latest_only_with_trigger to 2023-08-11T04:03:34.113654+00:00, run_after=2023-08-11T08:03:34.113654+00:00
[2023-08-11T08:03:34.137+0000] {processor.py:179} INFO - Processing /home/airflow/.local/lib/python3.7/site-packages/airflow/example_dags/example_latest_only_with_trigger.py took 0.096 seconds
[2023-08-11T08:04:04.186+0000] {processor.py:157} INFO - Started process (PID=1533) to work on /home/airflow/.local/lib/python3.7/site-packages/airflow/example_dags/example_latest_only_with_trigger.py
[2023-08-11T08:04:04.187+0000] {processor.py:826} INFO - Processing file /home/airflow/.local/lib/python3.7/site-packages/airflow/example_dags/example_latest_only_with_trigger.py for tasks to queue
[2023-08-11T08:04:04.188+0000] {logging_mixin.py:150} INFO - [2023-08-11T08:04:04.187+0000] {dagbag.py:541} INFO - Filling up the DagBag from /home/airflow/.local/lib/python3.7/site-packages/airflow/example_dags/example_latest_only_with_trigger.py
[2023-08-11T08:04:04.201+0000] {processor.py:836} INFO - DAG(s) dict_keys(['latest_only_with_trigger']) retrieved from /home/airflow/.local/lib/python3.7/site-packages/airflow/example_dags/example_latest_only_with_trigger.py
[2023-08-11T08:04:04.225+0000] {logging_mixin.py:150} INFO - [2023-08-11T08:04:04.225+0000] {dag.py:2742} INFO - Sync 1 DAGs
[2023-08-11T08:04:04.253+0000] {logging_mixin.py:150} INFO - [2023-08-11T08:04:04.253+0000] {dag.py:3508} INFO - Setting next_dagrun for latest_only_with_trigger to 2023-08-11T04:04:04.252953+00:00, run_after=2023-08-11T08:04:04.252953+00:00
[2023-08-11T08:04:04.277+0000] {processor.py:179} INFO - Processing /home/airflow/.local/lib/python3.7/site-packages/airflow/example_dags/example_latest_only_with_trigger.py took 0.095 seconds
[2023-08-11T08:04:34.715+0000] {processor.py:157} INFO - Started process (PID=1607) to work on /home/airflow/.local/lib/python3.7/site-packages/airflow/example_dags/example_latest_only_with_trigger.py
[2023-08-11T08:04:34.716+0000] {processor.py:826} INFO - Processing file /home/airflow/.local/lib/python3.7/site-packages/airflow/example_dags/example_latest_only_with_trigger.py for tasks to queue
[2023-08-11T08:04:34.717+0000] {logging_mixin.py:150} INFO - [2023-08-11T08:04:34.717+0000] {dagbag.py:541} INFO - Filling up the DagBag from /home/airflow/.local/lib/python3.7/site-packages/airflow/example_dags/example_latest_only_with_trigger.py
[2023-08-11T08:04:34.724+0000] {processor.py:836} INFO - DAG(s) dict_keys(['latest_only_with_trigger']) retrieved from /home/airflow/.local/lib/python3.7/site-packages/airflow/example_dags/example_latest_only_with_trigger.py
[2023-08-11T08:04:34.747+0000] {logging_mixin.py:150} INFO - [2023-08-11T08:04:34.746+0000] {dag.py:2742} INFO - Sync 1 DAGs
[2023-08-11T08:04:34.771+0000] {logging_mixin.py:150} INFO - [2023-08-11T08:04:34.771+0000] {dag.py:3508} INFO - Setting next_dagrun for latest_only_with_trigger to 2023-08-11T04:04:34.771347+00:00, run_after=2023-08-11T08:04:34.771347+00:00
[2023-08-11T08:04:34.792+0000] {processor.py:179} INFO - Processing /home/airflow/.local/lib/python3.7/site-packages/airflow/example_dags/example_latest_only_with_trigger.py took 0.081 seconds
[2023-08-11T08:05:05.614+0000] {processor.py:157} INFO - Started process (PID=1673) to work on /home/airflow/.local/lib/python3.7/site-packages/airflow/example_dags/example_latest_only_with_trigger.py
[2023-08-11T08:05:05.616+0000] {processor.py:826} INFO - Processing file /home/airflow/.local/lib/python3.7/site-packages/airflow/example_dags/example_latest_only_with_trigger.py for tasks to queue
[2023-08-11T08:05:05.616+0000] {logging_mixin.py:150} INFO - [2023-08-11T08:05:05.616+0000] {dagbag.py:541} INFO - Filling up the DagBag from /home/airflow/.local/lib/python3.7/site-packages/airflow/example_dags/example_latest_only_with_trigger.py
[2023-08-11T08:05:05.623+0000] {processor.py:836} INFO - DAG(s) dict_keys(['latest_only_with_trigger']) retrieved from /home/airflow/.local/lib/python3.7/site-packages/airflow/example_dags/example_latest_only_with_trigger.py
[2023-08-11T08:05:05.646+0000] {logging_mixin.py:150} INFO - [2023-08-11T08:05:05.646+0000] {dag.py:2742} INFO - Sync 1 DAGs
[2023-08-11T08:05:05.672+0000] {logging_mixin.py:150} INFO - [2023-08-11T08:05:05.672+0000] {dag.py:3508} INFO - Setting next_dagrun for latest_only_with_trigger to 2023-08-11T04:05:05.672251+00:00, run_after=2023-08-11T08:05:05.672251+00:00
[2023-08-11T08:05:05.694+0000] {processor.py:179} INFO - Processing /home/airflow/.local/lib/python3.7/site-packages/airflow/example_dags/example_latest_only_with_trigger.py took 0.083 seconds
[2023-08-11T08:05:36.145+0000] {processor.py:157} INFO - Started process (PID=1740) to work on /home/airflow/.local/lib/python3.7/site-packages/airflow/example_dags/example_latest_only_with_trigger.py
[2023-08-11T08:05:36.146+0000] {processor.py:826} INFO - Processing file /home/airflow/.local/lib/python3.7/site-packages/airflow/example_dags/example_latest_only_with_trigger.py for tasks to queue
[2023-08-11T08:05:36.147+0000] {logging_mixin.py:150} INFO - [2023-08-11T08:05:36.146+0000] {dagbag.py:541} INFO - Filling up the DagBag from /home/airflow/.local/lib/python3.7/site-packages/airflow/example_dags/example_latest_only_with_trigger.py
[2023-08-11T08:05:36.156+0000] {processor.py:836} INFO - DAG(s) dict_keys(['latest_only_with_trigger']) retrieved from /home/airflow/.local/lib/python3.7/site-packages/airflow/example_dags/example_latest_only_with_trigger.py
[2023-08-11T08:05:36.180+0000] {logging_mixin.py:150} INFO - [2023-08-11T08:05:36.180+0000] {dag.py:2742} INFO - Sync 1 DAGs
[2023-08-11T08:05:36.207+0000] {logging_mixin.py:150} INFO - [2023-08-11T08:05:36.207+0000] {dag.py:3508} INFO - Setting next_dagrun for latest_only_with_trigger to 2023-08-11T04:05:36.207457+00:00, run_after=2023-08-11T08:05:36.207457+00:00
[2023-08-11T08:05:36.231+0000] {processor.py:179} INFO - Processing /home/airflow/.local/lib/python3.7/site-packages/airflow/example_dags/example_latest_only_with_trigger.py took 0.089 seconds
[2023-08-11T08:06:06.897+0000] {processor.py:157} INFO - Started process (PID=1807) to work on /home/airflow/.local/lib/python3.7/site-packages/airflow/example_dags/example_latest_only_with_trigger.py
[2023-08-11T08:06:06.898+0000] {processor.py:826} INFO - Processing file /home/airflow/.local/lib/python3.7/site-packages/airflow/example_dags/example_latest_only_with_trigger.py for tasks to queue
[2023-08-11T08:06:06.900+0000] {logging_mixin.py:150} INFO - [2023-08-11T08:06:06.900+0000] {dagbag.py:541} INFO - Filling up the DagBag from /home/airflow/.local/lib/python3.7/site-packages/airflow/example_dags/example_latest_only_with_trigger.py
[2023-08-11T08:06:06.914+0000] {processor.py:836} INFO - DAG(s) dict_keys(['latest_only_with_trigger']) retrieved from /home/airflow/.local/lib/python3.7/site-packages/airflow/example_dags/example_latest_only_with_trigger.py
[2023-08-11T08:06:06.979+0000] {logging_mixin.py:150} INFO - [2023-08-11T08:06:06.979+0000] {dag.py:2742} INFO - Sync 1 DAGs
[2023-08-11T08:06:07.030+0000] {logging_mixin.py:150} INFO - [2023-08-11T08:06:07.030+0000] {dag.py:3508} INFO - Setting next_dagrun for latest_only_with_trigger to 2023-08-11T04:06:07.029682+00:00, run_after=2023-08-11T08:06:07.029682+00:00
[2023-08-11T08:06:07.078+0000] {processor.py:179} INFO - Processing /home/airflow/.local/lib/python3.7/site-packages/airflow/example_dags/example_latest_only_with_trigger.py took 0.191 seconds
[2023-08-11T08:06:37.890+0000] {processor.py:157} INFO - Started process (PID=1877) to work on /home/airflow/.local/lib/python3.7/site-packages/airflow/example_dags/example_latest_only_with_trigger.py
[2023-08-11T08:06:37.895+0000] {processor.py:826} INFO - Processing file /home/airflow/.local/lib/python3.7/site-packages/airflow/example_dags/example_latest_only_with_trigger.py for tasks to queue
[2023-08-11T08:06:37.899+0000] {logging_mixin.py:150} INFO - [2023-08-11T08:06:37.898+0000] {dagbag.py:541} INFO - Filling up the DagBag from /home/airflow/.local/lib/python3.7/site-packages/airflow/example_dags/example_latest_only_with_trigger.py
[2023-08-11T08:06:37.930+0000] {processor.py:836} INFO - DAG(s) dict_keys(['latest_only_with_trigger']) retrieved from /home/airflow/.local/lib/python3.7/site-packages/airflow/example_dags/example_latest_only_with_trigger.py
[2023-08-11T08:06:38.027+0000] {logging_mixin.py:150} INFO - [2023-08-11T08:06:38.026+0000] {dag.py:2742} INFO - Sync 1 DAGs
[2023-08-11T08:06:38.103+0000] {logging_mixin.py:150} INFO - [2023-08-11T08:06:38.103+0000] {dag.py:3508} INFO - Setting next_dagrun for latest_only_with_trigger to 2023-08-11T04:06:38.102711+00:00, run_after=2023-08-11T08:06:38.102711+00:00
[2023-08-11T08:06:38.158+0000] {processor.py:179} INFO - Processing /home/airflow/.local/lib/python3.7/site-packages/airflow/example_dags/example_latest_only_with_trigger.py took 0.280 seconds
[2023-08-11T08:07:08.683+0000] {processor.py:157} INFO - Started process (PID=1945) to work on /home/airflow/.local/lib/python3.7/site-packages/airflow/example_dags/example_latest_only_with_trigger.py
[2023-08-11T08:07:08.683+0000] {processor.py:826} INFO - Processing file /home/airflow/.local/lib/python3.7/site-packages/airflow/example_dags/example_latest_only_with_trigger.py for tasks to queue
[2023-08-11T08:07:08.684+0000] {logging_mixin.py:150} INFO - [2023-08-11T08:07:08.684+0000] {dagbag.py:541} INFO - Filling up the DagBag from /home/airflow/.local/lib/python3.7/site-packages/airflow/example_dags/example_latest_only_with_trigger.py
[2023-08-11T08:07:08.692+0000] {processor.py:836} INFO - DAG(s) dict_keys(['latest_only_with_trigger']) retrieved from /home/airflow/.local/lib/python3.7/site-packages/airflow/example_dags/example_latest_only_with_trigger.py
[2023-08-11T08:07:08.719+0000] {logging_mixin.py:150} INFO - [2023-08-11T08:07:08.719+0000] {dag.py:2742} INFO - Sync 1 DAGs
[2023-08-11T08:07:08.745+0000] {logging_mixin.py:150} INFO - [2023-08-11T08:07:08.745+0000] {dag.py:3508} INFO - Setting next_dagrun for latest_only_with_trigger to 2023-08-11T04:07:08.745320+00:00, run_after=2023-08-11T08:07:08.745320+00:00
[2023-08-11T08:07:08.771+0000] {processor.py:179} INFO - Processing /home/airflow/.local/lib/python3.7/site-packages/airflow/example_dags/example_latest_only_with_trigger.py took 0.091 seconds
[2023-08-11T08:07:39.467+0000] {processor.py:157} INFO - Started process (PID=2014) to work on /home/airflow/.local/lib/python3.7/site-packages/airflow/example_dags/example_latest_only_with_trigger.py
[2023-08-11T08:07:39.468+0000] {processor.py:826} INFO - Processing file /home/airflow/.local/lib/python3.7/site-packages/airflow/example_dags/example_latest_only_with_trigger.py for tasks to queue
[2023-08-11T08:07:39.469+0000] {logging_mixin.py:150} INFO - [2023-08-11T08:07:39.468+0000] {dagbag.py:541} INFO - Filling up the DagBag from /home/airflow/.local/lib/python3.7/site-packages/airflow/example_dags/example_latest_only_with_trigger.py
[2023-08-11T08:07:39.475+0000] {processor.py:836} INFO - DAG(s) dict_keys(['latest_only_with_trigger']) retrieved from /home/airflow/.local/lib/python3.7/site-packages/airflow/example_dags/example_latest_only_with_trigger.py
[2023-08-11T08:07:39.500+0000] {logging_mixin.py:150} INFO - [2023-08-11T08:07:39.499+0000] {dag.py:2742} INFO - Sync 1 DAGs
[2023-08-11T08:07:39.521+0000] {logging_mixin.py:150} INFO - [2023-08-11T08:07:39.520+0000] {dag.py:3508} INFO - Setting next_dagrun for latest_only_with_trigger to 2023-08-11T04:07:39.520678+00:00, run_after=2023-08-11T08:07:39.520678+00:00
[2023-08-11T08:07:39.542+0000] {processor.py:179} INFO - Processing /home/airflow/.local/lib/python3.7/site-packages/airflow/example_dags/example_latest_only_with_trigger.py took 0.078 seconds
[2023-08-11T08:08:09.722+0000] {processor.py:157} INFO - Started process (PID=2080) to work on /home/airflow/.local/lib/python3.7/site-packages/airflow/example_dags/example_latest_only_with_trigger.py
[2023-08-11T08:08:09.725+0000] {processor.py:826} INFO - Processing file /home/airflow/.local/lib/python3.7/site-packages/airflow/example_dags/example_latest_only_with_trigger.py for tasks to queue
[2023-08-11T08:08:09.726+0000] {logging_mixin.py:150} INFO - [2023-08-11T08:08:09.725+0000] {dagbag.py:541} INFO - Filling up the DagBag from /home/airflow/.local/lib/python3.7/site-packages/airflow/example_dags/example_latest_only_with_trigger.py
[2023-08-11T08:08:09.732+0000] {processor.py:836} INFO - DAG(s) dict_keys(['latest_only_with_trigger']) retrieved from /home/airflow/.local/lib/python3.7/site-packages/airflow/example_dags/example_latest_only_with_trigger.py
[2023-08-11T08:08:09.759+0000] {logging_mixin.py:150} INFO - [2023-08-11T08:08:09.759+0000] {dag.py:2742} INFO - Sync 1 DAGs
[2023-08-11T08:08:09.782+0000] {logging_mixin.py:150} INFO - [2023-08-11T08:08:09.781+0000] {dag.py:3508} INFO - Setting next_dagrun for latest_only_with_trigger to 2023-08-11T04:08:09.781695+00:00, run_after=2023-08-11T08:08:09.781695+00:00
[2023-08-11T08:08:09.802+0000] {processor.py:179} INFO - Processing /home/airflow/.local/lib/python3.7/site-packages/airflow/example_dags/example_latest_only_with_trigger.py took 0.084 seconds
[2023-08-11T08:08:40.311+0000] {processor.py:157} INFO - Started process (PID=2146) to work on /home/airflow/.local/lib/python3.7/site-packages/airflow/example_dags/example_latest_only_with_trigger.py
[2023-08-11T08:08:40.311+0000] {processor.py:826} INFO - Processing file /home/airflow/.local/lib/python3.7/site-packages/airflow/example_dags/example_latest_only_with_trigger.py for tasks to queue
[2023-08-11T08:08:40.312+0000] {logging_mixin.py:150} INFO - [2023-08-11T08:08:40.312+0000] {dagbag.py:541} INFO - Filling up the DagBag from /home/airflow/.local/lib/python3.7/site-packages/airflow/example_dags/example_latest_only_with_trigger.py
[2023-08-11T08:08:40.318+0000] {processor.py:836} INFO - DAG(s) dict_keys(['latest_only_with_trigger']) retrieved from /home/airflow/.local/lib/python3.7/site-packages/airflow/example_dags/example_latest_only_with_trigger.py
[2023-08-11T08:08:40.344+0000] {logging_mixin.py:150} INFO - [2023-08-11T08:08:40.343+0000] {dag.py:2742} INFO - Sync 1 DAGs
[2023-08-11T08:08:40.366+0000] {logging_mixin.py:150} INFO - [2023-08-11T08:08:40.365+0000] {dag.py:3508} INFO - Setting next_dagrun for latest_only_with_trigger to 2023-08-11T04:08:40.365645+00:00, run_after=2023-08-11T08:08:40.365645+00:00
[2023-08-11T08:08:40.386+0000] {processor.py:179} INFO - Processing /home/airflow/.local/lib/python3.7/site-packages/airflow/example_dags/example_latest_only_with_trigger.py took 0.080 seconds
[2023-08-11T08:09:10.785+0000] {processor.py:157} INFO - Started process (PID=2212) to work on /home/airflow/.local/lib/python3.7/site-packages/airflow/example_dags/example_latest_only_with_trigger.py
[2023-08-11T08:09:10.786+0000] {processor.py:826} INFO - Processing file /home/airflow/.local/lib/python3.7/site-packages/airflow/example_dags/example_latest_only_with_trigger.py for tasks to queue
[2023-08-11T08:09:10.787+0000] {logging_mixin.py:150} INFO - [2023-08-11T08:09:10.787+0000] {dagbag.py:541} INFO - Filling up the DagBag from /home/airflow/.local/lib/python3.7/site-packages/airflow/example_dags/example_latest_only_with_trigger.py
[2023-08-11T08:09:10.792+0000] {processor.py:836} INFO - DAG(s) dict_keys(['latest_only_with_trigger']) retrieved from /home/airflow/.local/lib/python3.7/site-packages/airflow/example_dags/example_latest_only_with_trigger.py
[2023-08-11T08:09:10.815+0000] {logging_mixin.py:150} INFO - [2023-08-11T08:09:10.815+0000] {dag.py:2742} INFO - Sync 1 DAGs
[2023-08-11T08:09:10.837+0000] {logging_mixin.py:150} INFO - [2023-08-11T08:09:10.837+0000] {dag.py:3508} INFO - Setting next_dagrun for latest_only_with_trigger to 2023-08-11T04:09:10.837493+00:00, run_after=2023-08-11T08:09:10.837493+00:00
[2023-08-11T08:09:10.860+0000] {processor.py:179} INFO - Processing /home/airflow/.local/lib/python3.7/site-packages/airflow/example_dags/example_latest_only_with_trigger.py took 0.078 seconds
[2023-08-11T08:09:41.129+0000] {processor.py:157} INFO - Started process (PID=2278) to work on /home/airflow/.local/lib/python3.7/site-packages/airflow/example_dags/example_latest_only_with_trigger.py
[2023-08-11T08:09:41.130+0000] {processor.py:826} INFO - Processing file /home/airflow/.local/lib/python3.7/site-packages/airflow/example_dags/example_latest_only_with_trigger.py for tasks to queue
[2023-08-11T08:09:41.131+0000] {logging_mixin.py:150} INFO - [2023-08-11T08:09:41.131+0000] {dagbag.py:541} INFO - Filling up the DagBag from /home/airflow/.local/lib/python3.7/site-packages/airflow/example_dags/example_latest_only_with_trigger.py
[2023-08-11T08:09:41.137+0000] {processor.py:836} INFO - DAG(s) dict_keys(['latest_only_with_trigger']) retrieved from /home/airflow/.local/lib/python3.7/site-packages/airflow/example_dags/example_latest_only_with_trigger.py
[2023-08-11T08:09:41.166+0000] {logging_mixin.py:150} INFO - [2023-08-11T08:09:41.165+0000] {dag.py:2742} INFO - Sync 1 DAGs
[2023-08-11T08:09:41.189+0000] {logging_mixin.py:150} INFO - [2023-08-11T08:09:41.188+0000] {dag.py:3508} INFO - Setting next_dagrun for latest_only_with_trigger to 2023-08-11T04:09:41.188664+00:00, run_after=2023-08-11T08:09:41.188664+00:00
[2023-08-11T08:09:41.210+0000] {processor.py:179} INFO - Processing /home/airflow/.local/lib/python3.7/site-packages/airflow/example_dags/example_latest_only_with_trigger.py took 0.086 seconds
[2023-08-11T08:10:11.960+0000] {processor.py:157} INFO - Started process (PID=2344) to work on /home/airflow/.local/lib/python3.7/site-packages/airflow/example_dags/example_latest_only_with_trigger.py
[2023-08-11T08:10:11.961+0000] {processor.py:826} INFO - Processing file /home/airflow/.local/lib/python3.7/site-packages/airflow/example_dags/example_latest_only_with_trigger.py for tasks to queue
[2023-08-11T08:10:11.962+0000] {logging_mixin.py:150} INFO - [2023-08-11T08:10:11.962+0000] {dagbag.py:541} INFO - Filling up the DagBag from /home/airflow/.local/lib/python3.7/site-packages/airflow/example_dags/example_latest_only_with_trigger.py
[2023-08-11T08:10:11.969+0000] {processor.py:836} INFO - DAG(s) dict_keys(['latest_only_with_trigger']) retrieved from /home/airflow/.local/lib/python3.7/site-packages/airflow/example_dags/example_latest_only_with_trigger.py
[2023-08-11T08:10:11.993+0000] {logging_mixin.py:150} INFO - [2023-08-11T08:10:11.992+0000] {dag.py:2742} INFO - Sync 1 DAGs
[2023-08-11T08:10:12.017+0000] {logging_mixin.py:150} INFO - [2023-08-11T08:10:12.016+0000] {dag.py:3508} INFO - Setting next_dagrun for latest_only_with_trigger to 2023-08-11T04:10:12.016687+00:00, run_after=2023-08-11T08:10:12.016687+00:00
[2023-08-11T08:10:12.038+0000] {processor.py:179} INFO - Processing /home/airflow/.local/lib/python3.7/site-packages/airflow/example_dags/example_latest_only_with_trigger.py took 0.080 seconds
[2023-08-11T08:10:42.359+0000] {processor.py:157} INFO - Started process (PID=2410) to work on /home/airflow/.local/lib/python3.7/site-packages/airflow/example_dags/example_latest_only_with_trigger.py
[2023-08-11T08:10:42.360+0000] {processor.py:826} INFO - Processing file /home/airflow/.local/lib/python3.7/site-packages/airflow/example_dags/example_latest_only_with_trigger.py for tasks to queue
[2023-08-11T08:10:42.360+0000] {logging_mixin.py:150} INFO - [2023-08-11T08:10:42.360+0000] {dagbag.py:541} INFO - Filling up the DagBag from /home/airflow/.local/lib/python3.7/site-packages/airflow/example_dags/example_latest_only_with_trigger.py
[2023-08-11T08:10:42.369+0000] {processor.py:836} INFO - DAG(s) dict_keys(['latest_only_with_trigger']) retrieved from /home/airflow/.local/lib/python3.7/site-packages/airflow/example_dags/example_latest_only_with_trigger.py
[2023-08-11T08:10:42.402+0000] {logging_mixin.py:150} INFO - [2023-08-11T08:10:42.402+0000] {dag.py:2742} INFO - Sync 1 DAGs
[2023-08-11T08:10:42.433+0000] {logging_mixin.py:150} INFO - [2023-08-11T08:10:42.432+0000] {dag.py:3508} INFO - Setting next_dagrun for latest_only_with_trigger to 2023-08-11T04:10:42.432357+00:00, run_after=2023-08-11T08:10:42.432357+00:00
[2023-08-11T08:10:42.468+0000] {processor.py:179} INFO - Processing /home/airflow/.local/lib/python3.7/site-packages/airflow/example_dags/example_latest_only_with_trigger.py took 0.112 seconds
[2023-08-11T08:11:12.857+0000] {processor.py:157} INFO - Started process (PID=2477) to work on /home/airflow/.local/lib/python3.7/site-packages/airflow/example_dags/example_latest_only_with_trigger.py
[2023-08-11T08:11:12.859+0000] {processor.py:826} INFO - Processing file /home/airflow/.local/lib/python3.7/site-packages/airflow/example_dags/example_latest_only_with_trigger.py for tasks to queue
[2023-08-11T08:11:12.859+0000] {logging_mixin.py:150} INFO - [2023-08-11T08:11:12.859+0000] {dagbag.py:541} INFO - Filling up the DagBag from /home/airflow/.local/lib/python3.7/site-packages/airflow/example_dags/example_latest_only_with_trigger.py
[2023-08-11T08:11:12.865+0000] {processor.py:836} INFO - DAG(s) dict_keys(['latest_only_with_trigger']) retrieved from /home/airflow/.local/lib/python3.7/site-packages/airflow/example_dags/example_latest_only_with_trigger.py
[2023-08-11T08:11:12.889+0000] {logging_mixin.py:150} INFO - [2023-08-11T08:11:12.889+0000] {dag.py:2742} INFO - Sync 1 DAGs
[2023-08-11T08:11:12.913+0000] {logging_mixin.py:150} INFO - [2023-08-11T08:11:12.912+0000] {dag.py:3508} INFO - Setting next_dagrun for latest_only_with_trigger to 2023-08-11T04:11:12.912594+00:00, run_after=2023-08-11T08:11:12.912594+00:00
[2023-08-11T08:11:12.937+0000] {processor.py:179} INFO - Processing /home/airflow/.local/lib/python3.7/site-packages/airflow/example_dags/example_latest_only_with_trigger.py took 0.082 seconds
[2023-08-11T08:11:43.582+0000] {processor.py:157} INFO - Started process (PID=2543) to work on /home/airflow/.local/lib/python3.7/site-packages/airflow/example_dags/example_latest_only_with_trigger.py
[2023-08-11T08:11:43.583+0000] {processor.py:826} INFO - Processing file /home/airflow/.local/lib/python3.7/site-packages/airflow/example_dags/example_latest_only_with_trigger.py for tasks to queue
[2023-08-11T08:11:43.585+0000] {logging_mixin.py:150} INFO - [2023-08-11T08:11:43.584+0000] {dagbag.py:541} INFO - Filling up the DagBag from /home/airflow/.local/lib/python3.7/site-packages/airflow/example_dags/example_latest_only_with_trigger.py
[2023-08-11T08:11:43.591+0000] {processor.py:836} INFO - DAG(s) dict_keys(['latest_only_with_trigger']) retrieved from /home/airflow/.local/lib/python3.7/site-packages/airflow/example_dags/example_latest_only_with_trigger.py
[2023-08-11T08:11:43.615+0000] {logging_mixin.py:150} INFO - [2023-08-11T08:11:43.615+0000] {dag.py:2742} INFO - Sync 1 DAGs
[2023-08-11T08:11:43.640+0000] {logging_mixin.py:150} INFO - [2023-08-11T08:11:43.640+0000] {dag.py:3508} INFO - Setting next_dagrun for latest_only_with_trigger to 2023-08-11T04:11:43.640118+00:00, run_after=2023-08-11T08:11:43.640118+00:00
[2023-08-11T08:11:43.661+0000] {processor.py:179} INFO - Processing /home/airflow/.local/lib/python3.7/site-packages/airflow/example_dags/example_latest_only_with_trigger.py took 0.081 seconds
[2023-08-11T08:12:14.210+0000] {processor.py:157} INFO - Started process (PID=2609) to work on /home/airflow/.local/lib/python3.7/site-packages/airflow/example_dags/example_latest_only_with_trigger.py
[2023-08-11T08:12:14.211+0000] {processor.py:826} INFO - Processing file /home/airflow/.local/lib/python3.7/site-packages/airflow/example_dags/example_latest_only_with_trigger.py for tasks to queue
[2023-08-11T08:12:14.212+0000] {logging_mixin.py:150} INFO - [2023-08-11T08:12:14.211+0000] {dagbag.py:541} INFO - Filling up the DagBag from /home/airflow/.local/lib/python3.7/site-packages/airflow/example_dags/example_latest_only_with_trigger.py
[2023-08-11T08:12:14.217+0000] {processor.py:836} INFO - DAG(s) dict_keys(['latest_only_with_trigger']) retrieved from /home/airflow/.local/lib/python3.7/site-packages/airflow/example_dags/example_latest_only_with_trigger.py
[2023-08-11T08:12:14.242+0000] {logging_mixin.py:150} INFO - [2023-08-11T08:12:14.242+0000] {dag.py:2742} INFO - Sync 1 DAGs
[2023-08-11T08:12:14.266+0000] {logging_mixin.py:150} INFO - [2023-08-11T08:12:14.266+0000] {dag.py:3508} INFO - Setting next_dagrun for latest_only_with_trigger to 2023-08-11T04:12:14.266121+00:00, run_after=2023-08-11T08:12:14.266121+00:00
[2023-08-11T08:12:14.291+0000] {processor.py:179} INFO - Processing /home/airflow/.local/lib/python3.7/site-packages/airflow/example_dags/example_latest_only_with_trigger.py took 0.084 seconds
[2023-08-11T08:12:44.883+0000] {processor.py:157} INFO - Started process (PID=2675) to work on /home/airflow/.local/lib/python3.7/site-packages/airflow/example_dags/example_latest_only_with_trigger.py
[2023-08-11T08:12:44.884+0000] {processor.py:826} INFO - Processing file /home/airflow/.local/lib/python3.7/site-packages/airflow/example_dags/example_latest_only_with_trigger.py for tasks to queue
[2023-08-11T08:12:44.884+0000] {logging_mixin.py:150} INFO - [2023-08-11T08:12:44.884+0000] {dagbag.py:541} INFO - Filling up the DagBag from /home/airflow/.local/lib/python3.7/site-packages/airflow/example_dags/example_latest_only_with_trigger.py
[2023-08-11T08:12:44.895+0000] {processor.py:836} INFO - DAG(s) dict_keys(['latest_only_with_trigger']) retrieved from /home/airflow/.local/lib/python3.7/site-packages/airflow/example_dags/example_latest_only_with_trigger.py
[2023-08-11T08:12:44.923+0000] {logging_mixin.py:150} INFO - [2023-08-11T08:12:44.923+0000] {dag.py:2742} INFO - Sync 1 DAGs
[2023-08-11T08:12:44.948+0000] {logging_mixin.py:150} INFO - [2023-08-11T08:12:44.948+0000] {dag.py:3508} INFO - Setting next_dagrun for latest_only_with_trigger to 2023-08-11T04:12:44.948063+00:00, run_after=2023-08-11T08:12:44.948063+00:00
[2023-08-11T08:12:44.978+0000] {processor.py:179} INFO - Processing /home/airflow/.local/lib/python3.7/site-packages/airflow/example_dags/example_latest_only_with_trigger.py took 0.098 seconds
[2023-08-11T08:13:15.091+0000] {processor.py:157} INFO - Started process (PID=2741) to work on /home/airflow/.local/lib/python3.7/site-packages/airflow/example_dags/example_latest_only_with_trigger.py
[2023-08-11T08:13:15.092+0000] {processor.py:826} INFO - Processing file /home/airflow/.local/lib/python3.7/site-packages/airflow/example_dags/example_latest_only_with_trigger.py for tasks to queue
[2023-08-11T08:13:15.093+0000] {logging_mixin.py:150} INFO - [2023-08-11T08:13:15.092+0000] {dagbag.py:541} INFO - Filling up the DagBag from /home/airflow/.local/lib/python3.7/site-packages/airflow/example_dags/example_latest_only_with_trigger.py
[2023-08-11T08:13:15.099+0000] {processor.py:836} INFO - DAG(s) dict_keys(['latest_only_with_trigger']) retrieved from /home/airflow/.local/lib/python3.7/site-packages/airflow/example_dags/example_latest_only_with_trigger.py
[2023-08-11T08:13:15.128+0000] {logging_mixin.py:150} INFO - [2023-08-11T08:13:15.127+0000] {dag.py:2742} INFO - Sync 1 DAGs
[2023-08-11T08:13:15.157+0000] {logging_mixin.py:150} INFO - [2023-08-11T08:13:15.157+0000] {dag.py:3508} INFO - Setting next_dagrun for latest_only_with_trigger to 2023-08-11T04:13:15.156918+00:00, run_after=2023-08-11T08:13:15.156918+00:00
[2023-08-11T08:13:15.179+0000] {processor.py:179} INFO - Processing /home/airflow/.local/lib/python3.7/site-packages/airflow/example_dags/example_latest_only_with_trigger.py took 0.092 seconds
[2023-08-11T08:13:46.022+0000] {processor.py:157} INFO - Started process (PID=2807) to work on /home/airflow/.local/lib/python3.7/site-packages/airflow/example_dags/example_latest_only_with_trigger.py
[2023-08-11T08:13:46.024+0000] {processor.py:826} INFO - Processing file /home/airflow/.local/lib/python3.7/site-packages/airflow/example_dags/example_latest_only_with_trigger.py for tasks to queue
[2023-08-11T08:13:46.025+0000] {logging_mixin.py:150} INFO - [2023-08-11T08:13:46.024+0000] {dagbag.py:541} INFO - Filling up the DagBag from /home/airflow/.local/lib/python3.7/site-packages/airflow/example_dags/example_latest_only_with_trigger.py
[2023-08-11T08:13:46.030+0000] {processor.py:836} INFO - DAG(s) dict_keys(['latest_only_with_trigger']) retrieved from /home/airflow/.local/lib/python3.7/site-packages/airflow/example_dags/example_latest_only_with_trigger.py
[2023-08-11T08:13:46.054+0000] {logging_mixin.py:150} INFO - [2023-08-11T08:13:46.054+0000] {dag.py:2742} INFO - Sync 1 DAGs
[2023-08-11T08:13:46.078+0000] {logging_mixin.py:150} INFO - [2023-08-11T08:13:46.077+0000] {dag.py:3508} INFO - Setting next_dagrun for latest_only_with_trigger to 2023-08-11T04:13:46.077711+00:00, run_after=2023-08-11T08:13:46.077711+00:00
[2023-08-11T08:13:46.098+0000] {processor.py:179} INFO - Processing /home/airflow/.local/lib/python3.7/site-packages/airflow/example_dags/example_latest_only_with_trigger.py took 0.078 seconds
[2023-08-11T08:14:16.621+0000] {processor.py:157} INFO - Started process (PID=2873) to work on /home/airflow/.local/lib/python3.7/site-packages/airflow/example_dags/example_latest_only_with_trigger.py
[2023-08-11T08:14:16.622+0000] {processor.py:826} INFO - Processing file /home/airflow/.local/lib/python3.7/site-packages/airflow/example_dags/example_latest_only_with_trigger.py for tasks to queue
[2023-08-11T08:14:16.623+0000] {logging_mixin.py:150} INFO - [2023-08-11T08:14:16.623+0000] {dagbag.py:541} INFO - Filling up the DagBag from /home/airflow/.local/lib/python3.7/site-packages/airflow/example_dags/example_latest_only_with_trigger.py
[2023-08-11T08:14:16.631+0000] {processor.py:836} INFO - DAG(s) dict_keys(['latest_only_with_trigger']) retrieved from /home/airflow/.local/lib/python3.7/site-packages/airflow/example_dags/example_latest_only_with_trigger.py
[2023-08-11T08:14:16.657+0000] {logging_mixin.py:150} INFO - [2023-08-11T08:14:16.657+0000] {dag.py:2742} INFO - Sync 1 DAGs
[2023-08-11T08:14:16.683+0000] {logging_mixin.py:150} INFO - [2023-08-11T08:14:16.683+0000] {dag.py:3508} INFO - Setting next_dagrun for latest_only_with_trigger to 2023-08-11T04:14:16.683289+00:00, run_after=2023-08-11T08:14:16.683289+00:00
[2023-08-11T08:14:16.706+0000] {processor.py:179} INFO - Processing /home/airflow/.local/lib/python3.7/site-packages/airflow/example_dags/example_latest_only_with_trigger.py took 0.088 seconds
[2023-08-11T08:14:47.337+0000] {processor.py:157} INFO - Started process (PID=2940) to work on /home/airflow/.local/lib/python3.7/site-packages/airflow/example_dags/example_latest_only_with_trigger.py
[2023-08-11T08:14:47.338+0000] {processor.py:826} INFO - Processing file /home/airflow/.local/lib/python3.7/site-packages/airflow/example_dags/example_latest_only_with_trigger.py for tasks to queue
[2023-08-11T08:14:47.339+0000] {logging_mixin.py:150} INFO - [2023-08-11T08:14:47.338+0000] {dagbag.py:541} INFO - Filling up the DagBag from /home/airflow/.local/lib/python3.7/site-packages/airflow/example_dags/example_latest_only_with_trigger.py
[2023-08-11T08:14:47.345+0000] {processor.py:836} INFO - DAG(s) dict_keys(['latest_only_with_trigger']) retrieved from /home/airflow/.local/lib/python3.7/site-packages/airflow/example_dags/example_latest_only_with_trigger.py
[2023-08-11T08:14:47.368+0000] {logging_mixin.py:150} INFO - [2023-08-11T08:14:47.368+0000] {dag.py:2742} INFO - Sync 1 DAGs
[2023-08-11T08:14:47.389+0000] {logging_mixin.py:150} INFO - [2023-08-11T08:14:47.389+0000] {dag.py:3508} INFO - Setting next_dagrun for latest_only_with_trigger to 2023-08-11T04:14:47.389052+00:00, run_after=2023-08-11T08:14:47.389052+00:00
[2023-08-11T08:14:47.406+0000] {processor.py:179} INFO - Processing /home/airflow/.local/lib/python3.7/site-packages/airflow/example_dags/example_latest_only_with_trigger.py took 0.071 seconds
[2023-08-11T08:15:18.241+0000] {processor.py:157} INFO - Started process (PID=3006) to work on /home/airflow/.local/lib/python3.7/site-packages/airflow/example_dags/example_latest_only_with_trigger.py
[2023-08-11T08:15:18.242+0000] {processor.py:826} INFO - Processing file /home/airflow/.local/lib/python3.7/site-packages/airflow/example_dags/example_latest_only_with_trigger.py for tasks to queue
[2023-08-11T08:15:18.243+0000] {logging_mixin.py:150} INFO - [2023-08-11T08:15:18.243+0000] {dagbag.py:541} INFO - Filling up the DagBag from /home/airflow/.local/lib/python3.7/site-packages/airflow/example_dags/example_latest_only_with_trigger.py
[2023-08-11T08:15:18.250+0000] {processor.py:836} INFO - DAG(s) dict_keys(['latest_only_with_trigger']) retrieved from /home/airflow/.local/lib/python3.7/site-packages/airflow/example_dags/example_latest_only_with_trigger.py
[2023-08-11T08:15:18.274+0000] {logging_mixin.py:150} INFO - [2023-08-11T08:15:18.274+0000] {dag.py:2742} INFO - Sync 1 DAGs
[2023-08-11T08:15:18.296+0000] {logging_mixin.py:150} INFO - [2023-08-11T08:15:18.296+0000] {dag.py:3508} INFO - Setting next_dagrun for latest_only_with_trigger to 2023-08-11T04:15:18.296187+00:00, run_after=2023-08-11T08:15:18.296187+00:00
[2023-08-11T08:15:18.317+0000] {processor.py:179} INFO - Processing /home/airflow/.local/lib/python3.7/site-packages/airflow/example_dags/example_latest_only_with_trigger.py took 0.079 seconds
[2023-08-11T08:15:49.196+0000] {processor.py:157} INFO - Started process (PID=3073) to work on /home/airflow/.local/lib/python3.7/site-packages/airflow/example_dags/example_latest_only_with_trigger.py
[2023-08-11T08:15:49.198+0000] {processor.py:826} INFO - Processing file /home/airflow/.local/lib/python3.7/site-packages/airflow/example_dags/example_latest_only_with_trigger.py for tasks to queue
[2023-08-11T08:15:49.199+0000] {logging_mixin.py:150} INFO - [2023-08-11T08:15:49.199+0000] {dagbag.py:541} INFO - Filling up the DagBag from /home/airflow/.local/lib/python3.7/site-packages/airflow/example_dags/example_latest_only_with_trigger.py
[2023-08-11T08:15:49.205+0000] {processor.py:836} INFO - DAG(s) dict_keys(['latest_only_with_trigger']) retrieved from /home/airflow/.local/lib/python3.7/site-packages/airflow/example_dags/example_latest_only_with_trigger.py
[2023-08-11T08:15:49.231+0000] {logging_mixin.py:150} INFO - [2023-08-11T08:15:49.230+0000] {dag.py:2742} INFO - Sync 1 DAGs
[2023-08-11T08:15:49.255+0000] {logging_mixin.py:150} INFO - [2023-08-11T08:15:49.255+0000] {dag.py:3508} INFO - Setting next_dagrun for latest_only_with_trigger to 2023-08-11T04:15:49.254959+00:00, run_after=2023-08-11T08:15:49.254959+00:00
[2023-08-11T08:15:49.281+0000] {processor.py:179} INFO - Processing /home/airflow/.local/lib/python3.7/site-packages/airflow/example_dags/example_latest_only_with_trigger.py took 0.088 seconds
[2023-08-11T08:16:19.729+0000] {processor.py:157} INFO - Started process (PID=3141) to work on /home/airflow/.local/lib/python3.7/site-packages/airflow/example_dags/example_latest_only_with_trigger.py
[2023-08-11T08:16:19.732+0000] {processor.py:826} INFO - Processing file /home/airflow/.local/lib/python3.7/site-packages/airflow/example_dags/example_latest_only_with_trigger.py for tasks to queue
[2023-08-11T08:16:19.734+0000] {logging_mixin.py:150} INFO - [2023-08-11T08:16:19.734+0000] {dagbag.py:541} INFO - Filling up the DagBag from /home/airflow/.local/lib/python3.7/site-packages/airflow/example_dags/example_latest_only_with_trigger.py
[2023-08-11T08:16:19.743+0000] {processor.py:836} INFO - DAG(s) dict_keys(['latest_only_with_trigger']) retrieved from /home/airflow/.local/lib/python3.7/site-packages/airflow/example_dags/example_latest_only_with_trigger.py
[2023-08-11T08:16:19.775+0000] {logging_mixin.py:150} INFO - [2023-08-11T08:16:19.775+0000] {dag.py:2742} INFO - Sync 1 DAGs
[2023-08-11T08:16:19.807+0000] {logging_mixin.py:150} INFO - [2023-08-11T08:16:19.807+0000] {dag.py:3508} INFO - Setting next_dagrun for latest_only_with_trigger to 2023-08-11T04:16:19.807454+00:00, run_after=2023-08-11T08:16:19.807454+00:00
[2023-08-11T08:16:19.838+0000] {processor.py:179} INFO - Processing /home/airflow/.local/lib/python3.7/site-packages/airflow/example_dags/example_latest_only_with_trigger.py took 0.113 seconds
[2023-08-11T08:16:50.514+0000] {processor.py:157} INFO - Started process (PID=3209) to work on /home/airflow/.local/lib/python3.7/site-packages/airflow/example_dags/example_latest_only_with_trigger.py
[2023-08-11T08:16:50.515+0000] {processor.py:826} INFO - Processing file /home/airflow/.local/lib/python3.7/site-packages/airflow/example_dags/example_latest_only_with_trigger.py for tasks to queue
[2023-08-11T08:16:50.515+0000] {logging_mixin.py:150} INFO - [2023-08-11T08:16:50.515+0000] {dagbag.py:541} INFO - Filling up the DagBag from /home/airflow/.local/lib/python3.7/site-packages/airflow/example_dags/example_latest_only_with_trigger.py
[2023-08-11T08:16:50.526+0000] {processor.py:836} INFO - DAG(s) dict_keys(['latest_only_with_trigger']) retrieved from /home/airflow/.local/lib/python3.7/site-packages/airflow/example_dags/example_latest_only_with_trigger.py
[2023-08-11T08:16:50.554+0000] {logging_mixin.py:150} INFO - [2023-08-11T08:16:50.554+0000] {dag.py:2742} INFO - Sync 1 DAGs
[2023-08-11T08:16:50.579+0000] {logging_mixin.py:150} INFO - [2023-08-11T08:16:50.578+0000] {dag.py:3508} INFO - Setting next_dagrun for latest_only_with_trigger to 2023-08-11T04:16:50.578634+00:00, run_after=2023-08-11T08:16:50.578634+00:00
[2023-08-11T08:16:50.601+0000] {processor.py:179} INFO - Processing /home/airflow/.local/lib/python3.7/site-packages/airflow/example_dags/example_latest_only_with_trigger.py took 0.090 seconds
[2023-08-11T08:17:21.661+0000] {processor.py:157} INFO - Started process (PID=3287) to work on /home/airflow/.local/lib/python3.7/site-packages/airflow/example_dags/example_latest_only_with_trigger.py
[2023-08-11T08:17:21.690+0000] {processor.py:826} INFO - Processing file /home/airflow/.local/lib/python3.7/site-packages/airflow/example_dags/example_latest_only_with_trigger.py for tasks to queue
[2023-08-11T08:17:21.691+0000] {logging_mixin.py:150} INFO - [2023-08-11T08:17:21.690+0000] {dagbag.py:541} INFO - Filling up the DagBag from /home/airflow/.local/lib/python3.7/site-packages/airflow/example_dags/example_latest_only_with_trigger.py
[2023-08-11T08:17:21.699+0000] {processor.py:836} INFO - DAG(s) dict_keys(['latest_only_with_trigger']) retrieved from /home/airflow/.local/lib/python3.7/site-packages/airflow/example_dags/example_latest_only_with_trigger.py
[2023-08-11T08:17:21.739+0000] {logging_mixin.py:150} INFO - [2023-08-11T08:17:21.739+0000] {dag.py:2742} INFO - Sync 1 DAGs
[2023-08-11T08:17:21.777+0000] {logging_mixin.py:150} INFO - [2023-08-11T08:17:21.777+0000] {dag.py:3508} INFO - Setting next_dagrun for latest_only_with_trigger to 2023-08-11T04:17:21.777218+00:00, run_after=2023-08-11T08:17:21.777218+00:00
[2023-08-11T08:17:21.814+0000] {processor.py:179} INFO - Processing /home/airflow/.local/lib/python3.7/site-packages/airflow/example_dags/example_latest_only_with_trigger.py took 0.157 seconds
[2023-08-11T08:17:52.553+0000] {processor.py:157} INFO - Started process (PID=3378) to work on /home/airflow/.local/lib/python3.7/site-packages/airflow/example_dags/example_latest_only_with_trigger.py
[2023-08-11T08:17:52.554+0000] {processor.py:826} INFO - Processing file /home/airflow/.local/lib/python3.7/site-packages/airflow/example_dags/example_latest_only_with_trigger.py for tasks to queue
[2023-08-11T08:17:52.555+0000] {logging_mixin.py:150} INFO - [2023-08-11T08:17:52.555+0000] {dagbag.py:541} INFO - Filling up the DagBag from /home/airflow/.local/lib/python3.7/site-packages/airflow/example_dags/example_latest_only_with_trigger.py
[2023-08-11T08:17:52.562+0000] {processor.py:836} INFO - DAG(s) dict_keys(['latest_only_with_trigger']) retrieved from /home/airflow/.local/lib/python3.7/site-packages/airflow/example_dags/example_latest_only_with_trigger.py
[2023-08-11T08:17:52.599+0000] {logging_mixin.py:150} INFO - [2023-08-11T08:17:52.599+0000] {dag.py:2742} INFO - Sync 1 DAGs
[2023-08-11T08:17:52.638+0000] {logging_mixin.py:150} INFO - [2023-08-11T08:17:52.638+0000] {dag.py:3508} INFO - Setting next_dagrun for latest_only_with_trigger to 2023-08-11T04:17:52.637837+00:00, run_after=2023-08-11T08:17:52.637837+00:00
[2023-08-11T08:17:52.673+0000] {processor.py:179} INFO - Processing /home/airflow/.local/lib/python3.7/site-packages/airflow/example_dags/example_latest_only_with_trigger.py took 0.125 seconds
[2023-08-11T08:18:23.388+0000] {processor.py:157} INFO - Started process (PID=3456) to work on /home/airflow/.local/lib/python3.7/site-packages/airflow/example_dags/example_latest_only_with_trigger.py
[2023-08-11T08:18:23.390+0000] {processor.py:826} INFO - Processing file /home/airflow/.local/lib/python3.7/site-packages/airflow/example_dags/example_latest_only_with_trigger.py for tasks to queue
[2023-08-11T08:18:23.391+0000] {logging_mixin.py:150} INFO - [2023-08-11T08:18:23.391+0000] {dagbag.py:541} INFO - Filling up the DagBag from /home/airflow/.local/lib/python3.7/site-packages/airflow/example_dags/example_latest_only_with_trigger.py
[2023-08-11T08:18:23.400+0000] {processor.py:836} INFO - DAG(s) dict_keys(['latest_only_with_trigger']) retrieved from /home/airflow/.local/lib/python3.7/site-packages/airflow/example_dags/example_latest_only_with_trigger.py
[2023-08-11T08:18:23.447+0000] {logging_mixin.py:150} INFO - [2023-08-11T08:18:23.447+0000] {dag.py:2742} INFO - Sync 1 DAGs
[2023-08-11T08:18:23.483+0000] {logging_mixin.py:150} INFO - [2023-08-11T08:18:23.482+0000] {dag.py:3508} INFO - Setting next_dagrun for latest_only_with_trigger to 2023-08-11T04:18:23.482546+00:00, run_after=2023-08-11T08:18:23.482546+00:00
[2023-08-11T08:18:23.524+0000] {processor.py:179} INFO - Processing /home/airflow/.local/lib/python3.7/site-packages/airflow/example_dags/example_latest_only_with_trigger.py took 0.142 seconds
[2023-08-11T08:18:54.672+0000] {processor.py:157} INFO - Started process (PID=3541) to work on /home/airflow/.local/lib/python3.7/site-packages/airflow/example_dags/example_latest_only_with_trigger.py
[2023-08-11T08:18:54.675+0000] {processor.py:826} INFO - Processing file /home/airflow/.local/lib/python3.7/site-packages/airflow/example_dags/example_latest_only_with_trigger.py for tasks to queue
[2023-08-11T08:18:54.676+0000] {logging_mixin.py:150} INFO - [2023-08-11T08:18:54.676+0000] {dagbag.py:541} INFO - Filling up the DagBag from /home/airflow/.local/lib/python3.7/site-packages/airflow/example_dags/example_latest_only_with_trigger.py
[2023-08-11T08:18:54.685+0000] {processor.py:836} INFO - DAG(s) dict_keys(['latest_only_with_trigger']) retrieved from /home/airflow/.local/lib/python3.7/site-packages/airflow/example_dags/example_latest_only_with_trigger.py
[2023-08-11T08:18:54.723+0000] {logging_mixin.py:150} INFO - [2023-08-11T08:18:54.722+0000] {dag.py:2742} INFO - Sync 1 DAGs
[2023-08-11T08:18:54.764+0000] {logging_mixin.py:150} INFO - [2023-08-11T08:18:54.764+0000] {dag.py:3508} INFO - Setting next_dagrun for latest_only_with_trigger to 2023-08-11T04:18:54.764062+00:00, run_after=2023-08-11T08:18:54.764062+00:00
[2023-08-11T08:18:54.829+0000] {processor.py:179} INFO - Processing /home/airflow/.local/lib/python3.7/site-packages/airflow/example_dags/example_latest_only_with_trigger.py took 0.162 seconds
[2023-08-11T08:19:25.661+0000] {processor.py:157} INFO - Started process (PID=3620) to work on /home/airflow/.local/lib/python3.7/site-packages/airflow/example_dags/example_latest_only_with_trigger.py
[2023-08-11T08:19:25.662+0000] {processor.py:826} INFO - Processing file /home/airflow/.local/lib/python3.7/site-packages/airflow/example_dags/example_latest_only_with_trigger.py for tasks to queue
[2023-08-11T08:19:25.663+0000] {logging_mixin.py:150} INFO - [2023-08-11T08:19:25.663+0000] {dagbag.py:541} INFO - Filling up the DagBag from /home/airflow/.local/lib/python3.7/site-packages/airflow/example_dags/example_latest_only_with_trigger.py
[2023-08-11T08:19:25.669+0000] {processor.py:836} INFO - DAG(s) dict_keys(['latest_only_with_trigger']) retrieved from /home/airflow/.local/lib/python3.7/site-packages/airflow/example_dags/example_latest_only_with_trigger.py
[2023-08-11T08:19:25.695+0000] {logging_mixin.py:150} INFO - [2023-08-11T08:19:25.695+0000] {dag.py:2742} INFO - Sync 1 DAGs
[2023-08-11T08:19:25.718+0000] {logging_mixin.py:150} INFO - [2023-08-11T08:19:25.718+0000] {dag.py:3508} INFO - Setting next_dagrun for latest_only_with_trigger to 2023-08-11T04:19:25.718157+00:00, run_after=2023-08-11T08:19:25.718157+00:00
[2023-08-11T08:19:25.741+0000] {processor.py:179} INFO - Processing /home/airflow/.local/lib/python3.7/site-packages/airflow/example_dags/example_latest_only_with_trigger.py took 0.082 seconds
[2023-08-11T08:19:55.783+0000] {processor.py:157} INFO - Started process (PID=3697) to work on /home/airflow/.local/lib/python3.7/site-packages/airflow/example_dags/example_latest_only_with_trigger.py
[2023-08-11T08:19:55.783+0000] {processor.py:826} INFO - Processing file /home/airflow/.local/lib/python3.7/site-packages/airflow/example_dags/example_latest_only_with_trigger.py for tasks to queue
[2023-08-11T08:19:55.784+0000] {logging_mixin.py:150} INFO - [2023-08-11T08:19:55.784+0000] {dagbag.py:541} INFO - Filling up the DagBag from /home/airflow/.local/lib/python3.7/site-packages/airflow/example_dags/example_latest_only_with_trigger.py
[2023-08-11T08:19:55.790+0000] {processor.py:836} INFO - DAG(s) dict_keys(['latest_only_with_trigger']) retrieved from /home/airflow/.local/lib/python3.7/site-packages/airflow/example_dags/example_latest_only_with_trigger.py
[2023-08-11T08:19:55.814+0000] {logging_mixin.py:150} INFO - [2023-08-11T08:19:55.814+0000] {dag.py:2742} INFO - Sync 1 DAGs
[2023-08-11T08:19:55.836+0000] {logging_mixin.py:150} INFO - [2023-08-11T08:19:55.835+0000] {dag.py:3508} INFO - Setting next_dagrun for latest_only_with_trigger to 2023-08-11T04:19:55.835748+00:00, run_after=2023-08-11T08:19:55.835748+00:00
[2023-08-11T08:19:55.856+0000] {processor.py:179} INFO - Processing /home/airflow/.local/lib/python3.7/site-packages/airflow/example_dags/example_latest_only_with_trigger.py took 0.076 seconds
[2023-08-11T08:20:26.084+0000] {processor.py:157} INFO - Started process (PID=3782) to work on /home/airflow/.local/lib/python3.7/site-packages/airflow/example_dags/example_latest_only_with_trigger.py
[2023-08-11T08:20:26.086+0000] {processor.py:826} INFO - Processing file /home/airflow/.local/lib/python3.7/site-packages/airflow/example_dags/example_latest_only_with_trigger.py for tasks to queue
[2023-08-11T08:20:26.086+0000] {logging_mixin.py:150} INFO - [2023-08-11T08:20:26.086+0000] {dagbag.py:541} INFO - Filling up the DagBag from /home/airflow/.local/lib/python3.7/site-packages/airflow/example_dags/example_latest_only_with_trigger.py
[2023-08-11T08:20:26.097+0000] {processor.py:836} INFO - DAG(s) dict_keys(['latest_only_with_trigger']) retrieved from /home/airflow/.local/lib/python3.7/site-packages/airflow/example_dags/example_latest_only_with_trigger.py
[2023-08-11T08:20:26.131+0000] {logging_mixin.py:150} INFO - [2023-08-11T08:20:26.131+0000] {dag.py:2742} INFO - Sync 1 DAGs
[2023-08-11T08:20:26.166+0000] {logging_mixin.py:150} INFO - [2023-08-11T08:20:26.165+0000] {dag.py:3508} INFO - Setting next_dagrun for latest_only_with_trigger to 2023-08-11T04:20:26.165421+00:00, run_after=2023-08-11T08:20:26.165421+00:00
[2023-08-11T08:20:26.199+0000] {processor.py:179} INFO - Processing /home/airflow/.local/lib/python3.7/site-packages/airflow/example_dags/example_latest_only_with_trigger.py took 0.120 seconds
[2023-08-11T08:20:56.971+0000] {processor.py:157} INFO - Started process (PID=3873) to work on /home/airflow/.local/lib/python3.7/site-packages/airflow/example_dags/example_latest_only_with_trigger.py
[2023-08-11T08:20:56.972+0000] {processor.py:826} INFO - Processing file /home/airflow/.local/lib/python3.7/site-packages/airflow/example_dags/example_latest_only_with_trigger.py for tasks to queue
[2023-08-11T08:20:56.973+0000] {logging_mixin.py:150} INFO - [2023-08-11T08:20:56.973+0000] {dagbag.py:541} INFO - Filling up the DagBag from /home/airflow/.local/lib/python3.7/site-packages/airflow/example_dags/example_latest_only_with_trigger.py
[2023-08-11T08:20:56.983+0000] {processor.py:836} INFO - DAG(s) dict_keys(['latest_only_with_trigger']) retrieved from /home/airflow/.local/lib/python3.7/site-packages/airflow/example_dags/example_latest_only_with_trigger.py
[2023-08-11T08:20:57.020+0000] {logging_mixin.py:150} INFO - [2023-08-11T08:20:57.020+0000] {dag.py:2742} INFO - Sync 1 DAGs
[2023-08-11T08:20:57.055+0000] {logging_mixin.py:150} INFO - [2023-08-11T08:20:57.055+0000] {dag.py:3508} INFO - Setting next_dagrun for latest_only_with_trigger to 2023-08-11T04:20:57.055237+00:00, run_after=2023-08-11T08:20:57.055237+00:00
[2023-08-11T08:20:57.085+0000] {processor.py:179} INFO - Processing /home/airflow/.local/lib/python3.7/site-packages/airflow/example_dags/example_latest_only_with_trigger.py took 0.118 seconds
[2023-08-11T08:21:27.251+0000] {processor.py:157} INFO - Started process (PID=3963) to work on /home/airflow/.local/lib/python3.7/site-packages/airflow/example_dags/example_latest_only_with_trigger.py
[2023-08-11T08:21:27.252+0000] {processor.py:826} INFO - Processing file /home/airflow/.local/lib/python3.7/site-packages/airflow/example_dags/example_latest_only_with_trigger.py for tasks to queue
[2023-08-11T08:21:27.253+0000] {logging_mixin.py:150} INFO - [2023-08-11T08:21:27.253+0000] {dagbag.py:541} INFO - Filling up the DagBag from /home/airflow/.local/lib/python3.7/site-packages/airflow/example_dags/example_latest_only_with_trigger.py
[2023-08-11T08:21:27.259+0000] {processor.py:836} INFO - DAG(s) dict_keys(['latest_only_with_trigger']) retrieved from /home/airflow/.local/lib/python3.7/site-packages/airflow/example_dags/example_latest_only_with_trigger.py
[2023-08-11T08:21:27.287+0000] {logging_mixin.py:150} INFO - [2023-08-11T08:21:27.286+0000] {dag.py:2742} INFO - Sync 1 DAGs
[2023-08-11T08:21:27.314+0000] {logging_mixin.py:150} INFO - [2023-08-11T08:21:27.314+0000] {dag.py:3508} INFO - Setting next_dagrun for latest_only_with_trigger to 2023-08-11T04:21:27.313820+00:00, run_after=2023-08-11T08:21:27.313820+00:00
[2023-08-11T08:21:27.339+0000] {processor.py:179} INFO - Processing /home/airflow/.local/lib/python3.7/site-packages/airflow/example_dags/example_latest_only_with_trigger.py took 0.091 seconds
[2023-08-11T08:21:57.476+0000] {processor.py:157} INFO - Started process (PID=4055) to work on /home/airflow/.local/lib/python3.7/site-packages/airflow/example_dags/example_latest_only_with_trigger.py
[2023-08-11T08:21:57.477+0000] {processor.py:826} INFO - Processing file /home/airflow/.local/lib/python3.7/site-packages/airflow/example_dags/example_latest_only_with_trigger.py for tasks to queue
[2023-08-11T08:21:57.478+0000] {logging_mixin.py:150} INFO - [2023-08-11T08:21:57.477+0000] {dagbag.py:541} INFO - Filling up the DagBag from /home/airflow/.local/lib/python3.7/site-packages/airflow/example_dags/example_latest_only_with_trigger.py
[2023-08-11T08:21:57.487+0000] {processor.py:836} INFO - DAG(s) dict_keys(['latest_only_with_trigger']) retrieved from /home/airflow/.local/lib/python3.7/site-packages/airflow/example_dags/example_latest_only_with_trigger.py
[2023-08-11T08:21:57.520+0000] {logging_mixin.py:150} INFO - [2023-08-11T08:21:57.519+0000] {dag.py:2742} INFO - Sync 1 DAGs
[2023-08-11T08:21:57.561+0000] {logging_mixin.py:150} INFO - [2023-08-11T08:21:57.561+0000] {dag.py:3508} INFO - Setting next_dagrun for latest_only_with_trigger to 2023-08-11T04:21:57.561127+00:00, run_after=2023-08-11T08:21:57.561127+00:00
[2023-08-11T08:21:57.592+0000] {processor.py:179} INFO - Processing /home/airflow/.local/lib/python3.7/site-packages/airflow/example_dags/example_latest_only_with_trigger.py took 0.119 seconds
[2023-08-11T08:22:28.456+0000] {processor.py:157} INFO - Started process (PID=4132) to work on /home/airflow/.local/lib/python3.7/site-packages/airflow/example_dags/example_latest_only_with_trigger.py
[2023-08-11T08:22:28.458+0000] {processor.py:826} INFO - Processing file /home/airflow/.local/lib/python3.7/site-packages/airflow/example_dags/example_latest_only_with_trigger.py for tasks to queue
[2023-08-11T08:22:28.459+0000] {logging_mixin.py:150} INFO - [2023-08-11T08:22:28.459+0000] {dagbag.py:541} INFO - Filling up the DagBag from /home/airflow/.local/lib/python3.7/site-packages/airflow/example_dags/example_latest_only_with_trigger.py
[2023-08-11T08:22:28.469+0000] {processor.py:836} INFO - DAG(s) dict_keys(['latest_only_with_trigger']) retrieved from /home/airflow/.local/lib/python3.7/site-packages/airflow/example_dags/example_latest_only_with_trigger.py
[2023-08-11T08:22:28.503+0000] {logging_mixin.py:150} INFO - [2023-08-11T08:22:28.503+0000] {dag.py:2742} INFO - Sync 1 DAGs
[2023-08-11T08:22:28.533+0000] {logging_mixin.py:150} INFO - [2023-08-11T08:22:28.533+0000] {dag.py:3508} INFO - Setting next_dagrun for latest_only_with_trigger to 2023-08-11T04:22:28.532845+00:00, run_after=2023-08-11T08:22:28.532845+00:00
[2023-08-11T08:22:28.574+0000] {processor.py:179} INFO - Processing /home/airflow/.local/lib/python3.7/site-packages/airflow/example_dags/example_latest_only_with_trigger.py took 0.125 seconds
