[2023-08-11T07:52:48.106+0000] {processor.py:157} INFO - Started process (PID=60) to work on /home/airflow/.local/lib/python3.7/site-packages/airflow/example_dags/example_nested_branch_dag.py
[2023-08-11T07:52:48.114+0000] {processor.py:826} INFO - Processing file /home/airflow/.local/lib/python3.7/site-packages/airflow/example_dags/example_nested_branch_dag.py for tasks to queue
[2023-08-11T07:52:48.117+0000] {logging_mixin.py:150} INFO - [2023-08-11T07:52:48.116+0000] {dagbag.py:541} INFO - Filling up the DagBag from /home/airflow/.local/lib/python3.7/site-packages/airflow/example_dags/example_nested_branch_dag.py
[2023-08-11T07:52:48.180+0000] {processor.py:836} INFO - DAG(s) dict_keys(['example_nested_branch_dag']) retrieved from /home/airflow/.local/lib/python3.7/site-packages/airflow/example_dags/example_nested_branch_dag.py
[2023-08-11T07:52:48.229+0000] {logging_mixin.py:150} INFO - [2023-08-11T07:52:48.228+0000] {dag.py:2742} INFO - Sync 1 DAGs
[2023-08-11T07:52:48.302+0000] {logging_mixin.py:150} INFO - [2023-08-11T07:52:48.302+0000] {dag.py:3508} INFO - Setting next_dagrun for example_nested_branch_dag to 2023-08-10T00:00:00+00:00, run_after=2023-08-11T00:00:00+00:00
[2023-08-11T07:52:48.394+0000] {processor.py:179} INFO - Processing /home/airflow/.local/lib/python3.7/site-packages/airflow/example_dags/example_nested_branch_dag.py took 0.344 seconds
[2023-08-11T07:53:18.672+0000] {processor.py:157} INFO - Started process (PID=125) to work on /home/airflow/.local/lib/python3.7/site-packages/airflow/example_dags/example_nested_branch_dag.py
[2023-08-11T07:53:18.681+0000] {processor.py:826} INFO - Processing file /home/airflow/.local/lib/python3.7/site-packages/airflow/example_dags/example_nested_branch_dag.py for tasks to queue
[2023-08-11T07:53:18.682+0000] {logging_mixin.py:150} INFO - [2023-08-11T07:53:18.682+0000] {dagbag.py:541} INFO - Filling up the DagBag from /home/airflow/.local/lib/python3.7/site-packages/airflow/example_dags/example_nested_branch_dag.py
[2023-08-11T07:53:18.691+0000] {processor.py:836} INFO - DAG(s) dict_keys(['example_nested_branch_dag']) retrieved from /home/airflow/.local/lib/python3.7/site-packages/airflow/example_dags/example_nested_branch_dag.py
[2023-08-11T07:53:18.716+0000] {logging_mixin.py:150} INFO - [2023-08-11T07:53:18.715+0000] {dag.py:2742} INFO - Sync 1 DAGs
[2023-08-11T07:53:18.743+0000] {logging_mixin.py:150} INFO - [2023-08-11T07:53:18.743+0000] {dag.py:3508} INFO - Setting next_dagrun for example_nested_branch_dag to 2023-08-10T00:00:00+00:00, run_after=2023-08-11T00:00:00+00:00
[2023-08-11T07:53:18.767+0000] {processor.py:179} INFO - Processing /home/airflow/.local/lib/python3.7/site-packages/airflow/example_dags/example_nested_branch_dag.py took 0.098 seconds
[2023-08-11T07:53:49.567+0000] {processor.py:157} INFO - Started process (PID=190) to work on /home/airflow/.local/lib/python3.7/site-packages/airflow/example_dags/example_nested_branch_dag.py
[2023-08-11T07:53:49.568+0000] {processor.py:826} INFO - Processing file /home/airflow/.local/lib/python3.7/site-packages/airflow/example_dags/example_nested_branch_dag.py for tasks to queue
[2023-08-11T07:53:49.569+0000] {logging_mixin.py:150} INFO - [2023-08-11T07:53:49.569+0000] {dagbag.py:541} INFO - Filling up the DagBag from /home/airflow/.local/lib/python3.7/site-packages/airflow/example_dags/example_nested_branch_dag.py
[2023-08-11T07:53:49.580+0000] {processor.py:836} INFO - DAG(s) dict_keys(['example_nested_branch_dag']) retrieved from /home/airflow/.local/lib/python3.7/site-packages/airflow/example_dags/example_nested_branch_dag.py
[2023-08-11T07:53:49.608+0000] {logging_mixin.py:150} INFO - [2023-08-11T07:53:49.608+0000] {dag.py:2742} INFO - Sync 1 DAGs
[2023-08-11T07:53:49.637+0000] {logging_mixin.py:150} INFO - [2023-08-11T07:53:49.637+0000] {dag.py:3508} INFO - Setting next_dagrun for example_nested_branch_dag to 2023-08-10T00:00:00+00:00, run_after=2023-08-11T00:00:00+00:00
[2023-08-11T07:53:49.680+0000] {processor.py:179} INFO - Processing /home/airflow/.local/lib/python3.7/site-packages/airflow/example_dags/example_nested_branch_dag.py took 0.117 seconds
[2023-08-11T07:54:20.266+0000] {processor.py:157} INFO - Started process (PID=255) to work on /home/airflow/.local/lib/python3.7/site-packages/airflow/example_dags/example_nested_branch_dag.py
[2023-08-11T07:54:20.268+0000] {processor.py:826} INFO - Processing file /home/airflow/.local/lib/python3.7/site-packages/airflow/example_dags/example_nested_branch_dag.py for tasks to queue
[2023-08-11T07:54:20.271+0000] {logging_mixin.py:150} INFO - [2023-08-11T07:54:20.271+0000] {dagbag.py:541} INFO - Filling up the DagBag from /home/airflow/.local/lib/python3.7/site-packages/airflow/example_dags/example_nested_branch_dag.py
[2023-08-11T07:54:20.283+0000] {processor.py:836} INFO - DAG(s) dict_keys(['example_nested_branch_dag']) retrieved from /home/airflow/.local/lib/python3.7/site-packages/airflow/example_dags/example_nested_branch_dag.py
[2023-08-11T07:54:20.314+0000] {logging_mixin.py:150} INFO - [2023-08-11T07:54:20.314+0000] {dag.py:2742} INFO - Sync 1 DAGs
[2023-08-11T07:54:20.343+0000] {logging_mixin.py:150} INFO - [2023-08-11T07:54:20.343+0000] {dag.py:3508} INFO - Setting next_dagrun for example_nested_branch_dag to 2023-08-10T00:00:00+00:00, run_after=2023-08-11T00:00:00+00:00
[2023-08-11T07:54:20.371+0000] {processor.py:179} INFO - Processing /home/airflow/.local/lib/python3.7/site-packages/airflow/example_dags/example_nested_branch_dag.py took 0.109 seconds
[2023-08-11T07:54:51.008+0000] {processor.py:157} INFO - Started process (PID=320) to work on /home/airflow/.local/lib/python3.7/site-packages/airflow/example_dags/example_nested_branch_dag.py
[2023-08-11T07:54:51.008+0000] {processor.py:826} INFO - Processing file /home/airflow/.local/lib/python3.7/site-packages/airflow/example_dags/example_nested_branch_dag.py for tasks to queue
[2023-08-11T07:54:51.010+0000] {logging_mixin.py:150} INFO - [2023-08-11T07:54:51.009+0000] {dagbag.py:541} INFO - Filling up the DagBag from /home/airflow/.local/lib/python3.7/site-packages/airflow/example_dags/example_nested_branch_dag.py
[2023-08-11T07:54:51.028+0000] {processor.py:836} INFO - DAG(s) dict_keys(['example_nested_branch_dag']) retrieved from /home/airflow/.local/lib/python3.7/site-packages/airflow/example_dags/example_nested_branch_dag.py
[2023-08-11T07:54:51.065+0000] {logging_mixin.py:150} INFO - [2023-08-11T07:54:51.064+0000] {dag.py:2742} INFO - Sync 1 DAGs
[2023-08-11T07:54:51.096+0000] {logging_mixin.py:150} INFO - [2023-08-11T07:54:51.096+0000] {dag.py:3508} INFO - Setting next_dagrun for example_nested_branch_dag to 2023-08-10T00:00:00+00:00, run_after=2023-08-11T00:00:00+00:00
[2023-08-11T07:54:51.130+0000] {processor.py:179} INFO - Processing /home/airflow/.local/lib/python3.7/site-packages/airflow/example_dags/example_nested_branch_dag.py took 0.126 seconds
[2023-08-11T07:55:21.278+0000] {processor.py:157} INFO - Started process (PID=386) to work on /home/airflow/.local/lib/python3.7/site-packages/airflow/example_dags/example_nested_branch_dag.py
[2023-08-11T07:55:21.279+0000] {processor.py:826} INFO - Processing file /home/airflow/.local/lib/python3.7/site-packages/airflow/example_dags/example_nested_branch_dag.py for tasks to queue
[2023-08-11T07:55:21.280+0000] {logging_mixin.py:150} INFO - [2023-08-11T07:55:21.280+0000] {dagbag.py:541} INFO - Filling up the DagBag from /home/airflow/.local/lib/python3.7/site-packages/airflow/example_dags/example_nested_branch_dag.py
[2023-08-11T07:55:21.290+0000] {processor.py:836} INFO - DAG(s) dict_keys(['example_nested_branch_dag']) retrieved from /home/airflow/.local/lib/python3.7/site-packages/airflow/example_dags/example_nested_branch_dag.py
[2023-08-11T07:55:21.320+0000] {logging_mixin.py:150} INFO - [2023-08-11T07:55:21.320+0000] {dag.py:2742} INFO - Sync 1 DAGs
[2023-08-11T07:55:21.346+0000] {logging_mixin.py:150} INFO - [2023-08-11T07:55:21.346+0000] {dag.py:3508} INFO - Setting next_dagrun for example_nested_branch_dag to 2023-08-10T00:00:00+00:00, run_after=2023-08-11T00:00:00+00:00
[2023-08-11T07:55:21.366+0000] {processor.py:179} INFO - Processing /home/airflow/.local/lib/python3.7/site-packages/airflow/example_dags/example_nested_branch_dag.py took 0.092 seconds
[2023-08-11T07:55:51.944+0000] {processor.py:157} INFO - Started process (PID=451) to work on /home/airflow/.local/lib/python3.7/site-packages/airflow/example_dags/example_nested_branch_dag.py
[2023-08-11T07:55:51.946+0000] {processor.py:826} INFO - Processing file /home/airflow/.local/lib/python3.7/site-packages/airflow/example_dags/example_nested_branch_dag.py for tasks to queue
[2023-08-11T07:55:51.948+0000] {logging_mixin.py:150} INFO - [2023-08-11T07:55:51.947+0000] {dagbag.py:541} INFO - Filling up the DagBag from /home/airflow/.local/lib/python3.7/site-packages/airflow/example_dags/example_nested_branch_dag.py
[2023-08-11T07:55:51.962+0000] {processor.py:836} INFO - DAG(s) dict_keys(['example_nested_branch_dag']) retrieved from /home/airflow/.local/lib/python3.7/site-packages/airflow/example_dags/example_nested_branch_dag.py
[2023-08-11T07:55:51.999+0000] {logging_mixin.py:150} INFO - [2023-08-11T07:55:51.999+0000] {dag.py:2742} INFO - Sync 1 DAGs
[2023-08-11T07:55:52.037+0000] {logging_mixin.py:150} INFO - [2023-08-11T07:55:52.037+0000] {dag.py:3508} INFO - Setting next_dagrun for example_nested_branch_dag to 2023-08-10T00:00:00+00:00, run_after=2023-08-11T00:00:00+00:00
[2023-08-11T07:55:52.068+0000] {processor.py:179} INFO - Processing /home/airflow/.local/lib/python3.7/site-packages/airflow/example_dags/example_nested_branch_dag.py took 0.130 seconds
[2023-08-11T07:56:22.407+0000] {processor.py:157} INFO - Started process (PID=516) to work on /home/airflow/.local/lib/python3.7/site-packages/airflow/example_dags/example_nested_branch_dag.py
[2023-08-11T07:56:22.409+0000] {processor.py:826} INFO - Processing file /home/airflow/.local/lib/python3.7/site-packages/airflow/example_dags/example_nested_branch_dag.py for tasks to queue
[2023-08-11T07:56:22.412+0000] {logging_mixin.py:150} INFO - [2023-08-11T07:56:22.411+0000] {dagbag.py:541} INFO - Filling up the DagBag from /home/airflow/.local/lib/python3.7/site-packages/airflow/example_dags/example_nested_branch_dag.py
[2023-08-11T07:56:22.423+0000] {processor.py:836} INFO - DAG(s) dict_keys(['example_nested_branch_dag']) retrieved from /home/airflow/.local/lib/python3.7/site-packages/airflow/example_dags/example_nested_branch_dag.py
[2023-08-11T07:56:22.460+0000] {logging_mixin.py:150} INFO - [2023-08-11T07:56:22.458+0000] {dag.py:2742} INFO - Sync 1 DAGs
[2023-08-11T07:56:22.497+0000] {logging_mixin.py:150} INFO - [2023-08-11T07:56:22.497+0000] {dag.py:3508} INFO - Setting next_dagrun for example_nested_branch_dag to 2023-08-10T00:00:00+00:00, run_after=2023-08-11T00:00:00+00:00
[2023-08-11T07:56:22.530+0000] {processor.py:179} INFO - Processing /home/airflow/.local/lib/python3.7/site-packages/airflow/example_dags/example_nested_branch_dag.py took 0.127 seconds
[2023-08-11T07:56:53.560+0000] {processor.py:157} INFO - Started process (PID=581) to work on /home/airflow/.local/lib/python3.7/site-packages/airflow/example_dags/example_nested_branch_dag.py
[2023-08-11T07:56:53.563+0000] {processor.py:826} INFO - Processing file /home/airflow/.local/lib/python3.7/site-packages/airflow/example_dags/example_nested_branch_dag.py for tasks to queue
[2023-08-11T07:56:53.565+0000] {logging_mixin.py:150} INFO - [2023-08-11T07:56:53.564+0000] {dagbag.py:541} INFO - Filling up the DagBag from /home/airflow/.local/lib/python3.7/site-packages/airflow/example_dags/example_nested_branch_dag.py
[2023-08-11T07:56:53.580+0000] {processor.py:836} INFO - DAG(s) dict_keys(['example_nested_branch_dag']) retrieved from /home/airflow/.local/lib/python3.7/site-packages/airflow/example_dags/example_nested_branch_dag.py
[2023-08-11T07:56:53.637+0000] {logging_mixin.py:150} INFO - [2023-08-11T07:56:53.637+0000] {dag.py:2742} INFO - Sync 1 DAGs
[2023-08-11T07:56:53.707+0000] {logging_mixin.py:150} INFO - [2023-08-11T07:56:53.706+0000] {dag.py:3508} INFO - Setting next_dagrun for example_nested_branch_dag to 2023-08-10T00:00:00+00:00, run_after=2023-08-11T00:00:00+00:00
[2023-08-11T07:56:53.782+0000] {processor.py:179} INFO - Processing /home/airflow/.local/lib/python3.7/site-packages/airflow/example_dags/example_nested_branch_dag.py took 0.228 seconds
[2023-08-11T07:57:23.905+0000] {processor.py:157} INFO - Started process (PID=646) to work on /home/airflow/.local/lib/python3.7/site-packages/airflow/example_dags/example_nested_branch_dag.py
[2023-08-11T07:57:23.906+0000] {processor.py:826} INFO - Processing file /home/airflow/.local/lib/python3.7/site-packages/airflow/example_dags/example_nested_branch_dag.py for tasks to queue
[2023-08-11T07:57:23.907+0000] {logging_mixin.py:150} INFO - [2023-08-11T07:57:23.907+0000] {dagbag.py:541} INFO - Filling up the DagBag from /home/airflow/.local/lib/python3.7/site-packages/airflow/example_dags/example_nested_branch_dag.py
[2023-08-11T07:57:23.920+0000] {processor.py:836} INFO - DAG(s) dict_keys(['example_nested_branch_dag']) retrieved from /home/airflow/.local/lib/python3.7/site-packages/airflow/example_dags/example_nested_branch_dag.py
[2023-08-11T07:57:23.954+0000] {logging_mixin.py:150} INFO - [2023-08-11T07:57:23.954+0000] {dag.py:2742} INFO - Sync 1 DAGs
[2023-08-11T07:57:23.984+0000] {logging_mixin.py:150} INFO - [2023-08-11T07:57:23.984+0000] {dag.py:3508} INFO - Setting next_dagrun for example_nested_branch_dag to 2023-08-10T00:00:00+00:00, run_after=2023-08-11T00:00:00+00:00
[2023-08-11T07:57:24.015+0000] {processor.py:179} INFO - Processing /home/airflow/.local/lib/python3.7/site-packages/airflow/example_dags/example_nested_branch_dag.py took 0.113 seconds
[2023-08-11T07:57:54.918+0000] {processor.py:157} INFO - Started process (PID=712) to work on /home/airflow/.local/lib/python3.7/site-packages/airflow/example_dags/example_nested_branch_dag.py
[2023-08-11T07:57:54.921+0000] {processor.py:826} INFO - Processing file /home/airflow/.local/lib/python3.7/site-packages/airflow/example_dags/example_nested_branch_dag.py for tasks to queue
[2023-08-11T07:57:54.922+0000] {logging_mixin.py:150} INFO - [2023-08-11T07:57:54.922+0000] {dagbag.py:541} INFO - Filling up the DagBag from /home/airflow/.local/lib/python3.7/site-packages/airflow/example_dags/example_nested_branch_dag.py
[2023-08-11T07:57:54.935+0000] {processor.py:836} INFO - DAG(s) dict_keys(['example_nested_branch_dag']) retrieved from /home/airflow/.local/lib/python3.7/site-packages/airflow/example_dags/example_nested_branch_dag.py
[2023-08-11T07:57:54.971+0000] {logging_mixin.py:150} INFO - [2023-08-11T07:57:54.971+0000] {dag.py:2742} INFO - Sync 1 DAGs
[2023-08-11T07:57:55.005+0000] {logging_mixin.py:150} INFO - [2023-08-11T07:57:55.005+0000] {dag.py:3508} INFO - Setting next_dagrun for example_nested_branch_dag to 2023-08-10T00:00:00+00:00, run_after=2023-08-11T00:00:00+00:00
[2023-08-11T07:57:55.038+0000] {processor.py:179} INFO - Processing /home/airflow/.local/lib/python3.7/site-packages/airflow/example_dags/example_nested_branch_dag.py took 0.124 seconds
[2023-08-11T07:58:25.132+0000] {processor.py:157} INFO - Started process (PID=778) to work on /home/airflow/.local/lib/python3.7/site-packages/airflow/example_dags/example_nested_branch_dag.py
[2023-08-11T07:58:25.134+0000] {processor.py:826} INFO - Processing file /home/airflow/.local/lib/python3.7/site-packages/airflow/example_dags/example_nested_branch_dag.py for tasks to queue
[2023-08-11T07:58:25.135+0000] {logging_mixin.py:150} INFO - [2023-08-11T07:58:25.135+0000] {dagbag.py:541} INFO - Filling up the DagBag from /home/airflow/.local/lib/python3.7/site-packages/airflow/example_dags/example_nested_branch_dag.py
[2023-08-11T07:58:25.144+0000] {processor.py:836} INFO - DAG(s) dict_keys(['example_nested_branch_dag']) retrieved from /home/airflow/.local/lib/python3.7/site-packages/airflow/example_dags/example_nested_branch_dag.py
[2023-08-11T07:58:25.175+0000] {logging_mixin.py:150} INFO - [2023-08-11T07:58:25.174+0000] {dag.py:2742} INFO - Sync 1 DAGs
[2023-08-11T07:58:25.202+0000] {logging_mixin.py:150} INFO - [2023-08-11T07:58:25.201+0000] {dag.py:3508} INFO - Setting next_dagrun for example_nested_branch_dag to 2023-08-10T00:00:00+00:00, run_after=2023-08-11T00:00:00+00:00
[2023-08-11T07:58:25.223+0000] {processor.py:179} INFO - Processing /home/airflow/.local/lib/python3.7/site-packages/airflow/example_dags/example_nested_branch_dag.py took 0.095 seconds
[2023-08-11T07:58:55.453+0000] {processor.py:157} INFO - Started process (PID=844) to work on /home/airflow/.local/lib/python3.7/site-packages/airflow/example_dags/example_nested_branch_dag.py
[2023-08-11T07:58:55.454+0000] {processor.py:826} INFO - Processing file /home/airflow/.local/lib/python3.7/site-packages/airflow/example_dags/example_nested_branch_dag.py for tasks to queue
[2023-08-11T07:58:55.455+0000] {logging_mixin.py:150} INFO - [2023-08-11T07:58:55.455+0000] {dagbag.py:541} INFO - Filling up the DagBag from /home/airflow/.local/lib/python3.7/site-packages/airflow/example_dags/example_nested_branch_dag.py
[2023-08-11T07:58:55.464+0000] {processor.py:836} INFO - DAG(s) dict_keys(['example_nested_branch_dag']) retrieved from /home/airflow/.local/lib/python3.7/site-packages/airflow/example_dags/example_nested_branch_dag.py
[2023-08-11T07:58:55.490+0000] {logging_mixin.py:150} INFO - [2023-08-11T07:58:55.490+0000] {dag.py:2742} INFO - Sync 1 DAGs
[2023-08-11T07:58:55.516+0000] {logging_mixin.py:150} INFO - [2023-08-11T07:58:55.515+0000] {dag.py:3508} INFO - Setting next_dagrun for example_nested_branch_dag to 2023-08-10T00:00:00+00:00, run_after=2023-08-11T00:00:00+00:00
[2023-08-11T07:58:55.538+0000] {processor.py:179} INFO - Processing /home/airflow/.local/lib/python3.7/site-packages/airflow/example_dags/example_nested_branch_dag.py took 0.088 seconds
[2023-08-11T07:59:26.587+0000] {processor.py:157} INFO - Started process (PID=910) to work on /home/airflow/.local/lib/python3.7/site-packages/airflow/example_dags/example_nested_branch_dag.py
[2023-08-11T07:59:26.589+0000] {processor.py:826} INFO - Processing file /home/airflow/.local/lib/python3.7/site-packages/airflow/example_dags/example_nested_branch_dag.py for tasks to queue
[2023-08-11T07:59:26.590+0000] {logging_mixin.py:150} INFO - [2023-08-11T07:59:26.589+0000] {dagbag.py:541} INFO - Filling up the DagBag from /home/airflow/.local/lib/python3.7/site-packages/airflow/example_dags/example_nested_branch_dag.py
[2023-08-11T07:59:26.603+0000] {processor.py:836} INFO - DAG(s) dict_keys(['example_nested_branch_dag']) retrieved from /home/airflow/.local/lib/python3.7/site-packages/airflow/example_dags/example_nested_branch_dag.py
[2023-08-11T07:59:26.620+0000] {logging_mixin.py:150} INFO - [2023-08-11T07:59:26.620+0000] {dag.py:2742} INFO - Sync 1 DAGs
[2023-08-11T07:59:26.658+0000] {logging_mixin.py:150} INFO - [2023-08-11T07:59:26.657+0000] {dag.py:3508} INFO - Setting next_dagrun for example_nested_branch_dag to 2023-08-10T00:00:00+00:00, run_after=2023-08-11T00:00:00+00:00
[2023-08-11T07:59:26.689+0000] {processor.py:179} INFO - Processing /home/airflow/.local/lib/python3.7/site-packages/airflow/example_dags/example_nested_branch_dag.py took 0.107 seconds
[2023-08-11T07:59:57.429+0000] {processor.py:157} INFO - Started process (PID=979) to work on /home/airflow/.local/lib/python3.7/site-packages/airflow/example_dags/example_nested_branch_dag.py
[2023-08-11T07:59:57.430+0000] {processor.py:826} INFO - Processing file /home/airflow/.local/lib/python3.7/site-packages/airflow/example_dags/example_nested_branch_dag.py for tasks to queue
[2023-08-11T07:59:57.430+0000] {logging_mixin.py:150} INFO - [2023-08-11T07:59:57.430+0000] {dagbag.py:541} INFO - Filling up the DagBag from /home/airflow/.local/lib/python3.7/site-packages/airflow/example_dags/example_nested_branch_dag.py
[2023-08-11T07:59:57.442+0000] {processor.py:836} INFO - DAG(s) dict_keys(['example_nested_branch_dag']) retrieved from /home/airflow/.local/lib/python3.7/site-packages/airflow/example_dags/example_nested_branch_dag.py
[2023-08-11T07:59:57.473+0000] {logging_mixin.py:150} INFO - [2023-08-11T07:59:57.473+0000] {dag.py:2742} INFO - Sync 1 DAGs
[2023-08-11T07:59:57.504+0000] {logging_mixin.py:150} INFO - [2023-08-11T07:59:57.504+0000] {dag.py:3508} INFO - Setting next_dagrun for example_nested_branch_dag to 2023-08-10T00:00:00+00:00, run_after=2023-08-11T00:00:00+00:00
[2023-08-11T07:59:57.532+0000] {processor.py:179} INFO - Processing /home/airflow/.local/lib/python3.7/site-packages/airflow/example_dags/example_nested_branch_dag.py took 0.107 seconds
[2023-08-11T08:00:28.111+0000] {processor.py:157} INFO - Started process (PID=1050) to work on /home/airflow/.local/lib/python3.7/site-packages/airflow/example_dags/example_nested_branch_dag.py
[2023-08-11T08:00:28.112+0000] {processor.py:826} INFO - Processing file /home/airflow/.local/lib/python3.7/site-packages/airflow/example_dags/example_nested_branch_dag.py for tasks to queue
[2023-08-11T08:00:28.113+0000] {logging_mixin.py:150} INFO - [2023-08-11T08:00:28.113+0000] {dagbag.py:541} INFO - Filling up the DagBag from /home/airflow/.local/lib/python3.7/site-packages/airflow/example_dags/example_nested_branch_dag.py
[2023-08-11T08:00:28.124+0000] {processor.py:836} INFO - DAG(s) dict_keys(['example_nested_branch_dag']) retrieved from /home/airflow/.local/lib/python3.7/site-packages/airflow/example_dags/example_nested_branch_dag.py
[2023-08-11T08:00:28.151+0000] {logging_mixin.py:150} INFO - [2023-08-11T08:00:28.151+0000] {dag.py:2742} INFO - Sync 1 DAGs
[2023-08-11T08:00:28.179+0000] {logging_mixin.py:150} INFO - [2023-08-11T08:00:28.179+0000] {dag.py:3508} INFO - Setting next_dagrun for example_nested_branch_dag to 2023-08-10T00:00:00+00:00, run_after=2023-08-11T00:00:00+00:00
[2023-08-11T08:00:28.203+0000] {processor.py:179} INFO - Processing /home/airflow/.local/lib/python3.7/site-packages/airflow/example_dags/example_nested_branch_dag.py took 0.096 seconds
[2023-08-11T08:00:58.951+0000] {processor.py:157} INFO - Started process (PID=1116) to work on /home/airflow/.local/lib/python3.7/site-packages/airflow/example_dags/example_nested_branch_dag.py
[2023-08-11T08:00:58.953+0000] {processor.py:826} INFO - Processing file /home/airflow/.local/lib/python3.7/site-packages/airflow/example_dags/example_nested_branch_dag.py for tasks to queue
[2023-08-11T08:00:58.955+0000] {logging_mixin.py:150} INFO - [2023-08-11T08:00:58.955+0000] {dagbag.py:541} INFO - Filling up the DagBag from /home/airflow/.local/lib/python3.7/site-packages/airflow/example_dags/example_nested_branch_dag.py
[2023-08-11T08:00:58.970+0000] {processor.py:836} INFO - DAG(s) dict_keys(['example_nested_branch_dag']) retrieved from /home/airflow/.local/lib/python3.7/site-packages/airflow/example_dags/example_nested_branch_dag.py
[2023-08-11T08:00:59.011+0000] {logging_mixin.py:150} INFO - [2023-08-11T08:00:59.010+0000] {dag.py:2742} INFO - Sync 1 DAGs
[2023-08-11T08:00:59.050+0000] {logging_mixin.py:150} INFO - [2023-08-11T08:00:59.050+0000] {dag.py:3508} INFO - Setting next_dagrun for example_nested_branch_dag to 2023-08-10T00:00:00+00:00, run_after=2023-08-11T00:00:00+00:00
[2023-08-11T08:00:59.084+0000] {processor.py:179} INFO - Processing /home/airflow/.local/lib/python3.7/site-packages/airflow/example_dags/example_nested_branch_dag.py took 0.136 seconds
[2023-08-11T08:01:29.220+0000] {processor.py:157} INFO - Started process (PID=1184) to work on /home/airflow/.local/lib/python3.7/site-packages/airflow/example_dags/example_nested_branch_dag.py
[2023-08-11T08:01:29.221+0000] {processor.py:826} INFO - Processing file /home/airflow/.local/lib/python3.7/site-packages/airflow/example_dags/example_nested_branch_dag.py for tasks to queue
[2023-08-11T08:01:29.222+0000] {logging_mixin.py:150} INFO - [2023-08-11T08:01:29.222+0000] {dagbag.py:541} INFO - Filling up the DagBag from /home/airflow/.local/lib/python3.7/site-packages/airflow/example_dags/example_nested_branch_dag.py
[2023-08-11T08:01:29.234+0000] {processor.py:836} INFO - DAG(s) dict_keys(['example_nested_branch_dag']) retrieved from /home/airflow/.local/lib/python3.7/site-packages/airflow/example_dags/example_nested_branch_dag.py
[2023-08-11T08:01:29.266+0000] {logging_mixin.py:150} INFO - [2023-08-11T08:01:29.265+0000] {dag.py:2742} INFO - Sync 1 DAGs
[2023-08-11T08:01:29.294+0000] {logging_mixin.py:150} INFO - [2023-08-11T08:01:29.294+0000] {dag.py:3508} INFO - Setting next_dagrun for example_nested_branch_dag to 2023-08-10T00:00:00+00:00, run_after=2023-08-11T00:00:00+00:00
[2023-08-11T08:01:29.319+0000] {processor.py:179} INFO - Processing /home/airflow/.local/lib/python3.7/site-packages/airflow/example_dags/example_nested_branch_dag.py took 0.102 seconds
[2023-08-11T08:01:59.559+0000] {processor.py:157} INFO - Started process (PID=1250) to work on /home/airflow/.local/lib/python3.7/site-packages/airflow/example_dags/example_nested_branch_dag.py
[2023-08-11T08:01:59.560+0000] {processor.py:826} INFO - Processing file /home/airflow/.local/lib/python3.7/site-packages/airflow/example_dags/example_nested_branch_dag.py for tasks to queue
[2023-08-11T08:01:59.561+0000] {logging_mixin.py:150} INFO - [2023-08-11T08:01:59.561+0000] {dagbag.py:541} INFO - Filling up the DagBag from /home/airflow/.local/lib/python3.7/site-packages/airflow/example_dags/example_nested_branch_dag.py
[2023-08-11T08:01:59.572+0000] {processor.py:836} INFO - DAG(s) dict_keys(['example_nested_branch_dag']) retrieved from /home/airflow/.local/lib/python3.7/site-packages/airflow/example_dags/example_nested_branch_dag.py
[2023-08-11T08:01:59.602+0000] {logging_mixin.py:150} INFO - [2023-08-11T08:01:59.602+0000] {dag.py:2742} INFO - Sync 1 DAGs
[2023-08-11T08:01:59.632+0000] {logging_mixin.py:150} INFO - [2023-08-11T08:01:59.632+0000] {dag.py:3508} INFO - Setting next_dagrun for example_nested_branch_dag to 2023-08-10T00:00:00+00:00, run_after=2023-08-11T00:00:00+00:00
[2023-08-11T08:01:59.656+0000] {processor.py:179} INFO - Processing /home/airflow/.local/lib/python3.7/site-packages/airflow/example_dags/example_nested_branch_dag.py took 0.101 seconds
[2023-08-11T08:02:29.733+0000] {processor.py:157} INFO - Started process (PID=1319) to work on /home/airflow/.local/lib/python3.7/site-packages/airflow/example_dags/example_nested_branch_dag.py
[2023-08-11T08:02:29.734+0000] {processor.py:826} INFO - Processing file /home/airflow/.local/lib/python3.7/site-packages/airflow/example_dags/example_nested_branch_dag.py for tasks to queue
[2023-08-11T08:02:29.735+0000] {logging_mixin.py:150} INFO - [2023-08-11T08:02:29.735+0000] {dagbag.py:541} INFO - Filling up the DagBag from /home/airflow/.local/lib/python3.7/site-packages/airflow/example_dags/example_nested_branch_dag.py
[2023-08-11T08:02:29.752+0000] {processor.py:836} INFO - DAG(s) dict_keys(['example_nested_branch_dag']) retrieved from /home/airflow/.local/lib/python3.7/site-packages/airflow/example_dags/example_nested_branch_dag.py
[2023-08-11T08:02:29.803+0000] {logging_mixin.py:150} INFO - [2023-08-11T08:02:29.803+0000] {dag.py:2742} INFO - Sync 1 DAGs
[2023-08-11T08:02:29.851+0000] {logging_mixin.py:150} INFO - [2023-08-11T08:02:29.851+0000] {dag.py:3508} INFO - Setting next_dagrun for example_nested_branch_dag to 2023-08-10T00:00:00+00:00, run_after=2023-08-11T00:00:00+00:00
[2023-08-11T08:02:29.882+0000] {processor.py:179} INFO - Processing /home/airflow/.local/lib/python3.7/site-packages/airflow/example_dags/example_nested_branch_dag.py took 0.153 seconds
[2023-08-11T08:03:00.309+0000] {processor.py:157} INFO - Started process (PID=1385) to work on /home/airflow/.local/lib/python3.7/site-packages/airflow/example_dags/example_nested_branch_dag.py
[2023-08-11T08:03:00.311+0000] {processor.py:826} INFO - Processing file /home/airflow/.local/lib/python3.7/site-packages/airflow/example_dags/example_nested_branch_dag.py for tasks to queue
[2023-08-11T08:03:00.312+0000] {logging_mixin.py:150} INFO - [2023-08-11T08:03:00.312+0000] {dagbag.py:541} INFO - Filling up the DagBag from /home/airflow/.local/lib/python3.7/site-packages/airflow/example_dags/example_nested_branch_dag.py
[2023-08-11T08:03:00.324+0000] {processor.py:836} INFO - DAG(s) dict_keys(['example_nested_branch_dag']) retrieved from /home/airflow/.local/lib/python3.7/site-packages/airflow/example_dags/example_nested_branch_dag.py
[2023-08-11T08:03:00.364+0000] {logging_mixin.py:150} INFO - [2023-08-11T08:03:00.363+0000] {dag.py:2742} INFO - Sync 1 DAGs
[2023-08-11T08:03:00.399+0000] {logging_mixin.py:150} INFO - [2023-08-11T08:03:00.399+0000] {dag.py:3508} INFO - Setting next_dagrun for example_nested_branch_dag to 2023-08-10T00:00:00+00:00, run_after=2023-08-11T00:00:00+00:00
[2023-08-11T08:03:00.430+0000] {processor.py:179} INFO - Processing /home/airflow/.local/lib/python3.7/site-packages/airflow/example_dags/example_nested_branch_dag.py took 0.125 seconds
[2023-08-11T08:03:30.741+0000] {processor.py:157} INFO - Started process (PID=1452) to work on /home/airflow/.local/lib/python3.7/site-packages/airflow/example_dags/example_nested_branch_dag.py
[2023-08-11T08:03:30.742+0000] {processor.py:826} INFO - Processing file /home/airflow/.local/lib/python3.7/site-packages/airflow/example_dags/example_nested_branch_dag.py for tasks to queue
[2023-08-11T08:03:30.743+0000] {logging_mixin.py:150} INFO - [2023-08-11T08:03:30.743+0000] {dagbag.py:541} INFO - Filling up the DagBag from /home/airflow/.local/lib/python3.7/site-packages/airflow/example_dags/example_nested_branch_dag.py
[2023-08-11T08:03:30.754+0000] {processor.py:836} INFO - DAG(s) dict_keys(['example_nested_branch_dag']) retrieved from /home/airflow/.local/lib/python3.7/site-packages/airflow/example_dags/example_nested_branch_dag.py
[2023-08-11T08:03:30.783+0000] {logging_mixin.py:150} INFO - [2023-08-11T08:03:30.783+0000] {dag.py:2742} INFO - Sync 1 DAGs
[2023-08-11T08:03:30.812+0000] {logging_mixin.py:150} INFO - [2023-08-11T08:03:30.812+0000] {dag.py:3508} INFO - Setting next_dagrun for example_nested_branch_dag to 2023-08-10T00:00:00+00:00, run_after=2023-08-11T00:00:00+00:00
[2023-08-11T08:03:30.835+0000] {processor.py:179} INFO - Processing /home/airflow/.local/lib/python3.7/site-packages/airflow/example_dags/example_nested_branch_dag.py took 0.097 seconds
[2023-08-11T08:04:01.514+0000] {processor.py:157} INFO - Started process (PID=1518) to work on /home/airflow/.local/lib/python3.7/site-packages/airflow/example_dags/example_nested_branch_dag.py
[2023-08-11T08:04:01.516+0000] {processor.py:826} INFO - Processing file /home/airflow/.local/lib/python3.7/site-packages/airflow/example_dags/example_nested_branch_dag.py for tasks to queue
[2023-08-11T08:04:01.517+0000] {logging_mixin.py:150} INFO - [2023-08-11T08:04:01.517+0000] {dagbag.py:541} INFO - Filling up the DagBag from /home/airflow/.local/lib/python3.7/site-packages/airflow/example_dags/example_nested_branch_dag.py
[2023-08-11T08:04:01.528+0000] {processor.py:836} INFO - DAG(s) dict_keys(['example_nested_branch_dag']) retrieved from /home/airflow/.local/lib/python3.7/site-packages/airflow/example_dags/example_nested_branch_dag.py
[2023-08-11T08:04:01.569+0000] {logging_mixin.py:150} INFO - [2023-08-11T08:04:01.568+0000] {dag.py:2742} INFO - Sync 1 DAGs
[2023-08-11T08:04:01.613+0000] {logging_mixin.py:150} INFO - [2023-08-11T08:04:01.612+0000] {dag.py:3508} INFO - Setting next_dagrun for example_nested_branch_dag to 2023-08-10T00:00:00+00:00, run_after=2023-08-11T00:00:00+00:00
[2023-08-11T08:04:01.642+0000] {processor.py:179} INFO - Processing /home/airflow/.local/lib/python3.7/site-packages/airflow/example_dags/example_nested_branch_dag.py took 0.132 seconds
[2023-08-11T08:04:32.462+0000] {processor.py:157} INFO - Started process (PID=1599) to work on /home/airflow/.local/lib/python3.7/site-packages/airflow/example_dags/example_nested_branch_dag.py
[2023-08-11T08:04:32.462+0000] {processor.py:826} INFO - Processing file /home/airflow/.local/lib/python3.7/site-packages/airflow/example_dags/example_nested_branch_dag.py for tasks to queue
[2023-08-11T08:04:32.463+0000] {logging_mixin.py:150} INFO - [2023-08-11T08:04:32.463+0000] {dagbag.py:541} INFO - Filling up the DagBag from /home/airflow/.local/lib/python3.7/site-packages/airflow/example_dags/example_nested_branch_dag.py
[2023-08-11T08:04:32.473+0000] {processor.py:836} INFO - DAG(s) dict_keys(['example_nested_branch_dag']) retrieved from /home/airflow/.local/lib/python3.7/site-packages/airflow/example_dags/example_nested_branch_dag.py
[2023-08-11T08:04:32.501+0000] {logging_mixin.py:150} INFO - [2023-08-11T08:04:32.500+0000] {dag.py:2742} INFO - Sync 1 DAGs
[2023-08-11T08:04:32.524+0000] {logging_mixin.py:150} INFO - [2023-08-11T08:04:32.523+0000] {dag.py:3508} INFO - Setting next_dagrun for example_nested_branch_dag to 2023-08-10T00:00:00+00:00, run_after=2023-08-11T00:00:00+00:00
[2023-08-11T08:04:32.544+0000] {processor.py:179} INFO - Processing /home/airflow/.local/lib/python3.7/site-packages/airflow/example_dags/example_nested_branch_dag.py took 0.086 seconds
[2023-08-11T08:05:03.240+0000] {processor.py:157} INFO - Started process (PID=1665) to work on /home/airflow/.local/lib/python3.7/site-packages/airflow/example_dags/example_nested_branch_dag.py
[2023-08-11T08:05:03.241+0000] {processor.py:826} INFO - Processing file /home/airflow/.local/lib/python3.7/site-packages/airflow/example_dags/example_nested_branch_dag.py for tasks to queue
[2023-08-11T08:05:03.242+0000] {logging_mixin.py:150} INFO - [2023-08-11T08:05:03.241+0000] {dagbag.py:541} INFO - Filling up the DagBag from /home/airflow/.local/lib/python3.7/site-packages/airflow/example_dags/example_nested_branch_dag.py
[2023-08-11T08:05:03.252+0000] {processor.py:836} INFO - DAG(s) dict_keys(['example_nested_branch_dag']) retrieved from /home/airflow/.local/lib/python3.7/site-packages/airflow/example_dags/example_nested_branch_dag.py
[2023-08-11T08:05:03.276+0000] {logging_mixin.py:150} INFO - [2023-08-11T08:05:03.275+0000] {dag.py:2742} INFO - Sync 1 DAGs
[2023-08-11T08:05:03.304+0000] {logging_mixin.py:150} INFO - [2023-08-11T08:05:03.304+0000] {dag.py:3508} INFO - Setting next_dagrun for example_nested_branch_dag to 2023-08-10T00:00:00+00:00, run_after=2023-08-11T00:00:00+00:00
[2023-08-11T08:05:03.327+0000] {processor.py:179} INFO - Processing /home/airflow/.local/lib/python3.7/site-packages/airflow/example_dags/example_nested_branch_dag.py took 0.091 seconds
[2023-08-11T08:05:34.456+0000] {processor.py:157} INFO - Started process (PID=1732) to work on /home/airflow/.local/lib/python3.7/site-packages/airflow/example_dags/example_nested_branch_dag.py
[2023-08-11T08:05:34.458+0000] {processor.py:826} INFO - Processing file /home/airflow/.local/lib/python3.7/site-packages/airflow/example_dags/example_nested_branch_dag.py for tasks to queue
[2023-08-11T08:05:34.460+0000] {logging_mixin.py:150} INFO - [2023-08-11T08:05:34.459+0000] {dagbag.py:541} INFO - Filling up the DagBag from /home/airflow/.local/lib/python3.7/site-packages/airflow/example_dags/example_nested_branch_dag.py
[2023-08-11T08:05:34.481+0000] {processor.py:836} INFO - DAG(s) dict_keys(['example_nested_branch_dag']) retrieved from /home/airflow/.local/lib/python3.7/site-packages/airflow/example_dags/example_nested_branch_dag.py
[2023-08-11T08:05:34.531+0000] {logging_mixin.py:150} INFO - [2023-08-11T08:05:34.531+0000] {dag.py:2742} INFO - Sync 1 DAGs
[2023-08-11T08:05:34.583+0000] {logging_mixin.py:150} INFO - [2023-08-11T08:05:34.582+0000] {dag.py:3508} INFO - Setting next_dagrun for example_nested_branch_dag to 2023-08-10T00:00:00+00:00, run_after=2023-08-11T00:00:00+00:00
[2023-08-11T08:05:34.625+0000] {processor.py:179} INFO - Processing /home/airflow/.local/lib/python3.7/site-packages/airflow/example_dags/example_nested_branch_dag.py took 0.177 seconds
[2023-08-11T08:06:05.762+0000] {processor.py:157} INFO - Started process (PID=1799) to work on /home/airflow/.local/lib/python3.7/site-packages/airflow/example_dags/example_nested_branch_dag.py
[2023-08-11T08:06:05.763+0000] {processor.py:826} INFO - Processing file /home/airflow/.local/lib/python3.7/site-packages/airflow/example_dags/example_nested_branch_dag.py for tasks to queue
[2023-08-11T08:06:05.764+0000] {logging_mixin.py:150} INFO - [2023-08-11T08:06:05.764+0000] {dagbag.py:541} INFO - Filling up the DagBag from /home/airflow/.local/lib/python3.7/site-packages/airflow/example_dags/example_nested_branch_dag.py
[2023-08-11T08:06:05.783+0000] {processor.py:836} INFO - DAG(s) dict_keys(['example_nested_branch_dag']) retrieved from /home/airflow/.local/lib/python3.7/site-packages/airflow/example_dags/example_nested_branch_dag.py
[2023-08-11T08:06:05.841+0000] {logging_mixin.py:150} INFO - [2023-08-11T08:06:05.840+0000] {dag.py:2742} INFO - Sync 1 DAGs
[2023-08-11T08:06:05.894+0000] {logging_mixin.py:150} INFO - [2023-08-11T08:06:05.894+0000] {dag.py:3508} INFO - Setting next_dagrun for example_nested_branch_dag to 2023-08-10T00:00:00+00:00, run_after=2023-08-11T00:00:00+00:00
[2023-08-11T08:06:05.949+0000] {processor.py:179} INFO - Processing /home/airflow/.local/lib/python3.7/site-packages/airflow/example_dags/example_nested_branch_dag.py took 0.192 seconds
[2023-08-11T08:06:36.414+0000] {processor.py:157} INFO - Started process (PID=1869) to work on /home/airflow/.local/lib/python3.7/site-packages/airflow/example_dags/example_nested_branch_dag.py
[2023-08-11T08:06:36.416+0000] {processor.py:826} INFO - Processing file /home/airflow/.local/lib/python3.7/site-packages/airflow/example_dags/example_nested_branch_dag.py for tasks to queue
[2023-08-11T08:06:36.418+0000] {logging_mixin.py:150} INFO - [2023-08-11T08:06:36.417+0000] {dagbag.py:541} INFO - Filling up the DagBag from /home/airflow/.local/lib/python3.7/site-packages/airflow/example_dags/example_nested_branch_dag.py
[2023-08-11T08:06:36.438+0000] {processor.py:836} INFO - DAG(s) dict_keys(['example_nested_branch_dag']) retrieved from /home/airflow/.local/lib/python3.7/site-packages/airflow/example_dags/example_nested_branch_dag.py
[2023-08-11T08:06:36.487+0000] {logging_mixin.py:150} INFO - [2023-08-11T08:06:36.486+0000] {dag.py:2742} INFO - Sync 1 DAGs
[2023-08-11T08:06:36.545+0000] {logging_mixin.py:150} INFO - [2023-08-11T08:06:36.545+0000] {dag.py:3508} INFO - Setting next_dagrun for example_nested_branch_dag to 2023-08-10T00:00:00+00:00, run_after=2023-08-11T00:00:00+00:00
[2023-08-11T08:06:36.583+0000] {processor.py:179} INFO - Processing /home/airflow/.local/lib/python3.7/site-packages/airflow/example_dags/example_nested_branch_dag.py took 0.176 seconds
[2023-08-11T08:07:06.961+0000] {processor.py:157} INFO - Started process (PID=1937) to work on /home/airflow/.local/lib/python3.7/site-packages/airflow/example_dags/example_nested_branch_dag.py
[2023-08-11T08:07:06.962+0000] {processor.py:826} INFO - Processing file /home/airflow/.local/lib/python3.7/site-packages/airflow/example_dags/example_nested_branch_dag.py for tasks to queue
[2023-08-11T08:07:06.963+0000] {logging_mixin.py:150} INFO - [2023-08-11T08:07:06.963+0000] {dagbag.py:541} INFO - Filling up the DagBag from /home/airflow/.local/lib/python3.7/site-packages/airflow/example_dags/example_nested_branch_dag.py
[2023-08-11T08:07:06.978+0000] {processor.py:836} INFO - DAG(s) dict_keys(['example_nested_branch_dag']) retrieved from /home/airflow/.local/lib/python3.7/site-packages/airflow/example_dags/example_nested_branch_dag.py
[2023-08-11T08:07:07.014+0000] {logging_mixin.py:150} INFO - [2023-08-11T08:07:07.014+0000] {dag.py:2742} INFO - Sync 1 DAGs
[2023-08-11T08:07:07.049+0000] {logging_mixin.py:150} INFO - [2023-08-11T08:07:07.049+0000] {dag.py:3508} INFO - Setting next_dagrun for example_nested_branch_dag to 2023-08-10T00:00:00+00:00, run_after=2023-08-11T00:00:00+00:00
[2023-08-11T08:07:07.080+0000] {processor.py:179} INFO - Processing /home/airflow/.local/lib/python3.7/site-packages/airflow/example_dags/example_nested_branch_dag.py took 0.123 seconds
[2023-08-11T08:07:37.099+0000] {processor.py:157} INFO - Started process (PID=2006) to work on /home/airflow/.local/lib/python3.7/site-packages/airflow/example_dags/example_nested_branch_dag.py
[2023-08-11T08:07:37.100+0000] {processor.py:826} INFO - Processing file /home/airflow/.local/lib/python3.7/site-packages/airflow/example_dags/example_nested_branch_dag.py for tasks to queue
[2023-08-11T08:07:37.100+0000] {logging_mixin.py:150} INFO - [2023-08-11T08:07:37.100+0000] {dagbag.py:541} INFO - Filling up the DagBag from /home/airflow/.local/lib/python3.7/site-packages/airflow/example_dags/example_nested_branch_dag.py
[2023-08-11T08:07:37.111+0000] {processor.py:836} INFO - DAG(s) dict_keys(['example_nested_branch_dag']) retrieved from /home/airflow/.local/lib/python3.7/site-packages/airflow/example_dags/example_nested_branch_dag.py
[2023-08-11T08:07:37.135+0000] {logging_mixin.py:150} INFO - [2023-08-11T08:07:37.135+0000] {dag.py:2742} INFO - Sync 1 DAGs
[2023-08-11T08:07:37.162+0000] {logging_mixin.py:150} INFO - [2023-08-11T08:07:37.162+0000] {dag.py:3508} INFO - Setting next_dagrun for example_nested_branch_dag to 2023-08-10T00:00:00+00:00, run_after=2023-08-11T00:00:00+00:00
[2023-08-11T08:07:37.183+0000] {processor.py:179} INFO - Processing /home/airflow/.local/lib/python3.7/site-packages/airflow/example_dags/example_nested_branch_dag.py took 0.087 seconds
[2023-08-11T08:08:07.378+0000] {processor.py:157} INFO - Started process (PID=2072) to work on /home/airflow/.local/lib/python3.7/site-packages/airflow/example_dags/example_nested_branch_dag.py
[2023-08-11T08:08:07.379+0000] {processor.py:826} INFO - Processing file /home/airflow/.local/lib/python3.7/site-packages/airflow/example_dags/example_nested_branch_dag.py for tasks to queue
[2023-08-11T08:08:07.380+0000] {logging_mixin.py:150} INFO - [2023-08-11T08:08:07.380+0000] {dagbag.py:541} INFO - Filling up the DagBag from /home/airflow/.local/lib/python3.7/site-packages/airflow/example_dags/example_nested_branch_dag.py
[2023-08-11T08:08:07.388+0000] {processor.py:836} INFO - DAG(s) dict_keys(['example_nested_branch_dag']) retrieved from /home/airflow/.local/lib/python3.7/site-packages/airflow/example_dags/example_nested_branch_dag.py
[2023-08-11T08:08:07.414+0000] {logging_mixin.py:150} INFO - [2023-08-11T08:08:07.414+0000] {dag.py:2742} INFO - Sync 1 DAGs
[2023-08-11T08:08:07.438+0000] {logging_mixin.py:150} INFO - [2023-08-11T08:08:07.438+0000] {dag.py:3508} INFO - Setting next_dagrun for example_nested_branch_dag to 2023-08-10T00:00:00+00:00, run_after=2023-08-11T00:00:00+00:00
[2023-08-11T08:08:07.460+0000] {processor.py:179} INFO - Processing /home/airflow/.local/lib/python3.7/site-packages/airflow/example_dags/example_nested_branch_dag.py took 0.086 seconds
[2023-08-11T08:08:37.967+0000] {processor.py:157} INFO - Started process (PID=2138) to work on /home/airflow/.local/lib/python3.7/site-packages/airflow/example_dags/example_nested_branch_dag.py
[2023-08-11T08:08:37.968+0000] {processor.py:826} INFO - Processing file /home/airflow/.local/lib/python3.7/site-packages/airflow/example_dags/example_nested_branch_dag.py for tasks to queue
[2023-08-11T08:08:37.969+0000] {logging_mixin.py:150} INFO - [2023-08-11T08:08:37.968+0000] {dagbag.py:541} INFO - Filling up the DagBag from /home/airflow/.local/lib/python3.7/site-packages/airflow/example_dags/example_nested_branch_dag.py
[2023-08-11T08:08:37.979+0000] {processor.py:836} INFO - DAG(s) dict_keys(['example_nested_branch_dag']) retrieved from /home/airflow/.local/lib/python3.7/site-packages/airflow/example_dags/example_nested_branch_dag.py
[2023-08-11T08:08:38.003+0000] {logging_mixin.py:150} INFO - [2023-08-11T08:08:38.003+0000] {dag.py:2742} INFO - Sync 1 DAGs
[2023-08-11T08:08:38.028+0000] {logging_mixin.py:150} INFO - [2023-08-11T08:08:38.028+0000] {dag.py:3508} INFO - Setting next_dagrun for example_nested_branch_dag to 2023-08-10T00:00:00+00:00, run_after=2023-08-11T00:00:00+00:00
[2023-08-11T08:08:38.051+0000] {processor.py:179} INFO - Processing /home/airflow/.local/lib/python3.7/site-packages/airflow/example_dags/example_nested_branch_dag.py took 0.086 seconds
[2023-08-11T08:09:08.431+0000] {processor.py:157} INFO - Started process (PID=2204) to work on /home/airflow/.local/lib/python3.7/site-packages/airflow/example_dags/example_nested_branch_dag.py
[2023-08-11T08:09:08.433+0000] {processor.py:826} INFO - Processing file /home/airflow/.local/lib/python3.7/site-packages/airflow/example_dags/example_nested_branch_dag.py for tasks to queue
[2023-08-11T08:09:08.434+0000] {logging_mixin.py:150} INFO - [2023-08-11T08:09:08.433+0000] {dagbag.py:541} INFO - Filling up the DagBag from /home/airflow/.local/lib/python3.7/site-packages/airflow/example_dags/example_nested_branch_dag.py
[2023-08-11T08:09:08.449+0000] {processor.py:836} INFO - DAG(s) dict_keys(['example_nested_branch_dag']) retrieved from /home/airflow/.local/lib/python3.7/site-packages/airflow/example_dags/example_nested_branch_dag.py
[2023-08-11T08:09:08.476+0000] {logging_mixin.py:150} INFO - [2023-08-11T08:09:08.476+0000] {dag.py:2742} INFO - Sync 1 DAGs
[2023-08-11T08:09:08.504+0000] {logging_mixin.py:150} INFO - [2023-08-11T08:09:08.504+0000] {dag.py:3508} INFO - Setting next_dagrun for example_nested_branch_dag to 2023-08-10T00:00:00+00:00, run_after=2023-08-11T00:00:00+00:00
[2023-08-11T08:09:08.525+0000] {processor.py:179} INFO - Processing /home/airflow/.local/lib/python3.7/site-packages/airflow/example_dags/example_nested_branch_dag.py took 0.097 seconds
[2023-08-11T08:09:38.776+0000] {processor.py:157} INFO - Started process (PID=2270) to work on /home/airflow/.local/lib/python3.7/site-packages/airflow/example_dags/example_nested_branch_dag.py
[2023-08-11T08:09:38.777+0000] {processor.py:826} INFO - Processing file /home/airflow/.local/lib/python3.7/site-packages/airflow/example_dags/example_nested_branch_dag.py for tasks to queue
[2023-08-11T08:09:38.777+0000] {logging_mixin.py:150} INFO - [2023-08-11T08:09:38.777+0000] {dagbag.py:541} INFO - Filling up the DagBag from /home/airflow/.local/lib/python3.7/site-packages/airflow/example_dags/example_nested_branch_dag.py
[2023-08-11T08:09:38.788+0000] {processor.py:836} INFO - DAG(s) dict_keys(['example_nested_branch_dag']) retrieved from /home/airflow/.local/lib/python3.7/site-packages/airflow/example_dags/example_nested_branch_dag.py
[2023-08-11T08:09:38.815+0000] {logging_mixin.py:150} INFO - [2023-08-11T08:09:38.815+0000] {dag.py:2742} INFO - Sync 1 DAGs
[2023-08-11T08:09:38.841+0000] {logging_mixin.py:150} INFO - [2023-08-11T08:09:38.841+0000] {dag.py:3508} INFO - Setting next_dagrun for example_nested_branch_dag to 2023-08-10T00:00:00+00:00, run_after=2023-08-11T00:00:00+00:00
[2023-08-11T08:09:38.865+0000] {processor.py:179} INFO - Processing /home/airflow/.local/lib/python3.7/site-packages/airflow/example_dags/example_nested_branch_dag.py took 0.092 seconds
[2023-08-11T08:10:09.491+0000] {processor.py:157} INFO - Started process (PID=2336) to work on /home/airflow/.local/lib/python3.7/site-packages/airflow/example_dags/example_nested_branch_dag.py
[2023-08-11T08:10:09.493+0000] {processor.py:826} INFO - Processing file /home/airflow/.local/lib/python3.7/site-packages/airflow/example_dags/example_nested_branch_dag.py for tasks to queue
[2023-08-11T08:10:09.495+0000] {logging_mixin.py:150} INFO - [2023-08-11T08:10:09.494+0000] {dagbag.py:541} INFO - Filling up the DagBag from /home/airflow/.local/lib/python3.7/site-packages/airflow/example_dags/example_nested_branch_dag.py
[2023-08-11T08:10:09.512+0000] {processor.py:836} INFO - DAG(s) dict_keys(['example_nested_branch_dag']) retrieved from /home/airflow/.local/lib/python3.7/site-packages/airflow/example_dags/example_nested_branch_dag.py
[2023-08-11T08:10:09.559+0000] {logging_mixin.py:150} INFO - [2023-08-11T08:10:09.559+0000] {dag.py:2742} INFO - Sync 1 DAGs
[2023-08-11T08:10:09.607+0000] {logging_mixin.py:150} INFO - [2023-08-11T08:10:09.607+0000] {dag.py:3508} INFO - Setting next_dagrun for example_nested_branch_dag to 2023-08-10T00:00:00+00:00, run_after=2023-08-11T00:00:00+00:00
[2023-08-11T08:10:09.639+0000] {processor.py:179} INFO - Processing /home/airflow/.local/lib/python3.7/site-packages/airflow/example_dags/example_nested_branch_dag.py took 0.153 seconds
[2023-08-11T08:10:39.832+0000] {processor.py:157} INFO - Started process (PID=2402) to work on /home/airflow/.local/lib/python3.7/site-packages/airflow/example_dags/example_nested_branch_dag.py
[2023-08-11T08:10:39.835+0000] {processor.py:826} INFO - Processing file /home/airflow/.local/lib/python3.7/site-packages/airflow/example_dags/example_nested_branch_dag.py for tasks to queue
[2023-08-11T08:10:39.836+0000] {logging_mixin.py:150} INFO - [2023-08-11T08:10:39.836+0000] {dagbag.py:541} INFO - Filling up the DagBag from /home/airflow/.local/lib/python3.7/site-packages/airflow/example_dags/example_nested_branch_dag.py
[2023-08-11T08:10:39.850+0000] {processor.py:836} INFO - DAG(s) dict_keys(['example_nested_branch_dag']) retrieved from /home/airflow/.local/lib/python3.7/site-packages/airflow/example_dags/example_nested_branch_dag.py
[2023-08-11T08:10:39.897+0000] {logging_mixin.py:150} INFO - [2023-08-11T08:10:39.896+0000] {dag.py:2742} INFO - Sync 1 DAGs
[2023-08-11T08:10:39.947+0000] {logging_mixin.py:150} INFO - [2023-08-11T08:10:39.946+0000] {dag.py:3508} INFO - Setting next_dagrun for example_nested_branch_dag to 2023-08-10T00:00:00+00:00, run_after=2023-08-11T00:00:00+00:00
[2023-08-11T08:10:39.986+0000] {processor.py:179} INFO - Processing /home/airflow/.local/lib/python3.7/site-packages/airflow/example_dags/example_nested_branch_dag.py took 0.160 seconds
[2023-08-11T08:11:10.497+0000] {processor.py:157} INFO - Started process (PID=2469) to work on /home/airflow/.local/lib/python3.7/site-packages/airflow/example_dags/example_nested_branch_dag.py
[2023-08-11T08:11:10.499+0000] {processor.py:826} INFO - Processing file /home/airflow/.local/lib/python3.7/site-packages/airflow/example_dags/example_nested_branch_dag.py for tasks to queue
[2023-08-11T08:11:10.500+0000] {logging_mixin.py:150} INFO - [2023-08-11T08:11:10.500+0000] {dagbag.py:541} INFO - Filling up the DagBag from /home/airflow/.local/lib/python3.7/site-packages/airflow/example_dags/example_nested_branch_dag.py
[2023-08-11T08:11:10.511+0000] {processor.py:836} INFO - DAG(s) dict_keys(['example_nested_branch_dag']) retrieved from /home/airflow/.local/lib/python3.7/site-packages/airflow/example_dags/example_nested_branch_dag.py
[2023-08-11T08:11:10.541+0000] {logging_mixin.py:150} INFO - [2023-08-11T08:11:10.541+0000] {dag.py:2742} INFO - Sync 1 DAGs
[2023-08-11T08:11:10.570+0000] {logging_mixin.py:150} INFO - [2023-08-11T08:11:10.570+0000] {dag.py:3508} INFO - Setting next_dagrun for example_nested_branch_dag to 2023-08-10T00:00:00+00:00, run_after=2023-08-11T00:00:00+00:00
[2023-08-11T08:11:10.597+0000] {processor.py:179} INFO - Processing /home/airflow/.local/lib/python3.7/site-packages/airflow/example_dags/example_nested_branch_dag.py took 0.103 seconds
[2023-08-11T08:11:41.189+0000] {processor.py:157} INFO - Started process (PID=2535) to work on /home/airflow/.local/lib/python3.7/site-packages/airflow/example_dags/example_nested_branch_dag.py
[2023-08-11T08:11:41.189+0000] {processor.py:826} INFO - Processing file /home/airflow/.local/lib/python3.7/site-packages/airflow/example_dags/example_nested_branch_dag.py for tasks to queue
[2023-08-11T08:11:41.190+0000] {logging_mixin.py:150} INFO - [2023-08-11T08:11:41.190+0000] {dagbag.py:541} INFO - Filling up the DagBag from /home/airflow/.local/lib/python3.7/site-packages/airflow/example_dags/example_nested_branch_dag.py
[2023-08-11T08:11:41.198+0000] {processor.py:836} INFO - DAG(s) dict_keys(['example_nested_branch_dag']) retrieved from /home/airflow/.local/lib/python3.7/site-packages/airflow/example_dags/example_nested_branch_dag.py
[2023-08-11T08:11:41.226+0000] {logging_mixin.py:150} INFO - [2023-08-11T08:11:41.226+0000] {dag.py:2742} INFO - Sync 1 DAGs
[2023-08-11T08:11:41.254+0000] {logging_mixin.py:150} INFO - [2023-08-11T08:11:41.253+0000] {dag.py:3508} INFO - Setting next_dagrun for example_nested_branch_dag to 2023-08-10T00:00:00+00:00, run_after=2023-08-11T00:00:00+00:00
[2023-08-11T08:11:41.276+0000] {processor.py:179} INFO - Processing /home/airflow/.local/lib/python3.7/site-packages/airflow/example_dags/example_nested_branch_dag.py took 0.092 seconds
[2023-08-11T08:12:11.749+0000] {processor.py:157} INFO - Started process (PID=2601) to work on /home/airflow/.local/lib/python3.7/site-packages/airflow/example_dags/example_nested_branch_dag.py
[2023-08-11T08:12:11.750+0000] {processor.py:826} INFO - Processing file /home/airflow/.local/lib/python3.7/site-packages/airflow/example_dags/example_nested_branch_dag.py for tasks to queue
[2023-08-11T08:12:11.751+0000] {logging_mixin.py:150} INFO - [2023-08-11T08:12:11.751+0000] {dagbag.py:541} INFO - Filling up the DagBag from /home/airflow/.local/lib/python3.7/site-packages/airflow/example_dags/example_nested_branch_dag.py
[2023-08-11T08:12:11.761+0000] {processor.py:836} INFO - DAG(s) dict_keys(['example_nested_branch_dag']) retrieved from /home/airflow/.local/lib/python3.7/site-packages/airflow/example_dags/example_nested_branch_dag.py
[2023-08-11T08:12:11.786+0000] {logging_mixin.py:150} INFO - [2023-08-11T08:12:11.785+0000] {dag.py:2742} INFO - Sync 1 DAGs
[2023-08-11T08:12:11.810+0000] {logging_mixin.py:150} INFO - [2023-08-11T08:12:11.810+0000] {dag.py:3508} INFO - Setting next_dagrun for example_nested_branch_dag to 2023-08-10T00:00:00+00:00, run_after=2023-08-11T00:00:00+00:00
[2023-08-11T08:12:11.831+0000] {processor.py:179} INFO - Processing /home/airflow/.local/lib/python3.7/site-packages/airflow/example_dags/example_nested_branch_dag.py took 0.085 seconds
[2023-08-11T08:12:42.317+0000] {processor.py:157} INFO - Started process (PID=2667) to work on /home/airflow/.local/lib/python3.7/site-packages/airflow/example_dags/example_nested_branch_dag.py
[2023-08-11T08:12:42.318+0000] {processor.py:826} INFO - Processing file /home/airflow/.local/lib/python3.7/site-packages/airflow/example_dags/example_nested_branch_dag.py for tasks to queue
[2023-08-11T08:12:42.318+0000] {logging_mixin.py:150} INFO - [2023-08-11T08:12:42.318+0000] {dagbag.py:541} INFO - Filling up the DagBag from /home/airflow/.local/lib/python3.7/site-packages/airflow/example_dags/example_nested_branch_dag.py
[2023-08-11T08:12:42.329+0000] {processor.py:836} INFO - DAG(s) dict_keys(['example_nested_branch_dag']) retrieved from /home/airflow/.local/lib/python3.7/site-packages/airflow/example_dags/example_nested_branch_dag.py
[2023-08-11T08:12:42.365+0000] {logging_mixin.py:150} INFO - [2023-08-11T08:12:42.365+0000] {dag.py:2742} INFO - Sync 1 DAGs
[2023-08-11T08:12:42.397+0000] {logging_mixin.py:150} INFO - [2023-08-11T08:12:42.396+0000] {dag.py:3508} INFO - Setting next_dagrun for example_nested_branch_dag to 2023-08-10T00:00:00+00:00, run_after=2023-08-11T00:00:00+00:00
[2023-08-11T08:12:42.424+0000] {processor.py:179} INFO - Processing /home/airflow/.local/lib/python3.7/site-packages/airflow/example_dags/example_nested_branch_dag.py took 0.110 seconds
[2023-08-11T08:13:13.516+0000] {processor.py:157} INFO - Started process (PID=2733) to work on /home/airflow/.local/lib/python3.7/site-packages/airflow/example_dags/example_nested_branch_dag.py
[2023-08-11T08:13:13.518+0000] {processor.py:826} INFO - Processing file /home/airflow/.local/lib/python3.7/site-packages/airflow/example_dags/example_nested_branch_dag.py for tasks to queue
[2023-08-11T08:13:13.519+0000] {logging_mixin.py:150} INFO - [2023-08-11T08:13:13.518+0000] {dagbag.py:541} INFO - Filling up the DagBag from /home/airflow/.local/lib/python3.7/site-packages/airflow/example_dags/example_nested_branch_dag.py
[2023-08-11T08:13:13.530+0000] {processor.py:836} INFO - DAG(s) dict_keys(['example_nested_branch_dag']) retrieved from /home/airflow/.local/lib/python3.7/site-packages/airflow/example_dags/example_nested_branch_dag.py
[2023-08-11T08:13:13.563+0000] {logging_mixin.py:150} INFO - [2023-08-11T08:13:13.563+0000] {dag.py:2742} INFO - Sync 1 DAGs
[2023-08-11T08:13:13.597+0000] {logging_mixin.py:150} INFO - [2023-08-11T08:13:13.597+0000] {dag.py:3508} INFO - Setting next_dagrun for example_nested_branch_dag to 2023-08-10T00:00:00+00:00, run_after=2023-08-11T00:00:00+00:00
[2023-08-11T08:13:13.623+0000] {processor.py:179} INFO - Processing /home/airflow/.local/lib/python3.7/site-packages/airflow/example_dags/example_nested_branch_dag.py took 0.110 seconds
[2023-08-11T08:13:44.495+0000] {processor.py:157} INFO - Started process (PID=2799) to work on /home/airflow/.local/lib/python3.7/site-packages/airflow/example_dags/example_nested_branch_dag.py
[2023-08-11T08:13:44.496+0000] {processor.py:826} INFO - Processing file /home/airflow/.local/lib/python3.7/site-packages/airflow/example_dags/example_nested_branch_dag.py for tasks to queue
[2023-08-11T08:13:44.496+0000] {logging_mixin.py:150} INFO - [2023-08-11T08:13:44.496+0000] {dagbag.py:541} INFO - Filling up the DagBag from /home/airflow/.local/lib/python3.7/site-packages/airflow/example_dags/example_nested_branch_dag.py
[2023-08-11T08:13:44.504+0000] {processor.py:836} INFO - DAG(s) dict_keys(['example_nested_branch_dag']) retrieved from /home/airflow/.local/lib/python3.7/site-packages/airflow/example_dags/example_nested_branch_dag.py
[2023-08-11T08:13:44.532+0000] {logging_mixin.py:150} INFO - [2023-08-11T08:13:44.532+0000] {dag.py:2742} INFO - Sync 1 DAGs
[2023-08-11T08:13:44.560+0000] {logging_mixin.py:150} INFO - [2023-08-11T08:13:44.560+0000] {dag.py:3508} INFO - Setting next_dagrun for example_nested_branch_dag to 2023-08-10T00:00:00+00:00, run_after=2023-08-11T00:00:00+00:00
[2023-08-11T08:13:44.583+0000] {processor.py:179} INFO - Processing /home/airflow/.local/lib/python3.7/site-packages/airflow/example_dags/example_nested_branch_dag.py took 0.091 seconds
[2023-08-11T08:14:15.154+0000] {processor.py:157} INFO - Started process (PID=2865) to work on /home/airflow/.local/lib/python3.7/site-packages/airflow/example_dags/example_nested_branch_dag.py
[2023-08-11T08:14:15.155+0000] {processor.py:826} INFO - Processing file /home/airflow/.local/lib/python3.7/site-packages/airflow/example_dags/example_nested_branch_dag.py for tasks to queue
[2023-08-11T08:14:15.156+0000] {logging_mixin.py:150} INFO - [2023-08-11T08:14:15.156+0000] {dagbag.py:541} INFO - Filling up the DagBag from /home/airflow/.local/lib/python3.7/site-packages/airflow/example_dags/example_nested_branch_dag.py
[2023-08-11T08:14:15.167+0000] {processor.py:836} INFO - DAG(s) dict_keys(['example_nested_branch_dag']) retrieved from /home/airflow/.local/lib/python3.7/site-packages/airflow/example_dags/example_nested_branch_dag.py
[2023-08-11T08:14:15.197+0000] {logging_mixin.py:150} INFO - [2023-08-11T08:14:15.197+0000] {dag.py:2742} INFO - Sync 1 DAGs
[2023-08-11T08:14:15.223+0000] {logging_mixin.py:150} INFO - [2023-08-11T08:14:15.223+0000] {dag.py:3508} INFO - Setting next_dagrun for example_nested_branch_dag to 2023-08-10T00:00:00+00:00, run_after=2023-08-11T00:00:00+00:00
[2023-08-11T08:14:15.248+0000] {processor.py:179} INFO - Processing /home/airflow/.local/lib/python3.7/site-packages/airflow/example_dags/example_nested_branch_dag.py took 0.097 seconds
[2023-08-11T08:14:45.817+0000] {processor.py:157} INFO - Started process (PID=2932) to work on /home/airflow/.local/lib/python3.7/site-packages/airflow/example_dags/example_nested_branch_dag.py
[2023-08-11T08:14:45.818+0000] {processor.py:826} INFO - Processing file /home/airflow/.local/lib/python3.7/site-packages/airflow/example_dags/example_nested_branch_dag.py for tasks to queue
[2023-08-11T08:14:45.818+0000] {logging_mixin.py:150} INFO - [2023-08-11T08:14:45.818+0000] {dagbag.py:541} INFO - Filling up the DagBag from /home/airflow/.local/lib/python3.7/site-packages/airflow/example_dags/example_nested_branch_dag.py
[2023-08-11T08:14:45.832+0000] {processor.py:836} INFO - DAG(s) dict_keys(['example_nested_branch_dag']) retrieved from /home/airflow/.local/lib/python3.7/site-packages/airflow/example_dags/example_nested_branch_dag.py
[2023-08-11T08:14:45.860+0000] {logging_mixin.py:150} INFO - [2023-08-11T08:14:45.860+0000] {dag.py:2742} INFO - Sync 1 DAGs
[2023-08-11T08:14:45.888+0000] {logging_mixin.py:150} INFO - [2023-08-11T08:14:45.887+0000] {dag.py:3508} INFO - Setting next_dagrun for example_nested_branch_dag to 2023-08-10T00:00:00+00:00, run_after=2023-08-11T00:00:00+00:00
[2023-08-11T08:14:45.913+0000] {processor.py:179} INFO - Processing /home/airflow/.local/lib/python3.7/site-packages/airflow/example_dags/example_nested_branch_dag.py took 0.099 seconds
[2023-08-11T08:15:16.746+0000] {processor.py:157} INFO - Started process (PID=2998) to work on /home/airflow/.local/lib/python3.7/site-packages/airflow/example_dags/example_nested_branch_dag.py
[2023-08-11T08:15:16.748+0000] {processor.py:826} INFO - Processing file /home/airflow/.local/lib/python3.7/site-packages/airflow/example_dags/example_nested_branch_dag.py for tasks to queue
[2023-08-11T08:15:16.749+0000] {logging_mixin.py:150} INFO - [2023-08-11T08:15:16.748+0000] {dagbag.py:541} INFO - Filling up the DagBag from /home/airflow/.local/lib/python3.7/site-packages/airflow/example_dags/example_nested_branch_dag.py
[2023-08-11T08:15:16.757+0000] {processor.py:836} INFO - DAG(s) dict_keys(['example_nested_branch_dag']) retrieved from /home/airflow/.local/lib/python3.7/site-packages/airflow/example_dags/example_nested_branch_dag.py
[2023-08-11T08:15:16.780+0000] {logging_mixin.py:150} INFO - [2023-08-11T08:15:16.780+0000] {dag.py:2742} INFO - Sync 1 DAGs
[2023-08-11T08:15:16.804+0000] {logging_mixin.py:150} INFO - [2023-08-11T08:15:16.804+0000] {dag.py:3508} INFO - Setting next_dagrun for example_nested_branch_dag to 2023-08-10T00:00:00+00:00, run_after=2023-08-11T00:00:00+00:00
[2023-08-11T08:15:16.822+0000] {processor.py:179} INFO - Processing /home/airflow/.local/lib/python3.7/site-packages/airflow/example_dags/example_nested_branch_dag.py took 0.079 seconds
[2023-08-11T08:15:47.703+0000] {processor.py:157} INFO - Started process (PID=3065) to work on /home/airflow/.local/lib/python3.7/site-packages/airflow/example_dags/example_nested_branch_dag.py
[2023-08-11T08:15:47.703+0000] {processor.py:826} INFO - Processing file /home/airflow/.local/lib/python3.7/site-packages/airflow/example_dags/example_nested_branch_dag.py for tasks to queue
[2023-08-11T08:15:47.704+0000] {logging_mixin.py:150} INFO - [2023-08-11T08:15:47.704+0000] {dagbag.py:541} INFO - Filling up the DagBag from /home/airflow/.local/lib/python3.7/site-packages/airflow/example_dags/example_nested_branch_dag.py
[2023-08-11T08:15:47.712+0000] {processor.py:836} INFO - DAG(s) dict_keys(['example_nested_branch_dag']) retrieved from /home/airflow/.local/lib/python3.7/site-packages/airflow/example_dags/example_nested_branch_dag.py
[2023-08-11T08:15:47.738+0000] {logging_mixin.py:150} INFO - [2023-08-11T08:15:47.738+0000] {dag.py:2742} INFO - Sync 1 DAGs
[2023-08-11T08:15:47.765+0000] {logging_mixin.py:150} INFO - [2023-08-11T08:15:47.765+0000] {dag.py:3508} INFO - Setting next_dagrun for example_nested_branch_dag to 2023-08-10T00:00:00+00:00, run_after=2023-08-11T00:00:00+00:00
[2023-08-11T08:15:47.788+0000] {processor.py:179} INFO - Processing /home/airflow/.local/lib/python3.7/site-packages/airflow/example_dags/example_nested_branch_dag.py took 0.088 seconds
[2023-08-11T08:16:18.470+0000] {processor.py:157} INFO - Started process (PID=3133) to work on /home/airflow/.local/lib/python3.7/site-packages/airflow/example_dags/example_nested_branch_dag.py
[2023-08-11T08:16:18.471+0000] {processor.py:826} INFO - Processing file /home/airflow/.local/lib/python3.7/site-packages/airflow/example_dags/example_nested_branch_dag.py for tasks to queue
[2023-08-11T08:16:18.472+0000] {logging_mixin.py:150} INFO - [2023-08-11T08:16:18.472+0000] {dagbag.py:541} INFO - Filling up the DagBag from /home/airflow/.local/lib/python3.7/site-packages/airflow/example_dags/example_nested_branch_dag.py
[2023-08-11T08:16:18.502+0000] {processor.py:836} INFO - DAG(s) dict_keys(['example_nested_branch_dag']) retrieved from /home/airflow/.local/lib/python3.7/site-packages/airflow/example_dags/example_nested_branch_dag.py
[2023-08-11T08:16:18.630+0000] {logging_mixin.py:150} INFO - [2023-08-11T08:16:18.629+0000] {dag.py:2742} INFO - Sync 1 DAGs
[2023-08-11T08:16:18.725+0000] {logging_mixin.py:150} INFO - [2023-08-11T08:16:18.724+0000] {dag.py:3508} INFO - Setting next_dagrun for example_nested_branch_dag to 2023-08-10T00:00:00+00:00, run_after=2023-08-11T00:00:00+00:00
[2023-08-11T08:16:18.784+0000] {processor.py:179} INFO - Processing /home/airflow/.local/lib/python3.7/site-packages/airflow/example_dags/example_nested_branch_dag.py took 0.342 seconds
[2023-08-11T08:16:49.698+0000] {processor.py:157} INFO - Started process (PID=3201) to work on /home/airflow/.local/lib/python3.7/site-packages/airflow/example_dags/example_nested_branch_dag.py
[2023-08-11T08:16:49.700+0000] {processor.py:826} INFO - Processing file /home/airflow/.local/lib/python3.7/site-packages/airflow/example_dags/example_nested_branch_dag.py for tasks to queue
[2023-08-11T08:16:49.701+0000] {logging_mixin.py:150} INFO - [2023-08-11T08:16:49.701+0000] {dagbag.py:541} INFO - Filling up the DagBag from /home/airflow/.local/lib/python3.7/site-packages/airflow/example_dags/example_nested_branch_dag.py
[2023-08-11T08:16:49.709+0000] {processor.py:836} INFO - DAG(s) dict_keys(['example_nested_branch_dag']) retrieved from /home/airflow/.local/lib/python3.7/site-packages/airflow/example_dags/example_nested_branch_dag.py
[2023-08-11T08:16:49.739+0000] {logging_mixin.py:150} INFO - [2023-08-11T08:16:49.738+0000] {dag.py:2742} INFO - Sync 1 DAGs
[2023-08-11T08:16:49.766+0000] {logging_mixin.py:150} INFO - [2023-08-11T08:16:49.766+0000] {dag.py:3508} INFO - Setting next_dagrun for example_nested_branch_dag to 2023-08-10T00:00:00+00:00, run_after=2023-08-11T00:00:00+00:00
[2023-08-11T08:16:49.790+0000] {processor.py:179} INFO - Processing /home/airflow/.local/lib/python3.7/site-packages/airflow/example_dags/example_nested_branch_dag.py took 0.095 seconds
[2023-08-11T08:17:20.159+0000] {processor.py:157} INFO - Started process (PID=3279) to work on /home/airflow/.local/lib/python3.7/site-packages/airflow/example_dags/example_nested_branch_dag.py
[2023-08-11T08:17:20.160+0000] {processor.py:826} INFO - Processing file /home/airflow/.local/lib/python3.7/site-packages/airflow/example_dags/example_nested_branch_dag.py for tasks to queue
[2023-08-11T08:17:20.161+0000] {logging_mixin.py:150} INFO - [2023-08-11T08:17:20.160+0000] {dagbag.py:541} INFO - Filling up the DagBag from /home/airflow/.local/lib/python3.7/site-packages/airflow/example_dags/example_nested_branch_dag.py
[2023-08-11T08:17:20.172+0000] {processor.py:836} INFO - DAG(s) dict_keys(['example_nested_branch_dag']) retrieved from /home/airflow/.local/lib/python3.7/site-packages/airflow/example_dags/example_nested_branch_dag.py
[2023-08-11T08:17:20.212+0000] {logging_mixin.py:150} INFO - [2023-08-11T08:17:20.212+0000] {dag.py:2742} INFO - Sync 1 DAGs
[2023-08-11T08:17:20.248+0000] {logging_mixin.py:150} INFO - [2023-08-11T08:17:20.247+0000] {dag.py:3508} INFO - Setting next_dagrun for example_nested_branch_dag to 2023-08-10T00:00:00+00:00, run_after=2023-08-11T00:00:00+00:00
[2023-08-11T08:17:20.291+0000] {processor.py:179} INFO - Processing /home/airflow/.local/lib/python3.7/site-packages/airflow/example_dags/example_nested_branch_dag.py took 0.135 seconds
[2023-08-11T08:17:50.705+0000] {processor.py:157} INFO - Started process (PID=3369) to work on /home/airflow/.local/lib/python3.7/site-packages/airflow/example_dags/example_nested_branch_dag.py
[2023-08-11T08:17:50.706+0000] {processor.py:826} INFO - Processing file /home/airflow/.local/lib/python3.7/site-packages/airflow/example_dags/example_nested_branch_dag.py for tasks to queue
[2023-08-11T08:17:50.707+0000] {logging_mixin.py:150} INFO - [2023-08-11T08:17:50.707+0000] {dagbag.py:541} INFO - Filling up the DagBag from /home/airflow/.local/lib/python3.7/site-packages/airflow/example_dags/example_nested_branch_dag.py
[2023-08-11T08:17:50.719+0000] {processor.py:836} INFO - DAG(s) dict_keys(['example_nested_branch_dag']) retrieved from /home/airflow/.local/lib/python3.7/site-packages/airflow/example_dags/example_nested_branch_dag.py
[2023-08-11T08:17:50.752+0000] {logging_mixin.py:150} INFO - [2023-08-11T08:17:50.752+0000] {dag.py:2742} INFO - Sync 1 DAGs
[2023-08-11T08:17:50.783+0000] {logging_mixin.py:150} INFO - [2023-08-11T08:17:50.782+0000] {dag.py:3508} INFO - Setting next_dagrun for example_nested_branch_dag to 2023-08-10T00:00:00+00:00, run_after=2023-08-11T00:00:00+00:00
[2023-08-11T08:17:50.812+0000] {processor.py:179} INFO - Processing /home/airflow/.local/lib/python3.7/site-packages/airflow/example_dags/example_nested_branch_dag.py took 0.112 seconds
[2023-08-11T08:18:21.250+0000] {processor.py:157} INFO - Started process (PID=3447) to work on /home/airflow/.local/lib/python3.7/site-packages/airflow/example_dags/example_nested_branch_dag.py
[2023-08-11T08:18:21.256+0000] {processor.py:826} INFO - Processing file /home/airflow/.local/lib/python3.7/site-packages/airflow/example_dags/example_nested_branch_dag.py for tasks to queue
[2023-08-11T08:18:21.259+0000] {logging_mixin.py:150} INFO - [2023-08-11T08:18:21.257+0000] {dagbag.py:541} INFO - Filling up the DagBag from /home/airflow/.local/lib/python3.7/site-packages/airflow/example_dags/example_nested_branch_dag.py
[2023-08-11T08:18:21.297+0000] {processor.py:836} INFO - DAG(s) dict_keys(['example_nested_branch_dag']) retrieved from /home/airflow/.local/lib/python3.7/site-packages/airflow/example_dags/example_nested_branch_dag.py
[2023-08-11T08:18:21.360+0000] {logging_mixin.py:150} INFO - [2023-08-11T08:18:21.360+0000] {dag.py:2742} INFO - Sync 1 DAGs
[2023-08-11T08:18:21.427+0000] {logging_mixin.py:150} INFO - [2023-08-11T08:18:21.426+0000] {dag.py:3508} INFO - Setting next_dagrun for example_nested_branch_dag to 2023-08-10T00:00:00+00:00, run_after=2023-08-11T00:00:00+00:00
[2023-08-11T08:18:21.517+0000] {processor.py:179} INFO - Processing /home/airflow/.local/lib/python3.7/site-packages/airflow/example_dags/example_nested_branch_dag.py took 0.278 seconds
[2023-08-11T08:18:52.742+0000] {processor.py:157} INFO - Started process (PID=3532) to work on /home/airflow/.local/lib/python3.7/site-packages/airflow/example_dags/example_nested_branch_dag.py
[2023-08-11T08:18:52.749+0000] {processor.py:826} INFO - Processing file /home/airflow/.local/lib/python3.7/site-packages/airflow/example_dags/example_nested_branch_dag.py for tasks to queue
[2023-08-11T08:18:52.755+0000] {logging_mixin.py:150} INFO - [2023-08-11T08:18:52.752+0000] {dagbag.py:541} INFO - Filling up the DagBag from /home/airflow/.local/lib/python3.7/site-packages/airflow/example_dags/example_nested_branch_dag.py
[2023-08-11T08:18:52.792+0000] {processor.py:836} INFO - DAG(s) dict_keys(['example_nested_branch_dag']) retrieved from /home/airflow/.local/lib/python3.7/site-packages/airflow/example_dags/example_nested_branch_dag.py
[2023-08-11T08:18:52.908+0000] {logging_mixin.py:150} INFO - [2023-08-11T08:18:52.906+0000] {dag.py:2742} INFO - Sync 1 DAGs
[2023-08-11T08:18:52.966+0000] {logging_mixin.py:150} INFO - [2023-08-11T08:18:52.966+0000] {dag.py:3508} INFO - Setting next_dagrun for example_nested_branch_dag to 2023-08-10T00:00:00+00:00, run_after=2023-08-11T00:00:00+00:00
[2023-08-11T08:18:53.024+0000] {processor.py:179} INFO - Processing /home/airflow/.local/lib/python3.7/site-packages/airflow/example_dags/example_nested_branch_dag.py took 0.300 seconds
[2023-08-11T08:19:23.110+0000] {processor.py:157} INFO - Started process (PID=3611) to work on /home/airflow/.local/lib/python3.7/site-packages/airflow/example_dags/example_nested_branch_dag.py
[2023-08-11T08:19:23.111+0000] {processor.py:826} INFO - Processing file /home/airflow/.local/lib/python3.7/site-packages/airflow/example_dags/example_nested_branch_dag.py for tasks to queue
[2023-08-11T08:19:23.112+0000] {logging_mixin.py:150} INFO - [2023-08-11T08:19:23.112+0000] {dagbag.py:541} INFO - Filling up the DagBag from /home/airflow/.local/lib/python3.7/site-packages/airflow/example_dags/example_nested_branch_dag.py
[2023-08-11T08:19:23.120+0000] {processor.py:836} INFO - DAG(s) dict_keys(['example_nested_branch_dag']) retrieved from /home/airflow/.local/lib/python3.7/site-packages/airflow/example_dags/example_nested_branch_dag.py
[2023-08-11T08:19:23.148+0000] {logging_mixin.py:150} INFO - [2023-08-11T08:19:23.148+0000] {dag.py:2742} INFO - Sync 1 DAGs
[2023-08-11T08:19:23.172+0000] {logging_mixin.py:150} INFO - [2023-08-11T08:19:23.171+0000] {dag.py:3508} INFO - Setting next_dagrun for example_nested_branch_dag to 2023-08-10T00:00:00+00:00, run_after=2023-08-11T00:00:00+00:00
[2023-08-11T08:19:23.190+0000] {processor.py:179} INFO - Processing /home/airflow/.local/lib/python3.7/site-packages/airflow/example_dags/example_nested_branch_dag.py took 0.085 seconds
[2023-08-11T08:19:53.289+0000] {processor.py:157} INFO - Started process (PID=3677) to work on /home/airflow/.local/lib/python3.7/site-packages/airflow/example_dags/example_nested_branch_dag.py
[2023-08-11T08:19:53.291+0000] {processor.py:826} INFO - Processing file /home/airflow/.local/lib/python3.7/site-packages/airflow/example_dags/example_nested_branch_dag.py for tasks to queue
[2023-08-11T08:19:53.292+0000] {logging_mixin.py:150} INFO - [2023-08-11T08:19:53.292+0000] {dagbag.py:541} INFO - Filling up the DagBag from /home/airflow/.local/lib/python3.7/site-packages/airflow/example_dags/example_nested_branch_dag.py
[2023-08-11T08:19:53.313+0000] {processor.py:836} INFO - DAG(s) dict_keys(['example_nested_branch_dag']) retrieved from /home/airflow/.local/lib/python3.7/site-packages/airflow/example_dags/example_nested_branch_dag.py
[2023-08-11T08:19:53.346+0000] {logging_mixin.py:150} INFO - [2023-08-11T08:19:53.346+0000] {dag.py:2742} INFO - Sync 1 DAGs
[2023-08-11T08:19:53.375+0000] {logging_mixin.py:150} INFO - [2023-08-11T08:19:53.374+0000] {dag.py:3508} INFO - Setting next_dagrun for example_nested_branch_dag to 2023-08-10T00:00:00+00:00, run_after=2023-08-11T00:00:00+00:00
[2023-08-11T08:19:53.413+0000] {processor.py:179} INFO - Processing /home/airflow/.local/lib/python3.7/site-packages/airflow/example_dags/example_nested_branch_dag.py took 0.132 seconds
[2023-08-11T08:20:23.896+0000] {processor.py:157} INFO - Started process (PID=3761) to work on /home/airflow/.local/lib/python3.7/site-packages/airflow/example_dags/example_nested_branch_dag.py
[2023-08-11T08:20:23.897+0000] {processor.py:826} INFO - Processing file /home/airflow/.local/lib/python3.7/site-packages/airflow/example_dags/example_nested_branch_dag.py for tasks to queue
[2023-08-11T08:20:23.898+0000] {logging_mixin.py:150} INFO - [2023-08-11T08:20:23.898+0000] {dagbag.py:541} INFO - Filling up the DagBag from /home/airflow/.local/lib/python3.7/site-packages/airflow/example_dags/example_nested_branch_dag.py
[2023-08-11T08:20:23.906+0000] {processor.py:836} INFO - DAG(s) dict_keys(['example_nested_branch_dag']) retrieved from /home/airflow/.local/lib/python3.7/site-packages/airflow/example_dags/example_nested_branch_dag.py
[2023-08-11T08:20:23.933+0000] {logging_mixin.py:150} INFO - [2023-08-11T08:20:23.933+0000] {dag.py:2742} INFO - Sync 1 DAGs
[2023-08-11T08:20:23.962+0000] {logging_mixin.py:150} INFO - [2023-08-11T08:20:23.962+0000] {dag.py:3508} INFO - Setting next_dagrun for example_nested_branch_dag to 2023-08-10T00:00:00+00:00, run_after=2023-08-11T00:00:00+00:00
[2023-08-11T08:20:23.983+0000] {processor.py:179} INFO - Processing /home/airflow/.local/lib/python3.7/site-packages/airflow/example_dags/example_nested_branch_dag.py took 0.092 seconds
[2023-08-11T08:20:54.335+0000] {processor.py:157} INFO - Started process (PID=3865) to work on /home/airflow/.local/lib/python3.7/site-packages/airflow/example_dags/example_nested_branch_dag.py
[2023-08-11T08:20:54.337+0000] {processor.py:826} INFO - Processing file /home/airflow/.local/lib/python3.7/site-packages/airflow/example_dags/example_nested_branch_dag.py for tasks to queue
[2023-08-11T08:20:54.338+0000] {logging_mixin.py:150} INFO - [2023-08-11T08:20:54.338+0000] {dagbag.py:541} INFO - Filling up the DagBag from /home/airflow/.local/lib/python3.7/site-packages/airflow/example_dags/example_nested_branch_dag.py
[2023-08-11T08:20:54.351+0000] {processor.py:836} INFO - DAG(s) dict_keys(['example_nested_branch_dag']) retrieved from /home/airflow/.local/lib/python3.7/site-packages/airflow/example_dags/example_nested_branch_dag.py
[2023-08-11T08:20:54.389+0000] {logging_mixin.py:150} INFO - [2023-08-11T08:20:54.388+0000] {dag.py:2742} INFO - Sync 1 DAGs
[2023-08-11T08:20:54.421+0000] {logging_mixin.py:150} INFO - [2023-08-11T08:20:54.421+0000] {dag.py:3508} INFO - Setting next_dagrun for example_nested_branch_dag to 2023-08-10T00:00:00+00:00, run_after=2023-08-11T00:00:00+00:00
[2023-08-11T08:20:54.446+0000] {processor.py:179} INFO - Processing /home/airflow/.local/lib/python3.7/site-packages/airflow/example_dags/example_nested_branch_dag.py took 0.114 seconds
[2023-08-11T08:21:24.744+0000] {processor.py:157} INFO - Started process (PID=3943) to work on /home/airflow/.local/lib/python3.7/site-packages/airflow/example_dags/example_nested_branch_dag.py
[2023-08-11T08:21:24.745+0000] {processor.py:826} INFO - Processing file /home/airflow/.local/lib/python3.7/site-packages/airflow/example_dags/example_nested_branch_dag.py for tasks to queue
[2023-08-11T08:21:24.746+0000] {logging_mixin.py:150} INFO - [2023-08-11T08:21:24.746+0000] {dagbag.py:541} INFO - Filling up the DagBag from /home/airflow/.local/lib/python3.7/site-packages/airflow/example_dags/example_nested_branch_dag.py
[2023-08-11T08:21:24.756+0000] {processor.py:836} INFO - DAG(s) dict_keys(['example_nested_branch_dag']) retrieved from /home/airflow/.local/lib/python3.7/site-packages/airflow/example_dags/example_nested_branch_dag.py
[2023-08-11T08:21:24.781+0000] {logging_mixin.py:150} INFO - [2023-08-11T08:21:24.781+0000] {dag.py:2742} INFO - Sync 1 DAGs
[2023-08-11T08:21:24.804+0000] {logging_mixin.py:150} INFO - [2023-08-11T08:21:24.804+0000] {dag.py:3508} INFO - Setting next_dagrun for example_nested_branch_dag to 2023-08-10T00:00:00+00:00, run_after=2023-08-11T00:00:00+00:00
[2023-08-11T08:21:24.824+0000] {processor.py:179} INFO - Processing /home/airflow/.local/lib/python3.7/site-packages/airflow/example_dags/example_nested_branch_dag.py took 0.083 seconds
[2023-08-11T08:21:55.316+0000] {processor.py:157} INFO - Started process (PID=4021) to work on /home/airflow/.local/lib/python3.7/site-packages/airflow/example_dags/example_nested_branch_dag.py
[2023-08-11T08:21:55.317+0000] {processor.py:826} INFO - Processing file /home/airflow/.local/lib/python3.7/site-packages/airflow/example_dags/example_nested_branch_dag.py for tasks to queue
[2023-08-11T08:21:55.318+0000] {logging_mixin.py:150} INFO - [2023-08-11T08:21:55.317+0000] {dagbag.py:541} INFO - Filling up the DagBag from /home/airflow/.local/lib/python3.7/site-packages/airflow/example_dags/example_nested_branch_dag.py
[2023-08-11T08:21:55.327+0000] {processor.py:836} INFO - DAG(s) dict_keys(['example_nested_branch_dag']) retrieved from /home/airflow/.local/lib/python3.7/site-packages/airflow/example_dags/example_nested_branch_dag.py
[2023-08-11T08:21:55.370+0000] {logging_mixin.py:150} INFO - [2023-08-11T08:21:55.369+0000] {dag.py:2742} INFO - Sync 1 DAGs
[2023-08-11T08:21:55.425+0000] {logging_mixin.py:150} INFO - [2023-08-11T08:21:55.425+0000] {dag.py:3508} INFO - Setting next_dagrun for example_nested_branch_dag to 2023-08-10T00:00:00+00:00, run_after=2023-08-11T00:00:00+00:00
[2023-08-11T08:21:55.460+0000] {processor.py:179} INFO - Processing /home/airflow/.local/lib/python3.7/site-packages/airflow/example_dags/example_nested_branch_dag.py took 0.148 seconds
[2023-08-11T08:22:26.372+0000] {processor.py:157} INFO - Started process (PID=4099) to work on /home/airflow/.local/lib/python3.7/site-packages/airflow/example_dags/example_nested_branch_dag.py
[2023-08-11T08:22:26.373+0000] {processor.py:826} INFO - Processing file /home/airflow/.local/lib/python3.7/site-packages/airflow/example_dags/example_nested_branch_dag.py for tasks to queue
[2023-08-11T08:22:26.374+0000] {logging_mixin.py:150} INFO - [2023-08-11T08:22:26.374+0000] {dagbag.py:541} INFO - Filling up the DagBag from /home/airflow/.local/lib/python3.7/site-packages/airflow/example_dags/example_nested_branch_dag.py
[2023-08-11T08:22:26.387+0000] {processor.py:836} INFO - DAG(s) dict_keys(['example_nested_branch_dag']) retrieved from /home/airflow/.local/lib/python3.7/site-packages/airflow/example_dags/example_nested_branch_dag.py
[2023-08-11T08:22:26.430+0000] {logging_mixin.py:150} INFO - [2023-08-11T08:22:26.429+0000] {dag.py:2742} INFO - Sync 1 DAGs
[2023-08-11T08:22:26.476+0000] {logging_mixin.py:150} INFO - [2023-08-11T08:22:26.475+0000] {dag.py:3508} INFO - Setting next_dagrun for example_nested_branch_dag to 2023-08-10T00:00:00+00:00, run_after=2023-08-11T00:00:00+00:00
[2023-08-11T08:22:26.515+0000] {processor.py:179} INFO - Processing /home/airflow/.local/lib/python3.7/site-packages/airflow/example_dags/example_nested_branch_dag.py took 0.145 seconds
