[2023-08-11T07:52:49.368+0000] {processor.py:157} INFO - Started process (PID=66) to work on /home/airflow/.local/lib/python3.7/site-packages/airflow/example_dags/example_local_kubernetes_executor.py
[2023-08-11T07:52:49.389+0000] {processor.py:826} INFO - Processing file /home/airflow/.local/lib/python3.7/site-packages/airflow/example_dags/example_local_kubernetes_executor.py for tasks to queue
[2023-08-11T07:52:49.392+0000] {logging_mixin.py:150} INFO - [2023-08-11T07:52:49.391+0000] {dagbag.py:541} INFO - Filling up the DagBag from /home/airflow/.local/lib/python3.7/site-packages/airflow/example_dags/example_local_kubernetes_executor.py
[2023-08-11T07:52:50.354+0000] {processor.py:836} INFO - DAG(s) dict_keys(['example_local_kubernetes_executor']) retrieved from /home/airflow/.local/lib/python3.7/site-packages/airflow/example_dags/example_local_kubernetes_executor.py
[2023-08-11T07:52:50.407+0000] {logging_mixin.py:150} INFO - [2023-08-11T07:52:50.406+0000] {dag.py:2742} INFO - Sync 1 DAGs
[2023-08-11T07:52:50.570+0000] {logging_mixin.py:150} INFO - [2023-08-11T07:52:50.569+0000] {dag.py:3508} INFO - Setting next_dagrun for example_local_kubernetes_executor to None, run_after=None
[2023-08-11T07:52:50.658+0000] {processor.py:179} INFO - Processing /home/airflow/.local/lib/python3.7/site-packages/airflow/example_dags/example_local_kubernetes_executor.py took 1.310 seconds
[2023-08-11T07:53:21.005+0000] {processor.py:157} INFO - Started process (PID=131) to work on /home/airflow/.local/lib/python3.7/site-packages/airflow/example_dags/example_local_kubernetes_executor.py
[2023-08-11T07:53:21.032+0000] {processor.py:826} INFO - Processing file /home/airflow/.local/lib/python3.7/site-packages/airflow/example_dags/example_local_kubernetes_executor.py for tasks to queue
[2023-08-11T07:53:21.033+0000] {logging_mixin.py:150} INFO - [2023-08-11T07:53:21.033+0000] {dagbag.py:541} INFO - Filling up the DagBag from /home/airflow/.local/lib/python3.7/site-packages/airflow/example_dags/example_local_kubernetes_executor.py
[2023-08-11T07:53:21.191+0000] {processor.py:836} INFO - DAG(s) dict_keys(['example_local_kubernetes_executor']) retrieved from /home/airflow/.local/lib/python3.7/site-packages/airflow/example_dags/example_local_kubernetes_executor.py
[2023-08-11T07:53:21.222+0000] {logging_mixin.py:150} INFO - [2023-08-11T07:53:21.222+0000] {dag.py:2742} INFO - Sync 1 DAGs
[2023-08-11T07:53:21.245+0000] {logging_mixin.py:150} INFO - [2023-08-11T07:53:21.245+0000] {dag.py:3508} INFO - Setting next_dagrun for example_local_kubernetes_executor to None, run_after=None
[2023-08-11T07:53:21.266+0000] {processor.py:179} INFO - Processing /home/airflow/.local/lib/python3.7/site-packages/airflow/example_dags/example_local_kubernetes_executor.py took 0.264 seconds
[2023-08-11T07:53:51.841+0000] {processor.py:157} INFO - Started process (PID=196) to work on /home/airflow/.local/lib/python3.7/site-packages/airflow/example_dags/example_local_kubernetes_executor.py
[2023-08-11T07:53:51.843+0000] {processor.py:826} INFO - Processing file /home/airflow/.local/lib/python3.7/site-packages/airflow/example_dags/example_local_kubernetes_executor.py for tasks to queue
[2023-08-11T07:53:51.844+0000] {logging_mixin.py:150} INFO - [2023-08-11T07:53:51.843+0000] {dagbag.py:541} INFO - Filling up the DagBag from /home/airflow/.local/lib/python3.7/site-packages/airflow/example_dags/example_local_kubernetes_executor.py
[2023-08-11T07:53:52.006+0000] {processor.py:836} INFO - DAG(s) dict_keys(['example_local_kubernetes_executor']) retrieved from /home/airflow/.local/lib/python3.7/site-packages/airflow/example_dags/example_local_kubernetes_executor.py
[2023-08-11T07:53:52.040+0000] {logging_mixin.py:150} INFO - [2023-08-11T07:53:52.040+0000] {dag.py:2742} INFO - Sync 1 DAGs
[2023-08-11T07:53:52.065+0000] {logging_mixin.py:150} INFO - [2023-08-11T07:53:52.065+0000] {dag.py:3508} INFO - Setting next_dagrun for example_local_kubernetes_executor to None, run_after=None
[2023-08-11T07:53:52.090+0000] {processor.py:179} INFO - Processing /home/airflow/.local/lib/python3.7/site-packages/airflow/example_dags/example_local_kubernetes_executor.py took 0.252 seconds
[2023-08-11T07:54:22.547+0000] {processor.py:157} INFO - Started process (PID=261) to work on /home/airflow/.local/lib/python3.7/site-packages/airflow/example_dags/example_local_kubernetes_executor.py
[2023-08-11T07:54:22.549+0000] {processor.py:826} INFO - Processing file /home/airflow/.local/lib/python3.7/site-packages/airflow/example_dags/example_local_kubernetes_executor.py for tasks to queue
[2023-08-11T07:54:22.549+0000] {logging_mixin.py:150} INFO - [2023-08-11T07:54:22.549+0000] {dagbag.py:541} INFO - Filling up the DagBag from /home/airflow/.local/lib/python3.7/site-packages/airflow/example_dags/example_local_kubernetes_executor.py
[2023-08-11T07:54:22.744+0000] {processor.py:836} INFO - DAG(s) dict_keys(['example_local_kubernetes_executor']) retrieved from /home/airflow/.local/lib/python3.7/site-packages/airflow/example_dags/example_local_kubernetes_executor.py
[2023-08-11T07:54:22.789+0000] {logging_mixin.py:150} INFO - [2023-08-11T07:54:22.789+0000] {dag.py:2742} INFO - Sync 1 DAGs
[2023-08-11T07:54:22.814+0000] {logging_mixin.py:150} INFO - [2023-08-11T07:54:22.814+0000] {dag.py:3508} INFO - Setting next_dagrun for example_local_kubernetes_executor to None, run_after=None
[2023-08-11T07:54:22.842+0000] {processor.py:179} INFO - Processing /home/airflow/.local/lib/python3.7/site-packages/airflow/example_dags/example_local_kubernetes_executor.py took 0.298 seconds
[2023-08-11T07:54:52.915+0000] {processor.py:157} INFO - Started process (PID=326) to work on /home/airflow/.local/lib/python3.7/site-packages/airflow/example_dags/example_local_kubernetes_executor.py
[2023-08-11T07:54:52.916+0000] {processor.py:826} INFO - Processing file /home/airflow/.local/lib/python3.7/site-packages/airflow/example_dags/example_local_kubernetes_executor.py for tasks to queue
[2023-08-11T07:54:52.917+0000] {logging_mixin.py:150} INFO - [2023-08-11T07:54:52.917+0000] {dagbag.py:541} INFO - Filling up the DagBag from /home/airflow/.local/lib/python3.7/site-packages/airflow/example_dags/example_local_kubernetes_executor.py
[2023-08-11T07:54:53.098+0000] {processor.py:836} INFO - DAG(s) dict_keys(['example_local_kubernetes_executor']) retrieved from /home/airflow/.local/lib/python3.7/site-packages/airflow/example_dags/example_local_kubernetes_executor.py
[2023-08-11T07:54:53.133+0000] {logging_mixin.py:150} INFO - [2023-08-11T07:54:53.133+0000] {dag.py:2742} INFO - Sync 1 DAGs
[2023-08-11T07:54:53.159+0000] {logging_mixin.py:150} INFO - [2023-08-11T07:54:53.159+0000] {dag.py:3508} INFO - Setting next_dagrun for example_local_kubernetes_executor to None, run_after=None
[2023-08-11T07:54:53.346+0000] {processor.py:179} INFO - Processing /home/airflow/.local/lib/python3.7/site-packages/airflow/example_dags/example_local_kubernetes_executor.py took 0.433 seconds
[2023-08-11T07:55:23.429+0000] {processor.py:157} INFO - Started process (PID=392) to work on /home/airflow/.local/lib/python3.7/site-packages/airflow/example_dags/example_local_kubernetes_executor.py
[2023-08-11T07:55:23.430+0000] {processor.py:826} INFO - Processing file /home/airflow/.local/lib/python3.7/site-packages/airflow/example_dags/example_local_kubernetes_executor.py for tasks to queue
[2023-08-11T07:55:23.431+0000] {logging_mixin.py:150} INFO - [2023-08-11T07:55:23.431+0000] {dagbag.py:541} INFO - Filling up the DagBag from /home/airflow/.local/lib/python3.7/site-packages/airflow/example_dags/example_local_kubernetes_executor.py
[2023-08-11T07:55:23.584+0000] {processor.py:836} INFO - DAG(s) dict_keys(['example_local_kubernetes_executor']) retrieved from /home/airflow/.local/lib/python3.7/site-packages/airflow/example_dags/example_local_kubernetes_executor.py
[2023-08-11T07:55:23.616+0000] {logging_mixin.py:150} INFO - [2023-08-11T07:55:23.615+0000] {dag.py:2742} INFO - Sync 1 DAGs
[2023-08-11T07:55:23.636+0000] {logging_mixin.py:150} INFO - [2023-08-11T07:55:23.635+0000] {dag.py:3508} INFO - Setting next_dagrun for example_local_kubernetes_executor to None, run_after=None
[2023-08-11T07:55:23.659+0000] {processor.py:179} INFO - Processing /home/airflow/.local/lib/python3.7/site-packages/airflow/example_dags/example_local_kubernetes_executor.py took 0.233 seconds
[2023-08-11T07:55:54.233+0000] {processor.py:157} INFO - Started process (PID=457) to work on /home/airflow/.local/lib/python3.7/site-packages/airflow/example_dags/example_local_kubernetes_executor.py
[2023-08-11T07:55:54.233+0000] {processor.py:826} INFO - Processing file /home/airflow/.local/lib/python3.7/site-packages/airflow/example_dags/example_local_kubernetes_executor.py for tasks to queue
[2023-08-11T07:55:54.234+0000] {logging_mixin.py:150} INFO - [2023-08-11T07:55:54.234+0000] {dagbag.py:541} INFO - Filling up the DagBag from /home/airflow/.local/lib/python3.7/site-packages/airflow/example_dags/example_local_kubernetes_executor.py
[2023-08-11T07:55:54.397+0000] {processor.py:836} INFO - DAG(s) dict_keys(['example_local_kubernetes_executor']) retrieved from /home/airflow/.local/lib/python3.7/site-packages/airflow/example_dags/example_local_kubernetes_executor.py
[2023-08-11T07:55:54.432+0000] {logging_mixin.py:150} INFO - [2023-08-11T07:55:54.431+0000] {dag.py:2742} INFO - Sync 1 DAGs
[2023-08-11T07:55:54.458+0000] {logging_mixin.py:150} INFO - [2023-08-11T07:55:54.457+0000] {dag.py:3508} INFO - Setting next_dagrun for example_local_kubernetes_executor to None, run_after=None
[2023-08-11T07:55:54.481+0000] {processor.py:179} INFO - Processing /home/airflow/.local/lib/python3.7/site-packages/airflow/example_dags/example_local_kubernetes_executor.py took 0.252 seconds
[2023-08-11T07:56:24.705+0000] {processor.py:157} INFO - Started process (PID=522) to work on /home/airflow/.local/lib/python3.7/site-packages/airflow/example_dags/example_local_kubernetes_executor.py
[2023-08-11T07:56:24.706+0000] {processor.py:826} INFO - Processing file /home/airflow/.local/lib/python3.7/site-packages/airflow/example_dags/example_local_kubernetes_executor.py for tasks to queue
[2023-08-11T07:56:24.709+0000] {logging_mixin.py:150} INFO - [2023-08-11T07:56:24.708+0000] {dagbag.py:541} INFO - Filling up the DagBag from /home/airflow/.local/lib/python3.7/site-packages/airflow/example_dags/example_local_kubernetes_executor.py
[2023-08-11T07:56:24.913+0000] {processor.py:836} INFO - DAG(s) dict_keys(['example_local_kubernetes_executor']) retrieved from /home/airflow/.local/lib/python3.7/site-packages/airflow/example_dags/example_local_kubernetes_executor.py
[2023-08-11T07:56:24.954+0000] {logging_mixin.py:150} INFO - [2023-08-11T07:56:24.954+0000] {dag.py:2742} INFO - Sync 1 DAGs
[2023-08-11T07:56:24.984+0000] {logging_mixin.py:150} INFO - [2023-08-11T07:56:24.984+0000] {dag.py:3508} INFO - Setting next_dagrun for example_local_kubernetes_executor to None, run_after=None
[2023-08-11T07:56:25.010+0000] {processor.py:179} INFO - Processing /home/airflow/.local/lib/python3.7/site-packages/airflow/example_dags/example_local_kubernetes_executor.py took 0.310 seconds
[2023-08-11T07:56:55.250+0000] {processor.py:157} INFO - Started process (PID=587) to work on /home/airflow/.local/lib/python3.7/site-packages/airflow/example_dags/example_local_kubernetes_executor.py
[2023-08-11T07:56:55.253+0000] {processor.py:826} INFO - Processing file /home/airflow/.local/lib/python3.7/site-packages/airflow/example_dags/example_local_kubernetes_executor.py for tasks to queue
[2023-08-11T07:56:55.263+0000] {logging_mixin.py:150} INFO - [2023-08-11T07:56:55.255+0000] {dagbag.py:541} INFO - Filling up the DagBag from /home/airflow/.local/lib/python3.7/site-packages/airflow/example_dags/example_local_kubernetes_executor.py
[2023-08-11T07:56:55.747+0000] {processor.py:836} INFO - DAG(s) dict_keys(['example_local_kubernetes_executor']) retrieved from /home/airflow/.local/lib/python3.7/site-packages/airflow/example_dags/example_local_kubernetes_executor.py
[2023-08-11T07:56:55.794+0000] {logging_mixin.py:150} INFO - [2023-08-11T07:56:55.794+0000] {dag.py:2742} INFO - Sync 1 DAGs
[2023-08-11T07:56:55.822+0000] {logging_mixin.py:150} INFO - [2023-08-11T07:56:55.822+0000] {dag.py:3508} INFO - Setting next_dagrun for example_local_kubernetes_executor to None, run_after=None
[2023-08-11T07:56:55.849+0000] {processor.py:179} INFO - Processing /home/airflow/.local/lib/python3.7/site-packages/airflow/example_dags/example_local_kubernetes_executor.py took 0.614 seconds
[2023-08-11T07:57:26.439+0000] {processor.py:157} INFO - Started process (PID=652) to work on /home/airflow/.local/lib/python3.7/site-packages/airflow/example_dags/example_local_kubernetes_executor.py
[2023-08-11T07:57:26.440+0000] {processor.py:826} INFO - Processing file /home/airflow/.local/lib/python3.7/site-packages/airflow/example_dags/example_local_kubernetes_executor.py for tasks to queue
[2023-08-11T07:57:26.441+0000] {logging_mixin.py:150} INFO - [2023-08-11T07:57:26.440+0000] {dagbag.py:541} INFO - Filling up the DagBag from /home/airflow/.local/lib/python3.7/site-packages/airflow/example_dags/example_local_kubernetes_executor.py
[2023-08-11T07:57:26.750+0000] {processor.py:836} INFO - DAG(s) dict_keys(['example_local_kubernetes_executor']) retrieved from /home/airflow/.local/lib/python3.7/site-packages/airflow/example_dags/example_local_kubernetes_executor.py
[2023-08-11T07:57:26.795+0000] {logging_mixin.py:150} INFO - [2023-08-11T07:57:26.794+0000] {dag.py:2742} INFO - Sync 1 DAGs
[2023-08-11T07:57:26.831+0000] {logging_mixin.py:150} INFO - [2023-08-11T07:57:26.831+0000] {dag.py:3508} INFO - Setting next_dagrun for example_local_kubernetes_executor to None, run_after=None
[2023-08-11T07:57:26.862+0000] {processor.py:179} INFO - Processing /home/airflow/.local/lib/python3.7/site-packages/airflow/example_dags/example_local_kubernetes_executor.py took 0.427 seconds
[2023-08-11T07:57:57.427+0000] {processor.py:157} INFO - Started process (PID=718) to work on /home/airflow/.local/lib/python3.7/site-packages/airflow/example_dags/example_local_kubernetes_executor.py
[2023-08-11T07:57:57.434+0000] {processor.py:826} INFO - Processing file /home/airflow/.local/lib/python3.7/site-packages/airflow/example_dags/example_local_kubernetes_executor.py for tasks to queue
[2023-08-11T07:57:57.435+0000] {logging_mixin.py:150} INFO - [2023-08-11T07:57:57.435+0000] {dagbag.py:541} INFO - Filling up the DagBag from /home/airflow/.local/lib/python3.7/site-packages/airflow/example_dags/example_local_kubernetes_executor.py
[2023-08-11T07:57:57.706+0000] {processor.py:836} INFO - DAG(s) dict_keys(['example_local_kubernetes_executor']) retrieved from /home/airflow/.local/lib/python3.7/site-packages/airflow/example_dags/example_local_kubernetes_executor.py
[2023-08-11T07:57:57.756+0000] {logging_mixin.py:150} INFO - [2023-08-11T07:57:57.755+0000] {dag.py:2742} INFO - Sync 1 DAGs
[2023-08-11T07:57:57.787+0000] {logging_mixin.py:150} INFO - [2023-08-11T07:57:57.786+0000] {dag.py:3508} INFO - Setting next_dagrun for example_local_kubernetes_executor to None, run_after=None
[2023-08-11T07:57:57.839+0000] {processor.py:179} INFO - Processing /home/airflow/.local/lib/python3.7/site-packages/airflow/example_dags/example_local_kubernetes_executor.py took 0.416 seconds
[2023-08-11T07:58:28.617+0000] {processor.py:157} INFO - Started process (PID=784) to work on /home/airflow/.local/lib/python3.7/site-packages/airflow/example_dags/example_local_kubernetes_executor.py
[2023-08-11T07:58:28.618+0000] {processor.py:826} INFO - Processing file /home/airflow/.local/lib/python3.7/site-packages/airflow/example_dags/example_local_kubernetes_executor.py for tasks to queue
[2023-08-11T07:58:28.619+0000] {logging_mixin.py:150} INFO - [2023-08-11T07:58:28.619+0000] {dagbag.py:541} INFO - Filling up the DagBag from /home/airflow/.local/lib/python3.7/site-packages/airflow/example_dags/example_local_kubernetes_executor.py
[2023-08-11T07:58:28.770+0000] {processor.py:836} INFO - DAG(s) dict_keys(['example_local_kubernetes_executor']) retrieved from /home/airflow/.local/lib/python3.7/site-packages/airflow/example_dags/example_local_kubernetes_executor.py
[2023-08-11T07:58:28.802+0000] {logging_mixin.py:150} INFO - [2023-08-11T07:58:28.802+0000] {dag.py:2742} INFO - Sync 1 DAGs
[2023-08-11T07:58:28.822+0000] {logging_mixin.py:150} INFO - [2023-08-11T07:58:28.822+0000] {dag.py:3508} INFO - Setting next_dagrun for example_local_kubernetes_executor to None, run_after=None
[2023-08-11T07:58:28.841+0000] {processor.py:179} INFO - Processing /home/airflow/.local/lib/python3.7/site-packages/airflow/example_dags/example_local_kubernetes_executor.py took 0.227 seconds
[2023-08-11T07:58:58.865+0000] {processor.py:157} INFO - Started process (PID=851) to work on /home/airflow/.local/lib/python3.7/site-packages/airflow/example_dags/example_local_kubernetes_executor.py
[2023-08-11T07:58:58.867+0000] {processor.py:826} INFO - Processing file /home/airflow/.local/lib/python3.7/site-packages/airflow/example_dags/example_local_kubernetes_executor.py for tasks to queue
[2023-08-11T07:58:58.868+0000] {logging_mixin.py:150} INFO - [2023-08-11T07:58:58.868+0000] {dagbag.py:541} INFO - Filling up the DagBag from /home/airflow/.local/lib/python3.7/site-packages/airflow/example_dags/example_local_kubernetes_executor.py
[2023-08-11T07:58:59.030+0000] {processor.py:836} INFO - DAG(s) dict_keys(['example_local_kubernetes_executor']) retrieved from /home/airflow/.local/lib/python3.7/site-packages/airflow/example_dags/example_local_kubernetes_executor.py
[2023-08-11T07:58:59.061+0000] {logging_mixin.py:150} INFO - [2023-08-11T07:58:59.061+0000] {dag.py:2742} INFO - Sync 1 DAGs
[2023-08-11T07:58:59.087+0000] {logging_mixin.py:150} INFO - [2023-08-11T07:58:59.086+0000] {dag.py:3508} INFO - Setting next_dagrun for example_local_kubernetes_executor to None, run_after=None
[2023-08-11T07:58:59.113+0000] {processor.py:179} INFO - Processing /home/airflow/.local/lib/python3.7/site-packages/airflow/example_dags/example_local_kubernetes_executor.py took 0.251 seconds
[2023-08-11T07:59:29.978+0000] {processor.py:157} INFO - Started process (PID=917) to work on /home/airflow/.local/lib/python3.7/site-packages/airflow/example_dags/example_local_kubernetes_executor.py
[2023-08-11T07:59:29.979+0000] {processor.py:826} INFO - Processing file /home/airflow/.local/lib/python3.7/site-packages/airflow/example_dags/example_local_kubernetes_executor.py for tasks to queue
[2023-08-11T07:59:29.979+0000] {logging_mixin.py:150} INFO - [2023-08-11T07:59:29.979+0000] {dagbag.py:541} INFO - Filling up the DagBag from /home/airflow/.local/lib/python3.7/site-packages/airflow/example_dags/example_local_kubernetes_executor.py
[2023-08-11T07:59:30.151+0000] {processor.py:836} INFO - DAG(s) dict_keys(['example_local_kubernetes_executor']) retrieved from /home/airflow/.local/lib/python3.7/site-packages/airflow/example_dags/example_local_kubernetes_executor.py
[2023-08-11T07:59:30.167+0000] {logging_mixin.py:150} INFO - [2023-08-11T07:59:30.166+0000] {dag.py:2742} INFO - Sync 1 DAGs
[2023-08-11T07:59:30.190+0000] {logging_mixin.py:150} INFO - [2023-08-11T07:59:30.190+0000] {dag.py:3508} INFO - Setting next_dagrun for example_local_kubernetes_executor to None, run_after=None
[2023-08-11T07:59:30.212+0000] {processor.py:179} INFO - Processing /home/airflow/.local/lib/python3.7/site-packages/airflow/example_dags/example_local_kubernetes_executor.py took 0.237 seconds
[2023-08-11T08:00:00.922+0000] {processor.py:157} INFO - Started process (PID=993) to work on /home/airflow/.local/lib/python3.7/site-packages/airflow/example_dags/example_local_kubernetes_executor.py
[2023-08-11T08:00:00.923+0000] {processor.py:826} INFO - Processing file /home/airflow/.local/lib/python3.7/site-packages/airflow/example_dags/example_local_kubernetes_executor.py for tasks to queue
[2023-08-11T08:00:00.924+0000] {logging_mixin.py:150} INFO - [2023-08-11T08:00:00.924+0000] {dagbag.py:541} INFO - Filling up the DagBag from /home/airflow/.local/lib/python3.7/site-packages/airflow/example_dags/example_local_kubernetes_executor.py
[2023-08-11T08:00:01.128+0000] {processor.py:836} INFO - DAG(s) dict_keys(['example_local_kubernetes_executor']) retrieved from /home/airflow/.local/lib/python3.7/site-packages/airflow/example_dags/example_local_kubernetes_executor.py
[2023-08-11T08:00:01.166+0000] {logging_mixin.py:150} INFO - [2023-08-11T08:00:01.166+0000] {dag.py:2742} INFO - Sync 1 DAGs
[2023-08-11T08:00:01.202+0000] {logging_mixin.py:150} INFO - [2023-08-11T08:00:01.201+0000] {dag.py:3508} INFO - Setting next_dagrun for example_local_kubernetes_executor to None, run_after=None
[2023-08-11T08:00:01.228+0000] {processor.py:179} INFO - Processing /home/airflow/.local/lib/python3.7/site-packages/airflow/example_dags/example_local_kubernetes_executor.py took 0.310 seconds
[2023-08-11T08:00:31.591+0000] {processor.py:157} INFO - Started process (PID=1064) to work on /home/airflow/.local/lib/python3.7/site-packages/airflow/example_dags/example_local_kubernetes_executor.py
[2023-08-11T08:00:31.593+0000] {processor.py:826} INFO - Processing file /home/airflow/.local/lib/python3.7/site-packages/airflow/example_dags/example_local_kubernetes_executor.py for tasks to queue
[2023-08-11T08:00:31.595+0000] {logging_mixin.py:150} INFO - [2023-08-11T08:00:31.594+0000] {dagbag.py:541} INFO - Filling up the DagBag from /home/airflow/.local/lib/python3.7/site-packages/airflow/example_dags/example_local_kubernetes_executor.py
[2023-08-11T08:00:31.957+0000] {processor.py:836} INFO - DAG(s) dict_keys(['example_local_kubernetes_executor']) retrieved from /home/airflow/.local/lib/python3.7/site-packages/airflow/example_dags/example_local_kubernetes_executor.py
[2023-08-11T08:00:32.047+0000] {logging_mixin.py:150} INFO - [2023-08-11T08:00:32.046+0000] {dag.py:2742} INFO - Sync 1 DAGs
[2023-08-11T08:00:32.137+0000] {logging_mixin.py:150} INFO - [2023-08-11T08:00:32.136+0000] {dag.py:3508} INFO - Setting next_dagrun for example_local_kubernetes_executor to None, run_after=None
[2023-08-11T08:00:32.191+0000] {processor.py:179} INFO - Processing /home/airflow/.local/lib/python3.7/site-packages/airflow/example_dags/example_local_kubernetes_executor.py took 0.606 seconds
[2023-08-11T08:01:02.508+0000] {processor.py:157} INFO - Started process (PID=1130) to work on /home/airflow/.local/lib/python3.7/site-packages/airflow/example_dags/example_local_kubernetes_executor.py
[2023-08-11T08:01:02.509+0000] {processor.py:826} INFO - Processing file /home/airflow/.local/lib/python3.7/site-packages/airflow/example_dags/example_local_kubernetes_executor.py for tasks to queue
[2023-08-11T08:01:02.510+0000] {logging_mixin.py:150} INFO - [2023-08-11T08:01:02.509+0000] {dagbag.py:541} INFO - Filling up the DagBag from /home/airflow/.local/lib/python3.7/site-packages/airflow/example_dags/example_local_kubernetes_executor.py
[2023-08-11T08:01:02.797+0000] {processor.py:836} INFO - DAG(s) dict_keys(['example_local_kubernetes_executor']) retrieved from /home/airflow/.local/lib/python3.7/site-packages/airflow/example_dags/example_local_kubernetes_executor.py
[2023-08-11T08:01:02.861+0000] {logging_mixin.py:150} INFO - [2023-08-11T08:01:02.861+0000] {dag.py:2742} INFO - Sync 1 DAGs
[2023-08-11T08:01:02.905+0000] {logging_mixin.py:150} INFO - [2023-08-11T08:01:02.905+0000] {dag.py:3508} INFO - Setting next_dagrun for example_local_kubernetes_executor to None, run_after=None
[2023-08-11T08:01:02.946+0000] {processor.py:179} INFO - Processing /home/airflow/.local/lib/python3.7/site-packages/airflow/example_dags/example_local_kubernetes_executor.py took 0.444 seconds
[2023-08-11T08:01:33.031+0000] {processor.py:157} INFO - Started process (PID=1200) to work on /home/airflow/.local/lib/python3.7/site-packages/airflow/example_dags/example_local_kubernetes_executor.py
[2023-08-11T08:01:33.033+0000] {processor.py:826} INFO - Processing file /home/airflow/.local/lib/python3.7/site-packages/airflow/example_dags/example_local_kubernetes_executor.py for tasks to queue
[2023-08-11T08:01:33.033+0000] {logging_mixin.py:150} INFO - [2023-08-11T08:01:33.033+0000] {dagbag.py:541} INFO - Filling up the DagBag from /home/airflow/.local/lib/python3.7/site-packages/airflow/example_dags/example_local_kubernetes_executor.py
[2023-08-11T08:01:33.264+0000] {processor.py:836} INFO - DAG(s) dict_keys(['example_local_kubernetes_executor']) retrieved from /home/airflow/.local/lib/python3.7/site-packages/airflow/example_dags/example_local_kubernetes_executor.py
[2023-08-11T08:01:33.316+0000] {logging_mixin.py:150} INFO - [2023-08-11T08:01:33.316+0000] {dag.py:2742} INFO - Sync 1 DAGs
[2023-08-11T08:01:33.346+0000] {logging_mixin.py:150} INFO - [2023-08-11T08:01:33.346+0000] {dag.py:3508} INFO - Setting next_dagrun for example_local_kubernetes_executor to None, run_after=None
[2023-08-11T08:01:33.374+0000] {processor.py:179} INFO - Processing /home/airflow/.local/lib/python3.7/site-packages/airflow/example_dags/example_local_kubernetes_executor.py took 0.346 seconds
[2023-08-11T08:02:04.181+0000] {processor.py:157} INFO - Started process (PID=1271) to work on /home/airflow/.local/lib/python3.7/site-packages/airflow/example_dags/example_local_kubernetes_executor.py
[2023-08-11T08:02:04.182+0000] {processor.py:826} INFO - Processing file /home/airflow/.local/lib/python3.7/site-packages/airflow/example_dags/example_local_kubernetes_executor.py for tasks to queue
[2023-08-11T08:02:04.183+0000] {logging_mixin.py:150} INFO - [2023-08-11T08:02:04.183+0000] {dagbag.py:541} INFO - Filling up the DagBag from /home/airflow/.local/lib/python3.7/site-packages/airflow/example_dags/example_local_kubernetes_executor.py
[2023-08-11T08:02:04.399+0000] {processor.py:836} INFO - DAG(s) dict_keys(['example_local_kubernetes_executor']) retrieved from /home/airflow/.local/lib/python3.7/site-packages/airflow/example_dags/example_local_kubernetes_executor.py
[2023-08-11T08:02:04.454+0000] {logging_mixin.py:150} INFO - [2023-08-11T08:02:04.454+0000] {dag.py:2742} INFO - Sync 1 DAGs
[2023-08-11T08:02:04.494+0000] {logging_mixin.py:150} INFO - [2023-08-11T08:02:04.494+0000] {dag.py:3508} INFO - Setting next_dagrun for example_local_kubernetes_executor to None, run_after=None
[2023-08-11T08:02:04.531+0000] {processor.py:179} INFO - Processing /home/airflow/.local/lib/python3.7/site-packages/airflow/example_dags/example_local_kubernetes_executor.py took 0.353 seconds
[2023-08-11T08:02:35.297+0000] {processor.py:157} INFO - Started process (PID=1337) to work on /home/airflow/.local/lib/python3.7/site-packages/airflow/example_dags/example_local_kubernetes_executor.py
[2023-08-11T08:02:35.299+0000] {processor.py:826} INFO - Processing file /home/airflow/.local/lib/python3.7/site-packages/airflow/example_dags/example_local_kubernetes_executor.py for tasks to queue
[2023-08-11T08:02:35.300+0000] {logging_mixin.py:150} INFO - [2023-08-11T08:02:35.299+0000] {dagbag.py:541} INFO - Filling up the DagBag from /home/airflow/.local/lib/python3.7/site-packages/airflow/example_dags/example_local_kubernetes_executor.py
[2023-08-11T08:02:35.518+0000] {processor.py:836} INFO - DAG(s) dict_keys(['example_local_kubernetes_executor']) retrieved from /home/airflow/.local/lib/python3.7/site-packages/airflow/example_dags/example_local_kubernetes_executor.py
[2023-08-11T08:02:35.552+0000] {logging_mixin.py:150} INFO - [2023-08-11T08:02:35.552+0000] {dag.py:2742} INFO - Sync 1 DAGs
[2023-08-11T08:02:35.577+0000] {logging_mixin.py:150} INFO - [2023-08-11T08:02:35.577+0000] {dag.py:3508} INFO - Setting next_dagrun for example_local_kubernetes_executor to None, run_after=None
[2023-08-11T08:02:35.601+0000] {processor.py:179} INFO - Processing /home/airflow/.local/lib/python3.7/site-packages/airflow/example_dags/example_local_kubernetes_executor.py took 0.307 seconds
[2023-08-11T08:03:05.986+0000] {processor.py:157} INFO - Started process (PID=1403) to work on /home/airflow/.local/lib/python3.7/site-packages/airflow/example_dags/example_local_kubernetes_executor.py
[2023-08-11T08:03:05.987+0000] {processor.py:826} INFO - Processing file /home/airflow/.local/lib/python3.7/site-packages/airflow/example_dags/example_local_kubernetes_executor.py for tasks to queue
[2023-08-11T08:03:05.988+0000] {logging_mixin.py:150} INFO - [2023-08-11T08:03:05.988+0000] {dagbag.py:541} INFO - Filling up the DagBag from /home/airflow/.local/lib/python3.7/site-packages/airflow/example_dags/example_local_kubernetes_executor.py
[2023-08-11T08:03:06.150+0000] {processor.py:836} INFO - DAG(s) dict_keys(['example_local_kubernetes_executor']) retrieved from /home/airflow/.local/lib/python3.7/site-packages/airflow/example_dags/example_local_kubernetes_executor.py
[2023-08-11T08:03:06.184+0000] {logging_mixin.py:150} INFO - [2023-08-11T08:03:06.183+0000] {dag.py:2742} INFO - Sync 1 DAGs
[2023-08-11T08:03:06.205+0000] {logging_mixin.py:150} INFO - [2023-08-11T08:03:06.205+0000] {dag.py:3508} INFO - Setting next_dagrun for example_local_kubernetes_executor to None, run_after=None
[2023-08-11T08:03:06.229+0000] {processor.py:179} INFO - Processing /home/airflow/.local/lib/python3.7/site-packages/airflow/example_dags/example_local_kubernetes_executor.py took 0.246 seconds
[2023-08-11T08:03:36.270+0000] {processor.py:157} INFO - Started process (PID=1470) to work on /home/airflow/.local/lib/python3.7/site-packages/airflow/example_dags/example_local_kubernetes_executor.py
[2023-08-11T08:03:36.272+0000] {processor.py:826} INFO - Processing file /home/airflow/.local/lib/python3.7/site-packages/airflow/example_dags/example_local_kubernetes_executor.py for tasks to queue
[2023-08-11T08:03:36.272+0000] {logging_mixin.py:150} INFO - [2023-08-11T08:03:36.272+0000] {dagbag.py:541} INFO - Filling up the DagBag from /home/airflow/.local/lib/python3.7/site-packages/airflow/example_dags/example_local_kubernetes_executor.py
[2023-08-11T08:03:36.567+0000] {processor.py:836} INFO - DAG(s) dict_keys(['example_local_kubernetes_executor']) retrieved from /home/airflow/.local/lib/python3.7/site-packages/airflow/example_dags/example_local_kubernetes_executor.py
[2023-08-11T08:03:36.621+0000] {logging_mixin.py:150} INFO - [2023-08-11T08:03:36.620+0000] {dag.py:2742} INFO - Sync 1 DAGs
[2023-08-11T08:03:36.664+0000] {logging_mixin.py:150} INFO - [2023-08-11T08:03:36.663+0000] {dag.py:3508} INFO - Setting next_dagrun for example_local_kubernetes_executor to None, run_after=None
[2023-08-11T08:03:36.703+0000] {processor.py:179} INFO - Processing /home/airflow/.local/lib/python3.7/site-packages/airflow/example_dags/example_local_kubernetes_executor.py took 0.436 seconds
[2023-08-11T08:04:07.399+0000] {processor.py:157} INFO - Started process (PID=1536) to work on /home/airflow/.local/lib/python3.7/site-packages/airflow/example_dags/example_local_kubernetes_executor.py
[2023-08-11T08:04:07.400+0000] {processor.py:826} INFO - Processing file /home/airflow/.local/lib/python3.7/site-packages/airflow/example_dags/example_local_kubernetes_executor.py for tasks to queue
[2023-08-11T08:04:07.401+0000] {logging_mixin.py:150} INFO - [2023-08-11T08:04:07.401+0000] {dagbag.py:541} INFO - Filling up the DagBag from /home/airflow/.local/lib/python3.7/site-packages/airflow/example_dags/example_local_kubernetes_executor.py
[2023-08-11T08:04:07.572+0000] {processor.py:836} INFO - DAG(s) dict_keys(['example_local_kubernetes_executor']) retrieved from /home/airflow/.local/lib/python3.7/site-packages/airflow/example_dags/example_local_kubernetes_executor.py
[2023-08-11T08:04:07.605+0000] {logging_mixin.py:150} INFO - [2023-08-11T08:04:07.605+0000] {dag.py:2742} INFO - Sync 1 DAGs
[2023-08-11T08:04:07.632+0000] {logging_mixin.py:150} INFO - [2023-08-11T08:04:07.632+0000] {dag.py:3508} INFO - Setting next_dagrun for example_local_kubernetes_executor to None, run_after=None
[2023-08-11T08:04:07.655+0000] {processor.py:179} INFO - Processing /home/airflow/.local/lib/python3.7/site-packages/airflow/example_dags/example_local_kubernetes_executor.py took 0.258 seconds
[2023-08-11T08:04:37.912+0000] {processor.py:157} INFO - Started process (PID=1610) to work on /home/airflow/.local/lib/python3.7/site-packages/airflow/example_dags/example_local_kubernetes_executor.py
[2023-08-11T08:04:37.917+0000] {processor.py:826} INFO - Processing file /home/airflow/.local/lib/python3.7/site-packages/airflow/example_dags/example_local_kubernetes_executor.py for tasks to queue
[2023-08-11T08:04:37.918+0000] {logging_mixin.py:150} INFO - [2023-08-11T08:04:37.917+0000] {dagbag.py:541} INFO - Filling up the DagBag from /home/airflow/.local/lib/python3.7/site-packages/airflow/example_dags/example_local_kubernetes_executor.py
[2023-08-11T08:04:38.141+0000] {processor.py:836} INFO - DAG(s) dict_keys(['example_local_kubernetes_executor']) retrieved from /home/airflow/.local/lib/python3.7/site-packages/airflow/example_dags/example_local_kubernetes_executor.py
[2023-08-11T08:04:38.186+0000] {logging_mixin.py:150} INFO - [2023-08-11T08:04:38.185+0000] {dag.py:2742} INFO - Sync 1 DAGs
[2023-08-11T08:04:38.215+0000] {logging_mixin.py:150} INFO - [2023-08-11T08:04:38.215+0000] {dag.py:3508} INFO - Setting next_dagrun for example_local_kubernetes_executor to None, run_after=None
[2023-08-11T08:04:38.239+0000] {processor.py:179} INFO - Processing /home/airflow/.local/lib/python3.7/site-packages/airflow/example_dags/example_local_kubernetes_executor.py took 0.331 seconds
[2023-08-11T08:05:08.816+0000] {processor.py:157} INFO - Started process (PID=1676) to work on /home/airflow/.local/lib/python3.7/site-packages/airflow/example_dags/example_local_kubernetes_executor.py
[2023-08-11T08:05:08.823+0000] {processor.py:826} INFO - Processing file /home/airflow/.local/lib/python3.7/site-packages/airflow/example_dags/example_local_kubernetes_executor.py for tasks to queue
[2023-08-11T08:05:08.824+0000] {logging_mixin.py:150} INFO - [2023-08-11T08:05:08.823+0000] {dagbag.py:541} INFO - Filling up the DagBag from /home/airflow/.local/lib/python3.7/site-packages/airflow/example_dags/example_local_kubernetes_executor.py
[2023-08-11T08:05:09.273+0000] {processor.py:836} INFO - DAG(s) dict_keys(['example_local_kubernetes_executor']) retrieved from /home/airflow/.local/lib/python3.7/site-packages/airflow/example_dags/example_local_kubernetes_executor.py
[2023-08-11T08:05:09.325+0000] {logging_mixin.py:150} INFO - [2023-08-11T08:05:09.325+0000] {dag.py:2742} INFO - Sync 1 DAGs
[2023-08-11T08:05:09.357+0000] {logging_mixin.py:150} INFO - [2023-08-11T08:05:09.357+0000] {dag.py:3508} INFO - Setting next_dagrun for example_local_kubernetes_executor to None, run_after=None
[2023-08-11T08:05:09.381+0000] {processor.py:179} INFO - Processing /home/airflow/.local/lib/python3.7/site-packages/airflow/example_dags/example_local_kubernetes_executor.py took 0.569 seconds
[2023-08-11T08:05:39.408+0000] {processor.py:157} INFO - Started process (PID=1746) to work on /home/airflow/.local/lib/python3.7/site-packages/airflow/example_dags/example_local_kubernetes_executor.py
[2023-08-11T08:05:39.408+0000] {processor.py:826} INFO - Processing file /home/airflow/.local/lib/python3.7/site-packages/airflow/example_dags/example_local_kubernetes_executor.py for tasks to queue
[2023-08-11T08:05:39.409+0000] {logging_mixin.py:150} INFO - [2023-08-11T08:05:39.409+0000] {dagbag.py:541} INFO - Filling up the DagBag from /home/airflow/.local/lib/python3.7/site-packages/airflow/example_dags/example_local_kubernetes_executor.py
[2023-08-11T08:05:39.593+0000] {processor.py:836} INFO - DAG(s) dict_keys(['example_local_kubernetes_executor']) retrieved from /home/airflow/.local/lib/python3.7/site-packages/airflow/example_dags/example_local_kubernetes_executor.py
[2023-08-11T08:05:39.643+0000] {logging_mixin.py:150} INFO - [2023-08-11T08:05:39.643+0000] {dag.py:2742} INFO - Sync 1 DAGs
[2023-08-11T08:05:39.792+0000] {logging_mixin.py:150} INFO - [2023-08-11T08:05:39.792+0000] {dag.py:3508} INFO - Setting next_dagrun for example_local_kubernetes_executor to None, run_after=None
[2023-08-11T08:05:39.814+0000] {processor.py:179} INFO - Processing /home/airflow/.local/lib/python3.7/site-packages/airflow/example_dags/example_local_kubernetes_executor.py took 0.409 seconds
[2023-08-11T08:06:10.262+0000] {processor.py:157} INFO - Started process (PID=1810) to work on /home/airflow/.local/lib/python3.7/site-packages/airflow/example_dags/example_local_kubernetes_executor.py
[2023-08-11T08:06:10.264+0000] {processor.py:826} INFO - Processing file /home/airflow/.local/lib/python3.7/site-packages/airflow/example_dags/example_local_kubernetes_executor.py for tasks to queue
[2023-08-11T08:06:10.270+0000] {logging_mixin.py:150} INFO - [2023-08-11T08:06:10.267+0000] {dagbag.py:541} INFO - Filling up the DagBag from /home/airflow/.local/lib/python3.7/site-packages/airflow/example_dags/example_local_kubernetes_executor.py
[2023-08-11T08:06:10.662+0000] {processor.py:836} INFO - DAG(s) dict_keys(['example_local_kubernetes_executor']) retrieved from /home/airflow/.local/lib/python3.7/site-packages/airflow/example_dags/example_local_kubernetes_executor.py
[2023-08-11T08:06:10.740+0000] {logging_mixin.py:150} INFO - [2023-08-11T08:06:10.740+0000] {dag.py:2742} INFO - Sync 1 DAGs
[2023-08-11T08:06:10.787+0000] {logging_mixin.py:150} INFO - [2023-08-11T08:06:10.786+0000] {dag.py:3508} INFO - Setting next_dagrun for example_local_kubernetes_executor to None, run_after=None
[2023-08-11T08:06:10.826+0000] {processor.py:179} INFO - Processing /home/airflow/.local/lib/python3.7/site-packages/airflow/example_dags/example_local_kubernetes_executor.py took 0.569 seconds
[2023-08-11T08:06:41.257+0000] {processor.py:157} INFO - Started process (PID=1880) to work on /home/airflow/.local/lib/python3.7/site-packages/airflow/example_dags/example_local_kubernetes_executor.py
[2023-08-11T08:06:41.258+0000] {processor.py:826} INFO - Processing file /home/airflow/.local/lib/python3.7/site-packages/airflow/example_dags/example_local_kubernetes_executor.py for tasks to queue
[2023-08-11T08:06:41.258+0000] {logging_mixin.py:150} INFO - [2023-08-11T08:06:41.258+0000] {dagbag.py:541} INFO - Filling up the DagBag from /home/airflow/.local/lib/python3.7/site-packages/airflow/example_dags/example_local_kubernetes_executor.py
[2023-08-11T08:06:41.501+0000] {processor.py:836} INFO - DAG(s) dict_keys(['example_local_kubernetes_executor']) retrieved from /home/airflow/.local/lib/python3.7/site-packages/airflow/example_dags/example_local_kubernetes_executor.py
[2023-08-11T08:06:41.547+0000] {logging_mixin.py:150} INFO - [2023-08-11T08:06:41.547+0000] {dag.py:2742} INFO - Sync 1 DAGs
[2023-08-11T08:06:41.582+0000] {logging_mixin.py:150} INFO - [2023-08-11T08:06:41.582+0000] {dag.py:3508} INFO - Setting next_dagrun for example_local_kubernetes_executor to None, run_after=None
[2023-08-11T08:06:41.613+0000] {processor.py:179} INFO - Processing /home/airflow/.local/lib/python3.7/site-packages/airflow/example_dags/example_local_kubernetes_executor.py took 0.359 seconds
[2023-08-11T08:07:11.821+0000] {processor.py:157} INFO - Started process (PID=1948) to work on /home/airflow/.local/lib/python3.7/site-packages/airflow/example_dags/example_local_kubernetes_executor.py
[2023-08-11T08:07:11.828+0000] {processor.py:826} INFO - Processing file /home/airflow/.local/lib/python3.7/site-packages/airflow/example_dags/example_local_kubernetes_executor.py for tasks to queue
[2023-08-11T08:07:11.830+0000] {logging_mixin.py:150} INFO - [2023-08-11T08:07:11.829+0000] {dagbag.py:541} INFO - Filling up the DagBag from /home/airflow/.local/lib/python3.7/site-packages/airflow/example_dags/example_local_kubernetes_executor.py
[2023-08-11T08:07:12.184+0000] {processor.py:836} INFO - DAG(s) dict_keys(['example_local_kubernetes_executor']) retrieved from /home/airflow/.local/lib/python3.7/site-packages/airflow/example_dags/example_local_kubernetes_executor.py
[2023-08-11T08:07:12.257+0000] {logging_mixin.py:150} INFO - [2023-08-11T08:07:12.257+0000] {dag.py:2742} INFO - Sync 1 DAGs
[2023-08-11T08:07:12.293+0000] {logging_mixin.py:150} INFO - [2023-08-11T08:07:12.293+0000] {dag.py:3508} INFO - Setting next_dagrun for example_local_kubernetes_executor to None, run_after=None
[2023-08-11T08:07:12.331+0000] {processor.py:179} INFO - Processing /home/airflow/.local/lib/python3.7/site-packages/airflow/example_dags/example_local_kubernetes_executor.py took 0.515 seconds
[2023-08-11T08:07:42.663+0000] {processor.py:157} INFO - Started process (PID=2017) to work on /home/airflow/.local/lib/python3.7/site-packages/airflow/example_dags/example_local_kubernetes_executor.py
[2023-08-11T08:07:42.663+0000] {processor.py:826} INFO - Processing file /home/airflow/.local/lib/python3.7/site-packages/airflow/example_dags/example_local_kubernetes_executor.py for tasks to queue
[2023-08-11T08:07:42.664+0000] {logging_mixin.py:150} INFO - [2023-08-11T08:07:42.664+0000] {dagbag.py:541} INFO - Filling up the DagBag from /home/airflow/.local/lib/python3.7/site-packages/airflow/example_dags/example_local_kubernetes_executor.py
[2023-08-11T08:07:42.862+0000] {processor.py:836} INFO - DAG(s) dict_keys(['example_local_kubernetes_executor']) retrieved from /home/airflow/.local/lib/python3.7/site-packages/airflow/example_dags/example_local_kubernetes_executor.py
[2023-08-11T08:07:43.040+0000] {logging_mixin.py:150} INFO - [2023-08-11T08:07:43.040+0000] {dag.py:2742} INFO - Sync 1 DAGs
[2023-08-11T08:07:43.089+0000] {logging_mixin.py:150} INFO - [2023-08-11T08:07:43.088+0000] {dag.py:3508} INFO - Setting next_dagrun for example_local_kubernetes_executor to None, run_after=None
[2023-08-11T08:07:43.120+0000] {processor.py:179} INFO - Processing /home/airflow/.local/lib/python3.7/site-packages/airflow/example_dags/example_local_kubernetes_executor.py took 0.460 seconds
[2023-08-11T08:08:14.024+0000] {processor.py:157} INFO - Started process (PID=2085) to work on /home/airflow/.local/lib/python3.7/site-packages/airflow/example_dags/example_local_kubernetes_executor.py
[2023-08-11T08:08:14.031+0000] {processor.py:826} INFO - Processing file /home/airflow/.local/lib/python3.7/site-packages/airflow/example_dags/example_local_kubernetes_executor.py for tasks to queue
[2023-08-11T08:08:14.032+0000] {logging_mixin.py:150} INFO - [2023-08-11T08:08:14.032+0000] {dagbag.py:541} INFO - Filling up the DagBag from /home/airflow/.local/lib/python3.7/site-packages/airflow/example_dags/example_local_kubernetes_executor.py
[2023-08-11T08:08:14.213+0000] {processor.py:836} INFO - DAG(s) dict_keys(['example_local_kubernetes_executor']) retrieved from /home/airflow/.local/lib/python3.7/site-packages/airflow/example_dags/example_local_kubernetes_executor.py
[2023-08-11T08:08:14.246+0000] {logging_mixin.py:150} INFO - [2023-08-11T08:08:14.246+0000] {dag.py:2742} INFO - Sync 1 DAGs
[2023-08-11T08:08:14.369+0000] {logging_mixin.py:150} INFO - [2023-08-11T08:08:14.369+0000] {dag.py:3508} INFO - Setting next_dagrun for example_local_kubernetes_executor to None, run_after=None
[2023-08-11T08:08:14.388+0000] {processor.py:179} INFO - Processing /home/airflow/.local/lib/python3.7/site-packages/airflow/example_dags/example_local_kubernetes_executor.py took 0.368 seconds
[2023-08-11T08:08:44.544+0000] {processor.py:157} INFO - Started process (PID=2151) to work on /home/airflow/.local/lib/python3.7/site-packages/airflow/example_dags/example_local_kubernetes_executor.py
[2023-08-11T08:08:44.545+0000] {processor.py:826} INFO - Processing file /home/airflow/.local/lib/python3.7/site-packages/airflow/example_dags/example_local_kubernetes_executor.py for tasks to queue
[2023-08-11T08:08:44.546+0000] {logging_mixin.py:150} INFO - [2023-08-11T08:08:44.545+0000] {dagbag.py:541} INFO - Filling up the DagBag from /home/airflow/.local/lib/python3.7/site-packages/airflow/example_dags/example_local_kubernetes_executor.py
[2023-08-11T08:08:44.729+0000] {processor.py:836} INFO - DAG(s) dict_keys(['example_local_kubernetes_executor']) retrieved from /home/airflow/.local/lib/python3.7/site-packages/airflow/example_dags/example_local_kubernetes_executor.py
[2023-08-11T08:08:44.764+0000] {logging_mixin.py:150} INFO - [2023-08-11T08:08:44.764+0000] {dag.py:2742} INFO - Sync 1 DAGs
[2023-08-11T08:08:44.788+0000] {logging_mixin.py:150} INFO - [2023-08-11T08:08:44.788+0000] {dag.py:3508} INFO - Setting next_dagrun for example_local_kubernetes_executor to None, run_after=None
[2023-08-11T08:08:44.814+0000] {processor.py:179} INFO - Processing /home/airflow/.local/lib/python3.7/site-packages/airflow/example_dags/example_local_kubernetes_executor.py took 0.272 seconds
[2023-08-11T08:09:15.071+0000] {processor.py:157} INFO - Started process (PID=2217) to work on /home/airflow/.local/lib/python3.7/site-packages/airflow/example_dags/example_local_kubernetes_executor.py
[2023-08-11T08:09:15.072+0000] {processor.py:826} INFO - Processing file /home/airflow/.local/lib/python3.7/site-packages/airflow/example_dags/example_local_kubernetes_executor.py for tasks to queue
[2023-08-11T08:09:15.073+0000] {logging_mixin.py:150} INFO - [2023-08-11T08:09:15.073+0000] {dagbag.py:541} INFO - Filling up the DagBag from /home/airflow/.local/lib/python3.7/site-packages/airflow/example_dags/example_local_kubernetes_executor.py
[2023-08-11T08:09:15.238+0000] {processor.py:836} INFO - DAG(s) dict_keys(['example_local_kubernetes_executor']) retrieved from /home/airflow/.local/lib/python3.7/site-packages/airflow/example_dags/example_local_kubernetes_executor.py
[2023-08-11T08:09:15.367+0000] {logging_mixin.py:150} INFO - [2023-08-11T08:09:15.367+0000] {dag.py:2742} INFO - Sync 1 DAGs
[2023-08-11T08:09:15.387+0000] {logging_mixin.py:150} INFO - [2023-08-11T08:09:15.387+0000] {dag.py:3508} INFO - Setting next_dagrun for example_local_kubernetes_executor to None, run_after=None
[2023-08-11T08:09:15.413+0000] {processor.py:179} INFO - Processing /home/airflow/.local/lib/python3.7/site-packages/airflow/example_dags/example_local_kubernetes_executor.py took 0.344 seconds
[2023-08-11T08:09:45.538+0000] {processor.py:157} INFO - Started process (PID=2286) to work on /home/airflow/.local/lib/python3.7/site-packages/airflow/example_dags/example_local_kubernetes_executor.py
[2023-08-11T08:09:45.538+0000] {processor.py:826} INFO - Processing file /home/airflow/.local/lib/python3.7/site-packages/airflow/example_dags/example_local_kubernetes_executor.py for tasks to queue
[2023-08-11T08:09:45.539+0000] {logging_mixin.py:150} INFO - [2023-08-11T08:09:45.539+0000] {dagbag.py:541} INFO - Filling up the DagBag from /home/airflow/.local/lib/python3.7/site-packages/airflow/example_dags/example_local_kubernetes_executor.py
[2023-08-11T08:09:45.711+0000] {processor.py:836} INFO - DAG(s) dict_keys(['example_local_kubernetes_executor']) retrieved from /home/airflow/.local/lib/python3.7/site-packages/airflow/example_dags/example_local_kubernetes_executor.py
[2023-08-11T08:09:45.745+0000] {logging_mixin.py:150} INFO - [2023-08-11T08:09:45.745+0000] {dag.py:2742} INFO - Sync 1 DAGs
[2023-08-11T08:09:45.868+0000] {logging_mixin.py:150} INFO - [2023-08-11T08:09:45.868+0000] {dag.py:3508} INFO - Setting next_dagrun for example_local_kubernetes_executor to None, run_after=None
[2023-08-11T08:09:45.885+0000] {processor.py:179} INFO - Processing /home/airflow/.local/lib/python3.7/site-packages/airflow/example_dags/example_local_kubernetes_executor.py took 0.350 seconds
[2023-08-11T08:10:16.219+0000] {processor.py:157} INFO - Started process (PID=2349) to work on /home/airflow/.local/lib/python3.7/site-packages/airflow/example_dags/example_local_kubernetes_executor.py
[2023-08-11T08:10:16.222+0000] {processor.py:826} INFO - Processing file /home/airflow/.local/lib/python3.7/site-packages/airflow/example_dags/example_local_kubernetes_executor.py for tasks to queue
[2023-08-11T08:10:16.223+0000] {logging_mixin.py:150} INFO - [2023-08-11T08:10:16.222+0000] {dagbag.py:541} INFO - Filling up the DagBag from /home/airflow/.local/lib/python3.7/site-packages/airflow/example_dags/example_local_kubernetes_executor.py
[2023-08-11T08:10:16.426+0000] {processor.py:836} INFO - DAG(s) dict_keys(['example_local_kubernetes_executor']) retrieved from /home/airflow/.local/lib/python3.7/site-packages/airflow/example_dags/example_local_kubernetes_executor.py
[2023-08-11T08:10:16.467+0000] {logging_mixin.py:150} INFO - [2023-08-11T08:10:16.466+0000] {dag.py:2742} INFO - Sync 1 DAGs
[2023-08-11T08:10:16.491+0000] {logging_mixin.py:150} INFO - [2023-08-11T08:10:16.490+0000] {dag.py:3508} INFO - Setting next_dagrun for example_local_kubernetes_executor to None, run_after=None
[2023-08-11T08:10:16.618+0000] {processor.py:179} INFO - Processing /home/airflow/.local/lib/python3.7/site-packages/airflow/example_dags/example_local_kubernetes_executor.py took 0.402 seconds
[2023-08-11T08:10:46.740+0000] {processor.py:157} INFO - Started process (PID=2415) to work on /home/airflow/.local/lib/python3.7/site-packages/airflow/example_dags/example_local_kubernetes_executor.py
[2023-08-11T08:10:46.741+0000] {processor.py:826} INFO - Processing file /home/airflow/.local/lib/python3.7/site-packages/airflow/example_dags/example_local_kubernetes_executor.py for tasks to queue
[2023-08-11T08:10:46.742+0000] {logging_mixin.py:150} INFO - [2023-08-11T08:10:46.742+0000] {dagbag.py:541} INFO - Filling up the DagBag from /home/airflow/.local/lib/python3.7/site-packages/airflow/example_dags/example_local_kubernetes_executor.py
[2023-08-11T08:10:46.976+0000] {processor.py:836} INFO - DAG(s) dict_keys(['example_local_kubernetes_executor']) retrieved from /home/airflow/.local/lib/python3.7/site-packages/airflow/example_dags/example_local_kubernetes_executor.py
[2023-08-11T08:10:47.171+0000] {logging_mixin.py:150} INFO - [2023-08-11T08:10:47.170+0000] {dag.py:2742} INFO - Sync 1 DAGs
[2023-08-11T08:10:47.208+0000] {logging_mixin.py:150} INFO - [2023-08-11T08:10:47.208+0000] {dag.py:3508} INFO - Setting next_dagrun for example_local_kubernetes_executor to None, run_after=None
[2023-08-11T08:10:47.239+0000] {processor.py:179} INFO - Processing /home/airflow/.local/lib/python3.7/site-packages/airflow/example_dags/example_local_kubernetes_executor.py took 0.503 seconds
[2023-08-11T08:11:18.214+0000] {processor.py:157} INFO - Started process (PID=2485) to work on /home/airflow/.local/lib/python3.7/site-packages/airflow/example_dags/example_local_kubernetes_executor.py
[2023-08-11T08:11:18.216+0000] {processor.py:826} INFO - Processing file /home/airflow/.local/lib/python3.7/site-packages/airflow/example_dags/example_local_kubernetes_executor.py for tasks to queue
[2023-08-11T08:11:18.217+0000] {logging_mixin.py:150} INFO - [2023-08-11T08:11:18.217+0000] {dagbag.py:541} INFO - Filling up the DagBag from /home/airflow/.local/lib/python3.7/site-packages/airflow/example_dags/example_local_kubernetes_executor.py
[2023-08-11T08:11:18.367+0000] {processor.py:836} INFO - DAG(s) dict_keys(['example_local_kubernetes_executor']) retrieved from /home/airflow/.local/lib/python3.7/site-packages/airflow/example_dags/example_local_kubernetes_executor.py
[2023-08-11T08:11:18.496+0000] {logging_mixin.py:150} INFO - [2023-08-11T08:11:18.495+0000] {dag.py:2742} INFO - Sync 1 DAGs
[2023-08-11T08:11:18.516+0000] {logging_mixin.py:150} INFO - [2023-08-11T08:11:18.516+0000] {dag.py:3508} INFO - Setting next_dagrun for example_local_kubernetes_executor to None, run_after=None
[2023-08-11T08:11:18.533+0000] {processor.py:179} INFO - Processing /home/airflow/.local/lib/python3.7/site-packages/airflow/example_dags/example_local_kubernetes_executor.py took 0.322 seconds
[2023-08-11T08:11:48.843+0000] {processor.py:157} INFO - Started process (PID=2551) to work on /home/airflow/.local/lib/python3.7/site-packages/airflow/example_dags/example_local_kubernetes_executor.py
[2023-08-11T08:11:48.843+0000] {processor.py:826} INFO - Processing file /home/airflow/.local/lib/python3.7/site-packages/airflow/example_dags/example_local_kubernetes_executor.py for tasks to queue
[2023-08-11T08:11:48.844+0000] {logging_mixin.py:150} INFO - [2023-08-11T08:11:48.844+0000] {dagbag.py:541} INFO - Filling up the DagBag from /home/airflow/.local/lib/python3.7/site-packages/airflow/example_dags/example_local_kubernetes_executor.py
[2023-08-11T08:11:48.990+0000] {processor.py:836} INFO - DAG(s) dict_keys(['example_local_kubernetes_executor']) retrieved from /home/airflow/.local/lib/python3.7/site-packages/airflow/example_dags/example_local_kubernetes_executor.py
[2023-08-11T08:11:49.020+0000] {logging_mixin.py:150} INFO - [2023-08-11T08:11:49.019+0000] {dag.py:2742} INFO - Sync 1 DAGs
[2023-08-11T08:11:49.137+0000] {logging_mixin.py:150} INFO - [2023-08-11T08:11:49.137+0000] {dag.py:3508} INFO - Setting next_dagrun for example_local_kubernetes_executor to None, run_after=None
[2023-08-11T08:11:49.154+0000] {processor.py:179} INFO - Processing /home/airflow/.local/lib/python3.7/site-packages/airflow/example_dags/example_local_kubernetes_executor.py took 0.313 seconds
[2023-08-11T08:12:19.489+0000] {processor.py:157} INFO - Started process (PID=2617) to work on /home/airflow/.local/lib/python3.7/site-packages/airflow/example_dags/example_local_kubernetes_executor.py
[2023-08-11T08:12:19.491+0000] {processor.py:826} INFO - Processing file /home/airflow/.local/lib/python3.7/site-packages/airflow/example_dags/example_local_kubernetes_executor.py for tasks to queue
[2023-08-11T08:12:19.491+0000] {logging_mixin.py:150} INFO - [2023-08-11T08:12:19.491+0000] {dagbag.py:541} INFO - Filling up the DagBag from /home/airflow/.local/lib/python3.7/site-packages/airflow/example_dags/example_local_kubernetes_executor.py
[2023-08-11T08:12:19.741+0000] {processor.py:836} INFO - DAG(s) dict_keys(['example_local_kubernetes_executor']) retrieved from /home/airflow/.local/lib/python3.7/site-packages/airflow/example_dags/example_local_kubernetes_executor.py
[2023-08-11T08:12:19.771+0000] {logging_mixin.py:150} INFO - [2023-08-11T08:12:19.771+0000] {dag.py:2742} INFO - Sync 1 DAGs
[2023-08-11T08:12:19.791+0000] {logging_mixin.py:150} INFO - [2023-08-11T08:12:19.791+0000] {dag.py:3508} INFO - Setting next_dagrun for example_local_kubernetes_executor to None, run_after=None
[2023-08-11T08:12:19.809+0000] {processor.py:179} INFO - Processing /home/airflow/.local/lib/python3.7/site-packages/airflow/example_dags/example_local_kubernetes_executor.py took 0.323 seconds
[2023-08-11T08:12:50.390+0000] {processor.py:157} INFO - Started process (PID=2683) to work on /home/airflow/.local/lib/python3.7/site-packages/airflow/example_dags/example_local_kubernetes_executor.py
[2023-08-11T08:12:50.393+0000] {processor.py:826} INFO - Processing file /home/airflow/.local/lib/python3.7/site-packages/airflow/example_dags/example_local_kubernetes_executor.py for tasks to queue
[2023-08-11T08:12:50.396+0000] {logging_mixin.py:150} INFO - [2023-08-11T08:12:50.395+0000] {dagbag.py:541} INFO - Filling up the DagBag from /home/airflow/.local/lib/python3.7/site-packages/airflow/example_dags/example_local_kubernetes_executor.py
[2023-08-11T08:12:50.605+0000] {processor.py:836} INFO - DAG(s) dict_keys(['example_local_kubernetes_executor']) retrieved from /home/airflow/.local/lib/python3.7/site-packages/airflow/example_dags/example_local_kubernetes_executor.py
[2023-08-11T08:12:50.754+0000] {logging_mixin.py:150} INFO - [2023-08-11T08:12:50.754+0000] {dag.py:2742} INFO - Sync 1 DAGs
[2023-08-11T08:12:50.785+0000] {logging_mixin.py:150} INFO - [2023-08-11T08:12:50.785+0000] {dag.py:3508} INFO - Setting next_dagrun for example_local_kubernetes_executor to None, run_after=None
[2023-08-11T08:12:50.812+0000] {processor.py:179} INFO - Processing /home/airflow/.local/lib/python3.7/site-packages/airflow/example_dags/example_local_kubernetes_executor.py took 0.430 seconds
[2023-08-11T08:13:21.494+0000] {processor.py:157} INFO - Started process (PID=2749) to work on /home/airflow/.local/lib/python3.7/site-packages/airflow/example_dags/example_local_kubernetes_executor.py
[2023-08-11T08:13:21.495+0000] {processor.py:826} INFO - Processing file /home/airflow/.local/lib/python3.7/site-packages/airflow/example_dags/example_local_kubernetes_executor.py for tasks to queue
[2023-08-11T08:13:21.495+0000] {logging_mixin.py:150} INFO - [2023-08-11T08:13:21.495+0000] {dagbag.py:541} INFO - Filling up the DagBag from /home/airflow/.local/lib/python3.7/site-packages/airflow/example_dags/example_local_kubernetes_executor.py
[2023-08-11T08:13:21.763+0000] {processor.py:836} INFO - DAG(s) dict_keys(['example_local_kubernetes_executor']) retrieved from /home/airflow/.local/lib/python3.7/site-packages/airflow/example_dags/example_local_kubernetes_executor.py
[2023-08-11T08:13:21.791+0000] {logging_mixin.py:150} INFO - [2023-08-11T08:13:21.791+0000] {dag.py:2742} INFO - Sync 1 DAGs
[2023-08-11T08:13:21.809+0000] {logging_mixin.py:150} INFO - [2023-08-11T08:13:21.809+0000] {dag.py:3508} INFO - Setting next_dagrun for example_local_kubernetes_executor to None, run_after=None
[2023-08-11T08:13:21.828+0000] {processor.py:179} INFO - Processing /home/airflow/.local/lib/python3.7/site-packages/airflow/example_dags/example_local_kubernetes_executor.py took 0.338 seconds
[2023-08-11T08:13:52.304+0000] {processor.py:157} INFO - Started process (PID=2815) to work on /home/airflow/.local/lib/python3.7/site-packages/airflow/example_dags/example_local_kubernetes_executor.py
[2023-08-11T08:13:52.305+0000] {processor.py:826} INFO - Processing file /home/airflow/.local/lib/python3.7/site-packages/airflow/example_dags/example_local_kubernetes_executor.py for tasks to queue
[2023-08-11T08:13:52.305+0000] {logging_mixin.py:150} INFO - [2023-08-11T08:13:52.305+0000] {dagbag.py:541} INFO - Filling up the DagBag from /home/airflow/.local/lib/python3.7/site-packages/airflow/example_dags/example_local_kubernetes_executor.py
[2023-08-11T08:13:52.560+0000] {processor.py:836} INFO - DAG(s) dict_keys(['example_local_kubernetes_executor']) retrieved from /home/airflow/.local/lib/python3.7/site-packages/airflow/example_dags/example_local_kubernetes_executor.py
[2023-08-11T08:13:52.585+0000] {logging_mixin.py:150} INFO - [2023-08-11T08:13:52.585+0000] {dag.py:2742} INFO - Sync 1 DAGs
[2023-08-11T08:13:52.605+0000] {logging_mixin.py:150} INFO - [2023-08-11T08:13:52.605+0000] {dag.py:3508} INFO - Setting next_dagrun for example_local_kubernetes_executor to None, run_after=None
[2023-08-11T08:13:52.620+0000] {processor.py:179} INFO - Processing /home/airflow/.local/lib/python3.7/site-packages/airflow/example_dags/example_local_kubernetes_executor.py took 0.319 seconds
[2023-08-11T08:14:22.951+0000] {processor.py:157} INFO - Started process (PID=2881) to work on /home/airflow/.local/lib/python3.7/site-packages/airflow/example_dags/example_local_kubernetes_executor.py
[2023-08-11T08:14:22.953+0000] {processor.py:826} INFO - Processing file /home/airflow/.local/lib/python3.7/site-packages/airflow/example_dags/example_local_kubernetes_executor.py for tasks to queue
[2023-08-11T08:14:22.954+0000] {logging_mixin.py:150} INFO - [2023-08-11T08:14:22.953+0000] {dagbag.py:541} INFO - Filling up the DagBag from /home/airflow/.local/lib/python3.7/site-packages/airflow/example_dags/example_local_kubernetes_executor.py
[2023-08-11T08:14:23.276+0000] {processor.py:836} INFO - DAG(s) dict_keys(['example_local_kubernetes_executor']) retrieved from /home/airflow/.local/lib/python3.7/site-packages/airflow/example_dags/example_local_kubernetes_executor.py
[2023-08-11T08:14:23.312+0000] {logging_mixin.py:150} INFO - [2023-08-11T08:14:23.312+0000] {dag.py:2742} INFO - Sync 1 DAGs
[2023-08-11T08:14:23.339+0000] {logging_mixin.py:150} INFO - [2023-08-11T08:14:23.339+0000] {dag.py:3508} INFO - Setting next_dagrun for example_local_kubernetes_executor to None, run_after=None
[2023-08-11T08:14:23.368+0000] {processor.py:179} INFO - Processing /home/airflow/.local/lib/python3.7/site-packages/airflow/example_dags/example_local_kubernetes_executor.py took 0.420 seconds
[2023-08-11T08:14:53.621+0000] {processor.py:157} INFO - Started process (PID=2948) to work on /home/airflow/.local/lib/python3.7/site-packages/airflow/example_dags/example_local_kubernetes_executor.py
[2023-08-11T08:14:53.621+0000] {processor.py:826} INFO - Processing file /home/airflow/.local/lib/python3.7/site-packages/airflow/example_dags/example_local_kubernetes_executor.py for tasks to queue
[2023-08-11T08:14:53.622+0000] {logging_mixin.py:150} INFO - [2023-08-11T08:14:53.622+0000] {dagbag.py:541} INFO - Filling up the DagBag from /home/airflow/.local/lib/python3.7/site-packages/airflow/example_dags/example_local_kubernetes_executor.py
[2023-08-11T08:14:53.870+0000] {processor.py:836} INFO - DAG(s) dict_keys(['example_local_kubernetes_executor']) retrieved from /home/airflow/.local/lib/python3.7/site-packages/airflow/example_dags/example_local_kubernetes_executor.py
[2023-08-11T08:14:53.897+0000] {logging_mixin.py:150} INFO - [2023-08-11T08:14:53.897+0000] {dag.py:2742} INFO - Sync 1 DAGs
[2023-08-11T08:14:53.916+0000] {logging_mixin.py:150} INFO - [2023-08-11T08:14:53.916+0000] {dag.py:3508} INFO - Setting next_dagrun for example_local_kubernetes_executor to None, run_after=None
[2023-08-11T08:14:53.937+0000] {processor.py:179} INFO - Processing /home/airflow/.local/lib/python3.7/site-packages/airflow/example_dags/example_local_kubernetes_executor.py took 0.319 seconds
[2023-08-11T08:15:24.436+0000] {processor.py:157} INFO - Started process (PID=3015) to work on /home/airflow/.local/lib/python3.7/site-packages/airflow/example_dags/example_local_kubernetes_executor.py
[2023-08-11T08:15:24.437+0000] {processor.py:826} INFO - Processing file /home/airflow/.local/lib/python3.7/site-packages/airflow/example_dags/example_local_kubernetes_executor.py for tasks to queue
[2023-08-11T08:15:24.438+0000] {logging_mixin.py:150} INFO - [2023-08-11T08:15:24.438+0000] {dagbag.py:541} INFO - Filling up the DagBag from /home/airflow/.local/lib/python3.7/site-packages/airflow/example_dags/example_local_kubernetes_executor.py
[2023-08-11T08:15:24.717+0000] {processor.py:836} INFO - DAG(s) dict_keys(['example_local_kubernetes_executor']) retrieved from /home/airflow/.local/lib/python3.7/site-packages/airflow/example_dags/example_local_kubernetes_executor.py
[2023-08-11T08:15:24.750+0000] {logging_mixin.py:150} INFO - [2023-08-11T08:15:24.750+0000] {dag.py:2742} INFO - Sync 1 DAGs
[2023-08-11T08:15:24.772+0000] {logging_mixin.py:150} INFO - [2023-08-11T08:15:24.772+0000] {dag.py:3508} INFO - Setting next_dagrun for example_local_kubernetes_executor to None, run_after=None
[2023-08-11T08:15:24.794+0000] {processor.py:179} INFO - Processing /home/airflow/.local/lib/python3.7/site-packages/airflow/example_dags/example_local_kubernetes_executor.py took 0.362 seconds
[2023-08-11T08:15:55.595+0000] {processor.py:157} INFO - Started process (PID=3082) to work on /home/airflow/.local/lib/python3.7/site-packages/airflow/example_dags/example_local_kubernetes_executor.py
[2023-08-11T08:15:55.596+0000] {processor.py:826} INFO - Processing file /home/airflow/.local/lib/python3.7/site-packages/airflow/example_dags/example_local_kubernetes_executor.py for tasks to queue
[2023-08-11T08:15:55.597+0000] {logging_mixin.py:150} INFO - [2023-08-11T08:15:55.597+0000] {dagbag.py:541} INFO - Filling up the DagBag from /home/airflow/.local/lib/python3.7/site-packages/airflow/example_dags/example_local_kubernetes_executor.py
[2023-08-11T08:15:55.867+0000] {processor.py:836} INFO - DAG(s) dict_keys(['example_local_kubernetes_executor']) retrieved from /home/airflow/.local/lib/python3.7/site-packages/airflow/example_dags/example_local_kubernetes_executor.py
[2023-08-11T08:15:55.899+0000] {logging_mixin.py:150} INFO - [2023-08-11T08:15:55.898+0000] {dag.py:2742} INFO - Sync 1 DAGs
[2023-08-11T08:15:55.921+0000] {logging_mixin.py:150} INFO - [2023-08-11T08:15:55.920+0000] {dag.py:3508} INFO - Setting next_dagrun for example_local_kubernetes_executor to None, run_after=None
[2023-08-11T08:15:55.938+0000] {processor.py:179} INFO - Processing /home/airflow/.local/lib/python3.7/site-packages/airflow/example_dags/example_local_kubernetes_executor.py took 0.348 seconds
[2023-08-11T08:16:26.099+0000] {processor.py:157} INFO - Started process (PID=3149) to work on /home/airflow/.local/lib/python3.7/site-packages/airflow/example_dags/example_local_kubernetes_executor.py
[2023-08-11T08:16:26.100+0000] {processor.py:826} INFO - Processing file /home/airflow/.local/lib/python3.7/site-packages/airflow/example_dags/example_local_kubernetes_executor.py for tasks to queue
[2023-08-11T08:16:26.101+0000] {logging_mixin.py:150} INFO - [2023-08-11T08:16:26.101+0000] {dagbag.py:541} INFO - Filling up the DagBag from /home/airflow/.local/lib/python3.7/site-packages/airflow/example_dags/example_local_kubernetes_executor.py
[2023-08-11T08:16:26.376+0000] {processor.py:836} INFO - DAG(s) dict_keys(['example_local_kubernetes_executor']) retrieved from /home/airflow/.local/lib/python3.7/site-packages/airflow/example_dags/example_local_kubernetes_executor.py
[2023-08-11T08:16:26.406+0000] {logging_mixin.py:150} INFO - [2023-08-11T08:16:26.406+0000] {dag.py:2742} INFO - Sync 1 DAGs
[2023-08-11T08:16:26.424+0000] {logging_mixin.py:150} INFO - [2023-08-11T08:16:26.424+0000] {dag.py:3508} INFO - Setting next_dagrun for example_local_kubernetes_executor to None, run_after=None
[2023-08-11T08:16:26.443+0000] {processor.py:179} INFO - Processing /home/airflow/.local/lib/python3.7/site-packages/airflow/example_dags/example_local_kubernetes_executor.py took 0.347 seconds
[2023-08-11T08:16:56.975+0000] {processor.py:157} INFO - Started process (PID=3217) to work on /home/airflow/.local/lib/python3.7/site-packages/airflow/example_dags/example_local_kubernetes_executor.py
[2023-08-11T08:16:56.976+0000] {processor.py:826} INFO - Processing file /home/airflow/.local/lib/python3.7/site-packages/airflow/example_dags/example_local_kubernetes_executor.py for tasks to queue
[2023-08-11T08:16:56.976+0000] {logging_mixin.py:150} INFO - [2023-08-11T08:16:56.976+0000] {dagbag.py:541} INFO - Filling up the DagBag from /home/airflow/.local/lib/python3.7/site-packages/airflow/example_dags/example_local_kubernetes_executor.py
[2023-08-11T08:16:57.231+0000] {processor.py:836} INFO - DAG(s) dict_keys(['example_local_kubernetes_executor']) retrieved from /home/airflow/.local/lib/python3.7/site-packages/airflow/example_dags/example_local_kubernetes_executor.py
[2023-08-11T08:16:57.256+0000] {logging_mixin.py:150} INFO - [2023-08-11T08:16:57.256+0000] {dag.py:2742} INFO - Sync 1 DAGs
[2023-08-11T08:16:57.277+0000] {logging_mixin.py:150} INFO - [2023-08-11T08:16:57.277+0000] {dag.py:3508} INFO - Setting next_dagrun for example_local_kubernetes_executor to None, run_after=None
[2023-08-11T08:16:57.299+0000] {processor.py:179} INFO - Processing /home/airflow/.local/lib/python3.7/site-packages/airflow/example_dags/example_local_kubernetes_executor.py took 0.328 seconds
[2023-08-11T08:17:27.562+0000] {processor.py:157} INFO - Started process (PID=3295) to work on /home/airflow/.local/lib/python3.7/site-packages/airflow/example_dags/example_local_kubernetes_executor.py
[2023-08-11T08:17:27.564+0000] {processor.py:826} INFO - Processing file /home/airflow/.local/lib/python3.7/site-packages/airflow/example_dags/example_local_kubernetes_executor.py for tasks to queue
[2023-08-11T08:17:27.567+0000] {logging_mixin.py:150} INFO - [2023-08-11T08:17:27.566+0000] {dagbag.py:541} INFO - Filling up the DagBag from /home/airflow/.local/lib/python3.7/site-packages/airflow/example_dags/example_local_kubernetes_executor.py
[2023-08-11T08:17:27.941+0000] {processor.py:836} INFO - DAG(s) dict_keys(['example_local_kubernetes_executor']) retrieved from /home/airflow/.local/lib/python3.7/site-packages/airflow/example_dags/example_local_kubernetes_executor.py
[2023-08-11T08:17:27.983+0000] {logging_mixin.py:150} INFO - [2023-08-11T08:17:27.983+0000] {dag.py:2742} INFO - Sync 1 DAGs
[2023-08-11T08:17:28.009+0000] {logging_mixin.py:150} INFO - [2023-08-11T08:17:28.009+0000] {dag.py:3508} INFO - Setting next_dagrun for example_local_kubernetes_executor to None, run_after=None
[2023-08-11T08:17:28.048+0000] {processor.py:179} INFO - Processing /home/airflow/.local/lib/python3.7/site-packages/airflow/example_dags/example_local_kubernetes_executor.py took 0.490 seconds
[2023-08-11T08:17:59.017+0000] {processor.py:157} INFO - Started process (PID=3386) to work on /home/airflow/.local/lib/python3.7/site-packages/airflow/example_dags/example_local_kubernetes_executor.py
[2023-08-11T08:17:59.019+0000] {processor.py:826} INFO - Processing file /home/airflow/.local/lib/python3.7/site-packages/airflow/example_dags/example_local_kubernetes_executor.py for tasks to queue
[2023-08-11T08:17:59.020+0000] {logging_mixin.py:150} INFO - [2023-08-11T08:17:59.020+0000] {dagbag.py:541} INFO - Filling up the DagBag from /home/airflow/.local/lib/python3.7/site-packages/airflow/example_dags/example_local_kubernetes_executor.py
[2023-08-11T08:17:59.653+0000] {processor.py:836} INFO - DAG(s) dict_keys(['example_local_kubernetes_executor']) retrieved from /home/airflow/.local/lib/python3.7/site-packages/airflow/example_dags/example_local_kubernetes_executor.py
[2023-08-11T08:17:59.742+0000] {logging_mixin.py:150} INFO - [2023-08-11T08:17:59.742+0000] {dag.py:2742} INFO - Sync 1 DAGs
[2023-08-11T08:17:59.779+0000] {logging_mixin.py:150} INFO - [2023-08-11T08:17:59.779+0000] {dag.py:3508} INFO - Setting next_dagrun for example_local_kubernetes_executor to None, run_after=None
[2023-08-11T08:17:59.821+0000] {processor.py:179} INFO - Processing /home/airflow/.local/lib/python3.7/site-packages/airflow/example_dags/example_local_kubernetes_executor.py took 0.809 seconds
[2023-08-11T08:18:29.906+0000] {processor.py:157} INFO - Started process (PID=3464) to work on /home/airflow/.local/lib/python3.7/site-packages/airflow/example_dags/example_local_kubernetes_executor.py
[2023-08-11T08:18:29.907+0000] {processor.py:826} INFO - Processing file /home/airflow/.local/lib/python3.7/site-packages/airflow/example_dags/example_local_kubernetes_executor.py for tasks to queue
[2023-08-11T08:18:29.908+0000] {logging_mixin.py:150} INFO - [2023-08-11T08:18:29.908+0000] {dagbag.py:541} INFO - Filling up the DagBag from /home/airflow/.local/lib/python3.7/site-packages/airflow/example_dags/example_local_kubernetes_executor.py
[2023-08-11T08:18:30.188+0000] {processor.py:836} INFO - DAG(s) dict_keys(['example_local_kubernetes_executor']) retrieved from /home/airflow/.local/lib/python3.7/site-packages/airflow/example_dags/example_local_kubernetes_executor.py
[2023-08-11T08:18:30.222+0000] {logging_mixin.py:150} INFO - [2023-08-11T08:18:30.222+0000] {dag.py:2742} INFO - Sync 1 DAGs
[2023-08-11T08:18:30.244+0000] {logging_mixin.py:150} INFO - [2023-08-11T08:18:30.244+0000] {dag.py:3508} INFO - Setting next_dagrun for example_local_kubernetes_executor to None, run_after=None
[2023-08-11T08:18:30.268+0000] {processor.py:179} INFO - Processing /home/airflow/.local/lib/python3.7/site-packages/airflow/example_dags/example_local_kubernetes_executor.py took 0.365 seconds
[2023-08-11T08:19:00.598+0000] {processor.py:157} INFO - Started process (PID=3550) to work on /home/airflow/.local/lib/python3.7/site-packages/airflow/example_dags/example_local_kubernetes_executor.py
[2023-08-11T08:19:00.601+0000] {processor.py:826} INFO - Processing file /home/airflow/.local/lib/python3.7/site-packages/airflow/example_dags/example_local_kubernetes_executor.py for tasks to queue
[2023-08-11T08:19:00.602+0000] {logging_mixin.py:150} INFO - [2023-08-11T08:19:00.601+0000] {dagbag.py:541} INFO - Filling up the DagBag from /home/airflow/.local/lib/python3.7/site-packages/airflow/example_dags/example_local_kubernetes_executor.py
[2023-08-11T08:19:00.944+0000] {processor.py:836} INFO - DAG(s) dict_keys(['example_local_kubernetes_executor']) retrieved from /home/airflow/.local/lib/python3.7/site-packages/airflow/example_dags/example_local_kubernetes_executor.py
[2023-08-11T08:19:00.980+0000] {logging_mixin.py:150} INFO - [2023-08-11T08:19:00.980+0000] {dag.py:2742} INFO - Sync 1 DAGs
[2023-08-11T08:19:01.008+0000] {logging_mixin.py:150} INFO - [2023-08-11T08:19:01.008+0000] {dag.py:3508} INFO - Setting next_dagrun for example_local_kubernetes_executor to None, run_after=None
[2023-08-11T08:19:01.033+0000] {processor.py:179} INFO - Processing /home/airflow/.local/lib/python3.7/site-packages/airflow/example_dags/example_local_kubernetes_executor.py took 0.438 seconds
[2023-08-11T08:19:31.055+0000] {processor.py:157} INFO - Started process (PID=3628) to work on /home/airflow/.local/lib/python3.7/site-packages/airflow/example_dags/example_local_kubernetes_executor.py
[2023-08-11T08:19:31.056+0000] {processor.py:826} INFO - Processing file /home/airflow/.local/lib/python3.7/site-packages/airflow/example_dags/example_local_kubernetes_executor.py for tasks to queue
[2023-08-11T08:19:31.057+0000] {logging_mixin.py:150} INFO - [2023-08-11T08:19:31.056+0000] {dagbag.py:541} INFO - Filling up the DagBag from /home/airflow/.local/lib/python3.7/site-packages/airflow/example_dags/example_local_kubernetes_executor.py
[2023-08-11T08:19:31.295+0000] {processor.py:836} INFO - DAG(s) dict_keys(['example_local_kubernetes_executor']) retrieved from /home/airflow/.local/lib/python3.7/site-packages/airflow/example_dags/example_local_kubernetes_executor.py
[2023-08-11T08:19:31.322+0000] {logging_mixin.py:150} INFO - [2023-08-11T08:19:31.322+0000] {dag.py:2742} INFO - Sync 1 DAGs
[2023-08-11T08:19:31.340+0000] {logging_mixin.py:150} INFO - [2023-08-11T08:19:31.340+0000] {dag.py:3508} INFO - Setting next_dagrun for example_local_kubernetes_executor to None, run_after=None
[2023-08-11T08:19:31.356+0000] {processor.py:179} INFO - Processing /home/airflow/.local/lib/python3.7/site-packages/airflow/example_dags/example_local_kubernetes_executor.py took 0.305 seconds
[2023-08-11T08:20:02.376+0000] {processor.py:157} INFO - Started process (PID=3713) to work on /home/airflow/.local/lib/python3.7/site-packages/airflow/example_dags/example_local_kubernetes_executor.py
[2023-08-11T08:20:02.377+0000] {processor.py:826} INFO - Processing file /home/airflow/.local/lib/python3.7/site-packages/airflow/example_dags/example_local_kubernetes_executor.py for tasks to queue
[2023-08-11T08:20:02.378+0000] {logging_mixin.py:150} INFO - [2023-08-11T08:20:02.378+0000] {dagbag.py:541} INFO - Filling up the DagBag from /home/airflow/.local/lib/python3.7/site-packages/airflow/example_dags/example_local_kubernetes_executor.py
[2023-08-11T08:20:02.712+0000] {processor.py:836} INFO - DAG(s) dict_keys(['example_local_kubernetes_executor']) retrieved from /home/airflow/.local/lib/python3.7/site-packages/airflow/example_dags/example_local_kubernetes_executor.py
[2023-08-11T08:20:02.750+0000] {logging_mixin.py:150} INFO - [2023-08-11T08:20:02.749+0000] {dag.py:2742} INFO - Sync 1 DAGs
[2023-08-11T08:20:02.778+0000] {logging_mixin.py:150} INFO - [2023-08-11T08:20:02.778+0000] {dag.py:3508} INFO - Setting next_dagrun for example_local_kubernetes_executor to None, run_after=None
[2023-08-11T08:20:02.803+0000] {processor.py:179} INFO - Processing /home/airflow/.local/lib/python3.7/site-packages/airflow/example_dags/example_local_kubernetes_executor.py took 0.431 seconds
[2023-08-11T08:20:32.898+0000] {processor.py:157} INFO - Started process (PID=3791) to work on /home/airflow/.local/lib/python3.7/site-packages/airflow/example_dags/example_local_kubernetes_executor.py
[2023-08-11T08:20:32.899+0000] {processor.py:826} INFO - Processing file /home/airflow/.local/lib/python3.7/site-packages/airflow/example_dags/example_local_kubernetes_executor.py for tasks to queue
[2023-08-11T08:20:32.900+0000] {logging_mixin.py:150} INFO - [2023-08-11T08:20:32.899+0000] {dagbag.py:541} INFO - Filling up the DagBag from /home/airflow/.local/lib/python3.7/site-packages/airflow/example_dags/example_local_kubernetes_executor.py
[2023-08-11T08:20:33.152+0000] {processor.py:836} INFO - DAG(s) dict_keys(['example_local_kubernetes_executor']) retrieved from /home/airflow/.local/lib/python3.7/site-packages/airflow/example_dags/example_local_kubernetes_executor.py
[2023-08-11T08:20:33.181+0000] {logging_mixin.py:150} INFO - [2023-08-11T08:20:33.181+0000] {dag.py:2742} INFO - Sync 1 DAGs
[2023-08-11T08:20:33.200+0000] {logging_mixin.py:150} INFO - [2023-08-11T08:20:33.200+0000] {dag.py:3508} INFO - Setting next_dagrun for example_local_kubernetes_executor to None, run_after=None
[2023-08-11T08:20:33.219+0000] {processor.py:179} INFO - Processing /home/airflow/.local/lib/python3.7/site-packages/airflow/example_dags/example_local_kubernetes_executor.py took 0.324 seconds
[2023-08-11T08:21:03.500+0000] {processor.py:157} INFO - Started process (PID=3882) to work on /home/airflow/.local/lib/python3.7/site-packages/airflow/example_dags/example_local_kubernetes_executor.py
[2023-08-11T08:21:03.501+0000] {processor.py:826} INFO - Processing file /home/airflow/.local/lib/python3.7/site-packages/airflow/example_dags/example_local_kubernetes_executor.py for tasks to queue
[2023-08-11T08:21:03.502+0000] {logging_mixin.py:150} INFO - [2023-08-11T08:21:03.502+0000] {dagbag.py:541} INFO - Filling up the DagBag from /home/airflow/.local/lib/python3.7/site-packages/airflow/example_dags/example_local_kubernetes_executor.py
[2023-08-11T08:21:03.778+0000] {processor.py:836} INFO - DAG(s) dict_keys(['example_local_kubernetes_executor']) retrieved from /home/airflow/.local/lib/python3.7/site-packages/airflow/example_dags/example_local_kubernetes_executor.py
[2023-08-11T08:21:03.809+0000] {logging_mixin.py:150} INFO - [2023-08-11T08:21:03.808+0000] {dag.py:2742} INFO - Sync 1 DAGs
[2023-08-11T08:21:03.830+0000] {logging_mixin.py:150} INFO - [2023-08-11T08:21:03.830+0000] {dag.py:3508} INFO - Setting next_dagrun for example_local_kubernetes_executor to None, run_after=None
[2023-08-11T08:21:03.852+0000] {processor.py:179} INFO - Processing /home/airflow/.local/lib/python3.7/site-packages/airflow/example_dags/example_local_kubernetes_executor.py took 0.358 seconds
[2023-08-11T08:21:34.848+0000] {processor.py:157} INFO - Started process (PID=3973) to work on /home/airflow/.local/lib/python3.7/site-packages/airflow/example_dags/example_local_kubernetes_executor.py
[2023-08-11T08:21:34.850+0000] {processor.py:826} INFO - Processing file /home/airflow/.local/lib/python3.7/site-packages/airflow/example_dags/example_local_kubernetes_executor.py for tasks to queue
[2023-08-11T08:21:34.850+0000] {logging_mixin.py:150} INFO - [2023-08-11T08:21:34.850+0000] {dagbag.py:541} INFO - Filling up the DagBag from /home/airflow/.local/lib/python3.7/site-packages/airflow/example_dags/example_local_kubernetes_executor.py
[2023-08-11T08:21:35.103+0000] {processor.py:836} INFO - DAG(s) dict_keys(['example_local_kubernetes_executor']) retrieved from /home/airflow/.local/lib/python3.7/site-packages/airflow/example_dags/example_local_kubernetes_executor.py
[2023-08-11T08:21:35.132+0000] {logging_mixin.py:150} INFO - [2023-08-11T08:21:35.132+0000] {dag.py:2742} INFO - Sync 1 DAGs
[2023-08-11T08:21:35.151+0000] {logging_mixin.py:150} INFO - [2023-08-11T08:21:35.151+0000] {dag.py:3508} INFO - Setting next_dagrun for example_local_kubernetes_executor to None, run_after=None
[2023-08-11T08:21:35.171+0000] {processor.py:179} INFO - Processing /home/airflow/.local/lib/python3.7/site-packages/airflow/example_dags/example_local_kubernetes_executor.py took 0.325 seconds
[2023-08-11T08:22:05.247+0000] {processor.py:157} INFO - Started process (PID=4064) to work on /home/airflow/.local/lib/python3.7/site-packages/airflow/example_dags/example_local_kubernetes_executor.py
[2023-08-11T08:22:05.248+0000] {processor.py:826} INFO - Processing file /home/airflow/.local/lib/python3.7/site-packages/airflow/example_dags/example_local_kubernetes_executor.py for tasks to queue
[2023-08-11T08:22:05.249+0000] {logging_mixin.py:150} INFO - [2023-08-11T08:22:05.249+0000] {dagbag.py:541} INFO - Filling up the DagBag from /home/airflow/.local/lib/python3.7/site-packages/airflow/example_dags/example_local_kubernetes_executor.py
[2023-08-11T08:22:05.604+0000] {processor.py:836} INFO - DAG(s) dict_keys(['example_local_kubernetes_executor']) retrieved from /home/airflow/.local/lib/python3.7/site-packages/airflow/example_dags/example_local_kubernetes_executor.py
[2023-08-11T08:22:05.659+0000] {logging_mixin.py:150} INFO - [2023-08-11T08:22:05.659+0000] {dag.py:2742} INFO - Sync 1 DAGs
[2023-08-11T08:22:05.698+0000] {logging_mixin.py:150} INFO - [2023-08-11T08:22:05.698+0000] {dag.py:3508} INFO - Setting next_dagrun for example_local_kubernetes_executor to None, run_after=None
[2023-08-11T08:22:05.725+0000] {processor.py:179} INFO - Processing /home/airflow/.local/lib/python3.7/site-packages/airflow/example_dags/example_local_kubernetes_executor.py took 0.483 seconds
