[2023-08-11T07:52:48.488+0000] {processor.py:157} INFO - Started process (PID=62) to work on /home/airflow/.local/lib/python3.7/site-packages/airflow/example_dags/example_bash_operator.py
[2023-08-11T07:52:48.496+0000] {processor.py:826} INFO - Processing file /home/airflow/.local/lib/python3.7/site-packages/airflow/example_dags/example_bash_operator.py for tasks to queue
[2023-08-11T07:52:48.506+0000] {logging_mixin.py:150} INFO - [2023-08-11T07:52:48.502+0000] {dagbag.py:541} INFO - Filling up the DagBag from /home/airflow/.local/lib/python3.7/site-packages/airflow/example_dags/example_bash_operator.py
[2023-08-11T07:52:48.562+0000] {processor.py:836} INFO - DAG(s) dict_keys(['example_bash_operator']) retrieved from /home/airflow/.local/lib/python3.7/site-packages/airflow/example_dags/example_bash_operator.py
[2023-08-11T07:52:48.624+0000] {logging_mixin.py:150} INFO - [2023-08-11T07:52:48.624+0000] {dag.py:2742} INFO - Sync 1 DAGs
[2023-08-11T07:52:48.750+0000] {logging_mixin.py:150} INFO - [2023-08-11T07:52:48.750+0000] {dag.py:3508} INFO - Setting next_dagrun for example_bash_operator to 2023-08-10T00:00:00+00:00, run_after=2023-08-11T00:00:00+00:00
[2023-08-11T07:52:48.825+0000] {processor.py:179} INFO - Processing /home/airflow/.local/lib/python3.7/site-packages/airflow/example_dags/example_bash_operator.py took 0.370 seconds
[2023-08-11T07:53:18.847+0000] {processor.py:157} INFO - Started process (PID=127) to work on /home/airflow/.local/lib/python3.7/site-packages/airflow/example_dags/example_bash_operator.py
[2023-08-11T07:53:18.848+0000] {processor.py:826} INFO - Processing file /home/airflow/.local/lib/python3.7/site-packages/airflow/example_dags/example_bash_operator.py for tasks to queue
[2023-08-11T07:53:18.849+0000] {logging_mixin.py:150} INFO - [2023-08-11T07:53:18.848+0000] {dagbag.py:541} INFO - Filling up the DagBag from /home/airflow/.local/lib/python3.7/site-packages/airflow/example_dags/example_bash_operator.py
[2023-08-11T07:53:18.861+0000] {processor.py:836} INFO - DAG(s) dict_keys(['example_bash_operator']) retrieved from /home/airflow/.local/lib/python3.7/site-packages/airflow/example_dags/example_bash_operator.py
[2023-08-11T07:53:18.897+0000] {logging_mixin.py:150} INFO - [2023-08-11T07:53:18.897+0000] {dag.py:2742} INFO - Sync 1 DAGs
[2023-08-11T07:53:18.921+0000] {logging_mixin.py:150} INFO - [2023-08-11T07:53:18.921+0000] {dag.py:3508} INFO - Setting next_dagrun for example_bash_operator to 2023-08-10T00:00:00+00:00, run_after=2023-08-11T00:00:00+00:00
[2023-08-11T07:53:18.949+0000] {processor.py:179} INFO - Processing /home/airflow/.local/lib/python3.7/site-packages/airflow/example_dags/example_bash_operator.py took 0.104 seconds
[2023-08-11T07:53:49.713+0000] {processor.py:157} INFO - Started process (PID=192) to work on /home/airflow/.local/lib/python3.7/site-packages/airflow/example_dags/example_bash_operator.py
[2023-08-11T07:53:49.714+0000] {processor.py:826} INFO - Processing file /home/airflow/.local/lib/python3.7/site-packages/airflow/example_dags/example_bash_operator.py for tasks to queue
[2023-08-11T07:53:49.715+0000] {logging_mixin.py:150} INFO - [2023-08-11T07:53:49.714+0000] {dagbag.py:541} INFO - Filling up the DagBag from /home/airflow/.local/lib/python3.7/site-packages/airflow/example_dags/example_bash_operator.py
[2023-08-11T07:53:49.736+0000] {processor.py:836} INFO - DAG(s) dict_keys(['example_bash_operator']) retrieved from /home/airflow/.local/lib/python3.7/site-packages/airflow/example_dags/example_bash_operator.py
[2023-08-11T07:53:49.793+0000] {logging_mixin.py:150} INFO - [2023-08-11T07:53:49.793+0000] {dag.py:2742} INFO - Sync 1 DAGs
[2023-08-11T07:53:49.857+0000] {logging_mixin.py:150} INFO - [2023-08-11T07:53:49.856+0000] {dag.py:3508} INFO - Setting next_dagrun for example_bash_operator to 2023-08-10T00:00:00+00:00, run_after=2023-08-11T00:00:00+00:00
[2023-08-11T07:53:49.907+0000] {processor.py:179} INFO - Processing /home/airflow/.local/lib/python3.7/site-packages/airflow/example_dags/example_bash_operator.py took 0.199 seconds
[2023-08-11T07:54:20.393+0000] {processor.py:157} INFO - Started process (PID=257) to work on /home/airflow/.local/lib/python3.7/site-packages/airflow/example_dags/example_bash_operator.py
[2023-08-11T07:54:20.394+0000] {processor.py:826} INFO - Processing file /home/airflow/.local/lib/python3.7/site-packages/airflow/example_dags/example_bash_operator.py for tasks to queue
[2023-08-11T07:54:20.396+0000] {logging_mixin.py:150} INFO - [2023-08-11T07:54:20.395+0000] {dagbag.py:541} INFO - Filling up the DagBag from /home/airflow/.local/lib/python3.7/site-packages/airflow/example_dags/example_bash_operator.py
[2023-08-11T07:54:20.412+0000] {processor.py:836} INFO - DAG(s) dict_keys(['example_bash_operator']) retrieved from /home/airflow/.local/lib/python3.7/site-packages/airflow/example_dags/example_bash_operator.py
[2023-08-11T07:54:20.462+0000] {logging_mixin.py:150} INFO - [2023-08-11T07:54:20.461+0000] {dag.py:2742} INFO - Sync 1 DAGs
[2023-08-11T07:54:20.493+0000] {logging_mixin.py:150} INFO - [2023-08-11T07:54:20.493+0000] {dag.py:3508} INFO - Setting next_dagrun for example_bash_operator to 2023-08-10T00:00:00+00:00, run_after=2023-08-11T00:00:00+00:00
[2023-08-11T07:54:20.516+0000] {processor.py:179} INFO - Processing /home/airflow/.local/lib/python3.7/site-packages/airflow/example_dags/example_bash_operator.py took 0.127 seconds
[2023-08-11T07:54:51.161+0000] {processor.py:157} INFO - Started process (PID=322) to work on /home/airflow/.local/lib/python3.7/site-packages/airflow/example_dags/example_bash_operator.py
[2023-08-11T07:54:51.163+0000] {processor.py:826} INFO - Processing file /home/airflow/.local/lib/python3.7/site-packages/airflow/example_dags/example_bash_operator.py for tasks to queue
[2023-08-11T07:54:51.164+0000] {logging_mixin.py:150} INFO - [2023-08-11T07:54:51.163+0000] {dagbag.py:541} INFO - Filling up the DagBag from /home/airflow/.local/lib/python3.7/site-packages/airflow/example_dags/example_bash_operator.py
[2023-08-11T07:54:51.200+0000] {processor.py:836} INFO - DAG(s) dict_keys(['example_bash_operator']) retrieved from /home/airflow/.local/lib/python3.7/site-packages/airflow/example_dags/example_bash_operator.py
[2023-08-11T07:54:51.301+0000] {logging_mixin.py:150} INFO - [2023-08-11T07:54:51.300+0000] {dag.py:2742} INFO - Sync 1 DAGs
[2023-08-11T07:54:51.347+0000] {logging_mixin.py:150} INFO - [2023-08-11T07:54:51.346+0000] {dag.py:3508} INFO - Setting next_dagrun for example_bash_operator to 2023-08-10T00:00:00+00:00, run_after=2023-08-11T00:00:00+00:00
[2023-08-11T07:54:51.390+0000] {processor.py:179} INFO - Processing /home/airflow/.local/lib/python3.7/site-packages/airflow/example_dags/example_bash_operator.py took 0.234 seconds
[2023-08-11T07:55:22.292+0000] {processor.py:157} INFO - Started process (PID=388) to work on /home/airflow/.local/lib/python3.7/site-packages/airflow/example_dags/example_bash_operator.py
[2023-08-11T07:55:22.293+0000] {processor.py:826} INFO - Processing file /home/airflow/.local/lib/python3.7/site-packages/airflow/example_dags/example_bash_operator.py for tasks to queue
[2023-08-11T07:55:22.294+0000] {logging_mixin.py:150} INFO - [2023-08-11T07:55:22.294+0000] {dagbag.py:541} INFO - Filling up the DagBag from /home/airflow/.local/lib/python3.7/site-packages/airflow/example_dags/example_bash_operator.py
[2023-08-11T07:55:22.309+0000] {processor.py:836} INFO - DAG(s) dict_keys(['example_bash_operator']) retrieved from /home/airflow/.local/lib/python3.7/site-packages/airflow/example_dags/example_bash_operator.py
[2023-08-11T07:55:22.346+0000] {logging_mixin.py:150} INFO - [2023-08-11T07:55:22.346+0000] {dag.py:2742} INFO - Sync 1 DAGs
[2023-08-11T07:55:22.376+0000] {logging_mixin.py:150} INFO - [2023-08-11T07:55:22.376+0000] {dag.py:3508} INFO - Setting next_dagrun for example_bash_operator to 2023-08-10T00:00:00+00:00, run_after=2023-08-11T00:00:00+00:00
[2023-08-11T07:55:22.394+0000] {processor.py:179} INFO - Processing /home/airflow/.local/lib/python3.7/site-packages/airflow/example_dags/example_bash_operator.py took 0.106 seconds
[2023-08-11T07:55:53.094+0000] {processor.py:157} INFO - Started process (PID=453) to work on /home/airflow/.local/lib/python3.7/site-packages/airflow/example_dags/example_bash_operator.py
[2023-08-11T07:55:53.101+0000] {processor.py:826} INFO - Processing file /home/airflow/.local/lib/python3.7/site-packages/airflow/example_dags/example_bash_operator.py for tasks to queue
[2023-08-11T07:55:53.102+0000] {logging_mixin.py:150} INFO - [2023-08-11T07:55:53.101+0000] {dagbag.py:541} INFO - Filling up the DagBag from /home/airflow/.local/lib/python3.7/site-packages/airflow/example_dags/example_bash_operator.py
[2023-08-11T07:55:53.114+0000] {processor.py:836} INFO - DAG(s) dict_keys(['example_bash_operator']) retrieved from /home/airflow/.local/lib/python3.7/site-packages/airflow/example_dags/example_bash_operator.py
[2023-08-11T07:55:53.150+0000] {logging_mixin.py:150} INFO - [2023-08-11T07:55:53.150+0000] {dag.py:2742} INFO - Sync 1 DAGs
[2023-08-11T07:55:53.178+0000] {logging_mixin.py:150} INFO - [2023-08-11T07:55:53.178+0000] {dag.py:3508} INFO - Setting next_dagrun for example_bash_operator to 2023-08-10T00:00:00+00:00, run_after=2023-08-11T00:00:00+00:00
[2023-08-11T07:55:53.199+0000] {processor.py:179} INFO - Processing /home/airflow/.local/lib/python3.7/site-packages/airflow/example_dags/example_bash_operator.py took 0.109 seconds
[2023-08-11T07:56:23.554+0000] {processor.py:157} INFO - Started process (PID=518) to work on /home/airflow/.local/lib/python3.7/site-packages/airflow/example_dags/example_bash_operator.py
[2023-08-11T07:56:23.556+0000] {processor.py:826} INFO - Processing file /home/airflow/.local/lib/python3.7/site-packages/airflow/example_dags/example_bash_operator.py for tasks to queue
[2023-08-11T07:56:23.558+0000] {logging_mixin.py:150} INFO - [2023-08-11T07:56:23.557+0000] {dagbag.py:541} INFO - Filling up the DagBag from /home/airflow/.local/lib/python3.7/site-packages/airflow/example_dags/example_bash_operator.py
[2023-08-11T07:56:23.573+0000] {processor.py:836} INFO - DAG(s) dict_keys(['example_bash_operator']) retrieved from /home/airflow/.local/lib/python3.7/site-packages/airflow/example_dags/example_bash_operator.py
[2023-08-11T07:56:23.612+0000] {logging_mixin.py:150} INFO - [2023-08-11T07:56:23.612+0000] {dag.py:2742} INFO - Sync 1 DAGs
[2023-08-11T07:56:23.640+0000] {logging_mixin.py:150} INFO - [2023-08-11T07:56:23.640+0000] {dag.py:3508} INFO - Setting next_dagrun for example_bash_operator to 2023-08-10T00:00:00+00:00, run_after=2023-08-11T00:00:00+00:00
[2023-08-11T07:56:23.669+0000] {processor.py:179} INFO - Processing /home/airflow/.local/lib/python3.7/site-packages/airflow/example_dags/example_bash_operator.py took 0.118 seconds
[2023-08-11T07:56:53.845+0000] {processor.py:157} INFO - Started process (PID=583) to work on /home/airflow/.local/lib/python3.7/site-packages/airflow/example_dags/example_bash_operator.py
[2023-08-11T07:56:53.848+0000] {processor.py:826} INFO - Processing file /home/airflow/.local/lib/python3.7/site-packages/airflow/example_dags/example_bash_operator.py for tasks to queue
[2023-08-11T07:56:53.851+0000] {logging_mixin.py:150} INFO - [2023-08-11T07:56:53.849+0000] {dagbag.py:541} INFO - Filling up the DagBag from /home/airflow/.local/lib/python3.7/site-packages/airflow/example_dags/example_bash_operator.py
[2023-08-11T07:56:53.885+0000] {processor.py:836} INFO - DAG(s) dict_keys(['example_bash_operator']) retrieved from /home/airflow/.local/lib/python3.7/site-packages/airflow/example_dags/example_bash_operator.py
[2023-08-11T07:56:53.971+0000] {logging_mixin.py:150} INFO - [2023-08-11T07:56:53.970+0000] {dag.py:2742} INFO - Sync 1 DAGs
[2023-08-11T07:56:54.029+0000] {logging_mixin.py:150} INFO - [2023-08-11T07:56:54.029+0000] {dag.py:3508} INFO - Setting next_dagrun for example_bash_operator to 2023-08-10T00:00:00+00:00, run_after=2023-08-11T00:00:00+00:00
[2023-08-11T07:56:54.069+0000] {processor.py:179} INFO - Processing /home/airflow/.local/lib/python3.7/site-packages/airflow/example_dags/example_bash_operator.py took 0.236 seconds
[2023-08-11T07:57:24.101+0000] {processor.py:157} INFO - Started process (PID=648) to work on /home/airflow/.local/lib/python3.7/site-packages/airflow/example_dags/example_bash_operator.py
[2023-08-11T07:57:24.102+0000] {processor.py:826} INFO - Processing file /home/airflow/.local/lib/python3.7/site-packages/airflow/example_dags/example_bash_operator.py for tasks to queue
[2023-08-11T07:57:24.102+0000] {logging_mixin.py:150} INFO - [2023-08-11T07:57:24.102+0000] {dagbag.py:541} INFO - Filling up the DagBag from /home/airflow/.local/lib/python3.7/site-packages/airflow/example_dags/example_bash_operator.py
[2023-08-11T07:57:24.122+0000] {processor.py:836} INFO - DAG(s) dict_keys(['example_bash_operator']) retrieved from /home/airflow/.local/lib/python3.7/site-packages/airflow/example_dags/example_bash_operator.py
[2023-08-11T07:57:24.182+0000] {logging_mixin.py:150} INFO - [2023-08-11T07:57:24.182+0000] {dag.py:2742} INFO - Sync 1 DAGs
[2023-08-11T07:57:24.221+0000] {logging_mixin.py:150} INFO - [2023-08-11T07:57:24.221+0000] {dag.py:3508} INFO - Setting next_dagrun for example_bash_operator to 2023-08-10T00:00:00+00:00, run_after=2023-08-11T00:00:00+00:00
[2023-08-11T07:57:24.256+0000] {processor.py:179} INFO - Processing /home/airflow/.local/lib/python3.7/site-packages/airflow/example_dags/example_bash_operator.py took 0.159 seconds
[2023-08-11T07:57:55.066+0000] {processor.py:157} INFO - Started process (PID=714) to work on /home/airflow/.local/lib/python3.7/site-packages/airflow/example_dags/example_bash_operator.py
[2023-08-11T07:57:55.074+0000] {processor.py:826} INFO - Processing file /home/airflow/.local/lib/python3.7/site-packages/airflow/example_dags/example_bash_operator.py for tasks to queue
[2023-08-11T07:57:55.075+0000] {logging_mixin.py:150} INFO - [2023-08-11T07:57:55.075+0000] {dagbag.py:541} INFO - Filling up the DagBag from /home/airflow/.local/lib/python3.7/site-packages/airflow/example_dags/example_bash_operator.py
[2023-08-11T07:57:55.091+0000] {processor.py:836} INFO - DAG(s) dict_keys(['example_bash_operator']) retrieved from /home/airflow/.local/lib/python3.7/site-packages/airflow/example_dags/example_bash_operator.py
[2023-08-11T07:57:55.156+0000] {logging_mixin.py:150} INFO - [2023-08-11T07:57:55.156+0000] {dag.py:2742} INFO - Sync 1 DAGs
[2023-08-11T07:57:55.187+0000] {logging_mixin.py:150} INFO - [2023-08-11T07:57:55.186+0000] {dag.py:3508} INFO - Setting next_dagrun for example_bash_operator to 2023-08-10T00:00:00+00:00, run_after=2023-08-11T00:00:00+00:00
[2023-08-11T07:57:55.230+0000] {processor.py:179} INFO - Processing /home/airflow/.local/lib/python3.7/site-packages/airflow/example_dags/example_bash_operator.py took 0.169 seconds
[2023-08-11T07:58:25.319+0000] {processor.py:157} INFO - Started process (PID=780) to work on /home/airflow/.local/lib/python3.7/site-packages/airflow/example_dags/example_bash_operator.py
[2023-08-11T07:58:25.320+0000] {processor.py:826} INFO - Processing file /home/airflow/.local/lib/python3.7/site-packages/airflow/example_dags/example_bash_operator.py for tasks to queue
[2023-08-11T07:58:25.321+0000] {logging_mixin.py:150} INFO - [2023-08-11T07:58:25.321+0000] {dagbag.py:541} INFO - Filling up the DagBag from /home/airflow/.local/lib/python3.7/site-packages/airflow/example_dags/example_bash_operator.py
[2023-08-11T07:58:25.335+0000] {processor.py:836} INFO - DAG(s) dict_keys(['example_bash_operator']) retrieved from /home/airflow/.local/lib/python3.7/site-packages/airflow/example_dags/example_bash_operator.py
[2023-08-11T07:58:25.378+0000] {logging_mixin.py:150} INFO - [2023-08-11T07:58:25.378+0000] {dag.py:2742} INFO - Sync 1 DAGs
[2023-08-11T07:58:25.404+0000] {logging_mixin.py:150} INFO - [2023-08-11T07:58:25.404+0000] {dag.py:3508} INFO - Setting next_dagrun for example_bash_operator to 2023-08-10T00:00:00+00:00, run_after=2023-08-11T00:00:00+00:00
[2023-08-11T07:58:25.426+0000] {processor.py:179} INFO - Processing /home/airflow/.local/lib/python3.7/site-packages/airflow/example_dags/example_bash_operator.py took 0.109 seconds
[2023-08-11T07:58:55.557+0000] {processor.py:157} INFO - Started process (PID=846) to work on /home/airflow/.local/lib/python3.7/site-packages/airflow/example_dags/example_bash_operator.py
[2023-08-11T07:58:55.558+0000] {processor.py:826} INFO - Processing file /home/airflow/.local/lib/python3.7/site-packages/airflow/example_dags/example_bash_operator.py for tasks to queue
[2023-08-11T07:58:55.559+0000] {logging_mixin.py:150} INFO - [2023-08-11T07:58:55.559+0000] {dagbag.py:541} INFO - Filling up the DagBag from /home/airflow/.local/lib/python3.7/site-packages/airflow/example_dags/example_bash_operator.py
[2023-08-11T07:58:55.573+0000] {processor.py:836} INFO - DAG(s) dict_keys(['example_bash_operator']) retrieved from /home/airflow/.local/lib/python3.7/site-packages/airflow/example_dags/example_bash_operator.py
[2023-08-11T07:58:55.609+0000] {logging_mixin.py:150} INFO - [2023-08-11T07:58:55.609+0000] {dag.py:2742} INFO - Sync 1 DAGs
[2023-08-11T07:58:55.643+0000] {logging_mixin.py:150} INFO - [2023-08-11T07:58:55.643+0000] {dag.py:3508} INFO - Setting next_dagrun for example_bash_operator to 2023-08-10T00:00:00+00:00, run_after=2023-08-11T00:00:00+00:00
[2023-08-11T07:58:55.665+0000] {processor.py:179} INFO - Processing /home/airflow/.local/lib/python3.7/site-packages/airflow/example_dags/example_bash_operator.py took 0.110 seconds
[2023-08-11T07:59:26.715+0000] {processor.py:157} INFO - Started process (PID=912) to work on /home/airflow/.local/lib/python3.7/site-packages/airflow/example_dags/example_bash_operator.py
[2023-08-11T07:59:26.717+0000] {processor.py:826} INFO - Processing file /home/airflow/.local/lib/python3.7/site-packages/airflow/example_dags/example_bash_operator.py for tasks to queue
[2023-08-11T07:59:26.718+0000] {logging_mixin.py:150} INFO - [2023-08-11T07:59:26.718+0000] {dagbag.py:541} INFO - Filling up the DagBag from /home/airflow/.local/lib/python3.7/site-packages/airflow/example_dags/example_bash_operator.py
[2023-08-11T07:59:26.736+0000] {processor.py:836} INFO - DAG(s) dict_keys(['example_bash_operator']) retrieved from /home/airflow/.local/lib/python3.7/site-packages/airflow/example_dags/example_bash_operator.py
[2023-08-11T07:59:26.755+0000] {logging_mixin.py:150} INFO - [2023-08-11T07:59:26.755+0000] {dag.py:2742} INFO - Sync 1 DAGs
[2023-08-11T07:59:26.792+0000] {logging_mixin.py:150} INFO - [2023-08-11T07:59:26.792+0000] {dag.py:3508} INFO - Setting next_dagrun for example_bash_operator to 2023-08-10T00:00:00+00:00, run_after=2023-08-11T00:00:00+00:00
[2023-08-11T07:59:26.822+0000] {processor.py:179} INFO - Processing /home/airflow/.local/lib/python3.7/site-packages/airflow/example_dags/example_bash_operator.py took 0.111 seconds
[2023-08-11T07:59:57.557+0000] {processor.py:157} INFO - Started process (PID=981) to work on /home/airflow/.local/lib/python3.7/site-packages/airflow/example_dags/example_bash_operator.py
[2023-08-11T07:59:57.557+0000] {processor.py:826} INFO - Processing file /home/airflow/.local/lib/python3.7/site-packages/airflow/example_dags/example_bash_operator.py for tasks to queue
[2023-08-11T07:59:57.558+0000] {logging_mixin.py:150} INFO - [2023-08-11T07:59:57.558+0000] {dagbag.py:541} INFO - Filling up the DagBag from /home/airflow/.local/lib/python3.7/site-packages/airflow/example_dags/example_bash_operator.py
[2023-08-11T07:59:57.575+0000] {processor.py:836} INFO - DAG(s) dict_keys(['example_bash_operator']) retrieved from /home/airflow/.local/lib/python3.7/site-packages/airflow/example_dags/example_bash_operator.py
[2023-08-11T07:59:57.621+0000] {logging_mixin.py:150} INFO - [2023-08-11T07:59:57.621+0000] {dag.py:2742} INFO - Sync 1 DAGs
[2023-08-11T07:59:57.649+0000] {logging_mixin.py:150} INFO - [2023-08-11T07:59:57.648+0000] {dag.py:3508} INFO - Setting next_dagrun for example_bash_operator to 2023-08-10T00:00:00+00:00, run_after=2023-08-11T00:00:00+00:00
[2023-08-11T07:59:57.675+0000] {processor.py:179} INFO - Processing /home/airflow/.local/lib/python3.7/site-packages/airflow/example_dags/example_bash_operator.py took 0.121 seconds
[2023-08-11T08:00:28.234+0000] {processor.py:157} INFO - Started process (PID=1052) to work on /home/airflow/.local/lib/python3.7/site-packages/airflow/example_dags/example_bash_operator.py
[2023-08-11T08:00:28.235+0000] {processor.py:826} INFO - Processing file /home/airflow/.local/lib/python3.7/site-packages/airflow/example_dags/example_bash_operator.py for tasks to queue
[2023-08-11T08:00:28.238+0000] {logging_mixin.py:150} INFO - [2023-08-11T08:00:28.236+0000] {dagbag.py:541} INFO - Filling up the DagBag from /home/airflow/.local/lib/python3.7/site-packages/airflow/example_dags/example_bash_operator.py
[2023-08-11T08:00:28.258+0000] {processor.py:836} INFO - DAG(s) dict_keys(['example_bash_operator']) retrieved from /home/airflow/.local/lib/python3.7/site-packages/airflow/example_dags/example_bash_operator.py
[2023-08-11T08:00:28.310+0000] {logging_mixin.py:150} INFO - [2023-08-11T08:00:28.309+0000] {dag.py:2742} INFO - Sync 1 DAGs
[2023-08-11T08:00:28.346+0000] {logging_mixin.py:150} INFO - [2023-08-11T08:00:28.346+0000] {dag.py:3508} INFO - Setting next_dagrun for example_bash_operator to 2023-08-10T00:00:00+00:00, run_after=2023-08-11T00:00:00+00:00
[2023-08-11T08:00:28.378+0000] {processor.py:179} INFO - Processing /home/airflow/.local/lib/python3.7/site-packages/airflow/example_dags/example_bash_operator.py took 0.147 seconds
[2023-08-11T08:00:59.117+0000] {processor.py:157} INFO - Started process (PID=1118) to work on /home/airflow/.local/lib/python3.7/site-packages/airflow/example_dags/example_bash_operator.py
[2023-08-11T08:00:59.119+0000] {processor.py:826} INFO - Processing file /home/airflow/.local/lib/python3.7/site-packages/airflow/example_dags/example_bash_operator.py for tasks to queue
[2023-08-11T08:00:59.122+0000] {logging_mixin.py:150} INFO - [2023-08-11T08:00:59.121+0000] {dagbag.py:541} INFO - Filling up the DagBag from /home/airflow/.local/lib/python3.7/site-packages/airflow/example_dags/example_bash_operator.py
[2023-08-11T08:00:59.145+0000] {processor.py:836} INFO - DAG(s) dict_keys(['example_bash_operator']) retrieved from /home/airflow/.local/lib/python3.7/site-packages/airflow/example_dags/example_bash_operator.py
[2023-08-11T08:00:59.204+0000] {logging_mixin.py:150} INFO - [2023-08-11T08:00:59.203+0000] {dag.py:2742} INFO - Sync 1 DAGs
[2023-08-11T08:00:59.256+0000] {logging_mixin.py:150} INFO - [2023-08-11T08:00:59.256+0000] {dag.py:3508} INFO - Setting next_dagrun for example_bash_operator to 2023-08-10T00:00:00+00:00, run_after=2023-08-11T00:00:00+00:00
[2023-08-11T08:00:59.297+0000] {processor.py:179} INFO - Processing /home/airflow/.local/lib/python3.7/site-packages/airflow/example_dags/example_bash_operator.py took 0.185 seconds
[2023-08-11T08:01:29.348+0000] {processor.py:157} INFO - Started process (PID=1186) to work on /home/airflow/.local/lib/python3.7/site-packages/airflow/example_dags/example_bash_operator.py
[2023-08-11T08:01:29.349+0000] {processor.py:826} INFO - Processing file /home/airflow/.local/lib/python3.7/site-packages/airflow/example_dags/example_bash_operator.py for tasks to queue
[2023-08-11T08:01:29.351+0000] {logging_mixin.py:150} INFO - [2023-08-11T08:01:29.351+0000] {dagbag.py:541} INFO - Filling up the DagBag from /home/airflow/.local/lib/python3.7/site-packages/airflow/example_dags/example_bash_operator.py
[2023-08-11T08:01:29.368+0000] {processor.py:836} INFO - DAG(s) dict_keys(['example_bash_operator']) retrieved from /home/airflow/.local/lib/python3.7/site-packages/airflow/example_dags/example_bash_operator.py
[2023-08-11T08:01:29.411+0000] {logging_mixin.py:150} INFO - [2023-08-11T08:01:29.411+0000] {dag.py:2742} INFO - Sync 1 DAGs
[2023-08-11T08:01:29.454+0000] {logging_mixin.py:150} INFO - [2023-08-11T08:01:29.454+0000] {dag.py:3508} INFO - Setting next_dagrun for example_bash_operator to 2023-08-10T00:00:00+00:00, run_after=2023-08-11T00:00:00+00:00
[2023-08-11T08:01:29.485+0000] {processor.py:179} INFO - Processing /home/airflow/.local/lib/python3.7/site-packages/airflow/example_dags/example_bash_operator.py took 0.141 seconds
[2023-08-11T08:01:59.673+0000] {processor.py:157} INFO - Started process (PID=1252) to work on /home/airflow/.local/lib/python3.7/site-packages/airflow/example_dags/example_bash_operator.py
[2023-08-11T08:01:59.675+0000] {processor.py:826} INFO - Processing file /home/airflow/.local/lib/python3.7/site-packages/airflow/example_dags/example_bash_operator.py for tasks to queue
[2023-08-11T08:01:59.676+0000] {logging_mixin.py:150} INFO - [2023-08-11T08:01:59.676+0000] {dagbag.py:541} INFO - Filling up the DagBag from /home/airflow/.local/lib/python3.7/site-packages/airflow/example_dags/example_bash_operator.py
[2023-08-11T08:01:59.693+0000] {processor.py:836} INFO - DAG(s) dict_keys(['example_bash_operator']) retrieved from /home/airflow/.local/lib/python3.7/site-packages/airflow/example_dags/example_bash_operator.py
[2023-08-11T08:01:59.749+0000] {logging_mixin.py:150} INFO - [2023-08-11T08:01:59.749+0000] {dag.py:2742} INFO - Sync 1 DAGs
[2023-08-11T08:01:59.779+0000] {logging_mixin.py:150} INFO - [2023-08-11T08:01:59.779+0000] {dag.py:3508} INFO - Setting next_dagrun for example_bash_operator to 2023-08-10T00:00:00+00:00, run_after=2023-08-11T00:00:00+00:00
[2023-08-11T08:01:59.804+0000] {processor.py:179} INFO - Processing /home/airflow/.local/lib/python3.7/site-packages/airflow/example_dags/example_bash_operator.py took 0.134 seconds
[2023-08-11T08:02:29.909+0000] {processor.py:157} INFO - Started process (PID=1321) to work on /home/airflow/.local/lib/python3.7/site-packages/airflow/example_dags/example_bash_operator.py
[2023-08-11T08:02:29.910+0000] {processor.py:826} INFO - Processing file /home/airflow/.local/lib/python3.7/site-packages/airflow/example_dags/example_bash_operator.py for tasks to queue
[2023-08-11T08:02:29.912+0000] {logging_mixin.py:150} INFO - [2023-08-11T08:02:29.911+0000] {dagbag.py:541} INFO - Filling up the DagBag from /home/airflow/.local/lib/python3.7/site-packages/airflow/example_dags/example_bash_operator.py
[2023-08-11T08:02:29.929+0000] {processor.py:836} INFO - DAG(s) dict_keys(['example_bash_operator']) retrieved from /home/airflow/.local/lib/python3.7/site-packages/airflow/example_dags/example_bash_operator.py
[2023-08-11T08:02:29.985+0000] {logging_mixin.py:150} INFO - [2023-08-11T08:02:29.984+0000] {dag.py:2742} INFO - Sync 1 DAGs
[2023-08-11T08:02:30.026+0000] {logging_mixin.py:150} INFO - [2023-08-11T08:02:30.026+0000] {dag.py:3508} INFO - Setting next_dagrun for example_bash_operator to 2023-08-10T00:00:00+00:00, run_after=2023-08-11T00:00:00+00:00
[2023-08-11T08:02:30.070+0000] {processor.py:179} INFO - Processing /home/airflow/.local/lib/python3.7/site-packages/airflow/example_dags/example_bash_operator.py took 0.165 seconds
[2023-08-11T08:03:00.458+0000] {processor.py:157} INFO - Started process (PID=1387) to work on /home/airflow/.local/lib/python3.7/site-packages/airflow/example_dags/example_bash_operator.py
[2023-08-11T08:03:00.462+0000] {processor.py:826} INFO - Processing file /home/airflow/.local/lib/python3.7/site-packages/airflow/example_dags/example_bash_operator.py for tasks to queue
[2023-08-11T08:03:00.464+0000] {logging_mixin.py:150} INFO - [2023-08-11T08:03:00.464+0000] {dagbag.py:541} INFO - Filling up the DagBag from /home/airflow/.local/lib/python3.7/site-packages/airflow/example_dags/example_bash_operator.py
[2023-08-11T08:03:00.483+0000] {processor.py:836} INFO - DAG(s) dict_keys(['example_bash_operator']) retrieved from /home/airflow/.local/lib/python3.7/site-packages/airflow/example_dags/example_bash_operator.py
[2023-08-11T08:03:00.533+0000] {logging_mixin.py:150} INFO - [2023-08-11T08:03:00.532+0000] {dag.py:2742} INFO - Sync 1 DAGs
[2023-08-11T08:03:00.573+0000] {logging_mixin.py:150} INFO - [2023-08-11T08:03:00.572+0000] {dag.py:3508} INFO - Setting next_dagrun for example_bash_operator to 2023-08-10T00:00:00+00:00, run_after=2023-08-11T00:00:00+00:00
[2023-08-11T08:03:00.602+0000] {processor.py:179} INFO - Processing /home/airflow/.local/lib/python3.7/site-packages/airflow/example_dags/example_bash_operator.py took 0.149 seconds
[2023-08-11T08:03:30.856+0000] {processor.py:157} INFO - Started process (PID=1454) to work on /home/airflow/.local/lib/python3.7/site-packages/airflow/example_dags/example_bash_operator.py
[2023-08-11T08:03:30.856+0000] {processor.py:826} INFO - Processing file /home/airflow/.local/lib/python3.7/site-packages/airflow/example_dags/example_bash_operator.py for tasks to queue
[2023-08-11T08:03:30.857+0000] {logging_mixin.py:150} INFO - [2023-08-11T08:03:30.857+0000] {dagbag.py:541} INFO - Filling up the DagBag from /home/airflow/.local/lib/python3.7/site-packages/airflow/example_dags/example_bash_operator.py
[2023-08-11T08:03:30.876+0000] {processor.py:836} INFO - DAG(s) dict_keys(['example_bash_operator']) retrieved from /home/airflow/.local/lib/python3.7/site-packages/airflow/example_dags/example_bash_operator.py
[2023-08-11T08:03:30.916+0000] {logging_mixin.py:150} INFO - [2023-08-11T08:03:30.916+0000] {dag.py:2742} INFO - Sync 1 DAGs
[2023-08-11T08:03:30.948+0000] {logging_mixin.py:150} INFO - [2023-08-11T08:03:30.947+0000] {dag.py:3508} INFO - Setting next_dagrun for example_bash_operator to 2023-08-10T00:00:00+00:00, run_after=2023-08-11T00:00:00+00:00
[2023-08-11T08:03:30.978+0000] {processor.py:179} INFO - Processing /home/airflow/.local/lib/python3.7/site-packages/airflow/example_dags/example_bash_operator.py took 0.126 seconds
[2023-08-11T08:04:01.675+0000] {processor.py:157} INFO - Started process (PID=1520) to work on /home/airflow/.local/lib/python3.7/site-packages/airflow/example_dags/example_bash_operator.py
[2023-08-11T08:04:01.677+0000] {processor.py:826} INFO - Processing file /home/airflow/.local/lib/python3.7/site-packages/airflow/example_dags/example_bash_operator.py for tasks to queue
[2023-08-11T08:04:01.679+0000] {logging_mixin.py:150} INFO - [2023-08-11T08:04:01.678+0000] {dagbag.py:541} INFO - Filling up the DagBag from /home/airflow/.local/lib/python3.7/site-packages/airflow/example_dags/example_bash_operator.py
[2023-08-11T08:04:01.707+0000] {processor.py:836} INFO - DAG(s) dict_keys(['example_bash_operator']) retrieved from /home/airflow/.local/lib/python3.7/site-packages/airflow/example_dags/example_bash_operator.py
[2023-08-11T08:04:01.810+0000] {logging_mixin.py:150} INFO - [2023-08-11T08:04:01.810+0000] {dag.py:2742} INFO - Sync 1 DAGs
[2023-08-11T08:04:01.844+0000] {logging_mixin.py:150} INFO - [2023-08-11T08:04:01.844+0000] {dag.py:3508} INFO - Setting next_dagrun for example_bash_operator to 2023-08-10T00:00:00+00:00, run_after=2023-08-11T00:00:00+00:00
[2023-08-11T08:04:01.874+0000] {processor.py:179} INFO - Processing /home/airflow/.local/lib/python3.7/site-packages/airflow/example_dags/example_bash_operator.py took 0.204 seconds
[2023-08-11T08:04:32.563+0000] {processor.py:157} INFO - Started process (PID=1601) to work on /home/airflow/.local/lib/python3.7/site-packages/airflow/example_dags/example_bash_operator.py
[2023-08-11T08:04:32.563+0000] {processor.py:826} INFO - Processing file /home/airflow/.local/lib/python3.7/site-packages/airflow/example_dags/example_bash_operator.py for tasks to queue
[2023-08-11T08:04:32.564+0000] {logging_mixin.py:150} INFO - [2023-08-11T08:04:32.564+0000] {dagbag.py:541} INFO - Filling up the DagBag from /home/airflow/.local/lib/python3.7/site-packages/airflow/example_dags/example_bash_operator.py
[2023-08-11T08:04:32.577+0000] {processor.py:836} INFO - DAG(s) dict_keys(['example_bash_operator']) retrieved from /home/airflow/.local/lib/python3.7/site-packages/airflow/example_dags/example_bash_operator.py
[2023-08-11T08:04:32.611+0000] {logging_mixin.py:150} INFO - [2023-08-11T08:04:32.611+0000] {dag.py:2742} INFO - Sync 1 DAGs
[2023-08-11T08:04:32.637+0000] {logging_mixin.py:150} INFO - [2023-08-11T08:04:32.637+0000] {dag.py:3508} INFO - Setting next_dagrun for example_bash_operator to 2023-08-10T00:00:00+00:00, run_after=2023-08-11T00:00:00+00:00
[2023-08-11T08:04:32.657+0000] {processor.py:179} INFO - Processing /home/airflow/.local/lib/python3.7/site-packages/airflow/example_dags/example_bash_operator.py took 0.098 seconds
[2023-08-11T08:05:03.344+0000] {processor.py:157} INFO - Started process (PID=1667) to work on /home/airflow/.local/lib/python3.7/site-packages/airflow/example_dags/example_bash_operator.py
[2023-08-11T08:05:03.345+0000] {processor.py:826} INFO - Processing file /home/airflow/.local/lib/python3.7/site-packages/airflow/example_dags/example_bash_operator.py for tasks to queue
[2023-08-11T08:05:03.346+0000] {logging_mixin.py:150} INFO - [2023-08-11T08:05:03.346+0000] {dagbag.py:541} INFO - Filling up the DagBag from /home/airflow/.local/lib/python3.7/site-packages/airflow/example_dags/example_bash_operator.py
[2023-08-11T08:05:03.360+0000] {processor.py:836} INFO - DAG(s) dict_keys(['example_bash_operator']) retrieved from /home/airflow/.local/lib/python3.7/site-packages/airflow/example_dags/example_bash_operator.py
[2023-08-11T08:05:03.395+0000] {logging_mixin.py:150} INFO - [2023-08-11T08:05:03.395+0000] {dag.py:2742} INFO - Sync 1 DAGs
[2023-08-11T08:05:03.427+0000] {logging_mixin.py:150} INFO - [2023-08-11T08:05:03.426+0000] {dag.py:3508} INFO - Setting next_dagrun for example_bash_operator to 2023-08-10T00:00:00+00:00, run_after=2023-08-11T00:00:00+00:00
[2023-08-11T08:05:03.452+0000] {processor.py:179} INFO - Processing /home/airflow/.local/lib/python3.7/site-packages/airflow/example_dags/example_bash_operator.py took 0.110 seconds
[2023-08-11T08:05:34.662+0000] {processor.py:157} INFO - Started process (PID=1734) to work on /home/airflow/.local/lib/python3.7/site-packages/airflow/example_dags/example_bash_operator.py
[2023-08-11T08:05:34.663+0000] {processor.py:826} INFO - Processing file /home/airflow/.local/lib/python3.7/site-packages/airflow/example_dags/example_bash_operator.py for tasks to queue
[2023-08-11T08:05:34.665+0000] {logging_mixin.py:150} INFO - [2023-08-11T08:05:34.664+0000] {dagbag.py:541} INFO - Filling up the DagBag from /home/airflow/.local/lib/python3.7/site-packages/airflow/example_dags/example_bash_operator.py
[2023-08-11T08:05:34.691+0000] {processor.py:836} INFO - DAG(s) dict_keys(['example_bash_operator']) retrieved from /home/airflow/.local/lib/python3.7/site-packages/airflow/example_dags/example_bash_operator.py
[2023-08-11T08:05:34.762+0000] {logging_mixin.py:150} INFO - [2023-08-11T08:05:34.762+0000] {dag.py:2742} INFO - Sync 1 DAGs
[2023-08-11T08:05:34.805+0000] {logging_mixin.py:150} INFO - [2023-08-11T08:05:34.805+0000] {dag.py:3508} INFO - Setting next_dagrun for example_bash_operator to 2023-08-10T00:00:00+00:00, run_after=2023-08-11T00:00:00+00:00
[2023-08-11T08:05:34.843+0000] {processor.py:179} INFO - Processing /home/airflow/.local/lib/python3.7/site-packages/airflow/example_dags/example_bash_operator.py took 0.186 seconds
[2023-08-11T08:06:05.994+0000] {processor.py:157} INFO - Started process (PID=1801) to work on /home/airflow/.local/lib/python3.7/site-packages/airflow/example_dags/example_bash_operator.py
[2023-08-11T08:06:05.995+0000] {processor.py:826} INFO - Processing file /home/airflow/.local/lib/python3.7/site-packages/airflow/example_dags/example_bash_operator.py for tasks to queue
[2023-08-11T08:06:05.996+0000] {logging_mixin.py:150} INFO - [2023-08-11T08:06:05.996+0000] {dagbag.py:541} INFO - Filling up the DagBag from /home/airflow/.local/lib/python3.7/site-packages/airflow/example_dags/example_bash_operator.py
[2023-08-11T08:06:06.028+0000] {processor.py:836} INFO - DAG(s) dict_keys(['example_bash_operator']) retrieved from /home/airflow/.local/lib/python3.7/site-packages/airflow/example_dags/example_bash_operator.py
[2023-08-11T08:06:06.112+0000] {logging_mixin.py:150} INFO - [2023-08-11T08:06:06.111+0000] {dag.py:2742} INFO - Sync 1 DAGs
[2023-08-11T08:06:06.165+0000] {logging_mixin.py:150} INFO - [2023-08-11T08:06:06.165+0000] {dag.py:3508} INFO - Setting next_dagrun for example_bash_operator to 2023-08-10T00:00:00+00:00, run_after=2023-08-11T00:00:00+00:00
[2023-08-11T08:06:06.226+0000] {processor.py:179} INFO - Processing /home/airflow/.local/lib/python3.7/site-packages/airflow/example_dags/example_bash_operator.py took 0.238 seconds
[2023-08-11T08:06:36.790+0000] {processor.py:157} INFO - Started process (PID=1871) to work on /home/airflow/.local/lib/python3.7/site-packages/airflow/example_dags/example_bash_operator.py
[2023-08-11T08:06:36.794+0000] {processor.py:826} INFO - Processing file /home/airflow/.local/lib/python3.7/site-packages/airflow/example_dags/example_bash_operator.py for tasks to queue
[2023-08-11T08:06:36.796+0000] {logging_mixin.py:150} INFO - [2023-08-11T08:06:36.795+0000] {dagbag.py:541} INFO - Filling up the DagBag from /home/airflow/.local/lib/python3.7/site-packages/airflow/example_dags/example_bash_operator.py
[2023-08-11T08:06:36.824+0000] {processor.py:836} INFO - DAG(s) dict_keys(['example_bash_operator']) retrieved from /home/airflow/.local/lib/python3.7/site-packages/airflow/example_dags/example_bash_operator.py
[2023-08-11T08:06:36.912+0000] {logging_mixin.py:150} INFO - [2023-08-11T08:06:36.911+0000] {dag.py:2742} INFO - Sync 1 DAGs
[2023-08-11T08:06:36.981+0000] {logging_mixin.py:150} INFO - [2023-08-11T08:06:36.980+0000] {dag.py:3508} INFO - Setting next_dagrun for example_bash_operator to 2023-08-10T00:00:00+00:00, run_after=2023-08-11T00:00:00+00:00
[2023-08-11T08:06:37.032+0000] {processor.py:179} INFO - Processing /home/airflow/.local/lib/python3.7/site-packages/airflow/example_dags/example_bash_operator.py took 0.251 seconds
[2023-08-11T08:07:07.108+0000] {processor.py:157} INFO - Started process (PID=1939) to work on /home/airflow/.local/lib/python3.7/site-packages/airflow/example_dags/example_bash_operator.py
[2023-08-11T08:07:07.109+0000] {processor.py:826} INFO - Processing file /home/airflow/.local/lib/python3.7/site-packages/airflow/example_dags/example_bash_operator.py for tasks to queue
[2023-08-11T08:07:07.109+0000] {logging_mixin.py:150} INFO - [2023-08-11T08:07:07.109+0000] {dagbag.py:541} INFO - Filling up the DagBag from /home/airflow/.local/lib/python3.7/site-packages/airflow/example_dags/example_bash_operator.py
[2023-08-11T08:07:07.127+0000] {processor.py:836} INFO - DAG(s) dict_keys(['example_bash_operator']) retrieved from /home/airflow/.local/lib/python3.7/site-packages/airflow/example_dags/example_bash_operator.py
[2023-08-11T08:07:07.178+0000] {logging_mixin.py:150} INFO - [2023-08-11T08:07:07.178+0000] {dag.py:2742} INFO - Sync 1 DAGs
[2023-08-11T08:07:07.215+0000] {logging_mixin.py:150} INFO - [2023-08-11T08:07:07.215+0000] {dag.py:3508} INFO - Setting next_dagrun for example_bash_operator to 2023-08-10T00:00:00+00:00, run_after=2023-08-11T00:00:00+00:00
[2023-08-11T08:07:07.247+0000] {processor.py:179} INFO - Processing /home/airflow/.local/lib/python3.7/site-packages/airflow/example_dags/example_bash_operator.py took 0.146 seconds
[2023-08-11T08:07:38.206+0000] {processor.py:157} INFO - Started process (PID=2008) to work on /home/airflow/.local/lib/python3.7/site-packages/airflow/example_dags/example_bash_operator.py
[2023-08-11T08:07:38.209+0000] {processor.py:826} INFO - Processing file /home/airflow/.local/lib/python3.7/site-packages/airflow/example_dags/example_bash_operator.py for tasks to queue
[2023-08-11T08:07:38.210+0000] {logging_mixin.py:150} INFO - [2023-08-11T08:07:38.210+0000] {dagbag.py:541} INFO - Filling up the DagBag from /home/airflow/.local/lib/python3.7/site-packages/airflow/example_dags/example_bash_operator.py
[2023-08-11T08:07:38.226+0000] {processor.py:836} INFO - DAG(s) dict_keys(['example_bash_operator']) retrieved from /home/airflow/.local/lib/python3.7/site-packages/airflow/example_dags/example_bash_operator.py
[2023-08-11T08:07:38.269+0000] {logging_mixin.py:150} INFO - [2023-08-11T08:07:38.269+0000] {dag.py:2742} INFO - Sync 1 DAGs
[2023-08-11T08:07:38.299+0000] {logging_mixin.py:150} INFO - [2023-08-11T08:07:38.299+0000] {dag.py:3508} INFO - Setting next_dagrun for example_bash_operator to 2023-08-10T00:00:00+00:00, run_after=2023-08-11T00:00:00+00:00
[2023-08-11T08:07:38.324+0000] {processor.py:179} INFO - Processing /home/airflow/.local/lib/python3.7/site-packages/airflow/example_dags/example_bash_operator.py took 0.121 seconds
[2023-08-11T08:08:08.481+0000] {processor.py:157} INFO - Started process (PID=2074) to work on /home/airflow/.local/lib/python3.7/site-packages/airflow/example_dags/example_bash_operator.py
[2023-08-11T08:08:08.488+0000] {processor.py:826} INFO - Processing file /home/airflow/.local/lib/python3.7/site-packages/airflow/example_dags/example_bash_operator.py for tasks to queue
[2023-08-11T08:08:08.489+0000] {logging_mixin.py:150} INFO - [2023-08-11T08:08:08.488+0000] {dagbag.py:541} INFO - Filling up the DagBag from /home/airflow/.local/lib/python3.7/site-packages/airflow/example_dags/example_bash_operator.py
[2023-08-11T08:08:08.502+0000] {processor.py:836} INFO - DAG(s) dict_keys(['example_bash_operator']) retrieved from /home/airflow/.local/lib/python3.7/site-packages/airflow/example_dags/example_bash_operator.py
[2023-08-11T08:08:08.538+0000] {logging_mixin.py:150} INFO - [2023-08-11T08:08:08.538+0000] {dag.py:2742} INFO - Sync 1 DAGs
[2023-08-11T08:08:08.563+0000] {logging_mixin.py:150} INFO - [2023-08-11T08:08:08.563+0000] {dag.py:3508} INFO - Setting next_dagrun for example_bash_operator to 2023-08-10T00:00:00+00:00, run_after=2023-08-11T00:00:00+00:00
[2023-08-11T08:08:08.584+0000] {processor.py:179} INFO - Processing /home/airflow/.local/lib/python3.7/site-packages/airflow/example_dags/example_bash_operator.py took 0.105 seconds
[2023-08-11T08:08:39.073+0000] {processor.py:157} INFO - Started process (PID=2140) to work on /home/airflow/.local/lib/python3.7/site-packages/airflow/example_dags/example_bash_operator.py
[2023-08-11T08:08:39.073+0000] {processor.py:826} INFO - Processing file /home/airflow/.local/lib/python3.7/site-packages/airflow/example_dags/example_bash_operator.py for tasks to queue
[2023-08-11T08:08:39.074+0000] {logging_mixin.py:150} INFO - [2023-08-11T08:08:39.074+0000] {dagbag.py:541} INFO - Filling up the DagBag from /home/airflow/.local/lib/python3.7/site-packages/airflow/example_dags/example_bash_operator.py
[2023-08-11T08:08:39.088+0000] {processor.py:836} INFO - DAG(s) dict_keys(['example_bash_operator']) retrieved from /home/airflow/.local/lib/python3.7/site-packages/airflow/example_dags/example_bash_operator.py
[2023-08-11T08:08:39.124+0000] {logging_mixin.py:150} INFO - [2023-08-11T08:08:39.124+0000] {dag.py:2742} INFO - Sync 1 DAGs
[2023-08-11T08:08:39.151+0000] {logging_mixin.py:150} INFO - [2023-08-11T08:08:39.151+0000] {dag.py:3508} INFO - Setting next_dagrun for example_bash_operator to 2023-08-10T00:00:00+00:00, run_after=2023-08-11T00:00:00+00:00
[2023-08-11T08:08:39.176+0000] {processor.py:179} INFO - Processing /home/airflow/.local/lib/python3.7/site-packages/airflow/example_dags/example_bash_operator.py took 0.106 seconds
[2023-08-11T08:09:09.550+0000] {processor.py:157} INFO - Started process (PID=2206) to work on /home/airflow/.local/lib/python3.7/site-packages/airflow/example_dags/example_bash_operator.py
[2023-08-11T08:09:09.551+0000] {processor.py:826} INFO - Processing file /home/airflow/.local/lib/python3.7/site-packages/airflow/example_dags/example_bash_operator.py for tasks to queue
[2023-08-11T08:09:09.552+0000] {logging_mixin.py:150} INFO - [2023-08-11T08:09:09.552+0000] {dagbag.py:541} INFO - Filling up the DagBag from /home/airflow/.local/lib/python3.7/site-packages/airflow/example_dags/example_bash_operator.py
[2023-08-11T08:09:09.566+0000] {processor.py:836} INFO - DAG(s) dict_keys(['example_bash_operator']) retrieved from /home/airflow/.local/lib/python3.7/site-packages/airflow/example_dags/example_bash_operator.py
[2023-08-11T08:09:09.601+0000] {logging_mixin.py:150} INFO - [2023-08-11T08:09:09.601+0000] {dag.py:2742} INFO - Sync 1 DAGs
[2023-08-11T08:09:09.626+0000] {logging_mixin.py:150} INFO - [2023-08-11T08:09:09.626+0000] {dag.py:3508} INFO - Setting next_dagrun for example_bash_operator to 2023-08-10T00:00:00+00:00, run_after=2023-08-11T00:00:00+00:00
[2023-08-11T08:09:09.652+0000] {processor.py:179} INFO - Processing /home/airflow/.local/lib/python3.7/site-packages/airflow/example_dags/example_bash_operator.py took 0.104 seconds
[2023-08-11T08:09:39.892+0000] {processor.py:157} INFO - Started process (PID=2272) to work on /home/airflow/.local/lib/python3.7/site-packages/airflow/example_dags/example_bash_operator.py
[2023-08-11T08:09:39.892+0000] {processor.py:826} INFO - Processing file /home/airflow/.local/lib/python3.7/site-packages/airflow/example_dags/example_bash_operator.py for tasks to queue
[2023-08-11T08:09:39.893+0000] {logging_mixin.py:150} INFO - [2023-08-11T08:09:39.893+0000] {dagbag.py:541} INFO - Filling up the DagBag from /home/airflow/.local/lib/python3.7/site-packages/airflow/example_dags/example_bash_operator.py
[2023-08-11T08:09:39.907+0000] {processor.py:836} INFO - DAG(s) dict_keys(['example_bash_operator']) retrieved from /home/airflow/.local/lib/python3.7/site-packages/airflow/example_dags/example_bash_operator.py
[2023-08-11T08:09:39.943+0000] {logging_mixin.py:150} INFO - [2023-08-11T08:09:39.943+0000] {dag.py:2742} INFO - Sync 1 DAGs
[2023-08-11T08:09:39.970+0000] {logging_mixin.py:150} INFO - [2023-08-11T08:09:39.970+0000] {dag.py:3508} INFO - Setting next_dagrun for example_bash_operator to 2023-08-10T00:00:00+00:00, run_after=2023-08-11T00:00:00+00:00
[2023-08-11T08:09:39.992+0000] {processor.py:179} INFO - Processing /home/airflow/.local/lib/python3.7/site-packages/airflow/example_dags/example_bash_operator.py took 0.104 seconds
[2023-08-11T08:10:10.669+0000] {processor.py:157} INFO - Started process (PID=2338) to work on /home/airflow/.local/lib/python3.7/site-packages/airflow/example_dags/example_bash_operator.py
[2023-08-11T08:10:10.671+0000] {processor.py:826} INFO - Processing file /home/airflow/.local/lib/python3.7/site-packages/airflow/example_dags/example_bash_operator.py for tasks to queue
[2023-08-11T08:10:10.671+0000] {logging_mixin.py:150} INFO - [2023-08-11T08:10:10.671+0000] {dagbag.py:541} INFO - Filling up the DagBag from /home/airflow/.local/lib/python3.7/site-packages/airflow/example_dags/example_bash_operator.py
[2023-08-11T08:10:10.687+0000] {processor.py:836} INFO - DAG(s) dict_keys(['example_bash_operator']) retrieved from /home/airflow/.local/lib/python3.7/site-packages/airflow/example_dags/example_bash_operator.py
[2023-08-11T08:10:10.730+0000] {logging_mixin.py:150} INFO - [2023-08-11T08:10:10.730+0000] {dag.py:2742} INFO - Sync 1 DAGs
[2023-08-11T08:10:10.761+0000] {logging_mixin.py:150} INFO - [2023-08-11T08:10:10.760+0000] {dag.py:3508} INFO - Setting next_dagrun for example_bash_operator to 2023-08-10T00:00:00+00:00, run_after=2023-08-11T00:00:00+00:00
[2023-08-11T08:10:10.789+0000] {processor.py:179} INFO - Processing /home/airflow/.local/lib/python3.7/site-packages/airflow/example_dags/example_bash_operator.py took 0.123 seconds
[2023-08-11T08:10:41.019+0000] {processor.py:157} INFO - Started process (PID=2404) to work on /home/airflow/.local/lib/python3.7/site-packages/airflow/example_dags/example_bash_operator.py
[2023-08-11T08:10:41.020+0000] {processor.py:826} INFO - Processing file /home/airflow/.local/lib/python3.7/site-packages/airflow/example_dags/example_bash_operator.py for tasks to queue
[2023-08-11T08:10:41.021+0000] {logging_mixin.py:150} INFO - [2023-08-11T08:10:41.020+0000] {dagbag.py:541} INFO - Filling up the DagBag from /home/airflow/.local/lib/python3.7/site-packages/airflow/example_dags/example_bash_operator.py
[2023-08-11T08:10:41.038+0000] {processor.py:836} INFO - DAG(s) dict_keys(['example_bash_operator']) retrieved from /home/airflow/.local/lib/python3.7/site-packages/airflow/example_dags/example_bash_operator.py
[2023-08-11T08:10:41.100+0000] {logging_mixin.py:150} INFO - [2023-08-11T08:10:41.099+0000] {dag.py:2742} INFO - Sync 1 DAGs
[2023-08-11T08:10:41.135+0000] {logging_mixin.py:150} INFO - [2023-08-11T08:10:41.135+0000] {dag.py:3508} INFO - Setting next_dagrun for example_bash_operator to 2023-08-10T00:00:00+00:00, run_after=2023-08-11T00:00:00+00:00
[2023-08-11T08:10:41.168+0000] {processor.py:179} INFO - Processing /home/airflow/.local/lib/python3.7/site-packages/airflow/example_dags/example_bash_operator.py took 0.155 seconds
[2023-08-11T08:11:11.625+0000] {processor.py:157} INFO - Started process (PID=2471) to work on /home/airflow/.local/lib/python3.7/site-packages/airflow/example_dags/example_bash_operator.py
[2023-08-11T08:11:11.632+0000] {processor.py:826} INFO - Processing file /home/airflow/.local/lib/python3.7/site-packages/airflow/example_dags/example_bash_operator.py for tasks to queue
[2023-08-11T08:11:11.633+0000] {logging_mixin.py:150} INFO - [2023-08-11T08:11:11.632+0000] {dagbag.py:541} INFO - Filling up the DagBag from /home/airflow/.local/lib/python3.7/site-packages/airflow/example_dags/example_bash_operator.py
[2023-08-11T08:11:11.645+0000] {processor.py:836} INFO - DAG(s) dict_keys(['example_bash_operator']) retrieved from /home/airflow/.local/lib/python3.7/site-packages/airflow/example_dags/example_bash_operator.py
[2023-08-11T08:11:11.678+0000] {logging_mixin.py:150} INFO - [2023-08-11T08:11:11.678+0000] {dag.py:2742} INFO - Sync 1 DAGs
[2023-08-11T08:11:11.705+0000] {logging_mixin.py:150} INFO - [2023-08-11T08:11:11.705+0000] {dag.py:3508} INFO - Setting next_dagrun for example_bash_operator to 2023-08-10T00:00:00+00:00, run_after=2023-08-11T00:00:00+00:00
[2023-08-11T08:11:11.727+0000] {processor.py:179} INFO - Processing /home/airflow/.local/lib/python3.7/site-packages/airflow/example_dags/example_bash_operator.py took 0.105 seconds
[2023-08-11T08:11:42.301+0000] {processor.py:157} INFO - Started process (PID=2537) to work on /home/airflow/.local/lib/python3.7/site-packages/airflow/example_dags/example_bash_operator.py
[2023-08-11T08:11:42.304+0000] {processor.py:826} INFO - Processing file /home/airflow/.local/lib/python3.7/site-packages/airflow/example_dags/example_bash_operator.py for tasks to queue
[2023-08-11T08:11:42.305+0000] {logging_mixin.py:150} INFO - [2023-08-11T08:11:42.304+0000] {dagbag.py:541} INFO - Filling up the DagBag from /home/airflow/.local/lib/python3.7/site-packages/airflow/example_dags/example_bash_operator.py
[2023-08-11T08:11:42.317+0000] {processor.py:836} INFO - DAG(s) dict_keys(['example_bash_operator']) retrieved from /home/airflow/.local/lib/python3.7/site-packages/airflow/example_dags/example_bash_operator.py
[2023-08-11T08:11:42.354+0000] {logging_mixin.py:150} INFO - [2023-08-11T08:11:42.354+0000] {dag.py:2742} INFO - Sync 1 DAGs
[2023-08-11T08:11:42.378+0000] {logging_mixin.py:150} INFO - [2023-08-11T08:11:42.378+0000] {dag.py:3508} INFO - Setting next_dagrun for example_bash_operator to 2023-08-10T00:00:00+00:00, run_after=2023-08-11T00:00:00+00:00
[2023-08-11T08:11:42.404+0000] {processor.py:179} INFO - Processing /home/airflow/.local/lib/python3.7/site-packages/airflow/example_dags/example_bash_operator.py took 0.106 seconds
[2023-08-11T08:12:12.858+0000] {processor.py:157} INFO - Started process (PID=2603) to work on /home/airflow/.local/lib/python3.7/site-packages/airflow/example_dags/example_bash_operator.py
[2023-08-11T08:12:12.860+0000] {processor.py:826} INFO - Processing file /home/airflow/.local/lib/python3.7/site-packages/airflow/example_dags/example_bash_operator.py for tasks to queue
[2023-08-11T08:12:12.861+0000] {logging_mixin.py:150} INFO - [2023-08-11T08:12:12.861+0000] {dagbag.py:541} INFO - Filling up the DagBag from /home/airflow/.local/lib/python3.7/site-packages/airflow/example_dags/example_bash_operator.py
[2023-08-11T08:12:12.877+0000] {processor.py:836} INFO - DAG(s) dict_keys(['example_bash_operator']) retrieved from /home/airflow/.local/lib/python3.7/site-packages/airflow/example_dags/example_bash_operator.py
[2023-08-11T08:12:12.917+0000] {logging_mixin.py:150} INFO - [2023-08-11T08:12:12.917+0000] {dag.py:2742} INFO - Sync 1 DAGs
[2023-08-11T08:12:12.943+0000] {logging_mixin.py:150} INFO - [2023-08-11T08:12:12.943+0000] {dag.py:3508} INFO - Setting next_dagrun for example_bash_operator to 2023-08-10T00:00:00+00:00, run_after=2023-08-11T00:00:00+00:00
[2023-08-11T08:12:12.965+0000] {processor.py:179} INFO - Processing /home/airflow/.local/lib/python3.7/site-packages/airflow/example_dags/example_bash_operator.py took 0.110 seconds
[2023-08-11T08:12:43.484+0000] {processor.py:157} INFO - Started process (PID=2669) to work on /home/airflow/.local/lib/python3.7/site-packages/airflow/example_dags/example_bash_operator.py
[2023-08-11T08:12:43.484+0000] {processor.py:826} INFO - Processing file /home/airflow/.local/lib/python3.7/site-packages/airflow/example_dags/example_bash_operator.py for tasks to queue
[2023-08-11T08:12:43.485+0000] {logging_mixin.py:150} INFO - [2023-08-11T08:12:43.485+0000] {dagbag.py:541} INFO - Filling up the DagBag from /home/airflow/.local/lib/python3.7/site-packages/airflow/example_dags/example_bash_operator.py
[2023-08-11T08:12:43.507+0000] {processor.py:836} INFO - DAG(s) dict_keys(['example_bash_operator']) retrieved from /home/airflow/.local/lib/python3.7/site-packages/airflow/example_dags/example_bash_operator.py
[2023-08-11T08:12:43.577+0000] {logging_mixin.py:150} INFO - [2023-08-11T08:12:43.577+0000] {dag.py:2742} INFO - Sync 1 DAGs
[2023-08-11T08:12:43.630+0000] {logging_mixin.py:150} INFO - [2023-08-11T08:12:43.629+0000] {dag.py:3508} INFO - Setting next_dagrun for example_bash_operator to 2023-08-10T00:00:00+00:00, run_after=2023-08-11T00:00:00+00:00
[2023-08-11T08:12:43.663+0000] {processor.py:179} INFO - Processing /home/airflow/.local/lib/python3.7/site-packages/airflow/example_dags/example_bash_operator.py took 0.182 seconds
[2023-08-11T08:13:14.649+0000] {processor.py:157} INFO - Started process (PID=2735) to work on /home/airflow/.local/lib/python3.7/site-packages/airflow/example_dags/example_bash_operator.py
[2023-08-11T08:13:14.651+0000] {processor.py:826} INFO - Processing file /home/airflow/.local/lib/python3.7/site-packages/airflow/example_dags/example_bash_operator.py for tasks to queue
[2023-08-11T08:13:14.651+0000] {logging_mixin.py:150} INFO - [2023-08-11T08:13:14.651+0000] {dagbag.py:541} INFO - Filling up the DagBag from /home/airflow/.local/lib/python3.7/site-packages/airflow/example_dags/example_bash_operator.py
[2023-08-11T08:13:14.666+0000] {processor.py:836} INFO - DAG(s) dict_keys(['example_bash_operator']) retrieved from /home/airflow/.local/lib/python3.7/site-packages/airflow/example_dags/example_bash_operator.py
[2023-08-11T08:13:14.707+0000] {logging_mixin.py:150} INFO - [2023-08-11T08:13:14.706+0000] {dag.py:2742} INFO - Sync 1 DAGs
[2023-08-11T08:13:14.731+0000] {logging_mixin.py:150} INFO - [2023-08-11T08:13:14.731+0000] {dag.py:3508} INFO - Setting next_dagrun for example_bash_operator to 2023-08-10T00:00:00+00:00, run_after=2023-08-11T00:00:00+00:00
[2023-08-11T08:13:14.754+0000] {processor.py:179} INFO - Processing /home/airflow/.local/lib/python3.7/site-packages/airflow/example_dags/example_bash_operator.py took 0.107 seconds
[2023-08-11T08:13:45.608+0000] {processor.py:157} INFO - Started process (PID=2801) to work on /home/airflow/.local/lib/python3.7/site-packages/airflow/example_dags/example_bash_operator.py
[2023-08-11T08:13:45.609+0000] {processor.py:826} INFO - Processing file /home/airflow/.local/lib/python3.7/site-packages/airflow/example_dags/example_bash_operator.py for tasks to queue
[2023-08-11T08:13:45.609+0000] {logging_mixin.py:150} INFO - [2023-08-11T08:13:45.609+0000] {dagbag.py:541} INFO - Filling up the DagBag from /home/airflow/.local/lib/python3.7/site-packages/airflow/example_dags/example_bash_operator.py
[2023-08-11T08:13:45.621+0000] {processor.py:836} INFO - DAG(s) dict_keys(['example_bash_operator']) retrieved from /home/airflow/.local/lib/python3.7/site-packages/airflow/example_dags/example_bash_operator.py
[2023-08-11T08:13:45.656+0000] {logging_mixin.py:150} INFO - [2023-08-11T08:13:45.656+0000] {dag.py:2742} INFO - Sync 1 DAGs
[2023-08-11T08:13:45.680+0000] {logging_mixin.py:150} INFO - [2023-08-11T08:13:45.680+0000] {dag.py:3508} INFO - Setting next_dagrun for example_bash_operator to 2023-08-10T00:00:00+00:00, run_after=2023-08-11T00:00:00+00:00
[2023-08-11T08:13:45.702+0000] {processor.py:179} INFO - Processing /home/airflow/.local/lib/python3.7/site-packages/airflow/example_dags/example_bash_operator.py took 0.098 seconds
[2023-08-11T08:14:16.169+0000] {processor.py:157} INFO - Started process (PID=2867) to work on /home/airflow/.local/lib/python3.7/site-packages/airflow/example_dags/example_bash_operator.py
[2023-08-11T08:14:16.171+0000] {processor.py:826} INFO - Processing file /home/airflow/.local/lib/python3.7/site-packages/airflow/example_dags/example_bash_operator.py for tasks to queue
[2023-08-11T08:14:16.171+0000] {logging_mixin.py:150} INFO - [2023-08-11T08:14:16.171+0000] {dagbag.py:541} INFO - Filling up the DagBag from /home/airflow/.local/lib/python3.7/site-packages/airflow/example_dags/example_bash_operator.py
[2023-08-11T08:14:16.185+0000] {processor.py:836} INFO - DAG(s) dict_keys(['example_bash_operator']) retrieved from /home/airflow/.local/lib/python3.7/site-packages/airflow/example_dags/example_bash_operator.py
[2023-08-11T08:14:16.223+0000] {logging_mixin.py:150} INFO - [2023-08-11T08:14:16.223+0000] {dag.py:2742} INFO - Sync 1 DAGs
[2023-08-11T08:14:16.248+0000] {logging_mixin.py:150} INFO - [2023-08-11T08:14:16.248+0000] {dag.py:3508} INFO - Setting next_dagrun for example_bash_operator to 2023-08-10T00:00:00+00:00, run_after=2023-08-11T00:00:00+00:00
[2023-08-11T08:14:16.269+0000] {processor.py:179} INFO - Processing /home/airflow/.local/lib/python3.7/site-packages/airflow/example_dags/example_bash_operator.py took 0.103 seconds
[2023-08-11T08:14:46.936+0000] {processor.py:157} INFO - Started process (PID=2934) to work on /home/airflow/.local/lib/python3.7/site-packages/airflow/example_dags/example_bash_operator.py
[2023-08-11T08:14:46.938+0000] {processor.py:826} INFO - Processing file /home/airflow/.local/lib/python3.7/site-packages/airflow/example_dags/example_bash_operator.py for tasks to queue
[2023-08-11T08:14:46.939+0000] {logging_mixin.py:150} INFO - [2023-08-11T08:14:46.939+0000] {dagbag.py:541} INFO - Filling up the DagBag from /home/airflow/.local/lib/python3.7/site-packages/airflow/example_dags/example_bash_operator.py
[2023-08-11T08:14:46.953+0000] {processor.py:836} INFO - DAG(s) dict_keys(['example_bash_operator']) retrieved from /home/airflow/.local/lib/python3.7/site-packages/airflow/example_dags/example_bash_operator.py
[2023-08-11T08:14:46.990+0000] {logging_mixin.py:150} INFO - [2023-08-11T08:14:46.990+0000] {dag.py:2742} INFO - Sync 1 DAGs
[2023-08-11T08:14:47.015+0000] {logging_mixin.py:150} INFO - [2023-08-11T08:14:47.014+0000] {dag.py:3508} INFO - Setting next_dagrun for example_bash_operator to 2023-08-10T00:00:00+00:00, run_after=2023-08-11T00:00:00+00:00
[2023-08-11T08:14:47.038+0000] {processor.py:179} INFO - Processing /home/airflow/.local/lib/python3.7/site-packages/airflow/example_dags/example_bash_operator.py took 0.104 seconds
[2023-08-11T08:15:17.850+0000] {processor.py:157} INFO - Started process (PID=3000) to work on /home/airflow/.local/lib/python3.7/site-packages/airflow/example_dags/example_bash_operator.py
[2023-08-11T08:15:17.852+0000] {processor.py:826} INFO - Processing file /home/airflow/.local/lib/python3.7/site-packages/airflow/example_dags/example_bash_operator.py for tasks to queue
[2023-08-11T08:15:17.853+0000] {logging_mixin.py:150} INFO - [2023-08-11T08:15:17.853+0000] {dagbag.py:541} INFO - Filling up the DagBag from /home/airflow/.local/lib/python3.7/site-packages/airflow/example_dags/example_bash_operator.py
[2023-08-11T08:15:17.866+0000] {processor.py:836} INFO - DAG(s) dict_keys(['example_bash_operator']) retrieved from /home/airflow/.local/lib/python3.7/site-packages/airflow/example_dags/example_bash_operator.py
[2023-08-11T08:15:17.902+0000] {logging_mixin.py:150} INFO - [2023-08-11T08:15:17.902+0000] {dag.py:2742} INFO - Sync 1 DAGs
[2023-08-11T08:15:17.925+0000] {logging_mixin.py:150} INFO - [2023-08-11T08:15:17.924+0000] {dag.py:3508} INFO - Setting next_dagrun for example_bash_operator to 2023-08-10T00:00:00+00:00, run_after=2023-08-11T00:00:00+00:00
[2023-08-11T08:15:17.948+0000] {processor.py:179} INFO - Processing /home/airflow/.local/lib/python3.7/site-packages/airflow/example_dags/example_bash_operator.py took 0.100 seconds
[2023-08-11T08:15:48.863+0000] {processor.py:157} INFO - Started process (PID=3067) to work on /home/airflow/.local/lib/python3.7/site-packages/airflow/example_dags/example_bash_operator.py
[2023-08-11T08:15:48.864+0000] {processor.py:826} INFO - Processing file /home/airflow/.local/lib/python3.7/site-packages/airflow/example_dags/example_bash_operator.py for tasks to queue
[2023-08-11T08:15:48.865+0000] {logging_mixin.py:150} INFO - [2023-08-11T08:15:48.865+0000] {dagbag.py:541} INFO - Filling up the DagBag from /home/airflow/.local/lib/python3.7/site-packages/airflow/example_dags/example_bash_operator.py
[2023-08-11T08:15:48.880+0000] {processor.py:836} INFO - DAG(s) dict_keys(['example_bash_operator']) retrieved from /home/airflow/.local/lib/python3.7/site-packages/airflow/example_dags/example_bash_operator.py
[2023-08-11T08:15:48.918+0000] {logging_mixin.py:150} INFO - [2023-08-11T08:15:48.918+0000] {dag.py:2742} INFO - Sync 1 DAGs
[2023-08-11T08:15:48.941+0000] {logging_mixin.py:150} INFO - [2023-08-11T08:15:48.941+0000] {dag.py:3508} INFO - Setting next_dagrun for example_bash_operator to 2023-08-10T00:00:00+00:00, run_after=2023-08-11T00:00:00+00:00
[2023-08-11T08:15:48.968+0000] {processor.py:179} INFO - Processing /home/airflow/.local/lib/python3.7/site-packages/airflow/example_dags/example_bash_operator.py took 0.108 seconds
[2023-08-11T08:16:19.080+0000] {processor.py:157} INFO - Started process (PID=3135) to work on /home/airflow/.local/lib/python3.7/site-packages/airflow/example_dags/example_bash_operator.py
[2023-08-11T08:16:19.082+0000] {processor.py:826} INFO - Processing file /home/airflow/.local/lib/python3.7/site-packages/airflow/example_dags/example_bash_operator.py for tasks to queue
[2023-08-11T08:16:19.084+0000] {logging_mixin.py:150} INFO - [2023-08-11T08:16:19.084+0000] {dagbag.py:541} INFO - Filling up the DagBag from /home/airflow/.local/lib/python3.7/site-packages/airflow/example_dags/example_bash_operator.py
[2023-08-11T08:16:19.108+0000] {processor.py:836} INFO - DAG(s) dict_keys(['example_bash_operator']) retrieved from /home/airflow/.local/lib/python3.7/site-packages/airflow/example_dags/example_bash_operator.py
[2023-08-11T08:16:19.160+0000] {logging_mixin.py:150} INFO - [2023-08-11T08:16:19.160+0000] {dag.py:2742} INFO - Sync 1 DAGs
[2023-08-11T08:16:19.292+0000] {logging_mixin.py:150} INFO - [2023-08-11T08:16:19.291+0000] {dag.py:3508} INFO - Setting next_dagrun for example_bash_operator to 2023-08-10T00:00:00+00:00, run_after=2023-08-11T00:00:00+00:00
[2023-08-11T08:16:19.370+0000] {processor.py:179} INFO - Processing /home/airflow/.local/lib/python3.7/site-packages/airflow/example_dags/example_bash_operator.py took 0.294 seconds
[2023-08-11T08:16:49.912+0000] {processor.py:157} INFO - Started process (PID=3203) to work on /home/airflow/.local/lib/python3.7/site-packages/airflow/example_dags/example_bash_operator.py
[2023-08-11T08:16:49.913+0000] {processor.py:826} INFO - Processing file /home/airflow/.local/lib/python3.7/site-packages/airflow/example_dags/example_bash_operator.py for tasks to queue
[2023-08-11T08:16:49.914+0000] {logging_mixin.py:150} INFO - [2023-08-11T08:16:49.914+0000] {dagbag.py:541} INFO - Filling up the DagBag from /home/airflow/.local/lib/python3.7/site-packages/airflow/example_dags/example_bash_operator.py
[2023-08-11T08:16:49.929+0000] {processor.py:836} INFO - DAG(s) dict_keys(['example_bash_operator']) retrieved from /home/airflow/.local/lib/python3.7/site-packages/airflow/example_dags/example_bash_operator.py
[2023-08-11T08:16:49.970+0000] {logging_mixin.py:150} INFO - [2023-08-11T08:16:49.970+0000] {dag.py:2742} INFO - Sync 1 DAGs
[2023-08-11T08:16:49.994+0000] {logging_mixin.py:150} INFO - [2023-08-11T08:16:49.994+0000] {dag.py:3508} INFO - Setting next_dagrun for example_bash_operator to 2023-08-10T00:00:00+00:00, run_after=2023-08-11T00:00:00+00:00
[2023-08-11T08:16:50.014+0000] {processor.py:179} INFO - Processing /home/airflow/.local/lib/python3.7/site-packages/airflow/example_dags/example_bash_operator.py took 0.105 seconds
[2023-08-11T08:17:20.559+0000] {processor.py:157} INFO - Started process (PID=3281) to work on /home/airflow/.local/lib/python3.7/site-packages/airflow/example_dags/example_bash_operator.py
[2023-08-11T08:17:20.564+0000] {processor.py:826} INFO - Processing file /home/airflow/.local/lib/python3.7/site-packages/airflow/example_dags/example_bash_operator.py for tasks to queue
[2023-08-11T08:17:20.565+0000] {logging_mixin.py:150} INFO - [2023-08-11T08:17:20.564+0000] {dagbag.py:541} INFO - Filling up the DagBag from /home/airflow/.local/lib/python3.7/site-packages/airflow/example_dags/example_bash_operator.py
[2023-08-11T08:17:20.607+0000] {processor.py:836} INFO - DAG(s) dict_keys(['example_bash_operator']) retrieved from /home/airflow/.local/lib/python3.7/site-packages/airflow/example_dags/example_bash_operator.py
[2023-08-11T08:17:20.707+0000] {logging_mixin.py:150} INFO - [2023-08-11T08:17:20.706+0000] {dag.py:2742} INFO - Sync 1 DAGs
[2023-08-11T08:17:20.771+0000] {logging_mixin.py:150} INFO - [2023-08-11T08:17:20.771+0000] {dag.py:3508} INFO - Setting next_dagrun for example_bash_operator to 2023-08-10T00:00:00+00:00, run_after=2023-08-11T00:00:00+00:00
[2023-08-11T08:17:20.829+0000] {processor.py:179} INFO - Processing /home/airflow/.local/lib/python3.7/site-packages/airflow/example_dags/example_bash_operator.py took 0.274 seconds
[2023-08-11T08:17:51.835+0000] {processor.py:157} INFO - Started process (PID=3372) to work on /home/airflow/.local/lib/python3.7/site-packages/airflow/example_dags/example_bash_operator.py
[2023-08-11T08:17:51.836+0000] {processor.py:826} INFO - Processing file /home/airflow/.local/lib/python3.7/site-packages/airflow/example_dags/example_bash_operator.py for tasks to queue
[2023-08-11T08:17:51.837+0000] {logging_mixin.py:150} INFO - [2023-08-11T08:17:51.837+0000] {dagbag.py:541} INFO - Filling up the DagBag from /home/airflow/.local/lib/python3.7/site-packages/airflow/example_dags/example_bash_operator.py
[2023-08-11T08:17:51.855+0000] {processor.py:836} INFO - DAG(s) dict_keys(['example_bash_operator']) retrieved from /home/airflow/.local/lib/python3.7/site-packages/airflow/example_dags/example_bash_operator.py
[2023-08-11T08:17:51.899+0000] {logging_mixin.py:150} INFO - [2023-08-11T08:17:51.899+0000] {dag.py:2742} INFO - Sync 1 DAGs
[2023-08-11T08:17:51.934+0000] {logging_mixin.py:150} INFO - [2023-08-11T08:17:51.934+0000] {dag.py:3508} INFO - Setting next_dagrun for example_bash_operator to 2023-08-10T00:00:00+00:00, run_after=2023-08-11T00:00:00+00:00
[2023-08-11T08:17:51.972+0000] {processor.py:179} INFO - Processing /home/airflow/.local/lib/python3.7/site-packages/airflow/example_dags/example_bash_operator.py took 0.140 seconds
[2023-08-11T08:18:22.556+0000] {processor.py:157} INFO - Started process (PID=3450) to work on /home/airflow/.local/lib/python3.7/site-packages/airflow/example_dags/example_bash_operator.py
[2023-08-11T08:18:22.558+0000] {processor.py:826} INFO - Processing file /home/airflow/.local/lib/python3.7/site-packages/airflow/example_dags/example_bash_operator.py for tasks to queue
[2023-08-11T08:18:22.559+0000] {logging_mixin.py:150} INFO - [2023-08-11T08:18:22.558+0000] {dagbag.py:541} INFO - Filling up the DagBag from /home/airflow/.local/lib/python3.7/site-packages/airflow/example_dags/example_bash_operator.py
[2023-08-11T08:18:22.587+0000] {processor.py:836} INFO - DAG(s) dict_keys(['example_bash_operator']) retrieved from /home/airflow/.local/lib/python3.7/site-packages/airflow/example_dags/example_bash_operator.py
[2023-08-11T08:18:22.651+0000] {logging_mixin.py:150} INFO - [2023-08-11T08:18:22.650+0000] {dag.py:2742} INFO - Sync 1 DAGs
[2023-08-11T08:18:22.701+0000] {logging_mixin.py:150} INFO - [2023-08-11T08:18:22.701+0000] {dag.py:3508} INFO - Setting next_dagrun for example_bash_operator to 2023-08-10T00:00:00+00:00, run_after=2023-08-11T00:00:00+00:00
[2023-08-11T08:18:22.742+0000] {processor.py:179} INFO - Processing /home/airflow/.local/lib/python3.7/site-packages/airflow/example_dags/example_bash_operator.py took 0.193 seconds
[2023-08-11T08:18:53.101+0000] {processor.py:157} INFO - Started process (PID=3534) to work on /home/airflow/.local/lib/python3.7/site-packages/airflow/example_dags/example_bash_operator.py
[2023-08-11T08:18:53.108+0000] {processor.py:826} INFO - Processing file /home/airflow/.local/lib/python3.7/site-packages/airflow/example_dags/example_bash_operator.py for tasks to queue
[2023-08-11T08:18:53.116+0000] {logging_mixin.py:150} INFO - [2023-08-11T08:18:53.115+0000] {dagbag.py:541} INFO - Filling up the DagBag from /home/airflow/.local/lib/python3.7/site-packages/airflow/example_dags/example_bash_operator.py
[2023-08-11T08:18:53.203+0000] {processor.py:836} INFO - DAG(s) dict_keys(['example_bash_operator']) retrieved from /home/airflow/.local/lib/python3.7/site-packages/airflow/example_dags/example_bash_operator.py
[2023-08-11T08:18:53.320+0000] {logging_mixin.py:150} INFO - [2023-08-11T08:18:53.320+0000] {dag.py:2742} INFO - Sync 1 DAGs
[2023-08-11T08:18:53.370+0000] {logging_mixin.py:150} INFO - [2023-08-11T08:18:53.370+0000] {dag.py:3508} INFO - Setting next_dagrun for example_bash_operator to 2023-08-10T00:00:00+00:00, run_after=2023-08-11T00:00:00+00:00
[2023-08-11T08:18:53.421+0000] {processor.py:179} INFO - Processing /home/airflow/.local/lib/python3.7/site-packages/airflow/example_dags/example_bash_operator.py took 0.326 seconds
[2023-08-11T08:19:24.183+0000] {processor.py:157} INFO - Started process (PID=3613) to work on /home/airflow/.local/lib/python3.7/site-packages/airflow/example_dags/example_bash_operator.py
[2023-08-11T08:19:24.184+0000] {processor.py:826} INFO - Processing file /home/airflow/.local/lib/python3.7/site-packages/airflow/example_dags/example_bash_operator.py for tasks to queue
[2023-08-11T08:19:24.185+0000] {logging_mixin.py:150} INFO - [2023-08-11T08:19:24.185+0000] {dagbag.py:541} INFO - Filling up the DagBag from /home/airflow/.local/lib/python3.7/site-packages/airflow/example_dags/example_bash_operator.py
[2023-08-11T08:19:24.218+0000] {processor.py:836} INFO - DAG(s) dict_keys(['example_bash_operator']) retrieved from /home/airflow/.local/lib/python3.7/site-packages/airflow/example_dags/example_bash_operator.py
[2023-08-11T08:19:24.263+0000] {logging_mixin.py:150} INFO - [2023-08-11T08:19:24.262+0000] {dag.py:2742} INFO - Sync 1 DAGs
[2023-08-11T08:19:24.290+0000] {logging_mixin.py:150} INFO - [2023-08-11T08:19:24.289+0000] {dag.py:3508} INFO - Setting next_dagrun for example_bash_operator to 2023-08-10T00:00:00+00:00, run_after=2023-08-11T00:00:00+00:00
[2023-08-11T08:19:24.317+0000] {processor.py:179} INFO - Processing /home/airflow/.local/lib/python3.7/site-packages/airflow/example_dags/example_bash_operator.py took 0.137 seconds
[2023-08-11T08:19:54.365+0000] {processor.py:157} INFO - Started process (PID=3691) to work on /home/airflow/.local/lib/python3.7/site-packages/airflow/example_dags/example_bash_operator.py
[2023-08-11T08:19:54.366+0000] {processor.py:826} INFO - Processing file /home/airflow/.local/lib/python3.7/site-packages/airflow/example_dags/example_bash_operator.py for tasks to queue
[2023-08-11T08:19:54.367+0000] {logging_mixin.py:150} INFO - [2023-08-11T08:19:54.366+0000] {dagbag.py:541} INFO - Filling up the DagBag from /home/airflow/.local/lib/python3.7/site-packages/airflow/example_dags/example_bash_operator.py
[2023-08-11T08:19:54.383+0000] {processor.py:836} INFO - DAG(s) dict_keys(['example_bash_operator']) retrieved from /home/airflow/.local/lib/python3.7/site-packages/airflow/example_dags/example_bash_operator.py
[2023-08-11T08:19:54.433+0000] {logging_mixin.py:150} INFO - [2023-08-11T08:19:54.433+0000] {dag.py:2742} INFO - Sync 1 DAGs
[2023-08-11T08:19:54.465+0000] {logging_mixin.py:150} INFO - [2023-08-11T08:19:54.464+0000] {dag.py:3508} INFO - Setting next_dagrun for example_bash_operator to 2023-08-10T00:00:00+00:00, run_after=2023-08-11T00:00:00+00:00
[2023-08-11T08:19:54.496+0000] {processor.py:179} INFO - Processing /home/airflow/.local/lib/python3.7/site-packages/airflow/example_dags/example_bash_operator.py took 0.134 seconds
[2023-08-11T08:20:25.086+0000] {processor.py:157} INFO - Started process (PID=3775) to work on /home/airflow/.local/lib/python3.7/site-packages/airflow/example_dags/example_bash_operator.py
[2023-08-11T08:20:25.088+0000] {processor.py:826} INFO - Processing file /home/airflow/.local/lib/python3.7/site-packages/airflow/example_dags/example_bash_operator.py for tasks to queue
[2023-08-11T08:20:25.089+0000] {logging_mixin.py:150} INFO - [2023-08-11T08:20:25.089+0000] {dagbag.py:541} INFO - Filling up the DagBag from /home/airflow/.local/lib/python3.7/site-packages/airflow/example_dags/example_bash_operator.py
[2023-08-11T08:20:25.131+0000] {processor.py:836} INFO - DAG(s) dict_keys(['example_bash_operator']) retrieved from /home/airflow/.local/lib/python3.7/site-packages/airflow/example_dags/example_bash_operator.py
[2023-08-11T08:20:25.190+0000] {logging_mixin.py:150} INFO - [2023-08-11T08:20:25.190+0000] {dag.py:2742} INFO - Sync 1 DAGs
[2023-08-11T08:20:25.231+0000] {logging_mixin.py:150} INFO - [2023-08-11T08:20:25.230+0000] {dag.py:3508} INFO - Setting next_dagrun for example_bash_operator to 2023-08-10T00:00:00+00:00, run_after=2023-08-11T00:00:00+00:00
[2023-08-11T08:20:25.268+0000] {processor.py:179} INFO - Processing /home/airflow/.local/lib/python3.7/site-packages/airflow/example_dags/example_bash_operator.py took 0.187 seconds
[2023-08-11T08:20:55.353+0000] {processor.py:157} INFO - Started process (PID=3867) to work on /home/airflow/.local/lib/python3.7/site-packages/airflow/example_dags/example_bash_operator.py
[2023-08-11T08:20:55.353+0000] {processor.py:826} INFO - Processing file /home/airflow/.local/lib/python3.7/site-packages/airflow/example_dags/example_bash_operator.py for tasks to queue
[2023-08-11T08:20:55.354+0000] {logging_mixin.py:150} INFO - [2023-08-11T08:20:55.354+0000] {dagbag.py:541} INFO - Filling up the DagBag from /home/airflow/.local/lib/python3.7/site-packages/airflow/example_dags/example_bash_operator.py
[2023-08-11T08:20:55.371+0000] {processor.py:836} INFO - DAG(s) dict_keys(['example_bash_operator']) retrieved from /home/airflow/.local/lib/python3.7/site-packages/airflow/example_dags/example_bash_operator.py
[2023-08-11T08:20:55.419+0000] {logging_mixin.py:150} INFO - [2023-08-11T08:20:55.418+0000] {dag.py:2742} INFO - Sync 1 DAGs
[2023-08-11T08:20:55.458+0000] {logging_mixin.py:150} INFO - [2023-08-11T08:20:55.458+0000] {dag.py:3508} INFO - Setting next_dagrun for example_bash_operator to 2023-08-10T00:00:00+00:00, run_after=2023-08-11T00:00:00+00:00
[2023-08-11T08:20:55.494+0000] {processor.py:179} INFO - Processing /home/airflow/.local/lib/python3.7/site-packages/airflow/example_dags/example_bash_operator.py took 0.145 seconds
[2023-08-11T08:21:25.762+0000] {processor.py:157} INFO - Started process (PID=3945) to work on /home/airflow/.local/lib/python3.7/site-packages/airflow/example_dags/example_bash_operator.py
[2023-08-11T08:21:25.764+0000] {processor.py:826} INFO - Processing file /home/airflow/.local/lib/python3.7/site-packages/airflow/example_dags/example_bash_operator.py for tasks to queue
[2023-08-11T08:21:25.765+0000] {logging_mixin.py:150} INFO - [2023-08-11T08:21:25.765+0000] {dagbag.py:541} INFO - Filling up the DagBag from /home/airflow/.local/lib/python3.7/site-packages/airflow/example_dags/example_bash_operator.py
[2023-08-11T08:21:25.780+0000] {processor.py:836} INFO - DAG(s) dict_keys(['example_bash_operator']) retrieved from /home/airflow/.local/lib/python3.7/site-packages/airflow/example_dags/example_bash_operator.py
[2023-08-11T08:21:25.816+0000] {logging_mixin.py:150} INFO - [2023-08-11T08:21:25.816+0000] {dag.py:2742} INFO - Sync 1 DAGs
[2023-08-11T08:21:25.842+0000] {logging_mixin.py:150} INFO - [2023-08-11T08:21:25.842+0000] {dag.py:3508} INFO - Setting next_dagrun for example_bash_operator to 2023-08-10T00:00:00+00:00, run_after=2023-08-11T00:00:00+00:00
[2023-08-11T08:21:25.867+0000] {processor.py:179} INFO - Processing /home/airflow/.local/lib/python3.7/site-packages/airflow/example_dags/example_bash_operator.py took 0.109 seconds
[2023-08-11T08:21:56.015+0000] {processor.py:157} INFO - Started process (PID=4048) to work on /home/airflow/.local/lib/python3.7/site-packages/airflow/example_dags/example_bash_operator.py
[2023-08-11T08:21:56.016+0000] {processor.py:826} INFO - Processing file /home/airflow/.local/lib/python3.7/site-packages/airflow/example_dags/example_bash_operator.py for tasks to queue
[2023-08-11T08:21:56.017+0000] {logging_mixin.py:150} INFO - [2023-08-11T08:21:56.017+0000] {dagbag.py:541} INFO - Filling up the DagBag from /home/airflow/.local/lib/python3.7/site-packages/airflow/example_dags/example_bash_operator.py
[2023-08-11T08:21:56.068+0000] {processor.py:836} INFO - DAG(s) dict_keys(['example_bash_operator']) retrieved from /home/airflow/.local/lib/python3.7/site-packages/airflow/example_dags/example_bash_operator.py
[2023-08-11T08:21:56.122+0000] {logging_mixin.py:150} INFO - [2023-08-11T08:21:56.122+0000] {dag.py:2742} INFO - Sync 1 DAGs
[2023-08-11T08:21:56.158+0000] {logging_mixin.py:150} INFO - [2023-08-11T08:21:56.158+0000] {dag.py:3508} INFO - Setting next_dagrun for example_bash_operator to 2023-08-10T00:00:00+00:00, run_after=2023-08-11T00:00:00+00:00
[2023-08-11T08:21:56.189+0000] {processor.py:179} INFO - Processing /home/airflow/.local/lib/python3.7/site-packages/airflow/example_dags/example_bash_operator.py took 0.180 seconds
[2023-08-11T08:22:26.674+0000] {processor.py:157} INFO - Started process (PID=4114) to work on /home/airflow/.local/lib/python3.7/site-packages/airflow/example_dags/example_bash_operator.py
[2023-08-11T08:22:26.676+0000] {processor.py:826} INFO - Processing file /home/airflow/.local/lib/python3.7/site-packages/airflow/example_dags/example_bash_operator.py for tasks to queue
[2023-08-11T08:22:26.677+0000] {logging_mixin.py:150} INFO - [2023-08-11T08:22:26.677+0000] {dagbag.py:541} INFO - Filling up the DagBag from /home/airflow/.local/lib/python3.7/site-packages/airflow/example_dags/example_bash_operator.py
[2023-08-11T08:22:26.695+0000] {processor.py:836} INFO - DAG(s) dict_keys(['example_bash_operator']) retrieved from /home/airflow/.local/lib/python3.7/site-packages/airflow/example_dags/example_bash_operator.py
[2023-08-11T08:22:26.742+0000] {logging_mixin.py:150} INFO - [2023-08-11T08:22:26.742+0000] {dag.py:2742} INFO - Sync 1 DAGs
[2023-08-11T08:22:26.775+0000] {logging_mixin.py:150} INFO - [2023-08-11T08:22:26.775+0000] {dag.py:3508} INFO - Setting next_dagrun for example_bash_operator to 2023-08-10T00:00:00+00:00, run_after=2023-08-11T00:00:00+00:00
[2023-08-11T08:22:26.810+0000] {processor.py:179} INFO - Processing /home/airflow/.local/lib/python3.7/site-packages/airflow/example_dags/example_bash_operator.py took 0.139 seconds
