[2023-08-11T07:52:51.402+0000] {processor.py:157} INFO - Started process (PID=73) to work on /home/airflow/.local/lib/python3.7/site-packages/airflow/example_dags/example_xcomargs.py
[2023-08-11T07:52:51.404+0000] {processor.py:826} INFO - Processing file /home/airflow/.local/lib/python3.7/site-packages/airflow/example_dags/example_xcomargs.py for tasks to queue
[2023-08-11T07:52:51.406+0000] {logging_mixin.py:150} INFO - [2023-08-11T07:52:51.405+0000] {dagbag.py:541} INFO - Filling up the DagBag from /home/airflow/.local/lib/python3.7/site-packages/airflow/example_dags/example_xcomargs.py
[2023-08-11T07:52:51.431+0000] {processor.py:836} INFO - DAG(s) dict_keys(['example_xcom_args_with_operators', 'example_xcom_args']) retrieved from /home/airflow/.local/lib/python3.7/site-packages/airflow/example_dags/example_xcomargs.py
[2023-08-11T07:52:51.584+0000] {logging_mixin.py:150} INFO - [2023-08-11T07:52:51.584+0000] {dag.py:2742} INFO - Sync 2 DAGs
[2023-08-11T07:52:51.709+0000] {logging_mixin.py:150} INFO - [2023-08-11T07:52:51.708+0000] {dag.py:3508} INFO - Setting next_dagrun for example_xcom_args to None, run_after=None
[2023-08-11T07:52:51.732+0000] {logging_mixin.py:150} INFO - [2023-08-11T07:52:51.731+0000] {dag.py:3508} INFO - Setting next_dagrun for example_xcom_args_with_operators to None, run_after=None
[2023-08-11T07:52:51.834+0000] {processor.py:179} INFO - Processing /home/airflow/.local/lib/python3.7/site-packages/airflow/example_dags/example_xcomargs.py took 0.438 seconds
[2023-08-11T07:53:22.425+0000] {processor.py:157} INFO - Started process (PID=138) to work on /home/airflow/.local/lib/python3.7/site-packages/airflow/example_dags/example_xcomargs.py
[2023-08-11T07:53:22.427+0000] {processor.py:826} INFO - Processing file /home/airflow/.local/lib/python3.7/site-packages/airflow/example_dags/example_xcomargs.py for tasks to queue
[2023-08-11T07:53:22.427+0000] {logging_mixin.py:150} INFO - [2023-08-11T07:53:22.427+0000] {dagbag.py:541} INFO - Filling up the DagBag from /home/airflow/.local/lib/python3.7/site-packages/airflow/example_dags/example_xcomargs.py
[2023-08-11T07:53:22.438+0000] {processor.py:836} INFO - DAG(s) dict_keys(['example_xcom_args', 'example_xcom_args_with_operators']) retrieved from /home/airflow/.local/lib/python3.7/site-packages/airflow/example_dags/example_xcomargs.py
[2023-08-11T07:53:22.469+0000] {logging_mixin.py:150} INFO - [2023-08-11T07:53:22.469+0000] {dag.py:2742} INFO - Sync 2 DAGs
[2023-08-11T07:53:22.495+0000] {logging_mixin.py:150} INFO - [2023-08-11T07:53:22.494+0000] {dag.py:3508} INFO - Setting next_dagrun for example_xcom_args to None, run_after=None
[2023-08-11T07:53:22.504+0000] {logging_mixin.py:150} INFO - [2023-08-11T07:53:22.503+0000] {dag.py:3508} INFO - Setting next_dagrun for example_xcom_args_with_operators to None, run_after=None
[2023-08-11T07:53:22.527+0000] {processor.py:179} INFO - Processing /home/airflow/.local/lib/python3.7/site-packages/airflow/example_dags/example_xcomargs.py took 0.105 seconds
[2023-08-11T07:53:53.243+0000] {processor.py:157} INFO - Started process (PID=203) to work on /home/airflow/.local/lib/python3.7/site-packages/airflow/example_dags/example_xcomargs.py
[2023-08-11T07:53:53.244+0000] {processor.py:826} INFO - Processing file /home/airflow/.local/lib/python3.7/site-packages/airflow/example_dags/example_xcomargs.py for tasks to queue
[2023-08-11T07:53:53.244+0000] {logging_mixin.py:150} INFO - [2023-08-11T07:53:53.244+0000] {dagbag.py:541} INFO - Filling up the DagBag from /home/airflow/.local/lib/python3.7/site-packages/airflow/example_dags/example_xcomargs.py
[2023-08-11T07:53:53.258+0000] {processor.py:836} INFO - DAG(s) dict_keys(['example_xcom_args_with_operators', 'example_xcom_args']) retrieved from /home/airflow/.local/lib/python3.7/site-packages/airflow/example_dags/example_xcomargs.py
[2023-08-11T07:53:53.292+0000] {logging_mixin.py:150} INFO - [2023-08-11T07:53:53.292+0000] {dag.py:2742} INFO - Sync 2 DAGs
[2023-08-11T07:53:53.321+0000] {logging_mixin.py:150} INFO - [2023-08-11T07:53:53.321+0000] {dag.py:3508} INFO - Setting next_dagrun for example_xcom_args to None, run_after=None
[2023-08-11T07:53:53.326+0000] {logging_mixin.py:150} INFO - [2023-08-11T07:53:53.325+0000] {dag.py:3508} INFO - Setting next_dagrun for example_xcom_args_with_operators to None, run_after=None
[2023-08-11T07:53:53.349+0000] {processor.py:179} INFO - Processing /home/airflow/.local/lib/python3.7/site-packages/airflow/example_dags/example_xcomargs.py took 0.109 seconds
[2023-08-11T07:54:23.997+0000] {processor.py:157} INFO - Started process (PID=268) to work on /home/airflow/.local/lib/python3.7/site-packages/airflow/example_dags/example_xcomargs.py
[2023-08-11T07:54:23.998+0000] {processor.py:826} INFO - Processing file /home/airflow/.local/lib/python3.7/site-packages/airflow/example_dags/example_xcomargs.py for tasks to queue
[2023-08-11T07:54:24.000+0000] {logging_mixin.py:150} INFO - [2023-08-11T07:54:23.999+0000] {dagbag.py:541} INFO - Filling up the DagBag from /home/airflow/.local/lib/python3.7/site-packages/airflow/example_dags/example_xcomargs.py
[2023-08-11T07:54:24.007+0000] {processor.py:836} INFO - DAG(s) dict_keys(['example_xcom_args_with_operators', 'example_xcom_args']) retrieved from /home/airflow/.local/lib/python3.7/site-packages/airflow/example_dags/example_xcomargs.py
[2023-08-11T07:54:24.036+0000] {logging_mixin.py:150} INFO - [2023-08-11T07:54:24.035+0000] {dag.py:2742} INFO - Sync 2 DAGs
[2023-08-11T07:54:24.061+0000] {logging_mixin.py:150} INFO - [2023-08-11T07:54:24.061+0000] {dag.py:3508} INFO - Setting next_dagrun for example_xcom_args to None, run_after=None
[2023-08-11T07:54:24.067+0000] {logging_mixin.py:150} INFO - [2023-08-11T07:54:24.067+0000] {dag.py:3508} INFO - Setting next_dagrun for example_xcom_args_with_operators to None, run_after=None
[2023-08-11T07:54:24.089+0000] {processor.py:179} INFO - Processing /home/airflow/.local/lib/python3.7/site-packages/airflow/example_dags/example_xcomargs.py took 0.095 seconds
[2023-08-11T07:54:54.943+0000] {processor.py:157} INFO - Started process (PID=333) to work on /home/airflow/.local/lib/python3.7/site-packages/airflow/example_dags/example_xcomargs.py
[2023-08-11T07:54:54.944+0000] {processor.py:826} INFO - Processing file /home/airflow/.local/lib/python3.7/site-packages/airflow/example_dags/example_xcomargs.py for tasks to queue
[2023-08-11T07:54:54.944+0000] {logging_mixin.py:150} INFO - [2023-08-11T07:54:54.944+0000] {dagbag.py:541} INFO - Filling up the DagBag from /home/airflow/.local/lib/python3.7/site-packages/airflow/example_dags/example_xcomargs.py
[2023-08-11T07:54:54.956+0000] {processor.py:836} INFO - DAG(s) dict_keys(['example_xcom_args_with_operators', 'example_xcom_args']) retrieved from /home/airflow/.local/lib/python3.7/site-packages/airflow/example_dags/example_xcomargs.py
[2023-08-11T07:54:54.989+0000] {logging_mixin.py:150} INFO - [2023-08-11T07:54:54.989+0000] {dag.py:2742} INFO - Sync 2 DAGs
[2023-08-11T07:54:55.017+0000] {logging_mixin.py:150} INFO - [2023-08-11T07:54:55.016+0000] {dag.py:3508} INFO - Setting next_dagrun for example_xcom_args to None, run_after=None
[2023-08-11T07:54:55.022+0000] {logging_mixin.py:150} INFO - [2023-08-11T07:54:55.022+0000] {dag.py:3508} INFO - Setting next_dagrun for example_xcom_args_with_operators to None, run_after=None
[2023-08-11T07:54:55.179+0000] {processor.py:179} INFO - Processing /home/airflow/.local/lib/python3.7/site-packages/airflow/example_dags/example_xcomargs.py took 0.239 seconds
[2023-08-11T07:55:25.828+0000] {processor.py:157} INFO - Started process (PID=399) to work on /home/airflow/.local/lib/python3.7/site-packages/airflow/example_dags/example_xcomargs.py
[2023-08-11T07:55:25.829+0000] {processor.py:826} INFO - Processing file /home/airflow/.local/lib/python3.7/site-packages/airflow/example_dags/example_xcomargs.py for tasks to queue
[2023-08-11T07:55:25.830+0000] {logging_mixin.py:150} INFO - [2023-08-11T07:55:25.830+0000] {dagbag.py:541} INFO - Filling up the DagBag from /home/airflow/.local/lib/python3.7/site-packages/airflow/example_dags/example_xcomargs.py
[2023-08-11T07:55:25.839+0000] {processor.py:836} INFO - DAG(s) dict_keys(['example_xcom_args', 'example_xcom_args_with_operators']) retrieved from /home/airflow/.local/lib/python3.7/site-packages/airflow/example_dags/example_xcomargs.py
[2023-08-11T07:55:25.866+0000] {logging_mixin.py:150} INFO - [2023-08-11T07:55:25.866+0000] {dag.py:2742} INFO - Sync 2 DAGs
[2023-08-11T07:55:25.890+0000] {logging_mixin.py:150} INFO - [2023-08-11T07:55:25.890+0000] {dag.py:3508} INFO - Setting next_dagrun for example_xcom_args to None, run_after=None
[2023-08-11T07:55:25.893+0000] {logging_mixin.py:150} INFO - [2023-08-11T07:55:25.892+0000] {dag.py:3508} INFO - Setting next_dagrun for example_xcom_args_with_operators to None, run_after=None
[2023-08-11T07:55:25.913+0000] {processor.py:179} INFO - Processing /home/airflow/.local/lib/python3.7/site-packages/airflow/example_dags/example_xcomargs.py took 0.088 seconds
[2023-08-11T07:55:56.056+0000] {processor.py:157} INFO - Started process (PID=464) to work on /home/airflow/.local/lib/python3.7/site-packages/airflow/example_dags/example_xcomargs.py
[2023-08-11T07:55:56.057+0000] {processor.py:826} INFO - Processing file /home/airflow/.local/lib/python3.7/site-packages/airflow/example_dags/example_xcomargs.py for tasks to queue
[2023-08-11T07:55:56.057+0000] {logging_mixin.py:150} INFO - [2023-08-11T07:55:56.057+0000] {dagbag.py:541} INFO - Filling up the DagBag from /home/airflow/.local/lib/python3.7/site-packages/airflow/example_dags/example_xcomargs.py
[2023-08-11T07:55:56.066+0000] {processor.py:836} INFO - DAG(s) dict_keys(['example_xcom_args_with_operators', 'example_xcom_args']) retrieved from /home/airflow/.local/lib/python3.7/site-packages/airflow/example_dags/example_xcomargs.py
[2023-08-11T07:55:56.107+0000] {logging_mixin.py:150} INFO - [2023-08-11T07:55:56.107+0000] {dag.py:2742} INFO - Sync 2 DAGs
[2023-08-11T07:55:56.144+0000] {logging_mixin.py:150} INFO - [2023-08-11T07:55:56.143+0000] {dag.py:3508} INFO - Setting next_dagrun for example_xcom_args to None, run_after=None
[2023-08-11T07:55:56.149+0000] {logging_mixin.py:150} INFO - [2023-08-11T07:55:56.148+0000] {dag.py:3508} INFO - Setting next_dagrun for example_xcom_args_with_operators to None, run_after=None
[2023-08-11T07:55:56.182+0000] {processor.py:179} INFO - Processing /home/airflow/.local/lib/python3.7/site-packages/airflow/example_dags/example_xcomargs.py took 0.130 seconds
[2023-08-11T07:56:26.319+0000] {processor.py:157} INFO - Started process (PID=529) to work on /home/airflow/.local/lib/python3.7/site-packages/airflow/example_dags/example_xcomargs.py
[2023-08-11T07:56:26.320+0000] {processor.py:826} INFO - Processing file /home/airflow/.local/lib/python3.7/site-packages/airflow/example_dags/example_xcomargs.py for tasks to queue
[2023-08-11T07:56:26.321+0000] {logging_mixin.py:150} INFO - [2023-08-11T07:56:26.321+0000] {dagbag.py:541} INFO - Filling up the DagBag from /home/airflow/.local/lib/python3.7/site-packages/airflow/example_dags/example_xcomargs.py
[2023-08-11T07:56:26.331+0000] {processor.py:836} INFO - DAG(s) dict_keys(['example_xcom_args', 'example_xcom_args_with_operators']) retrieved from /home/airflow/.local/lib/python3.7/site-packages/airflow/example_dags/example_xcomargs.py
[2023-08-11T07:56:26.366+0000] {logging_mixin.py:150} INFO - [2023-08-11T07:56:26.366+0000] {dag.py:2742} INFO - Sync 2 DAGs
[2023-08-11T07:56:26.398+0000] {logging_mixin.py:150} INFO - [2023-08-11T07:56:26.397+0000] {dag.py:3508} INFO - Setting next_dagrun for example_xcom_args to None, run_after=None
[2023-08-11T07:56:26.403+0000] {logging_mixin.py:150} INFO - [2023-08-11T07:56:26.403+0000] {dag.py:3508} INFO - Setting next_dagrun for example_xcom_args_with_operators to None, run_after=None
[2023-08-11T07:56:26.431+0000] {processor.py:179} INFO - Processing /home/airflow/.local/lib/python3.7/site-packages/airflow/example_dags/example_xcomargs.py took 0.116 seconds
[2023-08-11T07:56:57.164+0000] {processor.py:157} INFO - Started process (PID=594) to work on /home/airflow/.local/lib/python3.7/site-packages/airflow/example_dags/example_xcomargs.py
[2023-08-11T07:56:57.166+0000] {processor.py:826} INFO - Processing file /home/airflow/.local/lib/python3.7/site-packages/airflow/example_dags/example_xcomargs.py for tasks to queue
[2023-08-11T07:56:57.167+0000] {logging_mixin.py:150} INFO - [2023-08-11T07:56:57.167+0000] {dagbag.py:541} INFO - Filling up the DagBag from /home/airflow/.local/lib/python3.7/site-packages/airflow/example_dags/example_xcomargs.py
[2023-08-11T07:56:57.179+0000] {processor.py:836} INFO - DAG(s) dict_keys(['example_xcom_args_with_operators', 'example_xcom_args']) retrieved from /home/airflow/.local/lib/python3.7/site-packages/airflow/example_dags/example_xcomargs.py
[2023-08-11T07:56:57.225+0000] {logging_mixin.py:150} INFO - [2023-08-11T07:56:57.225+0000] {dag.py:2742} INFO - Sync 2 DAGs
[2023-08-11T07:56:57.266+0000] {logging_mixin.py:150} INFO - [2023-08-11T07:56:57.266+0000] {dag.py:3508} INFO - Setting next_dagrun for example_xcom_args to None, run_after=None
[2023-08-11T07:56:57.272+0000] {logging_mixin.py:150} INFO - [2023-08-11T07:56:57.271+0000] {dag.py:3508} INFO - Setting next_dagrun for example_xcom_args_with_operators to None, run_after=None
[2023-08-11T07:56:57.302+0000] {processor.py:179} INFO - Processing /home/airflow/.local/lib/python3.7/site-packages/airflow/example_dags/example_xcomargs.py took 0.142 seconds
[2023-08-11T07:57:28.195+0000] {processor.py:157} INFO - Started process (PID=659) to work on /home/airflow/.local/lib/python3.7/site-packages/airflow/example_dags/example_xcomargs.py
[2023-08-11T07:57:28.197+0000] {processor.py:826} INFO - Processing file /home/airflow/.local/lib/python3.7/site-packages/airflow/example_dags/example_xcomargs.py for tasks to queue
[2023-08-11T07:57:28.198+0000] {logging_mixin.py:150} INFO - [2023-08-11T07:57:28.198+0000] {dagbag.py:541} INFO - Filling up the DagBag from /home/airflow/.local/lib/python3.7/site-packages/airflow/example_dags/example_xcomargs.py
[2023-08-11T07:57:28.208+0000] {processor.py:836} INFO - DAG(s) dict_keys(['example_xcom_args_with_operators', 'example_xcom_args']) retrieved from /home/airflow/.local/lib/python3.7/site-packages/airflow/example_dags/example_xcomargs.py
[2023-08-11T07:57:28.246+0000] {logging_mixin.py:150} INFO - [2023-08-11T07:57:28.245+0000] {dag.py:2742} INFO - Sync 2 DAGs
[2023-08-11T07:57:28.279+0000] {logging_mixin.py:150} INFO - [2023-08-11T07:57:28.279+0000] {dag.py:3508} INFO - Setting next_dagrun for example_xcom_args to None, run_after=None
[2023-08-11T07:57:28.285+0000] {logging_mixin.py:150} INFO - [2023-08-11T07:57:28.285+0000] {dag.py:3508} INFO - Setting next_dagrun for example_xcom_args_with_operators to None, run_after=None
[2023-08-11T07:57:28.312+0000] {processor.py:179} INFO - Processing /home/airflow/.local/lib/python3.7/site-packages/airflow/example_dags/example_xcomargs.py took 0.123 seconds
[2023-08-11T07:57:59.223+0000] {processor.py:157} INFO - Started process (PID=725) to work on /home/airflow/.local/lib/python3.7/site-packages/airflow/example_dags/example_xcomargs.py
[2023-08-11T07:57:59.224+0000] {processor.py:826} INFO - Processing file /home/airflow/.local/lib/python3.7/site-packages/airflow/example_dags/example_xcomargs.py for tasks to queue
[2023-08-11T07:57:59.225+0000] {logging_mixin.py:150} INFO - [2023-08-11T07:57:59.224+0000] {dagbag.py:541} INFO - Filling up the DagBag from /home/airflow/.local/lib/python3.7/site-packages/airflow/example_dags/example_xcomargs.py
[2023-08-11T07:57:59.239+0000] {processor.py:836} INFO - DAG(s) dict_keys(['example_xcom_args_with_operators', 'example_xcom_args']) retrieved from /home/airflow/.local/lib/python3.7/site-packages/airflow/example_dags/example_xcomargs.py
[2023-08-11T07:57:59.287+0000] {logging_mixin.py:150} INFO - [2023-08-11T07:57:59.287+0000] {dag.py:2742} INFO - Sync 2 DAGs
[2023-08-11T07:57:59.327+0000] {logging_mixin.py:150} INFO - [2023-08-11T07:57:59.327+0000] {dag.py:3508} INFO - Setting next_dagrun for example_xcom_args to None, run_after=None
[2023-08-11T07:57:59.334+0000] {logging_mixin.py:150} INFO - [2023-08-11T07:57:59.334+0000] {dag.py:3508} INFO - Setting next_dagrun for example_xcom_args_with_operators to None, run_after=None
[2023-08-11T07:57:59.381+0000] {processor.py:179} INFO - Processing /home/airflow/.local/lib/python3.7/site-packages/airflow/example_dags/example_xcomargs.py took 0.161 seconds
[2023-08-11T07:58:30.088+0000] {processor.py:157} INFO - Started process (PID=791) to work on /home/airflow/.local/lib/python3.7/site-packages/airflow/example_dags/example_xcomargs.py
[2023-08-11T07:58:30.089+0000] {processor.py:826} INFO - Processing file /home/airflow/.local/lib/python3.7/site-packages/airflow/example_dags/example_xcomargs.py for tasks to queue
[2023-08-11T07:58:30.090+0000] {logging_mixin.py:150} INFO - [2023-08-11T07:58:30.090+0000] {dagbag.py:541} INFO - Filling up the DagBag from /home/airflow/.local/lib/python3.7/site-packages/airflow/example_dags/example_xcomargs.py
[2023-08-11T07:58:30.100+0000] {processor.py:836} INFO - DAG(s) dict_keys(['example_xcom_args_with_operators', 'example_xcom_args']) retrieved from /home/airflow/.local/lib/python3.7/site-packages/airflow/example_dags/example_xcomargs.py
[2023-08-11T07:58:30.128+0000] {logging_mixin.py:150} INFO - [2023-08-11T07:58:30.128+0000] {dag.py:2742} INFO - Sync 2 DAGs
[2023-08-11T07:58:30.154+0000] {logging_mixin.py:150} INFO - [2023-08-11T07:58:30.154+0000] {dag.py:3508} INFO - Setting next_dagrun for example_xcom_args to None, run_after=None
[2023-08-11T07:58:30.159+0000] {logging_mixin.py:150} INFO - [2023-08-11T07:58:30.159+0000] {dag.py:3508} INFO - Setting next_dagrun for example_xcom_args_with_operators to None, run_after=None
[2023-08-11T07:58:30.180+0000] {processor.py:179} INFO - Processing /home/airflow/.local/lib/python3.7/site-packages/airflow/example_dags/example_xcomargs.py took 0.094 seconds
[2023-08-11T07:59:00.369+0000] {processor.py:157} INFO - Started process (PID=857) to work on /home/airflow/.local/lib/python3.7/site-packages/airflow/example_dags/example_xcomargs.py
[2023-08-11T07:59:00.369+0000] {processor.py:826} INFO - Processing file /home/airflow/.local/lib/python3.7/site-packages/airflow/example_dags/example_xcomargs.py for tasks to queue
[2023-08-11T07:59:00.370+0000] {logging_mixin.py:150} INFO - [2023-08-11T07:59:00.370+0000] {dagbag.py:541} INFO - Filling up the DagBag from /home/airflow/.local/lib/python3.7/site-packages/airflow/example_dags/example_xcomargs.py
[2023-08-11T07:59:00.377+0000] {processor.py:836} INFO - DAG(s) dict_keys(['example_xcom_args_with_operators', 'example_xcom_args']) retrieved from /home/airflow/.local/lib/python3.7/site-packages/airflow/example_dags/example_xcomargs.py
[2023-08-11T07:59:00.406+0000] {logging_mixin.py:150} INFO - [2023-08-11T07:59:00.405+0000] {dag.py:2742} INFO - Sync 2 DAGs
[2023-08-11T07:59:00.435+0000] {logging_mixin.py:150} INFO - [2023-08-11T07:59:00.435+0000] {dag.py:3508} INFO - Setting next_dagrun for example_xcom_args to None, run_after=None
[2023-08-11T07:59:00.438+0000] {logging_mixin.py:150} INFO - [2023-08-11T07:59:00.438+0000] {dag.py:3508} INFO - Setting next_dagrun for example_xcom_args_with_operators to None, run_after=None
[2023-08-11T07:59:00.460+0000] {processor.py:179} INFO - Processing /home/airflow/.local/lib/python3.7/site-packages/airflow/example_dags/example_xcomargs.py took 0.094 seconds
[2023-08-11T07:59:31.370+0000] {processor.py:157} INFO - Started process (PID=930) to work on /home/airflow/.local/lib/python3.7/site-packages/airflow/example_dags/example_xcomargs.py
[2023-08-11T07:59:31.371+0000] {processor.py:826} INFO - Processing file /home/airflow/.local/lib/python3.7/site-packages/airflow/example_dags/example_xcomargs.py for tasks to queue
[2023-08-11T07:59:31.372+0000] {logging_mixin.py:150} INFO - [2023-08-11T07:59:31.372+0000] {dagbag.py:541} INFO - Filling up the DagBag from /home/airflow/.local/lib/python3.7/site-packages/airflow/example_dags/example_xcomargs.py
[2023-08-11T07:59:31.379+0000] {processor.py:836} INFO - DAG(s) dict_keys(['example_xcom_args_with_operators', 'example_xcom_args']) retrieved from /home/airflow/.local/lib/python3.7/site-packages/airflow/example_dags/example_xcomargs.py
[2023-08-11T07:59:31.396+0000] {logging_mixin.py:150} INFO - [2023-08-11T07:59:31.395+0000] {dag.py:2742} INFO - Sync 2 DAGs
[2023-08-11T07:59:31.425+0000] {logging_mixin.py:150} INFO - [2023-08-11T07:59:31.425+0000] {dag.py:3508} INFO - Setting next_dagrun for example_xcom_args to None, run_after=None
[2023-08-11T07:59:31.430+0000] {logging_mixin.py:150} INFO - [2023-08-11T07:59:31.430+0000] {dag.py:3508} INFO - Setting next_dagrun for example_xcom_args_with_operators to None, run_after=None
[2023-08-11T07:59:31.459+0000] {processor.py:179} INFO - Processing /home/airflow/.local/lib/python3.7/site-packages/airflow/example_dags/example_xcomargs.py took 0.091 seconds
[2023-08-11T08:00:02.403+0000] {processor.py:157} INFO - Started process (PID=999) to work on /home/airflow/.local/lib/python3.7/site-packages/airflow/example_dags/example_xcomargs.py
[2023-08-11T08:00:02.404+0000] {processor.py:826} INFO - Processing file /home/airflow/.local/lib/python3.7/site-packages/airflow/example_dags/example_xcomargs.py for tasks to queue
[2023-08-11T08:00:02.405+0000] {logging_mixin.py:150} INFO - [2023-08-11T08:00:02.405+0000] {dagbag.py:541} INFO - Filling up the DagBag from /home/airflow/.local/lib/python3.7/site-packages/airflow/example_dags/example_xcomargs.py
[2023-08-11T08:00:02.417+0000] {processor.py:836} INFO - DAG(s) dict_keys(['example_xcom_args_with_operators', 'example_xcom_args']) retrieved from /home/airflow/.local/lib/python3.7/site-packages/airflow/example_dags/example_xcomargs.py
[2023-08-11T08:00:02.456+0000] {logging_mixin.py:150} INFO - [2023-08-11T08:00:02.456+0000] {dag.py:2742} INFO - Sync 2 DAGs
[2023-08-11T08:00:02.493+0000] {logging_mixin.py:150} INFO - [2023-08-11T08:00:02.492+0000] {dag.py:3508} INFO - Setting next_dagrun for example_xcom_args to None, run_after=None
[2023-08-11T08:00:02.497+0000] {logging_mixin.py:150} INFO - [2023-08-11T08:00:02.497+0000] {dag.py:3508} INFO - Setting next_dagrun for example_xcom_args_with_operators to None, run_after=None
[2023-08-11T08:00:02.525+0000] {processor.py:179} INFO - Processing /home/airflow/.local/lib/python3.7/site-packages/airflow/example_dags/example_xcomargs.py took 0.127 seconds
[2023-08-11T08:00:33.388+0000] {processor.py:157} INFO - Started process (PID=1070) to work on /home/airflow/.local/lib/python3.7/site-packages/airflow/example_dags/example_xcomargs.py
[2023-08-11T08:00:33.389+0000] {processor.py:826} INFO - Processing file /home/airflow/.local/lib/python3.7/site-packages/airflow/example_dags/example_xcomargs.py for tasks to queue
[2023-08-11T08:00:33.390+0000] {logging_mixin.py:150} INFO - [2023-08-11T08:00:33.390+0000] {dagbag.py:541} INFO - Filling up the DagBag from /home/airflow/.local/lib/python3.7/site-packages/airflow/example_dags/example_xcomargs.py
[2023-08-11T08:00:33.399+0000] {processor.py:836} INFO - DAG(s) dict_keys(['example_xcom_args_with_operators', 'example_xcom_args']) retrieved from /home/airflow/.local/lib/python3.7/site-packages/airflow/example_dags/example_xcomargs.py
[2023-08-11T08:00:33.436+0000] {logging_mixin.py:150} INFO - [2023-08-11T08:00:33.436+0000] {dag.py:2742} INFO - Sync 2 DAGs
[2023-08-11T08:00:33.465+0000] {logging_mixin.py:150} INFO - [2023-08-11T08:00:33.465+0000] {dag.py:3508} INFO - Setting next_dagrun for example_xcom_args to None, run_after=None
[2023-08-11T08:00:33.472+0000] {logging_mixin.py:150} INFO - [2023-08-11T08:00:33.472+0000] {dag.py:3508} INFO - Setting next_dagrun for example_xcom_args_with_operators to None, run_after=None
[2023-08-11T08:00:33.497+0000] {processor.py:179} INFO - Processing /home/airflow/.local/lib/python3.7/site-packages/airflow/example_dags/example_xcomargs.py took 0.115 seconds
[2023-08-11T08:01:04.105+0000] {processor.py:157} INFO - Started process (PID=1136) to work on /home/airflow/.local/lib/python3.7/site-packages/airflow/example_dags/example_xcomargs.py
[2023-08-11T08:01:04.106+0000] {processor.py:826} INFO - Processing file /home/airflow/.local/lib/python3.7/site-packages/airflow/example_dags/example_xcomargs.py for tasks to queue
[2023-08-11T08:01:04.107+0000] {logging_mixin.py:150} INFO - [2023-08-11T08:01:04.107+0000] {dagbag.py:541} INFO - Filling up the DagBag from /home/airflow/.local/lib/python3.7/site-packages/airflow/example_dags/example_xcomargs.py
[2023-08-11T08:01:04.115+0000] {processor.py:836} INFO - DAG(s) dict_keys(['example_xcom_args_with_operators', 'example_xcom_args']) retrieved from /home/airflow/.local/lib/python3.7/site-packages/airflow/example_dags/example_xcomargs.py
[2023-08-11T08:01:04.147+0000] {logging_mixin.py:150} INFO - [2023-08-11T08:01:04.147+0000] {dag.py:2742} INFO - Sync 2 DAGs
[2023-08-11T08:01:04.182+0000] {logging_mixin.py:150} INFO - [2023-08-11T08:01:04.181+0000] {dag.py:3508} INFO - Setting next_dagrun for example_xcom_args to None, run_after=None
[2023-08-11T08:01:04.187+0000] {logging_mixin.py:150} INFO - [2023-08-11T08:01:04.187+0000] {dag.py:3508} INFO - Setting next_dagrun for example_xcom_args_with_operators to None, run_after=None
[2023-08-11T08:01:04.213+0000] {processor.py:179} INFO - Processing /home/airflow/.local/lib/python3.7/site-packages/airflow/example_dags/example_xcomargs.py took 0.113 seconds
[2023-08-11T08:01:34.296+0000] {processor.py:157} INFO - Started process (PID=1205) to work on /home/airflow/.local/lib/python3.7/site-packages/airflow/example_dags/example_xcomargs.py
[2023-08-11T08:01:34.297+0000] {processor.py:826} INFO - Processing file /home/airflow/.local/lib/python3.7/site-packages/airflow/example_dags/example_xcomargs.py for tasks to queue
[2023-08-11T08:01:34.298+0000] {logging_mixin.py:150} INFO - [2023-08-11T08:01:34.298+0000] {dagbag.py:541} INFO - Filling up the DagBag from /home/airflow/.local/lib/python3.7/site-packages/airflow/example_dags/example_xcomargs.py
[2023-08-11T08:01:34.308+0000] {processor.py:836} INFO - DAG(s) dict_keys(['example_xcom_args_with_operators', 'example_xcom_args']) retrieved from /home/airflow/.local/lib/python3.7/site-packages/airflow/example_dags/example_xcomargs.py
[2023-08-11T08:01:34.341+0000] {logging_mixin.py:150} INFO - [2023-08-11T08:01:34.340+0000] {dag.py:2742} INFO - Sync 2 DAGs
[2023-08-11T08:01:34.365+0000] {logging_mixin.py:150} INFO - [2023-08-11T08:01:34.365+0000] {dag.py:3508} INFO - Setting next_dagrun for example_xcom_args to None, run_after=None
[2023-08-11T08:01:34.368+0000] {logging_mixin.py:150} INFO - [2023-08-11T08:01:34.368+0000] {dag.py:3508} INFO - Setting next_dagrun for example_xcom_args_with_operators to None, run_after=None
[2023-08-11T08:01:34.394+0000] {processor.py:179} INFO - Processing /home/airflow/.local/lib/python3.7/site-packages/airflow/example_dags/example_xcomargs.py took 0.102 seconds
[2023-08-11T08:02:04.905+0000] {processor.py:157} INFO - Started process (PID=1274) to work on /home/airflow/.local/lib/python3.7/site-packages/airflow/example_dags/example_xcomargs.py
[2023-08-11T08:02:04.909+0000] {processor.py:826} INFO - Processing file /home/airflow/.local/lib/python3.7/site-packages/airflow/example_dags/example_xcomargs.py for tasks to queue
[2023-08-11T08:02:04.911+0000] {logging_mixin.py:150} INFO - [2023-08-11T08:02:04.910+0000] {dagbag.py:541} INFO - Filling up the DagBag from /home/airflow/.local/lib/python3.7/site-packages/airflow/example_dags/example_xcomargs.py
[2023-08-11T08:02:04.925+0000] {processor.py:836} INFO - DAG(s) dict_keys(['example_xcom_args_with_operators', 'example_xcom_args']) retrieved from /home/airflow/.local/lib/python3.7/site-packages/airflow/example_dags/example_xcomargs.py
[2023-08-11T08:02:04.975+0000] {logging_mixin.py:150} INFO - [2023-08-11T08:02:04.975+0000] {dag.py:2742} INFO - Sync 2 DAGs
[2023-08-11T08:02:05.025+0000] {logging_mixin.py:150} INFO - [2023-08-11T08:02:05.024+0000] {dag.py:3508} INFO - Setting next_dagrun for example_xcom_args to None, run_after=None
[2023-08-11T08:02:05.030+0000] {logging_mixin.py:150} INFO - [2023-08-11T08:02:05.030+0000] {dag.py:3508} INFO - Setting next_dagrun for example_xcom_args_with_operators to None, run_after=None
[2023-08-11T08:02:05.067+0000] {processor.py:179} INFO - Processing /home/airflow/.local/lib/python3.7/site-packages/airflow/example_dags/example_xcomargs.py took 0.173 seconds
[2023-08-11T08:02:35.595+0000] {processor.py:157} INFO - Started process (PID=1340) to work on /home/airflow/.local/lib/python3.7/site-packages/airflow/example_dags/example_xcomargs.py
[2023-08-11T08:02:35.596+0000] {processor.py:826} INFO - Processing file /home/airflow/.local/lib/python3.7/site-packages/airflow/example_dags/example_xcomargs.py for tasks to queue
[2023-08-11T08:02:35.596+0000] {logging_mixin.py:150} INFO - [2023-08-11T08:02:35.596+0000] {dagbag.py:541} INFO - Filling up the DagBag from /home/airflow/.local/lib/python3.7/site-packages/airflow/example_dags/example_xcomargs.py
[2023-08-11T08:02:35.603+0000] {processor.py:836} INFO - DAG(s) dict_keys(['example_xcom_args_with_operators', 'example_xcom_args']) retrieved from /home/airflow/.local/lib/python3.7/site-packages/airflow/example_dags/example_xcomargs.py
[2023-08-11T08:02:35.633+0000] {logging_mixin.py:150} INFO - [2023-08-11T08:02:35.633+0000] {dag.py:2742} INFO - Sync 2 DAGs
[2023-08-11T08:02:35.659+0000] {logging_mixin.py:150} INFO - [2023-08-11T08:02:35.659+0000] {dag.py:3508} INFO - Setting next_dagrun for example_xcom_args to None, run_after=None
[2023-08-11T08:02:35.662+0000] {logging_mixin.py:150} INFO - [2023-08-11T08:02:35.662+0000] {dag.py:3508} INFO - Setting next_dagrun for example_xcom_args_with_operators to None, run_after=None
[2023-08-11T08:02:35.682+0000] {processor.py:179} INFO - Processing /home/airflow/.local/lib/python3.7/site-packages/airflow/example_dags/example_xcomargs.py took 0.089 seconds
[2023-08-11T08:03:06.234+0000] {processor.py:157} INFO - Started process (PID=1406) to work on /home/airflow/.local/lib/python3.7/site-packages/airflow/example_dags/example_xcomargs.py
[2023-08-11T08:03:06.235+0000] {processor.py:826} INFO - Processing file /home/airflow/.local/lib/python3.7/site-packages/airflow/example_dags/example_xcomargs.py for tasks to queue
[2023-08-11T08:03:06.236+0000] {logging_mixin.py:150} INFO - [2023-08-11T08:03:06.236+0000] {dagbag.py:541} INFO - Filling up the DagBag from /home/airflow/.local/lib/python3.7/site-packages/airflow/example_dags/example_xcomargs.py
[2023-08-11T08:03:06.246+0000] {processor.py:836} INFO - DAG(s) dict_keys(['example_xcom_args_with_operators', 'example_xcom_args']) retrieved from /home/airflow/.local/lib/python3.7/site-packages/airflow/example_dags/example_xcomargs.py
[2023-08-11T08:03:06.276+0000] {logging_mixin.py:150} INFO - [2023-08-11T08:03:06.275+0000] {dag.py:2742} INFO - Sync 2 DAGs
[2023-08-11T08:03:06.300+0000] {logging_mixin.py:150} INFO - [2023-08-11T08:03:06.299+0000] {dag.py:3508} INFO - Setting next_dagrun for example_xcom_args to None, run_after=None
[2023-08-11T08:03:06.304+0000] {logging_mixin.py:150} INFO - [2023-08-11T08:03:06.303+0000] {dag.py:3508} INFO - Setting next_dagrun for example_xcom_args_with_operators to None, run_after=None
[2023-08-11T08:03:06.327+0000] {processor.py:179} INFO - Processing /home/airflow/.local/lib/python3.7/site-packages/airflow/example_dags/example_xcomargs.py took 0.096 seconds
[2023-08-11T08:03:36.514+0000] {processor.py:157} INFO - Started process (PID=1472) to work on /home/airflow/.local/lib/python3.7/site-packages/airflow/example_dags/example_xcomargs.py
[2023-08-11T08:03:36.516+0000] {processor.py:826} INFO - Processing file /home/airflow/.local/lib/python3.7/site-packages/airflow/example_dags/example_xcomargs.py for tasks to queue
[2023-08-11T08:03:36.518+0000] {logging_mixin.py:150} INFO - [2023-08-11T08:03:36.518+0000] {dagbag.py:541} INFO - Filling up the DagBag from /home/airflow/.local/lib/python3.7/site-packages/airflow/example_dags/example_xcomargs.py
[2023-08-11T08:03:36.531+0000] {processor.py:836} INFO - DAG(s) dict_keys(['example_xcom_args_with_operators', 'example_xcom_args']) retrieved from /home/airflow/.local/lib/python3.7/site-packages/airflow/example_dags/example_xcomargs.py
[2023-08-11T08:03:36.580+0000] {logging_mixin.py:150} INFO - [2023-08-11T08:03:36.579+0000] {dag.py:2742} INFO - Sync 2 DAGs
[2023-08-11T08:03:36.621+0000] {logging_mixin.py:150} INFO - [2023-08-11T08:03:36.620+0000] {dag.py:3508} INFO - Setting next_dagrun for example_xcom_args to None, run_after=None
[2023-08-11T08:03:36.627+0000] {logging_mixin.py:150} INFO - [2023-08-11T08:03:36.626+0000] {dag.py:3508} INFO - Setting next_dagrun for example_xcom_args_with_operators to None, run_after=None
[2023-08-11T08:03:36.664+0000] {processor.py:179} INFO - Processing /home/airflow/.local/lib/python3.7/site-packages/airflow/example_dags/example_xcomargs.py took 0.156 seconds
[2023-08-11T08:04:07.516+0000] {processor.py:157} INFO - Started process (PID=1538) to work on /home/airflow/.local/lib/python3.7/site-packages/airflow/example_dags/example_xcomargs.py
[2023-08-11T08:04:07.517+0000] {processor.py:826} INFO - Processing file /home/airflow/.local/lib/python3.7/site-packages/airflow/example_dags/example_xcomargs.py for tasks to queue
[2023-08-11T08:04:07.518+0000] {logging_mixin.py:150} INFO - [2023-08-11T08:04:07.518+0000] {dagbag.py:541} INFO - Filling up the DagBag from /home/airflow/.local/lib/python3.7/site-packages/airflow/example_dags/example_xcomargs.py
[2023-08-11T08:04:07.525+0000] {processor.py:836} INFO - DAG(s) dict_keys(['example_xcom_args', 'example_xcom_args_with_operators']) retrieved from /home/airflow/.local/lib/python3.7/site-packages/airflow/example_dags/example_xcomargs.py
[2023-08-11T08:04:07.553+0000] {logging_mixin.py:150} INFO - [2023-08-11T08:04:07.553+0000] {dag.py:2742} INFO - Sync 2 DAGs
[2023-08-11T08:04:07.577+0000] {logging_mixin.py:150} INFO - [2023-08-11T08:04:07.577+0000] {dag.py:3508} INFO - Setting next_dagrun for example_xcom_args to None, run_after=None
[2023-08-11T08:04:07.581+0000] {logging_mixin.py:150} INFO - [2023-08-11T08:04:07.581+0000] {dag.py:3508} INFO - Setting next_dagrun for example_xcom_args_with_operators to None, run_after=None
[2023-08-11T08:04:07.600+0000] {processor.py:179} INFO - Processing /home/airflow/.local/lib/python3.7/site-packages/airflow/example_dags/example_xcomargs.py took 0.087 seconds
[2023-08-11T08:04:38.069+0000] {processor.py:157} INFO - Started process (PID=1612) to work on /home/airflow/.local/lib/python3.7/site-packages/airflow/example_dags/example_xcomargs.py
[2023-08-11T08:04:38.071+0000] {processor.py:826} INFO - Processing file /home/airflow/.local/lib/python3.7/site-packages/airflow/example_dags/example_xcomargs.py for tasks to queue
[2023-08-11T08:04:38.072+0000] {logging_mixin.py:150} INFO - [2023-08-11T08:04:38.072+0000] {dagbag.py:541} INFO - Filling up the DagBag from /home/airflow/.local/lib/python3.7/site-packages/airflow/example_dags/example_xcomargs.py
[2023-08-11T08:04:38.083+0000] {processor.py:836} INFO - DAG(s) dict_keys(['example_xcom_args_with_operators', 'example_xcom_args']) retrieved from /home/airflow/.local/lib/python3.7/site-packages/airflow/example_dags/example_xcomargs.py
[2023-08-11T08:04:38.121+0000] {logging_mixin.py:150} INFO - [2023-08-11T08:04:38.121+0000] {dag.py:2742} INFO - Sync 2 DAGs
[2023-08-11T08:04:38.151+0000] {logging_mixin.py:150} INFO - [2023-08-11T08:04:38.149+0000] {dag.py:3508} INFO - Setting next_dagrun for example_xcom_args to None, run_after=None
[2023-08-11T08:04:38.155+0000] {logging_mixin.py:150} INFO - [2023-08-11T08:04:38.155+0000] {dag.py:3508} INFO - Setting next_dagrun for example_xcom_args_with_operators to None, run_after=None
[2023-08-11T08:04:38.177+0000] {processor.py:179} INFO - Processing /home/airflow/.local/lib/python3.7/site-packages/airflow/example_dags/example_xcomargs.py took 0.115 seconds
[2023-08-11T08:05:09.109+0000] {processor.py:157} INFO - Started process (PID=1678) to work on /home/airflow/.local/lib/python3.7/site-packages/airflow/example_dags/example_xcomargs.py
[2023-08-11T08:05:09.114+0000] {processor.py:826} INFO - Processing file /home/airflow/.local/lib/python3.7/site-packages/airflow/example_dags/example_xcomargs.py for tasks to queue
[2023-08-11T08:05:09.117+0000] {logging_mixin.py:150} INFO - [2023-08-11T08:05:09.116+0000] {dagbag.py:541} INFO - Filling up the DagBag from /home/airflow/.local/lib/python3.7/site-packages/airflow/example_dags/example_xcomargs.py
[2023-08-11T08:05:09.135+0000] {processor.py:836} INFO - DAG(s) dict_keys(['example_xcom_args', 'example_xcom_args_with_operators']) retrieved from /home/airflow/.local/lib/python3.7/site-packages/airflow/example_dags/example_xcomargs.py
[2023-08-11T08:05:09.191+0000] {logging_mixin.py:150} INFO - [2023-08-11T08:05:09.190+0000] {dag.py:2742} INFO - Sync 2 DAGs
[2023-08-11T08:05:09.223+0000] {logging_mixin.py:150} INFO - [2023-08-11T08:05:09.223+0000] {dag.py:3508} INFO - Setting next_dagrun for example_xcom_args to None, run_after=None
[2023-08-11T08:05:09.227+0000] {logging_mixin.py:150} INFO - [2023-08-11T08:05:09.227+0000] {dag.py:3508} INFO - Setting next_dagrun for example_xcom_args_with_operators to None, run_after=None
[2023-08-11T08:05:09.261+0000] {processor.py:179} INFO - Processing /home/airflow/.local/lib/python3.7/site-packages/airflow/example_dags/example_xcomargs.py took 0.158 seconds
[2023-08-11T08:05:39.311+0000] {processor.py:157} INFO - Started process (PID=1744) to work on /home/airflow/.local/lib/python3.7/site-packages/airflow/example_dags/example_xcomargs.py
[2023-08-11T08:05:39.311+0000] {processor.py:826} INFO - Processing file /home/airflow/.local/lib/python3.7/site-packages/airflow/example_dags/example_xcomargs.py for tasks to queue
[2023-08-11T08:05:39.312+0000] {logging_mixin.py:150} INFO - [2023-08-11T08:05:39.312+0000] {dagbag.py:541} INFO - Filling up the DagBag from /home/airflow/.local/lib/python3.7/site-packages/airflow/example_dags/example_xcomargs.py
[2023-08-11T08:05:39.321+0000] {processor.py:836} INFO - DAG(s) dict_keys(['example_xcom_args_with_operators', 'example_xcom_args']) retrieved from /home/airflow/.local/lib/python3.7/site-packages/airflow/example_dags/example_xcomargs.py
[2023-08-11T08:05:39.354+0000] {logging_mixin.py:150} INFO - [2023-08-11T08:05:39.354+0000] {dag.py:2742} INFO - Sync 2 DAGs
[2023-08-11T08:05:39.382+0000] {logging_mixin.py:150} INFO - [2023-08-11T08:05:39.381+0000] {dag.py:3508} INFO - Setting next_dagrun for example_xcom_args to None, run_after=None
[2023-08-11T08:05:39.386+0000] {logging_mixin.py:150} INFO - [2023-08-11T08:05:39.386+0000] {dag.py:3508} INFO - Setting next_dagrun for example_xcom_args_with_operators to None, run_after=None
[2023-08-11T08:05:39.408+0000] {processor.py:179} INFO - Processing /home/airflow/.local/lib/python3.7/site-packages/airflow/example_dags/example_xcomargs.py took 0.100 seconds
[2023-08-11T08:06:10.537+0000] {processor.py:157} INFO - Started process (PID=1812) to work on /home/airflow/.local/lib/python3.7/site-packages/airflow/example_dags/example_xcomargs.py
[2023-08-11T08:06:10.539+0000] {processor.py:826} INFO - Processing file /home/airflow/.local/lib/python3.7/site-packages/airflow/example_dags/example_xcomargs.py for tasks to queue
[2023-08-11T08:06:10.541+0000] {logging_mixin.py:150} INFO - [2023-08-11T08:06:10.541+0000] {dagbag.py:541} INFO - Filling up the DagBag from /home/airflow/.local/lib/python3.7/site-packages/airflow/example_dags/example_xcomargs.py
[2023-08-11T08:06:10.557+0000] {processor.py:836} INFO - DAG(s) dict_keys(['example_xcom_args', 'example_xcom_args_with_operators']) retrieved from /home/airflow/.local/lib/python3.7/site-packages/airflow/example_dags/example_xcomargs.py
[2023-08-11T08:06:10.615+0000] {logging_mixin.py:150} INFO - [2023-08-11T08:06:10.614+0000] {dag.py:2742} INFO - Sync 2 DAGs
[2023-08-11T08:06:10.672+0000] {logging_mixin.py:150} INFO - [2023-08-11T08:06:10.671+0000] {dag.py:3508} INFO - Setting next_dagrun for example_xcom_args to None, run_after=None
[2023-08-11T08:06:10.677+0000] {logging_mixin.py:150} INFO - [2023-08-11T08:06:10.677+0000] {dag.py:3508} INFO - Setting next_dagrun for example_xcom_args_with_operators to None, run_after=None
[2023-08-11T08:06:10.725+0000] {processor.py:179} INFO - Processing /home/airflow/.local/lib/python3.7/site-packages/airflow/example_dags/example_xcomargs.py took 0.197 seconds
[2023-08-11T08:06:41.391+0000] {processor.py:157} INFO - Started process (PID=1882) to work on /home/airflow/.local/lib/python3.7/site-packages/airflow/example_dags/example_xcomargs.py
[2023-08-11T08:06:41.392+0000] {processor.py:826} INFO - Processing file /home/airflow/.local/lib/python3.7/site-packages/airflow/example_dags/example_xcomargs.py for tasks to queue
[2023-08-11T08:06:41.393+0000] {logging_mixin.py:150} INFO - [2023-08-11T08:06:41.392+0000] {dagbag.py:541} INFO - Filling up the DagBag from /home/airflow/.local/lib/python3.7/site-packages/airflow/example_dags/example_xcomargs.py
[2023-08-11T08:06:41.403+0000] {processor.py:836} INFO - DAG(s) dict_keys(['example_xcom_args_with_operators', 'example_xcom_args']) retrieved from /home/airflow/.local/lib/python3.7/site-packages/airflow/example_dags/example_xcomargs.py
[2023-08-11T08:06:41.458+0000] {logging_mixin.py:150} INFO - [2023-08-11T08:06:41.457+0000] {dag.py:2742} INFO - Sync 2 DAGs
[2023-08-11T08:06:41.508+0000] {logging_mixin.py:150} INFO - [2023-08-11T08:06:41.508+0000] {dag.py:3508} INFO - Setting next_dagrun for example_xcom_args to None, run_after=None
[2023-08-11T08:06:41.514+0000] {logging_mixin.py:150} INFO - [2023-08-11T08:06:41.514+0000] {dag.py:3508} INFO - Setting next_dagrun for example_xcom_args_with_operators to None, run_after=None
[2023-08-11T08:06:41.540+0000] {processor.py:179} INFO - Processing /home/airflow/.local/lib/python3.7/site-packages/airflow/example_dags/example_xcomargs.py took 0.152 seconds
[2023-08-11T08:07:12.051+0000] {processor.py:157} INFO - Started process (PID=1950) to work on /home/airflow/.local/lib/python3.7/site-packages/airflow/example_dags/example_xcomargs.py
[2023-08-11T08:07:12.066+0000] {processor.py:826} INFO - Processing file /home/airflow/.local/lib/python3.7/site-packages/airflow/example_dags/example_xcomargs.py for tasks to queue
[2023-08-11T08:07:12.072+0000] {logging_mixin.py:150} INFO - [2023-08-11T08:07:12.071+0000] {dagbag.py:541} INFO - Filling up the DagBag from /home/airflow/.local/lib/python3.7/site-packages/airflow/example_dags/example_xcomargs.py
[2023-08-11T08:07:12.083+0000] {processor.py:836} INFO - DAG(s) dict_keys(['example_xcom_args', 'example_xcom_args_with_operators']) retrieved from /home/airflow/.local/lib/python3.7/site-packages/airflow/example_dags/example_xcomargs.py
[2023-08-11T08:07:12.155+0000] {logging_mixin.py:150} INFO - [2023-08-11T08:07:12.154+0000] {dag.py:2742} INFO - Sync 2 DAGs
[2023-08-11T08:07:12.191+0000] {logging_mixin.py:150} INFO - [2023-08-11T08:07:12.191+0000] {dag.py:3508} INFO - Setting next_dagrun for example_xcom_args to None, run_after=None
[2023-08-11T08:07:12.197+0000] {logging_mixin.py:150} INFO - [2023-08-11T08:07:12.197+0000] {dag.py:3508} INFO - Setting next_dagrun for example_xcom_args_with_operators to None, run_after=None
[2023-08-11T08:07:12.233+0000] {processor.py:179} INFO - Processing /home/airflow/.local/lib/python3.7/site-packages/airflow/example_dags/example_xcomargs.py took 0.204 seconds
[2023-08-11T08:07:42.854+0000] {processor.py:157} INFO - Started process (PID=2019) to work on /home/airflow/.local/lib/python3.7/site-packages/airflow/example_dags/example_xcomargs.py
[2023-08-11T08:07:42.855+0000] {processor.py:826} INFO - Processing file /home/airflow/.local/lib/python3.7/site-packages/airflow/example_dags/example_xcomargs.py for tasks to queue
[2023-08-11T08:07:42.855+0000] {logging_mixin.py:150} INFO - [2023-08-11T08:07:42.855+0000] {dagbag.py:541} INFO - Filling up the DagBag from /home/airflow/.local/lib/python3.7/site-packages/airflow/example_dags/example_xcomargs.py
[2023-08-11T08:07:42.862+0000] {processor.py:836} INFO - DAG(s) dict_keys(['example_xcom_args_with_operators', 'example_xcom_args']) retrieved from /home/airflow/.local/lib/python3.7/site-packages/airflow/example_dags/example_xcomargs.py
[2023-08-11T08:07:42.897+0000] {logging_mixin.py:150} INFO - [2023-08-11T08:07:42.897+0000] {dag.py:2742} INFO - Sync 2 DAGs
[2023-08-11T08:07:42.932+0000] {logging_mixin.py:150} INFO - [2023-08-11T08:07:42.932+0000] {dag.py:3508} INFO - Setting next_dagrun for example_xcom_args to None, run_after=None
[2023-08-11T08:07:42.937+0000] {logging_mixin.py:150} INFO - [2023-08-11T08:07:42.937+0000] {dag.py:3508} INFO - Setting next_dagrun for example_xcom_args_with_operators to None, run_after=None
[2023-08-11T08:07:42.965+0000] {processor.py:179} INFO - Processing /home/airflow/.local/lib/python3.7/site-packages/airflow/example_dags/example_xcomargs.py took 0.115 seconds
[2023-08-11T08:08:13.014+0000] {processor.py:157} INFO - Started process (PID=2084) to work on /home/airflow/.local/lib/python3.7/site-packages/airflow/example_dags/example_xcomargs.py
[2023-08-11T08:08:13.015+0000] {processor.py:826} INFO - Processing file /home/airflow/.local/lib/python3.7/site-packages/airflow/example_dags/example_xcomargs.py for tasks to queue
[2023-08-11T08:08:13.015+0000] {logging_mixin.py:150} INFO - [2023-08-11T08:08:13.015+0000] {dagbag.py:541} INFO - Filling up the DagBag from /home/airflow/.local/lib/python3.7/site-packages/airflow/example_dags/example_xcomargs.py
[2023-08-11T08:08:13.023+0000] {processor.py:836} INFO - DAG(s) dict_keys(['example_xcom_args_with_operators', 'example_xcom_args']) retrieved from /home/airflow/.local/lib/python3.7/site-packages/airflow/example_dags/example_xcomargs.py
[2023-08-11T08:08:13.049+0000] {logging_mixin.py:150} INFO - [2023-08-11T08:08:13.049+0000] {dag.py:2742} INFO - Sync 2 DAGs
[2023-08-11T08:08:13.070+0000] {logging_mixin.py:150} INFO - [2023-08-11T08:08:13.069+0000] {dag.py:3508} INFO - Setting next_dagrun for example_xcom_args to None, run_after=None
[2023-08-11T08:08:13.073+0000] {logging_mixin.py:150} INFO - [2023-08-11T08:08:13.073+0000] {dag.py:3508} INFO - Setting next_dagrun for example_xcom_args_with_operators to None, run_after=None
[2023-08-11T08:08:13.088+0000] {processor.py:179} INFO - Processing /home/airflow/.local/lib/python3.7/site-packages/airflow/example_dags/example_xcomargs.py took 0.077 seconds
[2023-08-11T08:08:43.505+0000] {processor.py:157} INFO - Started process (PID=2150) to work on /home/airflow/.local/lib/python3.7/site-packages/airflow/example_dags/example_xcomargs.py
[2023-08-11T08:08:43.506+0000] {processor.py:826} INFO - Processing file /home/airflow/.local/lib/python3.7/site-packages/airflow/example_dags/example_xcomargs.py for tasks to queue
[2023-08-11T08:08:43.507+0000] {logging_mixin.py:150} INFO - [2023-08-11T08:08:43.507+0000] {dagbag.py:541} INFO - Filling up the DagBag from /home/airflow/.local/lib/python3.7/site-packages/airflow/example_dags/example_xcomargs.py
[2023-08-11T08:08:43.514+0000] {processor.py:836} INFO - DAG(s) dict_keys(['example_xcom_args_with_operators', 'example_xcom_args']) retrieved from /home/airflow/.local/lib/python3.7/site-packages/airflow/example_dags/example_xcomargs.py
[2023-08-11T08:08:43.543+0000] {logging_mixin.py:150} INFO - [2023-08-11T08:08:43.543+0000] {dag.py:2742} INFO - Sync 2 DAGs
[2023-08-11T08:08:43.566+0000] {logging_mixin.py:150} INFO - [2023-08-11T08:08:43.566+0000] {dag.py:3508} INFO - Setting next_dagrun for example_xcom_args to None, run_after=None
[2023-08-11T08:08:43.570+0000] {logging_mixin.py:150} INFO - [2023-08-11T08:08:43.569+0000] {dag.py:3508} INFO - Setting next_dagrun for example_xcom_args_with_operators to None, run_after=None
[2023-08-11T08:08:43.589+0000] {processor.py:179} INFO - Processing /home/airflow/.local/lib/python3.7/site-packages/airflow/example_dags/example_xcomargs.py took 0.086 seconds
[2023-08-11T08:09:13.971+0000] {processor.py:157} INFO - Started process (PID=2216) to work on /home/airflow/.local/lib/python3.7/site-packages/airflow/example_dags/example_xcomargs.py
[2023-08-11T08:09:13.972+0000] {processor.py:826} INFO - Processing file /home/airflow/.local/lib/python3.7/site-packages/airflow/example_dags/example_xcomargs.py for tasks to queue
[2023-08-11T08:09:13.973+0000] {logging_mixin.py:150} INFO - [2023-08-11T08:09:13.973+0000] {dagbag.py:541} INFO - Filling up the DagBag from /home/airflow/.local/lib/python3.7/site-packages/airflow/example_dags/example_xcomargs.py
[2023-08-11T08:09:13.981+0000] {processor.py:836} INFO - DAG(s) dict_keys(['example_xcom_args', 'example_xcom_args_with_operators']) retrieved from /home/airflow/.local/lib/python3.7/site-packages/airflow/example_dags/example_xcomargs.py
[2023-08-11T08:09:14.011+0000] {logging_mixin.py:150} INFO - [2023-08-11T08:09:14.011+0000] {dag.py:2742} INFO - Sync 2 DAGs
[2023-08-11T08:09:14.035+0000] {logging_mixin.py:150} INFO - [2023-08-11T08:09:14.035+0000] {dag.py:3508} INFO - Setting next_dagrun for example_xcom_args to None, run_after=None
[2023-08-11T08:09:14.038+0000] {logging_mixin.py:150} INFO - [2023-08-11T08:09:14.038+0000] {dag.py:3508} INFO - Setting next_dagrun for example_xcom_args_with_operators to None, run_after=None
[2023-08-11T08:09:14.061+0000] {processor.py:179} INFO - Processing /home/airflow/.local/lib/python3.7/site-packages/airflow/example_dags/example_xcomargs.py took 0.093 seconds
[2023-08-11T08:09:44.345+0000] {processor.py:157} INFO - Started process (PID=2282) to work on /home/airflow/.local/lib/python3.7/site-packages/airflow/example_dags/example_xcomargs.py
[2023-08-11T08:09:44.346+0000] {processor.py:826} INFO - Processing file /home/airflow/.local/lib/python3.7/site-packages/airflow/example_dags/example_xcomargs.py for tasks to queue
[2023-08-11T08:09:44.347+0000] {logging_mixin.py:150} INFO - [2023-08-11T08:09:44.347+0000] {dagbag.py:541} INFO - Filling up the DagBag from /home/airflow/.local/lib/python3.7/site-packages/airflow/example_dags/example_xcomargs.py
[2023-08-11T08:09:44.357+0000] {processor.py:836} INFO - DAG(s) dict_keys(['example_xcom_args_with_operators', 'example_xcom_args']) retrieved from /home/airflow/.local/lib/python3.7/site-packages/airflow/example_dags/example_xcomargs.py
[2023-08-11T08:09:44.388+0000] {logging_mixin.py:150} INFO - [2023-08-11T08:09:44.388+0000] {dag.py:2742} INFO - Sync 2 DAGs
[2023-08-11T08:09:44.411+0000] {logging_mixin.py:150} INFO - [2023-08-11T08:09:44.411+0000] {dag.py:3508} INFO - Setting next_dagrun for example_xcom_args to None, run_after=None
[2023-08-11T08:09:44.415+0000] {logging_mixin.py:150} INFO - [2023-08-11T08:09:44.415+0000] {dag.py:3508} INFO - Setting next_dagrun for example_xcom_args_with_operators to None, run_after=None
[2023-08-11T08:09:44.436+0000] {processor.py:179} INFO - Processing /home/airflow/.local/lib/python3.7/site-packages/airflow/example_dags/example_xcomargs.py took 0.094 seconds
[2023-08-11T08:10:15.094+0000] {processor.py:157} INFO - Started process (PID=2348) to work on /home/airflow/.local/lib/python3.7/site-packages/airflow/example_dags/example_xcomargs.py
[2023-08-11T08:10:15.096+0000] {processor.py:826} INFO - Processing file /home/airflow/.local/lib/python3.7/site-packages/airflow/example_dags/example_xcomargs.py for tasks to queue
[2023-08-11T08:10:15.097+0000] {logging_mixin.py:150} INFO - [2023-08-11T08:10:15.097+0000] {dagbag.py:541} INFO - Filling up the DagBag from /home/airflow/.local/lib/python3.7/site-packages/airflow/example_dags/example_xcomargs.py
[2023-08-11T08:10:15.105+0000] {processor.py:836} INFO - DAG(s) dict_keys(['example_xcom_args_with_operators', 'example_xcom_args']) retrieved from /home/airflow/.local/lib/python3.7/site-packages/airflow/example_dags/example_xcomargs.py
[2023-08-11T08:10:15.139+0000] {logging_mixin.py:150} INFO - [2023-08-11T08:10:15.139+0000] {dag.py:2742} INFO - Sync 2 DAGs
[2023-08-11T08:10:15.174+0000] {logging_mixin.py:150} INFO - [2023-08-11T08:10:15.173+0000] {dag.py:3508} INFO - Setting next_dagrun for example_xcom_args to None, run_after=None
[2023-08-11T08:10:15.177+0000] {logging_mixin.py:150} INFO - [2023-08-11T08:10:15.177+0000] {dag.py:3508} INFO - Setting next_dagrun for example_xcom_args_with_operators to None, run_after=None
[2023-08-11T08:10:15.207+0000] {processor.py:179} INFO - Processing /home/airflow/.local/lib/python3.7/site-packages/airflow/example_dags/example_xcomargs.py took 0.117 seconds
[2023-08-11T08:10:45.614+0000] {processor.py:157} INFO - Started process (PID=2414) to work on /home/airflow/.local/lib/python3.7/site-packages/airflow/example_dags/example_xcomargs.py
[2023-08-11T08:10:45.615+0000] {processor.py:826} INFO - Processing file /home/airflow/.local/lib/python3.7/site-packages/airflow/example_dags/example_xcomargs.py for tasks to queue
[2023-08-11T08:10:45.616+0000] {logging_mixin.py:150} INFO - [2023-08-11T08:10:45.615+0000] {dagbag.py:541} INFO - Filling up the DagBag from /home/airflow/.local/lib/python3.7/site-packages/airflow/example_dags/example_xcomargs.py
[2023-08-11T08:10:45.624+0000] {processor.py:836} INFO - DAG(s) dict_keys(['example_xcom_args', 'example_xcom_args_with_operators']) retrieved from /home/airflow/.local/lib/python3.7/site-packages/airflow/example_dags/example_xcomargs.py
[2023-08-11T08:10:45.661+0000] {logging_mixin.py:150} INFO - [2023-08-11T08:10:45.661+0000] {dag.py:2742} INFO - Sync 2 DAGs
[2023-08-11T08:10:45.693+0000] {logging_mixin.py:150} INFO - [2023-08-11T08:10:45.693+0000] {dag.py:3508} INFO - Setting next_dagrun for example_xcom_args to None, run_after=None
[2023-08-11T08:10:45.699+0000] {logging_mixin.py:150} INFO - [2023-08-11T08:10:45.699+0000] {dag.py:3508} INFO - Setting next_dagrun for example_xcom_args_with_operators to None, run_after=None
[2023-08-11T08:10:45.723+0000] {processor.py:179} INFO - Processing /home/airflow/.local/lib/python3.7/site-packages/airflow/example_dags/example_xcomargs.py took 0.114 seconds
[2023-08-11T08:11:16.057+0000] {processor.py:157} INFO - Started process (PID=2481) to work on /home/airflow/.local/lib/python3.7/site-packages/airflow/example_dags/example_xcomargs.py
[2023-08-11T08:11:16.058+0000] {processor.py:826} INFO - Processing file /home/airflow/.local/lib/python3.7/site-packages/airflow/example_dags/example_xcomargs.py for tasks to queue
[2023-08-11T08:11:16.059+0000] {logging_mixin.py:150} INFO - [2023-08-11T08:11:16.059+0000] {dagbag.py:541} INFO - Filling up the DagBag from /home/airflow/.local/lib/python3.7/site-packages/airflow/example_dags/example_xcomargs.py
[2023-08-11T08:11:16.069+0000] {processor.py:836} INFO - DAG(s) dict_keys(['example_xcom_args', 'example_xcom_args_with_operators']) retrieved from /home/airflow/.local/lib/python3.7/site-packages/airflow/example_dags/example_xcomargs.py
[2023-08-11T08:11:16.100+0000] {logging_mixin.py:150} INFO - [2023-08-11T08:11:16.100+0000] {dag.py:2742} INFO - Sync 2 DAGs
[2023-08-11T08:11:16.123+0000] {logging_mixin.py:150} INFO - [2023-08-11T08:11:16.123+0000] {dag.py:3508} INFO - Setting next_dagrun for example_xcom_args to None, run_after=None
[2023-08-11T08:11:16.126+0000] {logging_mixin.py:150} INFO - [2023-08-11T08:11:16.126+0000] {dag.py:3508} INFO - Setting next_dagrun for example_xcom_args_with_operators to None, run_after=None
[2023-08-11T08:11:16.145+0000] {processor.py:179} INFO - Processing /home/airflow/.local/lib/python3.7/site-packages/airflow/example_dags/example_xcomargs.py took 0.091 seconds
[2023-08-11T08:11:46.695+0000] {processor.py:157} INFO - Started process (PID=2547) to work on /home/airflow/.local/lib/python3.7/site-packages/airflow/example_dags/example_xcomargs.py
[2023-08-11T08:11:46.695+0000] {processor.py:826} INFO - Processing file /home/airflow/.local/lib/python3.7/site-packages/airflow/example_dags/example_xcomargs.py for tasks to queue
[2023-08-11T08:11:46.696+0000] {logging_mixin.py:150} INFO - [2023-08-11T08:11:46.696+0000] {dagbag.py:541} INFO - Filling up the DagBag from /home/airflow/.local/lib/python3.7/site-packages/airflow/example_dags/example_xcomargs.py
[2023-08-11T08:11:46.705+0000] {processor.py:836} INFO - DAG(s) dict_keys(['example_xcom_args_with_operators', 'example_xcom_args']) retrieved from /home/airflow/.local/lib/python3.7/site-packages/airflow/example_dags/example_xcomargs.py
[2023-08-11T08:11:46.735+0000] {logging_mixin.py:150} INFO - [2023-08-11T08:11:46.735+0000] {dag.py:2742} INFO - Sync 2 DAGs
[2023-08-11T08:11:46.759+0000] {logging_mixin.py:150} INFO - [2023-08-11T08:11:46.758+0000] {dag.py:3508} INFO - Setting next_dagrun for example_xcom_args to None, run_after=None
[2023-08-11T08:11:46.762+0000] {logging_mixin.py:150} INFO - [2023-08-11T08:11:46.761+0000] {dag.py:3508} INFO - Setting next_dagrun for example_xcom_args_with_operators to None, run_after=None
[2023-08-11T08:11:46.784+0000] {processor.py:179} INFO - Processing /home/airflow/.local/lib/python3.7/site-packages/airflow/example_dags/example_xcomargs.py took 0.092 seconds
[2023-08-11T08:12:17.339+0000] {processor.py:157} INFO - Started process (PID=2613) to work on /home/airflow/.local/lib/python3.7/site-packages/airflow/example_dags/example_xcomargs.py
[2023-08-11T08:12:17.340+0000] {processor.py:826} INFO - Processing file /home/airflow/.local/lib/python3.7/site-packages/airflow/example_dags/example_xcomargs.py for tasks to queue
[2023-08-11T08:12:17.341+0000] {logging_mixin.py:150} INFO - [2023-08-11T08:12:17.340+0000] {dagbag.py:541} INFO - Filling up the DagBag from /home/airflow/.local/lib/python3.7/site-packages/airflow/example_dags/example_xcomargs.py
[2023-08-11T08:12:17.347+0000] {processor.py:836} INFO - DAG(s) dict_keys(['example_xcom_args', 'example_xcom_args_with_operators']) retrieved from /home/airflow/.local/lib/python3.7/site-packages/airflow/example_dags/example_xcomargs.py
[2023-08-11T08:12:17.376+0000] {logging_mixin.py:150} INFO - [2023-08-11T08:12:17.376+0000] {dag.py:2742} INFO - Sync 2 DAGs
[2023-08-11T08:12:17.399+0000] {logging_mixin.py:150} INFO - [2023-08-11T08:12:17.398+0000] {dag.py:3508} INFO - Setting next_dagrun for example_xcom_args to None, run_after=None
[2023-08-11T08:12:17.403+0000] {logging_mixin.py:150} INFO - [2023-08-11T08:12:17.403+0000] {dag.py:3508} INFO - Setting next_dagrun for example_xcom_args_with_operators to None, run_after=None
[2023-08-11T08:12:17.423+0000] {processor.py:179} INFO - Processing /home/airflow/.local/lib/python3.7/site-packages/airflow/example_dags/example_xcomargs.py took 0.087 seconds
[2023-08-11T08:12:48.137+0000] {processor.py:157} INFO - Started process (PID=2679) to work on /home/airflow/.local/lib/python3.7/site-packages/airflow/example_dags/example_xcomargs.py
[2023-08-11T08:12:48.139+0000] {processor.py:826} INFO - Processing file /home/airflow/.local/lib/python3.7/site-packages/airflow/example_dags/example_xcomargs.py for tasks to queue
[2023-08-11T08:12:48.140+0000] {logging_mixin.py:150} INFO - [2023-08-11T08:12:48.140+0000] {dagbag.py:541} INFO - Filling up the DagBag from /home/airflow/.local/lib/python3.7/site-packages/airflow/example_dags/example_xcomargs.py
[2023-08-11T08:12:48.151+0000] {processor.py:836} INFO - DAG(s) dict_keys(['example_xcom_args_with_operators', 'example_xcom_args']) retrieved from /home/airflow/.local/lib/python3.7/site-packages/airflow/example_dags/example_xcomargs.py
[2023-08-11T08:12:48.196+0000] {logging_mixin.py:150} INFO - [2023-08-11T08:12:48.195+0000] {dag.py:2742} INFO - Sync 2 DAGs
[2023-08-11T08:12:48.228+0000] {logging_mixin.py:150} INFO - [2023-08-11T08:12:48.228+0000] {dag.py:3508} INFO - Setting next_dagrun for example_xcom_args to None, run_after=None
[2023-08-11T08:12:48.233+0000] {logging_mixin.py:150} INFO - [2023-08-11T08:12:48.233+0000] {dag.py:3508} INFO - Setting next_dagrun for example_xcom_args_with_operators to None, run_after=None
[2023-08-11T08:12:48.271+0000] {processor.py:179} INFO - Processing /home/airflow/.local/lib/python3.7/site-packages/airflow/example_dags/example_xcomargs.py took 0.139 seconds
[2023-08-11T08:13:18.332+0000] {processor.py:157} INFO - Started process (PID=2745) to work on /home/airflow/.local/lib/python3.7/site-packages/airflow/example_dags/example_xcomargs.py
[2023-08-11T08:13:18.333+0000] {processor.py:826} INFO - Processing file /home/airflow/.local/lib/python3.7/site-packages/airflow/example_dags/example_xcomargs.py for tasks to queue
[2023-08-11T08:13:18.334+0000] {logging_mixin.py:150} INFO - [2023-08-11T08:13:18.334+0000] {dagbag.py:541} INFO - Filling up the DagBag from /home/airflow/.local/lib/python3.7/site-packages/airflow/example_dags/example_xcomargs.py
[2023-08-11T08:13:18.344+0000] {processor.py:836} INFO - DAG(s) dict_keys(['example_xcom_args_with_operators', 'example_xcom_args']) retrieved from /home/airflow/.local/lib/python3.7/site-packages/airflow/example_dags/example_xcomargs.py
[2023-08-11T08:13:18.375+0000] {logging_mixin.py:150} INFO - [2023-08-11T08:13:18.375+0000] {dag.py:2742} INFO - Sync 2 DAGs
[2023-08-11T08:13:18.400+0000] {logging_mixin.py:150} INFO - [2023-08-11T08:13:18.400+0000] {dag.py:3508} INFO - Setting next_dagrun for example_xcom_args to None, run_after=None
[2023-08-11T08:13:18.404+0000] {logging_mixin.py:150} INFO - [2023-08-11T08:13:18.404+0000] {dag.py:3508} INFO - Setting next_dagrun for example_xcom_args_with_operators to None, run_after=None
[2023-08-11T08:13:18.428+0000] {processor.py:179} INFO - Processing /home/airflow/.local/lib/python3.7/site-packages/airflow/example_dags/example_xcomargs.py took 0.099 seconds
[2023-08-11T08:13:49.149+0000] {processor.py:157} INFO - Started process (PID=2811) to work on /home/airflow/.local/lib/python3.7/site-packages/airflow/example_dags/example_xcomargs.py
[2023-08-11T08:13:49.149+0000] {processor.py:826} INFO - Processing file /home/airflow/.local/lib/python3.7/site-packages/airflow/example_dags/example_xcomargs.py for tasks to queue
[2023-08-11T08:13:49.150+0000] {logging_mixin.py:150} INFO - [2023-08-11T08:13:49.150+0000] {dagbag.py:541} INFO - Filling up the DagBag from /home/airflow/.local/lib/python3.7/site-packages/airflow/example_dags/example_xcomargs.py
[2023-08-11T08:13:49.161+0000] {processor.py:836} INFO - DAG(s) dict_keys(['example_xcom_args_with_operators', 'example_xcom_args']) retrieved from /home/airflow/.local/lib/python3.7/site-packages/airflow/example_dags/example_xcomargs.py
[2023-08-11T08:13:49.191+0000] {logging_mixin.py:150} INFO - [2023-08-11T08:13:49.191+0000] {dag.py:2742} INFO - Sync 2 DAGs
[2023-08-11T08:13:49.214+0000] {logging_mixin.py:150} INFO - [2023-08-11T08:13:49.214+0000] {dag.py:3508} INFO - Setting next_dagrun for example_xcom_args to None, run_after=None
[2023-08-11T08:13:49.217+0000] {logging_mixin.py:150} INFO - [2023-08-11T08:13:49.217+0000] {dag.py:3508} INFO - Setting next_dagrun for example_xcom_args_with_operators to None, run_after=None
[2023-08-11T08:13:49.237+0000] {processor.py:179} INFO - Processing /home/airflow/.local/lib/python3.7/site-packages/airflow/example_dags/example_xcomargs.py took 0.091 seconds
[2023-08-11T08:14:19.749+0000] {processor.py:157} INFO - Started process (PID=2877) to work on /home/airflow/.local/lib/python3.7/site-packages/airflow/example_dags/example_xcomargs.py
[2023-08-11T08:14:19.750+0000] {processor.py:826} INFO - Processing file /home/airflow/.local/lib/python3.7/site-packages/airflow/example_dags/example_xcomargs.py for tasks to queue
[2023-08-11T08:14:19.751+0000] {logging_mixin.py:150} INFO - [2023-08-11T08:14:19.751+0000] {dagbag.py:541} INFO - Filling up the DagBag from /home/airflow/.local/lib/python3.7/site-packages/airflow/example_dags/example_xcomargs.py
[2023-08-11T08:14:19.763+0000] {processor.py:836} INFO - DAG(s) dict_keys(['example_xcom_args_with_operators', 'example_xcom_args']) retrieved from /home/airflow/.local/lib/python3.7/site-packages/airflow/example_dags/example_xcomargs.py
[2023-08-11T08:14:19.794+0000] {logging_mixin.py:150} INFO - [2023-08-11T08:14:19.793+0000] {dag.py:2742} INFO - Sync 2 DAGs
[2023-08-11T08:14:19.821+0000] {logging_mixin.py:150} INFO - [2023-08-11T08:14:19.821+0000] {dag.py:3508} INFO - Setting next_dagrun for example_xcom_args to None, run_after=None
[2023-08-11T08:14:19.825+0000] {logging_mixin.py:150} INFO - [2023-08-11T08:14:19.825+0000] {dag.py:3508} INFO - Setting next_dagrun for example_xcom_args_with_operators to None, run_after=None
[2023-08-11T08:14:19.846+0000] {processor.py:179} INFO - Processing /home/airflow/.local/lib/python3.7/site-packages/airflow/example_dags/example_xcomargs.py took 0.101 seconds
[2023-08-11T08:14:50.471+0000] {processor.py:157} INFO - Started process (PID=2944) to work on /home/airflow/.local/lib/python3.7/site-packages/airflow/example_dags/example_xcomargs.py
[2023-08-11T08:14:50.472+0000] {processor.py:826} INFO - Processing file /home/airflow/.local/lib/python3.7/site-packages/airflow/example_dags/example_xcomargs.py for tasks to queue
[2023-08-11T08:14:50.473+0000] {logging_mixin.py:150} INFO - [2023-08-11T08:14:50.472+0000] {dagbag.py:541} INFO - Filling up the DagBag from /home/airflow/.local/lib/python3.7/site-packages/airflow/example_dags/example_xcomargs.py
[2023-08-11T08:14:50.480+0000] {processor.py:836} INFO - DAG(s) dict_keys(['example_xcom_args', 'example_xcom_args_with_operators']) retrieved from /home/airflow/.local/lib/python3.7/site-packages/airflow/example_dags/example_xcomargs.py
[2023-08-11T08:14:50.511+0000] {logging_mixin.py:150} INFO - [2023-08-11T08:14:50.511+0000] {dag.py:2742} INFO - Sync 2 DAGs
[2023-08-11T08:14:50.533+0000] {logging_mixin.py:150} INFO - [2023-08-11T08:14:50.533+0000] {dag.py:3508} INFO - Setting next_dagrun for example_xcom_args to None, run_after=None
[2023-08-11T08:14:50.536+0000] {logging_mixin.py:150} INFO - [2023-08-11T08:14:50.536+0000] {dag.py:3508} INFO - Setting next_dagrun for example_xcom_args_with_operators to None, run_after=None
[2023-08-11T08:14:50.556+0000] {processor.py:179} INFO - Processing /home/airflow/.local/lib/python3.7/site-packages/airflow/example_dags/example_xcomargs.py took 0.088 seconds
[2023-08-11T08:15:21.371+0000] {processor.py:157} INFO - Started process (PID=3010) to work on /home/airflow/.local/lib/python3.7/site-packages/airflow/example_dags/example_xcomargs.py
[2023-08-11T08:15:21.372+0000] {processor.py:826} INFO - Processing file /home/airflow/.local/lib/python3.7/site-packages/airflow/example_dags/example_xcomargs.py for tasks to queue
[2023-08-11T08:15:21.373+0000] {logging_mixin.py:150} INFO - [2023-08-11T08:15:21.372+0000] {dagbag.py:541} INFO - Filling up the DagBag from /home/airflow/.local/lib/python3.7/site-packages/airflow/example_dags/example_xcomargs.py
[2023-08-11T08:15:21.382+0000] {processor.py:836} INFO - DAG(s) dict_keys(['example_xcom_args', 'example_xcom_args_with_operators']) retrieved from /home/airflow/.local/lib/python3.7/site-packages/airflow/example_dags/example_xcomargs.py
[2023-08-11T08:15:21.413+0000] {logging_mixin.py:150} INFO - [2023-08-11T08:15:21.412+0000] {dag.py:2742} INFO - Sync 2 DAGs
[2023-08-11T08:15:21.436+0000] {logging_mixin.py:150} INFO - [2023-08-11T08:15:21.436+0000] {dag.py:3508} INFO - Setting next_dagrun for example_xcom_args to None, run_after=None
[2023-08-11T08:15:21.439+0000] {logging_mixin.py:150} INFO - [2023-08-11T08:15:21.439+0000] {dag.py:3508} INFO - Setting next_dagrun for example_xcom_args_with_operators to None, run_after=None
[2023-08-11T08:15:21.459+0000] {processor.py:179} INFO - Processing /home/airflow/.local/lib/python3.7/site-packages/airflow/example_dags/example_xcomargs.py took 0.093 seconds
[2023-08-11T08:15:52.403+0000] {processor.py:157} INFO - Started process (PID=3077) to work on /home/airflow/.local/lib/python3.7/site-packages/airflow/example_dags/example_xcomargs.py
[2023-08-11T08:15:52.403+0000] {processor.py:826} INFO - Processing file /home/airflow/.local/lib/python3.7/site-packages/airflow/example_dags/example_xcomargs.py for tasks to queue
[2023-08-11T08:15:52.404+0000] {logging_mixin.py:150} INFO - [2023-08-11T08:15:52.404+0000] {dagbag.py:541} INFO - Filling up the DagBag from /home/airflow/.local/lib/python3.7/site-packages/airflow/example_dags/example_xcomargs.py
[2023-08-11T08:15:52.411+0000] {processor.py:836} INFO - DAG(s) dict_keys(['example_xcom_args', 'example_xcom_args_with_operators']) retrieved from /home/airflow/.local/lib/python3.7/site-packages/airflow/example_dags/example_xcomargs.py
[2023-08-11T08:15:52.440+0000] {logging_mixin.py:150} INFO - [2023-08-11T08:15:52.439+0000] {dag.py:2742} INFO - Sync 2 DAGs
[2023-08-11T08:15:52.469+0000] {logging_mixin.py:150} INFO - [2023-08-11T08:15:52.469+0000] {dag.py:3508} INFO - Setting next_dagrun for example_xcom_args to None, run_after=None
[2023-08-11T08:15:52.473+0000] {logging_mixin.py:150} INFO - [2023-08-11T08:15:52.473+0000] {dag.py:3508} INFO - Setting next_dagrun for example_xcom_args_with_operators to None, run_after=None
[2023-08-11T08:15:52.493+0000] {processor.py:179} INFO - Processing /home/airflow/.local/lib/python3.7/site-packages/airflow/example_dags/example_xcomargs.py took 0.093 seconds
[2023-08-11T08:16:22.907+0000] {processor.py:157} INFO - Started process (PID=3145) to work on /home/airflow/.local/lib/python3.7/site-packages/airflow/example_dags/example_xcomargs.py
[2023-08-11T08:16:22.908+0000] {processor.py:826} INFO - Processing file /home/airflow/.local/lib/python3.7/site-packages/airflow/example_dags/example_xcomargs.py for tasks to queue
[2023-08-11T08:16:22.909+0000] {logging_mixin.py:150} INFO - [2023-08-11T08:16:22.909+0000] {dagbag.py:541} INFO - Filling up the DagBag from /home/airflow/.local/lib/python3.7/site-packages/airflow/example_dags/example_xcomargs.py
[2023-08-11T08:16:22.917+0000] {processor.py:836} INFO - DAG(s) dict_keys(['example_xcom_args', 'example_xcom_args_with_operators']) retrieved from /home/airflow/.local/lib/python3.7/site-packages/airflow/example_dags/example_xcomargs.py
[2023-08-11T08:16:22.949+0000] {logging_mixin.py:150} INFO - [2023-08-11T08:16:22.948+0000] {dag.py:2742} INFO - Sync 2 DAGs
[2023-08-11T08:16:22.972+0000] {logging_mixin.py:150} INFO - [2023-08-11T08:16:22.972+0000] {dag.py:3508} INFO - Setting next_dagrun for example_xcom_args to None, run_after=None
[2023-08-11T08:16:22.975+0000] {logging_mixin.py:150} INFO - [2023-08-11T08:16:22.975+0000] {dag.py:3508} INFO - Setting next_dagrun for example_xcom_args_with_operators to None, run_after=None
[2023-08-11T08:16:22.996+0000] {processor.py:179} INFO - Processing /home/airflow/.local/lib/python3.7/site-packages/airflow/example_dags/example_xcomargs.py took 0.092 seconds
[2023-08-11T08:16:53.740+0000] {processor.py:157} INFO - Started process (PID=3213) to work on /home/airflow/.local/lib/python3.7/site-packages/airflow/example_dags/example_xcomargs.py
[2023-08-11T08:16:53.742+0000] {processor.py:826} INFO - Processing file /home/airflow/.local/lib/python3.7/site-packages/airflow/example_dags/example_xcomargs.py for tasks to queue
[2023-08-11T08:16:53.743+0000] {logging_mixin.py:150} INFO - [2023-08-11T08:16:53.743+0000] {dagbag.py:541} INFO - Filling up the DagBag from /home/airflow/.local/lib/python3.7/site-packages/airflow/example_dags/example_xcomargs.py
[2023-08-11T08:16:53.759+0000] {processor.py:836} INFO - DAG(s) dict_keys(['example_xcom_args', 'example_xcom_args_with_operators']) retrieved from /home/airflow/.local/lib/python3.7/site-packages/airflow/example_dags/example_xcomargs.py
[2023-08-11T08:16:53.810+0000] {logging_mixin.py:150} INFO - [2023-08-11T08:16:53.810+0000] {dag.py:2742} INFO - Sync 2 DAGs
[2023-08-11T08:16:53.843+0000] {logging_mixin.py:150} INFO - [2023-08-11T08:16:53.843+0000] {dag.py:3508} INFO - Setting next_dagrun for example_xcom_args to None, run_after=None
[2023-08-11T08:16:53.848+0000] {logging_mixin.py:150} INFO - [2023-08-11T08:16:53.847+0000] {dag.py:3508} INFO - Setting next_dagrun for example_xcom_args_with_operators to None, run_after=None
[2023-08-11T08:16:53.877+0000] {processor.py:179} INFO - Processing /home/airflow/.local/lib/python3.7/site-packages/airflow/example_dags/example_xcomargs.py took 0.146 seconds
[2023-08-11T08:17:24.069+0000] {processor.py:157} INFO - Started process (PID=3291) to work on /home/airflow/.local/lib/python3.7/site-packages/airflow/example_dags/example_xcomargs.py
[2023-08-11T08:17:24.090+0000] {processor.py:826} INFO - Processing file /home/airflow/.local/lib/python3.7/site-packages/airflow/example_dags/example_xcomargs.py for tasks to queue
[2023-08-11T08:17:24.092+0000] {logging_mixin.py:150} INFO - [2023-08-11T08:17:24.091+0000] {dagbag.py:541} INFO - Filling up the DagBag from /home/airflow/.local/lib/python3.7/site-packages/airflow/example_dags/example_xcomargs.py
[2023-08-11T08:17:24.126+0000] {processor.py:836} INFO - DAG(s) dict_keys(['example_xcom_args', 'example_xcom_args_with_operators']) retrieved from /home/airflow/.local/lib/python3.7/site-packages/airflow/example_dags/example_xcomargs.py
[2023-08-11T08:17:24.278+0000] {logging_mixin.py:150} INFO - [2023-08-11T08:17:24.278+0000] {dag.py:2742} INFO - Sync 2 DAGs
[2023-08-11T08:17:24.356+0000] {logging_mixin.py:150} INFO - [2023-08-11T08:17:24.355+0000] {dag.py:3508} INFO - Setting next_dagrun for example_xcom_args to None, run_after=None
[2023-08-11T08:17:24.363+0000] {logging_mixin.py:150} INFO - [2023-08-11T08:17:24.363+0000] {dag.py:3508} INFO - Setting next_dagrun for example_xcom_args_with_operators to None, run_after=None
[2023-08-11T08:17:24.411+0000] {processor.py:179} INFO - Processing /home/airflow/.local/lib/python3.7/site-packages/airflow/example_dags/example_xcomargs.py took 0.354 seconds
[2023-08-11T08:17:54.812+0000] {processor.py:157} INFO - Started process (PID=3382) to work on /home/airflow/.local/lib/python3.7/site-packages/airflow/example_dags/example_xcomargs.py
[2023-08-11T08:17:54.814+0000] {processor.py:826} INFO - Processing file /home/airflow/.local/lib/python3.7/site-packages/airflow/example_dags/example_xcomargs.py for tasks to queue
[2023-08-11T08:17:54.814+0000] {logging_mixin.py:150} INFO - [2023-08-11T08:17:54.814+0000] {dagbag.py:541} INFO - Filling up the DagBag from /home/airflow/.local/lib/python3.7/site-packages/airflow/example_dags/example_xcomargs.py
[2023-08-11T08:17:54.824+0000] {processor.py:836} INFO - DAG(s) dict_keys(['example_xcom_args', 'example_xcom_args_with_operators']) retrieved from /home/airflow/.local/lib/python3.7/site-packages/airflow/example_dags/example_xcomargs.py
[2023-08-11T08:17:54.858+0000] {logging_mixin.py:150} INFO - [2023-08-11T08:17:54.858+0000] {dag.py:2742} INFO - Sync 2 DAGs
[2023-08-11T08:17:54.892+0000] {logging_mixin.py:150} INFO - [2023-08-11T08:17:54.892+0000] {dag.py:3508} INFO - Setting next_dagrun for example_xcom_args to None, run_after=None
[2023-08-11T08:17:54.896+0000] {logging_mixin.py:150} INFO - [2023-08-11T08:17:54.896+0000] {dag.py:3508} INFO - Setting next_dagrun for example_xcom_args_with_operators to None, run_after=None
[2023-08-11T08:17:54.923+0000] {processor.py:179} INFO - Processing /home/airflow/.local/lib/python3.7/site-packages/airflow/example_dags/example_xcomargs.py took 0.114 seconds
[2023-08-11T08:18:25.713+0000] {processor.py:157} INFO - Started process (PID=3460) to work on /home/airflow/.local/lib/python3.7/site-packages/airflow/example_dags/example_xcomargs.py
[2023-08-11T08:18:25.714+0000] {processor.py:826} INFO - Processing file /home/airflow/.local/lib/python3.7/site-packages/airflow/example_dags/example_xcomargs.py for tasks to queue
[2023-08-11T08:18:25.715+0000] {logging_mixin.py:150} INFO - [2023-08-11T08:18:25.715+0000] {dagbag.py:541} INFO - Filling up the DagBag from /home/airflow/.local/lib/python3.7/site-packages/airflow/example_dags/example_xcomargs.py
[2023-08-11T08:18:25.723+0000] {processor.py:836} INFO - DAG(s) dict_keys(['example_xcom_args', 'example_xcom_args_with_operators']) retrieved from /home/airflow/.local/lib/python3.7/site-packages/airflow/example_dags/example_xcomargs.py
[2023-08-11T08:18:25.749+0000] {logging_mixin.py:150} INFO - [2023-08-11T08:18:25.749+0000] {dag.py:2742} INFO - Sync 2 DAGs
[2023-08-11T08:18:25.774+0000] {logging_mixin.py:150} INFO - [2023-08-11T08:18:25.774+0000] {dag.py:3508} INFO - Setting next_dagrun for example_xcom_args to None, run_after=None
[2023-08-11T08:18:25.777+0000] {logging_mixin.py:150} INFO - [2023-08-11T08:18:25.777+0000] {dag.py:3508} INFO - Setting next_dagrun for example_xcom_args_with_operators to None, run_after=None
[2023-08-11T08:18:25.797+0000] {processor.py:179} INFO - Processing /home/airflow/.local/lib/python3.7/site-packages/airflow/example_dags/example_xcomargs.py took 0.087 seconds
[2023-08-11T08:18:56.057+0000] {processor.py:157} INFO - Started process (PID=3546) to work on /home/airflow/.local/lib/python3.7/site-packages/airflow/example_dags/example_xcomargs.py
[2023-08-11T08:18:56.059+0000] {processor.py:826} INFO - Processing file /home/airflow/.local/lib/python3.7/site-packages/airflow/example_dags/example_xcomargs.py for tasks to queue
[2023-08-11T08:18:56.064+0000] {logging_mixin.py:150} INFO - [2023-08-11T08:18:56.063+0000] {dagbag.py:541} INFO - Filling up the DagBag from /home/airflow/.local/lib/python3.7/site-packages/airflow/example_dags/example_xcomargs.py
[2023-08-11T08:18:56.099+0000] {processor.py:836} INFO - DAG(s) dict_keys(['example_xcom_args_with_operators', 'example_xcom_args']) retrieved from /home/airflow/.local/lib/python3.7/site-packages/airflow/example_dags/example_xcomargs.py
[2023-08-11T08:18:56.217+0000] {logging_mixin.py:150} INFO - [2023-08-11T08:18:56.216+0000] {dag.py:2742} INFO - Sync 2 DAGs
[2023-08-11T08:18:56.326+0000] {logging_mixin.py:150} INFO - [2023-08-11T08:18:56.325+0000] {dag.py:3508} INFO - Setting next_dagrun for example_xcom_args to None, run_after=None
[2023-08-11T08:18:56.337+0000] {logging_mixin.py:150} INFO - [2023-08-11T08:18:56.336+0000] {dag.py:3508} INFO - Setting next_dagrun for example_xcom_args_with_operators to None, run_after=None
[2023-08-11T08:18:56.419+0000] {processor.py:179} INFO - Processing /home/airflow/.local/lib/python3.7/site-packages/airflow/example_dags/example_xcomargs.py took 0.369 seconds
[2023-08-11T08:19:26.861+0000] {processor.py:157} INFO - Started process (PID=3624) to work on /home/airflow/.local/lib/python3.7/site-packages/airflow/example_dags/example_xcomargs.py
[2023-08-11T08:19:26.862+0000] {processor.py:826} INFO - Processing file /home/airflow/.local/lib/python3.7/site-packages/airflow/example_dags/example_xcomargs.py for tasks to queue
[2023-08-11T08:19:26.863+0000] {logging_mixin.py:150} INFO - [2023-08-11T08:19:26.863+0000] {dagbag.py:541} INFO - Filling up the DagBag from /home/airflow/.local/lib/python3.7/site-packages/airflow/example_dags/example_xcomargs.py
[2023-08-11T08:19:26.874+0000] {processor.py:836} INFO - DAG(s) dict_keys(['example_xcom_args', 'example_xcom_args_with_operators']) retrieved from /home/airflow/.local/lib/python3.7/site-packages/airflow/example_dags/example_xcomargs.py
[2023-08-11T08:19:26.902+0000] {logging_mixin.py:150} INFO - [2023-08-11T08:19:26.902+0000] {dag.py:2742} INFO - Sync 2 DAGs
[2023-08-11T08:19:26.925+0000] {logging_mixin.py:150} INFO - [2023-08-11T08:19:26.925+0000] {dag.py:3508} INFO - Setting next_dagrun for example_xcom_args to None, run_after=None
[2023-08-11T08:19:26.929+0000] {logging_mixin.py:150} INFO - [2023-08-11T08:19:26.929+0000] {dag.py:3508} INFO - Setting next_dagrun for example_xcom_args_with_operators to None, run_after=None
[2023-08-11T08:19:26.947+0000] {processor.py:179} INFO - Processing /home/airflow/.local/lib/python3.7/site-packages/airflow/example_dags/example_xcomargs.py took 0.089 seconds
[2023-08-11T08:19:57.139+0000] {processor.py:157} INFO - Started process (PID=3702) to work on /home/airflow/.local/lib/python3.7/site-packages/airflow/example_dags/example_xcomargs.py
[2023-08-11T08:19:57.141+0000] {processor.py:826} INFO - Processing file /home/airflow/.local/lib/python3.7/site-packages/airflow/example_dags/example_xcomargs.py for tasks to queue
[2023-08-11T08:19:57.143+0000] {logging_mixin.py:150} INFO - [2023-08-11T08:19:57.142+0000] {dagbag.py:541} INFO - Filling up the DagBag from /home/airflow/.local/lib/python3.7/site-packages/airflow/example_dags/example_xcomargs.py
[2023-08-11T08:19:57.152+0000] {processor.py:836} INFO - DAG(s) dict_keys(['example_xcom_args_with_operators', 'example_xcom_args']) retrieved from /home/airflow/.local/lib/python3.7/site-packages/airflow/example_dags/example_xcomargs.py
[2023-08-11T08:19:57.185+0000] {logging_mixin.py:150} INFO - [2023-08-11T08:19:57.185+0000] {dag.py:2742} INFO - Sync 2 DAGs
[2023-08-11T08:19:57.210+0000] {logging_mixin.py:150} INFO - [2023-08-11T08:19:57.210+0000] {dag.py:3508} INFO - Setting next_dagrun for example_xcom_args to None, run_after=None
[2023-08-11T08:19:57.213+0000] {logging_mixin.py:150} INFO - [2023-08-11T08:19:57.213+0000] {dag.py:3508} INFO - Setting next_dagrun for example_xcom_args_with_operators to None, run_after=None
[2023-08-11T08:19:57.233+0000] {processor.py:179} INFO - Processing /home/airflow/.local/lib/python3.7/site-packages/airflow/example_dags/example_xcomargs.py took 0.098 seconds
[2023-08-11T08:20:27.712+0000] {processor.py:157} INFO - Started process (PID=3787) to work on /home/airflow/.local/lib/python3.7/site-packages/airflow/example_dags/example_xcomargs.py
[2023-08-11T08:20:27.713+0000] {processor.py:826} INFO - Processing file /home/airflow/.local/lib/python3.7/site-packages/airflow/example_dags/example_xcomargs.py for tasks to queue
[2023-08-11T08:20:27.714+0000] {logging_mixin.py:150} INFO - [2023-08-11T08:20:27.713+0000] {dagbag.py:541} INFO - Filling up the DagBag from /home/airflow/.local/lib/python3.7/site-packages/airflow/example_dags/example_xcomargs.py
[2023-08-11T08:20:27.722+0000] {processor.py:836} INFO - DAG(s) dict_keys(['example_xcom_args_with_operators', 'example_xcom_args']) retrieved from /home/airflow/.local/lib/python3.7/site-packages/airflow/example_dags/example_xcomargs.py
[2023-08-11T08:20:27.754+0000] {logging_mixin.py:150} INFO - [2023-08-11T08:20:27.754+0000] {dag.py:2742} INFO - Sync 2 DAGs
[2023-08-11T08:20:27.777+0000] {logging_mixin.py:150} INFO - [2023-08-11T08:20:27.777+0000] {dag.py:3508} INFO - Setting next_dagrun for example_xcom_args to None, run_after=None
[2023-08-11T08:20:27.781+0000] {logging_mixin.py:150} INFO - [2023-08-11T08:20:27.781+0000] {dag.py:3508} INFO - Setting next_dagrun for example_xcom_args_with_operators to None, run_after=None
[2023-08-11T08:20:27.802+0000] {processor.py:179} INFO - Processing /home/airflow/.local/lib/python3.7/site-packages/airflow/example_dags/example_xcomargs.py took 0.095 seconds
[2023-08-11T08:20:58.294+0000] {processor.py:157} INFO - Started process (PID=3878) to work on /home/airflow/.local/lib/python3.7/site-packages/airflow/example_dags/example_xcomargs.py
[2023-08-11T08:20:58.295+0000] {processor.py:826} INFO - Processing file /home/airflow/.local/lib/python3.7/site-packages/airflow/example_dags/example_xcomargs.py for tasks to queue
[2023-08-11T08:20:58.296+0000] {logging_mixin.py:150} INFO - [2023-08-11T08:20:58.295+0000] {dagbag.py:541} INFO - Filling up the DagBag from /home/airflow/.local/lib/python3.7/site-packages/airflow/example_dags/example_xcomargs.py
[2023-08-11T08:20:58.303+0000] {processor.py:836} INFO - DAG(s) dict_keys(['example_xcom_args', 'example_xcom_args_with_operators']) retrieved from /home/airflow/.local/lib/python3.7/site-packages/airflow/example_dags/example_xcomargs.py
[2023-08-11T08:20:58.335+0000] {logging_mixin.py:150} INFO - [2023-08-11T08:20:58.335+0000] {dag.py:2742} INFO - Sync 2 DAGs
[2023-08-11T08:20:58.359+0000] {logging_mixin.py:150} INFO - [2023-08-11T08:20:58.359+0000] {dag.py:3508} INFO - Setting next_dagrun for example_xcom_args to None, run_after=None
[2023-08-11T08:20:58.364+0000] {logging_mixin.py:150} INFO - [2023-08-11T08:20:58.364+0000] {dag.py:3508} INFO - Setting next_dagrun for example_xcom_args_with_operators to None, run_after=None
[2023-08-11T08:20:58.388+0000] {processor.py:179} INFO - Processing /home/airflow/.local/lib/python3.7/site-packages/airflow/example_dags/example_xcomargs.py took 0.097 seconds
[2023-08-11T08:21:28.661+0000] {processor.py:157} INFO - Started process (PID=3969) to work on /home/airflow/.local/lib/python3.7/site-packages/airflow/example_dags/example_xcomargs.py
[2023-08-11T08:21:28.664+0000] {processor.py:826} INFO - Processing file /home/airflow/.local/lib/python3.7/site-packages/airflow/example_dags/example_xcomargs.py for tasks to queue
[2023-08-11T08:21:28.665+0000] {logging_mixin.py:150} INFO - [2023-08-11T08:21:28.665+0000] {dagbag.py:541} INFO - Filling up the DagBag from /home/airflow/.local/lib/python3.7/site-packages/airflow/example_dags/example_xcomargs.py
[2023-08-11T08:21:28.675+0000] {processor.py:836} INFO - DAG(s) dict_keys(['example_xcom_args', 'example_xcom_args_with_operators']) retrieved from /home/airflow/.local/lib/python3.7/site-packages/airflow/example_dags/example_xcomargs.py
[2023-08-11T08:21:28.705+0000] {logging_mixin.py:150} INFO - [2023-08-11T08:21:28.705+0000] {dag.py:2742} INFO - Sync 2 DAGs
[2023-08-11T08:21:28.735+0000] {logging_mixin.py:150} INFO - [2023-08-11T08:21:28.735+0000] {dag.py:3508} INFO - Setting next_dagrun for example_xcom_args to None, run_after=None
[2023-08-11T08:21:28.740+0000] {logging_mixin.py:150} INFO - [2023-08-11T08:21:28.740+0000] {dag.py:3508} INFO - Setting next_dagrun for example_xcom_args_with_operators to None, run_after=None
[2023-08-11T08:21:28.767+0000] {processor.py:179} INFO - Processing /home/airflow/.local/lib/python3.7/site-packages/airflow/example_dags/example_xcomargs.py took 0.109 seconds
[2023-08-11T08:21:58.943+0000] {processor.py:157} INFO - Started process (PID=4060) to work on /home/airflow/.local/lib/python3.7/site-packages/airflow/example_dags/example_xcomargs.py
[2023-08-11T08:21:58.944+0000] {processor.py:826} INFO - Processing file /home/airflow/.local/lib/python3.7/site-packages/airflow/example_dags/example_xcomargs.py for tasks to queue
[2023-08-11T08:21:58.946+0000] {logging_mixin.py:150} INFO - [2023-08-11T08:21:58.945+0000] {dagbag.py:541} INFO - Filling up the DagBag from /home/airflow/.local/lib/python3.7/site-packages/airflow/example_dags/example_xcomargs.py
[2023-08-11T08:21:58.956+0000] {processor.py:836} INFO - DAG(s) dict_keys(['example_xcom_args_with_operators', 'example_xcom_args']) retrieved from /home/airflow/.local/lib/python3.7/site-packages/airflow/example_dags/example_xcomargs.py
[2023-08-11T08:21:58.991+0000] {logging_mixin.py:150} INFO - [2023-08-11T08:21:58.991+0000] {dag.py:2742} INFO - Sync 2 DAGs
[2023-08-11T08:21:59.022+0000] {logging_mixin.py:150} INFO - [2023-08-11T08:21:59.022+0000] {dag.py:3508} INFO - Setting next_dagrun for example_xcom_args to None, run_after=None
[2023-08-11T08:21:59.026+0000] {logging_mixin.py:150} INFO - [2023-08-11T08:21:59.026+0000] {dag.py:3508} INFO - Setting next_dagrun for example_xcom_args_with_operators to None, run_after=None
[2023-08-11T08:21:59.052+0000] {processor.py:179} INFO - Processing /home/airflow/.local/lib/python3.7/site-packages/airflow/example_dags/example_xcomargs.py took 0.112 seconds
