[2023-08-11T07:52:43.074+0000] {processor.py:157} INFO - Started process (PID=39) to work on /home/airflow/.local/lib/python3.7/site-packages/airflow/example_dags/example_branch_operator_decorator.py
[2023-08-11T07:52:43.075+0000] {processor.py:826} INFO - Processing file /home/airflow/.local/lib/python3.7/site-packages/airflow/example_dags/example_branch_operator_decorator.py for tasks to queue
[2023-08-11T07:52:43.076+0000] {logging_mixin.py:150} INFO - [2023-08-11T07:52:43.076+0000] {dagbag.py:541} INFO - Filling up the DagBag from /home/airflow/.local/lib/python3.7/site-packages/airflow/example_dags/example_branch_operator_decorator.py
[2023-08-11T07:52:43.098+0000] {processor.py:836} INFO - DAG(s) dict_keys(['example_branch_python_operator_decorator']) retrieved from /home/airflow/.local/lib/python3.7/site-packages/airflow/example_dags/example_branch_operator_decorator.py
[2023-08-11T07:52:43.122+0000] {logging_mixin.py:150} INFO - [2023-08-11T07:52:43.121+0000] {dag.py:2742} INFO - Sync 1 DAGs
[2023-08-11T07:52:43.171+0000] {logging_mixin.py:150} INFO - [2023-08-11T07:52:43.171+0000] {dag.py:3508} INFO - Setting next_dagrun for example_branch_python_operator_decorator to 2023-08-10T00:00:00+00:00, run_after=2023-08-11T00:00:00+00:00
[2023-08-11T07:52:43.209+0000] {processor.py:179} INFO - Processing /home/airflow/.local/lib/python3.7/site-packages/airflow/example_dags/example_branch_operator_decorator.py took 0.139 seconds
[2023-08-11T07:53:14.524+0000] {processor.py:157} INFO - Started process (PID=103) to work on /home/airflow/.local/lib/python3.7/site-packages/airflow/example_dags/example_branch_operator_decorator.py
[2023-08-11T07:53:14.526+0000] {processor.py:826} INFO - Processing file /home/airflow/.local/lib/python3.7/site-packages/airflow/example_dags/example_branch_operator_decorator.py for tasks to queue
[2023-08-11T07:53:14.527+0000] {logging_mixin.py:150} INFO - [2023-08-11T07:53:14.526+0000] {dagbag.py:541} INFO - Filling up the DagBag from /home/airflow/.local/lib/python3.7/site-packages/airflow/example_dags/example_branch_operator_decorator.py
[2023-08-11T07:53:14.541+0000] {processor.py:836} INFO - DAG(s) dict_keys(['example_branch_python_operator_decorator']) retrieved from /home/airflow/.local/lib/python3.7/site-packages/airflow/example_dags/example_branch_operator_decorator.py
[2023-08-11T07:53:14.593+0000] {logging_mixin.py:150} INFO - [2023-08-11T07:53:14.592+0000] {dag.py:2742} INFO - Sync 1 DAGs
[2023-08-11T07:53:14.643+0000] {logging_mixin.py:150} INFO - [2023-08-11T07:53:14.643+0000] {dag.py:3508} INFO - Setting next_dagrun for example_branch_python_operator_decorator to 2023-08-10T00:00:00+00:00, run_after=2023-08-11T00:00:00+00:00
[2023-08-11T07:53:14.700+0000] {processor.py:179} INFO - Processing /home/airflow/.local/lib/python3.7/site-packages/airflow/example_dags/example_branch_operator_decorator.py took 0.180 seconds
[2023-08-11T07:53:45.136+0000] {processor.py:157} INFO - Started process (PID=168) to work on /home/airflow/.local/lib/python3.7/site-packages/airflow/example_dags/example_branch_operator_decorator.py
[2023-08-11T07:53:45.138+0000] {processor.py:826} INFO - Processing file /home/airflow/.local/lib/python3.7/site-packages/airflow/example_dags/example_branch_operator_decorator.py for tasks to queue
[2023-08-11T07:53:45.139+0000] {logging_mixin.py:150} INFO - [2023-08-11T07:53:45.139+0000] {dagbag.py:541} INFO - Filling up the DagBag from /home/airflow/.local/lib/python3.7/site-packages/airflow/example_dags/example_branch_operator_decorator.py
[2023-08-11T07:53:45.149+0000] {processor.py:836} INFO - DAG(s) dict_keys(['example_branch_python_operator_decorator']) retrieved from /home/airflow/.local/lib/python3.7/site-packages/airflow/example_dags/example_branch_operator_decorator.py
[2023-08-11T07:53:45.178+0000] {logging_mixin.py:150} INFO - [2023-08-11T07:53:45.178+0000] {dag.py:2742} INFO - Sync 1 DAGs
[2023-08-11T07:53:45.204+0000] {logging_mixin.py:150} INFO - [2023-08-11T07:53:45.204+0000] {dag.py:3508} INFO - Setting next_dagrun for example_branch_python_operator_decorator to 2023-08-10T00:00:00+00:00, run_after=2023-08-11T00:00:00+00:00
[2023-08-11T07:53:45.227+0000] {processor.py:179} INFO - Processing /home/airflow/.local/lib/python3.7/site-packages/airflow/example_dags/example_branch_operator_decorator.py took 0.094 seconds
[2023-08-11T07:54:15.704+0000] {processor.py:157} INFO - Started process (PID=233) to work on /home/airflow/.local/lib/python3.7/site-packages/airflow/example_dags/example_branch_operator_decorator.py
[2023-08-11T07:54:15.706+0000] {processor.py:826} INFO - Processing file /home/airflow/.local/lib/python3.7/site-packages/airflow/example_dags/example_branch_operator_decorator.py for tasks to queue
[2023-08-11T07:54:15.707+0000] {logging_mixin.py:150} INFO - [2023-08-11T07:54:15.707+0000] {dagbag.py:541} INFO - Filling up the DagBag from /home/airflow/.local/lib/python3.7/site-packages/airflow/example_dags/example_branch_operator_decorator.py
[2023-08-11T07:54:15.717+0000] {processor.py:836} INFO - DAG(s) dict_keys(['example_branch_python_operator_decorator']) retrieved from /home/airflow/.local/lib/python3.7/site-packages/airflow/example_dags/example_branch_operator_decorator.py
[2023-08-11T07:54:15.749+0000] {logging_mixin.py:150} INFO - [2023-08-11T07:54:15.749+0000] {dag.py:2742} INFO - Sync 1 DAGs
[2023-08-11T07:54:15.786+0000] {logging_mixin.py:150} INFO - [2023-08-11T07:54:15.786+0000] {dag.py:3508} INFO - Setting next_dagrun for example_branch_python_operator_decorator to 2023-08-10T00:00:00+00:00, run_after=2023-08-11T00:00:00+00:00
[2023-08-11T07:54:15.813+0000] {processor.py:179} INFO - Processing /home/airflow/.local/lib/python3.7/site-packages/airflow/example_dags/example_branch_operator_decorator.py took 0.113 seconds
[2023-08-11T07:54:46.619+0000] {processor.py:157} INFO - Started process (PID=298) to work on /home/airflow/.local/lib/python3.7/site-packages/airflow/example_dags/example_branch_operator_decorator.py
[2023-08-11T07:54:46.622+0000] {processor.py:826} INFO - Processing file /home/airflow/.local/lib/python3.7/site-packages/airflow/example_dags/example_branch_operator_decorator.py for tasks to queue
[2023-08-11T07:54:46.624+0000] {logging_mixin.py:150} INFO - [2023-08-11T07:54:46.624+0000] {dagbag.py:541} INFO - Filling up the DagBag from /home/airflow/.local/lib/python3.7/site-packages/airflow/example_dags/example_branch_operator_decorator.py
[2023-08-11T07:54:46.641+0000] {processor.py:836} INFO - DAG(s) dict_keys(['example_branch_python_operator_decorator']) retrieved from /home/airflow/.local/lib/python3.7/site-packages/airflow/example_dags/example_branch_operator_decorator.py
[2023-08-11T07:54:46.685+0000] {logging_mixin.py:150} INFO - [2023-08-11T07:54:46.684+0000] {dag.py:2742} INFO - Sync 1 DAGs
[2023-08-11T07:54:46.732+0000] {logging_mixin.py:150} INFO - [2023-08-11T07:54:46.732+0000] {dag.py:3508} INFO - Setting next_dagrun for example_branch_python_operator_decorator to 2023-08-10T00:00:00+00:00, run_after=2023-08-11T00:00:00+00:00
[2023-08-11T07:54:46.777+0000] {processor.py:179} INFO - Processing /home/airflow/.local/lib/python3.7/site-packages/airflow/example_dags/example_branch_operator_decorator.py took 0.161 seconds
[2023-08-11T07:55:16.874+0000] {processor.py:157} INFO - Started process (PID=364) to work on /home/airflow/.local/lib/python3.7/site-packages/airflow/example_dags/example_branch_operator_decorator.py
[2023-08-11T07:55:16.875+0000] {processor.py:826} INFO - Processing file /home/airflow/.local/lib/python3.7/site-packages/airflow/example_dags/example_branch_operator_decorator.py for tasks to queue
[2023-08-11T07:55:16.876+0000] {logging_mixin.py:150} INFO - [2023-08-11T07:55:16.875+0000] {dagbag.py:541} INFO - Filling up the DagBag from /home/airflow/.local/lib/python3.7/site-packages/airflow/example_dags/example_branch_operator_decorator.py
[2023-08-11T07:55:16.886+0000] {processor.py:836} INFO - DAG(s) dict_keys(['example_branch_python_operator_decorator']) retrieved from /home/airflow/.local/lib/python3.7/site-packages/airflow/example_dags/example_branch_operator_decorator.py
[2023-08-11T07:55:16.919+0000] {logging_mixin.py:150} INFO - [2023-08-11T07:55:16.919+0000] {dag.py:2742} INFO - Sync 1 DAGs
[2023-08-11T07:55:16.949+0000] {logging_mixin.py:150} INFO - [2023-08-11T07:55:16.949+0000] {dag.py:3508} INFO - Setting next_dagrun for example_branch_python_operator_decorator to 2023-08-10T00:00:00+00:00, run_after=2023-08-11T00:00:00+00:00
[2023-08-11T07:55:16.976+0000] {processor.py:179} INFO - Processing /home/airflow/.local/lib/python3.7/site-packages/airflow/example_dags/example_branch_operator_decorator.py took 0.105 seconds
[2023-08-11T07:55:47.586+0000] {processor.py:157} INFO - Started process (PID=429) to work on /home/airflow/.local/lib/python3.7/site-packages/airflow/example_dags/example_branch_operator_decorator.py
[2023-08-11T07:55:47.587+0000] {processor.py:826} INFO - Processing file /home/airflow/.local/lib/python3.7/site-packages/airflow/example_dags/example_branch_operator_decorator.py for tasks to queue
[2023-08-11T07:55:47.587+0000] {logging_mixin.py:150} INFO - [2023-08-11T07:55:47.587+0000] {dagbag.py:541} INFO - Filling up the DagBag from /home/airflow/.local/lib/python3.7/site-packages/airflow/example_dags/example_branch_operator_decorator.py
[2023-08-11T07:55:47.597+0000] {processor.py:836} INFO - DAG(s) dict_keys(['example_branch_python_operator_decorator']) retrieved from /home/airflow/.local/lib/python3.7/site-packages/airflow/example_dags/example_branch_operator_decorator.py
[2023-08-11T07:55:47.625+0000] {logging_mixin.py:150} INFO - [2023-08-11T07:55:47.624+0000] {dag.py:2742} INFO - Sync 1 DAGs
[2023-08-11T07:55:47.652+0000] {logging_mixin.py:150} INFO - [2023-08-11T07:55:47.652+0000] {dag.py:3508} INFO - Setting next_dagrun for example_branch_python_operator_decorator to 2023-08-10T00:00:00+00:00, run_after=2023-08-11T00:00:00+00:00
[2023-08-11T07:55:47.672+0000] {processor.py:179} INFO - Processing /home/airflow/.local/lib/python3.7/site-packages/airflow/example_dags/example_branch_operator_decorator.py took 0.089 seconds
[2023-08-11T07:56:18.218+0000] {processor.py:157} INFO - Started process (PID=494) to work on /home/airflow/.local/lib/python3.7/site-packages/airflow/example_dags/example_branch_operator_decorator.py
[2023-08-11T07:56:18.220+0000] {processor.py:826} INFO - Processing file /home/airflow/.local/lib/python3.7/site-packages/airflow/example_dags/example_branch_operator_decorator.py for tasks to queue
[2023-08-11T07:56:18.221+0000] {logging_mixin.py:150} INFO - [2023-08-11T07:56:18.221+0000] {dagbag.py:541} INFO - Filling up the DagBag from /home/airflow/.local/lib/python3.7/site-packages/airflow/example_dags/example_branch_operator_decorator.py
[2023-08-11T07:56:18.242+0000] {processor.py:836} INFO - DAG(s) dict_keys(['example_branch_python_operator_decorator']) retrieved from /home/airflow/.local/lib/python3.7/site-packages/airflow/example_dags/example_branch_operator_decorator.py
[2023-08-11T07:56:18.299+0000] {logging_mixin.py:150} INFO - [2023-08-11T07:56:18.299+0000] {dag.py:2742} INFO - Sync 1 DAGs
[2023-08-11T07:56:18.354+0000] {logging_mixin.py:150} INFO - [2023-08-11T07:56:18.353+0000] {dag.py:3508} INFO - Setting next_dagrun for example_branch_python_operator_decorator to 2023-08-10T00:00:00+00:00, run_after=2023-08-11T00:00:00+00:00
[2023-08-11T07:56:18.389+0000] {processor.py:179} INFO - Processing /home/airflow/.local/lib/python3.7/site-packages/airflow/example_dags/example_branch_operator_decorator.py took 0.176 seconds
[2023-08-11T07:56:48.516+0000] {processor.py:157} INFO - Started process (PID=559) to work on /home/airflow/.local/lib/python3.7/site-packages/airflow/example_dags/example_branch_operator_decorator.py
[2023-08-11T07:56:48.518+0000] {processor.py:826} INFO - Processing file /home/airflow/.local/lib/python3.7/site-packages/airflow/example_dags/example_branch_operator_decorator.py for tasks to queue
[2023-08-11T07:56:48.518+0000] {logging_mixin.py:150} INFO - [2023-08-11T07:56:48.518+0000] {dagbag.py:541} INFO - Filling up the DagBag from /home/airflow/.local/lib/python3.7/site-packages/airflow/example_dags/example_branch_operator_decorator.py
[2023-08-11T07:56:48.535+0000] {processor.py:836} INFO - DAG(s) dict_keys(['example_branch_python_operator_decorator']) retrieved from /home/airflow/.local/lib/python3.7/site-packages/airflow/example_dags/example_branch_operator_decorator.py
[2023-08-11T07:56:48.573+0000] {logging_mixin.py:150} INFO - [2023-08-11T07:56:48.573+0000] {dag.py:2742} INFO - Sync 1 DAGs
[2023-08-11T07:56:48.613+0000] {logging_mixin.py:150} INFO - [2023-08-11T07:56:48.613+0000] {dag.py:3508} INFO - Setting next_dagrun for example_branch_python_operator_decorator to 2023-08-10T00:00:00+00:00, run_after=2023-08-11T00:00:00+00:00
[2023-08-11T07:56:48.642+0000] {processor.py:179} INFO - Processing /home/airflow/.local/lib/python3.7/site-packages/airflow/example_dags/example_branch_operator_decorator.py took 0.129 seconds
[2023-08-11T07:57:18.860+0000] {processor.py:157} INFO - Started process (PID=624) to work on /home/airflow/.local/lib/python3.7/site-packages/airflow/example_dags/example_branch_operator_decorator.py
[2023-08-11T07:57:18.861+0000] {processor.py:826} INFO - Processing file /home/airflow/.local/lib/python3.7/site-packages/airflow/example_dags/example_branch_operator_decorator.py for tasks to queue
[2023-08-11T07:57:18.862+0000] {logging_mixin.py:150} INFO - [2023-08-11T07:57:18.862+0000] {dagbag.py:541} INFO - Filling up the DagBag from /home/airflow/.local/lib/python3.7/site-packages/airflow/example_dags/example_branch_operator_decorator.py
[2023-08-11T07:57:18.874+0000] {processor.py:836} INFO - DAG(s) dict_keys(['example_branch_python_operator_decorator']) retrieved from /home/airflow/.local/lib/python3.7/site-packages/airflow/example_dags/example_branch_operator_decorator.py
[2023-08-11T07:57:18.908+0000] {logging_mixin.py:150} INFO - [2023-08-11T07:57:18.908+0000] {dag.py:2742} INFO - Sync 1 DAGs
[2023-08-11T07:57:18.943+0000] {logging_mixin.py:150} INFO - [2023-08-11T07:57:18.943+0000] {dag.py:3508} INFO - Setting next_dagrun for example_branch_python_operator_decorator to 2023-08-10T00:00:00+00:00, run_after=2023-08-11T00:00:00+00:00
[2023-08-11T07:57:18.974+0000] {processor.py:179} INFO - Processing /home/airflow/.local/lib/python3.7/site-packages/airflow/example_dags/example_branch_operator_decorator.py took 0.118 seconds
[2023-08-11T07:57:49.850+0000] {processor.py:157} INFO - Started process (PID=690) to work on /home/airflow/.local/lib/python3.7/site-packages/airflow/example_dags/example_branch_operator_decorator.py
[2023-08-11T07:57:49.851+0000] {processor.py:826} INFO - Processing file /home/airflow/.local/lib/python3.7/site-packages/airflow/example_dags/example_branch_operator_decorator.py for tasks to queue
[2023-08-11T07:57:49.852+0000] {logging_mixin.py:150} INFO - [2023-08-11T07:57:49.852+0000] {dagbag.py:541} INFO - Filling up the DagBag from /home/airflow/.local/lib/python3.7/site-packages/airflow/example_dags/example_branch_operator_decorator.py
[2023-08-11T07:57:49.862+0000] {processor.py:836} INFO - DAG(s) dict_keys(['example_branch_python_operator_decorator']) retrieved from /home/airflow/.local/lib/python3.7/site-packages/airflow/example_dags/example_branch_operator_decorator.py
[2023-08-11T07:57:49.892+0000] {logging_mixin.py:150} INFO - [2023-08-11T07:57:49.892+0000] {dag.py:2742} INFO - Sync 1 DAGs
[2023-08-11T07:57:49.925+0000] {logging_mixin.py:150} INFO - [2023-08-11T07:57:49.925+0000] {dag.py:3508} INFO - Setting next_dagrun for example_branch_python_operator_decorator to 2023-08-10T00:00:00+00:00, run_after=2023-08-11T00:00:00+00:00
[2023-08-11T07:57:49.958+0000] {processor.py:179} INFO - Processing /home/airflow/.local/lib/python3.7/site-packages/airflow/example_dags/example_branch_operator_decorator.py took 0.113 seconds
[2023-08-11T07:58:20.855+0000] {processor.py:157} INFO - Started process (PID=756) to work on /home/airflow/.local/lib/python3.7/site-packages/airflow/example_dags/example_branch_operator_decorator.py
[2023-08-11T07:58:20.856+0000] {processor.py:826} INFO - Processing file /home/airflow/.local/lib/python3.7/site-packages/airflow/example_dags/example_branch_operator_decorator.py for tasks to queue
[2023-08-11T07:58:20.857+0000] {logging_mixin.py:150} INFO - [2023-08-11T07:58:20.857+0000] {dagbag.py:541} INFO - Filling up the DagBag from /home/airflow/.local/lib/python3.7/site-packages/airflow/example_dags/example_branch_operator_decorator.py
[2023-08-11T07:58:20.869+0000] {processor.py:836} INFO - DAG(s) dict_keys(['example_branch_python_operator_decorator']) retrieved from /home/airflow/.local/lib/python3.7/site-packages/airflow/example_dags/example_branch_operator_decorator.py
[2023-08-11T07:58:20.895+0000] {logging_mixin.py:150} INFO - [2023-08-11T07:58:20.895+0000] {dag.py:2742} INFO - Sync 1 DAGs
[2023-08-11T07:58:20.921+0000] {logging_mixin.py:150} INFO - [2023-08-11T07:58:20.921+0000] {dag.py:3508} INFO - Setting next_dagrun for example_branch_python_operator_decorator to 2023-08-10T00:00:00+00:00, run_after=2023-08-11T00:00:00+00:00
[2023-08-11T07:58:20.942+0000] {processor.py:179} INFO - Processing /home/airflow/.local/lib/python3.7/site-packages/airflow/example_dags/example_branch_operator_decorator.py took 0.090 seconds
[2023-08-11T07:58:51.132+0000] {processor.py:157} INFO - Started process (PID=822) to work on /home/airflow/.local/lib/python3.7/site-packages/airflow/example_dags/example_branch_operator_decorator.py
[2023-08-11T07:58:51.135+0000] {processor.py:826} INFO - Processing file /home/airflow/.local/lib/python3.7/site-packages/airflow/example_dags/example_branch_operator_decorator.py for tasks to queue
[2023-08-11T07:58:51.138+0000] {logging_mixin.py:150} INFO - [2023-08-11T07:58:51.138+0000] {dagbag.py:541} INFO - Filling up the DagBag from /home/airflow/.local/lib/python3.7/site-packages/airflow/example_dags/example_branch_operator_decorator.py
[2023-08-11T07:58:51.159+0000] {processor.py:836} INFO - DAG(s) dict_keys(['example_branch_python_operator_decorator']) retrieved from /home/airflow/.local/lib/python3.7/site-packages/airflow/example_dags/example_branch_operator_decorator.py
[2023-08-11T07:58:51.198+0000] {logging_mixin.py:150} INFO - [2023-08-11T07:58:51.197+0000] {dag.py:2742} INFO - Sync 1 DAGs
[2023-08-11T07:58:51.225+0000] {logging_mixin.py:150} INFO - [2023-08-11T07:58:51.224+0000] {dag.py:3508} INFO - Setting next_dagrun for example_branch_python_operator_decorator to 2023-08-10T00:00:00+00:00, run_after=2023-08-11T00:00:00+00:00
[2023-08-11T07:58:51.245+0000] {processor.py:179} INFO - Processing /home/airflow/.local/lib/python3.7/site-packages/airflow/example_dags/example_branch_operator_decorator.py took 0.122 seconds
[2023-08-11T07:59:21.323+0000] {processor.py:157} INFO - Started process (PID=888) to work on /home/airflow/.local/lib/python3.7/site-packages/airflow/example_dags/example_branch_operator_decorator.py
[2023-08-11T07:59:21.324+0000] {processor.py:826} INFO - Processing file /home/airflow/.local/lib/python3.7/site-packages/airflow/example_dags/example_branch_operator_decorator.py for tasks to queue
[2023-08-11T07:59:21.325+0000] {logging_mixin.py:150} INFO - [2023-08-11T07:59:21.324+0000] {dagbag.py:541} INFO - Filling up the DagBag from /home/airflow/.local/lib/python3.7/site-packages/airflow/example_dags/example_branch_operator_decorator.py
[2023-08-11T07:59:21.334+0000] {processor.py:836} INFO - DAG(s) dict_keys(['example_branch_python_operator_decorator']) retrieved from /home/airflow/.local/lib/python3.7/site-packages/airflow/example_dags/example_branch_operator_decorator.py
[2023-08-11T07:59:21.351+0000] {logging_mixin.py:150} INFO - [2023-08-11T07:59:21.351+0000] {dag.py:2742} INFO - Sync 1 DAGs
[2023-08-11T07:59:21.386+0000] {logging_mixin.py:150} INFO - [2023-08-11T07:59:21.386+0000] {dag.py:3508} INFO - Setting next_dagrun for example_branch_python_operator_decorator to 2023-08-10T00:00:00+00:00, run_after=2023-08-11T00:00:00+00:00
[2023-08-11T07:59:21.416+0000] {processor.py:179} INFO - Processing /home/airflow/.local/lib/python3.7/site-packages/airflow/example_dags/example_branch_operator_decorator.py took 0.098 seconds
[2023-08-11T07:59:52.008+0000] {processor.py:157} INFO - Started process (PID=956) to work on /home/airflow/.local/lib/python3.7/site-packages/airflow/example_dags/example_branch_operator_decorator.py
[2023-08-11T07:59:52.009+0000] {processor.py:826} INFO - Processing file /home/airflow/.local/lib/python3.7/site-packages/airflow/example_dags/example_branch_operator_decorator.py for tasks to queue
[2023-08-11T07:59:52.010+0000] {logging_mixin.py:150} INFO - [2023-08-11T07:59:52.010+0000] {dagbag.py:541} INFO - Filling up the DagBag from /home/airflow/.local/lib/python3.7/site-packages/airflow/example_dags/example_branch_operator_decorator.py
[2023-08-11T07:59:52.018+0000] {processor.py:836} INFO - DAG(s) dict_keys(['example_branch_python_operator_decorator']) retrieved from /home/airflow/.local/lib/python3.7/site-packages/airflow/example_dags/example_branch_operator_decorator.py
[2023-08-11T07:59:52.048+0000] {logging_mixin.py:150} INFO - [2023-08-11T07:59:52.047+0000] {dag.py:2742} INFO - Sync 1 DAGs
[2023-08-11T07:59:52.075+0000] {logging_mixin.py:150} INFO - [2023-08-11T07:59:52.075+0000] {dag.py:3508} INFO - Setting next_dagrun for example_branch_python_operator_decorator to 2023-08-10T00:00:00+00:00, run_after=2023-08-11T00:00:00+00:00
[2023-08-11T07:59:52.099+0000] {processor.py:179} INFO - Processing /home/airflow/.local/lib/python3.7/site-packages/airflow/example_dags/example_branch_operator_decorator.py took 0.093 seconds
[2023-08-11T08:00:22.542+0000] {processor.py:157} INFO - Started process (PID=1026) to work on /home/airflow/.local/lib/python3.7/site-packages/airflow/example_dags/example_branch_operator_decorator.py
[2023-08-11T08:00:22.543+0000] {processor.py:826} INFO - Processing file /home/airflow/.local/lib/python3.7/site-packages/airflow/example_dags/example_branch_operator_decorator.py for tasks to queue
[2023-08-11T08:00:22.544+0000] {logging_mixin.py:150} INFO - [2023-08-11T08:00:22.544+0000] {dagbag.py:541} INFO - Filling up the DagBag from /home/airflow/.local/lib/python3.7/site-packages/airflow/example_dags/example_branch_operator_decorator.py
[2023-08-11T08:00:22.552+0000] {processor.py:836} INFO - DAG(s) dict_keys(['example_branch_python_operator_decorator']) retrieved from /home/airflow/.local/lib/python3.7/site-packages/airflow/example_dags/example_branch_operator_decorator.py
[2023-08-11T08:00:22.579+0000] {logging_mixin.py:150} INFO - [2023-08-11T08:00:22.579+0000] {dag.py:2742} INFO - Sync 1 DAGs
[2023-08-11T08:00:22.607+0000] {logging_mixin.py:150} INFO - [2023-08-11T08:00:22.606+0000] {dag.py:3508} INFO - Setting next_dagrun for example_branch_python_operator_decorator to 2023-08-10T00:00:00+00:00, run_after=2023-08-11T00:00:00+00:00
[2023-08-11T08:00:22.631+0000] {processor.py:179} INFO - Processing /home/airflow/.local/lib/python3.7/site-packages/airflow/example_dags/example_branch_operator_decorator.py took 0.093 seconds
[2023-08-11T08:00:53.061+0000] {processor.py:157} INFO - Started process (PID=1093) to work on /home/airflow/.local/lib/python3.7/site-packages/airflow/example_dags/example_branch_operator_decorator.py
[2023-08-11T08:00:53.061+0000] {processor.py:826} INFO - Processing file /home/airflow/.local/lib/python3.7/site-packages/airflow/example_dags/example_branch_operator_decorator.py for tasks to queue
[2023-08-11T08:00:53.062+0000] {logging_mixin.py:150} INFO - [2023-08-11T08:00:53.062+0000] {dagbag.py:541} INFO - Filling up the DagBag from /home/airflow/.local/lib/python3.7/site-packages/airflow/example_dags/example_branch_operator_decorator.py
[2023-08-11T08:00:53.075+0000] {processor.py:836} INFO - DAG(s) dict_keys(['example_branch_python_operator_decorator']) retrieved from /home/airflow/.local/lib/python3.7/site-packages/airflow/example_dags/example_branch_operator_decorator.py
[2023-08-11T08:00:53.111+0000] {logging_mixin.py:150} INFO - [2023-08-11T08:00:53.111+0000] {dag.py:2742} INFO - Sync 1 DAGs
[2023-08-11T08:00:53.146+0000] {logging_mixin.py:150} INFO - [2023-08-11T08:00:53.146+0000] {dag.py:3508} INFO - Setting next_dagrun for example_branch_python_operator_decorator to 2023-08-10T00:00:00+00:00, run_after=2023-08-11T00:00:00+00:00
[2023-08-11T08:00:53.171+0000] {processor.py:179} INFO - Processing /home/airflow/.local/lib/python3.7/site-packages/airflow/example_dags/example_branch_operator_decorator.py took 0.115 seconds
[2023-08-11T08:01:23.652+0000] {processor.py:157} INFO - Started process (PID=1162) to work on /home/airflow/.local/lib/python3.7/site-packages/airflow/example_dags/example_branch_operator_decorator.py
[2023-08-11T08:01:23.653+0000] {processor.py:826} INFO - Processing file /home/airflow/.local/lib/python3.7/site-packages/airflow/example_dags/example_branch_operator_decorator.py for tasks to queue
[2023-08-11T08:01:23.654+0000] {logging_mixin.py:150} INFO - [2023-08-11T08:01:23.654+0000] {dagbag.py:541} INFO - Filling up the DagBag from /home/airflow/.local/lib/python3.7/site-packages/airflow/example_dags/example_branch_operator_decorator.py
[2023-08-11T08:01:23.665+0000] {processor.py:836} INFO - DAG(s) dict_keys(['example_branch_python_operator_decorator']) retrieved from /home/airflow/.local/lib/python3.7/site-packages/airflow/example_dags/example_branch_operator_decorator.py
[2023-08-11T08:01:23.698+0000] {logging_mixin.py:150} INFO - [2023-08-11T08:01:23.698+0000] {dag.py:2742} INFO - Sync 1 DAGs
[2023-08-11T08:01:23.728+0000] {logging_mixin.py:150} INFO - [2023-08-11T08:01:23.728+0000] {dag.py:3508} INFO - Setting next_dagrun for example_branch_python_operator_decorator to 2023-08-10T00:00:00+00:00, run_after=2023-08-11T00:00:00+00:00
[2023-08-11T08:01:23.752+0000] {processor.py:179} INFO - Processing /home/airflow/.local/lib/python3.7/site-packages/airflow/example_dags/example_branch_operator_decorator.py took 0.103 seconds
[2023-08-11T08:01:53.858+0000] {processor.py:157} INFO - Started process (PID=1228) to work on /home/airflow/.local/lib/python3.7/site-packages/airflow/example_dags/example_branch_operator_decorator.py
[2023-08-11T08:01:53.859+0000] {processor.py:826} INFO - Processing file /home/airflow/.local/lib/python3.7/site-packages/airflow/example_dags/example_branch_operator_decorator.py for tasks to queue
[2023-08-11T08:01:53.861+0000] {logging_mixin.py:150} INFO - [2023-08-11T08:01:53.860+0000] {dagbag.py:541} INFO - Filling up the DagBag from /home/airflow/.local/lib/python3.7/site-packages/airflow/example_dags/example_branch_operator_decorator.py
[2023-08-11T08:01:53.871+0000] {processor.py:836} INFO - DAG(s) dict_keys(['example_branch_python_operator_decorator']) retrieved from /home/airflow/.local/lib/python3.7/site-packages/airflow/example_dags/example_branch_operator_decorator.py
[2023-08-11T08:01:53.901+0000] {logging_mixin.py:150} INFO - [2023-08-11T08:01:53.901+0000] {dag.py:2742} INFO - Sync 1 DAGs
[2023-08-11T08:01:53.934+0000] {logging_mixin.py:150} INFO - [2023-08-11T08:01:53.933+0000] {dag.py:3508} INFO - Setting next_dagrun for example_branch_python_operator_decorator to 2023-08-10T00:00:00+00:00, run_after=2023-08-11T00:00:00+00:00
[2023-08-11T08:01:53.964+0000] {processor.py:179} INFO - Processing /home/airflow/.local/lib/python3.7/site-packages/airflow/example_dags/example_branch_operator_decorator.py took 0.108 seconds
[2023-08-11T08:02:24.103+0000] {processor.py:157} INFO - Started process (PID=1297) to work on /home/airflow/.local/lib/python3.7/site-packages/airflow/example_dags/example_branch_operator_decorator.py
[2023-08-11T08:02:24.104+0000] {processor.py:826} INFO - Processing file /home/airflow/.local/lib/python3.7/site-packages/airflow/example_dags/example_branch_operator_decorator.py for tasks to queue
[2023-08-11T08:02:24.105+0000] {logging_mixin.py:150} INFO - [2023-08-11T08:02:24.105+0000] {dagbag.py:541} INFO - Filling up the DagBag from /home/airflow/.local/lib/python3.7/site-packages/airflow/example_dags/example_branch_operator_decorator.py
[2023-08-11T08:02:24.117+0000] {processor.py:836} INFO - DAG(s) dict_keys(['example_branch_python_operator_decorator']) retrieved from /home/airflow/.local/lib/python3.7/site-packages/airflow/example_dags/example_branch_operator_decorator.py
[2023-08-11T08:02:24.152+0000] {logging_mixin.py:150} INFO - [2023-08-11T08:02:24.152+0000] {dag.py:2742} INFO - Sync 1 DAGs
[2023-08-11T08:02:24.183+0000] {logging_mixin.py:150} INFO - [2023-08-11T08:02:24.182+0000] {dag.py:3508} INFO - Setting next_dagrun for example_branch_python_operator_decorator to 2023-08-10T00:00:00+00:00, run_after=2023-08-11T00:00:00+00:00
[2023-08-11T08:02:24.215+0000] {processor.py:179} INFO - Processing /home/airflow/.local/lib/python3.7/site-packages/airflow/example_dags/example_branch_operator_decorator.py took 0.115 seconds
[2023-08-11T08:02:54.285+0000] {processor.py:157} INFO - Started process (PID=1363) to work on /home/airflow/.local/lib/python3.7/site-packages/airflow/example_dags/example_branch_operator_decorator.py
[2023-08-11T08:02:54.285+0000] {processor.py:826} INFO - Processing file /home/airflow/.local/lib/python3.7/site-packages/airflow/example_dags/example_branch_operator_decorator.py for tasks to queue
[2023-08-11T08:02:54.286+0000] {logging_mixin.py:150} INFO - [2023-08-11T08:02:54.286+0000] {dagbag.py:541} INFO - Filling up the DagBag from /home/airflow/.local/lib/python3.7/site-packages/airflow/example_dags/example_branch_operator_decorator.py
[2023-08-11T08:02:54.294+0000] {processor.py:836} INFO - DAG(s) dict_keys(['example_branch_python_operator_decorator']) retrieved from /home/airflow/.local/lib/python3.7/site-packages/airflow/example_dags/example_branch_operator_decorator.py
[2023-08-11T08:02:54.321+0000] {logging_mixin.py:150} INFO - [2023-08-11T08:02:54.320+0000] {dag.py:2742} INFO - Sync 1 DAGs
[2023-08-11T08:02:54.343+0000] {logging_mixin.py:150} INFO - [2023-08-11T08:02:54.343+0000] {dag.py:3508} INFO - Setting next_dagrun for example_branch_python_operator_decorator to 2023-08-10T00:00:00+00:00, run_after=2023-08-11T00:00:00+00:00
[2023-08-11T08:02:54.368+0000] {processor.py:179} INFO - Processing /home/airflow/.local/lib/python3.7/site-packages/airflow/example_dags/example_branch_operator_decorator.py took 0.086 seconds
[2023-08-11T08:03:24.913+0000] {processor.py:157} INFO - Started process (PID=1430) to work on /home/airflow/.local/lib/python3.7/site-packages/airflow/example_dags/example_branch_operator_decorator.py
[2023-08-11T08:03:24.916+0000] {processor.py:826} INFO - Processing file /home/airflow/.local/lib/python3.7/site-packages/airflow/example_dags/example_branch_operator_decorator.py for tasks to queue
[2023-08-11T08:03:24.918+0000] {logging_mixin.py:150} INFO - [2023-08-11T08:03:24.917+0000] {dagbag.py:541} INFO - Filling up the DagBag from /home/airflow/.local/lib/python3.7/site-packages/airflow/example_dags/example_branch_operator_decorator.py
[2023-08-11T08:03:24.936+0000] {processor.py:836} INFO - DAG(s) dict_keys(['example_branch_python_operator_decorator']) retrieved from /home/airflow/.local/lib/python3.7/site-packages/airflow/example_dags/example_branch_operator_decorator.py
[2023-08-11T08:03:24.990+0000] {logging_mixin.py:150} INFO - [2023-08-11T08:03:24.989+0000] {dag.py:2742} INFO - Sync 1 DAGs
[2023-08-11T08:03:25.040+0000] {logging_mixin.py:150} INFO - [2023-08-11T08:03:25.040+0000] {dag.py:3508} INFO - Setting next_dagrun for example_branch_python_operator_decorator to 2023-08-10T00:00:00+00:00, run_after=2023-08-11T00:00:00+00:00
[2023-08-11T08:03:25.100+0000] {processor.py:179} INFO - Processing /home/airflow/.local/lib/python3.7/site-packages/airflow/example_dags/example_branch_operator_decorator.py took 0.191 seconds
[2023-08-11T08:03:55.741+0000] {processor.py:157} INFO - Started process (PID=1496) to work on /home/airflow/.local/lib/python3.7/site-packages/airflow/example_dags/example_branch_operator_decorator.py
[2023-08-11T08:03:55.743+0000] {processor.py:826} INFO - Processing file /home/airflow/.local/lib/python3.7/site-packages/airflow/example_dags/example_branch_operator_decorator.py for tasks to queue
[2023-08-11T08:03:55.744+0000] {logging_mixin.py:150} INFO - [2023-08-11T08:03:55.743+0000] {dagbag.py:541} INFO - Filling up the DagBag from /home/airflow/.local/lib/python3.7/site-packages/airflow/example_dags/example_branch_operator_decorator.py
[2023-08-11T08:03:55.758+0000] {processor.py:836} INFO - DAG(s) dict_keys(['example_branch_python_operator_decorator']) retrieved from /home/airflow/.local/lib/python3.7/site-packages/airflow/example_dags/example_branch_operator_decorator.py
[2023-08-11T08:03:55.794+0000] {logging_mixin.py:150} INFO - [2023-08-11T08:03:55.794+0000] {dag.py:2742} INFO - Sync 1 DAGs
[2023-08-11T08:03:55.831+0000] {logging_mixin.py:150} INFO - [2023-08-11T08:03:55.831+0000] {dag.py:3508} INFO - Setting next_dagrun for example_branch_python_operator_decorator to 2023-08-10T00:00:00+00:00, run_after=2023-08-11T00:00:00+00:00
[2023-08-11T08:03:55.860+0000] {processor.py:179} INFO - Processing /home/airflow/.local/lib/python3.7/site-packages/airflow/example_dags/example_branch_operator_decorator.py took 0.122 seconds
[2023-08-11T08:04:26.124+0000] {processor.py:157} INFO - Started process (PID=1570) to work on /home/airflow/.local/lib/python3.7/site-packages/airflow/example_dags/example_branch_operator_decorator.py
[2023-08-11T08:04:26.125+0000] {processor.py:826} INFO - Processing file /home/airflow/.local/lib/python3.7/site-packages/airflow/example_dags/example_branch_operator_decorator.py for tasks to queue
[2023-08-11T08:04:26.126+0000] {logging_mixin.py:150} INFO - [2023-08-11T08:04:26.125+0000] {dagbag.py:541} INFO - Filling up the DagBag from /home/airflow/.local/lib/python3.7/site-packages/airflow/example_dags/example_branch_operator_decorator.py
[2023-08-11T08:04:26.135+0000] {processor.py:836} INFO - DAG(s) dict_keys(['example_branch_python_operator_decorator']) retrieved from /home/airflow/.local/lib/python3.7/site-packages/airflow/example_dags/example_branch_operator_decorator.py
[2023-08-11T08:04:26.164+0000] {logging_mixin.py:150} INFO - [2023-08-11T08:04:26.163+0000] {dag.py:2742} INFO - Sync 1 DAGs
[2023-08-11T08:04:26.192+0000] {logging_mixin.py:150} INFO - [2023-08-11T08:04:26.192+0000] {dag.py:3508} INFO - Setting next_dagrun for example_branch_python_operator_decorator to 2023-08-10T00:00:00+00:00, run_after=2023-08-11T00:00:00+00:00
[2023-08-11T08:04:26.216+0000] {processor.py:179} INFO - Processing /home/airflow/.local/lib/python3.7/site-packages/airflow/example_dags/example_branch_operator_decorator.py took 0.094 seconds
[2023-08-11T08:04:56.684+0000] {processor.py:157} INFO - Started process (PID=1636) to work on /home/airflow/.local/lib/python3.7/site-packages/airflow/example_dags/example_branch_operator_decorator.py
[2023-08-11T08:04:56.686+0000] {processor.py:826} INFO - Processing file /home/airflow/.local/lib/python3.7/site-packages/airflow/example_dags/example_branch_operator_decorator.py for tasks to queue
[2023-08-11T08:04:56.687+0000] {logging_mixin.py:150} INFO - [2023-08-11T08:04:56.687+0000] {dagbag.py:541} INFO - Filling up the DagBag from /home/airflow/.local/lib/python3.7/site-packages/airflow/example_dags/example_branch_operator_decorator.py
[2023-08-11T08:04:56.699+0000] {processor.py:836} INFO - DAG(s) dict_keys(['example_branch_python_operator_decorator']) retrieved from /home/airflow/.local/lib/python3.7/site-packages/airflow/example_dags/example_branch_operator_decorator.py
[2023-08-11T08:04:56.727+0000] {logging_mixin.py:150} INFO - [2023-08-11T08:04:56.727+0000] {dag.py:2742} INFO - Sync 1 DAGs
[2023-08-11T08:04:56.752+0000] {logging_mixin.py:150} INFO - [2023-08-11T08:04:56.751+0000] {dag.py:3508} INFO - Setting next_dagrun for example_branch_python_operator_decorator to 2023-08-10T00:00:00+00:00, run_after=2023-08-11T00:00:00+00:00
[2023-08-11T08:04:56.775+0000] {processor.py:179} INFO - Processing /home/airflow/.local/lib/python3.7/site-packages/airflow/example_dags/example_branch_operator_decorator.py took 0.093 seconds
[2023-08-11T08:05:26.935+0000] {processor.py:157} INFO - Started process (PID=1703) to work on /home/airflow/.local/lib/python3.7/site-packages/airflow/example_dags/example_branch_operator_decorator.py
[2023-08-11T08:05:26.937+0000] {processor.py:826} INFO - Processing file /home/airflow/.local/lib/python3.7/site-packages/airflow/example_dags/example_branch_operator_decorator.py for tasks to queue
[2023-08-11T08:05:26.939+0000] {logging_mixin.py:150} INFO - [2023-08-11T08:05:26.938+0000] {dagbag.py:541} INFO - Filling up the DagBag from /home/airflow/.local/lib/python3.7/site-packages/airflow/example_dags/example_branch_operator_decorator.py
[2023-08-11T08:05:26.956+0000] {processor.py:836} INFO - DAG(s) dict_keys(['example_branch_python_operator_decorator']) retrieved from /home/airflow/.local/lib/python3.7/site-packages/airflow/example_dags/example_branch_operator_decorator.py
[2023-08-11T08:05:26.992+0000] {logging_mixin.py:150} INFO - [2023-08-11T08:05:26.992+0000] {dag.py:2742} INFO - Sync 1 DAGs
[2023-08-11T08:05:27.034+0000] {logging_mixin.py:150} INFO - [2023-08-11T08:05:27.033+0000] {dag.py:3508} INFO - Setting next_dagrun for example_branch_python_operator_decorator to 2023-08-10T00:00:00+00:00, run_after=2023-08-11T00:00:00+00:00
[2023-08-11T08:05:27.073+0000] {processor.py:179} INFO - Processing /home/airflow/.local/lib/python3.7/site-packages/airflow/example_dags/example_branch_operator_decorator.py took 0.143 seconds
[2023-08-11T08:05:57.329+0000] {processor.py:157} INFO - Started process (PID=1769) to work on /home/airflow/.local/lib/python3.7/site-packages/airflow/example_dags/example_branch_operator_decorator.py
[2023-08-11T08:05:57.338+0000] {processor.py:826} INFO - Processing file /home/airflow/.local/lib/python3.7/site-packages/airflow/example_dags/example_branch_operator_decorator.py for tasks to queue
[2023-08-11T08:05:57.339+0000] {logging_mixin.py:150} INFO - [2023-08-11T08:05:57.338+0000] {dagbag.py:541} INFO - Filling up the DagBag from /home/airflow/.local/lib/python3.7/site-packages/airflow/example_dags/example_branch_operator_decorator.py
[2023-08-11T08:05:57.348+0000] {processor.py:836} INFO - DAG(s) dict_keys(['example_branch_python_operator_decorator']) retrieved from /home/airflow/.local/lib/python3.7/site-packages/airflow/example_dags/example_branch_operator_decorator.py
[2023-08-11T08:05:57.375+0000] {logging_mixin.py:150} INFO - [2023-08-11T08:05:57.375+0000] {dag.py:2742} INFO - Sync 1 DAGs
[2023-08-11T08:05:57.398+0000] {logging_mixin.py:150} INFO - [2023-08-11T08:05:57.398+0000] {dag.py:3508} INFO - Setting next_dagrun for example_branch_python_operator_decorator to 2023-08-10T00:00:00+00:00, run_after=2023-08-11T00:00:00+00:00
[2023-08-11T08:05:57.433+0000] {processor.py:179} INFO - Processing /home/airflow/.local/lib/python3.7/site-packages/airflow/example_dags/example_branch_operator_decorator.py took 0.107 seconds
[2023-08-11T08:06:28.214+0000] {processor.py:157} INFO - Started process (PID=1840) to work on /home/airflow/.local/lib/python3.7/site-packages/airflow/example_dags/example_branch_operator_decorator.py
[2023-08-11T08:06:28.216+0000] {processor.py:826} INFO - Processing file /home/airflow/.local/lib/python3.7/site-packages/airflow/example_dags/example_branch_operator_decorator.py for tasks to queue
[2023-08-11T08:06:28.217+0000] {logging_mixin.py:150} INFO - [2023-08-11T08:06:28.217+0000] {dagbag.py:541} INFO - Filling up the DagBag from /home/airflow/.local/lib/python3.7/site-packages/airflow/example_dags/example_branch_operator_decorator.py
[2023-08-11T08:06:28.246+0000] {processor.py:836} INFO - DAG(s) dict_keys(['example_branch_python_operator_decorator']) retrieved from /home/airflow/.local/lib/python3.7/site-packages/airflow/example_dags/example_branch_operator_decorator.py
[2023-08-11T08:06:28.305+0000] {logging_mixin.py:150} INFO - [2023-08-11T08:06:28.304+0000] {dag.py:2742} INFO - Sync 1 DAGs
[2023-08-11T08:06:28.368+0000] {logging_mixin.py:150} INFO - [2023-08-11T08:06:28.367+0000] {dag.py:3508} INFO - Setting next_dagrun for example_branch_python_operator_decorator to 2023-08-10T00:00:00+00:00, run_after=2023-08-11T00:00:00+00:00
[2023-08-11T08:06:28.417+0000] {processor.py:179} INFO - Processing /home/airflow/.local/lib/python3.7/site-packages/airflow/example_dags/example_branch_operator_decorator.py took 0.210 seconds
[2023-08-11T08:06:59.220+0000] {processor.py:157} INFO - Started process (PID=1908) to work on /home/airflow/.local/lib/python3.7/site-packages/airflow/example_dags/example_branch_operator_decorator.py
[2023-08-11T08:06:59.220+0000] {processor.py:826} INFO - Processing file /home/airflow/.local/lib/python3.7/site-packages/airflow/example_dags/example_branch_operator_decorator.py for tasks to queue
[2023-08-11T08:06:59.221+0000] {logging_mixin.py:150} INFO - [2023-08-11T08:06:59.221+0000] {dagbag.py:541} INFO - Filling up the DagBag from /home/airflow/.local/lib/python3.7/site-packages/airflow/example_dags/example_branch_operator_decorator.py
[2023-08-11T08:06:59.231+0000] {processor.py:836} INFO - DAG(s) dict_keys(['example_branch_python_operator_decorator']) retrieved from /home/airflow/.local/lib/python3.7/site-packages/airflow/example_dags/example_branch_operator_decorator.py
[2023-08-11T08:06:59.258+0000] {logging_mixin.py:150} INFO - [2023-08-11T08:06:59.258+0000] {dag.py:2742} INFO - Sync 1 DAGs
[2023-08-11T08:06:59.284+0000] {logging_mixin.py:150} INFO - [2023-08-11T08:06:59.284+0000] {dag.py:3508} INFO - Setting next_dagrun for example_branch_python_operator_decorator to 2023-08-10T00:00:00+00:00, run_after=2023-08-11T00:00:00+00:00
[2023-08-11T08:06:59.304+0000] {processor.py:179} INFO - Processing /home/airflow/.local/lib/python3.7/site-packages/airflow/example_dags/example_branch_operator_decorator.py took 0.088 seconds
[2023-08-11T08:07:29.833+0000] {processor.py:157} INFO - Started process (PID=1977) to work on /home/airflow/.local/lib/python3.7/site-packages/airflow/example_dags/example_branch_operator_decorator.py
[2023-08-11T08:07:29.834+0000] {processor.py:826} INFO - Processing file /home/airflow/.local/lib/python3.7/site-packages/airflow/example_dags/example_branch_operator_decorator.py for tasks to queue
[2023-08-11T08:07:29.835+0000] {logging_mixin.py:150} INFO - [2023-08-11T08:07:29.834+0000] {dagbag.py:541} INFO - Filling up the DagBag from /home/airflow/.local/lib/python3.7/site-packages/airflow/example_dags/example_branch_operator_decorator.py
[2023-08-11T08:07:29.845+0000] {processor.py:836} INFO - DAG(s) dict_keys(['example_branch_python_operator_decorator']) retrieved from /home/airflow/.local/lib/python3.7/site-packages/airflow/example_dags/example_branch_operator_decorator.py
[2023-08-11T08:07:29.873+0000] {logging_mixin.py:150} INFO - [2023-08-11T08:07:29.873+0000] {dag.py:2742} INFO - Sync 1 DAGs
[2023-08-11T08:07:29.899+0000] {logging_mixin.py:150} INFO - [2023-08-11T08:07:29.899+0000] {dag.py:3508} INFO - Setting next_dagrun for example_branch_python_operator_decorator to 2023-08-10T00:00:00+00:00, run_after=2023-08-11T00:00:00+00:00
[2023-08-11T08:07:29.920+0000] {processor.py:179} INFO - Processing /home/airflow/.local/lib/python3.7/site-packages/airflow/example_dags/example_branch_operator_decorator.py took 0.090 seconds
[2023-08-11T08:07:59.975+0000] {processor.py:157} INFO - Started process (PID=2043) to work on /home/airflow/.local/lib/python3.7/site-packages/airflow/example_dags/example_branch_operator_decorator.py
[2023-08-11T08:07:59.976+0000] {processor.py:826} INFO - Processing file /home/airflow/.local/lib/python3.7/site-packages/airflow/example_dags/example_branch_operator_decorator.py for tasks to queue
[2023-08-11T08:07:59.976+0000] {logging_mixin.py:150} INFO - [2023-08-11T08:07:59.976+0000] {dagbag.py:541} INFO - Filling up the DagBag from /home/airflow/.local/lib/python3.7/site-packages/airflow/example_dags/example_branch_operator_decorator.py
[2023-08-11T08:07:59.986+0000] {processor.py:836} INFO - DAG(s) dict_keys(['example_branch_python_operator_decorator']) retrieved from /home/airflow/.local/lib/python3.7/site-packages/airflow/example_dags/example_branch_operator_decorator.py
[2023-08-11T08:08:00.015+0000] {logging_mixin.py:150} INFO - [2023-08-11T08:08:00.015+0000] {dag.py:2742} INFO - Sync 1 DAGs
[2023-08-11T08:08:00.042+0000] {logging_mixin.py:150} INFO - [2023-08-11T08:08:00.041+0000] {dag.py:3508} INFO - Setting next_dagrun for example_branch_python_operator_decorator to 2023-08-10T00:00:00+00:00, run_after=2023-08-11T00:00:00+00:00
[2023-08-11T08:08:00.065+0000] {processor.py:179} INFO - Processing /home/airflow/.local/lib/python3.7/site-packages/airflow/example_dags/example_branch_operator_decorator.py took 0.093 seconds
[2023-08-11T08:08:30.743+0000] {processor.py:157} INFO - Started process (PID=2109) to work on /home/airflow/.local/lib/python3.7/site-packages/airflow/example_dags/example_branch_operator_decorator.py
[2023-08-11T08:08:30.744+0000] {processor.py:826} INFO - Processing file /home/airflow/.local/lib/python3.7/site-packages/airflow/example_dags/example_branch_operator_decorator.py for tasks to queue
[2023-08-11T08:08:30.745+0000] {logging_mixin.py:150} INFO - [2023-08-11T08:08:30.745+0000] {dagbag.py:541} INFO - Filling up the DagBag from /home/airflow/.local/lib/python3.7/site-packages/airflow/example_dags/example_branch_operator_decorator.py
[2023-08-11T08:08:30.756+0000] {processor.py:836} INFO - DAG(s) dict_keys(['example_branch_python_operator_decorator']) retrieved from /home/airflow/.local/lib/python3.7/site-packages/airflow/example_dags/example_branch_operator_decorator.py
[2023-08-11T08:08:30.783+0000] {logging_mixin.py:150} INFO - [2023-08-11T08:08:30.783+0000] {dag.py:2742} INFO - Sync 1 DAGs
[2023-08-11T08:08:30.808+0000] {logging_mixin.py:150} INFO - [2023-08-11T08:08:30.808+0000] {dag.py:3508} INFO - Setting next_dagrun for example_branch_python_operator_decorator to 2023-08-10T00:00:00+00:00, run_after=2023-08-11T00:00:00+00:00
[2023-08-11T08:08:30.828+0000] {processor.py:179} INFO - Processing /home/airflow/.local/lib/python3.7/site-packages/airflow/example_dags/example_branch_operator_decorator.py took 0.088 seconds
[2023-08-11T08:09:01.162+0000] {processor.py:157} INFO - Started process (PID=2175) to work on /home/airflow/.local/lib/python3.7/site-packages/airflow/example_dags/example_branch_operator_decorator.py
[2023-08-11T08:09:01.163+0000] {processor.py:826} INFO - Processing file /home/airflow/.local/lib/python3.7/site-packages/airflow/example_dags/example_branch_operator_decorator.py for tasks to queue
[2023-08-11T08:09:01.164+0000] {logging_mixin.py:150} INFO - [2023-08-11T08:09:01.164+0000] {dagbag.py:541} INFO - Filling up the DagBag from /home/airflow/.local/lib/python3.7/site-packages/airflow/example_dags/example_branch_operator_decorator.py
[2023-08-11T08:09:01.174+0000] {processor.py:836} INFO - DAG(s) dict_keys(['example_branch_python_operator_decorator']) retrieved from /home/airflow/.local/lib/python3.7/site-packages/airflow/example_dags/example_branch_operator_decorator.py
[2023-08-11T08:09:01.201+0000] {logging_mixin.py:150} INFO - [2023-08-11T08:09:01.201+0000] {dag.py:2742} INFO - Sync 1 DAGs
[2023-08-11T08:09:01.225+0000] {logging_mixin.py:150} INFO - [2023-08-11T08:09:01.225+0000] {dag.py:3508} INFO - Setting next_dagrun for example_branch_python_operator_decorator to 2023-08-10T00:00:00+00:00, run_after=2023-08-11T00:00:00+00:00
[2023-08-11T08:09:01.245+0000] {processor.py:179} INFO - Processing /home/airflow/.local/lib/python3.7/site-packages/airflow/example_dags/example_branch_operator_decorator.py took 0.086 seconds
[2023-08-11T08:09:32.154+0000] {processor.py:157} INFO - Started process (PID=2241) to work on /home/airflow/.local/lib/python3.7/site-packages/airflow/example_dags/example_branch_operator_decorator.py
[2023-08-11T08:09:32.155+0000] {processor.py:826} INFO - Processing file /home/airflow/.local/lib/python3.7/site-packages/airflow/example_dags/example_branch_operator_decorator.py for tasks to queue
[2023-08-11T08:09:32.156+0000] {logging_mixin.py:150} INFO - [2023-08-11T08:09:32.156+0000] {dagbag.py:541} INFO - Filling up the DagBag from /home/airflow/.local/lib/python3.7/site-packages/airflow/example_dags/example_branch_operator_decorator.py
[2023-08-11T08:09:32.172+0000] {processor.py:836} INFO - DAG(s) dict_keys(['example_branch_python_operator_decorator']) retrieved from /home/airflow/.local/lib/python3.7/site-packages/airflow/example_dags/example_branch_operator_decorator.py
[2023-08-11T08:09:32.215+0000] {logging_mixin.py:150} INFO - [2023-08-11T08:09:32.215+0000] {dag.py:2742} INFO - Sync 1 DAGs
[2023-08-11T08:09:32.268+0000] {logging_mixin.py:150} INFO - [2023-08-11T08:09:32.268+0000] {dag.py:3508} INFO - Setting next_dagrun for example_branch_python_operator_decorator to 2023-08-10T00:00:00+00:00, run_after=2023-08-11T00:00:00+00:00
[2023-08-11T08:09:32.314+0000] {processor.py:179} INFO - Processing /home/airflow/.local/lib/python3.7/site-packages/airflow/example_dags/example_branch_operator_decorator.py took 0.164 seconds
[2023-08-11T08:10:02.338+0000] {processor.py:157} INFO - Started process (PID=2307) to work on /home/airflow/.local/lib/python3.7/site-packages/airflow/example_dags/example_branch_operator_decorator.py
[2023-08-11T08:10:02.339+0000] {processor.py:826} INFO - Processing file /home/airflow/.local/lib/python3.7/site-packages/airflow/example_dags/example_branch_operator_decorator.py for tasks to queue
[2023-08-11T08:10:02.340+0000] {logging_mixin.py:150} INFO - [2023-08-11T08:10:02.339+0000] {dagbag.py:541} INFO - Filling up the DagBag from /home/airflow/.local/lib/python3.7/site-packages/airflow/example_dags/example_branch_operator_decorator.py
[2023-08-11T08:10:02.348+0000] {processor.py:836} INFO - DAG(s) dict_keys(['example_branch_python_operator_decorator']) retrieved from /home/airflow/.local/lib/python3.7/site-packages/airflow/example_dags/example_branch_operator_decorator.py
[2023-08-11T08:10:02.373+0000] {logging_mixin.py:150} INFO - [2023-08-11T08:10:02.373+0000] {dag.py:2742} INFO - Sync 1 DAGs
[2023-08-11T08:10:02.399+0000] {logging_mixin.py:150} INFO - [2023-08-11T08:10:02.399+0000] {dag.py:3508} INFO - Setting next_dagrun for example_branch_python_operator_decorator to 2023-08-10T00:00:00+00:00, run_after=2023-08-11T00:00:00+00:00
[2023-08-11T08:10:02.422+0000] {processor.py:179} INFO - Processing /home/airflow/.local/lib/python3.7/site-packages/airflow/example_dags/example_branch_operator_decorator.py took 0.087 seconds
[2023-08-11T08:10:32.818+0000] {processor.py:157} INFO - Started process (PID=2373) to work on /home/airflow/.local/lib/python3.7/site-packages/airflow/example_dags/example_branch_operator_decorator.py
[2023-08-11T08:10:32.821+0000] {processor.py:826} INFO - Processing file /home/airflow/.local/lib/python3.7/site-packages/airflow/example_dags/example_branch_operator_decorator.py for tasks to queue
[2023-08-11T08:10:32.823+0000] {logging_mixin.py:150} INFO - [2023-08-11T08:10:32.822+0000] {dagbag.py:541} INFO - Filling up the DagBag from /home/airflow/.local/lib/python3.7/site-packages/airflow/example_dags/example_branch_operator_decorator.py
[2023-08-11T08:10:32.837+0000] {processor.py:836} INFO - DAG(s) dict_keys(['example_branch_python_operator_decorator']) retrieved from /home/airflow/.local/lib/python3.7/site-packages/airflow/example_dags/example_branch_operator_decorator.py
[2023-08-11T08:10:32.877+0000] {logging_mixin.py:150} INFO - [2023-08-11T08:10:32.877+0000] {dag.py:2742} INFO - Sync 1 DAGs
[2023-08-11T08:10:32.913+0000] {logging_mixin.py:150} INFO - [2023-08-11T08:10:32.913+0000] {dag.py:3508} INFO - Setting next_dagrun for example_branch_python_operator_decorator to 2023-08-10T00:00:00+00:00, run_after=2023-08-11T00:00:00+00:00
[2023-08-11T08:10:32.945+0000] {processor.py:179} INFO - Processing /home/airflow/.local/lib/python3.7/site-packages/airflow/example_dags/example_branch_operator_decorator.py took 0.131 seconds
[2023-08-11T08:11:03.152+0000] {processor.py:157} INFO - Started process (PID=2439) to work on /home/airflow/.local/lib/python3.7/site-packages/airflow/example_dags/example_branch_operator_decorator.py
[2023-08-11T08:11:03.155+0000] {processor.py:826} INFO - Processing file /home/airflow/.local/lib/python3.7/site-packages/airflow/example_dags/example_branch_operator_decorator.py for tasks to queue
[2023-08-11T08:11:03.156+0000] {logging_mixin.py:150} INFO - [2023-08-11T08:11:03.156+0000] {dagbag.py:541} INFO - Filling up the DagBag from /home/airflow/.local/lib/python3.7/site-packages/airflow/example_dags/example_branch_operator_decorator.py
[2023-08-11T08:11:03.169+0000] {processor.py:836} INFO - DAG(s) dict_keys(['example_branch_python_operator_decorator']) retrieved from /home/airflow/.local/lib/python3.7/site-packages/airflow/example_dags/example_branch_operator_decorator.py
[2023-08-11T08:11:03.216+0000] {logging_mixin.py:150} INFO - [2023-08-11T08:11:03.216+0000] {dag.py:2742} INFO - Sync 1 DAGs
[2023-08-11T08:11:03.282+0000] {logging_mixin.py:150} INFO - [2023-08-11T08:11:03.281+0000] {dag.py:3508} INFO - Setting next_dagrun for example_branch_python_operator_decorator to 2023-08-10T00:00:00+00:00, run_after=2023-08-11T00:00:00+00:00
[2023-08-11T08:11:03.319+0000] {processor.py:179} INFO - Processing /home/airflow/.local/lib/python3.7/site-packages/airflow/example_dags/example_branch_operator_decorator.py took 0.169 seconds
[2023-08-11T08:11:33.911+0000] {processor.py:157} INFO - Started process (PID=2513) to work on /home/airflow/.local/lib/python3.7/site-packages/airflow/example_dags/example_branch_operator_decorator.py
[2023-08-11T08:11:33.912+0000] {processor.py:826} INFO - Processing file /home/airflow/.local/lib/python3.7/site-packages/airflow/example_dags/example_branch_operator_decorator.py for tasks to queue
[2023-08-11T08:11:33.913+0000] {logging_mixin.py:150} INFO - [2023-08-11T08:11:33.912+0000] {dagbag.py:541} INFO - Filling up the DagBag from /home/airflow/.local/lib/python3.7/site-packages/airflow/example_dags/example_branch_operator_decorator.py
[2023-08-11T08:11:33.926+0000] {processor.py:836} INFO - DAG(s) dict_keys(['example_branch_python_operator_decorator']) retrieved from /home/airflow/.local/lib/python3.7/site-packages/airflow/example_dags/example_branch_operator_decorator.py
[2023-08-11T08:11:33.958+0000] {logging_mixin.py:150} INFO - [2023-08-11T08:11:33.958+0000] {dag.py:2742} INFO - Sync 1 DAGs
[2023-08-11T08:11:33.986+0000] {logging_mixin.py:150} INFO - [2023-08-11T08:11:33.986+0000] {dag.py:3508} INFO - Setting next_dagrun for example_branch_python_operator_decorator to 2023-08-10T00:00:00+00:00, run_after=2023-08-11T00:00:00+00:00
[2023-08-11T08:11:34.016+0000] {processor.py:179} INFO - Processing /home/airflow/.local/lib/python3.7/site-packages/airflow/example_dags/example_branch_operator_decorator.py took 0.109 seconds
[2023-08-11T08:12:04.502+0000] {processor.py:157} INFO - Started process (PID=2579) to work on /home/airflow/.local/lib/python3.7/site-packages/airflow/example_dags/example_branch_operator_decorator.py
[2023-08-11T08:12:04.503+0000] {processor.py:826} INFO - Processing file /home/airflow/.local/lib/python3.7/site-packages/airflow/example_dags/example_branch_operator_decorator.py for tasks to queue
[2023-08-11T08:12:04.503+0000] {logging_mixin.py:150} INFO - [2023-08-11T08:12:04.503+0000] {dagbag.py:541} INFO - Filling up the DagBag from /home/airflow/.local/lib/python3.7/site-packages/airflow/example_dags/example_branch_operator_decorator.py
[2023-08-11T08:12:04.514+0000] {processor.py:836} INFO - DAG(s) dict_keys(['example_branch_python_operator_decorator']) retrieved from /home/airflow/.local/lib/python3.7/site-packages/airflow/example_dags/example_branch_operator_decorator.py
[2023-08-11T08:12:04.541+0000] {logging_mixin.py:150} INFO - [2023-08-11T08:12:04.541+0000] {dag.py:2742} INFO - Sync 1 DAGs
[2023-08-11T08:12:04.565+0000] {logging_mixin.py:150} INFO - [2023-08-11T08:12:04.565+0000] {dag.py:3508} INFO - Setting next_dagrun for example_branch_python_operator_decorator to 2023-08-10T00:00:00+00:00, run_after=2023-08-11T00:00:00+00:00
[2023-08-11T08:12:04.587+0000] {processor.py:179} INFO - Processing /home/airflow/.local/lib/python3.7/site-packages/airflow/example_dags/example_branch_operator_decorator.py took 0.088 seconds
[2023-08-11T08:12:34.704+0000] {processor.py:157} INFO - Started process (PID=2645) to work on /home/airflow/.local/lib/python3.7/site-packages/airflow/example_dags/example_branch_operator_decorator.py
[2023-08-11T08:12:34.704+0000] {processor.py:826} INFO - Processing file /home/airflow/.local/lib/python3.7/site-packages/airflow/example_dags/example_branch_operator_decorator.py for tasks to queue
[2023-08-11T08:12:34.705+0000] {logging_mixin.py:150} INFO - [2023-08-11T08:12:34.705+0000] {dagbag.py:541} INFO - Filling up the DagBag from /home/airflow/.local/lib/python3.7/site-packages/airflow/example_dags/example_branch_operator_decorator.py
[2023-08-11T08:12:34.718+0000] {processor.py:836} INFO - DAG(s) dict_keys(['example_branch_python_operator_decorator']) retrieved from /home/airflow/.local/lib/python3.7/site-packages/airflow/example_dags/example_branch_operator_decorator.py
[2023-08-11T08:12:34.751+0000] {logging_mixin.py:150} INFO - [2023-08-11T08:12:34.750+0000] {dag.py:2742} INFO - Sync 1 DAGs
[2023-08-11T08:12:34.783+0000] {logging_mixin.py:150} INFO - [2023-08-11T08:12:34.783+0000] {dag.py:3508} INFO - Setting next_dagrun for example_branch_python_operator_decorator to 2023-08-10T00:00:00+00:00, run_after=2023-08-11T00:00:00+00:00
[2023-08-11T08:12:34.807+0000] {processor.py:179} INFO - Processing /home/airflow/.local/lib/python3.7/site-packages/airflow/example_dags/example_branch_operator_decorator.py took 0.106 seconds
[2023-08-11T08:13:05.678+0000] {processor.py:157} INFO - Started process (PID=2711) to work on /home/airflow/.local/lib/python3.7/site-packages/airflow/example_dags/example_branch_operator_decorator.py
[2023-08-11T08:13:05.680+0000] {processor.py:826} INFO - Processing file /home/airflow/.local/lib/python3.7/site-packages/airflow/example_dags/example_branch_operator_decorator.py for tasks to queue
[2023-08-11T08:13:05.682+0000] {logging_mixin.py:150} INFO - [2023-08-11T08:13:05.682+0000] {dagbag.py:541} INFO - Filling up the DagBag from /home/airflow/.local/lib/python3.7/site-packages/airflow/example_dags/example_branch_operator_decorator.py
[2023-08-11T08:13:05.699+0000] {processor.py:836} INFO - DAG(s) dict_keys(['example_branch_python_operator_decorator']) retrieved from /home/airflow/.local/lib/python3.7/site-packages/airflow/example_dags/example_branch_operator_decorator.py
[2023-08-11T08:13:05.755+0000] {logging_mixin.py:150} INFO - [2023-08-11T08:13:05.755+0000] {dag.py:2742} INFO - Sync 1 DAGs
[2023-08-11T08:13:05.822+0000] {logging_mixin.py:150} INFO - [2023-08-11T08:13:05.822+0000] {dag.py:3508} INFO - Setting next_dagrun for example_branch_python_operator_decorator to 2023-08-10T00:00:00+00:00, run_after=2023-08-11T00:00:00+00:00
[2023-08-11T08:13:05.870+0000] {processor.py:179} INFO - Processing /home/airflow/.local/lib/python3.7/site-packages/airflow/example_dags/example_branch_operator_decorator.py took 0.199 seconds
[2023-08-11T08:13:36.030+0000] {processor.py:157} INFO - Started process (PID=2777) to work on /home/airflow/.local/lib/python3.7/site-packages/airflow/example_dags/example_branch_operator_decorator.py
[2023-08-11T08:13:36.031+0000] {processor.py:826} INFO - Processing file /home/airflow/.local/lib/python3.7/site-packages/airflow/example_dags/example_branch_operator_decorator.py for tasks to queue
[2023-08-11T08:13:36.032+0000] {logging_mixin.py:150} INFO - [2023-08-11T08:13:36.032+0000] {dagbag.py:541} INFO - Filling up the DagBag from /home/airflow/.local/lib/python3.7/site-packages/airflow/example_dags/example_branch_operator_decorator.py
[2023-08-11T08:13:36.043+0000] {processor.py:836} INFO - DAG(s) dict_keys(['example_branch_python_operator_decorator']) retrieved from /home/airflow/.local/lib/python3.7/site-packages/airflow/example_dags/example_branch_operator_decorator.py
[2023-08-11T08:13:36.075+0000] {logging_mixin.py:150} INFO - [2023-08-11T08:13:36.075+0000] {dag.py:2742} INFO - Sync 1 DAGs
[2023-08-11T08:13:36.109+0000] {logging_mixin.py:150} INFO - [2023-08-11T08:13:36.108+0000] {dag.py:3508} INFO - Setting next_dagrun for example_branch_python_operator_decorator to 2023-08-10T00:00:00+00:00, run_after=2023-08-11T00:00:00+00:00
[2023-08-11T08:13:36.135+0000] {processor.py:179} INFO - Processing /home/airflow/.local/lib/python3.7/site-packages/airflow/example_dags/example_branch_operator_decorator.py took 0.109 seconds
[2023-08-11T08:14:06.205+0000] {processor.py:157} INFO - Started process (PID=2843) to work on /home/airflow/.local/lib/python3.7/site-packages/airflow/example_dags/example_branch_operator_decorator.py
[2023-08-11T08:14:06.206+0000] {processor.py:826} INFO - Processing file /home/airflow/.local/lib/python3.7/site-packages/airflow/example_dags/example_branch_operator_decorator.py for tasks to queue
[2023-08-11T08:14:06.207+0000] {logging_mixin.py:150} INFO - [2023-08-11T08:14:06.206+0000] {dagbag.py:541} INFO - Filling up the DagBag from /home/airflow/.local/lib/python3.7/site-packages/airflow/example_dags/example_branch_operator_decorator.py
[2023-08-11T08:14:06.218+0000] {processor.py:836} INFO - DAG(s) dict_keys(['example_branch_python_operator_decorator']) retrieved from /home/airflow/.local/lib/python3.7/site-packages/airflow/example_dags/example_branch_operator_decorator.py
[2023-08-11T08:14:06.243+0000] {logging_mixin.py:150} INFO - [2023-08-11T08:14:06.243+0000] {dag.py:2742} INFO - Sync 1 DAGs
[2023-08-11T08:14:06.266+0000] {logging_mixin.py:150} INFO - [2023-08-11T08:14:06.266+0000] {dag.py:3508} INFO - Setting next_dagrun for example_branch_python_operator_decorator to 2023-08-10T00:00:00+00:00, run_after=2023-08-11T00:00:00+00:00
[2023-08-11T08:14:06.288+0000] {processor.py:179} INFO - Processing /home/airflow/.local/lib/python3.7/site-packages/airflow/example_dags/example_branch_operator_decorator.py took 0.086 seconds
[2023-08-11T08:14:36.556+0000] {processor.py:157} INFO - Started process (PID=2910) to work on /home/airflow/.local/lib/python3.7/site-packages/airflow/example_dags/example_branch_operator_decorator.py
[2023-08-11T08:14:36.558+0000] {processor.py:826} INFO - Processing file /home/airflow/.local/lib/python3.7/site-packages/airflow/example_dags/example_branch_operator_decorator.py for tasks to queue
[2023-08-11T08:14:36.558+0000] {logging_mixin.py:150} INFO - [2023-08-11T08:14:36.558+0000] {dagbag.py:541} INFO - Filling up the DagBag from /home/airflow/.local/lib/python3.7/site-packages/airflow/example_dags/example_branch_operator_decorator.py
[2023-08-11T08:14:36.570+0000] {processor.py:836} INFO - DAG(s) dict_keys(['example_branch_python_operator_decorator']) retrieved from /home/airflow/.local/lib/python3.7/site-packages/airflow/example_dags/example_branch_operator_decorator.py
[2023-08-11T08:14:36.603+0000] {logging_mixin.py:150} INFO - [2023-08-11T08:14:36.602+0000] {dag.py:2742} INFO - Sync 1 DAGs
[2023-08-11T08:14:36.632+0000] {logging_mixin.py:150} INFO - [2023-08-11T08:14:36.632+0000] {dag.py:3508} INFO - Setting next_dagrun for example_branch_python_operator_decorator to 2023-08-10T00:00:00+00:00, run_after=2023-08-11T00:00:00+00:00
[2023-08-11T08:14:36.663+0000] {processor.py:179} INFO - Processing /home/airflow/.local/lib/python3.7/site-packages/airflow/example_dags/example_branch_operator_decorator.py took 0.111 seconds
[2023-08-11T08:15:07.106+0000] {processor.py:157} INFO - Started process (PID=2976) to work on /home/airflow/.local/lib/python3.7/site-packages/airflow/example_dags/example_branch_operator_decorator.py
[2023-08-11T08:15:07.107+0000] {processor.py:826} INFO - Processing file /home/airflow/.local/lib/python3.7/site-packages/airflow/example_dags/example_branch_operator_decorator.py for tasks to queue
[2023-08-11T08:15:07.108+0000] {logging_mixin.py:150} INFO - [2023-08-11T08:15:07.108+0000] {dagbag.py:541} INFO - Filling up the DagBag from /home/airflow/.local/lib/python3.7/site-packages/airflow/example_dags/example_branch_operator_decorator.py
[2023-08-11T08:15:07.119+0000] {processor.py:836} INFO - DAG(s) dict_keys(['example_branch_python_operator_decorator']) retrieved from /home/airflow/.local/lib/python3.7/site-packages/airflow/example_dags/example_branch_operator_decorator.py
[2023-08-11T08:15:07.150+0000] {logging_mixin.py:150} INFO - [2023-08-11T08:15:07.149+0000] {dag.py:2742} INFO - Sync 1 DAGs
[2023-08-11T08:15:07.190+0000] {logging_mixin.py:150} INFO - [2023-08-11T08:15:07.189+0000] {dag.py:3508} INFO - Setting next_dagrun for example_branch_python_operator_decorator to 2023-08-10T00:00:00+00:00, run_after=2023-08-11T00:00:00+00:00
[2023-08-11T08:15:07.225+0000] {processor.py:179} INFO - Processing /home/airflow/.local/lib/python3.7/site-packages/airflow/example_dags/example_branch_operator_decorator.py took 0.125 seconds
[2023-08-11T08:15:37.514+0000] {processor.py:157} INFO - Started process (PID=3043) to work on /home/airflow/.local/lib/python3.7/site-packages/airflow/example_dags/example_branch_operator_decorator.py
[2023-08-11T08:15:37.516+0000] {processor.py:826} INFO - Processing file /home/airflow/.local/lib/python3.7/site-packages/airflow/example_dags/example_branch_operator_decorator.py for tasks to queue
[2023-08-11T08:15:37.516+0000] {logging_mixin.py:150} INFO - [2023-08-11T08:15:37.516+0000] {dagbag.py:541} INFO - Filling up the DagBag from /home/airflow/.local/lib/python3.7/site-packages/airflow/example_dags/example_branch_operator_decorator.py
[2023-08-11T08:15:37.526+0000] {processor.py:836} INFO - DAG(s) dict_keys(['example_branch_python_operator_decorator']) retrieved from /home/airflow/.local/lib/python3.7/site-packages/airflow/example_dags/example_branch_operator_decorator.py
[2023-08-11T08:15:37.549+0000] {logging_mixin.py:150} INFO - [2023-08-11T08:15:37.548+0000] {dag.py:2742} INFO - Sync 1 DAGs
[2023-08-11T08:15:37.571+0000] {logging_mixin.py:150} INFO - [2023-08-11T08:15:37.571+0000] {dag.py:3508} INFO - Setting next_dagrun for example_branch_python_operator_decorator to 2023-08-10T00:00:00+00:00, run_after=2023-08-11T00:00:00+00:00
[2023-08-11T08:15:37.606+0000] {processor.py:179} INFO - Processing /home/airflow/.local/lib/python3.7/site-packages/airflow/example_dags/example_branch_operator_decorator.py took 0.094 seconds
[2023-08-11T08:16:08.252+0000] {processor.py:157} INFO - Started process (PID=3096) to work on /home/airflow/.local/lib/python3.7/site-packages/airflow/example_dags/example_branch_operator_decorator.py
[2023-08-11T08:16:08.252+0000] {processor.py:826} INFO - Processing file /home/airflow/.local/lib/python3.7/site-packages/airflow/example_dags/example_branch_operator_decorator.py for tasks to queue
[2023-08-11T08:16:08.253+0000] {logging_mixin.py:150} INFO - [2023-08-11T08:16:08.253+0000] {dagbag.py:541} INFO - Filling up the DagBag from /home/airflow/.local/lib/python3.7/site-packages/airflow/example_dags/example_branch_operator_decorator.py
[2023-08-11T08:16:08.262+0000] {processor.py:836} INFO - DAG(s) dict_keys(['example_branch_python_operator_decorator']) retrieved from /home/airflow/.local/lib/python3.7/site-packages/airflow/example_dags/example_branch_operator_decorator.py
[2023-08-11T08:16:08.289+0000] {logging_mixin.py:150} INFO - [2023-08-11T08:16:08.289+0000] {dag.py:2742} INFO - Sync 1 DAGs
[2023-08-11T08:16:08.317+0000] {logging_mixin.py:150} INFO - [2023-08-11T08:16:08.317+0000] {dag.py:3508} INFO - Setting next_dagrun for example_branch_python_operator_decorator to 2023-08-10T00:00:00+00:00, run_after=2023-08-11T00:00:00+00:00
[2023-08-11T08:16:08.347+0000] {processor.py:179} INFO - Processing /home/airflow/.local/lib/python3.7/site-packages/airflow/example_dags/example_branch_operator_decorator.py took 0.098 seconds
[2023-08-11T08:16:38.463+0000] {processor.py:157} INFO - Started process (PID=3165) to work on /home/airflow/.local/lib/python3.7/site-packages/airflow/example_dags/example_branch_operator_decorator.py
[2023-08-11T08:16:38.464+0000] {processor.py:826} INFO - Processing file /home/airflow/.local/lib/python3.7/site-packages/airflow/example_dags/example_branch_operator_decorator.py for tasks to queue
[2023-08-11T08:16:38.465+0000] {logging_mixin.py:150} INFO - [2023-08-11T08:16:38.464+0000] {dagbag.py:541} INFO - Filling up the DagBag from /home/airflow/.local/lib/python3.7/site-packages/airflow/example_dags/example_branch_operator_decorator.py
[2023-08-11T08:16:38.476+0000] {processor.py:836} INFO - DAG(s) dict_keys(['example_branch_python_operator_decorator']) retrieved from /home/airflow/.local/lib/python3.7/site-packages/airflow/example_dags/example_branch_operator_decorator.py
[2023-08-11T08:16:38.502+0000] {logging_mixin.py:150} INFO - [2023-08-11T08:16:38.502+0000] {dag.py:2742} INFO - Sync 1 DAGs
[2023-08-11T08:16:38.532+0000] {logging_mixin.py:150} INFO - [2023-08-11T08:16:38.532+0000] {dag.py:3508} INFO - Setting next_dagrun for example_branch_python_operator_decorator to 2023-08-10T00:00:00+00:00, run_after=2023-08-11T00:00:00+00:00
[2023-08-11T08:16:38.556+0000] {processor.py:179} INFO - Processing /home/airflow/.local/lib/python3.7/site-packages/airflow/example_dags/example_branch_operator_decorator.py took 0.096 seconds
[2023-08-11T08:17:08.847+0000] {processor.py:157} INFO - Started process (PID=3231) to work on /home/airflow/.local/lib/python3.7/site-packages/airflow/example_dags/example_branch_operator_decorator.py
[2023-08-11T08:17:08.849+0000] {processor.py:826} INFO - Processing file /home/airflow/.local/lib/python3.7/site-packages/airflow/example_dags/example_branch_operator_decorator.py for tasks to queue
[2023-08-11T08:17:08.850+0000] {logging_mixin.py:150} INFO - [2023-08-11T08:17:08.849+0000] {dagbag.py:541} INFO - Filling up the DagBag from /home/airflow/.local/lib/python3.7/site-packages/airflow/example_dags/example_branch_operator_decorator.py
[2023-08-11T08:17:08.862+0000] {processor.py:836} INFO - DAG(s) dict_keys(['example_branch_python_operator_decorator']) retrieved from /home/airflow/.local/lib/python3.7/site-packages/airflow/example_dags/example_branch_operator_decorator.py
[2023-08-11T08:17:08.897+0000] {logging_mixin.py:150} INFO - [2023-08-11T08:17:08.897+0000] {dag.py:2742} INFO - Sync 1 DAGs
[2023-08-11T08:17:08.929+0000] {logging_mixin.py:150} INFO - [2023-08-11T08:17:08.929+0000] {dag.py:3508} INFO - Setting next_dagrun for example_branch_python_operator_decorator to 2023-08-10T00:00:00+00:00, run_after=2023-08-11T00:00:00+00:00
[2023-08-11T08:17:08.958+0000] {processor.py:179} INFO - Processing /home/airflow/.local/lib/python3.7/site-packages/airflow/example_dags/example_branch_operator_decorator.py took 0.114 seconds
[2023-08-11T08:17:39.030+0000] {processor.py:157} INFO - Started process (PID=3309) to work on /home/airflow/.local/lib/python3.7/site-packages/airflow/example_dags/example_branch_operator_decorator.py
[2023-08-11T08:17:39.031+0000] {processor.py:826} INFO - Processing file /home/airflow/.local/lib/python3.7/site-packages/airflow/example_dags/example_branch_operator_decorator.py for tasks to queue
[2023-08-11T08:17:39.032+0000] {logging_mixin.py:150} INFO - [2023-08-11T08:17:39.032+0000] {dagbag.py:541} INFO - Filling up the DagBag from /home/airflow/.local/lib/python3.7/site-packages/airflow/example_dags/example_branch_operator_decorator.py
[2023-08-11T08:17:39.040+0000] {processor.py:836} INFO - DAG(s) dict_keys(['example_branch_python_operator_decorator']) retrieved from /home/airflow/.local/lib/python3.7/site-packages/airflow/example_dags/example_branch_operator_decorator.py
[2023-08-11T08:17:39.070+0000] {logging_mixin.py:150} INFO - [2023-08-11T08:17:39.069+0000] {dag.py:2742} INFO - Sync 1 DAGs
[2023-08-11T08:17:39.095+0000] {logging_mixin.py:150} INFO - [2023-08-11T08:17:39.095+0000] {dag.py:3508} INFO - Setting next_dagrun for example_branch_python_operator_decorator to 2023-08-10T00:00:00+00:00, run_after=2023-08-11T00:00:00+00:00
[2023-08-11T08:17:39.117+0000] {processor.py:179} INFO - Processing /home/airflow/.local/lib/python3.7/site-packages/airflow/example_dags/example_branch_operator_decorator.py took 0.090 seconds
[2023-08-11T08:18:09.154+0000] {processor.py:157} INFO - Started process (PID=3400) to work on /home/airflow/.local/lib/python3.7/site-packages/airflow/example_dags/example_branch_operator_decorator.py
[2023-08-11T08:18:09.155+0000] {processor.py:826} INFO - Processing file /home/airflow/.local/lib/python3.7/site-packages/airflow/example_dags/example_branch_operator_decorator.py for tasks to queue
[2023-08-11T08:18:09.156+0000] {logging_mixin.py:150} INFO - [2023-08-11T08:18:09.156+0000] {dagbag.py:541} INFO - Filling up the DagBag from /home/airflow/.local/lib/python3.7/site-packages/airflow/example_dags/example_branch_operator_decorator.py
[2023-08-11T08:18:09.168+0000] {processor.py:836} INFO - DAG(s) dict_keys(['example_branch_python_operator_decorator']) retrieved from /home/airflow/.local/lib/python3.7/site-packages/airflow/example_dags/example_branch_operator_decorator.py
[2023-08-11T08:18:09.193+0000] {logging_mixin.py:150} INFO - [2023-08-11T08:18:09.193+0000] {dag.py:2742} INFO - Sync 1 DAGs
[2023-08-11T08:18:09.219+0000] {logging_mixin.py:150} INFO - [2023-08-11T08:18:09.219+0000] {dag.py:3508} INFO - Setting next_dagrun for example_branch_python_operator_decorator to 2023-08-10T00:00:00+00:00, run_after=2023-08-11T00:00:00+00:00
[2023-08-11T08:18:09.242+0000] {processor.py:179} INFO - Processing /home/airflow/.local/lib/python3.7/site-packages/airflow/example_dags/example_branch_operator_decorator.py took 0.090 seconds
[2023-08-11T08:18:40.352+0000] {processor.py:157} INFO - Started process (PID=3485) to work on /home/airflow/.local/lib/python3.7/site-packages/airflow/example_dags/example_branch_operator_decorator.py
[2023-08-11T08:18:40.354+0000] {processor.py:826} INFO - Processing file /home/airflow/.local/lib/python3.7/site-packages/airflow/example_dags/example_branch_operator_decorator.py for tasks to queue
[2023-08-11T08:18:40.356+0000] {logging_mixin.py:150} INFO - [2023-08-11T08:18:40.355+0000] {dagbag.py:541} INFO - Filling up the DagBag from /home/airflow/.local/lib/python3.7/site-packages/airflow/example_dags/example_branch_operator_decorator.py
[2023-08-11T08:18:40.413+0000] {processor.py:836} INFO - DAG(s) dict_keys(['example_branch_python_operator_decorator']) retrieved from /home/airflow/.local/lib/python3.7/site-packages/airflow/example_dags/example_branch_operator_decorator.py
[2023-08-11T08:18:40.557+0000] {logging_mixin.py:150} INFO - [2023-08-11T08:18:40.557+0000] {dag.py:2742} INFO - Sync 1 DAGs
[2023-08-11T08:18:40.731+0000] {logging_mixin.py:150} INFO - [2023-08-11T08:18:40.729+0000] {dag.py:3508} INFO - Setting next_dagrun for example_branch_python_operator_decorator to 2023-08-10T00:00:00+00:00, run_after=2023-08-11T00:00:00+00:00
[2023-08-11T08:18:40.810+0000] {processor.py:179} INFO - Processing /home/airflow/.local/lib/python3.7/site-packages/airflow/example_dags/example_branch_operator_decorator.py took 0.479 seconds
[2023-08-11T08:19:10.956+0000] {processor.py:157} INFO - Started process (PID=3564) to work on /home/airflow/.local/lib/python3.7/site-packages/airflow/example_dags/example_branch_operator_decorator.py
[2023-08-11T08:19:10.957+0000] {processor.py:826} INFO - Processing file /home/airflow/.local/lib/python3.7/site-packages/airflow/example_dags/example_branch_operator_decorator.py for tasks to queue
[2023-08-11T08:19:10.957+0000] {logging_mixin.py:150} INFO - [2023-08-11T08:19:10.957+0000] {dagbag.py:541} INFO - Filling up the DagBag from /home/airflow/.local/lib/python3.7/site-packages/airflow/example_dags/example_branch_operator_decorator.py
[2023-08-11T08:19:10.967+0000] {processor.py:836} INFO - DAG(s) dict_keys(['example_branch_python_operator_decorator']) retrieved from /home/airflow/.local/lib/python3.7/site-packages/airflow/example_dags/example_branch_operator_decorator.py
[2023-08-11T08:19:10.999+0000] {logging_mixin.py:150} INFO - [2023-08-11T08:19:10.999+0000] {dag.py:2742} INFO - Sync 1 DAGs
[2023-08-11T08:19:11.023+0000] {logging_mixin.py:150} INFO - [2023-08-11T08:19:11.022+0000] {dag.py:3508} INFO - Setting next_dagrun for example_branch_python_operator_decorator to 2023-08-10T00:00:00+00:00, run_after=2023-08-11T00:00:00+00:00
[2023-08-11T08:19:11.040+0000] {processor.py:179} INFO - Processing /home/airflow/.local/lib/python3.7/site-packages/airflow/example_dags/example_branch_operator_decorator.py took 0.088 seconds
[2023-08-11T08:19:41.554+0000] {processor.py:157} INFO - Started process (PID=3642) to work on /home/airflow/.local/lib/python3.7/site-packages/airflow/example_dags/example_branch_operator_decorator.py
[2023-08-11T08:19:41.555+0000] {processor.py:826} INFO - Processing file /home/airflow/.local/lib/python3.7/site-packages/airflow/example_dags/example_branch_operator_decorator.py for tasks to queue
[2023-08-11T08:19:41.556+0000] {logging_mixin.py:150} INFO - [2023-08-11T08:19:41.555+0000] {dagbag.py:541} INFO - Filling up the DagBag from /home/airflow/.local/lib/python3.7/site-packages/airflow/example_dags/example_branch_operator_decorator.py
[2023-08-11T08:19:41.570+0000] {processor.py:836} INFO - DAG(s) dict_keys(['example_branch_python_operator_decorator']) retrieved from /home/airflow/.local/lib/python3.7/site-packages/airflow/example_dags/example_branch_operator_decorator.py
[2023-08-11T08:19:41.607+0000] {logging_mixin.py:150} INFO - [2023-08-11T08:19:41.607+0000] {dag.py:2742} INFO - Sync 1 DAGs
[2023-08-11T08:19:41.641+0000] {logging_mixin.py:150} INFO - [2023-08-11T08:19:41.640+0000] {dag.py:3508} INFO - Setting next_dagrun for example_branch_python_operator_decorator to 2023-08-10T00:00:00+00:00, run_after=2023-08-11T00:00:00+00:00
[2023-08-11T08:19:41.666+0000] {processor.py:179} INFO - Processing /home/airflow/.local/lib/python3.7/site-packages/airflow/example_dags/example_branch_operator_decorator.py took 0.117 seconds
[2023-08-11T08:20:12.032+0000] {processor.py:157} INFO - Started process (PID=3727) to work on /home/airflow/.local/lib/python3.7/site-packages/airflow/example_dags/example_branch_operator_decorator.py
[2023-08-11T08:20:12.035+0000] {processor.py:826} INFO - Processing file /home/airflow/.local/lib/python3.7/site-packages/airflow/example_dags/example_branch_operator_decorator.py for tasks to queue
[2023-08-11T08:20:12.036+0000] {logging_mixin.py:150} INFO - [2023-08-11T08:20:12.036+0000] {dagbag.py:541} INFO - Filling up the DagBag from /home/airflow/.local/lib/python3.7/site-packages/airflow/example_dags/example_branch_operator_decorator.py
[2023-08-11T08:20:12.050+0000] {processor.py:836} INFO - DAG(s) dict_keys(['example_branch_python_operator_decorator']) retrieved from /home/airflow/.local/lib/python3.7/site-packages/airflow/example_dags/example_branch_operator_decorator.py
[2023-08-11T08:20:12.093+0000] {logging_mixin.py:150} INFO - [2023-08-11T08:20:12.092+0000] {dag.py:2742} INFO - Sync 1 DAGs
[2023-08-11T08:20:12.127+0000] {logging_mixin.py:150} INFO - [2023-08-11T08:20:12.127+0000] {dag.py:3508} INFO - Setting next_dagrun for example_branch_python_operator_decorator to 2023-08-10T00:00:00+00:00, run_after=2023-08-11T00:00:00+00:00
[2023-08-11T08:20:12.147+0000] {processor.py:179} INFO - Processing /home/airflow/.local/lib/python3.7/site-packages/airflow/example_dags/example_branch_operator_decorator.py took 0.120 seconds
[2023-08-11T08:20:42.325+0000] {processor.py:157} INFO - Started process (PID=3805) to work on /home/airflow/.local/lib/python3.7/site-packages/airflow/example_dags/example_branch_operator_decorator.py
[2023-08-11T08:20:42.326+0000] {processor.py:826} INFO - Processing file /home/airflow/.local/lib/python3.7/site-packages/airflow/example_dags/example_branch_operator_decorator.py for tasks to queue
[2023-08-11T08:20:42.327+0000] {logging_mixin.py:150} INFO - [2023-08-11T08:20:42.327+0000] {dagbag.py:541} INFO - Filling up the DagBag from /home/airflow/.local/lib/python3.7/site-packages/airflow/example_dags/example_branch_operator_decorator.py
[2023-08-11T08:20:42.343+0000] {processor.py:836} INFO - DAG(s) dict_keys(['example_branch_python_operator_decorator']) retrieved from /home/airflow/.local/lib/python3.7/site-packages/airflow/example_dags/example_branch_operator_decorator.py
[2023-08-11T08:20:42.399+0000] {logging_mixin.py:150} INFO - [2023-08-11T08:20:42.399+0000] {dag.py:2742} INFO - Sync 1 DAGs
[2023-08-11T08:20:42.438+0000] {logging_mixin.py:150} INFO - [2023-08-11T08:20:42.438+0000] {dag.py:3508} INFO - Setting next_dagrun for example_branch_python_operator_decorator to 2023-08-10T00:00:00+00:00, run_after=2023-08-11T00:00:00+00:00
[2023-08-11T08:20:42.475+0000] {processor.py:179} INFO - Processing /home/airflow/.local/lib/python3.7/site-packages/airflow/example_dags/example_branch_operator_decorator.py took 0.154 seconds
[2023-08-11T08:21:12.809+0000] {processor.py:157} INFO - Started process (PID=3896) to work on /home/airflow/.local/lib/python3.7/site-packages/airflow/example_dags/example_branch_operator_decorator.py
[2023-08-11T08:21:12.810+0000] {processor.py:826} INFO - Processing file /home/airflow/.local/lib/python3.7/site-packages/airflow/example_dags/example_branch_operator_decorator.py for tasks to queue
[2023-08-11T08:21:12.811+0000] {logging_mixin.py:150} INFO - [2023-08-11T08:21:12.810+0000] {dagbag.py:541} INFO - Filling up the DagBag from /home/airflow/.local/lib/python3.7/site-packages/airflow/example_dags/example_branch_operator_decorator.py
[2023-08-11T08:21:12.820+0000] {processor.py:836} INFO - DAG(s) dict_keys(['example_branch_python_operator_decorator']) retrieved from /home/airflow/.local/lib/python3.7/site-packages/airflow/example_dags/example_branch_operator_decorator.py
[2023-08-11T08:21:12.847+0000] {logging_mixin.py:150} INFO - [2023-08-11T08:21:12.846+0000] {dag.py:2742} INFO - Sync 1 DAGs
[2023-08-11T08:21:12.872+0000] {logging_mixin.py:150} INFO - [2023-08-11T08:21:12.872+0000] {dag.py:3508} INFO - Setting next_dagrun for example_branch_python_operator_decorator to 2023-08-10T00:00:00+00:00, run_after=2023-08-11T00:00:00+00:00
[2023-08-11T08:21:12.890+0000] {processor.py:179} INFO - Processing /home/airflow/.local/lib/python3.7/site-packages/airflow/example_dags/example_branch_operator_decorator.py took 0.084 seconds
[2023-08-11T08:21:43.117+0000] {processor.py:157} INFO - Started process (PID=3987) to work on /home/airflow/.local/lib/python3.7/site-packages/airflow/example_dags/example_branch_operator_decorator.py
[2023-08-11T08:21:43.118+0000] {processor.py:826} INFO - Processing file /home/airflow/.local/lib/python3.7/site-packages/airflow/example_dags/example_branch_operator_decorator.py for tasks to queue
[2023-08-11T08:21:43.119+0000] {logging_mixin.py:150} INFO - [2023-08-11T08:21:43.119+0000] {dagbag.py:541} INFO - Filling up the DagBag from /home/airflow/.local/lib/python3.7/site-packages/airflow/example_dags/example_branch_operator_decorator.py
[2023-08-11T08:21:43.129+0000] {processor.py:836} INFO - DAG(s) dict_keys(['example_branch_python_operator_decorator']) retrieved from /home/airflow/.local/lib/python3.7/site-packages/airflow/example_dags/example_branch_operator_decorator.py
[2023-08-11T08:21:43.155+0000] {logging_mixin.py:150} INFO - [2023-08-11T08:21:43.155+0000] {dag.py:2742} INFO - Sync 1 DAGs
[2023-08-11T08:21:43.179+0000] {logging_mixin.py:150} INFO - [2023-08-11T08:21:43.178+0000] {dag.py:3508} INFO - Setting next_dagrun for example_branch_python_operator_decorator to 2023-08-10T00:00:00+00:00, run_after=2023-08-11T00:00:00+00:00
[2023-08-11T08:21:43.197+0000] {processor.py:179} INFO - Processing /home/airflow/.local/lib/python3.7/site-packages/airflow/example_dags/example_branch_operator_decorator.py took 0.083 seconds
[2023-08-11T08:22:13.841+0000] {processor.py:157} INFO - Started process (PID=4078) to work on /home/airflow/.local/lib/python3.7/site-packages/airflow/example_dags/example_branch_operator_decorator.py
[2023-08-11T08:22:13.842+0000] {processor.py:826} INFO - Processing file /home/airflow/.local/lib/python3.7/site-packages/airflow/example_dags/example_branch_operator_decorator.py for tasks to queue
[2023-08-11T08:22:13.842+0000] {logging_mixin.py:150} INFO - [2023-08-11T08:22:13.842+0000] {dagbag.py:541} INFO - Filling up the DagBag from /home/airflow/.local/lib/python3.7/site-packages/airflow/example_dags/example_branch_operator_decorator.py
[2023-08-11T08:22:13.851+0000] {processor.py:836} INFO - DAG(s) dict_keys(['example_branch_python_operator_decorator']) retrieved from /home/airflow/.local/lib/python3.7/site-packages/airflow/example_dags/example_branch_operator_decorator.py
[2023-08-11T08:22:13.878+0000] {logging_mixin.py:150} INFO - [2023-08-11T08:22:13.878+0000] {dag.py:2742} INFO - Sync 1 DAGs
[2023-08-11T08:22:13.903+0000] {logging_mixin.py:150} INFO - [2023-08-11T08:22:13.903+0000] {dag.py:3508} INFO - Setting next_dagrun for example_branch_python_operator_decorator to 2023-08-10T00:00:00+00:00, run_after=2023-08-11T00:00:00+00:00
[2023-08-11T08:22:13.925+0000] {processor.py:179} INFO - Processing /home/airflow/.local/lib/python3.7/site-packages/airflow/example_dags/example_branch_operator_decorator.py took 0.088 seconds
