[2023-08-11T07:52:45.335+0000] {processor.py:157} INFO - Started process (PID=46) to work on /home/airflow/.local/lib/python3.7/site-packages/airflow/example_dags/example_sensors.py
[2023-08-11T07:52:45.337+0000] {processor.py:826} INFO - Processing file /home/airflow/.local/lib/python3.7/site-packages/airflow/example_dags/example_sensors.py for tasks to queue
[2023-08-11T07:52:45.338+0000] {logging_mixin.py:150} INFO - [2023-08-11T07:52:45.338+0000] {dagbag.py:541} INFO - Filling up the DagBag from /home/airflow/.local/lib/python3.7/site-packages/airflow/example_dags/example_sensors.py
[2023-08-11T07:52:45.369+0000] {processor.py:836} INFO - DAG(s) dict_keys(['example_sensors']) retrieved from /home/airflow/.local/lib/python3.7/site-packages/airflow/example_dags/example_sensors.py
[2023-08-11T07:52:45.402+0000] {logging_mixin.py:150} INFO - [2023-08-11T07:52:45.401+0000] {dag.py:2742} INFO - Sync 1 DAGs
[2023-08-11T07:52:45.453+0000] {logging_mixin.py:150} INFO - [2023-08-11T07:52:45.453+0000] {dag.py:3508} INFO - Setting next_dagrun for example_sensors to None, run_after=None
[2023-08-11T07:52:45.498+0000] {processor.py:179} INFO - Processing /home/airflow/.local/lib/python3.7/site-packages/airflow/example_dags/example_sensors.py took 0.172 seconds
[2023-08-11T07:53:15.739+0000] {processor.py:157} INFO - Started process (PID=111) to work on /home/airflow/.local/lib/python3.7/site-packages/airflow/example_dags/example_sensors.py
[2023-08-11T07:53:15.741+0000] {processor.py:826} INFO - Processing file /home/airflow/.local/lib/python3.7/site-packages/airflow/example_dags/example_sensors.py for tasks to queue
[2023-08-11T07:53:15.742+0000] {logging_mixin.py:150} INFO - [2023-08-11T07:53:15.742+0000] {dagbag.py:541} INFO - Filling up the DagBag from /home/airflow/.local/lib/python3.7/site-packages/airflow/example_dags/example_sensors.py
[2023-08-11T07:53:15.756+0000] {processor.py:836} INFO - DAG(s) dict_keys(['example_sensors']) retrieved from /home/airflow/.local/lib/python3.7/site-packages/airflow/example_dags/example_sensors.py
[2023-08-11T07:53:15.794+0000] {logging_mixin.py:150} INFO - [2023-08-11T07:53:15.793+0000] {dag.py:2742} INFO - Sync 1 DAGs
[2023-08-11T07:53:15.831+0000] {logging_mixin.py:150} INFO - [2023-08-11T07:53:15.831+0000] {dag.py:3508} INFO - Setting next_dagrun for example_sensors to None, run_after=None
[2023-08-11T07:53:15.863+0000] {processor.py:179} INFO - Processing /home/airflow/.local/lib/python3.7/site-packages/airflow/example_dags/example_sensors.py took 0.135 seconds
[2023-08-11T07:53:46.479+0000] {processor.py:157} INFO - Started process (PID=175) to work on /home/airflow/.local/lib/python3.7/site-packages/airflow/example_dags/example_sensors.py
[2023-08-11T07:53:46.480+0000] {processor.py:826} INFO - Processing file /home/airflow/.local/lib/python3.7/site-packages/airflow/example_dags/example_sensors.py for tasks to queue
[2023-08-11T07:53:46.481+0000] {logging_mixin.py:150} INFO - [2023-08-11T07:53:46.481+0000] {dagbag.py:541} INFO - Filling up the DagBag from /home/airflow/.local/lib/python3.7/site-packages/airflow/example_dags/example_sensors.py
[2023-08-11T07:53:46.495+0000] {processor.py:836} INFO - DAG(s) dict_keys(['example_sensors']) retrieved from /home/airflow/.local/lib/python3.7/site-packages/airflow/example_dags/example_sensors.py
[2023-08-11T07:53:46.522+0000] {logging_mixin.py:150} INFO - [2023-08-11T07:53:46.522+0000] {dag.py:2742} INFO - Sync 1 DAGs
[2023-08-11T07:53:46.546+0000] {logging_mixin.py:150} INFO - [2023-08-11T07:53:46.546+0000] {dag.py:3508} INFO - Setting next_dagrun for example_sensors to None, run_after=None
[2023-08-11T07:53:46.569+0000] {processor.py:179} INFO - Processing /home/airflow/.local/lib/python3.7/site-packages/airflow/example_dags/example_sensors.py took 0.093 seconds
[2023-08-11T07:54:17.243+0000] {processor.py:157} INFO - Started process (PID=240) to work on /home/airflow/.local/lib/python3.7/site-packages/airflow/example_dags/example_sensors.py
[2023-08-11T07:54:17.244+0000] {processor.py:826} INFO - Processing file /home/airflow/.local/lib/python3.7/site-packages/airflow/example_dags/example_sensors.py for tasks to queue
[2023-08-11T07:54:17.245+0000] {logging_mixin.py:150} INFO - [2023-08-11T07:54:17.245+0000] {dagbag.py:541} INFO - Filling up the DagBag from /home/airflow/.local/lib/python3.7/site-packages/airflow/example_dags/example_sensors.py
[2023-08-11T07:54:17.256+0000] {processor.py:836} INFO - DAG(s) dict_keys(['example_sensors']) retrieved from /home/airflow/.local/lib/python3.7/site-packages/airflow/example_dags/example_sensors.py
[2023-08-11T07:54:17.282+0000] {logging_mixin.py:150} INFO - [2023-08-11T07:54:17.282+0000] {dag.py:2742} INFO - Sync 1 DAGs
[2023-08-11T07:54:17.309+0000] {logging_mixin.py:150} INFO - [2023-08-11T07:54:17.309+0000] {dag.py:3508} INFO - Setting next_dagrun for example_sensors to None, run_after=None
[2023-08-11T07:54:17.332+0000] {processor.py:179} INFO - Processing /home/airflow/.local/lib/python3.7/site-packages/airflow/example_dags/example_sensors.py took 0.092 seconds
[2023-08-11T07:54:47.660+0000] {processor.py:157} INFO - Started process (PID=305) to work on /home/airflow/.local/lib/python3.7/site-packages/airflow/example_dags/example_sensors.py
[2023-08-11T07:54:47.661+0000] {processor.py:826} INFO - Processing file /home/airflow/.local/lib/python3.7/site-packages/airflow/example_dags/example_sensors.py for tasks to queue
[2023-08-11T07:54:47.662+0000] {logging_mixin.py:150} INFO - [2023-08-11T07:54:47.661+0000] {dagbag.py:541} INFO - Filling up the DagBag from /home/airflow/.local/lib/python3.7/site-packages/airflow/example_dags/example_sensors.py
[2023-08-11T07:54:47.677+0000] {processor.py:836} INFO - DAG(s) dict_keys(['example_sensors']) retrieved from /home/airflow/.local/lib/python3.7/site-packages/airflow/example_dags/example_sensors.py
[2023-08-11T07:54:47.727+0000] {logging_mixin.py:150} INFO - [2023-08-11T07:54:47.727+0000] {dag.py:2742} INFO - Sync 1 DAGs
[2023-08-11T07:54:47.781+0000] {logging_mixin.py:150} INFO - [2023-08-11T07:54:47.780+0000] {dag.py:3508} INFO - Setting next_dagrun for example_sensors to None, run_after=None
[2023-08-11T07:54:47.824+0000] {processor.py:179} INFO - Processing /home/airflow/.local/lib/python3.7/site-packages/airflow/example_dags/example_sensors.py took 0.169 seconds
[2023-08-11T07:55:18.381+0000] {processor.py:157} INFO - Started process (PID=371) to work on /home/airflow/.local/lib/python3.7/site-packages/airflow/example_dags/example_sensors.py
[2023-08-11T07:55:18.383+0000] {processor.py:826} INFO - Processing file /home/airflow/.local/lib/python3.7/site-packages/airflow/example_dags/example_sensors.py for tasks to queue
[2023-08-11T07:55:18.385+0000] {logging_mixin.py:150} INFO - [2023-08-11T07:55:18.385+0000] {dagbag.py:541} INFO - Filling up the DagBag from /home/airflow/.local/lib/python3.7/site-packages/airflow/example_dags/example_sensors.py
[2023-08-11T07:55:18.400+0000] {processor.py:836} INFO - DAG(s) dict_keys(['example_sensors']) retrieved from /home/airflow/.local/lib/python3.7/site-packages/airflow/example_dags/example_sensors.py
[2023-08-11T07:55:18.429+0000] {logging_mixin.py:150} INFO - [2023-08-11T07:55:18.429+0000] {dag.py:2742} INFO - Sync 1 DAGs
[2023-08-11T07:55:18.452+0000] {logging_mixin.py:150} INFO - [2023-08-11T07:55:18.452+0000] {dag.py:3508} INFO - Setting next_dagrun for example_sensors to None, run_after=None
[2023-08-11T07:55:18.475+0000] {processor.py:179} INFO - Processing /home/airflow/.local/lib/python3.7/site-packages/airflow/example_dags/example_sensors.py took 0.097 seconds
[2023-08-11T07:55:48.985+0000] {processor.py:157} INFO - Started process (PID=436) to work on /home/airflow/.local/lib/python3.7/site-packages/airflow/example_dags/example_sensors.py
[2023-08-11T07:55:48.986+0000] {processor.py:826} INFO - Processing file /home/airflow/.local/lib/python3.7/site-packages/airflow/example_dags/example_sensors.py for tasks to queue
[2023-08-11T07:55:48.987+0000] {logging_mixin.py:150} INFO - [2023-08-11T07:55:48.986+0000] {dagbag.py:541} INFO - Filling up the DagBag from /home/airflow/.local/lib/python3.7/site-packages/airflow/example_dags/example_sensors.py
[2023-08-11T07:55:48.998+0000] {processor.py:836} INFO - DAG(s) dict_keys(['example_sensors']) retrieved from /home/airflow/.local/lib/python3.7/site-packages/airflow/example_dags/example_sensors.py
[2023-08-11T07:55:49.026+0000] {logging_mixin.py:150} INFO - [2023-08-11T07:55:49.026+0000] {dag.py:2742} INFO - Sync 1 DAGs
[2023-08-11T07:55:49.051+0000] {logging_mixin.py:150} INFO - [2023-08-11T07:55:49.051+0000] {dag.py:3508} INFO - Setting next_dagrun for example_sensors to None, run_after=None
[2023-08-11T07:55:49.071+0000] {processor.py:179} INFO - Processing /home/airflow/.local/lib/python3.7/site-packages/airflow/example_dags/example_sensors.py took 0.089 seconds
[2023-08-11T07:56:20.191+0000] {processor.py:157} INFO - Started process (PID=501) to work on /home/airflow/.local/lib/python3.7/site-packages/airflow/example_dags/example_sensors.py
[2023-08-11T07:56:20.194+0000] {processor.py:826} INFO - Processing file /home/airflow/.local/lib/python3.7/site-packages/airflow/example_dags/example_sensors.py for tasks to queue
[2023-08-11T07:56:20.195+0000] {logging_mixin.py:150} INFO - [2023-08-11T07:56:20.195+0000] {dagbag.py:541} INFO - Filling up the DagBag from /home/airflow/.local/lib/python3.7/site-packages/airflow/example_dags/example_sensors.py
[2023-08-11T07:56:20.206+0000] {processor.py:836} INFO - DAG(s) dict_keys(['example_sensors']) retrieved from /home/airflow/.local/lib/python3.7/site-packages/airflow/example_dags/example_sensors.py
[2023-08-11T07:56:20.248+0000] {logging_mixin.py:150} INFO - [2023-08-11T07:56:20.247+0000] {dag.py:2742} INFO - Sync 1 DAGs
[2023-08-11T07:56:20.291+0000] {logging_mixin.py:150} INFO - [2023-08-11T07:56:20.290+0000] {dag.py:3508} INFO - Setting next_dagrun for example_sensors to None, run_after=None
[2023-08-11T07:56:20.323+0000] {processor.py:179} INFO - Processing /home/airflow/.local/lib/python3.7/site-packages/airflow/example_dags/example_sensors.py took 0.135 seconds
[2023-08-11T07:56:51.257+0000] {processor.py:157} INFO - Started process (PID=566) to work on /home/airflow/.local/lib/python3.7/site-packages/airflow/example_dags/example_sensors.py
[2023-08-11T07:56:51.258+0000] {processor.py:826} INFO - Processing file /home/airflow/.local/lib/python3.7/site-packages/airflow/example_dags/example_sensors.py for tasks to queue
[2023-08-11T07:56:51.262+0000] {logging_mixin.py:150} INFO - [2023-08-11T07:56:51.261+0000] {dagbag.py:541} INFO - Filling up the DagBag from /home/airflow/.local/lib/python3.7/site-packages/airflow/example_dags/example_sensors.py
[2023-08-11T07:56:51.279+0000] {processor.py:836} INFO - DAG(s) dict_keys(['example_sensors']) retrieved from /home/airflow/.local/lib/python3.7/site-packages/airflow/example_dags/example_sensors.py
[2023-08-11T07:56:51.357+0000] {logging_mixin.py:150} INFO - [2023-08-11T07:56:51.357+0000] {dag.py:2742} INFO - Sync 1 DAGs
[2023-08-11T07:56:51.425+0000] {logging_mixin.py:150} INFO - [2023-08-11T07:56:51.424+0000] {dag.py:3508} INFO - Setting next_dagrun for example_sensors to None, run_after=None
[2023-08-11T07:56:51.483+0000] {processor.py:179} INFO - Processing /home/airflow/.local/lib/python3.7/site-packages/airflow/example_dags/example_sensors.py took 0.232 seconds
[2023-08-11T07:57:21.577+0000] {processor.py:157} INFO - Started process (PID=631) to work on /home/airflow/.local/lib/python3.7/site-packages/airflow/example_dags/example_sensors.py
[2023-08-11T07:57:21.580+0000] {processor.py:826} INFO - Processing file /home/airflow/.local/lib/python3.7/site-packages/airflow/example_dags/example_sensors.py for tasks to queue
[2023-08-11T07:57:21.582+0000] {logging_mixin.py:150} INFO - [2023-08-11T07:57:21.581+0000] {dagbag.py:541} INFO - Filling up the DagBag from /home/airflow/.local/lib/python3.7/site-packages/airflow/example_dags/example_sensors.py
[2023-08-11T07:57:21.596+0000] {processor.py:836} INFO - DAG(s) dict_keys(['example_sensors']) retrieved from /home/airflow/.local/lib/python3.7/site-packages/airflow/example_dags/example_sensors.py
[2023-08-11T07:57:21.640+0000] {logging_mixin.py:150} INFO - [2023-08-11T07:57:21.639+0000] {dag.py:2742} INFO - Sync 1 DAGs
[2023-08-11T07:57:21.672+0000] {logging_mixin.py:150} INFO - [2023-08-11T07:57:21.672+0000] {dag.py:3508} INFO - Setting next_dagrun for example_sensors to None, run_after=None
[2023-08-11T07:57:21.702+0000] {processor.py:179} INFO - Processing /home/airflow/.local/lib/python3.7/site-packages/airflow/example_dags/example_sensors.py took 0.128 seconds
[2023-08-11T07:57:52.560+0000] {processor.py:157} INFO - Started process (PID=697) to work on /home/airflow/.local/lib/python3.7/site-packages/airflow/example_dags/example_sensors.py
[2023-08-11T07:57:52.561+0000] {processor.py:826} INFO - Processing file /home/airflow/.local/lib/python3.7/site-packages/airflow/example_dags/example_sensors.py for tasks to queue
[2023-08-11T07:57:52.565+0000] {logging_mixin.py:150} INFO - [2023-08-11T07:57:52.564+0000] {dagbag.py:541} INFO - Filling up the DagBag from /home/airflow/.local/lib/python3.7/site-packages/airflow/example_dags/example_sensors.py
[2023-08-11T07:57:52.579+0000] {processor.py:836} INFO - DAG(s) dict_keys(['example_sensors']) retrieved from /home/airflow/.local/lib/python3.7/site-packages/airflow/example_dags/example_sensors.py
[2023-08-11T07:57:52.627+0000] {logging_mixin.py:150} INFO - [2023-08-11T07:57:52.627+0000] {dag.py:2742} INFO - Sync 1 DAGs
[2023-08-11T07:57:52.671+0000] {logging_mixin.py:150} INFO - [2023-08-11T07:57:52.670+0000] {dag.py:3508} INFO - Setting next_dagrun for example_sensors to None, run_after=None
[2023-08-11T07:57:52.717+0000] {processor.py:179} INFO - Processing /home/airflow/.local/lib/python3.7/site-packages/airflow/example_dags/example_sensors.py took 0.160 seconds
[2023-08-11T07:58:23.298+0000] {processor.py:157} INFO - Started process (PID=763) to work on /home/airflow/.local/lib/python3.7/site-packages/airflow/example_dags/example_sensors.py
[2023-08-11T07:58:23.299+0000] {processor.py:826} INFO - Processing file /home/airflow/.local/lib/python3.7/site-packages/airflow/example_dags/example_sensors.py for tasks to queue
[2023-08-11T07:58:23.300+0000] {logging_mixin.py:150} INFO - [2023-08-11T07:58:23.300+0000] {dagbag.py:541} INFO - Filling up the DagBag from /home/airflow/.local/lib/python3.7/site-packages/airflow/example_dags/example_sensors.py
[2023-08-11T07:58:23.308+0000] {processor.py:836} INFO - DAG(s) dict_keys(['example_sensors']) retrieved from /home/airflow/.local/lib/python3.7/site-packages/airflow/example_dags/example_sensors.py
[2023-08-11T07:58:23.336+0000] {logging_mixin.py:150} INFO - [2023-08-11T07:58:23.336+0000] {dag.py:2742} INFO - Sync 1 DAGs
[2023-08-11T07:58:23.356+0000] {logging_mixin.py:150} INFO - [2023-08-11T07:58:23.356+0000] {dag.py:3508} INFO - Setting next_dagrun for example_sensors to None, run_after=None
[2023-08-11T07:58:23.373+0000] {processor.py:179} INFO - Processing /home/airflow/.local/lib/python3.7/site-packages/airflow/example_dags/example_sensors.py took 0.078 seconds
[2023-08-11T07:58:53.605+0000] {processor.py:157} INFO - Started process (PID=829) to work on /home/airflow/.local/lib/python3.7/site-packages/airflow/example_dags/example_sensors.py
[2023-08-11T07:58:53.606+0000] {processor.py:826} INFO - Processing file /home/airflow/.local/lib/python3.7/site-packages/airflow/example_dags/example_sensors.py for tasks to queue
[2023-08-11T07:58:53.607+0000] {logging_mixin.py:150} INFO - [2023-08-11T07:58:53.606+0000] {dagbag.py:541} INFO - Filling up the DagBag from /home/airflow/.local/lib/python3.7/site-packages/airflow/example_dags/example_sensors.py
[2023-08-11T07:58:53.615+0000] {processor.py:836} INFO - DAG(s) dict_keys(['example_sensors']) retrieved from /home/airflow/.local/lib/python3.7/site-packages/airflow/example_dags/example_sensors.py
[2023-08-11T07:58:53.644+0000] {logging_mixin.py:150} INFO - [2023-08-11T07:58:53.644+0000] {dag.py:2742} INFO - Sync 1 DAGs
[2023-08-11T07:58:53.671+0000] {logging_mixin.py:150} INFO - [2023-08-11T07:58:53.671+0000] {dag.py:3508} INFO - Setting next_dagrun for example_sensors to None, run_after=None
[2023-08-11T07:58:53.690+0000] {processor.py:179} INFO - Processing /home/airflow/.local/lib/python3.7/site-packages/airflow/example_dags/example_sensors.py took 0.088 seconds
[2023-08-11T07:59:23.972+0000] {processor.py:157} INFO - Started process (PID=895) to work on /home/airflow/.local/lib/python3.7/site-packages/airflow/example_dags/example_sensors.py
[2023-08-11T07:59:23.974+0000] {processor.py:826} INFO - Processing file /home/airflow/.local/lib/python3.7/site-packages/airflow/example_dags/example_sensors.py for tasks to queue
[2023-08-11T07:59:23.975+0000] {logging_mixin.py:150} INFO - [2023-08-11T07:59:23.975+0000] {dagbag.py:541} INFO - Filling up the DagBag from /home/airflow/.local/lib/python3.7/site-packages/airflow/example_dags/example_sensors.py
[2023-08-11T07:59:23.995+0000] {processor.py:836} INFO - DAG(s) dict_keys(['example_sensors']) retrieved from /home/airflow/.local/lib/python3.7/site-packages/airflow/example_dags/example_sensors.py
[2023-08-11T07:59:24.015+0000] {logging_mixin.py:150} INFO - [2023-08-11T07:59:24.015+0000] {dag.py:2742} INFO - Sync 1 DAGs
[2023-08-11T07:59:24.053+0000] {logging_mixin.py:150} INFO - [2023-08-11T07:59:24.052+0000] {dag.py:3508} INFO - Setting next_dagrun for example_sensors to None, run_after=None
[2023-08-11T07:59:24.092+0000] {processor.py:179} INFO - Processing /home/airflow/.local/lib/python3.7/site-packages/airflow/example_dags/example_sensors.py took 0.125 seconds
[2023-08-11T07:59:54.442+0000] {processor.py:157} INFO - Started process (PID=963) to work on /home/airflow/.local/lib/python3.7/site-packages/airflow/example_dags/example_sensors.py
[2023-08-11T07:59:54.443+0000] {processor.py:826} INFO - Processing file /home/airflow/.local/lib/python3.7/site-packages/airflow/example_dags/example_sensors.py for tasks to queue
[2023-08-11T07:59:54.443+0000] {logging_mixin.py:150} INFO - [2023-08-11T07:59:54.443+0000] {dagbag.py:541} INFO - Filling up the DagBag from /home/airflow/.local/lib/python3.7/site-packages/airflow/example_dags/example_sensors.py
[2023-08-11T07:59:54.452+0000] {processor.py:836} INFO - DAG(s) dict_keys(['example_sensors']) retrieved from /home/airflow/.local/lib/python3.7/site-packages/airflow/example_dags/example_sensors.py
[2023-08-11T07:59:54.489+0000] {logging_mixin.py:150} INFO - [2023-08-11T07:59:54.488+0000] {dag.py:2742} INFO - Sync 1 DAGs
[2023-08-11T07:59:54.513+0000] {logging_mixin.py:150} INFO - [2023-08-11T07:59:54.513+0000] {dag.py:3508} INFO - Setting next_dagrun for example_sensors to None, run_after=None
[2023-08-11T07:59:54.529+0000] {processor.py:179} INFO - Processing /home/airflow/.local/lib/python3.7/site-packages/airflow/example_dags/example_sensors.py took 0.090 seconds
[2023-08-11T08:00:24.992+0000] {processor.py:157} INFO - Started process (PID=1033) to work on /home/airflow/.local/lib/python3.7/site-packages/airflow/example_dags/example_sensors.py
[2023-08-11T08:00:24.994+0000] {processor.py:826} INFO - Processing file /home/airflow/.local/lib/python3.7/site-packages/airflow/example_dags/example_sensors.py for tasks to queue
[2023-08-11T08:00:24.994+0000] {logging_mixin.py:150} INFO - [2023-08-11T08:00:24.994+0000] {dagbag.py:541} INFO - Filling up the DagBag from /home/airflow/.local/lib/python3.7/site-packages/airflow/example_dags/example_sensors.py
[2023-08-11T08:00:25.003+0000] {processor.py:836} INFO - DAG(s) dict_keys(['example_sensors']) retrieved from /home/airflow/.local/lib/python3.7/site-packages/airflow/example_dags/example_sensors.py
[2023-08-11T08:00:25.031+0000] {logging_mixin.py:150} INFO - [2023-08-11T08:00:25.030+0000] {dag.py:2742} INFO - Sync 1 DAGs
[2023-08-11T08:00:25.055+0000] {logging_mixin.py:150} INFO - [2023-08-11T08:00:25.055+0000] {dag.py:3508} INFO - Setting next_dagrun for example_sensors to None, run_after=None
[2023-08-11T08:00:25.071+0000] {processor.py:179} INFO - Processing /home/airflow/.local/lib/python3.7/site-packages/airflow/example_dags/example_sensors.py took 0.084 seconds
[2023-08-11T08:00:55.593+0000] {processor.py:157} INFO - Started process (PID=1100) to work on /home/airflow/.local/lib/python3.7/site-packages/airflow/example_dags/example_sensors.py
[2023-08-11T08:00:55.594+0000] {processor.py:826} INFO - Processing file /home/airflow/.local/lib/python3.7/site-packages/airflow/example_dags/example_sensors.py for tasks to queue
[2023-08-11T08:00:55.595+0000] {logging_mixin.py:150} INFO - [2023-08-11T08:00:55.595+0000] {dagbag.py:541} INFO - Filling up the DagBag from /home/airflow/.local/lib/python3.7/site-packages/airflow/example_dags/example_sensors.py
[2023-08-11T08:00:55.606+0000] {processor.py:836} INFO - DAG(s) dict_keys(['example_sensors']) retrieved from /home/airflow/.local/lib/python3.7/site-packages/airflow/example_dags/example_sensors.py
[2023-08-11T08:00:55.641+0000] {logging_mixin.py:150} INFO - [2023-08-11T08:00:55.640+0000] {dag.py:2742} INFO - Sync 1 DAGs
[2023-08-11T08:00:55.671+0000] {logging_mixin.py:150} INFO - [2023-08-11T08:00:55.671+0000] {dag.py:3508} INFO - Setting next_dagrun for example_sensors to None, run_after=None
[2023-08-11T08:00:55.696+0000] {processor.py:179} INFO - Processing /home/airflow/.local/lib/python3.7/site-packages/airflow/example_dags/example_sensors.py took 0.107 seconds
[2023-08-11T08:01:26.119+0000] {processor.py:157} INFO - Started process (PID=1169) to work on /home/airflow/.local/lib/python3.7/site-packages/airflow/example_dags/example_sensors.py
[2023-08-11T08:01:26.120+0000] {processor.py:826} INFO - Processing file /home/airflow/.local/lib/python3.7/site-packages/airflow/example_dags/example_sensors.py for tasks to queue
[2023-08-11T08:01:26.121+0000] {logging_mixin.py:150} INFO - [2023-08-11T08:01:26.120+0000] {dagbag.py:541} INFO - Filling up the DagBag from /home/airflow/.local/lib/python3.7/site-packages/airflow/example_dags/example_sensors.py
[2023-08-11T08:01:26.131+0000] {processor.py:836} INFO - DAG(s) dict_keys(['example_sensors']) retrieved from /home/airflow/.local/lib/python3.7/site-packages/airflow/example_dags/example_sensors.py
[2023-08-11T08:01:26.165+0000] {logging_mixin.py:150} INFO - [2023-08-11T08:01:26.165+0000] {dag.py:2742} INFO - Sync 1 DAGs
[2023-08-11T08:01:26.188+0000] {logging_mixin.py:150} INFO - [2023-08-11T08:01:26.188+0000] {dag.py:3508} INFO - Setting next_dagrun for example_sensors to None, run_after=None
[2023-08-11T08:01:26.209+0000] {processor.py:179} INFO - Processing /home/airflow/.local/lib/python3.7/site-packages/airflow/example_dags/example_sensors.py took 0.094 seconds
[2023-08-11T08:01:56.448+0000] {processor.py:157} INFO - Started process (PID=1235) to work on /home/airflow/.local/lib/python3.7/site-packages/airflow/example_dags/example_sensors.py
[2023-08-11T08:01:56.449+0000] {processor.py:826} INFO - Processing file /home/airflow/.local/lib/python3.7/site-packages/airflow/example_dags/example_sensors.py for tasks to queue
[2023-08-11T08:01:56.449+0000] {logging_mixin.py:150} INFO - [2023-08-11T08:01:56.449+0000] {dagbag.py:541} INFO - Filling up the DagBag from /home/airflow/.local/lib/python3.7/site-packages/airflow/example_dags/example_sensors.py
[2023-08-11T08:01:56.469+0000] {processor.py:836} INFO - DAG(s) dict_keys(['example_sensors']) retrieved from /home/airflow/.local/lib/python3.7/site-packages/airflow/example_dags/example_sensors.py
[2023-08-11T08:01:56.515+0000] {logging_mixin.py:150} INFO - [2023-08-11T08:01:56.515+0000] {dag.py:2742} INFO - Sync 1 DAGs
[2023-08-11T08:01:56.546+0000] {logging_mixin.py:150} INFO - [2023-08-11T08:01:56.546+0000] {dag.py:3508} INFO - Setting next_dagrun for example_sensors to None, run_after=None
[2023-08-11T08:01:56.571+0000] {processor.py:179} INFO - Processing /home/airflow/.local/lib/python3.7/site-packages/airflow/example_dags/example_sensors.py took 0.129 seconds
[2023-08-11T08:02:26.736+0000] {processor.py:157} INFO - Started process (PID=1304) to work on /home/airflow/.local/lib/python3.7/site-packages/airflow/example_dags/example_sensors.py
[2023-08-11T08:02:26.738+0000] {processor.py:826} INFO - Processing file /home/airflow/.local/lib/python3.7/site-packages/airflow/example_dags/example_sensors.py for tasks to queue
[2023-08-11T08:02:26.739+0000] {logging_mixin.py:150} INFO - [2023-08-11T08:02:26.738+0000] {dagbag.py:541} INFO - Filling up the DagBag from /home/airflow/.local/lib/python3.7/site-packages/airflow/example_dags/example_sensors.py
[2023-08-11T08:02:26.753+0000] {processor.py:836} INFO - DAG(s) dict_keys(['example_sensors']) retrieved from /home/airflow/.local/lib/python3.7/site-packages/airflow/example_dags/example_sensors.py
[2023-08-11T08:02:26.786+0000] {logging_mixin.py:150} INFO - [2023-08-11T08:02:26.786+0000] {dag.py:2742} INFO - Sync 1 DAGs
[2023-08-11T08:02:26.809+0000] {logging_mixin.py:150} INFO - [2023-08-11T08:02:26.809+0000] {dag.py:3508} INFO - Setting next_dagrun for example_sensors to None, run_after=None
[2023-08-11T08:02:26.838+0000] {processor.py:179} INFO - Processing /home/airflow/.local/lib/python3.7/site-packages/airflow/example_dags/example_sensors.py took 0.104 seconds
[2023-08-11T08:02:57.002+0000] {processor.py:157} INFO - Started process (PID=1371) to work on /home/airflow/.local/lib/python3.7/site-packages/airflow/example_dags/example_sensors.py
[2023-08-11T08:02:57.003+0000] {processor.py:826} INFO - Processing file /home/airflow/.local/lib/python3.7/site-packages/airflow/example_dags/example_sensors.py for tasks to queue
[2023-08-11T08:02:57.004+0000] {logging_mixin.py:150} INFO - [2023-08-11T08:02:57.003+0000] {dagbag.py:541} INFO - Filling up the DagBag from /home/airflow/.local/lib/python3.7/site-packages/airflow/example_dags/example_sensors.py
[2023-08-11T08:02:57.017+0000] {processor.py:836} INFO - DAG(s) dict_keys(['example_sensors']) retrieved from /home/airflow/.local/lib/python3.7/site-packages/airflow/example_dags/example_sensors.py
[2023-08-11T08:02:57.060+0000] {logging_mixin.py:150} INFO - [2023-08-11T08:02:57.059+0000] {dag.py:2742} INFO - Sync 1 DAGs
[2023-08-11T08:02:57.096+0000] {logging_mixin.py:150} INFO - [2023-08-11T08:02:57.096+0000] {dag.py:3508} INFO - Setting next_dagrun for example_sensors to None, run_after=None
[2023-08-11T08:02:57.128+0000] {processor.py:179} INFO - Processing /home/airflow/.local/lib/python3.7/site-packages/airflow/example_dags/example_sensors.py took 0.133 seconds
[2023-08-11T08:03:27.718+0000] {processor.py:157} INFO - Started process (PID=1437) to work on /home/airflow/.local/lib/python3.7/site-packages/airflow/example_dags/example_sensors.py
[2023-08-11T08:03:27.720+0000] {processor.py:826} INFO - Processing file /home/airflow/.local/lib/python3.7/site-packages/airflow/example_dags/example_sensors.py for tasks to queue
[2023-08-11T08:03:27.721+0000] {logging_mixin.py:150} INFO - [2023-08-11T08:03:27.720+0000] {dagbag.py:541} INFO - Filling up the DagBag from /home/airflow/.local/lib/python3.7/site-packages/airflow/example_dags/example_sensors.py
[2023-08-11T08:03:27.734+0000] {processor.py:836} INFO - DAG(s) dict_keys(['example_sensors']) retrieved from /home/airflow/.local/lib/python3.7/site-packages/airflow/example_dags/example_sensors.py
[2023-08-11T08:03:27.777+0000] {logging_mixin.py:150} INFO - [2023-08-11T08:03:27.776+0000] {dag.py:2742} INFO - Sync 1 DAGs
[2023-08-11T08:03:27.815+0000] {logging_mixin.py:150} INFO - [2023-08-11T08:03:27.815+0000] {dag.py:3508} INFO - Setting next_dagrun for example_sensors to None, run_after=None
[2023-08-11T08:03:27.846+0000] {processor.py:179} INFO - Processing /home/airflow/.local/lib/python3.7/site-packages/airflow/example_dags/example_sensors.py took 0.134 seconds
[2023-08-11T08:03:58.276+0000] {processor.py:157} INFO - Started process (PID=1503) to work on /home/airflow/.local/lib/python3.7/site-packages/airflow/example_dags/example_sensors.py
[2023-08-11T08:03:58.277+0000] {processor.py:826} INFO - Processing file /home/airflow/.local/lib/python3.7/site-packages/airflow/example_dags/example_sensors.py for tasks to queue
[2023-08-11T08:03:58.278+0000] {logging_mixin.py:150} INFO - [2023-08-11T08:03:58.278+0000] {dagbag.py:541} INFO - Filling up the DagBag from /home/airflow/.local/lib/python3.7/site-packages/airflow/example_dags/example_sensors.py
[2023-08-11T08:03:58.293+0000] {processor.py:836} INFO - DAG(s) dict_keys(['example_sensors']) retrieved from /home/airflow/.local/lib/python3.7/site-packages/airflow/example_dags/example_sensors.py
[2023-08-11T08:03:58.343+0000] {logging_mixin.py:150} INFO - [2023-08-11T08:03:58.343+0000] {dag.py:2742} INFO - Sync 1 DAGs
[2023-08-11T08:03:58.385+0000] {logging_mixin.py:150} INFO - [2023-08-11T08:03:58.385+0000] {dag.py:3508} INFO - Setting next_dagrun for example_sensors to None, run_after=None
[2023-08-11T08:03:58.411+0000] {processor.py:179} INFO - Processing /home/airflow/.local/lib/python3.7/site-packages/airflow/example_dags/example_sensors.py took 0.139 seconds
[2023-08-11T08:04:28.549+0000] {processor.py:157} INFO - Started process (PID=1577) to work on /home/airflow/.local/lib/python3.7/site-packages/airflow/example_dags/example_sensors.py
[2023-08-11T08:04:28.551+0000] {processor.py:826} INFO - Processing file /home/airflow/.local/lib/python3.7/site-packages/airflow/example_dags/example_sensors.py for tasks to queue
[2023-08-11T08:04:28.552+0000] {logging_mixin.py:150} INFO - [2023-08-11T08:04:28.552+0000] {dagbag.py:541} INFO - Filling up the DagBag from /home/airflow/.local/lib/python3.7/site-packages/airflow/example_dags/example_sensors.py
[2023-08-11T08:04:28.561+0000] {processor.py:836} INFO - DAG(s) dict_keys(['example_sensors']) retrieved from /home/airflow/.local/lib/python3.7/site-packages/airflow/example_dags/example_sensors.py
[2023-08-11T08:04:28.590+0000] {logging_mixin.py:150} INFO - [2023-08-11T08:04:28.590+0000] {dag.py:2742} INFO - Sync 1 DAGs
[2023-08-11T08:04:28.613+0000] {logging_mixin.py:150} INFO - [2023-08-11T08:04:28.613+0000] {dag.py:3508} INFO - Setting next_dagrun for example_sensors to None, run_after=None
[2023-08-11T08:04:28.631+0000] {processor.py:179} INFO - Processing /home/airflow/.local/lib/python3.7/site-packages/airflow/example_dags/example_sensors.py took 0.086 seconds
[2023-08-11T08:04:59.239+0000] {processor.py:157} INFO - Started process (PID=1643) to work on /home/airflow/.local/lib/python3.7/site-packages/airflow/example_dags/example_sensors.py
[2023-08-11T08:04:59.240+0000] {processor.py:826} INFO - Processing file /home/airflow/.local/lib/python3.7/site-packages/airflow/example_dags/example_sensors.py for tasks to queue
[2023-08-11T08:04:59.241+0000] {logging_mixin.py:150} INFO - [2023-08-11T08:04:59.241+0000] {dagbag.py:541} INFO - Filling up the DagBag from /home/airflow/.local/lib/python3.7/site-packages/airflow/example_dags/example_sensors.py
[2023-08-11T08:04:59.251+0000] {processor.py:836} INFO - DAG(s) dict_keys(['example_sensors']) retrieved from /home/airflow/.local/lib/python3.7/site-packages/airflow/example_dags/example_sensors.py
[2023-08-11T08:04:59.280+0000] {logging_mixin.py:150} INFO - [2023-08-11T08:04:59.280+0000] {dag.py:2742} INFO - Sync 1 DAGs
[2023-08-11T08:04:59.303+0000] {logging_mixin.py:150} INFO - [2023-08-11T08:04:59.303+0000] {dag.py:3508} INFO - Setting next_dagrun for example_sensors to None, run_after=None
[2023-08-11T08:04:59.324+0000] {processor.py:179} INFO - Processing /home/airflow/.local/lib/python3.7/site-packages/airflow/example_dags/example_sensors.py took 0.088 seconds
[2023-08-11T08:05:29.867+0000] {processor.py:157} INFO - Started process (PID=1710) to work on /home/airflow/.local/lib/python3.7/site-packages/airflow/example_dags/example_sensors.py
[2023-08-11T08:05:29.872+0000] {processor.py:826} INFO - Processing file /home/airflow/.local/lib/python3.7/site-packages/airflow/example_dags/example_sensors.py for tasks to queue
[2023-08-11T08:05:29.875+0000] {logging_mixin.py:150} INFO - [2023-08-11T08:05:29.875+0000] {dagbag.py:541} INFO - Filling up the DagBag from /home/airflow/.local/lib/python3.7/site-packages/airflow/example_dags/example_sensors.py
[2023-08-11T08:05:29.895+0000] {processor.py:836} INFO - DAG(s) dict_keys(['example_sensors']) retrieved from /home/airflow/.local/lib/python3.7/site-packages/airflow/example_dags/example_sensors.py
[2023-08-11T08:05:29.959+0000] {logging_mixin.py:150} INFO - [2023-08-11T08:05:29.958+0000] {dag.py:2742} INFO - Sync 1 DAGs
[2023-08-11T08:05:30.020+0000] {logging_mixin.py:150} INFO - [2023-08-11T08:05:30.019+0000] {dag.py:3508} INFO - Setting next_dagrun for example_sensors to None, run_after=None
[2023-08-11T08:05:30.071+0000] {processor.py:179} INFO - Processing /home/airflow/.local/lib/python3.7/site-packages/airflow/example_dags/example_sensors.py took 0.210 seconds
[2023-08-11T08:06:00.793+0000] {processor.py:157} INFO - Started process (PID=1776) to work on /home/airflow/.local/lib/python3.7/site-packages/airflow/example_dags/example_sensors.py
[2023-08-11T08:06:00.793+0000] {processor.py:826} INFO - Processing file /home/airflow/.local/lib/python3.7/site-packages/airflow/example_dags/example_sensors.py for tasks to queue
[2023-08-11T08:06:00.794+0000] {logging_mixin.py:150} INFO - [2023-08-11T08:06:00.794+0000] {dagbag.py:541} INFO - Filling up the DagBag from /home/airflow/.local/lib/python3.7/site-packages/airflow/example_dags/example_sensors.py
[2023-08-11T08:06:00.803+0000] {processor.py:836} INFO - DAG(s) dict_keys(['example_sensors']) retrieved from /home/airflow/.local/lib/python3.7/site-packages/airflow/example_dags/example_sensors.py
[2023-08-11T08:06:00.834+0000] {logging_mixin.py:150} INFO - [2023-08-11T08:06:00.834+0000] {dag.py:2742} INFO - Sync 1 DAGs
[2023-08-11T08:06:00.860+0000] {logging_mixin.py:150} INFO - [2023-08-11T08:06:00.860+0000] {dag.py:3508} INFO - Setting next_dagrun for example_sensors to None, run_after=None
[2023-08-11T08:06:00.880+0000] {processor.py:179} INFO - Processing /home/airflow/.local/lib/python3.7/site-packages/airflow/example_dags/example_sensors.py took 0.092 seconds
[2023-08-11T08:06:31.877+0000] {processor.py:157} INFO - Started process (PID=1847) to work on /home/airflow/.local/lib/python3.7/site-packages/airflow/example_dags/example_sensors.py
[2023-08-11T08:06:31.879+0000] {processor.py:826} INFO - Processing file /home/airflow/.local/lib/python3.7/site-packages/airflow/example_dags/example_sensors.py for tasks to queue
[2023-08-11T08:06:31.880+0000] {logging_mixin.py:150} INFO - [2023-08-11T08:06:31.879+0000] {dagbag.py:541} INFO - Filling up the DagBag from /home/airflow/.local/lib/python3.7/site-packages/airflow/example_dags/example_sensors.py
[2023-08-11T08:06:31.892+0000] {processor.py:836} INFO - DAG(s) dict_keys(['example_sensors']) retrieved from /home/airflow/.local/lib/python3.7/site-packages/airflow/example_dags/example_sensors.py
[2023-08-11T08:06:31.928+0000] {logging_mixin.py:150} INFO - [2023-08-11T08:06:31.928+0000] {dag.py:2742} INFO - Sync 1 DAGs
[2023-08-11T08:06:31.960+0000] {logging_mixin.py:150} INFO - [2023-08-11T08:06:31.959+0000] {dag.py:3508} INFO - Setting next_dagrun for example_sensors to None, run_after=None
[2023-08-11T08:06:31.986+0000] {processor.py:179} INFO - Processing /home/airflow/.local/lib/python3.7/site-packages/airflow/example_dags/example_sensors.py took 0.112 seconds
[2023-08-11T08:07:02.739+0000] {processor.py:157} INFO - Started process (PID=1922) to work on /home/airflow/.local/lib/python3.7/site-packages/airflow/example_dags/example_sensors.py
[2023-08-11T08:07:02.740+0000] {processor.py:826} INFO - Processing file /home/airflow/.local/lib/python3.7/site-packages/airflow/example_dags/example_sensors.py for tasks to queue
[2023-08-11T08:07:02.741+0000] {logging_mixin.py:150} INFO - [2023-08-11T08:07:02.741+0000] {dagbag.py:541} INFO - Filling up the DagBag from /home/airflow/.local/lib/python3.7/site-packages/airflow/example_dags/example_sensors.py
[2023-08-11T08:07:02.752+0000] {processor.py:836} INFO - DAG(s) dict_keys(['example_sensors']) retrieved from /home/airflow/.local/lib/python3.7/site-packages/airflow/example_dags/example_sensors.py
[2023-08-11T08:07:02.779+0000] {logging_mixin.py:150} INFO - [2023-08-11T08:07:02.778+0000] {dag.py:2742} INFO - Sync 1 DAGs
[2023-08-11T08:07:02.804+0000] {logging_mixin.py:150} INFO - [2023-08-11T08:07:02.804+0000] {dag.py:3508} INFO - Setting next_dagrun for example_sensors to None, run_after=None
[2023-08-11T08:07:02.828+0000] {processor.py:179} INFO - Processing /home/airflow/.local/lib/python3.7/site-packages/airflow/example_dags/example_sensors.py took 0.092 seconds
[2023-08-11T08:07:33.227+0000] {processor.py:157} INFO - Started process (PID=1991) to work on /home/airflow/.local/lib/python3.7/site-packages/airflow/example_dags/example_sensors.py
[2023-08-11T08:07:33.228+0000] {processor.py:826} INFO - Processing file /home/airflow/.local/lib/python3.7/site-packages/airflow/example_dags/example_sensors.py for tasks to queue
[2023-08-11T08:07:33.228+0000] {logging_mixin.py:150} INFO - [2023-08-11T08:07:33.228+0000] {dagbag.py:541} INFO - Filling up the DagBag from /home/airflow/.local/lib/python3.7/site-packages/airflow/example_dags/example_sensors.py
[2023-08-11T08:07:33.236+0000] {processor.py:836} INFO - DAG(s) dict_keys(['example_sensors']) retrieved from /home/airflow/.local/lib/python3.7/site-packages/airflow/example_dags/example_sensors.py
[2023-08-11T08:07:33.265+0000] {logging_mixin.py:150} INFO - [2023-08-11T08:07:33.265+0000] {dag.py:2742} INFO - Sync 1 DAGs
[2023-08-11T08:07:33.287+0000] {logging_mixin.py:150} INFO - [2023-08-11T08:07:33.286+0000] {dag.py:3508} INFO - Setting next_dagrun for example_sensors to None, run_after=None
[2023-08-11T08:07:33.305+0000] {processor.py:179} INFO - Processing /home/airflow/.local/lib/python3.7/site-packages/airflow/example_dags/example_sensors.py took 0.083 seconds
[2023-08-11T08:08:03.474+0000] {processor.py:157} INFO - Started process (PID=2058) to work on /home/airflow/.local/lib/python3.7/site-packages/airflow/example_dags/example_sensors.py
[2023-08-11T08:08:03.475+0000] {processor.py:826} INFO - Processing file /home/airflow/.local/lib/python3.7/site-packages/airflow/example_dags/example_sensors.py for tasks to queue
[2023-08-11T08:08:03.476+0000] {logging_mixin.py:150} INFO - [2023-08-11T08:08:03.476+0000] {dagbag.py:541} INFO - Filling up the DagBag from /home/airflow/.local/lib/python3.7/site-packages/airflow/example_dags/example_sensors.py
[2023-08-11T08:08:03.485+0000] {processor.py:836} INFO - DAG(s) dict_keys(['example_sensors']) retrieved from /home/airflow/.local/lib/python3.7/site-packages/airflow/example_dags/example_sensors.py
[2023-08-11T08:08:03.513+0000] {logging_mixin.py:150} INFO - [2023-08-11T08:08:03.513+0000] {dag.py:2742} INFO - Sync 1 DAGs
[2023-08-11T08:08:03.537+0000] {logging_mixin.py:150} INFO - [2023-08-11T08:08:03.537+0000] {dag.py:3508} INFO - Setting next_dagrun for example_sensors to None, run_after=None
[2023-08-11T08:08:03.556+0000] {processor.py:179} INFO - Processing /home/airflow/.local/lib/python3.7/site-packages/airflow/example_dags/example_sensors.py took 0.085 seconds
[2023-08-11T08:08:34.134+0000] {processor.py:157} INFO - Started process (PID=2123) to work on /home/airflow/.local/lib/python3.7/site-packages/airflow/example_dags/example_sensors.py
[2023-08-11T08:08:34.134+0000] {processor.py:826} INFO - Processing file /home/airflow/.local/lib/python3.7/site-packages/airflow/example_dags/example_sensors.py for tasks to queue
[2023-08-11T08:08:34.135+0000] {logging_mixin.py:150} INFO - [2023-08-11T08:08:34.135+0000] {dagbag.py:541} INFO - Filling up the DagBag from /home/airflow/.local/lib/python3.7/site-packages/airflow/example_dags/example_sensors.py
[2023-08-11T08:08:34.147+0000] {processor.py:836} INFO - DAG(s) dict_keys(['example_sensors']) retrieved from /home/airflow/.local/lib/python3.7/site-packages/airflow/example_dags/example_sensors.py
[2023-08-11T08:08:34.174+0000] {logging_mixin.py:150} INFO - [2023-08-11T08:08:34.174+0000] {dag.py:2742} INFO - Sync 1 DAGs
[2023-08-11T08:08:34.198+0000] {logging_mixin.py:150} INFO - [2023-08-11T08:08:34.197+0000] {dag.py:3508} INFO - Setting next_dagrun for example_sensors to None, run_after=None
[2023-08-11T08:08:34.219+0000] {processor.py:179} INFO - Processing /home/airflow/.local/lib/python3.7/site-packages/airflow/example_dags/example_sensors.py took 0.088 seconds
[2023-08-11T08:09:04.544+0000] {processor.py:157} INFO - Started process (PID=2189) to work on /home/airflow/.local/lib/python3.7/site-packages/airflow/example_dags/example_sensors.py
[2023-08-11T08:09:04.545+0000] {processor.py:826} INFO - Processing file /home/airflow/.local/lib/python3.7/site-packages/airflow/example_dags/example_sensors.py for tasks to queue
[2023-08-11T08:09:04.547+0000] {logging_mixin.py:150} INFO - [2023-08-11T08:09:04.546+0000] {dagbag.py:541} INFO - Filling up the DagBag from /home/airflow/.local/lib/python3.7/site-packages/airflow/example_dags/example_sensors.py
[2023-08-11T08:09:04.556+0000] {processor.py:836} INFO - DAG(s) dict_keys(['example_sensors']) retrieved from /home/airflow/.local/lib/python3.7/site-packages/airflow/example_dags/example_sensors.py
[2023-08-11T08:09:04.590+0000] {logging_mixin.py:150} INFO - [2023-08-11T08:09:04.590+0000] {dag.py:2742} INFO - Sync 1 DAGs
[2023-08-11T08:09:04.614+0000] {logging_mixin.py:150} INFO - [2023-08-11T08:09:04.614+0000] {dag.py:3508} INFO - Setting next_dagrun for example_sensors to None, run_after=None
[2023-08-11T08:09:04.631+0000] {processor.py:179} INFO - Processing /home/airflow/.local/lib/python3.7/site-packages/airflow/example_dags/example_sensors.py took 0.089 seconds
[2023-08-11T08:09:34.853+0000] {processor.py:157} INFO - Started process (PID=2255) to work on /home/airflow/.local/lib/python3.7/site-packages/airflow/example_dags/example_sensors.py
[2023-08-11T08:09:34.854+0000] {processor.py:826} INFO - Processing file /home/airflow/.local/lib/python3.7/site-packages/airflow/example_dags/example_sensors.py for tasks to queue
[2023-08-11T08:09:34.855+0000] {logging_mixin.py:150} INFO - [2023-08-11T08:09:34.855+0000] {dagbag.py:541} INFO - Filling up the DagBag from /home/airflow/.local/lib/python3.7/site-packages/airflow/example_dags/example_sensors.py
[2023-08-11T08:09:34.871+0000] {processor.py:836} INFO - DAG(s) dict_keys(['example_sensors']) retrieved from /home/airflow/.local/lib/python3.7/site-packages/airflow/example_dags/example_sensors.py
[2023-08-11T08:09:34.906+0000] {logging_mixin.py:150} INFO - [2023-08-11T08:09:34.906+0000] {dag.py:2742} INFO - Sync 1 DAGs
[2023-08-11T08:09:34.932+0000] {logging_mixin.py:150} INFO - [2023-08-11T08:09:34.932+0000] {dag.py:3508} INFO - Setting next_dagrun for example_sensors to None, run_after=None
[2023-08-11T08:09:34.960+0000] {processor.py:179} INFO - Processing /home/airflow/.local/lib/python3.7/site-packages/airflow/example_dags/example_sensors.py took 0.110 seconds
[2023-08-11T08:10:05.808+0000] {processor.py:157} INFO - Started process (PID=2321) to work on /home/airflow/.local/lib/python3.7/site-packages/airflow/example_dags/example_sensors.py
[2023-08-11T08:10:05.809+0000] {processor.py:826} INFO - Processing file /home/airflow/.local/lib/python3.7/site-packages/airflow/example_dags/example_sensors.py for tasks to queue
[2023-08-11T08:10:05.809+0000] {logging_mixin.py:150} INFO - [2023-08-11T08:10:05.809+0000] {dagbag.py:541} INFO - Filling up the DagBag from /home/airflow/.local/lib/python3.7/site-packages/airflow/example_dags/example_sensors.py
[2023-08-11T08:10:05.821+0000] {processor.py:836} INFO - DAG(s) dict_keys(['example_sensors']) retrieved from /home/airflow/.local/lib/python3.7/site-packages/airflow/example_dags/example_sensors.py
[2023-08-11T08:10:05.847+0000] {logging_mixin.py:150} INFO - [2023-08-11T08:10:05.847+0000] {dag.py:2742} INFO - Sync 1 DAGs
[2023-08-11T08:10:05.873+0000] {logging_mixin.py:150} INFO - [2023-08-11T08:10:05.873+0000] {dag.py:3508} INFO - Setting next_dagrun for example_sensors to None, run_after=None
[2023-08-11T08:10:05.894+0000] {processor.py:179} INFO - Processing /home/airflow/.local/lib/python3.7/site-packages/airflow/example_dags/example_sensors.py took 0.089 seconds
[2023-08-11T08:10:36.309+0000] {processor.py:157} INFO - Started process (PID=2387) to work on /home/airflow/.local/lib/python3.7/site-packages/airflow/example_dags/example_sensors.py
[2023-08-11T08:10:36.310+0000] {processor.py:826} INFO - Processing file /home/airflow/.local/lib/python3.7/site-packages/airflow/example_dags/example_sensors.py for tasks to queue
[2023-08-11T08:10:36.310+0000] {logging_mixin.py:150} INFO - [2023-08-11T08:10:36.310+0000] {dagbag.py:541} INFO - Filling up the DagBag from /home/airflow/.local/lib/python3.7/site-packages/airflow/example_dags/example_sensors.py
[2023-08-11T08:10:36.320+0000] {processor.py:836} INFO - DAG(s) dict_keys(['example_sensors']) retrieved from /home/airflow/.local/lib/python3.7/site-packages/airflow/example_dags/example_sensors.py
[2023-08-11T08:10:36.348+0000] {logging_mixin.py:150} INFO - [2023-08-11T08:10:36.348+0000] {dag.py:2742} INFO - Sync 1 DAGs
[2023-08-11T08:10:36.373+0000] {logging_mixin.py:150} INFO - [2023-08-11T08:10:36.373+0000] {dag.py:3508} INFO - Setting next_dagrun for example_sensors to None, run_after=None
[2023-08-11T08:10:36.391+0000] {processor.py:179} INFO - Processing /home/airflow/.local/lib/python3.7/site-packages/airflow/example_dags/example_sensors.py took 0.084 seconds
[2023-08-11T08:11:06.629+0000] {processor.py:157} INFO - Started process (PID=2454) to work on /home/airflow/.local/lib/python3.7/site-packages/airflow/example_dags/example_sensors.py
[2023-08-11T08:11:06.630+0000] {processor.py:826} INFO - Processing file /home/airflow/.local/lib/python3.7/site-packages/airflow/example_dags/example_sensors.py for tasks to queue
[2023-08-11T08:11:06.631+0000] {logging_mixin.py:150} INFO - [2023-08-11T08:11:06.630+0000] {dagbag.py:541} INFO - Filling up the DagBag from /home/airflow/.local/lib/python3.7/site-packages/airflow/example_dags/example_sensors.py
[2023-08-11T08:11:06.639+0000] {processor.py:836} INFO - DAG(s) dict_keys(['example_sensors']) retrieved from /home/airflow/.local/lib/python3.7/site-packages/airflow/example_dags/example_sensors.py
[2023-08-11T08:11:06.668+0000] {logging_mixin.py:150} INFO - [2023-08-11T08:11:06.668+0000] {dag.py:2742} INFO - Sync 1 DAGs
[2023-08-11T08:11:06.693+0000] {logging_mixin.py:150} INFO - [2023-08-11T08:11:06.693+0000] {dag.py:3508} INFO - Setting next_dagrun for example_sensors to None, run_after=None
[2023-08-11T08:11:06.712+0000] {processor.py:179} INFO - Processing /home/airflow/.local/lib/python3.7/site-packages/airflow/example_dags/example_sensors.py took 0.086 seconds
[2023-08-11T08:11:37.344+0000] {processor.py:157} INFO - Started process (PID=2520) to work on /home/airflow/.local/lib/python3.7/site-packages/airflow/example_dags/example_sensors.py
[2023-08-11T08:11:37.344+0000] {processor.py:826} INFO - Processing file /home/airflow/.local/lib/python3.7/site-packages/airflow/example_dags/example_sensors.py for tasks to queue
[2023-08-11T08:11:37.345+0000] {logging_mixin.py:150} INFO - [2023-08-11T08:11:37.345+0000] {dagbag.py:541} INFO - Filling up the DagBag from /home/airflow/.local/lib/python3.7/site-packages/airflow/example_dags/example_sensors.py
[2023-08-11T08:11:37.354+0000] {processor.py:836} INFO - DAG(s) dict_keys(['example_sensors']) retrieved from /home/airflow/.local/lib/python3.7/site-packages/airflow/example_dags/example_sensors.py
[2023-08-11T08:11:37.383+0000] {logging_mixin.py:150} INFO - [2023-08-11T08:11:37.382+0000] {dag.py:2742} INFO - Sync 1 DAGs
[2023-08-11T08:11:37.410+0000] {logging_mixin.py:150} INFO - [2023-08-11T08:11:37.409+0000] {dag.py:3508} INFO - Setting next_dagrun for example_sensors to None, run_after=None
[2023-08-11T08:11:37.429+0000] {processor.py:179} INFO - Processing /home/airflow/.local/lib/python3.7/site-packages/airflow/example_dags/example_sensors.py took 0.088 seconds
[2023-08-11T08:12:07.904+0000] {processor.py:157} INFO - Started process (PID=2586) to work on /home/airflow/.local/lib/python3.7/site-packages/airflow/example_dags/example_sensors.py
[2023-08-11T08:12:07.906+0000] {processor.py:826} INFO - Processing file /home/airflow/.local/lib/python3.7/site-packages/airflow/example_dags/example_sensors.py for tasks to queue
[2023-08-11T08:12:07.907+0000] {logging_mixin.py:150} INFO - [2023-08-11T08:12:07.907+0000] {dagbag.py:541} INFO - Filling up the DagBag from /home/airflow/.local/lib/python3.7/site-packages/airflow/example_dags/example_sensors.py
[2023-08-11T08:12:07.916+0000] {processor.py:836} INFO - DAG(s) dict_keys(['example_sensors']) retrieved from /home/airflow/.local/lib/python3.7/site-packages/airflow/example_dags/example_sensors.py
[2023-08-11T08:12:07.946+0000] {logging_mixin.py:150} INFO - [2023-08-11T08:12:07.946+0000] {dag.py:2742} INFO - Sync 1 DAGs
[2023-08-11T08:12:07.967+0000] {logging_mixin.py:150} INFO - [2023-08-11T08:12:07.967+0000] {dag.py:3508} INFO - Setting next_dagrun for example_sensors to None, run_after=None
[2023-08-11T08:12:07.986+0000] {processor.py:179} INFO - Processing /home/airflow/.local/lib/python3.7/site-packages/airflow/example_dags/example_sensors.py took 0.084 seconds
[2023-08-11T08:12:38.244+0000] {processor.py:157} INFO - Started process (PID=2652) to work on /home/airflow/.local/lib/python3.7/site-packages/airflow/example_dags/example_sensors.py
[2023-08-11T08:12:38.245+0000] {processor.py:826} INFO - Processing file /home/airflow/.local/lib/python3.7/site-packages/airflow/example_dags/example_sensors.py for tasks to queue
[2023-08-11T08:12:38.246+0000] {logging_mixin.py:150} INFO - [2023-08-11T08:12:38.246+0000] {dagbag.py:541} INFO - Filling up the DagBag from /home/airflow/.local/lib/python3.7/site-packages/airflow/example_dags/example_sensors.py
[2023-08-11T08:12:38.258+0000] {processor.py:836} INFO - DAG(s) dict_keys(['example_sensors']) retrieved from /home/airflow/.local/lib/python3.7/site-packages/airflow/example_dags/example_sensors.py
[2023-08-11T08:12:38.302+0000] {logging_mixin.py:150} INFO - [2023-08-11T08:12:38.302+0000] {dag.py:2742} INFO - Sync 1 DAGs
[2023-08-11T08:12:38.335+0000] {logging_mixin.py:150} INFO - [2023-08-11T08:12:38.335+0000] {dag.py:3508} INFO - Setting next_dagrun for example_sensors to None, run_after=None
[2023-08-11T08:12:38.364+0000] {processor.py:179} INFO - Processing /home/airflow/.local/lib/python3.7/site-packages/airflow/example_dags/example_sensors.py took 0.126 seconds
[2023-08-11T08:13:08.547+0000] {processor.py:157} INFO - Started process (PID=2718) to work on /home/airflow/.local/lib/python3.7/site-packages/airflow/example_dags/example_sensors.py
[2023-08-11T08:13:08.549+0000] {processor.py:826} INFO - Processing file /home/airflow/.local/lib/python3.7/site-packages/airflow/example_dags/example_sensors.py for tasks to queue
[2023-08-11T08:13:08.549+0000] {logging_mixin.py:150} INFO - [2023-08-11T08:13:08.549+0000] {dagbag.py:541} INFO - Filling up the DagBag from /home/airflow/.local/lib/python3.7/site-packages/airflow/example_dags/example_sensors.py
[2023-08-11T08:13:08.561+0000] {processor.py:836} INFO - DAG(s) dict_keys(['example_sensors']) retrieved from /home/airflow/.local/lib/python3.7/site-packages/airflow/example_dags/example_sensors.py
[2023-08-11T08:13:08.595+0000] {logging_mixin.py:150} INFO - [2023-08-11T08:13:08.595+0000] {dag.py:2742} INFO - Sync 1 DAGs
[2023-08-11T08:13:08.619+0000] {logging_mixin.py:150} INFO - [2023-08-11T08:13:08.619+0000] {dag.py:3508} INFO - Setting next_dagrun for example_sensors to None, run_after=None
[2023-08-11T08:13:08.639+0000] {processor.py:179} INFO - Processing /home/airflow/.local/lib/python3.7/site-packages/airflow/example_dags/example_sensors.py took 0.095 seconds
[2023-08-11T08:13:39.573+0000] {processor.py:157} INFO - Started process (PID=2784) to work on /home/airflow/.local/lib/python3.7/site-packages/airflow/example_dags/example_sensors.py
[2023-08-11T08:13:39.574+0000] {processor.py:826} INFO - Processing file /home/airflow/.local/lib/python3.7/site-packages/airflow/example_dags/example_sensors.py for tasks to queue
[2023-08-11T08:13:39.575+0000] {logging_mixin.py:150} INFO - [2023-08-11T08:13:39.575+0000] {dagbag.py:541} INFO - Filling up the DagBag from /home/airflow/.local/lib/python3.7/site-packages/airflow/example_dags/example_sensors.py
[2023-08-11T08:13:39.588+0000] {processor.py:836} INFO - DAG(s) dict_keys(['example_sensors']) retrieved from /home/airflow/.local/lib/python3.7/site-packages/airflow/example_dags/example_sensors.py
[2023-08-11T08:13:39.626+0000] {logging_mixin.py:150} INFO - [2023-08-11T08:13:39.626+0000] {dag.py:2742} INFO - Sync 1 DAGs
[2023-08-11T08:13:39.667+0000] {logging_mixin.py:150} INFO - [2023-08-11T08:13:39.666+0000] {dag.py:3508} INFO - Setting next_dagrun for example_sensors to None, run_after=None
[2023-08-11T08:13:39.689+0000] {processor.py:179} INFO - Processing /home/airflow/.local/lib/python3.7/site-packages/airflow/example_dags/example_sensors.py took 0.119 seconds
[2023-08-11T08:14:09.820+0000] {processor.py:157} INFO - Started process (PID=2851) to work on /home/airflow/.local/lib/python3.7/site-packages/airflow/example_dags/example_sensors.py
[2023-08-11T08:14:09.821+0000] {processor.py:826} INFO - Processing file /home/airflow/.local/lib/python3.7/site-packages/airflow/example_dags/example_sensors.py for tasks to queue
[2023-08-11T08:14:09.822+0000] {logging_mixin.py:150} INFO - [2023-08-11T08:14:09.821+0000] {dagbag.py:541} INFO - Filling up the DagBag from /home/airflow/.local/lib/python3.7/site-packages/airflow/example_dags/example_sensors.py
[2023-08-11T08:14:09.831+0000] {processor.py:836} INFO - DAG(s) dict_keys(['example_sensors']) retrieved from /home/airflow/.local/lib/python3.7/site-packages/airflow/example_dags/example_sensors.py
[2023-08-11T08:14:09.857+0000] {logging_mixin.py:150} INFO - [2023-08-11T08:14:09.857+0000] {dag.py:2742} INFO - Sync 1 DAGs
[2023-08-11T08:14:09.881+0000] {logging_mixin.py:150} INFO - [2023-08-11T08:14:09.880+0000] {dag.py:3508} INFO - Setting next_dagrun for example_sensors to None, run_after=None
[2023-08-11T08:14:09.903+0000] {processor.py:179} INFO - Processing /home/airflow/.local/lib/python3.7/site-packages/airflow/example_dags/example_sensors.py took 0.086 seconds
[2023-08-11T08:14:39.994+0000] {processor.py:157} INFO - Started process (PID=2918) to work on /home/airflow/.local/lib/python3.7/site-packages/airflow/example_dags/example_sensors.py
[2023-08-11T08:14:39.995+0000] {processor.py:826} INFO - Processing file /home/airflow/.local/lib/python3.7/site-packages/airflow/example_dags/example_sensors.py for tasks to queue
[2023-08-11T08:14:39.995+0000] {logging_mixin.py:150} INFO - [2023-08-11T08:14:39.995+0000] {dagbag.py:541} INFO - Filling up the DagBag from /home/airflow/.local/lib/python3.7/site-packages/airflow/example_dags/example_sensors.py
[2023-08-11T08:14:40.006+0000] {processor.py:836} INFO - DAG(s) dict_keys(['example_sensors']) retrieved from /home/airflow/.local/lib/python3.7/site-packages/airflow/example_dags/example_sensors.py
[2023-08-11T08:14:40.031+0000] {logging_mixin.py:150} INFO - [2023-08-11T08:14:40.031+0000] {dag.py:2742} INFO - Sync 1 DAGs
[2023-08-11T08:14:40.053+0000] {logging_mixin.py:150} INFO - [2023-08-11T08:14:40.053+0000] {dag.py:3508} INFO - Setting next_dagrun for example_sensors to None, run_after=None
[2023-08-11T08:14:40.071+0000] {processor.py:179} INFO - Processing /home/airflow/.local/lib/python3.7/site-packages/airflow/example_dags/example_sensors.py took 0.079 seconds
[2023-08-11T08:15:10.541+0000] {processor.py:157} INFO - Started process (PID=2983) to work on /home/airflow/.local/lib/python3.7/site-packages/airflow/example_dags/example_sensors.py
[2023-08-11T08:15:10.542+0000] {processor.py:826} INFO - Processing file /home/airflow/.local/lib/python3.7/site-packages/airflow/example_dags/example_sensors.py for tasks to queue
[2023-08-11T08:15:10.543+0000] {logging_mixin.py:150} INFO - [2023-08-11T08:15:10.543+0000] {dagbag.py:541} INFO - Filling up the DagBag from /home/airflow/.local/lib/python3.7/site-packages/airflow/example_dags/example_sensors.py
[2023-08-11T08:15:10.553+0000] {processor.py:836} INFO - DAG(s) dict_keys(['example_sensors']) retrieved from /home/airflow/.local/lib/python3.7/site-packages/airflow/example_dags/example_sensors.py
[2023-08-11T08:15:10.580+0000] {logging_mixin.py:150} INFO - [2023-08-11T08:15:10.580+0000] {dag.py:2742} INFO - Sync 1 DAGs
[2023-08-11T08:15:10.605+0000] {logging_mixin.py:150} INFO - [2023-08-11T08:15:10.605+0000] {dag.py:3508} INFO - Setting next_dagrun for example_sensors to None, run_after=None
[2023-08-11T08:15:10.623+0000] {processor.py:179} INFO - Processing /home/airflow/.local/lib/python3.7/site-packages/airflow/example_dags/example_sensors.py took 0.084 seconds
[2023-08-11T08:15:40.917+0000] {processor.py:157} INFO - Started process (PID=3050) to work on /home/airflow/.local/lib/python3.7/site-packages/airflow/example_dags/example_sensors.py
[2023-08-11T08:15:40.918+0000] {processor.py:826} INFO - Processing file /home/airflow/.local/lib/python3.7/site-packages/airflow/example_dags/example_sensors.py for tasks to queue
[2023-08-11T08:15:40.919+0000] {logging_mixin.py:150} INFO - [2023-08-11T08:15:40.919+0000] {dagbag.py:541} INFO - Filling up the DagBag from /home/airflow/.local/lib/python3.7/site-packages/airflow/example_dags/example_sensors.py
[2023-08-11T08:15:40.929+0000] {processor.py:836} INFO - DAG(s) dict_keys(['example_sensors']) retrieved from /home/airflow/.local/lib/python3.7/site-packages/airflow/example_dags/example_sensors.py
[2023-08-11T08:15:40.958+0000] {logging_mixin.py:150} INFO - [2023-08-11T08:15:40.957+0000] {dag.py:2742} INFO - Sync 1 DAGs
[2023-08-11T08:15:40.980+0000] {logging_mixin.py:150} INFO - [2023-08-11T08:15:40.980+0000] {dag.py:3508} INFO - Setting next_dagrun for example_sensors to None, run_after=None
[2023-08-11T08:15:41.002+0000] {processor.py:179} INFO - Processing /home/airflow/.local/lib/python3.7/site-packages/airflow/example_dags/example_sensors.py took 0.088 seconds
[2023-08-11T08:16:11.226+0000] {processor.py:157} INFO - Started process (PID=3116) to work on /home/airflow/.local/lib/python3.7/site-packages/airflow/example_dags/example_sensors.py
[2023-08-11T08:16:11.226+0000] {processor.py:826} INFO - Processing file /home/airflow/.local/lib/python3.7/site-packages/airflow/example_dags/example_sensors.py for tasks to queue
[2023-08-11T08:16:11.227+0000] {logging_mixin.py:150} INFO - [2023-08-11T08:16:11.227+0000] {dagbag.py:541} INFO - Filling up the DagBag from /home/airflow/.local/lib/python3.7/site-packages/airflow/example_dags/example_sensors.py
[2023-08-11T08:16:11.237+0000] {processor.py:836} INFO - DAG(s) dict_keys(['example_sensors']) retrieved from /home/airflow/.local/lib/python3.7/site-packages/airflow/example_dags/example_sensors.py
[2023-08-11T08:16:11.267+0000] {logging_mixin.py:150} INFO - [2023-08-11T08:16:11.267+0000] {dag.py:2742} INFO - Sync 1 DAGs
[2023-08-11T08:16:11.293+0000] {logging_mixin.py:150} INFO - [2023-08-11T08:16:11.292+0000] {dag.py:3508} INFO - Setting next_dagrun for example_sensors to None, run_after=None
[2023-08-11T08:16:11.313+0000] {processor.py:179} INFO - Processing /home/airflow/.local/lib/python3.7/site-packages/airflow/example_dags/example_sensors.py took 0.090 seconds
[2023-08-11T08:16:42.000+0000] {processor.py:157} INFO - Started process (PID=3185) to work on /home/airflow/.local/lib/python3.7/site-packages/airflow/example_dags/example_sensors.py
[2023-08-11T08:16:42.001+0000] {processor.py:826} INFO - Processing file /home/airflow/.local/lib/python3.7/site-packages/airflow/example_dags/example_sensors.py for tasks to queue
[2023-08-11T08:16:42.001+0000] {logging_mixin.py:150} INFO - [2023-08-11T08:16:42.001+0000] {dagbag.py:541} INFO - Filling up the DagBag from /home/airflow/.local/lib/python3.7/site-packages/airflow/example_dags/example_sensors.py
[2023-08-11T08:16:42.012+0000] {processor.py:836} INFO - DAG(s) dict_keys(['example_sensors']) retrieved from /home/airflow/.local/lib/python3.7/site-packages/airflow/example_dags/example_sensors.py
[2023-08-11T08:16:42.041+0000] {logging_mixin.py:150} INFO - [2023-08-11T08:16:42.041+0000] {dag.py:2742} INFO - Sync 1 DAGs
[2023-08-11T08:16:42.065+0000] {logging_mixin.py:150} INFO - [2023-08-11T08:16:42.065+0000] {dag.py:3508} INFO - Setting next_dagrun for example_sensors to None, run_after=None
[2023-08-11T08:16:42.085+0000] {processor.py:179} INFO - Processing /home/airflow/.local/lib/python3.7/site-packages/airflow/example_dags/example_sensors.py took 0.088 seconds
[2023-08-11T08:17:12.363+0000] {processor.py:157} INFO - Started process (PID=3251) to work on /home/airflow/.local/lib/python3.7/site-packages/airflow/example_dags/example_sensors.py
[2023-08-11T08:17:12.364+0000] {processor.py:826} INFO - Processing file /home/airflow/.local/lib/python3.7/site-packages/airflow/example_dags/example_sensors.py for tasks to queue
[2023-08-11T08:17:12.364+0000] {logging_mixin.py:150} INFO - [2023-08-11T08:17:12.364+0000] {dagbag.py:541} INFO - Filling up the DagBag from /home/airflow/.local/lib/python3.7/site-packages/airflow/example_dags/example_sensors.py
[2023-08-11T08:17:12.377+0000] {processor.py:836} INFO - DAG(s) dict_keys(['example_sensors']) retrieved from /home/airflow/.local/lib/python3.7/site-packages/airflow/example_dags/example_sensors.py
[2023-08-11T08:17:12.413+0000] {logging_mixin.py:150} INFO - [2023-08-11T08:17:12.413+0000] {dag.py:2742} INFO - Sync 1 DAGs
[2023-08-11T08:17:12.445+0000] {logging_mixin.py:150} INFO - [2023-08-11T08:17:12.445+0000] {dag.py:3508} INFO - Setting next_dagrun for example_sensors to None, run_after=None
[2023-08-11T08:17:12.471+0000] {processor.py:179} INFO - Processing /home/airflow/.local/lib/python3.7/site-packages/airflow/example_dags/example_sensors.py took 0.112 seconds
[2023-08-11T08:17:43.018+0000] {processor.py:157} INFO - Started process (PID=3337) to work on /home/airflow/.local/lib/python3.7/site-packages/airflow/example_dags/example_sensors.py
[2023-08-11T08:17:43.020+0000] {processor.py:826} INFO - Processing file /home/airflow/.local/lib/python3.7/site-packages/airflow/example_dags/example_sensors.py for tasks to queue
[2023-08-11T08:17:43.021+0000] {logging_mixin.py:150} INFO - [2023-08-11T08:17:43.021+0000] {dagbag.py:541} INFO - Filling up the DagBag from /home/airflow/.local/lib/python3.7/site-packages/airflow/example_dags/example_sensors.py
[2023-08-11T08:17:43.035+0000] {processor.py:836} INFO - DAG(s) dict_keys(['example_sensors']) retrieved from /home/airflow/.local/lib/python3.7/site-packages/airflow/example_dags/example_sensors.py
[2023-08-11T08:17:43.071+0000] {logging_mixin.py:150} INFO - [2023-08-11T08:17:43.070+0000] {dag.py:2742} INFO - Sync 1 DAGs
[2023-08-11T08:17:43.097+0000] {logging_mixin.py:150} INFO - [2023-08-11T08:17:43.097+0000] {dag.py:3508} INFO - Setting next_dagrun for example_sensors to None, run_after=None
[2023-08-11T08:17:43.134+0000] {processor.py:179} INFO - Processing /home/airflow/.local/lib/python3.7/site-packages/airflow/example_dags/example_sensors.py took 0.119 seconds
[2023-08-11T08:18:13.650+0000] {processor.py:157} INFO - Started process (PID=3407) to work on /home/airflow/.local/lib/python3.7/site-packages/airflow/example_dags/example_sensors.py
[2023-08-11T08:18:13.651+0000] {processor.py:826} INFO - Processing file /home/airflow/.local/lib/python3.7/site-packages/airflow/example_dags/example_sensors.py for tasks to queue
[2023-08-11T08:18:13.651+0000] {logging_mixin.py:150} INFO - [2023-08-11T08:18:13.651+0000] {dagbag.py:541} INFO - Filling up the DagBag from /home/airflow/.local/lib/python3.7/site-packages/airflow/example_dags/example_sensors.py
[2023-08-11T08:18:13.661+0000] {processor.py:836} INFO - DAG(s) dict_keys(['example_sensors']) retrieved from /home/airflow/.local/lib/python3.7/site-packages/airflow/example_dags/example_sensors.py
[2023-08-11T08:18:13.688+0000] {logging_mixin.py:150} INFO - [2023-08-11T08:18:13.688+0000] {dag.py:2742} INFO - Sync 1 DAGs
[2023-08-11T08:18:13.714+0000] {logging_mixin.py:150} INFO - [2023-08-11T08:18:13.714+0000] {dag.py:3508} INFO - Setting next_dagrun for example_sensors to None, run_after=None
[2023-08-11T08:18:13.733+0000] {processor.py:179} INFO - Processing /home/airflow/.local/lib/python3.7/site-packages/airflow/example_dags/example_sensors.py took 0.087 seconds
[2023-08-11T08:18:46.088+0000] {processor.py:157} INFO - Started process (PID=3492) to work on /home/airflow/.local/lib/python3.7/site-packages/airflow/example_dags/example_sensors.py
[2023-08-11T08:18:46.091+0000] {processor.py:826} INFO - Processing file /home/airflow/.local/lib/python3.7/site-packages/airflow/example_dags/example_sensors.py for tasks to queue
[2023-08-11T08:18:46.094+0000] {logging_mixin.py:150} INFO - [2023-08-11T08:18:46.093+0000] {dagbag.py:541} INFO - Filling up the DagBag from /home/airflow/.local/lib/python3.7/site-packages/airflow/example_dags/example_sensors.py
[2023-08-11T08:18:46.149+0000] {processor.py:836} INFO - DAG(s) dict_keys(['example_sensors']) retrieved from /home/airflow/.local/lib/python3.7/site-packages/airflow/example_dags/example_sensors.py
[2023-08-11T08:18:46.369+0000] {logging_mixin.py:150} INFO - [2023-08-11T08:18:46.368+0000] {dag.py:2742} INFO - Sync 1 DAGs
[2023-08-11T08:18:46.478+0000] {logging_mixin.py:150} INFO - [2023-08-11T08:18:46.478+0000] {dag.py:3508} INFO - Setting next_dagrun for example_sensors to None, run_after=None
[2023-08-11T08:18:46.544+0000] {processor.py:179} INFO - Processing /home/airflow/.local/lib/python3.7/site-packages/airflow/example_dags/example_sensors.py took 0.467 seconds
[2023-08-11T08:19:17.506+0000] {processor.py:157} INFO - Started process (PID=3572) to work on /home/airflow/.local/lib/python3.7/site-packages/airflow/example_dags/example_sensors.py
[2023-08-11T08:19:17.507+0000] {processor.py:826} INFO - Processing file /home/airflow/.local/lib/python3.7/site-packages/airflow/example_dags/example_sensors.py for tasks to queue
[2023-08-11T08:19:17.507+0000] {logging_mixin.py:150} INFO - [2023-08-11T08:19:17.507+0000] {dagbag.py:541} INFO - Filling up the DagBag from /home/airflow/.local/lib/python3.7/site-packages/airflow/example_dags/example_sensors.py
[2023-08-11T08:19:17.517+0000] {processor.py:836} INFO - DAG(s) dict_keys(['example_sensors']) retrieved from /home/airflow/.local/lib/python3.7/site-packages/airflow/example_dags/example_sensors.py
[2023-08-11T08:19:17.545+0000] {logging_mixin.py:150} INFO - [2023-08-11T08:19:17.544+0000] {dag.py:2742} INFO - Sync 1 DAGs
[2023-08-11T08:19:17.572+0000] {logging_mixin.py:150} INFO - [2023-08-11T08:19:17.572+0000] {dag.py:3508} INFO - Setting next_dagrun for example_sensors to None, run_after=None
[2023-08-11T08:19:17.598+0000] {processor.py:179} INFO - Processing /home/airflow/.local/lib/python3.7/site-packages/airflow/example_dags/example_sensors.py took 0.095 seconds
[2023-08-11T08:19:48.049+0000] {processor.py:157} INFO - Started process (PID=3650) to work on /home/airflow/.local/lib/python3.7/site-packages/airflow/example_dags/example_sensors.py
[2023-08-11T08:19:48.050+0000] {processor.py:826} INFO - Processing file /home/airflow/.local/lib/python3.7/site-packages/airflow/example_dags/example_sensors.py for tasks to queue
[2023-08-11T08:19:48.051+0000] {logging_mixin.py:150} INFO - [2023-08-11T08:19:48.051+0000] {dagbag.py:541} INFO - Filling up the DagBag from /home/airflow/.local/lib/python3.7/site-packages/airflow/example_dags/example_sensors.py
[2023-08-11T08:19:48.062+0000] {processor.py:836} INFO - DAG(s) dict_keys(['example_sensors']) retrieved from /home/airflow/.local/lib/python3.7/site-packages/airflow/example_dags/example_sensors.py
[2023-08-11T08:19:48.101+0000] {logging_mixin.py:150} INFO - [2023-08-11T08:19:48.101+0000] {dag.py:2742} INFO - Sync 1 DAGs
[2023-08-11T08:19:48.127+0000] {logging_mixin.py:150} INFO - [2023-08-11T08:19:48.126+0000] {dag.py:3508} INFO - Setting next_dagrun for example_sensors to None, run_after=None
[2023-08-11T08:19:48.153+0000] {processor.py:179} INFO - Processing /home/airflow/.local/lib/python3.7/site-packages/airflow/example_dags/example_sensors.py took 0.107 seconds
[2023-08-11T08:20:18.902+0000] {processor.py:157} INFO - Started process (PID=3735) to work on /home/airflow/.local/lib/python3.7/site-packages/airflow/example_dags/example_sensors.py
[2023-08-11T08:20:18.905+0000] {processor.py:826} INFO - Processing file /home/airflow/.local/lib/python3.7/site-packages/airflow/example_dags/example_sensors.py for tasks to queue
[2023-08-11T08:20:18.906+0000] {logging_mixin.py:150} INFO - [2023-08-11T08:20:18.905+0000] {dagbag.py:541} INFO - Filling up the DagBag from /home/airflow/.local/lib/python3.7/site-packages/airflow/example_dags/example_sensors.py
[2023-08-11T08:20:18.923+0000] {processor.py:836} INFO - DAG(s) dict_keys(['example_sensors']) retrieved from /home/airflow/.local/lib/python3.7/site-packages/airflow/example_dags/example_sensors.py
[2023-08-11T08:20:18.968+0000] {logging_mixin.py:150} INFO - [2023-08-11T08:20:18.968+0000] {dag.py:2742} INFO - Sync 1 DAGs
[2023-08-11T08:20:18.999+0000] {logging_mixin.py:150} INFO - [2023-08-11T08:20:18.999+0000] {dag.py:3508} INFO - Setting next_dagrun for example_sensors to None, run_after=None
[2023-08-11T08:20:19.029+0000] {processor.py:179} INFO - Processing /home/airflow/.local/lib/python3.7/site-packages/airflow/example_dags/example_sensors.py took 0.131 seconds
[2023-08-11T08:20:49.119+0000] {processor.py:157} INFO - Started process (PID=3826) to work on /home/airflow/.local/lib/python3.7/site-packages/airflow/example_dags/example_sensors.py
[2023-08-11T08:20:49.121+0000] {processor.py:826} INFO - Processing file /home/airflow/.local/lib/python3.7/site-packages/airflow/example_dags/example_sensors.py for tasks to queue
[2023-08-11T08:20:49.122+0000] {logging_mixin.py:150} INFO - [2023-08-11T08:20:49.121+0000] {dagbag.py:541} INFO - Filling up the DagBag from /home/airflow/.local/lib/python3.7/site-packages/airflow/example_dags/example_sensors.py
[2023-08-11T08:20:49.135+0000] {processor.py:836} INFO - DAG(s) dict_keys(['example_sensors']) retrieved from /home/airflow/.local/lib/python3.7/site-packages/airflow/example_dags/example_sensors.py
[2023-08-11T08:20:49.170+0000] {logging_mixin.py:150} INFO - [2023-08-11T08:20:49.170+0000] {dag.py:2742} INFO - Sync 1 DAGs
[2023-08-11T08:20:49.197+0000] {logging_mixin.py:150} INFO - [2023-08-11T08:20:49.196+0000] {dag.py:3508} INFO - Setting next_dagrun for example_sensors to None, run_after=None
[2023-08-11T08:20:49.220+0000] {processor.py:179} INFO - Processing /home/airflow/.local/lib/python3.7/site-packages/airflow/example_dags/example_sensors.py took 0.105 seconds
[2023-08-11T08:21:19.300+0000] {processor.py:157} INFO - Started process (PID=3904) to work on /home/airflow/.local/lib/python3.7/site-packages/airflow/example_dags/example_sensors.py
[2023-08-11T08:21:19.301+0000] {processor.py:826} INFO - Processing file /home/airflow/.local/lib/python3.7/site-packages/airflow/example_dags/example_sensors.py for tasks to queue
[2023-08-11T08:21:19.302+0000] {logging_mixin.py:150} INFO - [2023-08-11T08:21:19.302+0000] {dagbag.py:541} INFO - Filling up the DagBag from /home/airflow/.local/lib/python3.7/site-packages/airflow/example_dags/example_sensors.py
[2023-08-11T08:21:19.310+0000] {processor.py:836} INFO - DAG(s) dict_keys(['example_sensors']) retrieved from /home/airflow/.local/lib/python3.7/site-packages/airflow/example_dags/example_sensors.py
[2023-08-11T08:21:19.341+0000] {logging_mixin.py:150} INFO - [2023-08-11T08:21:19.341+0000] {dag.py:2742} INFO - Sync 1 DAGs
[2023-08-11T08:21:19.366+0000] {logging_mixin.py:150} INFO - [2023-08-11T08:21:19.366+0000] {dag.py:3508} INFO - Setting next_dagrun for example_sensors to None, run_after=None
[2023-08-11T08:21:19.391+0000] {processor.py:179} INFO - Processing /home/airflow/.local/lib/python3.7/site-packages/airflow/example_dags/example_sensors.py took 0.096 seconds
[2023-08-11T08:21:49.542+0000] {processor.py:157} INFO - Started process (PID=3996) to work on /home/airflow/.local/lib/python3.7/site-packages/airflow/example_dags/example_sensors.py
[2023-08-11T08:21:49.543+0000] {processor.py:826} INFO - Processing file /home/airflow/.local/lib/python3.7/site-packages/airflow/example_dags/example_sensors.py for tasks to queue
[2023-08-11T08:21:49.544+0000] {logging_mixin.py:150} INFO - [2023-08-11T08:21:49.544+0000] {dagbag.py:541} INFO - Filling up the DagBag from /home/airflow/.local/lib/python3.7/site-packages/airflow/example_dags/example_sensors.py
[2023-08-11T08:21:49.555+0000] {processor.py:836} INFO - DAG(s) dict_keys(['example_sensors']) retrieved from /home/airflow/.local/lib/python3.7/site-packages/airflow/example_dags/example_sensors.py
[2023-08-11T08:21:49.584+0000] {logging_mixin.py:150} INFO - [2023-08-11T08:21:49.583+0000] {dag.py:2742} INFO - Sync 1 DAGs
[2023-08-11T08:21:49.615+0000] {logging_mixin.py:150} INFO - [2023-08-11T08:21:49.615+0000] {dag.py:3508} INFO - Setting next_dagrun for example_sensors to None, run_after=None
[2023-08-11T08:21:49.641+0000] {processor.py:179} INFO - Processing /home/airflow/.local/lib/python3.7/site-packages/airflow/example_dags/example_sensors.py took 0.102 seconds
[2023-08-11T08:22:20.577+0000] {processor.py:157} INFO - Started process (PID=4086) to work on /home/airflow/.local/lib/python3.7/site-packages/airflow/example_dags/example_sensors.py
[2023-08-11T08:22:20.578+0000] {processor.py:826} INFO - Processing file /home/airflow/.local/lib/python3.7/site-packages/airflow/example_dags/example_sensors.py for tasks to queue
[2023-08-11T08:22:20.579+0000] {logging_mixin.py:150} INFO - [2023-08-11T08:22:20.578+0000] {dagbag.py:541} INFO - Filling up the DagBag from /home/airflow/.local/lib/python3.7/site-packages/airflow/example_dags/example_sensors.py
[2023-08-11T08:22:20.594+0000] {processor.py:836} INFO - DAG(s) dict_keys(['example_sensors']) retrieved from /home/airflow/.local/lib/python3.7/site-packages/airflow/example_dags/example_sensors.py
[2023-08-11T08:22:20.629+0000] {logging_mixin.py:150} INFO - [2023-08-11T08:22:20.629+0000] {dag.py:2742} INFO - Sync 1 DAGs
[2023-08-11T08:22:20.658+0000] {logging_mixin.py:150} INFO - [2023-08-11T08:22:20.658+0000] {dag.py:3508} INFO - Setting next_dagrun for example_sensors to None, run_after=None
[2023-08-11T08:22:20.685+0000] {processor.py:179} INFO - Processing /home/airflow/.local/lib/python3.7/site-packages/airflow/example_dags/example_sensors.py took 0.111 seconds
