[2023-08-11T07:52:48.927+0000] {processor.py:157} INFO - Started process (PID=64) to work on /home/airflow/.local/lib/python3.7/site-packages/airflow/example_dags/example_task_group_decorator.py
[2023-08-11T07:52:48.937+0000] {processor.py:826} INFO - Processing file /home/airflow/.local/lib/python3.7/site-packages/airflow/example_dags/example_task_group_decorator.py for tasks to queue
[2023-08-11T07:52:48.943+0000] {logging_mixin.py:150} INFO - [2023-08-11T07:52:48.941+0000] {dagbag.py:541} INFO - Filling up the DagBag from /home/airflow/.local/lib/python3.7/site-packages/airflow/example_dags/example_task_group_decorator.py
[2023-08-11T07:52:49.060+0000] {processor.py:836} INFO - DAG(s) dict_keys(['example_task_group_decorator']) retrieved from /home/airflow/.local/lib/python3.7/site-packages/airflow/example_dags/example_task_group_decorator.py
[2023-08-11T07:52:49.139+0000] {logging_mixin.py:150} INFO - [2023-08-11T07:52:49.138+0000] {dag.py:2742} INFO - Sync 1 DAGs
[2023-08-11T07:52:49.241+0000] {logging_mixin.py:150} INFO - [2023-08-11T07:52:49.241+0000] {dag.py:3508} INFO - Setting next_dagrun for example_task_group_decorator to 2023-08-10T07:52:49.241246+00:00, run_after=2023-08-11T07:52:49.241246+00:00
[2023-08-11T07:52:49.301+0000] {processor.py:179} INFO - Processing /home/airflow/.local/lib/python3.7/site-packages/airflow/example_dags/example_task_group_decorator.py took 0.414 seconds
[2023-08-11T07:53:19.861+0000] {processor.py:157} INFO - Started process (PID=129) to work on /home/airflow/.local/lib/python3.7/site-packages/airflow/example_dags/example_task_group_decorator.py
[2023-08-11T07:53:19.872+0000] {processor.py:826} INFO - Processing file /home/airflow/.local/lib/python3.7/site-packages/airflow/example_dags/example_task_group_decorator.py for tasks to queue
[2023-08-11T07:53:19.873+0000] {logging_mixin.py:150} INFO - [2023-08-11T07:53:19.873+0000] {dagbag.py:541} INFO - Filling up the DagBag from /home/airflow/.local/lib/python3.7/site-packages/airflow/example_dags/example_task_group_decorator.py
[2023-08-11T07:53:19.887+0000] {processor.py:836} INFO - DAG(s) dict_keys(['example_task_group_decorator']) retrieved from /home/airflow/.local/lib/python3.7/site-packages/airflow/example_dags/example_task_group_decorator.py
[2023-08-11T07:53:19.913+0000] {logging_mixin.py:150} INFO - [2023-08-11T07:53:19.913+0000] {dag.py:2742} INFO - Sync 1 DAGs
[2023-08-11T07:53:19.944+0000] {logging_mixin.py:150} INFO - [2023-08-11T07:53:19.943+0000] {dag.py:3508} INFO - Setting next_dagrun for example_task_group_decorator to 2023-08-10T07:53:19.943734+00:00, run_after=2023-08-11T07:53:19.943734+00:00
[2023-08-11T07:53:19.981+0000] {processor.py:179} INFO - Processing /home/airflow/.local/lib/python3.7/site-packages/airflow/example_dags/example_task_group_decorator.py took 0.123 seconds
[2023-08-11T07:53:50.727+0000] {processor.py:157} INFO - Started process (PID=194) to work on /home/airflow/.local/lib/python3.7/site-packages/airflow/example_dags/example_task_group_decorator.py
[2023-08-11T07:53:50.727+0000] {processor.py:826} INFO - Processing file /home/airflow/.local/lib/python3.7/site-packages/airflow/example_dags/example_task_group_decorator.py for tasks to queue
[2023-08-11T07:53:50.728+0000] {logging_mixin.py:150} INFO - [2023-08-11T07:53:50.728+0000] {dagbag.py:541} INFO - Filling up the DagBag from /home/airflow/.local/lib/python3.7/site-packages/airflow/example_dags/example_task_group_decorator.py
[2023-08-11T07:53:50.745+0000] {processor.py:836} INFO - DAG(s) dict_keys(['example_task_group_decorator']) retrieved from /home/airflow/.local/lib/python3.7/site-packages/airflow/example_dags/example_task_group_decorator.py
[2023-08-11T07:53:50.771+0000] {logging_mixin.py:150} INFO - [2023-08-11T07:53:50.771+0000] {dag.py:2742} INFO - Sync 1 DAGs
[2023-08-11T07:53:50.793+0000] {logging_mixin.py:150} INFO - [2023-08-11T07:53:50.793+0000] {dag.py:3508} INFO - Setting next_dagrun for example_task_group_decorator to 2023-08-10T07:53:50.793280+00:00, run_after=2023-08-11T07:53:50.793280+00:00
[2023-08-11T07:53:50.813+0000] {processor.py:179} INFO - Processing /home/airflow/.local/lib/python3.7/site-packages/airflow/example_dags/example_task_group_decorator.py took 0.089 seconds
[2023-08-11T07:54:21.420+0000] {processor.py:157} INFO - Started process (PID=259) to work on /home/airflow/.local/lib/python3.7/site-packages/airflow/example_dags/example_task_group_decorator.py
[2023-08-11T07:54:21.421+0000] {processor.py:826} INFO - Processing file /home/airflow/.local/lib/python3.7/site-packages/airflow/example_dags/example_task_group_decorator.py for tasks to queue
[2023-08-11T07:54:21.422+0000] {logging_mixin.py:150} INFO - [2023-08-11T07:54:21.422+0000] {dagbag.py:541} INFO - Filling up the DagBag from /home/airflow/.local/lib/python3.7/site-packages/airflow/example_dags/example_task_group_decorator.py
[2023-08-11T07:54:21.440+0000] {processor.py:836} INFO - DAG(s) dict_keys(['example_task_group_decorator']) retrieved from /home/airflow/.local/lib/python3.7/site-packages/airflow/example_dags/example_task_group_decorator.py
[2023-08-11T07:54:21.470+0000] {logging_mixin.py:150} INFO - [2023-08-11T07:54:21.470+0000] {dag.py:2742} INFO - Sync 1 DAGs
[2023-08-11T07:54:21.495+0000] {logging_mixin.py:150} INFO - [2023-08-11T07:54:21.495+0000] {dag.py:3508} INFO - Setting next_dagrun for example_task_group_decorator to 2023-08-10T07:54:21.495371+00:00, run_after=2023-08-11T07:54:21.495371+00:00
[2023-08-11T07:54:21.519+0000] {processor.py:179} INFO - Processing /home/airflow/.local/lib/python3.7/site-packages/airflow/example_dags/example_task_group_decorator.py took 0.103 seconds
[2023-08-11T07:54:52.174+0000] {processor.py:157} INFO - Started process (PID=324) to work on /home/airflow/.local/lib/python3.7/site-packages/airflow/example_dags/example_task_group_decorator.py
[2023-08-11T07:54:52.175+0000] {processor.py:826} INFO - Processing file /home/airflow/.local/lib/python3.7/site-packages/airflow/example_dags/example_task_group_decorator.py for tasks to queue
[2023-08-11T07:54:52.176+0000] {logging_mixin.py:150} INFO - [2023-08-11T07:54:52.175+0000] {dagbag.py:541} INFO - Filling up the DagBag from /home/airflow/.local/lib/python3.7/site-packages/airflow/example_dags/example_task_group_decorator.py
[2023-08-11T07:54:52.191+0000] {processor.py:836} INFO - DAG(s) dict_keys(['example_task_group_decorator']) retrieved from /home/airflow/.local/lib/python3.7/site-packages/airflow/example_dags/example_task_group_decorator.py
[2023-08-11T07:54:52.223+0000] {logging_mixin.py:150} INFO - [2023-08-11T07:54:52.222+0000] {dag.py:2742} INFO - Sync 1 DAGs
[2023-08-11T07:54:52.252+0000] {logging_mixin.py:150} INFO - [2023-08-11T07:54:52.252+0000] {dag.py:3508} INFO - Setting next_dagrun for example_task_group_decorator to 2023-08-10T07:54:52.251959+00:00, run_after=2023-08-11T07:54:52.251959+00:00
[2023-08-11T07:54:52.291+0000] {processor.py:179} INFO - Processing /home/airflow/.local/lib/python3.7/site-packages/airflow/example_dags/example_task_group_decorator.py took 0.120 seconds
[2023-08-11T07:55:22.416+0000] {processor.py:157} INFO - Started process (PID=390) to work on /home/airflow/.local/lib/python3.7/site-packages/airflow/example_dags/example_task_group_decorator.py
[2023-08-11T07:55:22.416+0000] {processor.py:826} INFO - Processing file /home/airflow/.local/lib/python3.7/site-packages/airflow/example_dags/example_task_group_decorator.py for tasks to queue
[2023-08-11T07:55:22.417+0000] {logging_mixin.py:150} INFO - [2023-08-11T07:55:22.417+0000] {dagbag.py:541} INFO - Filling up the DagBag from /home/airflow/.local/lib/python3.7/site-packages/airflow/example_dags/example_task_group_decorator.py
[2023-08-11T07:55:22.430+0000] {processor.py:836} INFO - DAG(s) dict_keys(['example_task_group_decorator']) retrieved from /home/airflow/.local/lib/python3.7/site-packages/airflow/example_dags/example_task_group_decorator.py
[2023-08-11T07:55:22.461+0000] {logging_mixin.py:150} INFO - [2023-08-11T07:55:22.461+0000] {dag.py:2742} INFO - Sync 1 DAGs
[2023-08-11T07:55:22.490+0000] {logging_mixin.py:150} INFO - [2023-08-11T07:55:22.490+0000] {dag.py:3508} INFO - Setting next_dagrun for example_task_group_decorator to 2023-08-10T07:55:22.489614+00:00, run_after=2023-08-11T07:55:22.489614+00:00
[2023-08-11T07:55:22.510+0000] {processor.py:179} INFO - Processing /home/airflow/.local/lib/python3.7/site-packages/airflow/example_dags/example_task_group_decorator.py took 0.097 seconds
[2023-08-11T07:55:53.217+0000] {processor.py:157} INFO - Started process (PID=455) to work on /home/airflow/.local/lib/python3.7/site-packages/airflow/example_dags/example_task_group_decorator.py
[2023-08-11T07:55:53.218+0000] {processor.py:826} INFO - Processing file /home/airflow/.local/lib/python3.7/site-packages/airflow/example_dags/example_task_group_decorator.py for tasks to queue
[2023-08-11T07:55:53.219+0000] {logging_mixin.py:150} INFO - [2023-08-11T07:55:53.219+0000] {dagbag.py:541} INFO - Filling up the DagBag from /home/airflow/.local/lib/python3.7/site-packages/airflow/example_dags/example_task_group_decorator.py
[2023-08-11T07:55:53.233+0000] {processor.py:836} INFO - DAG(s) dict_keys(['example_task_group_decorator']) retrieved from /home/airflow/.local/lib/python3.7/site-packages/airflow/example_dags/example_task_group_decorator.py
[2023-08-11T07:55:53.262+0000] {logging_mixin.py:150} INFO - [2023-08-11T07:55:53.262+0000] {dag.py:2742} INFO - Sync 1 DAGs
[2023-08-11T07:55:53.287+0000] {logging_mixin.py:150} INFO - [2023-08-11T07:55:53.287+0000] {dag.py:3508} INFO - Setting next_dagrun for example_task_group_decorator to 2023-08-10T07:55:53.287015+00:00, run_after=2023-08-11T07:55:53.287015+00:00
[2023-08-11T07:55:53.313+0000] {processor.py:179} INFO - Processing /home/airflow/.local/lib/python3.7/site-packages/airflow/example_dags/example_task_group_decorator.py took 0.098 seconds
[2023-08-11T07:56:23.686+0000] {processor.py:157} INFO - Started process (PID=520) to work on /home/airflow/.local/lib/python3.7/site-packages/airflow/example_dags/example_task_group_decorator.py
[2023-08-11T07:56:23.687+0000] {processor.py:826} INFO - Processing file /home/airflow/.local/lib/python3.7/site-packages/airflow/example_dags/example_task_group_decorator.py for tasks to queue
[2023-08-11T07:56:23.687+0000] {logging_mixin.py:150} INFO - [2023-08-11T07:56:23.687+0000] {dagbag.py:541} INFO - Filling up the DagBag from /home/airflow/.local/lib/python3.7/site-packages/airflow/example_dags/example_task_group_decorator.py
[2023-08-11T07:56:23.701+0000] {processor.py:836} INFO - DAG(s) dict_keys(['example_task_group_decorator']) retrieved from /home/airflow/.local/lib/python3.7/site-packages/airflow/example_dags/example_task_group_decorator.py
[2023-08-11T07:56:23.728+0000] {logging_mixin.py:150} INFO - [2023-08-11T07:56:23.728+0000] {dag.py:2742} INFO - Sync 1 DAGs
[2023-08-11T07:56:23.750+0000] {logging_mixin.py:150} INFO - [2023-08-11T07:56:23.750+0000] {dag.py:3508} INFO - Setting next_dagrun for example_task_group_decorator to 2023-08-10T07:56:23.749962+00:00, run_after=2023-08-11T07:56:23.749962+00:00
[2023-08-11T07:56:23.771+0000] {processor.py:179} INFO - Processing /home/airflow/.local/lib/python3.7/site-packages/airflow/example_dags/example_task_group_decorator.py took 0.088 seconds
[2023-08-11T07:56:54.098+0000] {processor.py:157} INFO - Started process (PID=585) to work on /home/airflow/.local/lib/python3.7/site-packages/airflow/example_dags/example_task_group_decorator.py
[2023-08-11T07:56:54.100+0000] {processor.py:826} INFO - Processing file /home/airflow/.local/lib/python3.7/site-packages/airflow/example_dags/example_task_group_decorator.py for tasks to queue
[2023-08-11T07:56:54.102+0000] {logging_mixin.py:150} INFO - [2023-08-11T07:56:54.101+0000] {dagbag.py:541} INFO - Filling up the DagBag from /home/airflow/.local/lib/python3.7/site-packages/airflow/example_dags/example_task_group_decorator.py
[2023-08-11T07:56:54.129+0000] {processor.py:836} INFO - DAG(s) dict_keys(['example_task_group_decorator']) retrieved from /home/airflow/.local/lib/python3.7/site-packages/airflow/example_dags/example_task_group_decorator.py
[2023-08-11T07:56:54.181+0000] {logging_mixin.py:150} INFO - [2023-08-11T07:56:54.180+0000] {dag.py:2742} INFO - Sync 1 DAGs
[2023-08-11T07:56:54.223+0000] {logging_mixin.py:150} INFO - [2023-08-11T07:56:54.222+0000] {dag.py:3508} INFO - Setting next_dagrun for example_task_group_decorator to 2023-08-10T07:56:54.222488+00:00, run_after=2023-08-11T07:56:54.222488+00:00
[2023-08-11T07:56:54.263+0000] {processor.py:179} INFO - Processing /home/airflow/.local/lib/python3.7/site-packages/airflow/example_dags/example_task_group_decorator.py took 0.169 seconds
[2023-08-11T07:57:24.413+0000] {processor.py:157} INFO - Started process (PID=650) to work on /home/airflow/.local/lib/python3.7/site-packages/airflow/example_dags/example_task_group_decorator.py
[2023-08-11T07:57:24.414+0000] {processor.py:826} INFO - Processing file /home/airflow/.local/lib/python3.7/site-packages/airflow/example_dags/example_task_group_decorator.py for tasks to queue
[2023-08-11T07:57:24.415+0000] {logging_mixin.py:150} INFO - [2023-08-11T07:57:24.415+0000] {dagbag.py:541} INFO - Filling up the DagBag from /home/airflow/.local/lib/python3.7/site-packages/airflow/example_dags/example_task_group_decorator.py
[2023-08-11T07:57:24.433+0000] {processor.py:836} INFO - DAG(s) dict_keys(['example_task_group_decorator']) retrieved from /home/airflow/.local/lib/python3.7/site-packages/airflow/example_dags/example_task_group_decorator.py
[2023-08-11T07:57:24.479+0000] {logging_mixin.py:150} INFO - [2023-08-11T07:57:24.479+0000] {dag.py:2742} INFO - Sync 1 DAGs
[2023-08-11T07:57:24.516+0000] {logging_mixin.py:150} INFO - [2023-08-11T07:57:24.516+0000] {dag.py:3508} INFO - Setting next_dagrun for example_task_group_decorator to 2023-08-10T07:57:24.515953+00:00, run_after=2023-08-11T07:57:24.515953+00:00
[2023-08-11T07:57:24.546+0000] {processor.py:179} INFO - Processing /home/airflow/.local/lib/python3.7/site-packages/airflow/example_dags/example_task_group_decorator.py took 0.138 seconds
[2023-08-11T07:57:55.256+0000] {processor.py:157} INFO - Started process (PID=716) to work on /home/airflow/.local/lib/python3.7/site-packages/airflow/example_dags/example_task_group_decorator.py
[2023-08-11T07:57:55.270+0000] {processor.py:826} INFO - Processing file /home/airflow/.local/lib/python3.7/site-packages/airflow/example_dags/example_task_group_decorator.py for tasks to queue
[2023-08-11T07:57:55.272+0000] {logging_mixin.py:150} INFO - [2023-08-11T07:57:55.271+0000] {dagbag.py:541} INFO - Filling up the DagBag from /home/airflow/.local/lib/python3.7/site-packages/airflow/example_dags/example_task_group_decorator.py
[2023-08-11T07:57:55.293+0000] {processor.py:836} INFO - DAG(s) dict_keys(['example_task_group_decorator']) retrieved from /home/airflow/.local/lib/python3.7/site-packages/airflow/example_dags/example_task_group_decorator.py
[2023-08-11T07:57:55.341+0000] {logging_mixin.py:150} INFO - [2023-08-11T07:57:55.340+0000] {dag.py:2742} INFO - Sync 1 DAGs
[2023-08-11T07:57:55.376+0000] {logging_mixin.py:150} INFO - [2023-08-11T07:57:55.375+0000] {dag.py:3508} INFO - Setting next_dagrun for example_task_group_decorator to 2023-08-10T07:57:55.375702+00:00, run_after=2023-08-11T07:57:55.375702+00:00
[2023-08-11T07:57:55.418+0000] {processor.py:179} INFO - Processing /home/airflow/.local/lib/python3.7/site-packages/airflow/example_dags/example_task_group_decorator.py took 0.165 seconds
[2023-08-11T07:58:25.452+0000] {processor.py:157} INFO - Started process (PID=782) to work on /home/airflow/.local/lib/python3.7/site-packages/airflow/example_dags/example_task_group_decorator.py
[2023-08-11T07:58:25.453+0000] {processor.py:826} INFO - Processing file /home/airflow/.local/lib/python3.7/site-packages/airflow/example_dags/example_task_group_decorator.py for tasks to queue
[2023-08-11T07:58:25.454+0000] {logging_mixin.py:150} INFO - [2023-08-11T07:58:25.453+0000] {dagbag.py:541} INFO - Filling up the DagBag from /home/airflow/.local/lib/python3.7/site-packages/airflow/example_dags/example_task_group_decorator.py
[2023-08-11T07:58:25.473+0000] {processor.py:836} INFO - DAG(s) dict_keys(['example_task_group_decorator']) retrieved from /home/airflow/.local/lib/python3.7/site-packages/airflow/example_dags/example_task_group_decorator.py
[2023-08-11T07:58:25.541+0000] {logging_mixin.py:150} INFO - [2023-08-11T07:58:25.541+0000] {dag.py:2742} INFO - Sync 1 DAGs
[2023-08-11T07:58:25.567+0000] {logging_mixin.py:150} INFO - [2023-08-11T07:58:25.567+0000] {dag.py:3508} INFO - Setting next_dagrun for example_task_group_decorator to 2023-08-10T07:58:25.567324+00:00, run_after=2023-08-11T07:58:25.567324+00:00
[2023-08-11T07:58:25.585+0000] {processor.py:179} INFO - Processing /home/airflow/.local/lib/python3.7/site-packages/airflow/example_dags/example_task_group_decorator.py took 0.137 seconds
[2023-08-11T07:58:55.684+0000] {processor.py:157} INFO - Started process (PID=848) to work on /home/airflow/.local/lib/python3.7/site-packages/airflow/example_dags/example_task_group_decorator.py
[2023-08-11T07:58:55.685+0000] {processor.py:826} INFO - Processing file /home/airflow/.local/lib/python3.7/site-packages/airflow/example_dags/example_task_group_decorator.py for tasks to queue
[2023-08-11T07:58:55.686+0000] {logging_mixin.py:150} INFO - [2023-08-11T07:58:55.686+0000] {dagbag.py:541} INFO - Filling up the DagBag from /home/airflow/.local/lib/python3.7/site-packages/airflow/example_dags/example_task_group_decorator.py
[2023-08-11T07:58:55.698+0000] {processor.py:836} INFO - DAG(s) dict_keys(['example_task_group_decorator']) retrieved from /home/airflow/.local/lib/python3.7/site-packages/airflow/example_dags/example_task_group_decorator.py
[2023-08-11T07:58:55.726+0000] {logging_mixin.py:150} INFO - [2023-08-11T07:58:55.726+0000] {dag.py:2742} INFO - Sync 1 DAGs
[2023-08-11T07:58:55.755+0000] {logging_mixin.py:150} INFO - [2023-08-11T07:58:55.755+0000] {dag.py:3508} INFO - Setting next_dagrun for example_task_group_decorator to 2023-08-10T07:58:55.755399+00:00, run_after=2023-08-11T07:58:55.755399+00:00
[2023-08-11T07:58:55.774+0000] {processor.py:179} INFO - Processing /home/airflow/.local/lib/python3.7/site-packages/airflow/example_dags/example_task_group_decorator.py took 0.093 seconds
[2023-08-11T07:59:26.843+0000] {processor.py:157} INFO - Started process (PID=914) to work on /home/airflow/.local/lib/python3.7/site-packages/airflow/example_dags/example_task_group_decorator.py
[2023-08-11T07:59:26.845+0000] {processor.py:826} INFO - Processing file /home/airflow/.local/lib/python3.7/site-packages/airflow/example_dags/example_task_group_decorator.py for tasks to queue
[2023-08-11T07:59:26.846+0000] {logging_mixin.py:150} INFO - [2023-08-11T07:59:26.845+0000] {dagbag.py:541} INFO - Filling up the DagBag from /home/airflow/.local/lib/python3.7/site-packages/airflow/example_dags/example_task_group_decorator.py
[2023-08-11T07:59:26.870+0000] {processor.py:836} INFO - DAG(s) dict_keys(['example_task_group_decorator']) retrieved from /home/airflow/.local/lib/python3.7/site-packages/airflow/example_dags/example_task_group_decorator.py
[2023-08-11T07:59:26.887+0000] {logging_mixin.py:150} INFO - [2023-08-11T07:59:26.887+0000] {dag.py:2742} INFO - Sync 1 DAGs
[2023-08-11T07:59:26.913+0000] {logging_mixin.py:150} INFO - [2023-08-11T07:59:26.913+0000] {dag.py:3508} INFO - Setting next_dagrun for example_task_group_decorator to 2023-08-10T07:59:26.913090+00:00, run_after=2023-08-11T07:59:26.913090+00:00
[2023-08-11T07:59:26.935+0000] {processor.py:179} INFO - Processing /home/airflow/.local/lib/python3.7/site-packages/airflow/example_dags/example_task_group_decorator.py took 0.096 seconds
[2023-08-11T07:59:57.697+0000] {processor.py:157} INFO - Started process (PID=983) to work on /home/airflow/.local/lib/python3.7/site-packages/airflow/example_dags/example_task_group_decorator.py
[2023-08-11T07:59:57.698+0000] {processor.py:826} INFO - Processing file /home/airflow/.local/lib/python3.7/site-packages/airflow/example_dags/example_task_group_decorator.py for tasks to queue
[2023-08-11T07:59:57.698+0000] {logging_mixin.py:150} INFO - [2023-08-11T07:59:57.698+0000] {dagbag.py:541} INFO - Filling up the DagBag from /home/airflow/.local/lib/python3.7/site-packages/airflow/example_dags/example_task_group_decorator.py
[2023-08-11T07:59:57.715+0000] {processor.py:836} INFO - DAG(s) dict_keys(['example_task_group_decorator']) retrieved from /home/airflow/.local/lib/python3.7/site-packages/airflow/example_dags/example_task_group_decorator.py
[2023-08-11T07:59:57.751+0000] {logging_mixin.py:150} INFO - [2023-08-11T07:59:57.751+0000] {dag.py:2742} INFO - Sync 1 DAGs
[2023-08-11T07:59:57.786+0000] {logging_mixin.py:150} INFO - [2023-08-11T07:59:57.785+0000] {dag.py:3508} INFO - Setting next_dagrun for example_task_group_decorator to 2023-08-10T07:59:57.784936+00:00, run_after=2023-08-11T07:59:57.784936+00:00
[2023-08-11T07:59:57.812+0000] {processor.py:179} INFO - Processing /home/airflow/.local/lib/python3.7/site-packages/airflow/example_dags/example_task_group_decorator.py took 0.118 seconds
[2023-08-11T08:00:28.403+0000] {processor.py:157} INFO - Started process (PID=1054) to work on /home/airflow/.local/lib/python3.7/site-packages/airflow/example_dags/example_task_group_decorator.py
[2023-08-11T08:00:28.406+0000] {processor.py:826} INFO - Processing file /home/airflow/.local/lib/python3.7/site-packages/airflow/example_dags/example_task_group_decorator.py for tasks to queue
[2023-08-11T08:00:28.407+0000] {logging_mixin.py:150} INFO - [2023-08-11T08:00:28.407+0000] {dagbag.py:541} INFO - Filling up the DagBag from /home/airflow/.local/lib/python3.7/site-packages/airflow/example_dags/example_task_group_decorator.py
[2023-08-11T08:00:28.428+0000] {processor.py:836} INFO - DAG(s) dict_keys(['example_task_group_decorator']) retrieved from /home/airflow/.local/lib/python3.7/site-packages/airflow/example_dags/example_task_group_decorator.py
[2023-08-11T08:00:28.468+0000] {logging_mixin.py:150} INFO - [2023-08-11T08:00:28.468+0000] {dag.py:2742} INFO - Sync 1 DAGs
[2023-08-11T08:00:28.501+0000] {logging_mixin.py:150} INFO - [2023-08-11T08:00:28.501+0000] {dag.py:3508} INFO - Setting next_dagrun for example_task_group_decorator to 2023-08-10T08:00:28.500384+00:00, run_after=2023-08-11T08:00:28.500384+00:00
[2023-08-11T08:00:28.528+0000] {processor.py:179} INFO - Processing /home/airflow/.local/lib/python3.7/site-packages/airflow/example_dags/example_task_group_decorator.py took 0.130 seconds
[2023-08-11T08:00:59.329+0000] {processor.py:157} INFO - Started process (PID=1120) to work on /home/airflow/.local/lib/python3.7/site-packages/airflow/example_dags/example_task_group_decorator.py
[2023-08-11T08:00:59.331+0000] {processor.py:826} INFO - Processing file /home/airflow/.local/lib/python3.7/site-packages/airflow/example_dags/example_task_group_decorator.py for tasks to queue
[2023-08-11T08:00:59.332+0000] {logging_mixin.py:150} INFO - [2023-08-11T08:00:59.331+0000] {dagbag.py:541} INFO - Filling up the DagBag from /home/airflow/.local/lib/python3.7/site-packages/airflow/example_dags/example_task_group_decorator.py
[2023-08-11T08:00:59.352+0000] {processor.py:836} INFO - DAG(s) dict_keys(['example_task_group_decorator']) retrieved from /home/airflow/.local/lib/python3.7/site-packages/airflow/example_dags/example_task_group_decorator.py
[2023-08-11T08:00:59.393+0000] {logging_mixin.py:150} INFO - [2023-08-11T08:00:59.393+0000] {dag.py:2742} INFO - Sync 1 DAGs
[2023-08-11T08:00:59.430+0000] {logging_mixin.py:150} INFO - [2023-08-11T08:00:59.430+0000] {dag.py:3508} INFO - Setting next_dagrun for example_task_group_decorator to 2023-08-10T08:00:59.429707+00:00, run_after=2023-08-11T08:00:59.429707+00:00
[2023-08-11T08:00:59.459+0000] {processor.py:179} INFO - Processing /home/airflow/.local/lib/python3.7/site-packages/airflow/example_dags/example_task_group_decorator.py took 0.134 seconds
[2023-08-11T08:01:29.516+0000] {processor.py:157} INFO - Started process (PID=1188) to work on /home/airflow/.local/lib/python3.7/site-packages/airflow/example_dags/example_task_group_decorator.py
[2023-08-11T08:01:29.517+0000] {processor.py:826} INFO - Processing file /home/airflow/.local/lib/python3.7/site-packages/airflow/example_dags/example_task_group_decorator.py for tasks to queue
[2023-08-11T08:01:29.518+0000] {logging_mixin.py:150} INFO - [2023-08-11T08:01:29.517+0000] {dagbag.py:541} INFO - Filling up the DagBag from /home/airflow/.local/lib/python3.7/site-packages/airflow/example_dags/example_task_group_decorator.py
[2023-08-11T08:01:29.537+0000] {processor.py:836} INFO - DAG(s) dict_keys(['example_task_group_decorator']) retrieved from /home/airflow/.local/lib/python3.7/site-packages/airflow/example_dags/example_task_group_decorator.py
[2023-08-11T08:01:29.574+0000] {logging_mixin.py:150} INFO - [2023-08-11T08:01:29.573+0000] {dag.py:2742} INFO - Sync 1 DAGs
[2023-08-11T08:01:29.602+0000] {logging_mixin.py:150} INFO - [2023-08-11T08:01:29.602+0000] {dag.py:3508} INFO - Setting next_dagrun for example_task_group_decorator to 2023-08-10T08:01:29.601955+00:00, run_after=2023-08-11T08:01:29.601955+00:00
[2023-08-11T08:01:29.632+0000] {processor.py:179} INFO - Processing /home/airflow/.local/lib/python3.7/site-packages/airflow/example_dags/example_task_group_decorator.py took 0.120 seconds
[2023-08-11T08:01:59.832+0000] {processor.py:157} INFO - Started process (PID=1254) to work on /home/airflow/.local/lib/python3.7/site-packages/airflow/example_dags/example_task_group_decorator.py
[2023-08-11T08:01:59.833+0000] {processor.py:826} INFO - Processing file /home/airflow/.local/lib/python3.7/site-packages/airflow/example_dags/example_task_group_decorator.py for tasks to queue
[2023-08-11T08:01:59.834+0000] {logging_mixin.py:150} INFO - [2023-08-11T08:01:59.834+0000] {dagbag.py:541} INFO - Filling up the DagBag from /home/airflow/.local/lib/python3.7/site-packages/airflow/example_dags/example_task_group_decorator.py
[2023-08-11T08:01:59.853+0000] {processor.py:836} INFO - DAG(s) dict_keys(['example_task_group_decorator']) retrieved from /home/airflow/.local/lib/python3.7/site-packages/airflow/example_dags/example_task_group_decorator.py
[2023-08-11T08:01:59.893+0000] {logging_mixin.py:150} INFO - [2023-08-11T08:01:59.892+0000] {dag.py:2742} INFO - Sync 1 DAGs
[2023-08-11T08:01:59.926+0000] {logging_mixin.py:150} INFO - [2023-08-11T08:01:59.926+0000] {dag.py:3508} INFO - Setting next_dagrun for example_task_group_decorator to 2023-08-10T08:01:59.926340+00:00, run_after=2023-08-11T08:01:59.926340+00:00
[2023-08-11T08:01:59.955+0000] {processor.py:179} INFO - Processing /home/airflow/.local/lib/python3.7/site-packages/airflow/example_dags/example_task_group_decorator.py took 0.126 seconds
[2023-08-11T08:02:30.104+0000] {processor.py:157} INFO - Started process (PID=1323) to work on /home/airflow/.local/lib/python3.7/site-packages/airflow/example_dags/example_task_group_decorator.py
[2023-08-11T08:02:30.105+0000] {processor.py:826} INFO - Processing file /home/airflow/.local/lib/python3.7/site-packages/airflow/example_dags/example_task_group_decorator.py for tasks to queue
[2023-08-11T08:02:30.106+0000] {logging_mixin.py:150} INFO - [2023-08-11T08:02:30.105+0000] {dagbag.py:541} INFO - Filling up the DagBag from /home/airflow/.local/lib/python3.7/site-packages/airflow/example_dags/example_task_group_decorator.py
[2023-08-11T08:02:30.124+0000] {processor.py:836} INFO - DAG(s) dict_keys(['example_task_group_decorator']) retrieved from /home/airflow/.local/lib/python3.7/site-packages/airflow/example_dags/example_task_group_decorator.py
[2023-08-11T08:02:30.170+0000] {logging_mixin.py:150} INFO - [2023-08-11T08:02:30.169+0000] {dag.py:2742} INFO - Sync 1 DAGs
[2023-08-11T08:02:30.205+0000] {logging_mixin.py:150} INFO - [2023-08-11T08:02:30.204+0000] {dag.py:3508} INFO - Setting next_dagrun for example_task_group_decorator to 2023-08-10T08:02:30.204538+00:00, run_after=2023-08-11T08:02:30.204538+00:00
[2023-08-11T08:02:30.240+0000] {processor.py:179} INFO - Processing /home/airflow/.local/lib/python3.7/site-packages/airflow/example_dags/example_task_group_decorator.py took 0.140 seconds
[2023-08-11T08:03:00.629+0000] {processor.py:157} INFO - Started process (PID=1389) to work on /home/airflow/.local/lib/python3.7/site-packages/airflow/example_dags/example_task_group_decorator.py
[2023-08-11T08:03:00.631+0000] {processor.py:826} INFO - Processing file /home/airflow/.local/lib/python3.7/site-packages/airflow/example_dags/example_task_group_decorator.py for tasks to queue
[2023-08-11T08:03:00.632+0000] {logging_mixin.py:150} INFO - [2023-08-11T08:03:00.632+0000] {dagbag.py:541} INFO - Filling up the DagBag from /home/airflow/.local/lib/python3.7/site-packages/airflow/example_dags/example_task_group_decorator.py
[2023-08-11T08:03:00.657+0000] {processor.py:836} INFO - DAG(s) dict_keys(['example_task_group_decorator']) retrieved from /home/airflow/.local/lib/python3.7/site-packages/airflow/example_dags/example_task_group_decorator.py
[2023-08-11T08:03:00.699+0000] {logging_mixin.py:150} INFO - [2023-08-11T08:03:00.698+0000] {dag.py:2742} INFO - Sync 1 DAGs
[2023-08-11T08:03:00.729+0000] {logging_mixin.py:150} INFO - [2023-08-11T08:03:00.729+0000] {dag.py:3508} INFO - Setting next_dagrun for example_task_group_decorator to 2023-08-10T08:03:00.729401+00:00, run_after=2023-08-11T08:03:00.729401+00:00
[2023-08-11T08:03:00.755+0000] {processor.py:179} INFO - Processing /home/airflow/.local/lib/python3.7/site-packages/airflow/example_dags/example_task_group_decorator.py took 0.132 seconds
[2023-08-11T08:03:31.000+0000] {processor.py:157} INFO - Started process (PID=1456) to work on /home/airflow/.local/lib/python3.7/site-packages/airflow/example_dags/example_task_group_decorator.py
[2023-08-11T08:03:31.001+0000] {processor.py:826} INFO - Processing file /home/airflow/.local/lib/python3.7/site-packages/airflow/example_dags/example_task_group_decorator.py for tasks to queue
[2023-08-11T08:03:31.002+0000] {logging_mixin.py:150} INFO - [2023-08-11T08:03:31.001+0000] {dagbag.py:541} INFO - Filling up the DagBag from /home/airflow/.local/lib/python3.7/site-packages/airflow/example_dags/example_task_group_decorator.py
[2023-08-11T08:03:31.017+0000] {processor.py:836} INFO - DAG(s) dict_keys(['example_task_group_decorator']) retrieved from /home/airflow/.local/lib/python3.7/site-packages/airflow/example_dags/example_task_group_decorator.py
[2023-08-11T08:03:31.044+0000] {logging_mixin.py:150} INFO - [2023-08-11T08:03:31.044+0000] {dag.py:2742} INFO - Sync 1 DAGs
[2023-08-11T08:03:31.073+0000] {logging_mixin.py:150} INFO - [2023-08-11T08:03:31.073+0000] {dag.py:3508} INFO - Setting next_dagrun for example_task_group_decorator to 2023-08-10T08:03:31.072857+00:00, run_after=2023-08-11T08:03:31.072857+00:00
[2023-08-11T08:03:31.099+0000] {processor.py:179} INFO - Processing /home/airflow/.local/lib/python3.7/site-packages/airflow/example_dags/example_task_group_decorator.py took 0.104 seconds
[2023-08-11T08:04:02.030+0000] {processor.py:157} INFO - Started process (PID=1529) to work on /home/airflow/.local/lib/python3.7/site-packages/airflow/example_dags/example_task_group_decorator.py
[2023-08-11T08:04:02.032+0000] {processor.py:826} INFO - Processing file /home/airflow/.local/lib/python3.7/site-packages/airflow/example_dags/example_task_group_decorator.py for tasks to queue
[2023-08-11T08:04:02.032+0000] {logging_mixin.py:150} INFO - [2023-08-11T08:04:02.032+0000] {dagbag.py:541} INFO - Filling up the DagBag from /home/airflow/.local/lib/python3.7/site-packages/airflow/example_dags/example_task_group_decorator.py
[2023-08-11T08:04:02.050+0000] {processor.py:836} INFO - DAG(s) dict_keys(['example_task_group_decorator']) retrieved from /home/airflow/.local/lib/python3.7/site-packages/airflow/example_dags/example_task_group_decorator.py
[2023-08-11T08:04:02.085+0000] {logging_mixin.py:150} INFO - [2023-08-11T08:04:02.085+0000] {dag.py:2742} INFO - Sync 1 DAGs
[2023-08-11T08:04:02.114+0000] {logging_mixin.py:150} INFO - [2023-08-11T08:04:02.114+0000] {dag.py:3508} INFO - Setting next_dagrun for example_task_group_decorator to 2023-08-10T08:04:02.113546+00:00, run_after=2023-08-11T08:04:02.113546+00:00
[2023-08-11T08:04:02.138+0000] {processor.py:179} INFO - Processing /home/airflow/.local/lib/python3.7/site-packages/airflow/example_dags/example_task_group_decorator.py took 0.112 seconds
[2023-08-11T08:04:32.677+0000] {processor.py:157} INFO - Started process (PID=1603) to work on /home/airflow/.local/lib/python3.7/site-packages/airflow/example_dags/example_task_group_decorator.py
[2023-08-11T08:04:32.677+0000] {processor.py:826} INFO - Processing file /home/airflow/.local/lib/python3.7/site-packages/airflow/example_dags/example_task_group_decorator.py for tasks to queue
[2023-08-11T08:04:32.678+0000] {logging_mixin.py:150} INFO - [2023-08-11T08:04:32.678+0000] {dagbag.py:541} INFO - Filling up the DagBag from /home/airflow/.local/lib/python3.7/site-packages/airflow/example_dags/example_task_group_decorator.py
[2023-08-11T08:04:32.693+0000] {processor.py:836} INFO - DAG(s) dict_keys(['example_task_group_decorator']) retrieved from /home/airflow/.local/lib/python3.7/site-packages/airflow/example_dags/example_task_group_decorator.py
[2023-08-11T08:04:32.723+0000] {logging_mixin.py:150} INFO - [2023-08-11T08:04:32.723+0000] {dag.py:2742} INFO - Sync 1 DAGs
[2023-08-11T08:04:32.746+0000] {logging_mixin.py:150} INFO - [2023-08-11T08:04:32.745+0000] {dag.py:3508} INFO - Setting next_dagrun for example_task_group_decorator to 2023-08-10T08:04:32.745723+00:00, run_after=2023-08-11T08:04:32.745723+00:00
[2023-08-11T08:04:32.767+0000] {processor.py:179} INFO - Processing /home/airflow/.local/lib/python3.7/site-packages/airflow/example_dags/example_task_group_decorator.py took 0.093 seconds
[2023-08-11T08:05:03.476+0000] {processor.py:157} INFO - Started process (PID=1669) to work on /home/airflow/.local/lib/python3.7/site-packages/airflow/example_dags/example_task_group_decorator.py
[2023-08-11T08:05:03.477+0000] {processor.py:826} INFO - Processing file /home/airflow/.local/lib/python3.7/site-packages/airflow/example_dags/example_task_group_decorator.py for tasks to queue
[2023-08-11T08:05:03.478+0000] {logging_mixin.py:150} INFO - [2023-08-11T08:05:03.478+0000] {dagbag.py:541} INFO - Filling up the DagBag from /home/airflow/.local/lib/python3.7/site-packages/airflow/example_dags/example_task_group_decorator.py
[2023-08-11T08:05:03.491+0000] {processor.py:836} INFO - DAG(s) dict_keys(['example_task_group_decorator']) retrieved from /home/airflow/.local/lib/python3.7/site-packages/airflow/example_dags/example_task_group_decorator.py
[2023-08-11T08:05:03.521+0000] {logging_mixin.py:150} INFO - [2023-08-11T08:05:03.521+0000] {dag.py:2742} INFO - Sync 1 DAGs
[2023-08-11T08:05:03.543+0000] {logging_mixin.py:150} INFO - [2023-08-11T08:05:03.543+0000] {dag.py:3508} INFO - Setting next_dagrun for example_task_group_decorator to 2023-08-10T08:05:03.543216+00:00, run_after=2023-08-11T08:05:03.543216+00:00
[2023-08-11T08:05:03.565+0000] {processor.py:179} INFO - Processing /home/airflow/.local/lib/python3.7/site-packages/airflow/example_dags/example_task_group_decorator.py took 0.091 seconds
[2023-08-11T08:05:34.874+0000] {processor.py:157} INFO - Started process (PID=1736) to work on /home/airflow/.local/lib/python3.7/site-packages/airflow/example_dags/example_task_group_decorator.py
[2023-08-11T08:05:34.876+0000] {processor.py:826} INFO - Processing file /home/airflow/.local/lib/python3.7/site-packages/airflow/example_dags/example_task_group_decorator.py for tasks to queue
[2023-08-11T08:05:34.877+0000] {logging_mixin.py:150} INFO - [2023-08-11T08:05:34.876+0000] {dagbag.py:541} INFO - Filling up the DagBag from /home/airflow/.local/lib/python3.7/site-packages/airflow/example_dags/example_task_group_decorator.py
[2023-08-11T08:05:34.896+0000] {processor.py:836} INFO - DAG(s) dict_keys(['example_task_group_decorator']) retrieved from /home/airflow/.local/lib/python3.7/site-packages/airflow/example_dags/example_task_group_decorator.py
[2023-08-11T08:05:34.931+0000] {logging_mixin.py:150} INFO - [2023-08-11T08:05:34.931+0000] {dag.py:2742} INFO - Sync 1 DAGs
[2023-08-11T08:05:34.961+0000] {logging_mixin.py:150} INFO - [2023-08-11T08:05:34.961+0000] {dag.py:3508} INFO - Setting next_dagrun for example_task_group_decorator to 2023-08-10T08:05:34.961104+00:00, run_after=2023-08-11T08:05:34.961104+00:00
[2023-08-11T08:05:34.993+0000] {processor.py:179} INFO - Processing /home/airflow/.local/lib/python3.7/site-packages/airflow/example_dags/example_task_group_decorator.py took 0.123 seconds
[2023-08-11T08:06:06.261+0000] {processor.py:157} INFO - Started process (PID=1803) to work on /home/airflow/.local/lib/python3.7/site-packages/airflow/example_dags/example_task_group_decorator.py
[2023-08-11T08:06:06.263+0000] {processor.py:826} INFO - Processing file /home/airflow/.local/lib/python3.7/site-packages/airflow/example_dags/example_task_group_decorator.py for tasks to queue
[2023-08-11T08:06:06.264+0000] {logging_mixin.py:150} INFO - [2023-08-11T08:06:06.263+0000] {dagbag.py:541} INFO - Filling up the DagBag from /home/airflow/.local/lib/python3.7/site-packages/airflow/example_dags/example_task_group_decorator.py
[2023-08-11T08:06:06.288+0000] {processor.py:836} INFO - DAG(s) dict_keys(['example_task_group_decorator']) retrieved from /home/airflow/.local/lib/python3.7/site-packages/airflow/example_dags/example_task_group_decorator.py
[2023-08-11T08:06:06.342+0000] {logging_mixin.py:150} INFO - [2023-08-11T08:06:06.342+0000] {dag.py:2742} INFO - Sync 1 DAGs
[2023-08-11T08:06:06.393+0000] {logging_mixin.py:150} INFO - [2023-08-11T08:06:06.392+0000] {dag.py:3508} INFO - Setting next_dagrun for example_task_group_decorator to 2023-08-10T08:06:06.392450+00:00, run_after=2023-08-11T08:06:06.392450+00:00
[2023-08-11T08:06:06.439+0000] {processor.py:179} INFO - Processing /home/airflow/.local/lib/python3.7/site-packages/airflow/example_dags/example_task_group_decorator.py took 0.184 seconds
[2023-08-11T08:06:37.068+0000] {processor.py:157} INFO - Started process (PID=1873) to work on /home/airflow/.local/lib/python3.7/site-packages/airflow/example_dags/example_task_group_decorator.py
[2023-08-11T08:06:37.070+0000] {processor.py:826} INFO - Processing file /home/airflow/.local/lib/python3.7/site-packages/airflow/example_dags/example_task_group_decorator.py for tasks to queue
[2023-08-11T08:06:37.072+0000] {logging_mixin.py:150} INFO - [2023-08-11T08:06:37.071+0000] {dagbag.py:541} INFO - Filling up the DagBag from /home/airflow/.local/lib/python3.7/site-packages/airflow/example_dags/example_task_group_decorator.py
[2023-08-11T08:06:37.099+0000] {processor.py:836} INFO - DAG(s) dict_keys(['example_task_group_decorator']) retrieved from /home/airflow/.local/lib/python3.7/site-packages/airflow/example_dags/example_task_group_decorator.py
[2023-08-11T08:06:37.148+0000] {logging_mixin.py:150} INFO - [2023-08-11T08:06:37.148+0000] {dag.py:2742} INFO - Sync 1 DAGs
[2023-08-11T08:06:37.198+0000] {logging_mixin.py:150} INFO - [2023-08-11T08:06:37.198+0000] {dag.py:3508} INFO - Setting next_dagrun for example_task_group_decorator to 2023-08-10T08:06:37.197708+00:00, run_after=2023-08-11T08:06:37.197708+00:00
[2023-08-11T08:06:37.247+0000] {processor.py:179} INFO - Processing /home/airflow/.local/lib/python3.7/site-packages/airflow/example_dags/example_task_group_decorator.py took 0.183 seconds
[2023-08-11T08:07:07.415+0000] {processor.py:157} INFO - Started process (PID=1941) to work on /home/airflow/.local/lib/python3.7/site-packages/airflow/example_dags/example_task_group_decorator.py
[2023-08-11T08:07:07.415+0000] {processor.py:826} INFO - Processing file /home/airflow/.local/lib/python3.7/site-packages/airflow/example_dags/example_task_group_decorator.py for tasks to queue
[2023-08-11T08:07:07.416+0000] {logging_mixin.py:150} INFO - [2023-08-11T08:07:07.416+0000] {dagbag.py:541} INFO - Filling up the DagBag from /home/airflow/.local/lib/python3.7/site-packages/airflow/example_dags/example_task_group_decorator.py
[2023-08-11T08:07:07.434+0000] {processor.py:836} INFO - DAG(s) dict_keys(['example_task_group_decorator']) retrieved from /home/airflow/.local/lib/python3.7/site-packages/airflow/example_dags/example_task_group_decorator.py
[2023-08-11T08:07:07.469+0000] {logging_mixin.py:150} INFO - [2023-08-11T08:07:07.469+0000] {dag.py:2742} INFO - Sync 1 DAGs
[2023-08-11T08:07:07.498+0000] {logging_mixin.py:150} INFO - [2023-08-11T08:07:07.497+0000] {dag.py:3508} INFO - Setting next_dagrun for example_task_group_decorator to 2023-08-10T08:07:07.497675+00:00, run_after=2023-08-11T08:07:07.497675+00:00
[2023-08-11T08:07:07.523+0000] {processor.py:179} INFO - Processing /home/airflow/.local/lib/python3.7/site-packages/airflow/example_dags/example_task_group_decorator.py took 0.113 seconds
[2023-08-11T08:07:38.343+0000] {processor.py:157} INFO - Started process (PID=2010) to work on /home/airflow/.local/lib/python3.7/site-packages/airflow/example_dags/example_task_group_decorator.py
[2023-08-11T08:07:38.345+0000] {processor.py:826} INFO - Processing file /home/airflow/.local/lib/python3.7/site-packages/airflow/example_dags/example_task_group_decorator.py for tasks to queue
[2023-08-11T08:07:38.345+0000] {logging_mixin.py:150} INFO - [2023-08-11T08:07:38.345+0000] {dagbag.py:541} INFO - Filling up the DagBag from /home/airflow/.local/lib/python3.7/site-packages/airflow/example_dags/example_task_group_decorator.py
[2023-08-11T08:07:38.359+0000] {processor.py:836} INFO - DAG(s) dict_keys(['example_task_group_decorator']) retrieved from /home/airflow/.local/lib/python3.7/site-packages/airflow/example_dags/example_task_group_decorator.py
[2023-08-11T08:07:38.385+0000] {logging_mixin.py:150} INFO - [2023-08-11T08:07:38.385+0000] {dag.py:2742} INFO - Sync 1 DAGs
[2023-08-11T08:07:38.412+0000] {logging_mixin.py:150} INFO - [2023-08-11T08:07:38.412+0000] {dag.py:3508} INFO - Setting next_dagrun for example_task_group_decorator to 2023-08-10T08:07:38.412266+00:00, run_after=2023-08-11T08:07:38.412266+00:00
[2023-08-11T08:07:38.430+0000] {processor.py:179} INFO - Processing /home/airflow/.local/lib/python3.7/site-packages/airflow/example_dags/example_task_group_decorator.py took 0.090 seconds
[2023-08-11T08:08:08.600+0000] {processor.py:157} INFO - Started process (PID=2076) to work on /home/airflow/.local/lib/python3.7/site-packages/airflow/example_dags/example_task_group_decorator.py
[2023-08-11T08:08:08.601+0000] {processor.py:826} INFO - Processing file /home/airflow/.local/lib/python3.7/site-packages/airflow/example_dags/example_task_group_decorator.py for tasks to queue
[2023-08-11T08:08:08.602+0000] {logging_mixin.py:150} INFO - [2023-08-11T08:08:08.602+0000] {dagbag.py:541} INFO - Filling up the DagBag from /home/airflow/.local/lib/python3.7/site-packages/airflow/example_dags/example_task_group_decorator.py
[2023-08-11T08:08:08.615+0000] {processor.py:836} INFO - DAG(s) dict_keys(['example_task_group_decorator']) retrieved from /home/airflow/.local/lib/python3.7/site-packages/airflow/example_dags/example_task_group_decorator.py
[2023-08-11T08:08:08.641+0000] {logging_mixin.py:150} INFO - [2023-08-11T08:08:08.640+0000] {dag.py:2742} INFO - Sync 1 DAGs
[2023-08-11T08:08:08.663+0000] {logging_mixin.py:150} INFO - [2023-08-11T08:08:08.663+0000] {dag.py:3508} INFO - Setting next_dagrun for example_task_group_decorator to 2023-08-10T08:08:08.663553+00:00, run_after=2023-08-11T08:08:08.663553+00:00
[2023-08-11T08:08:08.682+0000] {processor.py:179} INFO - Processing /home/airflow/.local/lib/python3.7/site-packages/airflow/example_dags/example_task_group_decorator.py took 0.085 seconds
[2023-08-11T08:08:39.194+0000] {processor.py:157} INFO - Started process (PID=2142) to work on /home/airflow/.local/lib/python3.7/site-packages/airflow/example_dags/example_task_group_decorator.py
[2023-08-11T08:08:39.195+0000] {processor.py:826} INFO - Processing file /home/airflow/.local/lib/python3.7/site-packages/airflow/example_dags/example_task_group_decorator.py for tasks to queue
[2023-08-11T08:08:39.196+0000] {logging_mixin.py:150} INFO - [2023-08-11T08:08:39.195+0000] {dagbag.py:541} INFO - Filling up the DagBag from /home/airflow/.local/lib/python3.7/site-packages/airflow/example_dags/example_task_group_decorator.py
[2023-08-11T08:08:39.209+0000] {processor.py:836} INFO - DAG(s) dict_keys(['example_task_group_decorator']) retrieved from /home/airflow/.local/lib/python3.7/site-packages/airflow/example_dags/example_task_group_decorator.py
[2023-08-11T08:08:39.235+0000] {logging_mixin.py:150} INFO - [2023-08-11T08:08:39.235+0000] {dag.py:2742} INFO - Sync 1 DAGs
[2023-08-11T08:08:39.260+0000] {logging_mixin.py:150} INFO - [2023-08-11T08:08:39.260+0000] {dag.py:3508} INFO - Setting next_dagrun for example_task_group_decorator to 2023-08-10T08:08:39.259406+00:00, run_after=2023-08-11T08:08:39.259406+00:00
[2023-08-11T08:08:39.279+0000] {processor.py:179} INFO - Processing /home/airflow/.local/lib/python3.7/site-packages/airflow/example_dags/example_task_group_decorator.py took 0.089 seconds
[2023-08-11T08:09:09.669+0000] {processor.py:157} INFO - Started process (PID=2208) to work on /home/airflow/.local/lib/python3.7/site-packages/airflow/example_dags/example_task_group_decorator.py
[2023-08-11T08:09:09.670+0000] {processor.py:826} INFO - Processing file /home/airflow/.local/lib/python3.7/site-packages/airflow/example_dags/example_task_group_decorator.py for tasks to queue
[2023-08-11T08:09:09.671+0000] {logging_mixin.py:150} INFO - [2023-08-11T08:09:09.670+0000] {dagbag.py:541} INFO - Filling up the DagBag from /home/airflow/.local/lib/python3.7/site-packages/airflow/example_dags/example_task_group_decorator.py
[2023-08-11T08:09:09.684+0000] {processor.py:836} INFO - DAG(s) dict_keys(['example_task_group_decorator']) retrieved from /home/airflow/.local/lib/python3.7/site-packages/airflow/example_dags/example_task_group_decorator.py
[2023-08-11T08:09:09.708+0000] {logging_mixin.py:150} INFO - [2023-08-11T08:09:09.708+0000] {dag.py:2742} INFO - Sync 1 DAGs
[2023-08-11T08:09:09.732+0000] {logging_mixin.py:150} INFO - [2023-08-11T08:09:09.732+0000] {dag.py:3508} INFO - Setting next_dagrun for example_task_group_decorator to 2023-08-10T08:09:09.732248+00:00, run_after=2023-08-11T08:09:09.732248+00:00
[2023-08-11T08:09:09.749+0000] {processor.py:179} INFO - Processing /home/airflow/.local/lib/python3.7/site-packages/airflow/example_dags/example_task_group_decorator.py took 0.083 seconds
[2023-08-11T08:09:40.009+0000] {processor.py:157} INFO - Started process (PID=2274) to work on /home/airflow/.local/lib/python3.7/site-packages/airflow/example_dags/example_task_group_decorator.py
[2023-08-11T08:09:40.009+0000] {processor.py:826} INFO - Processing file /home/airflow/.local/lib/python3.7/site-packages/airflow/example_dags/example_task_group_decorator.py for tasks to queue
[2023-08-11T08:09:40.010+0000] {logging_mixin.py:150} INFO - [2023-08-11T08:09:40.009+0000] {dagbag.py:541} INFO - Filling up the DagBag from /home/airflow/.local/lib/python3.7/site-packages/airflow/example_dags/example_task_group_decorator.py
[2023-08-11T08:09:40.024+0000] {processor.py:836} INFO - DAG(s) dict_keys(['example_task_group_decorator']) retrieved from /home/airflow/.local/lib/python3.7/site-packages/airflow/example_dags/example_task_group_decorator.py
[2023-08-11T08:09:40.051+0000] {logging_mixin.py:150} INFO - [2023-08-11T08:09:40.050+0000] {dag.py:2742} INFO - Sync 1 DAGs
[2023-08-11T08:09:40.071+0000] {logging_mixin.py:150} INFO - [2023-08-11T08:09:40.071+0000] {dag.py:3508} INFO - Setting next_dagrun for example_task_group_decorator to 2023-08-10T08:09:40.071357+00:00, run_after=2023-08-11T08:09:40.071357+00:00
[2023-08-11T08:09:40.091+0000] {processor.py:179} INFO - Processing /home/airflow/.local/lib/python3.7/site-packages/airflow/example_dags/example_task_group_decorator.py took 0.085 seconds
[2023-08-11T08:10:10.810+0000] {processor.py:157} INFO - Started process (PID=2340) to work on /home/airflow/.local/lib/python3.7/site-packages/airflow/example_dags/example_task_group_decorator.py
[2023-08-11T08:10:10.811+0000] {processor.py:826} INFO - Processing file /home/airflow/.local/lib/python3.7/site-packages/airflow/example_dags/example_task_group_decorator.py for tasks to queue
[2023-08-11T08:10:10.812+0000] {logging_mixin.py:150} INFO - [2023-08-11T08:10:10.812+0000] {dagbag.py:541} INFO - Filling up the DagBag from /home/airflow/.local/lib/python3.7/site-packages/airflow/example_dags/example_task_group_decorator.py
[2023-08-11T08:10:10.832+0000] {processor.py:836} INFO - DAG(s) dict_keys(['example_task_group_decorator']) retrieved from /home/airflow/.local/lib/python3.7/site-packages/airflow/example_dags/example_task_group_decorator.py
[2023-08-11T08:10:10.868+0000] {logging_mixin.py:150} INFO - [2023-08-11T08:10:10.867+0000] {dag.py:2742} INFO - Sync 1 DAGs
[2023-08-11T08:10:10.900+0000] {logging_mixin.py:150} INFO - [2023-08-11T08:10:10.900+0000] {dag.py:3508} INFO - Setting next_dagrun for example_task_group_decorator to 2023-08-10T08:10:10.899834+00:00, run_after=2023-08-11T08:10:10.899834+00:00
[2023-08-11T08:10:10.926+0000] {processor.py:179} INFO - Processing /home/airflow/.local/lib/python3.7/site-packages/airflow/example_dags/example_task_group_decorator.py took 0.119 seconds
[2023-08-11T08:10:41.192+0000] {processor.py:157} INFO - Started process (PID=2406) to work on /home/airflow/.local/lib/python3.7/site-packages/airflow/example_dags/example_task_group_decorator.py
[2023-08-11T08:10:41.192+0000] {processor.py:826} INFO - Processing file /home/airflow/.local/lib/python3.7/site-packages/airflow/example_dags/example_task_group_decorator.py for tasks to queue
[2023-08-11T08:10:41.193+0000] {logging_mixin.py:150} INFO - [2023-08-11T08:10:41.193+0000] {dagbag.py:541} INFO - Filling up the DagBag from /home/airflow/.local/lib/python3.7/site-packages/airflow/example_dags/example_task_group_decorator.py
[2023-08-11T08:10:41.212+0000] {processor.py:836} INFO - DAG(s) dict_keys(['example_task_group_decorator']) retrieved from /home/airflow/.local/lib/python3.7/site-packages/airflow/example_dags/example_task_group_decorator.py
[2023-08-11T08:10:41.251+0000] {logging_mixin.py:150} INFO - [2023-08-11T08:10:41.250+0000] {dag.py:2742} INFO - Sync 1 DAGs
[2023-08-11T08:10:41.286+0000] {logging_mixin.py:150} INFO - [2023-08-11T08:10:41.286+0000] {dag.py:3508} INFO - Setting next_dagrun for example_task_group_decorator to 2023-08-10T08:10:41.286327+00:00, run_after=2023-08-11T08:10:41.286327+00:00
[2023-08-11T08:10:41.319+0000] {processor.py:179} INFO - Processing /home/airflow/.local/lib/python3.7/site-packages/airflow/example_dags/example_task_group_decorator.py took 0.131 seconds
[2023-08-11T08:11:11.743+0000] {processor.py:157} INFO - Started process (PID=2473) to work on /home/airflow/.local/lib/python3.7/site-packages/airflow/example_dags/example_task_group_decorator.py
[2023-08-11T08:11:11.744+0000] {processor.py:826} INFO - Processing file /home/airflow/.local/lib/python3.7/site-packages/airflow/example_dags/example_task_group_decorator.py for tasks to queue
[2023-08-11T08:11:11.745+0000] {logging_mixin.py:150} INFO - [2023-08-11T08:11:11.744+0000] {dagbag.py:541} INFO - Filling up the DagBag from /home/airflow/.local/lib/python3.7/site-packages/airflow/example_dags/example_task_group_decorator.py
[2023-08-11T08:11:11.757+0000] {processor.py:836} INFO - DAG(s) dict_keys(['example_task_group_decorator']) retrieved from /home/airflow/.local/lib/python3.7/site-packages/airflow/example_dags/example_task_group_decorator.py
[2023-08-11T08:11:11.784+0000] {logging_mixin.py:150} INFO - [2023-08-11T08:11:11.783+0000] {dag.py:2742} INFO - Sync 1 DAGs
[2023-08-11T08:11:11.805+0000] {logging_mixin.py:150} INFO - [2023-08-11T08:11:11.805+0000] {dag.py:3508} INFO - Setting next_dagrun for example_task_group_decorator to 2023-08-10T08:11:11.805521+00:00, run_after=2023-08-11T08:11:11.805521+00:00
[2023-08-11T08:11:11.822+0000] {processor.py:179} INFO - Processing /home/airflow/.local/lib/python3.7/site-packages/airflow/example_dags/example_task_group_decorator.py took 0.082 seconds
[2023-08-11T08:11:42.422+0000] {processor.py:157} INFO - Started process (PID=2539) to work on /home/airflow/.local/lib/python3.7/site-packages/airflow/example_dags/example_task_group_decorator.py
[2023-08-11T08:11:42.423+0000] {processor.py:826} INFO - Processing file /home/airflow/.local/lib/python3.7/site-packages/airflow/example_dags/example_task_group_decorator.py for tasks to queue
[2023-08-11T08:11:42.423+0000] {logging_mixin.py:150} INFO - [2023-08-11T08:11:42.423+0000] {dagbag.py:541} INFO - Filling up the DagBag from /home/airflow/.local/lib/python3.7/site-packages/airflow/example_dags/example_task_group_decorator.py
[2023-08-11T08:11:42.438+0000] {processor.py:836} INFO - DAG(s) dict_keys(['example_task_group_decorator']) retrieved from /home/airflow/.local/lib/python3.7/site-packages/airflow/example_dags/example_task_group_decorator.py
[2023-08-11T08:11:42.474+0000] {logging_mixin.py:150} INFO - [2023-08-11T08:11:42.474+0000] {dag.py:2742} INFO - Sync 1 DAGs
[2023-08-11T08:11:42.523+0000] {logging_mixin.py:150} INFO - [2023-08-11T08:11:42.523+0000] {dag.py:3508} INFO - Setting next_dagrun for example_task_group_decorator to 2023-08-10T08:11:42.522977+00:00, run_after=2023-08-11T08:11:42.522977+00:00
[2023-08-11T08:11:42.548+0000] {processor.py:179} INFO - Processing /home/airflow/.local/lib/python3.7/site-packages/airflow/example_dags/example_task_group_decorator.py took 0.129 seconds
[2023-08-11T08:12:12.982+0000] {processor.py:157} INFO - Started process (PID=2605) to work on /home/airflow/.local/lib/python3.7/site-packages/airflow/example_dags/example_task_group_decorator.py
[2023-08-11T08:12:12.983+0000] {processor.py:826} INFO - Processing file /home/airflow/.local/lib/python3.7/site-packages/airflow/example_dags/example_task_group_decorator.py for tasks to queue
[2023-08-11T08:12:12.984+0000] {logging_mixin.py:150} INFO - [2023-08-11T08:12:12.984+0000] {dagbag.py:541} INFO - Filling up the DagBag from /home/airflow/.local/lib/python3.7/site-packages/airflow/example_dags/example_task_group_decorator.py
[2023-08-11T08:12:12.998+0000] {processor.py:836} INFO - DAG(s) dict_keys(['example_task_group_decorator']) retrieved from /home/airflow/.local/lib/python3.7/site-packages/airflow/example_dags/example_task_group_decorator.py
[2023-08-11T08:12:13.027+0000] {logging_mixin.py:150} INFO - [2023-08-11T08:12:13.026+0000] {dag.py:2742} INFO - Sync 1 DAGs
[2023-08-11T08:12:13.050+0000] {logging_mixin.py:150} INFO - [2023-08-11T08:12:13.050+0000] {dag.py:3508} INFO - Setting next_dagrun for example_task_group_decorator to 2023-08-10T08:12:13.050265+00:00, run_after=2023-08-11T08:12:13.050265+00:00
[2023-08-11T08:12:13.074+0000] {processor.py:179} INFO - Processing /home/airflow/.local/lib/python3.7/site-packages/airflow/example_dags/example_task_group_decorator.py took 0.095 seconds
[2023-08-11T08:12:43.700+0000] {processor.py:157} INFO - Started process (PID=2671) to work on /home/airflow/.local/lib/python3.7/site-packages/airflow/example_dags/example_task_group_decorator.py
[2023-08-11T08:12:43.701+0000] {processor.py:826} INFO - Processing file /home/airflow/.local/lib/python3.7/site-packages/airflow/example_dags/example_task_group_decorator.py for tasks to queue
[2023-08-11T08:12:43.702+0000] {logging_mixin.py:150} INFO - [2023-08-11T08:12:43.702+0000] {dagbag.py:541} INFO - Filling up the DagBag from /home/airflow/.local/lib/python3.7/site-packages/airflow/example_dags/example_task_group_decorator.py
[2023-08-11T08:12:43.724+0000] {processor.py:836} INFO - DAG(s) dict_keys(['example_task_group_decorator']) retrieved from /home/airflow/.local/lib/python3.7/site-packages/airflow/example_dags/example_task_group_decorator.py
[2023-08-11T08:12:43.765+0000] {logging_mixin.py:150} INFO - [2023-08-11T08:12:43.765+0000] {dag.py:2742} INFO - Sync 1 DAGs
[2023-08-11T08:12:43.798+0000] {logging_mixin.py:150} INFO - [2023-08-11T08:12:43.798+0000] {dag.py:3508} INFO - Setting next_dagrun for example_task_group_decorator to 2023-08-10T08:12:43.798112+00:00, run_after=2023-08-11T08:12:43.798112+00:00
[2023-08-11T08:12:43.834+0000] {processor.py:179} INFO - Processing /home/airflow/.local/lib/python3.7/site-packages/airflow/example_dags/example_task_group_decorator.py took 0.137 seconds
[2023-08-11T08:13:14.774+0000] {processor.py:157} INFO - Started process (PID=2737) to work on /home/airflow/.local/lib/python3.7/site-packages/airflow/example_dags/example_task_group_decorator.py
[2023-08-11T08:13:14.776+0000] {processor.py:826} INFO - Processing file /home/airflow/.local/lib/python3.7/site-packages/airflow/example_dags/example_task_group_decorator.py for tasks to queue
[2023-08-11T08:13:14.776+0000] {logging_mixin.py:150} INFO - [2023-08-11T08:13:14.776+0000] {dagbag.py:541} INFO - Filling up the DagBag from /home/airflow/.local/lib/python3.7/site-packages/airflow/example_dags/example_task_group_decorator.py
[2023-08-11T08:13:14.790+0000] {processor.py:836} INFO - DAG(s) dict_keys(['example_task_group_decorator']) retrieved from /home/airflow/.local/lib/python3.7/site-packages/airflow/example_dags/example_task_group_decorator.py
[2023-08-11T08:13:14.818+0000] {logging_mixin.py:150} INFO - [2023-08-11T08:13:14.818+0000] {dag.py:2742} INFO - Sync 1 DAGs
[2023-08-11T08:13:14.843+0000] {logging_mixin.py:150} INFO - [2023-08-11T08:13:14.843+0000] {dag.py:3508} INFO - Setting next_dagrun for example_task_group_decorator to 2023-08-10T08:13:14.842910+00:00, run_after=2023-08-11T08:13:14.842910+00:00
[2023-08-11T08:13:14.867+0000] {processor.py:179} INFO - Processing /home/airflow/.local/lib/python3.7/site-packages/airflow/example_dags/example_task_group_decorator.py took 0.097 seconds
[2023-08-11T08:13:45.719+0000] {processor.py:157} INFO - Started process (PID=2803) to work on /home/airflow/.local/lib/python3.7/site-packages/airflow/example_dags/example_task_group_decorator.py
[2023-08-11T08:13:45.720+0000] {processor.py:826} INFO - Processing file /home/airflow/.local/lib/python3.7/site-packages/airflow/example_dags/example_task_group_decorator.py for tasks to queue
[2023-08-11T08:13:45.721+0000] {logging_mixin.py:150} INFO - [2023-08-11T08:13:45.720+0000] {dagbag.py:541} INFO - Filling up the DagBag from /home/airflow/.local/lib/python3.7/site-packages/airflow/example_dags/example_task_group_decorator.py
[2023-08-11T08:13:45.734+0000] {processor.py:836} INFO - DAG(s) dict_keys(['example_task_group_decorator']) retrieved from /home/airflow/.local/lib/python3.7/site-packages/airflow/example_dags/example_task_group_decorator.py
[2023-08-11T08:13:45.761+0000] {logging_mixin.py:150} INFO - [2023-08-11T08:13:45.761+0000] {dag.py:2742} INFO - Sync 1 DAGs
[2023-08-11T08:13:45.781+0000] {logging_mixin.py:150} INFO - [2023-08-11T08:13:45.781+0000] {dag.py:3508} INFO - Setting next_dagrun for example_task_group_decorator to 2023-08-10T08:13:45.781431+00:00, run_after=2023-08-11T08:13:45.781431+00:00
[2023-08-11T08:13:45.801+0000] {processor.py:179} INFO - Processing /home/airflow/.local/lib/python3.7/site-packages/airflow/example_dags/example_task_group_decorator.py took 0.084 seconds
[2023-08-11T08:14:16.286+0000] {processor.py:157} INFO - Started process (PID=2869) to work on /home/airflow/.local/lib/python3.7/site-packages/airflow/example_dags/example_task_group_decorator.py
[2023-08-11T08:14:16.287+0000] {processor.py:826} INFO - Processing file /home/airflow/.local/lib/python3.7/site-packages/airflow/example_dags/example_task_group_decorator.py for tasks to queue
[2023-08-11T08:14:16.288+0000] {logging_mixin.py:150} INFO - [2023-08-11T08:14:16.288+0000] {dagbag.py:541} INFO - Filling up the DagBag from /home/airflow/.local/lib/python3.7/site-packages/airflow/example_dags/example_task_group_decorator.py
[2023-08-11T08:14:16.302+0000] {processor.py:836} INFO - DAG(s) dict_keys(['example_task_group_decorator']) retrieved from /home/airflow/.local/lib/python3.7/site-packages/airflow/example_dags/example_task_group_decorator.py
[2023-08-11T08:14:16.330+0000] {logging_mixin.py:150} INFO - [2023-08-11T08:14:16.330+0000] {dag.py:2742} INFO - Sync 1 DAGs
[2023-08-11T08:14:16.352+0000] {logging_mixin.py:150} INFO - [2023-08-11T08:14:16.352+0000] {dag.py:3508} INFO - Setting next_dagrun for example_task_group_decorator to 2023-08-10T08:14:16.352488+00:00, run_after=2023-08-11T08:14:16.352488+00:00
[2023-08-11T08:14:16.372+0000] {processor.py:179} INFO - Processing /home/airflow/.local/lib/python3.7/site-packages/airflow/example_dags/example_task_group_decorator.py took 0.088 seconds
[2023-08-11T08:14:47.055+0000] {processor.py:157} INFO - Started process (PID=2936) to work on /home/airflow/.local/lib/python3.7/site-packages/airflow/example_dags/example_task_group_decorator.py
[2023-08-11T08:14:47.056+0000] {processor.py:826} INFO - Processing file /home/airflow/.local/lib/python3.7/site-packages/airflow/example_dags/example_task_group_decorator.py for tasks to queue
[2023-08-11T08:14:47.057+0000] {logging_mixin.py:150} INFO - [2023-08-11T08:14:47.057+0000] {dagbag.py:541} INFO - Filling up the DagBag from /home/airflow/.local/lib/python3.7/site-packages/airflow/example_dags/example_task_group_decorator.py
[2023-08-11T08:14:47.071+0000] {processor.py:836} INFO - DAG(s) dict_keys(['example_task_group_decorator']) retrieved from /home/airflow/.local/lib/python3.7/site-packages/airflow/example_dags/example_task_group_decorator.py
[2023-08-11T08:14:47.097+0000] {logging_mixin.py:150} INFO - [2023-08-11T08:14:47.097+0000] {dag.py:2742} INFO - Sync 1 DAGs
[2023-08-11T08:14:47.119+0000] {logging_mixin.py:150} INFO - [2023-08-11T08:14:47.119+0000] {dag.py:3508} INFO - Setting next_dagrun for example_task_group_decorator to 2023-08-10T08:14:47.119241+00:00, run_after=2023-08-11T08:14:47.119241+00:00
[2023-08-11T08:14:47.136+0000] {processor.py:179} INFO - Processing /home/airflow/.local/lib/python3.7/site-packages/airflow/example_dags/example_task_group_decorator.py took 0.084 seconds
[2023-08-11T08:15:17.964+0000] {processor.py:157} INFO - Started process (PID=3002) to work on /home/airflow/.local/lib/python3.7/site-packages/airflow/example_dags/example_task_group_decorator.py
[2023-08-11T08:15:17.965+0000] {processor.py:826} INFO - Processing file /home/airflow/.local/lib/python3.7/site-packages/airflow/example_dags/example_task_group_decorator.py for tasks to queue
[2023-08-11T08:15:17.966+0000] {logging_mixin.py:150} INFO - [2023-08-11T08:15:17.966+0000] {dagbag.py:541} INFO - Filling up the DagBag from /home/airflow/.local/lib/python3.7/site-packages/airflow/example_dags/example_task_group_decorator.py
[2023-08-11T08:15:17.979+0000] {processor.py:836} INFO - DAG(s) dict_keys(['example_task_group_decorator']) retrieved from /home/airflow/.local/lib/python3.7/site-packages/airflow/example_dags/example_task_group_decorator.py
[2023-08-11T08:15:18.003+0000] {logging_mixin.py:150} INFO - [2023-08-11T08:15:18.003+0000] {dag.py:2742} INFO - Sync 1 DAGs
[2023-08-11T08:15:18.025+0000] {logging_mixin.py:150} INFO - [2023-08-11T08:15:18.024+0000] {dag.py:3508} INFO - Setting next_dagrun for example_task_group_decorator to 2023-08-10T08:15:18.024628+00:00, run_after=2023-08-11T08:15:18.024628+00:00
[2023-08-11T08:15:18.042+0000] {processor.py:179} INFO - Processing /home/airflow/.local/lib/python3.7/site-packages/airflow/example_dags/example_task_group_decorator.py took 0.082 seconds
[2023-08-11T08:15:48.988+0000] {processor.py:157} INFO - Started process (PID=3069) to work on /home/airflow/.local/lib/python3.7/site-packages/airflow/example_dags/example_task_group_decorator.py
[2023-08-11T08:15:48.988+0000] {processor.py:826} INFO - Processing file /home/airflow/.local/lib/python3.7/site-packages/airflow/example_dags/example_task_group_decorator.py for tasks to queue
[2023-08-11T08:15:48.989+0000] {logging_mixin.py:150} INFO - [2023-08-11T08:15:48.989+0000] {dagbag.py:541} INFO - Filling up the DagBag from /home/airflow/.local/lib/python3.7/site-packages/airflow/example_dags/example_task_group_decorator.py
[2023-08-11T08:15:49.004+0000] {processor.py:836} INFO - DAG(s) dict_keys(['example_task_group_decorator']) retrieved from /home/airflow/.local/lib/python3.7/site-packages/airflow/example_dags/example_task_group_decorator.py
[2023-08-11T08:15:49.033+0000] {logging_mixin.py:150} INFO - [2023-08-11T08:15:49.033+0000] {dag.py:2742} INFO - Sync 1 DAGs
[2023-08-11T08:15:49.057+0000] {logging_mixin.py:150} INFO - [2023-08-11T08:15:49.057+0000] {dag.py:3508} INFO - Setting next_dagrun for example_task_group_decorator to 2023-08-10T08:15:49.057005+00:00, run_after=2023-08-11T08:15:49.057005+00:00
[2023-08-11T08:15:49.080+0000] {processor.py:179} INFO - Processing /home/airflow/.local/lib/python3.7/site-packages/airflow/example_dags/example_task_group_decorator.py took 0.095 seconds
[2023-08-11T08:16:19.409+0000] {processor.py:157} INFO - Started process (PID=3137) to work on /home/airflow/.local/lib/python3.7/site-packages/airflow/example_dags/example_task_group_decorator.py
[2023-08-11T08:16:19.411+0000] {processor.py:826} INFO - Processing file /home/airflow/.local/lib/python3.7/site-packages/airflow/example_dags/example_task_group_decorator.py for tasks to queue
[2023-08-11T08:16:19.412+0000] {logging_mixin.py:150} INFO - [2023-08-11T08:16:19.411+0000] {dagbag.py:541} INFO - Filling up the DagBag from /home/airflow/.local/lib/python3.7/site-packages/airflow/example_dags/example_task_group_decorator.py
[2023-08-11T08:16:19.431+0000] {processor.py:836} INFO - DAG(s) dict_keys(['example_task_group_decorator']) retrieved from /home/airflow/.local/lib/python3.7/site-packages/airflow/example_dags/example_task_group_decorator.py
[2023-08-11T08:16:19.477+0000] {logging_mixin.py:150} INFO - [2023-08-11T08:16:19.476+0000] {dag.py:2742} INFO - Sync 1 DAGs
[2023-08-11T08:16:19.518+0000] {logging_mixin.py:150} INFO - [2023-08-11T08:16:19.517+0000] {dag.py:3508} INFO - Setting next_dagrun for example_task_group_decorator to 2023-08-10T08:16:19.517615+00:00, run_after=2023-08-11T08:16:19.517615+00:00
[2023-08-11T08:16:19.553+0000] {processor.py:179} INFO - Processing /home/airflow/.local/lib/python3.7/site-packages/airflow/example_dags/example_task_group_decorator.py took 0.149 seconds
[2023-08-11T08:16:50.092+0000] {processor.py:157} INFO - Started process (PID=3205) to work on /home/airflow/.local/lib/python3.7/site-packages/airflow/example_dags/example_task_group_decorator.py
[2023-08-11T08:16:50.093+0000] {processor.py:826} INFO - Processing file /home/airflow/.local/lib/python3.7/site-packages/airflow/example_dags/example_task_group_decorator.py for tasks to queue
[2023-08-11T08:16:50.093+0000] {logging_mixin.py:150} INFO - [2023-08-11T08:16:50.093+0000] {dagbag.py:541} INFO - Filling up the DagBag from /home/airflow/.local/lib/python3.7/site-packages/airflow/example_dags/example_task_group_decorator.py
[2023-08-11T08:16:50.107+0000] {processor.py:836} INFO - DAG(s) dict_keys(['example_task_group_decorator']) retrieved from /home/airflow/.local/lib/python3.7/site-packages/airflow/example_dags/example_task_group_decorator.py
[2023-08-11T08:16:50.138+0000] {logging_mixin.py:150} INFO - [2023-08-11T08:16:50.138+0000] {dag.py:2742} INFO - Sync 1 DAGs
[2023-08-11T08:16:50.160+0000] {logging_mixin.py:150} INFO - [2023-08-11T08:16:50.160+0000] {dag.py:3508} INFO - Setting next_dagrun for example_task_group_decorator to 2023-08-10T08:16:50.160448+00:00, run_after=2023-08-11T08:16:50.160448+00:00
[2023-08-11T08:16:50.181+0000] {processor.py:179} INFO - Processing /home/airflow/.local/lib/python3.7/site-packages/airflow/example_dags/example_task_group_decorator.py took 0.092 seconds
[2023-08-11T08:17:20.967+0000] {processor.py:157} INFO - Started process (PID=3283) to work on /home/airflow/.local/lib/python3.7/site-packages/airflow/example_dags/example_task_group_decorator.py
[2023-08-11T08:17:20.972+0000] {processor.py:826} INFO - Processing file /home/airflow/.local/lib/python3.7/site-packages/airflow/example_dags/example_task_group_decorator.py for tasks to queue
[2023-08-11T08:17:20.974+0000] {logging_mixin.py:150} INFO - [2023-08-11T08:17:20.973+0000] {dagbag.py:541} INFO - Filling up the DagBag from /home/airflow/.local/lib/python3.7/site-packages/airflow/example_dags/example_task_group_decorator.py
[2023-08-11T08:17:21.026+0000] {processor.py:836} INFO - DAG(s) dict_keys(['example_task_group_decorator']) retrieved from /home/airflow/.local/lib/python3.7/site-packages/airflow/example_dags/example_task_group_decorator.py
[2023-08-11T08:17:21.073+0000] {logging_mixin.py:150} INFO - [2023-08-11T08:17:21.073+0000] {dag.py:2742} INFO - Sync 1 DAGs
[2023-08-11T08:17:21.113+0000] {logging_mixin.py:150} INFO - [2023-08-11T08:17:21.113+0000] {dag.py:3508} INFO - Setting next_dagrun for example_task_group_decorator to 2023-08-10T08:17:21.112884+00:00, run_after=2023-08-11T08:17:21.112884+00:00
[2023-08-11T08:17:21.213+0000] {processor.py:179} INFO - Processing /home/airflow/.local/lib/python3.7/site-packages/airflow/example_dags/example_task_group_decorator.py took 0.253 seconds
[2023-08-11T08:17:52.209+0000] {processor.py:157} INFO - Started process (PID=3374) to work on /home/airflow/.local/lib/python3.7/site-packages/airflow/example_dags/example_task_group_decorator.py
[2023-08-11T08:17:52.210+0000] {processor.py:826} INFO - Processing file /home/airflow/.local/lib/python3.7/site-packages/airflow/example_dags/example_task_group_decorator.py for tasks to queue
[2023-08-11T08:17:52.211+0000] {logging_mixin.py:150} INFO - [2023-08-11T08:17:52.211+0000] {dagbag.py:541} INFO - Filling up the DagBag from /home/airflow/.local/lib/python3.7/site-packages/airflow/example_dags/example_task_group_decorator.py
[2023-08-11T08:17:52.228+0000] {processor.py:836} INFO - DAG(s) dict_keys(['example_task_group_decorator']) retrieved from /home/airflow/.local/lib/python3.7/site-packages/airflow/example_dags/example_task_group_decorator.py
[2023-08-11T08:17:52.265+0000] {logging_mixin.py:150} INFO - [2023-08-11T08:17:52.265+0000] {dag.py:2742} INFO - Sync 1 DAGs
[2023-08-11T08:17:52.331+0000] {logging_mixin.py:150} INFO - [2023-08-11T08:17:52.331+0000] {dag.py:3508} INFO - Setting next_dagrun for example_task_group_decorator to 2023-08-10T08:17:52.331147+00:00, run_after=2023-08-11T08:17:52.331147+00:00
[2023-08-11T08:17:52.362+0000] {processor.py:179} INFO - Processing /home/airflow/.local/lib/python3.7/site-packages/airflow/example_dags/example_task_group_decorator.py took 0.156 seconds
[2023-08-11T08:18:22.991+0000] {processor.py:157} INFO - Started process (PID=3452) to work on /home/airflow/.local/lib/python3.7/site-packages/airflow/example_dags/example_task_group_decorator.py
[2023-08-11T08:18:22.994+0000] {processor.py:826} INFO - Processing file /home/airflow/.local/lib/python3.7/site-packages/airflow/example_dags/example_task_group_decorator.py for tasks to queue
[2023-08-11T08:18:22.995+0000] {logging_mixin.py:150} INFO - [2023-08-11T08:18:22.995+0000] {dagbag.py:541} INFO - Filling up the DagBag from /home/airflow/.local/lib/python3.7/site-packages/airflow/example_dags/example_task_group_decorator.py
[2023-08-11T08:18:23.025+0000] {processor.py:836} INFO - DAG(s) dict_keys(['example_task_group_decorator']) retrieved from /home/airflow/.local/lib/python3.7/site-packages/airflow/example_dags/example_task_group_decorator.py
[2023-08-11T08:18:23.085+0000] {logging_mixin.py:150} INFO - [2023-08-11T08:18:23.084+0000] {dag.py:2742} INFO - Sync 1 DAGs
[2023-08-11T08:18:23.139+0000] {logging_mixin.py:150} INFO - [2023-08-11T08:18:23.138+0000] {dag.py:3508} INFO - Setting next_dagrun for example_task_group_decorator to 2023-08-10T08:18:23.137216+00:00, run_after=2023-08-11T08:18:23.137216+00:00
[2023-08-11T08:18:23.177+0000] {processor.py:179} INFO - Processing /home/airflow/.local/lib/python3.7/site-packages/airflow/example_dags/example_task_group_decorator.py took 0.195 seconds
[2023-08-11T08:18:53.599+0000] {processor.py:157} INFO - Started process (PID=3537) to work on /home/airflow/.local/lib/python3.7/site-packages/airflow/example_dags/example_task_group_decorator.py
[2023-08-11T08:18:53.624+0000] {processor.py:826} INFO - Processing file /home/airflow/.local/lib/python3.7/site-packages/airflow/example_dags/example_task_group_decorator.py for tasks to queue
[2023-08-11T08:18:53.626+0000] {logging_mixin.py:150} INFO - [2023-08-11T08:18:53.626+0000] {dagbag.py:541} INFO - Filling up the DagBag from /home/airflow/.local/lib/python3.7/site-packages/airflow/example_dags/example_task_group_decorator.py
[2023-08-11T08:18:53.734+0000] {processor.py:836} INFO - DAG(s) dict_keys(['example_task_group_decorator']) retrieved from /home/airflow/.local/lib/python3.7/site-packages/airflow/example_dags/example_task_group_decorator.py
[2023-08-11T08:18:53.824+0000] {logging_mixin.py:150} INFO - [2023-08-11T08:18:53.823+0000] {dag.py:2742} INFO - Sync 1 DAGs
[2023-08-11T08:18:54.139+0000] {logging_mixin.py:150} INFO - [2023-08-11T08:18:54.139+0000] {dag.py:3508} INFO - Setting next_dagrun for example_task_group_decorator to 2023-08-10T08:18:54.136123+00:00, run_after=2023-08-11T08:18:54.136123+00:00
[2023-08-11T08:18:54.202+0000] {processor.py:179} INFO - Processing /home/airflow/.local/lib/python3.7/site-packages/airflow/example_dags/example_task_group_decorator.py took 0.610 seconds
[2023-08-11T08:19:24.338+0000] {processor.py:157} INFO - Started process (PID=3615) to work on /home/airflow/.local/lib/python3.7/site-packages/airflow/example_dags/example_task_group_decorator.py
[2023-08-11T08:19:24.340+0000] {processor.py:826} INFO - Processing file /home/airflow/.local/lib/python3.7/site-packages/airflow/example_dags/example_task_group_decorator.py for tasks to queue
[2023-08-11T08:19:24.340+0000] {logging_mixin.py:150} INFO - [2023-08-11T08:19:24.340+0000] {dagbag.py:541} INFO - Filling up the DagBag from /home/airflow/.local/lib/python3.7/site-packages/airflow/example_dags/example_task_group_decorator.py
[2023-08-11T08:19:24.354+0000] {processor.py:836} INFO - DAG(s) dict_keys(['example_task_group_decorator']) retrieved from /home/airflow/.local/lib/python3.7/site-packages/airflow/example_dags/example_task_group_decorator.py
[2023-08-11T08:19:24.384+0000] {logging_mixin.py:150} INFO - [2023-08-11T08:19:24.384+0000] {dag.py:2742} INFO - Sync 1 DAGs
[2023-08-11T08:19:24.414+0000] {logging_mixin.py:150} INFO - [2023-08-11T08:19:24.413+0000] {dag.py:3508} INFO - Setting next_dagrun for example_task_group_decorator to 2023-08-10T08:19:24.413474+00:00, run_after=2023-08-11T08:19:24.413474+00:00
[2023-08-11T08:19:24.431+0000] {processor.py:179} INFO - Processing /home/airflow/.local/lib/python3.7/site-packages/airflow/example_dags/example_task_group_decorator.py took 0.096 seconds
[2023-08-11T08:19:54.524+0000] {processor.py:157} INFO - Started process (PID=3693) to work on /home/airflow/.local/lib/python3.7/site-packages/airflow/example_dags/example_task_group_decorator.py
[2023-08-11T08:19:54.526+0000] {processor.py:826} INFO - Processing file /home/airflow/.local/lib/python3.7/site-packages/airflow/example_dags/example_task_group_decorator.py for tasks to queue
[2023-08-11T08:19:54.527+0000] {logging_mixin.py:150} INFO - [2023-08-11T08:19:54.527+0000] {dagbag.py:541} INFO - Filling up the DagBag from /home/airflow/.local/lib/python3.7/site-packages/airflow/example_dags/example_task_group_decorator.py
[2023-08-11T08:19:54.547+0000] {processor.py:836} INFO - DAG(s) dict_keys(['example_task_group_decorator']) retrieved from /home/airflow/.local/lib/python3.7/site-packages/airflow/example_dags/example_task_group_decorator.py
[2023-08-11T08:19:54.589+0000] {logging_mixin.py:150} INFO - [2023-08-11T08:19:54.589+0000] {dag.py:2742} INFO - Sync 1 DAGs
[2023-08-11T08:19:54.619+0000] {logging_mixin.py:150} INFO - [2023-08-11T08:19:54.619+0000] {dag.py:3508} INFO - Setting next_dagrun for example_task_group_decorator to 2023-08-10T08:19:54.619077+00:00, run_after=2023-08-11T08:19:54.619077+00:00
[2023-08-11T08:19:54.650+0000] {processor.py:179} INFO - Processing /home/airflow/.local/lib/python3.7/site-packages/airflow/example_dags/example_task_group_decorator.py took 0.130 seconds
[2023-08-11T08:20:25.467+0000] {processor.py:157} INFO - Started process (PID=3778) to work on /home/airflow/.local/lib/python3.7/site-packages/airflow/example_dags/example_task_group_decorator.py
[2023-08-11T08:20:25.469+0000] {processor.py:826} INFO - Processing file /home/airflow/.local/lib/python3.7/site-packages/airflow/example_dags/example_task_group_decorator.py for tasks to queue
[2023-08-11T08:20:25.470+0000] {logging_mixin.py:150} INFO - [2023-08-11T08:20:25.470+0000] {dagbag.py:541} INFO - Filling up the DagBag from /home/airflow/.local/lib/python3.7/site-packages/airflow/example_dags/example_task_group_decorator.py
[2023-08-11T08:20:25.491+0000] {processor.py:836} INFO - DAG(s) dict_keys(['example_task_group_decorator']) retrieved from /home/airflow/.local/lib/python3.7/site-packages/airflow/example_dags/example_task_group_decorator.py
[2023-08-11T08:20:25.531+0000] {logging_mixin.py:150} INFO - [2023-08-11T08:20:25.531+0000] {dag.py:2742} INFO - Sync 1 DAGs
[2023-08-11T08:20:25.569+0000] {logging_mixin.py:150} INFO - [2023-08-11T08:20:25.569+0000] {dag.py:3508} INFO - Setting next_dagrun for example_task_group_decorator to 2023-08-10T08:20:25.568758+00:00, run_after=2023-08-11T08:20:25.568758+00:00
[2023-08-11T08:20:25.607+0000] {processor.py:179} INFO - Processing /home/airflow/.local/lib/python3.7/site-packages/airflow/example_dags/example_task_group_decorator.py took 0.145 seconds
[2023-08-11T08:20:55.632+0000] {processor.py:157} INFO - Started process (PID=3869) to work on /home/airflow/.local/lib/python3.7/site-packages/airflow/example_dags/example_task_group_decorator.py
[2023-08-11T08:20:55.633+0000] {processor.py:826} INFO - Processing file /home/airflow/.local/lib/python3.7/site-packages/airflow/example_dags/example_task_group_decorator.py for tasks to queue
[2023-08-11T08:20:55.636+0000] {logging_mixin.py:150} INFO - [2023-08-11T08:20:55.636+0000] {dagbag.py:541} INFO - Filling up the DagBag from /home/airflow/.local/lib/python3.7/site-packages/airflow/example_dags/example_task_group_decorator.py
[2023-08-11T08:20:55.664+0000] {processor.py:836} INFO - DAG(s) dict_keys(['example_task_group_decorator']) retrieved from /home/airflow/.local/lib/python3.7/site-packages/airflow/example_dags/example_task_group_decorator.py
[2023-08-11T08:20:55.704+0000] {logging_mixin.py:150} INFO - [2023-08-11T08:20:55.704+0000] {dag.py:2742} INFO - Sync 1 DAGs
[2023-08-11T08:20:55.738+0000] {logging_mixin.py:150} INFO - [2023-08-11T08:20:55.738+0000] {dag.py:3508} INFO - Setting next_dagrun for example_task_group_decorator to 2023-08-10T08:20:55.738072+00:00, run_after=2023-08-11T08:20:55.738072+00:00
[2023-08-11T08:20:55.771+0000] {processor.py:179} INFO - Processing /home/airflow/.local/lib/python3.7/site-packages/airflow/example_dags/example_task_group_decorator.py took 0.143 seconds
[2023-08-11T08:21:25.889+0000] {processor.py:157} INFO - Started process (PID=3947) to work on /home/airflow/.local/lib/python3.7/site-packages/airflow/example_dags/example_task_group_decorator.py
[2023-08-11T08:21:25.890+0000] {processor.py:826} INFO - Processing file /home/airflow/.local/lib/python3.7/site-packages/airflow/example_dags/example_task_group_decorator.py for tasks to queue
[2023-08-11T08:21:25.890+0000] {logging_mixin.py:150} INFO - [2023-08-11T08:21:25.890+0000] {dagbag.py:541} INFO - Filling up the DagBag from /home/airflow/.local/lib/python3.7/site-packages/airflow/example_dags/example_task_group_decorator.py
[2023-08-11T08:21:25.906+0000] {processor.py:836} INFO - DAG(s) dict_keys(['example_task_group_decorator']) retrieved from /home/airflow/.local/lib/python3.7/site-packages/airflow/example_dags/example_task_group_decorator.py
[2023-08-11T08:21:25.933+0000] {logging_mixin.py:150} INFO - [2023-08-11T08:21:25.933+0000] {dag.py:2742} INFO - Sync 1 DAGs
[2023-08-11T08:21:25.957+0000] {logging_mixin.py:150} INFO - [2023-08-11T08:21:25.957+0000] {dag.py:3508} INFO - Setting next_dagrun for example_task_group_decorator to 2023-08-10T08:21:25.957190+00:00, run_after=2023-08-11T08:21:25.957190+00:00
[2023-08-11T08:21:25.983+0000] {processor.py:179} INFO - Processing /home/airflow/.local/lib/python3.7/site-packages/airflow/example_dags/example_task_group_decorator.py took 0.098 seconds
[2023-08-11T08:21:56.363+0000] {processor.py:157} INFO - Started process (PID=4051) to work on /home/airflow/.local/lib/python3.7/site-packages/airflow/example_dags/example_task_group_decorator.py
[2023-08-11T08:21:56.364+0000] {processor.py:826} INFO - Processing file /home/airflow/.local/lib/python3.7/site-packages/airflow/example_dags/example_task_group_decorator.py for tasks to queue
[2023-08-11T08:21:56.366+0000] {logging_mixin.py:150} INFO - [2023-08-11T08:21:56.366+0000] {dagbag.py:541} INFO - Filling up the DagBag from /home/airflow/.local/lib/python3.7/site-packages/airflow/example_dags/example_task_group_decorator.py
[2023-08-11T08:21:56.388+0000] {processor.py:836} INFO - DAG(s) dict_keys(['example_task_group_decorator']) retrieved from /home/airflow/.local/lib/python3.7/site-packages/airflow/example_dags/example_task_group_decorator.py
[2023-08-11T08:21:56.422+0000] {logging_mixin.py:150} INFO - [2023-08-11T08:21:56.422+0000] {dag.py:2742} INFO - Sync 1 DAGs
[2023-08-11T08:21:56.454+0000] {logging_mixin.py:150} INFO - [2023-08-11T08:21:56.453+0000] {dag.py:3508} INFO - Setting next_dagrun for example_task_group_decorator to 2023-08-10T08:21:56.453635+00:00, run_after=2023-08-11T08:21:56.453635+00:00
[2023-08-11T08:21:56.486+0000] {processor.py:179} INFO - Processing /home/airflow/.local/lib/python3.7/site-packages/airflow/example_dags/example_task_group_decorator.py took 0.126 seconds
[2023-08-11T08:22:26.978+0000] {processor.py:157} INFO - Started process (PID=4116) to work on /home/airflow/.local/lib/python3.7/site-packages/airflow/example_dags/example_task_group_decorator.py
[2023-08-11T08:22:26.980+0000] {processor.py:826} INFO - Processing file /home/airflow/.local/lib/python3.7/site-packages/airflow/example_dags/example_task_group_decorator.py for tasks to queue
[2023-08-11T08:22:26.981+0000] {logging_mixin.py:150} INFO - [2023-08-11T08:22:26.981+0000] {dagbag.py:541} INFO - Filling up the DagBag from /home/airflow/.local/lib/python3.7/site-packages/airflow/example_dags/example_task_group_decorator.py
[2023-08-11T08:22:27.001+0000] {processor.py:836} INFO - DAG(s) dict_keys(['example_task_group_decorator']) retrieved from /home/airflow/.local/lib/python3.7/site-packages/airflow/example_dags/example_task_group_decorator.py
[2023-08-11T08:22:27.035+0000] {logging_mixin.py:150} INFO - [2023-08-11T08:22:27.035+0000] {dag.py:2742} INFO - Sync 1 DAGs
[2023-08-11T08:22:27.071+0000] {logging_mixin.py:150} INFO - [2023-08-11T08:22:27.071+0000] {dag.py:3508} INFO - Setting next_dagrun for example_task_group_decorator to 2023-08-10T08:22:27.070946+00:00, run_after=2023-08-11T08:22:27.070946+00:00
[2023-08-11T08:22:27.108+0000] {processor.py:179} INFO - Processing /home/airflow/.local/lib/python3.7/site-packages/airflow/example_dags/example_task_group_decorator.py took 0.134 seconds
