[2023-08-11T07:52:42.900+0000] {processor.py:157} INFO - Started process (PID=38) to work on /home/airflow/.local/lib/python3.7/site-packages/airflow/example_dags/example_branch_labels.py
[2023-08-11T07:52:42.903+0000] {processor.py:826} INFO - Processing file /home/airflow/.local/lib/python3.7/site-packages/airflow/example_dags/example_branch_labels.py for tasks to queue
[2023-08-11T07:52:42.905+0000] {logging_mixin.py:150} INFO - [2023-08-11T07:52:42.904+0000] {dagbag.py:541} INFO - Filling up the DagBag from /home/airflow/.local/lib/python3.7/site-packages/airflow/example_dags/example_branch_labels.py
[2023-08-11T07:52:42.927+0000] {processor.py:836} INFO - DAG(s) dict_keys(['example_branch_labels']) retrieved from /home/airflow/.local/lib/python3.7/site-packages/airflow/example_dags/example_branch_labels.py
[2023-08-11T07:52:42.957+0000] {logging_mixin.py:150} INFO - [2023-08-11T07:52:42.957+0000] {dag.py:2742} INFO - Sync 1 DAGs
[2023-08-11T07:52:43.009+0000] {logging_mixin.py:150} INFO - [2023-08-11T07:52:43.009+0000] {dag.py:3508} INFO - Setting next_dagrun for example_branch_labels to 2023-08-10T00:00:00+00:00, run_after=2023-08-11T00:00:00+00:00
[2023-08-11T07:52:43.049+0000] {processor.py:179} INFO - Processing /home/airflow/.local/lib/python3.7/site-packages/airflow/example_dags/example_branch_labels.py took 0.154 seconds
[2023-08-11T07:53:14.459+0000] {processor.py:157} INFO - Started process (PID=102) to work on /home/airflow/.local/lib/python3.7/site-packages/airflow/example_dags/example_branch_labels.py
[2023-08-11T07:53:14.460+0000] {processor.py:826} INFO - Processing file /home/airflow/.local/lib/python3.7/site-packages/airflow/example_dags/example_branch_labels.py for tasks to queue
[2023-08-11T07:53:14.462+0000] {logging_mixin.py:150} INFO - [2023-08-11T07:53:14.461+0000] {dagbag.py:541} INFO - Filling up the DagBag from /home/airflow/.local/lib/python3.7/site-packages/airflow/example_dags/example_branch_labels.py
[2023-08-11T07:53:14.475+0000] {processor.py:836} INFO - DAG(s) dict_keys(['example_branch_labels']) retrieved from /home/airflow/.local/lib/python3.7/site-packages/airflow/example_dags/example_branch_labels.py
[2023-08-11T07:53:14.514+0000] {logging_mixin.py:150} INFO - [2023-08-11T07:53:14.513+0000] {dag.py:2742} INFO - Sync 1 DAGs
[2023-08-11T07:53:14.551+0000] {logging_mixin.py:150} INFO - [2023-08-11T07:53:14.550+0000] {dag.py:3508} INFO - Setting next_dagrun for example_branch_labels to 2023-08-10T00:00:00+00:00, run_after=2023-08-11T00:00:00+00:00
[2023-08-11T07:53:14.590+0000] {processor.py:179} INFO - Processing /home/airflow/.local/lib/python3.7/site-packages/airflow/example_dags/example_branch_labels.py took 0.136 seconds
[2023-08-11T07:53:45.097+0000] {processor.py:157} INFO - Started process (PID=167) to work on /home/airflow/.local/lib/python3.7/site-packages/airflow/example_dags/example_branch_labels.py
[2023-08-11T07:53:45.098+0000] {processor.py:826} INFO - Processing file /home/airflow/.local/lib/python3.7/site-packages/airflow/example_dags/example_branch_labels.py for tasks to queue
[2023-08-11T07:53:45.099+0000] {logging_mixin.py:150} INFO - [2023-08-11T07:53:45.099+0000] {dagbag.py:541} INFO - Filling up the DagBag from /home/airflow/.local/lib/python3.7/site-packages/airflow/example_dags/example_branch_labels.py
[2023-08-11T07:53:45.107+0000] {processor.py:836} INFO - DAG(s) dict_keys(['example_branch_labels']) retrieved from /home/airflow/.local/lib/python3.7/site-packages/airflow/example_dags/example_branch_labels.py
[2023-08-11T07:53:45.143+0000] {logging_mixin.py:150} INFO - [2023-08-11T07:53:45.143+0000] {dag.py:2742} INFO - Sync 1 DAGs
[2023-08-11T07:53:45.173+0000] {logging_mixin.py:150} INFO - [2023-08-11T07:53:45.173+0000] {dag.py:3508} INFO - Setting next_dagrun for example_branch_labels to 2023-08-10T00:00:00+00:00, run_after=2023-08-11T00:00:00+00:00
[2023-08-11T07:53:45.195+0000] {processor.py:179} INFO - Processing /home/airflow/.local/lib/python3.7/site-packages/airflow/example_dags/example_branch_labels.py took 0.105 seconds
[2023-08-11T07:54:15.649+0000] {processor.py:157} INFO - Started process (PID=232) to work on /home/airflow/.local/lib/python3.7/site-packages/airflow/example_dags/example_branch_labels.py
[2023-08-11T07:54:15.650+0000] {processor.py:826} INFO - Processing file /home/airflow/.local/lib/python3.7/site-packages/airflow/example_dags/example_branch_labels.py for tasks to queue
[2023-08-11T07:54:15.650+0000] {logging_mixin.py:150} INFO - [2023-08-11T07:54:15.650+0000] {dagbag.py:541} INFO - Filling up the DagBag from /home/airflow/.local/lib/python3.7/site-packages/airflow/example_dags/example_branch_labels.py
[2023-08-11T07:54:15.660+0000] {processor.py:836} INFO - DAG(s) dict_keys(['example_branch_labels']) retrieved from /home/airflow/.local/lib/python3.7/site-packages/airflow/example_dags/example_branch_labels.py
[2023-08-11T07:54:15.693+0000] {logging_mixin.py:150} INFO - [2023-08-11T07:54:15.693+0000] {dag.py:2742} INFO - Sync 1 DAGs
[2023-08-11T07:54:15.721+0000] {logging_mixin.py:150} INFO - [2023-08-11T07:54:15.721+0000] {dag.py:3508} INFO - Setting next_dagrun for example_branch_labels to 2023-08-10T00:00:00+00:00, run_after=2023-08-11T00:00:00+00:00
[2023-08-11T07:54:15.748+0000] {processor.py:179} INFO - Processing /home/airflow/.local/lib/python3.7/site-packages/airflow/example_dags/example_branch_labels.py took 0.103 seconds
[2023-08-11T07:54:46.561+0000] {processor.py:157} INFO - Started process (PID=297) to work on /home/airflow/.local/lib/python3.7/site-packages/airflow/example_dags/example_branch_labels.py
[2023-08-11T07:54:46.563+0000] {processor.py:826} INFO - Processing file /home/airflow/.local/lib/python3.7/site-packages/airflow/example_dags/example_branch_labels.py for tasks to queue
[2023-08-11T07:54:46.564+0000] {logging_mixin.py:150} INFO - [2023-08-11T07:54:46.564+0000] {dagbag.py:541} INFO - Filling up the DagBag from /home/airflow/.local/lib/python3.7/site-packages/airflow/example_dags/example_branch_labels.py
[2023-08-11T07:54:46.578+0000] {processor.py:836} INFO - DAG(s) dict_keys(['example_branch_labels']) retrieved from /home/airflow/.local/lib/python3.7/site-packages/airflow/example_dags/example_branch_labels.py
[2023-08-11T07:54:46.620+0000] {logging_mixin.py:150} INFO - [2023-08-11T07:54:46.619+0000] {dag.py:2742} INFO - Sync 1 DAGs
[2023-08-11T07:54:46.670+0000] {logging_mixin.py:150} INFO - [2023-08-11T07:54:46.669+0000] {dag.py:3508} INFO - Setting next_dagrun for example_branch_labels to 2023-08-10T00:00:00+00:00, run_after=2023-08-11T00:00:00+00:00
[2023-08-11T07:54:46.711+0000] {processor.py:179} INFO - Processing /home/airflow/.local/lib/python3.7/site-packages/airflow/example_dags/example_branch_labels.py took 0.154 seconds
[2023-08-11T07:55:16.868+0000] {processor.py:157} INFO - Started process (PID=363) to work on /home/airflow/.local/lib/python3.7/site-packages/airflow/example_dags/example_branch_labels.py
[2023-08-11T07:55:16.868+0000] {processor.py:826} INFO - Processing file /home/airflow/.local/lib/python3.7/site-packages/airflow/example_dags/example_branch_labels.py for tasks to queue
[2023-08-11T07:55:16.869+0000] {logging_mixin.py:150} INFO - [2023-08-11T07:55:16.869+0000] {dagbag.py:541} INFO - Filling up the DagBag from /home/airflow/.local/lib/python3.7/site-packages/airflow/example_dags/example_branch_labels.py
[2023-08-11T07:55:16.878+0000] {processor.py:836} INFO - DAG(s) dict_keys(['example_branch_labels']) retrieved from /home/airflow/.local/lib/python3.7/site-packages/airflow/example_dags/example_branch_labels.py
[2023-08-11T07:55:16.909+0000] {logging_mixin.py:150} INFO - [2023-08-11T07:55:16.907+0000] {dag.py:2742} INFO - Sync 1 DAGs
[2023-08-11T07:55:16.938+0000] {logging_mixin.py:150} INFO - [2023-08-11T07:55:16.937+0000] {dag.py:3508} INFO - Setting next_dagrun for example_branch_labels to 2023-08-10T00:00:00+00:00, run_after=2023-08-11T00:00:00+00:00
[2023-08-11T07:55:16.964+0000] {processor.py:179} INFO - Processing /home/airflow/.local/lib/python3.7/site-packages/airflow/example_dags/example_branch_labels.py took 0.100 seconds
[2023-08-11T07:55:47.519+0000] {processor.py:157} INFO - Started process (PID=428) to work on /home/airflow/.local/lib/python3.7/site-packages/airflow/example_dags/example_branch_labels.py
[2023-08-11T07:55:47.520+0000] {processor.py:826} INFO - Processing file /home/airflow/.local/lib/python3.7/site-packages/airflow/example_dags/example_branch_labels.py for tasks to queue
[2023-08-11T07:55:47.521+0000] {logging_mixin.py:150} INFO - [2023-08-11T07:55:47.521+0000] {dagbag.py:541} INFO - Filling up the DagBag from /home/airflow/.local/lib/python3.7/site-packages/airflow/example_dags/example_branch_labels.py
[2023-08-11T07:55:47.528+0000] {processor.py:836} INFO - DAG(s) dict_keys(['example_branch_labels']) retrieved from /home/airflow/.local/lib/python3.7/site-packages/airflow/example_dags/example_branch_labels.py
[2023-08-11T07:55:47.554+0000] {logging_mixin.py:150} INFO - [2023-08-11T07:55:47.553+0000] {dag.py:2742} INFO - Sync 1 DAGs
[2023-08-11T07:55:47.580+0000] {logging_mixin.py:150} INFO - [2023-08-11T07:55:47.580+0000] {dag.py:3508} INFO - Setting next_dagrun for example_branch_labels to 2023-08-10T00:00:00+00:00, run_after=2023-08-11T00:00:00+00:00
[2023-08-11T07:55:47.600+0000] {processor.py:179} INFO - Processing /home/airflow/.local/lib/python3.7/site-packages/airflow/example_dags/example_branch_labels.py took 0.083 seconds
[2023-08-11T07:56:18.119+0000] {processor.py:157} INFO - Started process (PID=493) to work on /home/airflow/.local/lib/python3.7/site-packages/airflow/example_dags/example_branch_labels.py
[2023-08-11T07:56:18.121+0000] {processor.py:826} INFO - Processing file /home/airflow/.local/lib/python3.7/site-packages/airflow/example_dags/example_branch_labels.py for tasks to queue
[2023-08-11T07:56:18.123+0000] {logging_mixin.py:150} INFO - [2023-08-11T07:56:18.122+0000] {dagbag.py:541} INFO - Filling up the DagBag from /home/airflow/.local/lib/python3.7/site-packages/airflow/example_dags/example_branch_labels.py
[2023-08-11T07:56:18.138+0000] {processor.py:836} INFO - DAG(s) dict_keys(['example_branch_labels']) retrieved from /home/airflow/.local/lib/python3.7/site-packages/airflow/example_dags/example_branch_labels.py
[2023-08-11T07:56:18.196+0000] {logging_mixin.py:150} INFO - [2023-08-11T07:56:18.195+0000] {dag.py:2742} INFO - Sync 1 DAGs
[2023-08-11T07:56:18.248+0000] {logging_mixin.py:150} INFO - [2023-08-11T07:56:18.248+0000] {dag.py:3508} INFO - Setting next_dagrun for example_branch_labels to 2023-08-10T00:00:00+00:00, run_after=2023-08-11T00:00:00+00:00
[2023-08-11T07:56:18.293+0000] {processor.py:179} INFO - Processing /home/airflow/.local/lib/python3.7/site-packages/airflow/example_dags/example_branch_labels.py took 0.182 seconds
[2023-08-11T07:56:48.475+0000] {processor.py:157} INFO - Started process (PID=558) to work on /home/airflow/.local/lib/python3.7/site-packages/airflow/example_dags/example_branch_labels.py
[2023-08-11T07:56:48.476+0000] {processor.py:826} INFO - Processing file /home/airflow/.local/lib/python3.7/site-packages/airflow/example_dags/example_branch_labels.py for tasks to queue
[2023-08-11T07:56:48.478+0000] {logging_mixin.py:150} INFO - [2023-08-11T07:56:48.477+0000] {dagbag.py:541} INFO - Filling up the DagBag from /home/airflow/.local/lib/python3.7/site-packages/airflow/example_dags/example_branch_labels.py
[2023-08-11T07:56:48.488+0000] {processor.py:836} INFO - DAG(s) dict_keys(['example_branch_labels']) retrieved from /home/airflow/.local/lib/python3.7/site-packages/airflow/example_dags/example_branch_labels.py
[2023-08-11T07:56:48.523+0000] {logging_mixin.py:150} INFO - [2023-08-11T07:56:48.522+0000] {dag.py:2742} INFO - Sync 1 DAGs
[2023-08-11T07:56:48.562+0000] {logging_mixin.py:150} INFO - [2023-08-11T07:56:48.561+0000] {dag.py:3508} INFO - Setting next_dagrun for example_branch_labels to 2023-08-10T00:00:00+00:00, run_after=2023-08-11T00:00:00+00:00
[2023-08-11T07:56:48.590+0000] {processor.py:179} INFO - Processing /home/airflow/.local/lib/python3.7/site-packages/airflow/example_dags/example_branch_labels.py took 0.119 seconds
[2023-08-11T07:57:18.821+0000] {processor.py:157} INFO - Started process (PID=623) to work on /home/airflow/.local/lib/python3.7/site-packages/airflow/example_dags/example_branch_labels.py
[2023-08-11T07:57:18.823+0000] {processor.py:826} INFO - Processing file /home/airflow/.local/lib/python3.7/site-packages/airflow/example_dags/example_branch_labels.py for tasks to queue
[2023-08-11T07:57:18.824+0000] {logging_mixin.py:150} INFO - [2023-08-11T07:57:18.823+0000] {dagbag.py:541} INFO - Filling up the DagBag from /home/airflow/.local/lib/python3.7/site-packages/airflow/example_dags/example_branch_labels.py
[2023-08-11T07:57:18.835+0000] {processor.py:836} INFO - DAG(s) dict_keys(['example_branch_labels']) retrieved from /home/airflow/.local/lib/python3.7/site-packages/airflow/example_dags/example_branch_labels.py
[2023-08-11T07:57:18.871+0000] {logging_mixin.py:150} INFO - [2023-08-11T07:57:18.871+0000] {dag.py:2742} INFO - Sync 1 DAGs
[2023-08-11T07:57:18.904+0000] {logging_mixin.py:150} INFO - [2023-08-11T07:57:18.904+0000] {dag.py:3508} INFO - Setting next_dagrun for example_branch_labels to 2023-08-10T00:00:00+00:00, run_after=2023-08-11T00:00:00+00:00
[2023-08-11T07:57:18.933+0000] {processor.py:179} INFO - Processing /home/airflow/.local/lib/python3.7/site-packages/airflow/example_dags/example_branch_labels.py took 0.116 seconds
[2023-08-11T07:57:49.792+0000] {processor.py:157} INFO - Started process (PID=689) to work on /home/airflow/.local/lib/python3.7/site-packages/airflow/example_dags/example_branch_labels.py
[2023-08-11T07:57:49.793+0000] {processor.py:826} INFO - Processing file /home/airflow/.local/lib/python3.7/site-packages/airflow/example_dags/example_branch_labels.py for tasks to queue
[2023-08-11T07:57:49.793+0000] {logging_mixin.py:150} INFO - [2023-08-11T07:57:49.793+0000] {dagbag.py:541} INFO - Filling up the DagBag from /home/airflow/.local/lib/python3.7/site-packages/airflow/example_dags/example_branch_labels.py
[2023-08-11T07:57:49.804+0000] {processor.py:836} INFO - DAG(s) dict_keys(['example_branch_labels']) retrieved from /home/airflow/.local/lib/python3.7/site-packages/airflow/example_dags/example_branch_labels.py
[2023-08-11T07:57:49.837+0000] {logging_mixin.py:150} INFO - [2023-08-11T07:57:49.837+0000] {dag.py:2742} INFO - Sync 1 DAGs
[2023-08-11T07:57:49.869+0000] {logging_mixin.py:150} INFO - [2023-08-11T07:57:49.869+0000] {dag.py:3508} INFO - Setting next_dagrun for example_branch_labels to 2023-08-10T00:00:00+00:00, run_after=2023-08-11T00:00:00+00:00
[2023-08-11T07:57:49.892+0000] {processor.py:179} INFO - Processing /home/airflow/.local/lib/python3.7/site-packages/airflow/example_dags/example_branch_labels.py took 0.104 seconds
[2023-08-11T07:58:20.810+0000] {processor.py:157} INFO - Started process (PID=755) to work on /home/airflow/.local/lib/python3.7/site-packages/airflow/example_dags/example_branch_labels.py
[2023-08-11T07:58:20.811+0000] {processor.py:826} INFO - Processing file /home/airflow/.local/lib/python3.7/site-packages/airflow/example_dags/example_branch_labels.py for tasks to queue
[2023-08-11T07:58:20.812+0000] {logging_mixin.py:150} INFO - [2023-08-11T07:58:20.811+0000] {dagbag.py:541} INFO - Filling up the DagBag from /home/airflow/.local/lib/python3.7/site-packages/airflow/example_dags/example_branch_labels.py
[2023-08-11T07:58:20.820+0000] {processor.py:836} INFO - DAG(s) dict_keys(['example_branch_labels']) retrieved from /home/airflow/.local/lib/python3.7/site-packages/airflow/example_dags/example_branch_labels.py
[2023-08-11T07:58:20.845+0000] {logging_mixin.py:150} INFO - [2023-08-11T07:58:20.845+0000] {dag.py:2742} INFO - Sync 1 DAGs
[2023-08-11T07:58:20.875+0000] {logging_mixin.py:150} INFO - [2023-08-11T07:58:20.874+0000] {dag.py:3508} INFO - Setting next_dagrun for example_branch_labels to 2023-08-10T00:00:00+00:00, run_after=2023-08-11T00:00:00+00:00
[2023-08-11T07:58:20.895+0000] {processor.py:179} INFO - Processing /home/airflow/.local/lib/python3.7/site-packages/airflow/example_dags/example_branch_labels.py took 0.088 seconds
[2023-08-11T07:58:51.078+0000] {processor.py:157} INFO - Started process (PID=821) to work on /home/airflow/.local/lib/python3.7/site-packages/airflow/example_dags/example_branch_labels.py
[2023-08-11T07:58:51.079+0000] {processor.py:826} INFO - Processing file /home/airflow/.local/lib/python3.7/site-packages/airflow/example_dags/example_branch_labels.py for tasks to queue
[2023-08-11T07:58:51.080+0000] {logging_mixin.py:150} INFO - [2023-08-11T07:58:51.080+0000] {dagbag.py:541} INFO - Filling up the DagBag from /home/airflow/.local/lib/python3.7/site-packages/airflow/example_dags/example_branch_labels.py
[2023-08-11T07:58:51.088+0000] {processor.py:836} INFO - DAG(s) dict_keys(['example_branch_labels']) retrieved from /home/airflow/.local/lib/python3.7/site-packages/airflow/example_dags/example_branch_labels.py
[2023-08-11T07:58:51.129+0000] {logging_mixin.py:150} INFO - [2023-08-11T07:58:51.128+0000] {dag.py:2742} INFO - Sync 1 DAGs
[2023-08-11T07:58:51.179+0000] {logging_mixin.py:150} INFO - [2023-08-11T07:58:51.178+0000] {dag.py:3508} INFO - Setting next_dagrun for example_branch_labels to 2023-08-10T00:00:00+00:00, run_after=2023-08-11T00:00:00+00:00
[2023-08-11T07:58:51.207+0000] {processor.py:179} INFO - Processing /home/airflow/.local/lib/python3.7/site-packages/airflow/example_dags/example_branch_labels.py took 0.132 seconds
[2023-08-11T07:59:21.239+0000] {processor.py:157} INFO - Started process (PID=887) to work on /home/airflow/.local/lib/python3.7/site-packages/airflow/example_dags/example_branch_labels.py
[2023-08-11T07:59:21.241+0000] {processor.py:826} INFO - Processing file /home/airflow/.local/lib/python3.7/site-packages/airflow/example_dags/example_branch_labels.py for tasks to queue
[2023-08-11T07:59:21.241+0000] {logging_mixin.py:150} INFO - [2023-08-11T07:59:21.241+0000] {dagbag.py:541} INFO - Filling up the DagBag from /home/airflow/.local/lib/python3.7/site-packages/airflow/example_dags/example_branch_labels.py
[2023-08-11T07:59:21.254+0000] {processor.py:836} INFO - DAG(s) dict_keys(['example_branch_labels']) retrieved from /home/airflow/.local/lib/python3.7/site-packages/airflow/example_dags/example_branch_labels.py
[2023-08-11T07:59:21.275+0000] {logging_mixin.py:150} INFO - [2023-08-11T07:59:21.275+0000] {dag.py:2742} INFO - Sync 1 DAGs
[2023-08-11T07:59:21.305+0000] {logging_mixin.py:150} INFO - [2023-08-11T07:59:21.305+0000] {dag.py:3508} INFO - Setting next_dagrun for example_branch_labels to 2023-08-10T00:00:00+00:00, run_after=2023-08-11T00:00:00+00:00
[2023-08-11T07:59:21.328+0000] {processor.py:179} INFO - Processing /home/airflow/.local/lib/python3.7/site-packages/airflow/example_dags/example_branch_labels.py took 0.093 seconds
[2023-08-11T07:59:51.951+0000] {processor.py:157} INFO - Started process (PID=955) to work on /home/airflow/.local/lib/python3.7/site-packages/airflow/example_dags/example_branch_labels.py
[2023-08-11T07:59:51.952+0000] {processor.py:826} INFO - Processing file /home/airflow/.local/lib/python3.7/site-packages/airflow/example_dags/example_branch_labels.py for tasks to queue
[2023-08-11T07:59:51.953+0000] {logging_mixin.py:150} INFO - [2023-08-11T07:59:51.953+0000] {dagbag.py:541} INFO - Filling up the DagBag from /home/airflow/.local/lib/python3.7/site-packages/airflow/example_dags/example_branch_labels.py
[2023-08-11T07:59:51.961+0000] {processor.py:836} INFO - DAG(s) dict_keys(['example_branch_labels']) retrieved from /home/airflow/.local/lib/python3.7/site-packages/airflow/example_dags/example_branch_labels.py
[2023-08-11T07:59:51.995+0000] {logging_mixin.py:150} INFO - [2023-08-11T07:59:51.995+0000] {dag.py:2742} INFO - Sync 1 DAGs
[2023-08-11T07:59:52.020+0000] {logging_mixin.py:150} INFO - [2023-08-11T07:59:52.020+0000] {dag.py:3508} INFO - Setting next_dagrun for example_branch_labels to 2023-08-10T00:00:00+00:00, run_after=2023-08-11T00:00:00+00:00
[2023-08-11T07:59:52.042+0000] {processor.py:179} INFO - Processing /home/airflow/.local/lib/python3.7/site-packages/airflow/example_dags/example_branch_labels.py took 0.093 seconds
[2023-08-11T08:00:22.504+0000] {processor.py:157} INFO - Started process (PID=1025) to work on /home/airflow/.local/lib/python3.7/site-packages/airflow/example_dags/example_branch_labels.py
[2023-08-11T08:00:22.505+0000] {processor.py:826} INFO - Processing file /home/airflow/.local/lib/python3.7/site-packages/airflow/example_dags/example_branch_labels.py for tasks to queue
[2023-08-11T08:00:22.507+0000] {logging_mixin.py:150} INFO - [2023-08-11T08:00:22.507+0000] {dagbag.py:541} INFO - Filling up the DagBag from /home/airflow/.local/lib/python3.7/site-packages/airflow/example_dags/example_branch_labels.py
[2023-08-11T08:00:22.514+0000] {processor.py:836} INFO - DAG(s) dict_keys(['example_branch_labels']) retrieved from /home/airflow/.local/lib/python3.7/site-packages/airflow/example_dags/example_branch_labels.py
[2023-08-11T08:00:22.539+0000] {logging_mixin.py:150} INFO - [2023-08-11T08:00:22.539+0000] {dag.py:2742} INFO - Sync 1 DAGs
[2023-08-11T08:00:22.564+0000] {logging_mixin.py:150} INFO - [2023-08-11T08:00:22.564+0000] {dag.py:3508} INFO - Setting next_dagrun for example_branch_labels to 2023-08-10T00:00:00+00:00, run_after=2023-08-11T00:00:00+00:00
[2023-08-11T08:00:22.585+0000] {processor.py:179} INFO - Processing /home/airflow/.local/lib/python3.7/site-packages/airflow/example_dags/example_branch_labels.py took 0.084 seconds
[2023-08-11T08:00:53.014+0000] {processor.py:157} INFO - Started process (PID=1092) to work on /home/airflow/.local/lib/python3.7/site-packages/airflow/example_dags/example_branch_labels.py
[2023-08-11T08:00:53.015+0000] {processor.py:826} INFO - Processing file /home/airflow/.local/lib/python3.7/site-packages/airflow/example_dags/example_branch_labels.py for tasks to queue
[2023-08-11T08:00:53.016+0000] {logging_mixin.py:150} INFO - [2023-08-11T08:00:53.016+0000] {dagbag.py:541} INFO - Filling up the DagBag from /home/airflow/.local/lib/python3.7/site-packages/airflow/example_dags/example_branch_labels.py
[2023-08-11T08:00:53.024+0000] {processor.py:836} INFO - DAG(s) dict_keys(['example_branch_labels']) retrieved from /home/airflow/.local/lib/python3.7/site-packages/airflow/example_dags/example_branch_labels.py
[2023-08-11T08:00:53.060+0000] {logging_mixin.py:150} INFO - [2023-08-11T08:00:53.059+0000] {dag.py:2742} INFO - Sync 1 DAGs
[2023-08-11T08:00:53.092+0000] {logging_mixin.py:150} INFO - [2023-08-11T08:00:53.091+0000] {dag.py:3508} INFO - Setting next_dagrun for example_branch_labels to 2023-08-10T00:00:00+00:00, run_after=2023-08-11T00:00:00+00:00
[2023-08-11T08:00:53.120+0000] {processor.py:179} INFO - Processing /home/airflow/.local/lib/python3.7/site-packages/airflow/example_dags/example_branch_labels.py took 0.110 seconds
[2023-08-11T08:01:23.606+0000] {processor.py:157} INFO - Started process (PID=1161) to work on /home/airflow/.local/lib/python3.7/site-packages/airflow/example_dags/example_branch_labels.py
[2023-08-11T08:01:23.607+0000] {processor.py:826} INFO - Processing file /home/airflow/.local/lib/python3.7/site-packages/airflow/example_dags/example_branch_labels.py for tasks to queue
[2023-08-11T08:01:23.608+0000] {logging_mixin.py:150} INFO - [2023-08-11T08:01:23.607+0000] {dagbag.py:541} INFO - Filling up the DagBag from /home/airflow/.local/lib/python3.7/site-packages/airflow/example_dags/example_branch_labels.py
[2023-08-11T08:01:23.616+0000] {processor.py:836} INFO - DAG(s) dict_keys(['example_branch_labels']) retrieved from /home/airflow/.local/lib/python3.7/site-packages/airflow/example_dags/example_branch_labels.py
[2023-08-11T08:01:23.646+0000] {logging_mixin.py:150} INFO - [2023-08-11T08:01:23.645+0000] {dag.py:2742} INFO - Sync 1 DAGs
[2023-08-11T08:01:23.672+0000] {logging_mixin.py:150} INFO - [2023-08-11T08:01:23.672+0000] {dag.py:3508} INFO - Setting next_dagrun for example_branch_labels to 2023-08-10T00:00:00+00:00, run_after=2023-08-11T00:00:00+00:00
[2023-08-11T08:01:23.702+0000] {processor.py:179} INFO - Processing /home/airflow/.local/lib/python3.7/site-packages/airflow/example_dags/example_branch_labels.py took 0.099 seconds
[2023-08-11T08:01:53.802+0000] {processor.py:157} INFO - Started process (PID=1227) to work on /home/airflow/.local/lib/python3.7/site-packages/airflow/example_dags/example_branch_labels.py
[2023-08-11T08:01:53.802+0000] {processor.py:826} INFO - Processing file /home/airflow/.local/lib/python3.7/site-packages/airflow/example_dags/example_branch_labels.py for tasks to queue
[2023-08-11T08:01:53.803+0000] {logging_mixin.py:150} INFO - [2023-08-11T08:01:53.803+0000] {dagbag.py:541} INFO - Filling up the DagBag from /home/airflow/.local/lib/python3.7/site-packages/airflow/example_dags/example_branch_labels.py
[2023-08-11T08:01:53.812+0000] {processor.py:836} INFO - DAG(s) dict_keys(['example_branch_labels']) retrieved from /home/airflow/.local/lib/python3.7/site-packages/airflow/example_dags/example_branch_labels.py
[2023-08-11T08:01:53.837+0000] {logging_mixin.py:150} INFO - [2023-08-11T08:01:53.837+0000] {dag.py:2742} INFO - Sync 1 DAGs
[2023-08-11T08:01:53.871+0000] {logging_mixin.py:150} INFO - [2023-08-11T08:01:53.871+0000] {dag.py:3508} INFO - Setting next_dagrun for example_branch_labels to 2023-08-10T00:00:00+00:00, run_after=2023-08-11T00:00:00+00:00
[2023-08-11T08:01:53.898+0000] {processor.py:179} INFO - Processing /home/airflow/.local/lib/python3.7/site-packages/airflow/example_dags/example_branch_labels.py took 0.099 seconds
[2023-08-11T08:02:24.029+0000] {processor.py:157} INFO - Started process (PID=1296) to work on /home/airflow/.local/lib/python3.7/site-packages/airflow/example_dags/example_branch_labels.py
[2023-08-11T08:02:24.031+0000] {processor.py:826} INFO - Processing file /home/airflow/.local/lib/python3.7/site-packages/airflow/example_dags/example_branch_labels.py for tasks to queue
[2023-08-11T08:02:24.032+0000] {logging_mixin.py:150} INFO - [2023-08-11T08:02:24.032+0000] {dagbag.py:541} INFO - Filling up the DagBag from /home/airflow/.local/lib/python3.7/site-packages/airflow/example_dags/example_branch_labels.py
[2023-08-11T08:02:24.039+0000] {processor.py:836} INFO - DAG(s) dict_keys(['example_branch_labels']) retrieved from /home/airflow/.local/lib/python3.7/site-packages/airflow/example_dags/example_branch_labels.py
[2023-08-11T08:02:24.071+0000] {logging_mixin.py:150} INFO - [2023-08-11T08:02:24.071+0000] {dag.py:2742} INFO - Sync 1 DAGs
[2023-08-11T08:02:24.103+0000] {logging_mixin.py:150} INFO - [2023-08-11T08:02:24.103+0000] {dag.py:3508} INFO - Setting next_dagrun for example_branch_labels to 2023-08-10T00:00:00+00:00, run_after=2023-08-11T00:00:00+00:00
[2023-08-11T08:02:24.131+0000] {processor.py:179} INFO - Processing /home/airflow/.local/lib/python3.7/site-packages/airflow/example_dags/example_branch_labels.py took 0.105 seconds
[2023-08-11T08:02:54.191+0000] {processor.py:157} INFO - Started process (PID=1362) to work on /home/airflow/.local/lib/python3.7/site-packages/airflow/example_dags/example_branch_labels.py
[2023-08-11T08:02:54.191+0000] {processor.py:826} INFO - Processing file /home/airflow/.local/lib/python3.7/site-packages/airflow/example_dags/example_branch_labels.py for tasks to queue
[2023-08-11T08:02:54.192+0000] {logging_mixin.py:150} INFO - [2023-08-11T08:02:54.192+0000] {dagbag.py:541} INFO - Filling up the DagBag from /home/airflow/.local/lib/python3.7/site-packages/airflow/example_dags/example_branch_labels.py
[2023-08-11T08:02:54.200+0000] {processor.py:836} INFO - DAG(s) dict_keys(['example_branch_labels']) retrieved from /home/airflow/.local/lib/python3.7/site-packages/airflow/example_dags/example_branch_labels.py
[2023-08-11T08:02:54.225+0000] {logging_mixin.py:150} INFO - [2023-08-11T08:02:54.225+0000] {dag.py:2742} INFO - Sync 1 DAGs
[2023-08-11T08:02:54.249+0000] {logging_mixin.py:150} INFO - [2023-08-11T08:02:54.249+0000] {dag.py:3508} INFO - Setting next_dagrun for example_branch_labels to 2023-08-10T00:00:00+00:00, run_after=2023-08-11T00:00:00+00:00
[2023-08-11T08:02:54.268+0000] {processor.py:179} INFO - Processing /home/airflow/.local/lib/python3.7/site-packages/airflow/example_dags/example_branch_labels.py took 0.080 seconds
[2023-08-11T08:03:24.790+0000] {processor.py:157} INFO - Started process (PID=1429) to work on /home/airflow/.local/lib/python3.7/site-packages/airflow/example_dags/example_branch_labels.py
[2023-08-11T08:03:24.792+0000] {processor.py:826} INFO - Processing file /home/airflow/.local/lib/python3.7/site-packages/airflow/example_dags/example_branch_labels.py for tasks to queue
[2023-08-11T08:03:24.793+0000] {logging_mixin.py:150} INFO - [2023-08-11T08:03:24.792+0000] {dagbag.py:541} INFO - Filling up the DagBag from /home/airflow/.local/lib/python3.7/site-packages/airflow/example_dags/example_branch_labels.py
[2023-08-11T08:03:24.806+0000] {processor.py:836} INFO - DAG(s) dict_keys(['example_branch_labels']) retrieved from /home/airflow/.local/lib/python3.7/site-packages/airflow/example_dags/example_branch_labels.py
[2023-08-11T08:03:24.853+0000] {logging_mixin.py:150} INFO - [2023-08-11T08:03:24.853+0000] {dag.py:2742} INFO - Sync 1 DAGs
[2023-08-11T08:03:24.901+0000] {logging_mixin.py:150} INFO - [2023-08-11T08:03:24.901+0000] {dag.py:3508} INFO - Setting next_dagrun for example_branch_labels to 2023-08-10T00:00:00+00:00, run_after=2023-08-11T00:00:00+00:00
[2023-08-11T08:03:24.942+0000] {processor.py:179} INFO - Processing /home/airflow/.local/lib/python3.7/site-packages/airflow/example_dags/example_branch_labels.py took 0.165 seconds
[2023-08-11T08:03:55.657+0000] {processor.py:157} INFO - Started process (PID=1495) to work on /home/airflow/.local/lib/python3.7/site-packages/airflow/example_dags/example_branch_labels.py
[2023-08-11T08:03:55.659+0000] {processor.py:826} INFO - Processing file /home/airflow/.local/lib/python3.7/site-packages/airflow/example_dags/example_branch_labels.py for tasks to queue
[2023-08-11T08:03:55.660+0000] {logging_mixin.py:150} INFO - [2023-08-11T08:03:55.659+0000] {dagbag.py:541} INFO - Filling up the DagBag from /home/airflow/.local/lib/python3.7/site-packages/airflow/example_dags/example_branch_labels.py
[2023-08-11T08:03:55.670+0000] {processor.py:836} INFO - DAG(s) dict_keys(['example_branch_labels']) retrieved from /home/airflow/.local/lib/python3.7/site-packages/airflow/example_dags/example_branch_labels.py
[2023-08-11T08:03:55.704+0000] {logging_mixin.py:150} INFO - [2023-08-11T08:03:55.704+0000] {dag.py:2742} INFO - Sync 1 DAGs
[2023-08-11T08:03:55.738+0000] {logging_mixin.py:150} INFO - [2023-08-11T08:03:55.738+0000] {dag.py:3508} INFO - Setting next_dagrun for example_branch_labels to 2023-08-10T00:00:00+00:00, run_after=2023-08-11T00:00:00+00:00
[2023-08-11T08:03:55.765+0000] {processor.py:179} INFO - Processing /home/airflow/.local/lib/python3.7/site-packages/airflow/example_dags/example_branch_labels.py took 0.112 seconds
[2023-08-11T08:04:26.072+0000] {processor.py:157} INFO - Started process (PID=1569) to work on /home/airflow/.local/lib/python3.7/site-packages/airflow/example_dags/example_branch_labels.py
[2023-08-11T08:04:26.073+0000] {processor.py:826} INFO - Processing file /home/airflow/.local/lib/python3.7/site-packages/airflow/example_dags/example_branch_labels.py for tasks to queue
[2023-08-11T08:04:26.073+0000] {logging_mixin.py:150} INFO - [2023-08-11T08:04:26.073+0000] {dagbag.py:541} INFO - Filling up the DagBag from /home/airflow/.local/lib/python3.7/site-packages/airflow/example_dags/example_branch_labels.py
[2023-08-11T08:04:26.080+0000] {processor.py:836} INFO - DAG(s) dict_keys(['example_branch_labels']) retrieved from /home/airflow/.local/lib/python3.7/site-packages/airflow/example_dags/example_branch_labels.py
[2023-08-11T08:04:26.109+0000] {logging_mixin.py:150} INFO - [2023-08-11T08:04:26.109+0000] {dag.py:2742} INFO - Sync 1 DAGs
[2023-08-11T08:04:26.139+0000] {logging_mixin.py:150} INFO - [2023-08-11T08:04:26.139+0000] {dag.py:3508} INFO - Setting next_dagrun for example_branch_labels to 2023-08-10T00:00:00+00:00, run_after=2023-08-11T00:00:00+00:00
[2023-08-11T08:04:26.162+0000] {processor.py:179} INFO - Processing /home/airflow/.local/lib/python3.7/site-packages/airflow/example_dags/example_branch_labels.py took 0.093 seconds
[2023-08-11T08:04:56.634+0000] {processor.py:157} INFO - Started process (PID=1635) to work on /home/airflow/.local/lib/python3.7/site-packages/airflow/example_dags/example_branch_labels.py
[2023-08-11T08:04:56.636+0000] {processor.py:826} INFO - Processing file /home/airflow/.local/lib/python3.7/site-packages/airflow/example_dags/example_branch_labels.py for tasks to queue
[2023-08-11T08:04:56.637+0000] {logging_mixin.py:150} INFO - [2023-08-11T08:04:56.636+0000] {dagbag.py:541} INFO - Filling up the DagBag from /home/airflow/.local/lib/python3.7/site-packages/airflow/example_dags/example_branch_labels.py
[2023-08-11T08:04:56.644+0000] {processor.py:836} INFO - DAG(s) dict_keys(['example_branch_labels']) retrieved from /home/airflow/.local/lib/python3.7/site-packages/airflow/example_dags/example_branch_labels.py
[2023-08-11T08:04:56.669+0000] {logging_mixin.py:150} INFO - [2023-08-11T08:04:56.669+0000] {dag.py:2742} INFO - Sync 1 DAGs
[2023-08-11T08:04:56.696+0000] {logging_mixin.py:150} INFO - [2023-08-11T08:04:56.695+0000] {dag.py:3508} INFO - Setting next_dagrun for example_branch_labels to 2023-08-10T00:00:00+00:00, run_after=2023-08-11T00:00:00+00:00
[2023-08-11T08:04:56.720+0000] {processor.py:179} INFO - Processing /home/airflow/.local/lib/python3.7/site-packages/airflow/example_dags/example_branch_labels.py took 0.089 seconds
[2023-08-11T08:05:26.888+0000] {processor.py:157} INFO - Started process (PID=1702) to work on /home/airflow/.local/lib/python3.7/site-packages/airflow/example_dags/example_branch_labels.py
[2023-08-11T08:05:26.891+0000] {processor.py:826} INFO - Processing file /home/airflow/.local/lib/python3.7/site-packages/airflow/example_dags/example_branch_labels.py for tasks to queue
[2023-08-11T08:05:26.892+0000] {logging_mixin.py:150} INFO - [2023-08-11T08:05:26.891+0000] {dagbag.py:541} INFO - Filling up the DagBag from /home/airflow/.local/lib/python3.7/site-packages/airflow/example_dags/example_branch_labels.py
[2023-08-11T08:05:26.900+0000] {processor.py:836} INFO - DAG(s) dict_keys(['example_branch_labels']) retrieved from /home/airflow/.local/lib/python3.7/site-packages/airflow/example_dags/example_branch_labels.py
[2023-08-11T08:05:26.935+0000] {logging_mixin.py:150} INFO - [2023-08-11T08:05:26.935+0000] {dag.py:2742} INFO - Sync 1 DAGs
[2023-08-11T08:05:26.971+0000] {logging_mixin.py:150} INFO - [2023-08-11T08:05:26.971+0000] {dag.py:3508} INFO - Setting next_dagrun for example_branch_labels to 2023-08-10T00:00:00+00:00, run_after=2023-08-11T00:00:00+00:00
[2023-08-11T08:05:27.002+0000] {processor.py:179} INFO - Processing /home/airflow/.local/lib/python3.7/site-packages/airflow/example_dags/example_branch_labels.py took 0.117 seconds
[2023-08-11T08:05:57.254+0000] {processor.py:157} INFO - Started process (PID=1768) to work on /home/airflow/.local/lib/python3.7/site-packages/airflow/example_dags/example_branch_labels.py
[2023-08-11T08:05:57.255+0000] {processor.py:826} INFO - Processing file /home/airflow/.local/lib/python3.7/site-packages/airflow/example_dags/example_branch_labels.py for tasks to queue
[2023-08-11T08:05:57.256+0000] {logging_mixin.py:150} INFO - [2023-08-11T08:05:57.256+0000] {dagbag.py:541} INFO - Filling up the DagBag from /home/airflow/.local/lib/python3.7/site-packages/airflow/example_dags/example_branch_labels.py
[2023-08-11T08:05:57.265+0000] {processor.py:836} INFO - DAG(s) dict_keys(['example_branch_labels']) retrieved from /home/airflow/.local/lib/python3.7/site-packages/airflow/example_dags/example_branch_labels.py
[2023-08-11T08:05:57.292+0000] {logging_mixin.py:150} INFO - [2023-08-11T08:05:57.292+0000] {dag.py:2742} INFO - Sync 1 DAGs
[2023-08-11T08:05:57.318+0000] {logging_mixin.py:150} INFO - [2023-08-11T08:05:57.317+0000] {dag.py:3508} INFO - Setting next_dagrun for example_branch_labels to 2023-08-10T00:00:00+00:00, run_after=2023-08-11T00:00:00+00:00
[2023-08-11T08:05:57.350+0000] {processor.py:179} INFO - Processing /home/airflow/.local/lib/python3.7/site-packages/airflow/example_dags/example_branch_labels.py took 0.099 seconds
[2023-08-11T08:06:28.077+0000] {processor.py:157} INFO - Started process (PID=1839) to work on /home/airflow/.local/lib/python3.7/site-packages/airflow/example_dags/example_branch_labels.py
[2023-08-11T08:06:28.080+0000] {processor.py:826} INFO - Processing file /home/airflow/.local/lib/python3.7/site-packages/airflow/example_dags/example_branch_labels.py for tasks to queue
[2023-08-11T08:06:28.082+0000] {logging_mixin.py:150} INFO - [2023-08-11T08:06:28.082+0000] {dagbag.py:541} INFO - Filling up the DagBag from /home/airflow/.local/lib/python3.7/site-packages/airflow/example_dags/example_branch_labels.py
[2023-08-11T08:06:28.097+0000] {processor.py:836} INFO - DAG(s) dict_keys(['example_branch_labels']) retrieved from /home/airflow/.local/lib/python3.7/site-packages/airflow/example_dags/example_branch_labels.py
[2023-08-11T08:06:28.154+0000] {logging_mixin.py:150} INFO - [2023-08-11T08:06:28.154+0000] {dag.py:2742} INFO - Sync 1 DAGs
[2023-08-11T08:06:28.222+0000] {logging_mixin.py:150} INFO - [2023-08-11T08:06:28.222+0000] {dag.py:3508} INFO - Setting next_dagrun for example_branch_labels to 2023-08-10T00:00:00+00:00, run_after=2023-08-11T00:00:00+00:00
[2023-08-11T08:06:28.276+0000] {processor.py:179} INFO - Processing /home/airflow/.local/lib/python3.7/site-packages/airflow/example_dags/example_branch_labels.py took 0.205 seconds
[2023-08-11T08:06:59.140+0000] {processor.py:157} INFO - Started process (PID=1907) to work on /home/airflow/.local/lib/python3.7/site-packages/airflow/example_dags/example_branch_labels.py
[2023-08-11T08:06:59.141+0000] {processor.py:826} INFO - Processing file /home/airflow/.local/lib/python3.7/site-packages/airflow/example_dags/example_branch_labels.py for tasks to queue
[2023-08-11T08:06:59.141+0000] {logging_mixin.py:150} INFO - [2023-08-11T08:06:59.141+0000] {dagbag.py:541} INFO - Filling up the DagBag from /home/airflow/.local/lib/python3.7/site-packages/airflow/example_dags/example_branch_labels.py
[2023-08-11T08:06:59.150+0000] {processor.py:836} INFO - DAG(s) dict_keys(['example_branch_labels']) retrieved from /home/airflow/.local/lib/python3.7/site-packages/airflow/example_dags/example_branch_labels.py
[2023-08-11T08:06:59.182+0000] {logging_mixin.py:150} INFO - [2023-08-11T08:06:59.181+0000] {dag.py:2742} INFO - Sync 1 DAGs
[2023-08-11T08:06:59.206+0000] {logging_mixin.py:150} INFO - [2023-08-11T08:06:59.206+0000] {dag.py:3508} INFO - Setting next_dagrun for example_branch_labels to 2023-08-10T00:00:00+00:00, run_after=2023-08-11T00:00:00+00:00
[2023-08-11T08:06:59.230+0000] {processor.py:179} INFO - Processing /home/airflow/.local/lib/python3.7/site-packages/airflow/example_dags/example_branch_labels.py took 0.093 seconds
[2023-08-11T08:07:29.751+0000] {processor.py:157} INFO - Started process (PID=1976) to work on /home/airflow/.local/lib/python3.7/site-packages/airflow/example_dags/example_branch_labels.py
[2023-08-11T08:07:29.752+0000] {processor.py:826} INFO - Processing file /home/airflow/.local/lib/python3.7/site-packages/airflow/example_dags/example_branch_labels.py for tasks to queue
[2023-08-11T08:07:29.753+0000] {logging_mixin.py:150} INFO - [2023-08-11T08:07:29.753+0000] {dagbag.py:541} INFO - Filling up the DagBag from /home/airflow/.local/lib/python3.7/site-packages/airflow/example_dags/example_branch_labels.py
[2023-08-11T08:07:29.761+0000] {processor.py:836} INFO - DAG(s) dict_keys(['example_branch_labels']) retrieved from /home/airflow/.local/lib/python3.7/site-packages/airflow/example_dags/example_branch_labels.py
[2023-08-11T08:07:29.786+0000] {logging_mixin.py:150} INFO - [2023-08-11T08:07:29.786+0000] {dag.py:2742} INFO - Sync 1 DAGs
[2023-08-11T08:07:29.809+0000] {logging_mixin.py:150} INFO - [2023-08-11T08:07:29.808+0000] {dag.py:3508} INFO - Setting next_dagrun for example_branch_labels to 2023-08-10T00:00:00+00:00, run_after=2023-08-11T00:00:00+00:00
[2023-08-11T08:07:29.831+0000] {processor.py:179} INFO - Processing /home/airflow/.local/lib/python3.7/site-packages/airflow/example_dags/example_branch_labels.py took 0.083 seconds
[2023-08-11T08:07:59.931+0000] {processor.py:157} INFO - Started process (PID=2042) to work on /home/airflow/.local/lib/python3.7/site-packages/airflow/example_dags/example_branch_labels.py
[2023-08-11T08:07:59.932+0000] {processor.py:826} INFO - Processing file /home/airflow/.local/lib/python3.7/site-packages/airflow/example_dags/example_branch_labels.py for tasks to queue
[2023-08-11T08:07:59.933+0000] {logging_mixin.py:150} INFO - [2023-08-11T08:07:59.932+0000] {dagbag.py:541} INFO - Filling up the DagBag from /home/airflow/.local/lib/python3.7/site-packages/airflow/example_dags/example_branch_labels.py
[2023-08-11T08:07:59.940+0000] {processor.py:836} INFO - DAG(s) dict_keys(['example_branch_labels']) retrieved from /home/airflow/.local/lib/python3.7/site-packages/airflow/example_dags/example_branch_labels.py
[2023-08-11T08:07:59.971+0000] {logging_mixin.py:150} INFO - [2023-08-11T08:07:59.970+0000] {dag.py:2742} INFO - Sync 1 DAGs
[2023-08-11T08:07:59.994+0000] {logging_mixin.py:150} INFO - [2023-08-11T08:07:59.994+0000] {dag.py:3508} INFO - Setting next_dagrun for example_branch_labels to 2023-08-10T00:00:00+00:00, run_after=2023-08-11T00:00:00+00:00
[2023-08-11T08:08:00.021+0000] {processor.py:179} INFO - Processing /home/airflow/.local/lib/python3.7/site-packages/airflow/example_dags/example_branch_labels.py took 0.094 seconds
[2023-08-11T08:08:30.666+0000] {processor.py:157} INFO - Started process (PID=2108) to work on /home/airflow/.local/lib/python3.7/site-packages/airflow/example_dags/example_branch_labels.py
[2023-08-11T08:08:30.666+0000] {processor.py:826} INFO - Processing file /home/airflow/.local/lib/python3.7/site-packages/airflow/example_dags/example_branch_labels.py for tasks to queue
[2023-08-11T08:08:30.667+0000] {logging_mixin.py:150} INFO - [2023-08-11T08:08:30.667+0000] {dagbag.py:541} INFO - Filling up the DagBag from /home/airflow/.local/lib/python3.7/site-packages/airflow/example_dags/example_branch_labels.py
[2023-08-11T08:08:30.673+0000] {processor.py:836} INFO - DAG(s) dict_keys(['example_branch_labels']) retrieved from /home/airflow/.local/lib/python3.7/site-packages/airflow/example_dags/example_branch_labels.py
[2023-08-11T08:08:30.701+0000] {logging_mixin.py:150} INFO - [2023-08-11T08:08:30.700+0000] {dag.py:2742} INFO - Sync 1 DAGs
[2023-08-11T08:08:30.723+0000] {logging_mixin.py:150} INFO - [2023-08-11T08:08:30.722+0000] {dag.py:3508} INFO - Setting next_dagrun for example_branch_labels to 2023-08-10T00:00:00+00:00, run_after=2023-08-11T00:00:00+00:00
[2023-08-11T08:08:30.747+0000] {processor.py:179} INFO - Processing /home/airflow/.local/lib/python3.7/site-packages/airflow/example_dags/example_branch_labels.py took 0.086 seconds
[2023-08-11T08:09:01.080+0000] {processor.py:157} INFO - Started process (PID=2174) to work on /home/airflow/.local/lib/python3.7/site-packages/airflow/example_dags/example_branch_labels.py
[2023-08-11T08:09:01.082+0000] {processor.py:826} INFO - Processing file /home/airflow/.local/lib/python3.7/site-packages/airflow/example_dags/example_branch_labels.py for tasks to queue
[2023-08-11T08:09:01.083+0000] {logging_mixin.py:150} INFO - [2023-08-11T08:09:01.082+0000] {dagbag.py:541} INFO - Filling up the DagBag from /home/airflow/.local/lib/python3.7/site-packages/airflow/example_dags/example_branch_labels.py
[2023-08-11T08:09:01.089+0000] {processor.py:836} INFO - DAG(s) dict_keys(['example_branch_labels']) retrieved from /home/airflow/.local/lib/python3.7/site-packages/airflow/example_dags/example_branch_labels.py
[2023-08-11T08:09:01.116+0000] {logging_mixin.py:150} INFO - [2023-08-11T08:09:01.116+0000] {dag.py:2742} INFO - Sync 1 DAGs
[2023-08-11T08:09:01.139+0000] {logging_mixin.py:150} INFO - [2023-08-11T08:09:01.139+0000] {dag.py:3508} INFO - Setting next_dagrun for example_branch_labels to 2023-08-10T00:00:00+00:00, run_after=2023-08-11T00:00:00+00:00
[2023-08-11T08:09:01.160+0000] {processor.py:179} INFO - Processing /home/airflow/.local/lib/python3.7/site-packages/airflow/example_dags/example_branch_labels.py took 0.083 seconds
[2023-08-11T08:09:32.054+0000] {processor.py:157} INFO - Started process (PID=2240) to work on /home/airflow/.local/lib/python3.7/site-packages/airflow/example_dags/example_branch_labels.py
[2023-08-11T08:09:32.055+0000] {processor.py:826} INFO - Processing file /home/airflow/.local/lib/python3.7/site-packages/airflow/example_dags/example_branch_labels.py for tasks to queue
[2023-08-11T08:09:32.056+0000] {logging_mixin.py:150} INFO - [2023-08-11T08:09:32.056+0000] {dagbag.py:541} INFO - Filling up the DagBag from /home/airflow/.local/lib/python3.7/site-packages/airflow/example_dags/example_branch_labels.py
[2023-08-11T08:09:32.065+0000] {processor.py:836} INFO - DAG(s) dict_keys(['example_branch_labels']) retrieved from /home/airflow/.local/lib/python3.7/site-packages/airflow/example_dags/example_branch_labels.py
[2023-08-11T08:09:32.106+0000] {logging_mixin.py:150} INFO - [2023-08-11T08:09:32.106+0000] {dag.py:2742} INFO - Sync 1 DAGs
[2023-08-11T08:09:32.153+0000] {logging_mixin.py:150} INFO - [2023-08-11T08:09:32.153+0000] {dag.py:3508} INFO - Setting next_dagrun for example_branch_labels to 2023-08-10T00:00:00+00:00, run_after=2023-08-11T00:00:00+00:00
[2023-08-11T08:09:32.194+0000] {processor.py:179} INFO - Processing /home/airflow/.local/lib/python3.7/site-packages/airflow/example_dags/example_branch_labels.py took 0.143 seconds
[2023-08-11T08:10:02.243+0000] {processor.py:157} INFO - Started process (PID=2306) to work on /home/airflow/.local/lib/python3.7/site-packages/airflow/example_dags/example_branch_labels.py
[2023-08-11T08:10:02.244+0000] {processor.py:826} INFO - Processing file /home/airflow/.local/lib/python3.7/site-packages/airflow/example_dags/example_branch_labels.py for tasks to queue
[2023-08-11T08:10:02.245+0000] {logging_mixin.py:150} INFO - [2023-08-11T08:10:02.244+0000] {dagbag.py:541} INFO - Filling up the DagBag from /home/airflow/.local/lib/python3.7/site-packages/airflow/example_dags/example_branch_labels.py
[2023-08-11T08:10:02.251+0000] {processor.py:836} INFO - DAG(s) dict_keys(['example_branch_labels']) retrieved from /home/airflow/.local/lib/python3.7/site-packages/airflow/example_dags/example_branch_labels.py
[2023-08-11T08:10:02.278+0000] {logging_mixin.py:150} INFO - [2023-08-11T08:10:02.278+0000] {dag.py:2742} INFO - Sync 1 DAGs
[2023-08-11T08:10:02.300+0000] {logging_mixin.py:150} INFO - [2023-08-11T08:10:02.300+0000] {dag.py:3508} INFO - Setting next_dagrun for example_branch_labels to 2023-08-10T00:00:00+00:00, run_after=2023-08-11T00:00:00+00:00
[2023-08-11T08:10:02.320+0000] {processor.py:179} INFO - Processing /home/airflow/.local/lib/python3.7/site-packages/airflow/example_dags/example_branch_labels.py took 0.080 seconds
[2023-08-11T08:10:32.709+0000] {processor.py:157} INFO - Started process (PID=2372) to work on /home/airflow/.local/lib/python3.7/site-packages/airflow/example_dags/example_branch_labels.py
[2023-08-11T08:10:32.710+0000] {processor.py:826} INFO - Processing file /home/airflow/.local/lib/python3.7/site-packages/airflow/example_dags/example_branch_labels.py for tasks to queue
[2023-08-11T08:10:32.711+0000] {logging_mixin.py:150} INFO - [2023-08-11T08:10:32.711+0000] {dagbag.py:541} INFO - Filling up the DagBag from /home/airflow/.local/lib/python3.7/site-packages/airflow/example_dags/example_branch_labels.py
[2023-08-11T08:10:32.722+0000] {processor.py:836} INFO - DAG(s) dict_keys(['example_branch_labels']) retrieved from /home/airflow/.local/lib/python3.7/site-packages/airflow/example_dags/example_branch_labels.py
[2023-08-11T08:10:32.766+0000] {logging_mixin.py:150} INFO - [2023-08-11T08:10:32.765+0000] {dag.py:2742} INFO - Sync 1 DAGs
[2023-08-11T08:10:32.811+0000] {logging_mixin.py:150} INFO - [2023-08-11T08:10:32.811+0000] {dag.py:3508} INFO - Setting next_dagrun for example_branch_labels to 2023-08-10T00:00:00+00:00, run_after=2023-08-11T00:00:00+00:00
[2023-08-11T08:10:32.844+0000] {processor.py:179} INFO - Processing /home/airflow/.local/lib/python3.7/site-packages/airflow/example_dags/example_branch_labels.py took 0.139 seconds
[2023-08-11T08:11:03.053+0000] {processor.py:157} INFO - Started process (PID=2438) to work on /home/airflow/.local/lib/python3.7/site-packages/airflow/example_dags/example_branch_labels.py
[2023-08-11T08:11:03.055+0000] {processor.py:826} INFO - Processing file /home/airflow/.local/lib/python3.7/site-packages/airflow/example_dags/example_branch_labels.py for tasks to queue
[2023-08-11T08:11:03.056+0000] {logging_mixin.py:150} INFO - [2023-08-11T08:11:03.056+0000] {dagbag.py:541} INFO - Filling up the DagBag from /home/airflow/.local/lib/python3.7/site-packages/airflow/example_dags/example_branch_labels.py
[2023-08-11T08:11:03.063+0000] {processor.py:836} INFO - DAG(s) dict_keys(['example_branch_labels']) retrieved from /home/airflow/.local/lib/python3.7/site-packages/airflow/example_dags/example_branch_labels.py
[2023-08-11T08:11:03.090+0000] {logging_mixin.py:150} INFO - [2023-08-11T08:11:03.089+0000] {dag.py:2742} INFO - Sync 1 DAGs
[2023-08-11T08:11:03.114+0000] {logging_mixin.py:150} INFO - [2023-08-11T08:11:03.114+0000] {dag.py:3508} INFO - Setting next_dagrun for example_branch_labels to 2023-08-10T00:00:00+00:00, run_after=2023-08-11T00:00:00+00:00
[2023-08-11T08:11:03.133+0000] {processor.py:179} INFO - Processing /home/airflow/.local/lib/python3.7/site-packages/airflow/example_dags/example_branch_labels.py took 0.083 seconds
[2023-08-11T08:11:33.812+0000] {processor.py:157} INFO - Started process (PID=2512) to work on /home/airflow/.local/lib/python3.7/site-packages/airflow/example_dags/example_branch_labels.py
[2023-08-11T08:11:33.813+0000] {processor.py:826} INFO - Processing file /home/airflow/.local/lib/python3.7/site-packages/airflow/example_dags/example_branch_labels.py for tasks to queue
[2023-08-11T08:11:33.814+0000] {logging_mixin.py:150} INFO - [2023-08-11T08:11:33.814+0000] {dagbag.py:541} INFO - Filling up the DagBag from /home/airflow/.local/lib/python3.7/site-packages/airflow/example_dags/example_branch_labels.py
[2023-08-11T08:11:33.821+0000] {processor.py:836} INFO - DAG(s) dict_keys(['example_branch_labels']) retrieved from /home/airflow/.local/lib/python3.7/site-packages/airflow/example_dags/example_branch_labels.py
[2023-08-11T08:11:33.854+0000] {logging_mixin.py:150} INFO - [2023-08-11T08:11:33.854+0000] {dag.py:2742} INFO - Sync 1 DAGs
[2023-08-11T08:11:33.883+0000] {logging_mixin.py:150} INFO - [2023-08-11T08:11:33.883+0000] {dag.py:3508} INFO - Setting next_dagrun for example_branch_labels to 2023-08-10T00:00:00+00:00, run_after=2023-08-11T00:00:00+00:00
[2023-08-11T08:11:33.912+0000] {processor.py:179} INFO - Processing /home/airflow/.local/lib/python3.7/site-packages/airflow/example_dags/example_branch_labels.py took 0.103 seconds
[2023-08-11T08:12:04.422+0000] {processor.py:157} INFO - Started process (PID=2578) to work on /home/airflow/.local/lib/python3.7/site-packages/airflow/example_dags/example_branch_labels.py
[2023-08-11T08:12:04.423+0000] {processor.py:826} INFO - Processing file /home/airflow/.local/lib/python3.7/site-packages/airflow/example_dags/example_branch_labels.py for tasks to queue
[2023-08-11T08:12:04.424+0000] {logging_mixin.py:150} INFO - [2023-08-11T08:12:04.424+0000] {dagbag.py:541} INFO - Filling up the DagBag from /home/airflow/.local/lib/python3.7/site-packages/airflow/example_dags/example_branch_labels.py
[2023-08-11T08:12:04.431+0000] {processor.py:836} INFO - DAG(s) dict_keys(['example_branch_labels']) retrieved from /home/airflow/.local/lib/python3.7/site-packages/airflow/example_dags/example_branch_labels.py
[2023-08-11T08:12:04.458+0000] {logging_mixin.py:150} INFO - [2023-08-11T08:12:04.458+0000] {dag.py:2742} INFO - Sync 1 DAGs
[2023-08-11T08:12:04.483+0000] {logging_mixin.py:150} INFO - [2023-08-11T08:12:04.482+0000] {dag.py:3508} INFO - Setting next_dagrun for example_branch_labels to 2023-08-10T00:00:00+00:00, run_after=2023-08-11T00:00:00+00:00
[2023-08-11T08:12:04.506+0000] {processor.py:179} INFO - Processing /home/airflow/.local/lib/python3.7/site-packages/airflow/example_dags/example_branch_labels.py took 0.086 seconds
[2023-08-11T08:12:34.608+0000] {processor.py:157} INFO - Started process (PID=2644) to work on /home/airflow/.local/lib/python3.7/site-packages/airflow/example_dags/example_branch_labels.py
[2023-08-11T08:12:34.610+0000] {processor.py:826} INFO - Processing file /home/airflow/.local/lib/python3.7/site-packages/airflow/example_dags/example_branch_labels.py for tasks to queue
[2023-08-11T08:12:34.611+0000] {logging_mixin.py:150} INFO - [2023-08-11T08:12:34.611+0000] {dagbag.py:541} INFO - Filling up the DagBag from /home/airflow/.local/lib/python3.7/site-packages/airflow/example_dags/example_branch_labels.py
[2023-08-11T08:12:34.619+0000] {processor.py:836} INFO - DAG(s) dict_keys(['example_branch_labels']) retrieved from /home/airflow/.local/lib/python3.7/site-packages/airflow/example_dags/example_branch_labels.py
[2023-08-11T08:12:34.651+0000] {logging_mixin.py:150} INFO - [2023-08-11T08:12:34.650+0000] {dag.py:2742} INFO - Sync 1 DAGs
[2023-08-11T08:12:34.680+0000] {logging_mixin.py:150} INFO - [2023-08-11T08:12:34.680+0000] {dag.py:3508} INFO - Setting next_dagrun for example_branch_labels to 2023-08-10T00:00:00+00:00, run_after=2023-08-11T00:00:00+00:00
[2023-08-11T08:12:34.705+0000] {processor.py:179} INFO - Processing /home/airflow/.local/lib/python3.7/site-packages/airflow/example_dags/example_branch_labels.py took 0.100 seconds
[2023-08-11T08:13:05.551+0000] {processor.py:157} INFO - Started process (PID=2710) to work on /home/airflow/.local/lib/python3.7/site-packages/airflow/example_dags/example_branch_labels.py
[2023-08-11T08:13:05.554+0000] {processor.py:826} INFO - Processing file /home/airflow/.local/lib/python3.7/site-packages/airflow/example_dags/example_branch_labels.py for tasks to queue
[2023-08-11T08:13:05.556+0000] {logging_mixin.py:150} INFO - [2023-08-11T08:13:05.555+0000] {dagbag.py:541} INFO - Filling up the DagBag from /home/airflow/.local/lib/python3.7/site-packages/airflow/example_dags/example_branch_labels.py
[2023-08-11T08:13:05.573+0000] {processor.py:836} INFO - DAG(s) dict_keys(['example_branch_labels']) retrieved from /home/airflow/.local/lib/python3.7/site-packages/airflow/example_dags/example_branch_labels.py
[2023-08-11T08:13:05.625+0000] {logging_mixin.py:150} INFO - [2023-08-11T08:13:05.624+0000] {dag.py:2742} INFO - Sync 1 DAGs
[2023-08-11T08:13:05.681+0000] {logging_mixin.py:150} INFO - [2023-08-11T08:13:05.681+0000] {dag.py:3508} INFO - Setting next_dagrun for example_branch_labels to 2023-08-10T00:00:00+00:00, run_after=2023-08-11T00:00:00+00:00
[2023-08-11T08:13:05.724+0000] {processor.py:179} INFO - Processing /home/airflow/.local/lib/python3.7/site-packages/airflow/example_dags/example_branch_labels.py took 0.179 seconds
[2023-08-11T08:13:35.935+0000] {processor.py:157} INFO - Started process (PID=2776) to work on /home/airflow/.local/lib/python3.7/site-packages/airflow/example_dags/example_branch_labels.py
[2023-08-11T08:13:35.936+0000] {processor.py:826} INFO - Processing file /home/airflow/.local/lib/python3.7/site-packages/airflow/example_dags/example_branch_labels.py for tasks to queue
[2023-08-11T08:13:35.937+0000] {logging_mixin.py:150} INFO - [2023-08-11T08:13:35.937+0000] {dagbag.py:541} INFO - Filling up the DagBag from /home/airflow/.local/lib/python3.7/site-packages/airflow/example_dags/example_branch_labels.py
[2023-08-11T08:13:35.949+0000] {processor.py:836} INFO - DAG(s) dict_keys(['example_branch_labels']) retrieved from /home/airflow/.local/lib/python3.7/site-packages/airflow/example_dags/example_branch_labels.py
[2023-08-11T08:13:35.981+0000] {logging_mixin.py:150} INFO - [2023-08-11T08:13:35.980+0000] {dag.py:2742} INFO - Sync 1 DAGs
[2023-08-11T08:13:36.011+0000] {logging_mixin.py:150} INFO - [2023-08-11T08:13:36.011+0000] {dag.py:3508} INFO - Setting next_dagrun for example_branch_labels to 2023-08-10T00:00:00+00:00, run_after=2023-08-11T00:00:00+00:00
[2023-08-11T08:13:36.038+0000] {processor.py:179} INFO - Processing /home/airflow/.local/lib/python3.7/site-packages/airflow/example_dags/example_branch_labels.py took 0.106 seconds
[2023-08-11T08:14:06.114+0000] {processor.py:157} INFO - Started process (PID=2842) to work on /home/airflow/.local/lib/python3.7/site-packages/airflow/example_dags/example_branch_labels.py
[2023-08-11T08:14:06.115+0000] {processor.py:826} INFO - Processing file /home/airflow/.local/lib/python3.7/site-packages/airflow/example_dags/example_branch_labels.py for tasks to queue
[2023-08-11T08:14:06.116+0000] {logging_mixin.py:150} INFO - [2023-08-11T08:14:06.116+0000] {dagbag.py:541} INFO - Filling up the DagBag from /home/airflow/.local/lib/python3.7/site-packages/airflow/example_dags/example_branch_labels.py
[2023-08-11T08:14:06.122+0000] {processor.py:836} INFO - DAG(s) dict_keys(['example_branch_labels']) retrieved from /home/airflow/.local/lib/python3.7/site-packages/airflow/example_dags/example_branch_labels.py
[2023-08-11T08:14:06.148+0000] {logging_mixin.py:150} INFO - [2023-08-11T08:14:06.148+0000] {dag.py:2742} INFO - Sync 1 DAGs
[2023-08-11T08:14:06.170+0000] {logging_mixin.py:150} INFO - [2023-08-11T08:14:06.170+0000] {dag.py:3508} INFO - Setting next_dagrun for example_branch_labels to 2023-08-10T00:00:00+00:00, run_after=2023-08-11T00:00:00+00:00
[2023-08-11T08:14:06.188+0000] {processor.py:179} INFO - Processing /home/airflow/.local/lib/python3.7/site-packages/airflow/example_dags/example_branch_labels.py took 0.078 seconds
[2023-08-11T08:14:36.446+0000] {processor.py:157} INFO - Started process (PID=2909) to work on /home/airflow/.local/lib/python3.7/site-packages/airflow/example_dags/example_branch_labels.py
[2023-08-11T08:14:36.447+0000] {processor.py:826} INFO - Processing file /home/airflow/.local/lib/python3.7/site-packages/airflow/example_dags/example_branch_labels.py for tasks to queue
[2023-08-11T08:14:36.448+0000] {logging_mixin.py:150} INFO - [2023-08-11T08:14:36.448+0000] {dagbag.py:541} INFO - Filling up the DagBag from /home/airflow/.local/lib/python3.7/site-packages/airflow/example_dags/example_branch_labels.py
[2023-08-11T08:14:36.458+0000] {processor.py:836} INFO - DAG(s) dict_keys(['example_branch_labels']) retrieved from /home/airflow/.local/lib/python3.7/site-packages/airflow/example_dags/example_branch_labels.py
[2023-08-11T08:14:36.491+0000] {logging_mixin.py:150} INFO - [2023-08-11T08:14:36.490+0000] {dag.py:2742} INFO - Sync 1 DAGs
[2023-08-11T08:14:36.521+0000] {logging_mixin.py:150} INFO - [2023-08-11T08:14:36.521+0000] {dag.py:3508} INFO - Setting next_dagrun for example_branch_labels to 2023-08-10T00:00:00+00:00, run_after=2023-08-11T00:00:00+00:00
[2023-08-11T08:14:36.547+0000] {processor.py:179} INFO - Processing /home/airflow/.local/lib/python3.7/site-packages/airflow/example_dags/example_branch_labels.py took 0.104 seconds
[2023-08-11T08:15:07.009+0000] {processor.py:157} INFO - Started process (PID=2975) to work on /home/airflow/.local/lib/python3.7/site-packages/airflow/example_dags/example_branch_labels.py
[2023-08-11T08:15:07.010+0000] {processor.py:826} INFO - Processing file /home/airflow/.local/lib/python3.7/site-packages/airflow/example_dags/example_branch_labels.py for tasks to queue
[2023-08-11T08:15:07.011+0000] {logging_mixin.py:150} INFO - [2023-08-11T08:15:07.011+0000] {dagbag.py:541} INFO - Filling up the DagBag from /home/airflow/.local/lib/python3.7/site-packages/airflow/example_dags/example_branch_labels.py
[2023-08-11T08:15:07.021+0000] {processor.py:836} INFO - DAG(s) dict_keys(['example_branch_labels']) retrieved from /home/airflow/.local/lib/python3.7/site-packages/airflow/example_dags/example_branch_labels.py
[2023-08-11T08:15:07.047+0000] {logging_mixin.py:150} INFO - [2023-08-11T08:15:07.047+0000] {dag.py:2742} INFO - Sync 1 DAGs
[2023-08-11T08:15:07.076+0000] {logging_mixin.py:150} INFO - [2023-08-11T08:15:07.076+0000] {dag.py:3508} INFO - Setting next_dagrun for example_branch_labels to 2023-08-10T00:00:00+00:00, run_after=2023-08-11T00:00:00+00:00
[2023-08-11T08:15:07.103+0000] {processor.py:179} INFO - Processing /home/airflow/.local/lib/python3.7/site-packages/airflow/example_dags/example_branch_labels.py took 0.097 seconds
[2023-08-11T08:15:37.411+0000] {processor.py:157} INFO - Started process (PID=3042) to work on /home/airflow/.local/lib/python3.7/site-packages/airflow/example_dags/example_branch_labels.py
[2023-08-11T08:15:37.413+0000] {processor.py:826} INFO - Processing file /home/airflow/.local/lib/python3.7/site-packages/airflow/example_dags/example_branch_labels.py for tasks to queue
[2023-08-11T08:15:37.414+0000] {logging_mixin.py:150} INFO - [2023-08-11T08:15:37.413+0000] {dagbag.py:541} INFO - Filling up the DagBag from /home/airflow/.local/lib/python3.7/site-packages/airflow/example_dags/example_branch_labels.py
[2023-08-11T08:15:37.422+0000] {processor.py:836} INFO - DAG(s) dict_keys(['example_branch_labels']) retrieved from /home/airflow/.local/lib/python3.7/site-packages/airflow/example_dags/example_branch_labels.py
[2023-08-11T08:15:37.447+0000] {logging_mixin.py:150} INFO - [2023-08-11T08:15:37.446+0000] {dag.py:2742} INFO - Sync 1 DAGs
[2023-08-11T08:15:37.474+0000] {logging_mixin.py:150} INFO - [2023-08-11T08:15:37.474+0000] {dag.py:3508} INFO - Setting next_dagrun for example_branch_labels to 2023-08-10T00:00:00+00:00, run_after=2023-08-11T00:00:00+00:00
[2023-08-11T08:15:37.496+0000] {processor.py:179} INFO - Processing /home/airflow/.local/lib/python3.7/site-packages/airflow/example_dags/example_branch_labels.py took 0.088 seconds
[2023-08-11T08:16:08.211+0000] {processor.py:157} INFO - Started process (PID=3095) to work on /home/airflow/.local/lib/python3.7/site-packages/airflow/example_dags/example_branch_labels.py
[2023-08-11T08:16:08.212+0000] {processor.py:826} INFO - Processing file /home/airflow/.local/lib/python3.7/site-packages/airflow/example_dags/example_branch_labels.py for tasks to queue
[2023-08-11T08:16:08.213+0000] {logging_mixin.py:150} INFO - [2023-08-11T08:16:08.212+0000] {dagbag.py:541} INFO - Filling up the DagBag from /home/airflow/.local/lib/python3.7/site-packages/airflow/example_dags/example_branch_labels.py
[2023-08-11T08:16:08.220+0000] {processor.py:836} INFO - DAG(s) dict_keys(['example_branch_labels']) retrieved from /home/airflow/.local/lib/python3.7/site-packages/airflow/example_dags/example_branch_labels.py
[2023-08-11T08:16:08.247+0000] {logging_mixin.py:150} INFO - [2023-08-11T08:16:08.246+0000] {dag.py:2742} INFO - Sync 1 DAGs
[2023-08-11T08:16:08.271+0000] {logging_mixin.py:150} INFO - [2023-08-11T08:16:08.271+0000] {dag.py:3508} INFO - Setting next_dagrun for example_branch_labels to 2023-08-10T00:00:00+00:00, run_after=2023-08-11T00:00:00+00:00
[2023-08-11T08:16:08.293+0000] {processor.py:179} INFO - Processing /home/airflow/.local/lib/python3.7/site-packages/airflow/example_dags/example_branch_labels.py took 0.086 seconds
[2023-08-11T08:16:38.393+0000] {processor.py:157} INFO - Started process (PID=3164) to work on /home/airflow/.local/lib/python3.7/site-packages/airflow/example_dags/example_branch_labels.py
[2023-08-11T08:16:38.394+0000] {processor.py:826} INFO - Processing file /home/airflow/.local/lib/python3.7/site-packages/airflow/example_dags/example_branch_labels.py for tasks to queue
[2023-08-11T08:16:38.394+0000] {logging_mixin.py:150} INFO - [2023-08-11T08:16:38.394+0000] {dagbag.py:541} INFO - Filling up the DagBag from /home/airflow/.local/lib/python3.7/site-packages/airflow/example_dags/example_branch_labels.py
[2023-08-11T08:16:38.401+0000] {processor.py:836} INFO - DAG(s) dict_keys(['example_branch_labels']) retrieved from /home/airflow/.local/lib/python3.7/site-packages/airflow/example_dags/example_branch_labels.py
[2023-08-11T08:16:38.429+0000] {logging_mixin.py:150} INFO - [2023-08-11T08:16:38.429+0000] {dag.py:2742} INFO - Sync 1 DAGs
[2023-08-11T08:16:38.453+0000] {logging_mixin.py:150} INFO - [2023-08-11T08:16:38.453+0000] {dag.py:3508} INFO - Setting next_dagrun for example_branch_labels to 2023-08-10T00:00:00+00:00, run_after=2023-08-11T00:00:00+00:00
[2023-08-11T08:16:38.478+0000] {processor.py:179} INFO - Processing /home/airflow/.local/lib/python3.7/site-packages/airflow/example_dags/example_branch_labels.py took 0.090 seconds
[2023-08-11T08:17:08.731+0000] {processor.py:157} INFO - Started process (PID=3230) to work on /home/airflow/.local/lib/python3.7/site-packages/airflow/example_dags/example_branch_labels.py
[2023-08-11T08:17:08.732+0000] {processor.py:826} INFO - Processing file /home/airflow/.local/lib/python3.7/site-packages/airflow/example_dags/example_branch_labels.py for tasks to queue
[2023-08-11T08:17:08.732+0000] {logging_mixin.py:150} INFO - [2023-08-11T08:17:08.732+0000] {dagbag.py:541} INFO - Filling up the DagBag from /home/airflow/.local/lib/python3.7/site-packages/airflow/example_dags/example_branch_labels.py
[2023-08-11T08:17:08.741+0000] {processor.py:836} INFO - DAG(s) dict_keys(['example_branch_labels']) retrieved from /home/airflow/.local/lib/python3.7/site-packages/airflow/example_dags/example_branch_labels.py
[2023-08-11T08:17:08.771+0000] {logging_mixin.py:150} INFO - [2023-08-11T08:17:08.771+0000] {dag.py:2742} INFO - Sync 1 DAGs
[2023-08-11T08:17:08.801+0000] {logging_mixin.py:150} INFO - [2023-08-11T08:17:08.801+0000] {dag.py:3508} INFO - Setting next_dagrun for example_branch_labels to 2023-08-10T00:00:00+00:00, run_after=2023-08-11T00:00:00+00:00
[2023-08-11T08:17:08.828+0000] {processor.py:179} INFO - Processing /home/airflow/.local/lib/python3.7/site-packages/airflow/example_dags/example_branch_labels.py took 0.100 seconds
[2023-08-11T08:17:38.926+0000] {processor.py:157} INFO - Started process (PID=3308) to work on /home/airflow/.local/lib/python3.7/site-packages/airflow/example_dags/example_branch_labels.py
[2023-08-11T08:17:38.928+0000] {processor.py:826} INFO - Processing file /home/airflow/.local/lib/python3.7/site-packages/airflow/example_dags/example_branch_labels.py for tasks to queue
[2023-08-11T08:17:38.928+0000] {logging_mixin.py:150} INFO - [2023-08-11T08:17:38.928+0000] {dagbag.py:541} INFO - Filling up the DagBag from /home/airflow/.local/lib/python3.7/site-packages/airflow/example_dags/example_branch_labels.py
[2023-08-11T08:17:38.936+0000] {processor.py:836} INFO - DAG(s) dict_keys(['example_branch_labels']) retrieved from /home/airflow/.local/lib/python3.7/site-packages/airflow/example_dags/example_branch_labels.py
[2023-08-11T08:17:38.965+0000] {logging_mixin.py:150} INFO - [2023-08-11T08:17:38.965+0000] {dag.py:2742} INFO - Sync 1 DAGs
[2023-08-11T08:17:38.988+0000] {logging_mixin.py:150} INFO - [2023-08-11T08:17:38.988+0000] {dag.py:3508} INFO - Setting next_dagrun for example_branch_labels to 2023-08-10T00:00:00+00:00, run_after=2023-08-11T00:00:00+00:00
[2023-08-11T08:17:39.011+0000] {processor.py:179} INFO - Processing /home/airflow/.local/lib/python3.7/site-packages/airflow/example_dags/example_branch_labels.py took 0.089 seconds
[2023-08-11T08:18:09.114+0000] {processor.py:157} INFO - Started process (PID=3399) to work on /home/airflow/.local/lib/python3.7/site-packages/airflow/example_dags/example_branch_labels.py
[2023-08-11T08:18:09.116+0000] {processor.py:826} INFO - Processing file /home/airflow/.local/lib/python3.7/site-packages/airflow/example_dags/example_branch_labels.py for tasks to queue
[2023-08-11T08:18:09.117+0000] {logging_mixin.py:150} INFO - [2023-08-11T08:18:09.117+0000] {dagbag.py:541} INFO - Filling up the DagBag from /home/airflow/.local/lib/python3.7/site-packages/airflow/example_dags/example_branch_labels.py
[2023-08-11T08:18:09.125+0000] {processor.py:836} INFO - DAG(s) dict_keys(['example_branch_labels']) retrieved from /home/airflow/.local/lib/python3.7/site-packages/airflow/example_dags/example_branch_labels.py
[2023-08-11T08:18:09.151+0000] {logging_mixin.py:150} INFO - [2023-08-11T08:18:09.151+0000] {dag.py:2742} INFO - Sync 1 DAGs
[2023-08-11T08:18:09.177+0000] {logging_mixin.py:150} INFO - [2023-08-11T08:18:09.176+0000] {dag.py:3508} INFO - Setting next_dagrun for example_branch_labels to 2023-08-10T00:00:00+00:00, run_after=2023-08-11T00:00:00+00:00
[2023-08-11T08:18:09.197+0000] {processor.py:179} INFO - Processing /home/airflow/.local/lib/python3.7/site-packages/airflow/example_dags/example_branch_labels.py took 0.086 seconds
[2023-08-11T08:18:40.180+0000] {processor.py:157} INFO - Started process (PID=3484) to work on /home/airflow/.local/lib/python3.7/site-packages/airflow/example_dags/example_branch_labels.py
[2023-08-11T08:18:40.183+0000] {processor.py:826} INFO - Processing file /home/airflow/.local/lib/python3.7/site-packages/airflow/example_dags/example_branch_labels.py for tasks to queue
[2023-08-11T08:18:40.185+0000] {logging_mixin.py:150} INFO - [2023-08-11T08:18:40.185+0000] {dagbag.py:541} INFO - Filling up the DagBag from /home/airflow/.local/lib/python3.7/site-packages/airflow/example_dags/example_branch_labels.py
[2023-08-11T08:18:40.221+0000] {processor.py:836} INFO - DAG(s) dict_keys(['example_branch_labels']) retrieved from /home/airflow/.local/lib/python3.7/site-packages/airflow/example_dags/example_branch_labels.py
[2023-08-11T08:18:40.386+0000] {logging_mixin.py:150} INFO - [2023-08-11T08:18:40.385+0000] {dag.py:2742} INFO - Sync 1 DAGs
[2023-08-11T08:18:40.508+0000] {logging_mixin.py:150} INFO - [2023-08-11T08:18:40.508+0000] {dag.py:3508} INFO - Setting next_dagrun for example_branch_labels to 2023-08-10T00:00:00+00:00, run_after=2023-08-11T00:00:00+00:00
[2023-08-11T08:18:40.583+0000] {processor.py:179} INFO - Processing /home/airflow/.local/lib/python3.7/site-packages/airflow/example_dags/example_branch_labels.py took 0.429 seconds
[2023-08-11T08:19:10.900+0000] {processor.py:157} INFO - Started process (PID=3563) to work on /home/airflow/.local/lib/python3.7/site-packages/airflow/example_dags/example_branch_labels.py
[2023-08-11T08:19:10.901+0000] {processor.py:826} INFO - Processing file /home/airflow/.local/lib/python3.7/site-packages/airflow/example_dags/example_branch_labels.py for tasks to queue
[2023-08-11T08:19:10.902+0000] {logging_mixin.py:150} INFO - [2023-08-11T08:19:10.901+0000] {dagbag.py:541} INFO - Filling up the DagBag from /home/airflow/.local/lib/python3.7/site-packages/airflow/example_dags/example_branch_labels.py
[2023-08-11T08:19:10.908+0000] {processor.py:836} INFO - DAG(s) dict_keys(['example_branch_labels']) retrieved from /home/airflow/.local/lib/python3.7/site-packages/airflow/example_dags/example_branch_labels.py
[2023-08-11T08:19:10.938+0000] {logging_mixin.py:150} INFO - [2023-08-11T08:19:10.938+0000] {dag.py:2742} INFO - Sync 1 DAGs
[2023-08-11T08:19:10.968+0000] {logging_mixin.py:150} INFO - [2023-08-11T08:19:10.968+0000] {dag.py:3508} INFO - Setting next_dagrun for example_branch_labels to 2023-08-10T00:00:00+00:00, run_after=2023-08-11T00:00:00+00:00
[2023-08-11T08:19:10.992+0000] {processor.py:179} INFO - Processing /home/airflow/.local/lib/python3.7/site-packages/airflow/example_dags/example_branch_labels.py took 0.097 seconds
[2023-08-11T08:19:41.414+0000] {processor.py:157} INFO - Started process (PID=3641) to work on /home/airflow/.local/lib/python3.7/site-packages/airflow/example_dags/example_branch_labels.py
[2023-08-11T08:19:41.416+0000] {processor.py:826} INFO - Processing file /home/airflow/.local/lib/python3.7/site-packages/airflow/example_dags/example_branch_labels.py for tasks to queue
[2023-08-11T08:19:41.417+0000] {logging_mixin.py:150} INFO - [2023-08-11T08:19:41.416+0000] {dagbag.py:541} INFO - Filling up the DagBag from /home/airflow/.local/lib/python3.7/site-packages/airflow/example_dags/example_branch_labels.py
[2023-08-11T08:19:41.427+0000] {processor.py:836} INFO - DAG(s) dict_keys(['example_branch_labels']) retrieved from /home/airflow/.local/lib/python3.7/site-packages/airflow/example_dags/example_branch_labels.py
[2023-08-11T08:19:41.466+0000] {logging_mixin.py:150} INFO - [2023-08-11T08:19:41.465+0000] {dag.py:2742} INFO - Sync 1 DAGs
[2023-08-11T08:19:41.502+0000] {logging_mixin.py:150} INFO - [2023-08-11T08:19:41.502+0000] {dag.py:3508} INFO - Setting next_dagrun for example_branch_labels to 2023-08-10T00:00:00+00:00, run_after=2023-08-11T00:00:00+00:00
[2023-08-11T08:19:41.534+0000] {processor.py:179} INFO - Processing /home/airflow/.local/lib/python3.7/site-packages/airflow/example_dags/example_branch_labels.py took 0.126 seconds
[2023-08-11T08:20:11.989+0000] {processor.py:157} INFO - Started process (PID=3726) to work on /home/airflow/.local/lib/python3.7/site-packages/airflow/example_dags/example_branch_labels.py
[2023-08-11T08:20:11.991+0000] {processor.py:826} INFO - Processing file /home/airflow/.local/lib/python3.7/site-packages/airflow/example_dags/example_branch_labels.py for tasks to queue
[2023-08-11T08:20:11.992+0000] {logging_mixin.py:150} INFO - [2023-08-11T08:20:11.992+0000] {dagbag.py:541} INFO - Filling up the DagBag from /home/airflow/.local/lib/python3.7/site-packages/airflow/example_dags/example_branch_labels.py
[2023-08-11T08:20:12.002+0000] {processor.py:836} INFO - DAG(s) dict_keys(['example_branch_labels']) retrieved from /home/airflow/.local/lib/python3.7/site-packages/airflow/example_dags/example_branch_labels.py
[2023-08-11T08:20:12.042+0000] {logging_mixin.py:150} INFO - [2023-08-11T08:20:12.042+0000] {dag.py:2742} INFO - Sync 1 DAGs
[2023-08-11T08:20:12.085+0000] {logging_mixin.py:150} INFO - [2023-08-11T08:20:12.084+0000] {dag.py:3508} INFO - Setting next_dagrun for example_branch_labels to 2023-08-10T00:00:00+00:00, run_after=2023-08-11T00:00:00+00:00
[2023-08-11T08:20:12.113+0000] {processor.py:179} INFO - Processing /home/airflow/.local/lib/python3.7/site-packages/airflow/example_dags/example_branch_labels.py took 0.127 seconds
[2023-08-11T08:20:42.248+0000] {processor.py:157} INFO - Started process (PID=3804) to work on /home/airflow/.local/lib/python3.7/site-packages/airflow/example_dags/example_branch_labels.py
[2023-08-11T08:20:42.249+0000] {processor.py:826} INFO - Processing file /home/airflow/.local/lib/python3.7/site-packages/airflow/example_dags/example_branch_labels.py for tasks to queue
[2023-08-11T08:20:42.252+0000] {logging_mixin.py:150} INFO - [2023-08-11T08:20:42.251+0000] {dagbag.py:541} INFO - Filling up the DagBag from /home/airflow/.local/lib/python3.7/site-packages/airflow/example_dags/example_branch_labels.py
[2023-08-11T08:20:42.267+0000] {processor.py:836} INFO - DAG(s) dict_keys(['example_branch_labels']) retrieved from /home/airflow/.local/lib/python3.7/site-packages/airflow/example_dags/example_branch_labels.py
[2023-08-11T08:20:42.322+0000] {logging_mixin.py:150} INFO - [2023-08-11T08:20:42.322+0000] {dag.py:2742} INFO - Sync 1 DAGs
[2023-08-11T08:20:42.377+0000] {logging_mixin.py:150} INFO - [2023-08-11T08:20:42.377+0000] {dag.py:3508} INFO - Setting next_dagrun for example_branch_labels to 2023-08-10T00:00:00+00:00, run_after=2023-08-11T00:00:00+00:00
[2023-08-11T08:20:42.423+0000] {processor.py:179} INFO - Processing /home/airflow/.local/lib/python3.7/site-packages/airflow/example_dags/example_branch_labels.py took 0.179 seconds
[2023-08-11T08:21:12.767+0000] {processor.py:157} INFO - Started process (PID=3895) to work on /home/airflow/.local/lib/python3.7/site-packages/airflow/example_dags/example_branch_labels.py
[2023-08-11T08:21:12.769+0000] {processor.py:826} INFO - Processing file /home/airflow/.local/lib/python3.7/site-packages/airflow/example_dags/example_branch_labels.py for tasks to queue
[2023-08-11T08:21:12.770+0000] {logging_mixin.py:150} INFO - [2023-08-11T08:21:12.770+0000] {dagbag.py:541} INFO - Filling up the DagBag from /home/airflow/.local/lib/python3.7/site-packages/airflow/example_dags/example_branch_labels.py
[2023-08-11T08:21:12.777+0000] {processor.py:836} INFO - DAG(s) dict_keys(['example_branch_labels']) retrieved from /home/airflow/.local/lib/python3.7/site-packages/airflow/example_dags/example_branch_labels.py
[2023-08-11T08:21:12.804+0000] {logging_mixin.py:150} INFO - [2023-08-11T08:21:12.804+0000] {dag.py:2742} INFO - Sync 1 DAGs
[2023-08-11T08:21:12.828+0000] {logging_mixin.py:150} INFO - [2023-08-11T08:21:12.828+0000] {dag.py:3508} INFO - Setting next_dagrun for example_branch_labels to 2023-08-10T00:00:00+00:00, run_after=2023-08-11T00:00:00+00:00
[2023-08-11T08:21:12.849+0000] {processor.py:179} INFO - Processing /home/airflow/.local/lib/python3.7/site-packages/airflow/example_dags/example_branch_labels.py took 0.085 seconds
[2023-08-11T08:21:43.080+0000] {processor.py:157} INFO - Started process (PID=3986) to work on /home/airflow/.local/lib/python3.7/site-packages/airflow/example_dags/example_branch_labels.py
[2023-08-11T08:21:43.081+0000] {processor.py:826} INFO - Processing file /home/airflow/.local/lib/python3.7/site-packages/airflow/example_dags/example_branch_labels.py for tasks to queue
[2023-08-11T08:21:43.082+0000] {logging_mixin.py:150} INFO - [2023-08-11T08:21:43.082+0000] {dagbag.py:541} INFO - Filling up the DagBag from /home/airflow/.local/lib/python3.7/site-packages/airflow/example_dags/example_branch_labels.py
[2023-08-11T08:21:43.092+0000] {processor.py:836} INFO - DAG(s) dict_keys(['example_branch_labels']) retrieved from /home/airflow/.local/lib/python3.7/site-packages/airflow/example_dags/example_branch_labels.py
[2023-08-11T08:21:43.118+0000] {logging_mixin.py:150} INFO - [2023-08-11T08:21:43.117+0000] {dag.py:2742} INFO - Sync 1 DAGs
[2023-08-11T08:21:43.143+0000] {logging_mixin.py:150} INFO - [2023-08-11T08:21:43.143+0000] {dag.py:3508} INFO - Setting next_dagrun for example_branch_labels to 2023-08-10T00:00:00+00:00, run_after=2023-08-11T00:00:00+00:00
[2023-08-11T08:21:43.163+0000] {processor.py:179} INFO - Processing /home/airflow/.local/lib/python3.7/site-packages/airflow/example_dags/example_branch_labels.py took 0.086 seconds
[2023-08-11T08:22:13.801+0000] {processor.py:157} INFO - Started process (PID=4077) to work on /home/airflow/.local/lib/python3.7/site-packages/airflow/example_dags/example_branch_labels.py
[2023-08-11T08:22:13.801+0000] {processor.py:826} INFO - Processing file /home/airflow/.local/lib/python3.7/site-packages/airflow/example_dags/example_branch_labels.py for tasks to queue
[2023-08-11T08:22:13.802+0000] {logging_mixin.py:150} INFO - [2023-08-11T08:22:13.802+0000] {dagbag.py:541} INFO - Filling up the DagBag from /home/airflow/.local/lib/python3.7/site-packages/airflow/example_dags/example_branch_labels.py
[2023-08-11T08:22:13.812+0000] {processor.py:836} INFO - DAG(s) dict_keys(['example_branch_labels']) retrieved from /home/airflow/.local/lib/python3.7/site-packages/airflow/example_dags/example_branch_labels.py
[2023-08-11T08:22:13.839+0000] {logging_mixin.py:150} INFO - [2023-08-11T08:22:13.839+0000] {dag.py:2742} INFO - Sync 1 DAGs
[2023-08-11T08:22:13.864+0000] {logging_mixin.py:150} INFO - [2023-08-11T08:22:13.864+0000] {dag.py:3508} INFO - Setting next_dagrun for example_branch_labels to 2023-08-10T00:00:00+00:00, run_after=2023-08-11T00:00:00+00:00
[2023-08-11T08:22:13.885+0000] {processor.py:179} INFO - Processing /home/airflow/.local/lib/python3.7/site-packages/airflow/example_dags/example_branch_labels.py took 0.087 seconds
