[2023-08-11T07:52:46.260+0000] {processor.py:157} INFO - Started process (PID=51) to work on /home/airflow/.local/lib/python3.7/site-packages/airflow/example_dags/tutorial_dag.py
[2023-08-11T07:52:46.271+0000] {processor.py:826} INFO - Processing file /home/airflow/.local/lib/python3.7/site-packages/airflow/example_dags/tutorial_dag.py for tasks to queue
[2023-08-11T07:52:46.277+0000] {logging_mixin.py:150} INFO - [2023-08-11T07:52:46.276+0000] {dagbag.py:541} INFO - Filling up the DagBag from /home/airflow/.local/lib/python3.7/site-packages/airflow/example_dags/tutorial_dag.py
[2023-08-11T07:52:46.343+0000] {processor.py:836} INFO - DAG(s) dict_keys(['tutorial_dag']) retrieved from /home/airflow/.local/lib/python3.7/site-packages/airflow/example_dags/tutorial_dag.py
[2023-08-11T07:52:46.388+0000] {logging_mixin.py:150} INFO - [2023-08-11T07:52:46.387+0000] {dag.py:2742} INFO - Sync 1 DAGs
[2023-08-11T07:52:46.506+0000] {logging_mixin.py:150} INFO - [2023-08-11T07:52:46.505+0000] {dag.py:3508} INFO - Setting next_dagrun for tutorial_dag to None, run_after=None
[2023-08-11T07:52:46.561+0000] {processor.py:179} INFO - Processing /home/airflow/.local/lib/python3.7/site-packages/airflow/example_dags/tutorial_dag.py took 0.383 seconds
[2023-08-11T07:53:17.169+0000] {processor.py:157} INFO - Started process (PID=116) to work on /home/airflow/.local/lib/python3.7/site-packages/airflow/example_dags/tutorial_dag.py
[2023-08-11T07:53:17.171+0000] {processor.py:826} INFO - Processing file /home/airflow/.local/lib/python3.7/site-packages/airflow/example_dags/tutorial_dag.py for tasks to queue
[2023-08-11T07:53:17.171+0000] {logging_mixin.py:150} INFO - [2023-08-11T07:53:17.171+0000] {dagbag.py:541} INFO - Filling up the DagBag from /home/airflow/.local/lib/python3.7/site-packages/airflow/example_dags/tutorial_dag.py
[2023-08-11T07:53:17.176+0000] {processor.py:836} INFO - DAG(s) dict_keys(['tutorial_dag']) retrieved from /home/airflow/.local/lib/python3.7/site-packages/airflow/example_dags/tutorial_dag.py
[2023-08-11T07:53:17.204+0000] {logging_mixin.py:150} INFO - [2023-08-11T07:53:17.204+0000] {dag.py:2742} INFO - Sync 1 DAGs
[2023-08-11T07:53:17.243+0000] {logging_mixin.py:150} INFO - [2023-08-11T07:53:17.243+0000] {dag.py:3508} INFO - Setting next_dagrun for tutorial_dag to None, run_after=None
[2023-08-11T07:53:17.281+0000] {processor.py:179} INFO - Processing /home/airflow/.local/lib/python3.7/site-packages/airflow/example_dags/tutorial_dag.py took 0.116 seconds
[2023-08-11T07:53:47.859+0000] {processor.py:157} INFO - Started process (PID=181) to work on /home/airflow/.local/lib/python3.7/site-packages/airflow/example_dags/tutorial_dag.py
[2023-08-11T07:53:47.860+0000] {processor.py:826} INFO - Processing file /home/airflow/.local/lib/python3.7/site-packages/airflow/example_dags/tutorial_dag.py for tasks to queue
[2023-08-11T07:53:47.861+0000] {logging_mixin.py:150} INFO - [2023-08-11T07:53:47.860+0000] {dagbag.py:541} INFO - Filling up the DagBag from /home/airflow/.local/lib/python3.7/site-packages/airflow/example_dags/tutorial_dag.py
[2023-08-11T07:53:47.870+0000] {processor.py:836} INFO - DAG(s) dict_keys(['tutorial_dag']) retrieved from /home/airflow/.local/lib/python3.7/site-packages/airflow/example_dags/tutorial_dag.py
[2023-08-11T07:53:47.930+0000] {logging_mixin.py:150} INFO - [2023-08-11T07:53:47.930+0000] {dag.py:2742} INFO - Sync 1 DAGs
[2023-08-11T07:53:47.976+0000] {logging_mixin.py:150} INFO - [2023-08-11T07:53:47.975+0000] {dag.py:3508} INFO - Setting next_dagrun for tutorial_dag to None, run_after=None
[2023-08-11T07:53:48.007+0000] {processor.py:179} INFO - Processing /home/airflow/.local/lib/python3.7/site-packages/airflow/example_dags/tutorial_dag.py took 0.151 seconds
[2023-08-11T07:54:18.696+0000] {processor.py:157} INFO - Started process (PID=246) to work on /home/airflow/.local/lib/python3.7/site-packages/airflow/example_dags/tutorial_dag.py
[2023-08-11T07:54:18.697+0000] {processor.py:826} INFO - Processing file /home/airflow/.local/lib/python3.7/site-packages/airflow/example_dags/tutorial_dag.py for tasks to queue
[2023-08-11T07:54:18.698+0000] {logging_mixin.py:150} INFO - [2023-08-11T07:54:18.698+0000] {dagbag.py:541} INFO - Filling up the DagBag from /home/airflow/.local/lib/python3.7/site-packages/airflow/example_dags/tutorial_dag.py
[2023-08-11T07:54:18.704+0000] {processor.py:836} INFO - DAG(s) dict_keys(['tutorial_dag']) retrieved from /home/airflow/.local/lib/python3.7/site-packages/airflow/example_dags/tutorial_dag.py
[2023-08-11T07:54:18.733+0000] {logging_mixin.py:150} INFO - [2023-08-11T07:54:18.733+0000] {dag.py:2742} INFO - Sync 1 DAGs
[2023-08-11T07:54:18.761+0000] {logging_mixin.py:150} INFO - [2023-08-11T07:54:18.761+0000] {dag.py:3508} INFO - Setting next_dagrun for tutorial_dag to None, run_after=None
[2023-08-11T07:54:18.785+0000] {processor.py:179} INFO - Processing /home/airflow/.local/lib/python3.7/site-packages/airflow/example_dags/tutorial_dag.py took 0.093 seconds
[2023-08-11T07:54:49.239+0000] {processor.py:157} INFO - Started process (PID=311) to work on /home/airflow/.local/lib/python3.7/site-packages/airflow/example_dags/tutorial_dag.py
[2023-08-11T07:54:49.240+0000] {processor.py:826} INFO - Processing file /home/airflow/.local/lib/python3.7/site-packages/airflow/example_dags/tutorial_dag.py for tasks to queue
[2023-08-11T07:54:49.241+0000] {logging_mixin.py:150} INFO - [2023-08-11T07:54:49.241+0000] {dagbag.py:541} INFO - Filling up the DagBag from /home/airflow/.local/lib/python3.7/site-packages/airflow/example_dags/tutorial_dag.py
[2023-08-11T07:54:49.249+0000] {processor.py:836} INFO - DAG(s) dict_keys(['tutorial_dag']) retrieved from /home/airflow/.local/lib/python3.7/site-packages/airflow/example_dags/tutorial_dag.py
[2023-08-11T07:54:49.289+0000] {logging_mixin.py:150} INFO - [2023-08-11T07:54:49.289+0000] {dag.py:2742} INFO - Sync 1 DAGs
[2023-08-11T07:54:49.316+0000] {logging_mixin.py:150} INFO - [2023-08-11T07:54:49.316+0000] {dag.py:3508} INFO - Setting next_dagrun for tutorial_dag to None, run_after=None
[2023-08-11T07:54:49.345+0000] {processor.py:179} INFO - Processing /home/airflow/.local/lib/python3.7/site-packages/airflow/example_dags/tutorial_dag.py took 0.114 seconds
[2023-08-11T07:55:19.711+0000] {processor.py:157} INFO - Started process (PID=377) to work on /home/airflow/.local/lib/python3.7/site-packages/airflow/example_dags/tutorial_dag.py
[2023-08-11T07:55:19.712+0000] {processor.py:826} INFO - Processing file /home/airflow/.local/lib/python3.7/site-packages/airflow/example_dags/tutorial_dag.py for tasks to queue
[2023-08-11T07:55:19.713+0000] {logging_mixin.py:150} INFO - [2023-08-11T07:55:19.713+0000] {dagbag.py:541} INFO - Filling up the DagBag from /home/airflow/.local/lib/python3.7/site-packages/airflow/example_dags/tutorial_dag.py
[2023-08-11T07:55:19.717+0000] {processor.py:836} INFO - DAG(s) dict_keys(['tutorial_dag']) retrieved from /home/airflow/.local/lib/python3.7/site-packages/airflow/example_dags/tutorial_dag.py
[2023-08-11T07:55:19.743+0000] {logging_mixin.py:150} INFO - [2023-08-11T07:55:19.742+0000] {dag.py:2742} INFO - Sync 1 DAGs
[2023-08-11T07:55:19.766+0000] {logging_mixin.py:150} INFO - [2023-08-11T07:55:19.765+0000] {dag.py:3508} INFO - Setting next_dagrun for tutorial_dag to None, run_after=None
[2023-08-11T07:55:19.785+0000] {processor.py:179} INFO - Processing /home/airflow/.local/lib/python3.7/site-packages/airflow/example_dags/tutorial_dag.py took 0.078 seconds
[2023-08-11T07:55:50.315+0000] {processor.py:157} INFO - Started process (PID=442) to work on /home/airflow/.local/lib/python3.7/site-packages/airflow/example_dags/tutorial_dag.py
[2023-08-11T07:55:50.316+0000] {processor.py:826} INFO - Processing file /home/airflow/.local/lib/python3.7/site-packages/airflow/example_dags/tutorial_dag.py for tasks to queue
[2023-08-11T07:55:50.317+0000] {logging_mixin.py:150} INFO - [2023-08-11T07:55:50.316+0000] {dagbag.py:541} INFO - Filling up the DagBag from /home/airflow/.local/lib/python3.7/site-packages/airflow/example_dags/tutorial_dag.py
[2023-08-11T07:55:50.321+0000] {processor.py:836} INFO - DAG(s) dict_keys(['tutorial_dag']) retrieved from /home/airflow/.local/lib/python3.7/site-packages/airflow/example_dags/tutorial_dag.py
[2023-08-11T07:55:50.355+0000] {logging_mixin.py:150} INFO - [2023-08-11T07:55:50.354+0000] {dag.py:2742} INFO - Sync 1 DAGs
[2023-08-11T07:55:50.397+0000] {logging_mixin.py:150} INFO - [2023-08-11T07:55:50.396+0000] {dag.py:3508} INFO - Setting next_dagrun for tutorial_dag to None, run_after=None
[2023-08-11T07:55:50.421+0000] {processor.py:179} INFO - Processing /home/airflow/.local/lib/python3.7/site-packages/airflow/example_dags/tutorial_dag.py took 0.109 seconds
[2023-08-11T07:56:20.555+0000] {processor.py:157} INFO - Started process (PID=506) to work on /home/airflow/.local/lib/python3.7/site-packages/airflow/example_dags/tutorial_dag.py
[2023-08-11T07:56:20.556+0000] {processor.py:826} INFO - Processing file /home/airflow/.local/lib/python3.7/site-packages/airflow/example_dags/tutorial_dag.py for tasks to queue
[2023-08-11T07:56:20.558+0000] {logging_mixin.py:150} INFO - [2023-08-11T07:56:20.557+0000] {dagbag.py:541} INFO - Filling up the DagBag from /home/airflow/.local/lib/python3.7/site-packages/airflow/example_dags/tutorial_dag.py
[2023-08-11T07:56:20.566+0000] {processor.py:836} INFO - DAG(s) dict_keys(['tutorial_dag']) retrieved from /home/airflow/.local/lib/python3.7/site-packages/airflow/example_dags/tutorial_dag.py
[2023-08-11T07:56:20.602+0000] {logging_mixin.py:150} INFO - [2023-08-11T07:56:20.602+0000] {dag.py:2742} INFO - Sync 1 DAGs
[2023-08-11T07:56:20.642+0000] {logging_mixin.py:150} INFO - [2023-08-11T07:56:20.641+0000] {dag.py:3508} INFO - Setting next_dagrun for tutorial_dag to None, run_after=None
[2023-08-11T07:56:20.671+0000] {processor.py:179} INFO - Processing /home/airflow/.local/lib/python3.7/site-packages/airflow/example_dags/tutorial_dag.py took 0.120 seconds
[2023-08-11T07:56:52.020+0000] {processor.py:157} INFO - Started process (PID=571) to work on /home/airflow/.local/lib/python3.7/site-packages/airflow/example_dags/tutorial_dag.py
[2023-08-11T07:56:52.022+0000] {processor.py:826} INFO - Processing file /home/airflow/.local/lib/python3.7/site-packages/airflow/example_dags/tutorial_dag.py for tasks to queue
[2023-08-11T07:56:52.023+0000] {logging_mixin.py:150} INFO - [2023-08-11T07:56:52.023+0000] {dagbag.py:541} INFO - Filling up the DagBag from /home/airflow/.local/lib/python3.7/site-packages/airflow/example_dags/tutorial_dag.py
[2023-08-11T07:56:52.034+0000] {processor.py:836} INFO - DAG(s) dict_keys(['tutorial_dag']) retrieved from /home/airflow/.local/lib/python3.7/site-packages/airflow/example_dags/tutorial_dag.py
[2023-08-11T07:56:52.088+0000] {logging_mixin.py:150} INFO - [2023-08-11T07:56:52.088+0000] {dag.py:2742} INFO - Sync 1 DAGs
[2023-08-11T07:56:52.148+0000] {logging_mixin.py:150} INFO - [2023-08-11T07:56:52.147+0000] {dag.py:3508} INFO - Setting next_dagrun for tutorial_dag to None, run_after=None
[2023-08-11T07:56:52.190+0000] {processor.py:179} INFO - Processing /home/airflow/.local/lib/python3.7/site-packages/airflow/example_dags/tutorial_dag.py took 0.176 seconds
[2023-08-11T07:57:22.889+0000] {processor.py:157} INFO - Started process (PID=636) to work on /home/airflow/.local/lib/python3.7/site-packages/airflow/example_dags/tutorial_dag.py
[2023-08-11T07:57:22.891+0000] {processor.py:826} INFO - Processing file /home/airflow/.local/lib/python3.7/site-packages/airflow/example_dags/tutorial_dag.py for tasks to queue
[2023-08-11T07:57:22.891+0000] {logging_mixin.py:150} INFO - [2023-08-11T07:57:22.891+0000] {dagbag.py:541} INFO - Filling up the DagBag from /home/airflow/.local/lib/python3.7/site-packages/airflow/example_dags/tutorial_dag.py
[2023-08-11T07:57:22.899+0000] {processor.py:836} INFO - DAG(s) dict_keys(['tutorial_dag']) retrieved from /home/airflow/.local/lib/python3.7/site-packages/airflow/example_dags/tutorial_dag.py
[2023-08-11T07:57:22.931+0000] {logging_mixin.py:150} INFO - [2023-08-11T07:57:22.930+0000] {dag.py:2742} INFO - Sync 1 DAGs
[2023-08-11T07:57:22.964+0000] {logging_mixin.py:150} INFO - [2023-08-11T07:57:22.964+0000] {dag.py:3508} INFO - Setting next_dagrun for tutorial_dag to None, run_after=None
[2023-08-11T07:57:22.991+0000] {processor.py:179} INFO - Processing /home/airflow/.local/lib/python3.7/site-packages/airflow/example_dags/tutorial_dag.py took 0.106 seconds
[2023-08-11T07:57:54.123+0000] {processor.py:157} INFO - Started process (PID=703) to work on /home/airflow/.local/lib/python3.7/site-packages/airflow/example_dags/tutorial_dag.py
[2023-08-11T07:57:54.143+0000] {processor.py:826} INFO - Processing file /home/airflow/.local/lib/python3.7/site-packages/airflow/example_dags/tutorial_dag.py for tasks to queue
[2023-08-11T07:57:54.144+0000] {logging_mixin.py:150} INFO - [2023-08-11T07:57:54.144+0000] {dagbag.py:541} INFO - Filling up the DagBag from /home/airflow/.local/lib/python3.7/site-packages/airflow/example_dags/tutorial_dag.py
[2023-08-11T07:57:54.159+0000] {processor.py:836} INFO - DAG(s) dict_keys(['tutorial_dag']) retrieved from /home/airflow/.local/lib/python3.7/site-packages/airflow/example_dags/tutorial_dag.py
[2023-08-11T07:57:54.220+0000] {logging_mixin.py:150} INFO - [2023-08-11T07:57:54.219+0000] {dag.py:2742} INFO - Sync 1 DAGs
[2023-08-11T07:57:54.263+0000] {logging_mixin.py:150} INFO - [2023-08-11T07:57:54.262+0000] {dag.py:3508} INFO - Setting next_dagrun for tutorial_dag to None, run_after=None
[2023-08-11T07:57:54.311+0000] {processor.py:179} INFO - Processing /home/airflow/.local/lib/python3.7/site-packages/airflow/example_dags/tutorial_dag.py took 0.196 seconds
[2023-08-11T07:58:24.676+0000] {processor.py:157} INFO - Started process (PID=769) to work on /home/airflow/.local/lib/python3.7/site-packages/airflow/example_dags/tutorial_dag.py
[2023-08-11T07:58:24.677+0000] {processor.py:826} INFO - Processing file /home/airflow/.local/lib/python3.7/site-packages/airflow/example_dags/tutorial_dag.py for tasks to queue
[2023-08-11T07:58:24.677+0000] {logging_mixin.py:150} INFO - [2023-08-11T07:58:24.677+0000] {dagbag.py:541} INFO - Filling up the DagBag from /home/airflow/.local/lib/python3.7/site-packages/airflow/example_dags/tutorial_dag.py
[2023-08-11T07:58:24.683+0000] {processor.py:836} INFO - DAG(s) dict_keys(['tutorial_dag']) retrieved from /home/airflow/.local/lib/python3.7/site-packages/airflow/example_dags/tutorial_dag.py
[2023-08-11T07:58:24.706+0000] {logging_mixin.py:150} INFO - [2023-08-11T07:58:24.706+0000] {dag.py:2742} INFO - Sync 1 DAGs
[2023-08-11T07:58:24.730+0000] {logging_mixin.py:150} INFO - [2023-08-11T07:58:24.729+0000] {dag.py:3508} INFO - Setting next_dagrun for tutorial_dag to None, run_after=None
[2023-08-11T07:58:24.754+0000] {processor.py:179} INFO - Processing /home/airflow/.local/lib/python3.7/site-packages/airflow/example_dags/tutorial_dag.py took 0.081 seconds
[2023-08-11T07:58:55.050+0000] {processor.py:157} INFO - Started process (PID=835) to work on /home/airflow/.local/lib/python3.7/site-packages/airflow/example_dags/tutorial_dag.py
[2023-08-11T07:58:55.052+0000] {processor.py:826} INFO - Processing file /home/airflow/.local/lib/python3.7/site-packages/airflow/example_dags/tutorial_dag.py for tasks to queue
[2023-08-11T07:58:55.053+0000] {logging_mixin.py:150} INFO - [2023-08-11T07:58:55.053+0000] {dagbag.py:541} INFO - Filling up the DagBag from /home/airflow/.local/lib/python3.7/site-packages/airflow/example_dags/tutorial_dag.py
[2023-08-11T07:58:55.057+0000] {processor.py:836} INFO - DAG(s) dict_keys(['tutorial_dag']) retrieved from /home/airflow/.local/lib/python3.7/site-packages/airflow/example_dags/tutorial_dag.py
[2023-08-11T07:58:55.082+0000] {logging_mixin.py:150} INFO - [2023-08-11T07:58:55.082+0000] {dag.py:2742} INFO - Sync 1 DAGs
[2023-08-11T07:58:55.107+0000] {logging_mixin.py:150} INFO - [2023-08-11T07:58:55.106+0000] {dag.py:3508} INFO - Setting next_dagrun for tutorial_dag to None, run_after=None
[2023-08-11T07:58:55.126+0000] {processor.py:179} INFO - Processing /home/airflow/.local/lib/python3.7/site-packages/airflow/example_dags/tutorial_dag.py took 0.079 seconds
[2023-08-11T07:59:25.701+0000] {processor.py:157} INFO - Started process (PID=902) to work on /home/airflow/.local/lib/python3.7/site-packages/airflow/example_dags/tutorial_dag.py
[2023-08-11T07:59:25.703+0000] {processor.py:826} INFO - Processing file /home/airflow/.local/lib/python3.7/site-packages/airflow/example_dags/tutorial_dag.py for tasks to queue
[2023-08-11T07:59:25.704+0000] {logging_mixin.py:150} INFO - [2023-08-11T07:59:25.703+0000] {dagbag.py:541} INFO - Filling up the DagBag from /home/airflow/.local/lib/python3.7/site-packages/airflow/example_dags/tutorial_dag.py
[2023-08-11T07:59:25.714+0000] {processor.py:836} INFO - DAG(s) dict_keys(['tutorial_dag']) retrieved from /home/airflow/.local/lib/python3.7/site-packages/airflow/example_dags/tutorial_dag.py
[2023-08-11T07:59:25.737+0000] {logging_mixin.py:150} INFO - [2023-08-11T07:59:25.736+0000] {dag.py:2742} INFO - Sync 1 DAGs
[2023-08-11T07:59:25.781+0000] {logging_mixin.py:150} INFO - [2023-08-11T07:59:25.780+0000] {dag.py:3508} INFO - Setting next_dagrun for tutorial_dag to None, run_after=None
[2023-08-11T07:59:25.822+0000] {processor.py:179} INFO - Processing /home/airflow/.local/lib/python3.7/site-packages/airflow/example_dags/tutorial_dag.py took 0.126 seconds
[2023-08-11T07:59:55.841+0000] {processor.py:157} INFO - Started process (PID=971) to work on /home/airflow/.local/lib/python3.7/site-packages/airflow/example_dags/tutorial_dag.py
[2023-08-11T07:59:55.842+0000] {processor.py:826} INFO - Processing file /home/airflow/.local/lib/python3.7/site-packages/airflow/example_dags/tutorial_dag.py for tasks to queue
[2023-08-11T07:59:55.843+0000] {logging_mixin.py:150} INFO - [2023-08-11T07:59:55.842+0000] {dagbag.py:541} INFO - Filling up the DagBag from /home/airflow/.local/lib/python3.7/site-packages/airflow/example_dags/tutorial_dag.py
[2023-08-11T07:59:55.847+0000] {processor.py:836} INFO - DAG(s) dict_keys(['tutorial_dag']) retrieved from /home/airflow/.local/lib/python3.7/site-packages/airflow/example_dags/tutorial_dag.py
[2023-08-11T07:59:55.875+0000] {logging_mixin.py:150} INFO - [2023-08-11T07:59:55.875+0000] {dag.py:2742} INFO - Sync 1 DAGs
[2023-08-11T07:59:55.905+0000] {logging_mixin.py:150} INFO - [2023-08-11T07:59:55.904+0000] {dag.py:3508} INFO - Setting next_dagrun for tutorial_dag to None, run_after=None
[2023-08-11T07:59:55.930+0000] {processor.py:179} INFO - Processing /home/airflow/.local/lib/python3.7/site-packages/airflow/example_dags/tutorial_dag.py took 0.091 seconds
[2023-08-11T08:00:26.431+0000] {processor.py:157} INFO - Started process (PID=1040) to work on /home/airflow/.local/lib/python3.7/site-packages/airflow/example_dags/tutorial_dag.py
[2023-08-11T08:00:26.433+0000] {processor.py:826} INFO - Processing file /home/airflow/.local/lib/python3.7/site-packages/airflow/example_dags/tutorial_dag.py for tasks to queue
[2023-08-11T08:00:26.434+0000] {logging_mixin.py:150} INFO - [2023-08-11T08:00:26.433+0000] {dagbag.py:541} INFO - Filling up the DagBag from /home/airflow/.local/lib/python3.7/site-packages/airflow/example_dags/tutorial_dag.py
[2023-08-11T08:00:26.442+0000] {processor.py:836} INFO - DAG(s) dict_keys(['tutorial_dag']) retrieved from /home/airflow/.local/lib/python3.7/site-packages/airflow/example_dags/tutorial_dag.py
[2023-08-11T08:00:26.479+0000] {logging_mixin.py:150} INFO - [2023-08-11T08:00:26.479+0000] {dag.py:2742} INFO - Sync 1 DAGs
[2023-08-11T08:00:26.506+0000] {logging_mixin.py:150} INFO - [2023-08-11T08:00:26.504+0000] {dag.py:3508} INFO - Setting next_dagrun for tutorial_dag to None, run_after=None
[2023-08-11T08:00:26.533+0000] {processor.py:179} INFO - Processing /home/airflow/.local/lib/python3.7/site-packages/airflow/example_dags/tutorial_dag.py took 0.106 seconds
[2023-08-11T08:00:57.162+0000] {processor.py:157} INFO - Started process (PID=1107) to work on /home/airflow/.local/lib/python3.7/site-packages/airflow/example_dags/tutorial_dag.py
[2023-08-11T08:00:57.164+0000] {processor.py:826} INFO - Processing file /home/airflow/.local/lib/python3.7/site-packages/airflow/example_dags/tutorial_dag.py for tasks to queue
[2023-08-11T08:00:57.166+0000] {logging_mixin.py:150} INFO - [2023-08-11T08:00:57.165+0000] {dagbag.py:541} INFO - Filling up the DagBag from /home/airflow/.local/lib/python3.7/site-packages/airflow/example_dags/tutorial_dag.py
[2023-08-11T08:00:57.175+0000] {processor.py:836} INFO - DAG(s) dict_keys(['tutorial_dag']) retrieved from /home/airflow/.local/lib/python3.7/site-packages/airflow/example_dags/tutorial_dag.py
[2023-08-11T08:00:57.220+0000] {logging_mixin.py:150} INFO - [2023-08-11T08:00:57.220+0000] {dag.py:2742} INFO - Sync 1 DAGs
[2023-08-11T08:00:57.262+0000] {logging_mixin.py:150} INFO - [2023-08-11T08:00:57.262+0000] {dag.py:3508} INFO - Setting next_dagrun for tutorial_dag to None, run_after=None
[2023-08-11T08:00:57.307+0000] {processor.py:179} INFO - Processing /home/airflow/.local/lib/python3.7/site-packages/airflow/example_dags/tutorial_dag.py took 0.154 seconds
[2023-08-11T08:01:27.649+0000] {processor.py:157} INFO - Started process (PID=1175) to work on /home/airflow/.local/lib/python3.7/site-packages/airflow/example_dags/tutorial_dag.py
[2023-08-11T08:01:27.650+0000] {processor.py:826} INFO - Processing file /home/airflow/.local/lib/python3.7/site-packages/airflow/example_dags/tutorial_dag.py for tasks to queue
[2023-08-11T08:01:27.651+0000] {logging_mixin.py:150} INFO - [2023-08-11T08:01:27.651+0000] {dagbag.py:541} INFO - Filling up the DagBag from /home/airflow/.local/lib/python3.7/site-packages/airflow/example_dags/tutorial_dag.py
[2023-08-11T08:01:27.656+0000] {processor.py:836} INFO - DAG(s) dict_keys(['tutorial_dag']) retrieved from /home/airflow/.local/lib/python3.7/site-packages/airflow/example_dags/tutorial_dag.py
[2023-08-11T08:01:27.689+0000] {logging_mixin.py:150} INFO - [2023-08-11T08:01:27.689+0000] {dag.py:2742} INFO - Sync 1 DAGs
[2023-08-11T08:01:27.717+0000] {logging_mixin.py:150} INFO - [2023-08-11T08:01:27.717+0000] {dag.py:3508} INFO - Setting next_dagrun for tutorial_dag to None, run_after=None
[2023-08-11T08:01:27.736+0000] {processor.py:179} INFO - Processing /home/airflow/.local/lib/python3.7/site-packages/airflow/example_dags/tutorial_dag.py took 0.090 seconds
[2023-08-11T08:01:57.859+0000] {processor.py:157} INFO - Started process (PID=1241) to work on /home/airflow/.local/lib/python3.7/site-packages/airflow/example_dags/tutorial_dag.py
[2023-08-11T08:01:57.860+0000] {processor.py:826} INFO - Processing file /home/airflow/.local/lib/python3.7/site-packages/airflow/example_dags/tutorial_dag.py for tasks to queue
[2023-08-11T08:01:57.861+0000] {logging_mixin.py:150} INFO - [2023-08-11T08:01:57.861+0000] {dagbag.py:541} INFO - Filling up the DagBag from /home/airflow/.local/lib/python3.7/site-packages/airflow/example_dags/tutorial_dag.py
[2023-08-11T08:01:57.866+0000] {processor.py:836} INFO - DAG(s) dict_keys(['tutorial_dag']) retrieved from /home/airflow/.local/lib/python3.7/site-packages/airflow/example_dags/tutorial_dag.py
[2023-08-11T08:01:57.896+0000] {logging_mixin.py:150} INFO - [2023-08-11T08:01:57.896+0000] {dag.py:2742} INFO - Sync 1 DAGs
[2023-08-11T08:01:57.922+0000] {logging_mixin.py:150} INFO - [2023-08-11T08:01:57.922+0000] {dag.py:3508} INFO - Setting next_dagrun for tutorial_dag to None, run_after=None
[2023-08-11T08:01:57.949+0000] {processor.py:179} INFO - Processing /home/airflow/.local/lib/python3.7/site-packages/airflow/example_dags/tutorial_dag.py took 0.094 seconds
[2023-08-11T08:02:28.171+0000] {processor.py:157} INFO - Started process (PID=1310) to work on /home/airflow/.local/lib/python3.7/site-packages/airflow/example_dags/tutorial_dag.py
[2023-08-11T08:02:28.172+0000] {processor.py:826} INFO - Processing file /home/airflow/.local/lib/python3.7/site-packages/airflow/example_dags/tutorial_dag.py for tasks to queue
[2023-08-11T08:02:28.173+0000] {logging_mixin.py:150} INFO - [2023-08-11T08:02:28.173+0000] {dagbag.py:541} INFO - Filling up the DagBag from /home/airflow/.local/lib/python3.7/site-packages/airflow/example_dags/tutorial_dag.py
[2023-08-11T08:02:28.180+0000] {processor.py:836} INFO - DAG(s) dict_keys(['tutorial_dag']) retrieved from /home/airflow/.local/lib/python3.7/site-packages/airflow/example_dags/tutorial_dag.py
[2023-08-11T08:02:28.208+0000] {logging_mixin.py:150} INFO - [2023-08-11T08:02:28.207+0000] {dag.py:2742} INFO - Sync 1 DAGs
[2023-08-11T08:02:28.233+0000] {logging_mixin.py:150} INFO - [2023-08-11T08:02:28.233+0000] {dag.py:3508} INFO - Setting next_dagrun for tutorial_dag to None, run_after=None
[2023-08-11T08:02:28.264+0000] {processor.py:179} INFO - Processing /home/airflow/.local/lib/python3.7/site-packages/airflow/example_dags/tutorial_dag.py took 0.096 seconds
[2023-08-11T08:02:58.740+0000] {processor.py:157} INFO - Started process (PID=1376) to work on /home/airflow/.local/lib/python3.7/site-packages/airflow/example_dags/tutorial_dag.py
[2023-08-11T08:02:58.741+0000] {processor.py:826} INFO - Processing file /home/airflow/.local/lib/python3.7/site-packages/airflow/example_dags/tutorial_dag.py for tasks to queue
[2023-08-11T08:02:58.741+0000] {logging_mixin.py:150} INFO - [2023-08-11T08:02:58.741+0000] {dagbag.py:541} INFO - Filling up the DagBag from /home/airflow/.local/lib/python3.7/site-packages/airflow/example_dags/tutorial_dag.py
[2023-08-11T08:02:58.752+0000] {processor.py:836} INFO - DAG(s) dict_keys(['tutorial_dag']) retrieved from /home/airflow/.local/lib/python3.7/site-packages/airflow/example_dags/tutorial_dag.py
[2023-08-11T08:02:58.792+0000] {logging_mixin.py:150} INFO - [2023-08-11T08:02:58.792+0000] {dag.py:2742} INFO - Sync 1 DAGs
[2023-08-11T08:02:58.827+0000] {logging_mixin.py:150} INFO - [2023-08-11T08:02:58.826+0000] {dag.py:3508} INFO - Setting next_dagrun for tutorial_dag to None, run_after=None
[2023-08-11T08:02:58.869+0000] {processor.py:179} INFO - Processing /home/airflow/.local/lib/python3.7/site-packages/airflow/example_dags/tutorial_dag.py took 0.133 seconds
[2023-08-11T08:03:29.271+0000] {processor.py:157} INFO - Started process (PID=1443) to work on /home/airflow/.local/lib/python3.7/site-packages/airflow/example_dags/tutorial_dag.py
[2023-08-11T08:03:29.272+0000] {processor.py:826} INFO - Processing file /home/airflow/.local/lib/python3.7/site-packages/airflow/example_dags/tutorial_dag.py for tasks to queue
[2023-08-11T08:03:29.273+0000] {logging_mixin.py:150} INFO - [2023-08-11T08:03:29.273+0000] {dagbag.py:541} INFO - Filling up the DagBag from /home/airflow/.local/lib/python3.7/site-packages/airflow/example_dags/tutorial_dag.py
[2023-08-11T08:03:29.278+0000] {processor.py:836} INFO - DAG(s) dict_keys(['tutorial_dag']) retrieved from /home/airflow/.local/lib/python3.7/site-packages/airflow/example_dags/tutorial_dag.py
[2023-08-11T08:03:29.309+0000] {logging_mixin.py:150} INFO - [2023-08-11T08:03:29.308+0000] {dag.py:2742} INFO - Sync 1 DAGs
[2023-08-11T08:03:29.339+0000] {logging_mixin.py:150} INFO - [2023-08-11T08:03:29.339+0000] {dag.py:3508} INFO - Setting next_dagrun for tutorial_dag to None, run_after=None
[2023-08-11T08:03:29.360+0000] {processor.py:179} INFO - Processing /home/airflow/.local/lib/python3.7/site-packages/airflow/example_dags/tutorial_dag.py took 0.092 seconds
[2023-08-11T08:03:59.953+0000] {processor.py:157} INFO - Started process (PID=1509) to work on /home/airflow/.local/lib/python3.7/site-packages/airflow/example_dags/tutorial_dag.py
[2023-08-11T08:03:59.954+0000] {processor.py:826} INFO - Processing file /home/airflow/.local/lib/python3.7/site-packages/airflow/example_dags/tutorial_dag.py for tasks to queue
[2023-08-11T08:03:59.954+0000] {logging_mixin.py:150} INFO - [2023-08-11T08:03:59.954+0000] {dagbag.py:541} INFO - Filling up the DagBag from /home/airflow/.local/lib/python3.7/site-packages/airflow/example_dags/tutorial_dag.py
[2023-08-11T08:03:59.960+0000] {processor.py:836} INFO - DAG(s) dict_keys(['tutorial_dag']) retrieved from /home/airflow/.local/lib/python3.7/site-packages/airflow/example_dags/tutorial_dag.py
[2023-08-11T08:03:59.995+0000] {logging_mixin.py:150} INFO - [2023-08-11T08:03:59.995+0000] {dag.py:2742} INFO - Sync 1 DAGs
[2023-08-11T08:04:00.031+0000] {logging_mixin.py:150} INFO - [2023-08-11T08:04:00.030+0000] {dag.py:3508} INFO - Setting next_dagrun for tutorial_dag to None, run_after=None
[2023-08-11T08:04:00.067+0000] {processor.py:179} INFO - Processing /home/airflow/.local/lib/python3.7/site-packages/airflow/example_dags/tutorial_dag.py took 0.121 seconds
[2023-08-11T08:04:30.972+0000] {processor.py:157} INFO - Started process (PID=1583) to work on /home/airflow/.local/lib/python3.7/site-packages/airflow/example_dags/tutorial_dag.py
[2023-08-11T08:04:30.973+0000] {processor.py:826} INFO - Processing file /home/airflow/.local/lib/python3.7/site-packages/airflow/example_dags/tutorial_dag.py for tasks to queue
[2023-08-11T08:04:30.974+0000] {logging_mixin.py:150} INFO - [2023-08-11T08:04:30.974+0000] {dagbag.py:541} INFO - Filling up the DagBag from /home/airflow/.local/lib/python3.7/site-packages/airflow/example_dags/tutorial_dag.py
[2023-08-11T08:04:30.979+0000] {processor.py:836} INFO - DAG(s) dict_keys(['tutorial_dag']) retrieved from /home/airflow/.local/lib/python3.7/site-packages/airflow/example_dags/tutorial_dag.py
[2023-08-11T08:04:31.007+0000] {logging_mixin.py:150} INFO - [2023-08-11T08:04:31.007+0000] {dag.py:2742} INFO - Sync 1 DAGs
[2023-08-11T08:04:31.034+0000] {logging_mixin.py:150} INFO - [2023-08-11T08:04:31.034+0000] {dag.py:3508} INFO - Setting next_dagrun for tutorial_dag to None, run_after=None
[2023-08-11T08:04:31.060+0000] {processor.py:179} INFO - Processing /home/airflow/.local/lib/python3.7/site-packages/airflow/example_dags/tutorial_dag.py took 0.091 seconds
[2023-08-11T08:05:01.794+0000] {processor.py:157} INFO - Started process (PID=1649) to work on /home/airflow/.local/lib/python3.7/site-packages/airflow/example_dags/tutorial_dag.py
[2023-08-11T08:05:01.795+0000] {processor.py:826} INFO - Processing file /home/airflow/.local/lib/python3.7/site-packages/airflow/example_dags/tutorial_dag.py for tasks to queue
[2023-08-11T08:05:01.796+0000] {logging_mixin.py:150} INFO - [2023-08-11T08:05:01.796+0000] {dagbag.py:541} INFO - Filling up the DagBag from /home/airflow/.local/lib/python3.7/site-packages/airflow/example_dags/tutorial_dag.py
[2023-08-11T08:05:01.805+0000] {processor.py:836} INFO - DAG(s) dict_keys(['tutorial_dag']) retrieved from /home/airflow/.local/lib/python3.7/site-packages/airflow/example_dags/tutorial_dag.py
[2023-08-11T08:05:01.829+0000] {logging_mixin.py:150} INFO - [2023-08-11T08:05:01.829+0000] {dag.py:2742} INFO - Sync 1 DAGs
[2023-08-11T08:05:01.855+0000] {logging_mixin.py:150} INFO - [2023-08-11T08:05:01.854+0000] {dag.py:3508} INFO - Setting next_dagrun for tutorial_dag to None, run_after=None
[2023-08-11T08:05:01.880+0000] {processor.py:179} INFO - Processing /home/airflow/.local/lib/python3.7/site-packages/airflow/example_dags/tutorial_dag.py took 0.090 seconds
[2023-08-11T08:05:32.634+0000] {processor.py:157} INFO - Started process (PID=1723) to work on /home/airflow/.local/lib/python3.7/site-packages/airflow/example_dags/tutorial_dag.py
[2023-08-11T08:05:32.636+0000] {processor.py:826} INFO - Processing file /home/airflow/.local/lib/python3.7/site-packages/airflow/example_dags/tutorial_dag.py for tasks to queue
[2023-08-11T08:05:32.637+0000] {logging_mixin.py:150} INFO - [2023-08-11T08:05:32.636+0000] {dagbag.py:541} INFO - Filling up the DagBag from /home/airflow/.local/lib/python3.7/site-packages/airflow/example_dags/tutorial_dag.py
[2023-08-11T08:05:32.642+0000] {processor.py:836} INFO - DAG(s) dict_keys(['tutorial_dag']) retrieved from /home/airflow/.local/lib/python3.7/site-packages/airflow/example_dags/tutorial_dag.py
[2023-08-11T08:05:32.675+0000] {logging_mixin.py:150} INFO - [2023-08-11T08:05:32.674+0000] {dag.py:2742} INFO - Sync 1 DAGs
[2023-08-11T08:05:32.708+0000] {logging_mixin.py:150} INFO - [2023-08-11T08:05:32.707+0000] {dag.py:3508} INFO - Setting next_dagrun for tutorial_dag to None, run_after=None
[2023-08-11T08:05:32.729+0000] {processor.py:179} INFO - Processing /home/airflow/.local/lib/python3.7/site-packages/airflow/example_dags/tutorial_dag.py took 0.099 seconds
[2023-08-11T08:06:03.540+0000] {processor.py:157} INFO - Started process (PID=1789) to work on /home/airflow/.local/lib/python3.7/site-packages/airflow/example_dags/tutorial_dag.py
[2023-08-11T08:06:03.541+0000] {processor.py:826} INFO - Processing file /home/airflow/.local/lib/python3.7/site-packages/airflow/example_dags/tutorial_dag.py for tasks to queue
[2023-08-11T08:06:03.542+0000] {logging_mixin.py:150} INFO - [2023-08-11T08:06:03.542+0000] {dagbag.py:541} INFO - Filling up the DagBag from /home/airflow/.local/lib/python3.7/site-packages/airflow/example_dags/tutorial_dag.py
[2023-08-11T08:06:03.553+0000] {processor.py:836} INFO - DAG(s) dict_keys(['tutorial_dag']) retrieved from /home/airflow/.local/lib/python3.7/site-packages/airflow/example_dags/tutorial_dag.py
[2023-08-11T08:06:03.617+0000] {logging_mixin.py:150} INFO - [2023-08-11T08:06:03.617+0000] {dag.py:2742} INFO - Sync 1 DAGs
[2023-08-11T08:06:03.670+0000] {logging_mixin.py:150} INFO - [2023-08-11T08:06:03.669+0000] {dag.py:3508} INFO - Setting next_dagrun for tutorial_dag to None, run_after=None
[2023-08-11T08:06:03.737+0000] {processor.py:179} INFO - Processing /home/airflow/.local/lib/python3.7/site-packages/airflow/example_dags/tutorial_dag.py took 0.203 seconds
[2023-08-11T08:06:34.616+0000] {processor.py:157} INFO - Started process (PID=1860) to work on /home/airflow/.local/lib/python3.7/site-packages/airflow/example_dags/tutorial_dag.py
[2023-08-11T08:06:34.618+0000] {processor.py:826} INFO - Processing file /home/airflow/.local/lib/python3.7/site-packages/airflow/example_dags/tutorial_dag.py for tasks to queue
[2023-08-11T08:06:34.619+0000] {logging_mixin.py:150} INFO - [2023-08-11T08:06:34.618+0000] {dagbag.py:541} INFO - Filling up the DagBag from /home/airflow/.local/lib/python3.7/site-packages/airflow/example_dags/tutorial_dag.py
[2023-08-11T08:06:34.628+0000] {processor.py:836} INFO - DAG(s) dict_keys(['tutorial_dag']) retrieved from /home/airflow/.local/lib/python3.7/site-packages/airflow/example_dags/tutorial_dag.py
[2023-08-11T08:06:34.666+0000] {logging_mixin.py:150} INFO - [2023-08-11T08:06:34.665+0000] {dag.py:2742} INFO - Sync 1 DAGs
[2023-08-11T08:06:34.702+0000] {logging_mixin.py:150} INFO - [2023-08-11T08:06:34.702+0000] {dag.py:3508} INFO - Setting next_dagrun for tutorial_dag to None, run_after=None
[2023-08-11T08:06:34.733+0000] {processor.py:179} INFO - Processing /home/airflow/.local/lib/python3.7/site-packages/airflow/example_dags/tutorial_dag.py took 0.122 seconds
[2023-08-11T08:07:05.328+0000] {processor.py:157} INFO - Started process (PID=1928) to work on /home/airflow/.local/lib/python3.7/site-packages/airflow/example_dags/tutorial_dag.py
[2023-08-11T08:07:05.329+0000] {processor.py:826} INFO - Processing file /home/airflow/.local/lib/python3.7/site-packages/airflow/example_dags/tutorial_dag.py for tasks to queue
[2023-08-11T08:07:05.330+0000] {logging_mixin.py:150} INFO - [2023-08-11T08:07:05.330+0000] {dagbag.py:541} INFO - Filling up the DagBag from /home/airflow/.local/lib/python3.7/site-packages/airflow/example_dags/tutorial_dag.py
[2023-08-11T08:07:05.336+0000] {processor.py:836} INFO - DAG(s) dict_keys(['tutorial_dag']) retrieved from /home/airflow/.local/lib/python3.7/site-packages/airflow/example_dags/tutorial_dag.py
[2023-08-11T08:07:05.371+0000] {logging_mixin.py:150} INFO - [2023-08-11T08:07:05.371+0000] {dag.py:2742} INFO - Sync 1 DAGs
[2023-08-11T08:07:05.401+0000] {logging_mixin.py:150} INFO - [2023-08-11T08:07:05.401+0000] {dag.py:3508} INFO - Setting next_dagrun for tutorial_dag to None, run_after=None
[2023-08-11T08:07:05.429+0000] {processor.py:179} INFO - Processing /home/airflow/.local/lib/python3.7/site-packages/airflow/example_dags/tutorial_dag.py took 0.105 seconds
[2023-08-11T08:07:35.666+0000] {processor.py:157} INFO - Started process (PID=1997) to work on /home/airflow/.local/lib/python3.7/site-packages/airflow/example_dags/tutorial_dag.py
[2023-08-11T08:07:35.667+0000] {processor.py:826} INFO - Processing file /home/airflow/.local/lib/python3.7/site-packages/airflow/example_dags/tutorial_dag.py for tasks to queue
[2023-08-11T08:07:35.668+0000] {logging_mixin.py:150} INFO - [2023-08-11T08:07:35.668+0000] {dagbag.py:541} INFO - Filling up the DagBag from /home/airflow/.local/lib/python3.7/site-packages/airflow/example_dags/tutorial_dag.py
[2023-08-11T08:07:35.672+0000] {processor.py:836} INFO - DAG(s) dict_keys(['tutorial_dag']) retrieved from /home/airflow/.local/lib/python3.7/site-packages/airflow/example_dags/tutorial_dag.py
[2023-08-11T08:07:35.700+0000] {logging_mixin.py:150} INFO - [2023-08-11T08:07:35.699+0000] {dag.py:2742} INFO - Sync 1 DAGs
[2023-08-11T08:07:35.721+0000] {logging_mixin.py:150} INFO - [2023-08-11T08:07:35.721+0000] {dag.py:3508} INFO - Setting next_dagrun for tutorial_dag to None, run_after=None
[2023-08-11T08:07:35.738+0000] {processor.py:179} INFO - Processing /home/airflow/.local/lib/python3.7/site-packages/airflow/example_dags/tutorial_dag.py took 0.075 seconds
[2023-08-11T08:08:05.887+0000] {processor.py:157} INFO - Started process (PID=2063) to work on /home/airflow/.local/lib/python3.7/site-packages/airflow/example_dags/tutorial_dag.py
[2023-08-11T08:08:05.888+0000] {processor.py:826} INFO - Processing file /home/airflow/.local/lib/python3.7/site-packages/airflow/example_dags/tutorial_dag.py for tasks to queue
[2023-08-11T08:08:05.889+0000] {logging_mixin.py:150} INFO - [2023-08-11T08:08:05.889+0000] {dagbag.py:541} INFO - Filling up the DagBag from /home/airflow/.local/lib/python3.7/site-packages/airflow/example_dags/tutorial_dag.py
[2023-08-11T08:08:05.895+0000] {processor.py:836} INFO - DAG(s) dict_keys(['tutorial_dag']) retrieved from /home/airflow/.local/lib/python3.7/site-packages/airflow/example_dags/tutorial_dag.py
[2023-08-11T08:08:05.920+0000] {logging_mixin.py:150} INFO - [2023-08-11T08:08:05.919+0000] {dag.py:2742} INFO - Sync 1 DAGs
[2023-08-11T08:08:05.942+0000] {logging_mixin.py:150} INFO - [2023-08-11T08:08:05.941+0000] {dag.py:3508} INFO - Setting next_dagrun for tutorial_dag to None, run_after=None
[2023-08-11T08:08:05.964+0000] {processor.py:179} INFO - Processing /home/airflow/.local/lib/python3.7/site-packages/airflow/example_dags/tutorial_dag.py took 0.080 seconds
[2023-08-11T08:08:36.483+0000] {processor.py:157} INFO - Started process (PID=2129) to work on /home/airflow/.local/lib/python3.7/site-packages/airflow/example_dags/tutorial_dag.py
[2023-08-11T08:08:36.483+0000] {processor.py:826} INFO - Processing file /home/airflow/.local/lib/python3.7/site-packages/airflow/example_dags/tutorial_dag.py for tasks to queue
[2023-08-11T08:08:36.484+0000] {logging_mixin.py:150} INFO - [2023-08-11T08:08:36.484+0000] {dagbag.py:541} INFO - Filling up the DagBag from /home/airflow/.local/lib/python3.7/site-packages/airflow/example_dags/tutorial_dag.py
[2023-08-11T08:08:36.488+0000] {processor.py:836} INFO - DAG(s) dict_keys(['tutorial_dag']) retrieved from /home/airflow/.local/lib/python3.7/site-packages/airflow/example_dags/tutorial_dag.py
[2023-08-11T08:08:36.510+0000] {logging_mixin.py:150} INFO - [2023-08-11T08:08:36.510+0000] {dag.py:2742} INFO - Sync 1 DAGs
[2023-08-11T08:08:36.534+0000] {logging_mixin.py:150} INFO - [2023-08-11T08:08:36.534+0000] {dag.py:3508} INFO - Setting next_dagrun for tutorial_dag to None, run_after=None
[2023-08-11T08:08:36.555+0000] {processor.py:179} INFO - Processing /home/airflow/.local/lib/python3.7/site-packages/airflow/example_dags/tutorial_dag.py took 0.075 seconds
[2023-08-11T08:09:07.004+0000] {processor.py:157} INFO - Started process (PID=2195) to work on /home/airflow/.local/lib/python3.7/site-packages/airflow/example_dags/tutorial_dag.py
[2023-08-11T08:09:07.006+0000] {processor.py:826} INFO - Processing file /home/airflow/.local/lib/python3.7/site-packages/airflow/example_dags/tutorial_dag.py for tasks to queue
[2023-08-11T08:09:07.006+0000] {logging_mixin.py:150} INFO - [2023-08-11T08:09:07.006+0000] {dagbag.py:541} INFO - Filling up the DagBag from /home/airflow/.local/lib/python3.7/site-packages/airflow/example_dags/tutorial_dag.py
[2023-08-11T08:09:07.011+0000] {processor.py:836} INFO - DAG(s) dict_keys(['tutorial_dag']) retrieved from /home/airflow/.local/lib/python3.7/site-packages/airflow/example_dags/tutorial_dag.py
[2023-08-11T08:09:07.035+0000] {logging_mixin.py:150} INFO - [2023-08-11T08:09:07.035+0000] {dag.py:2742} INFO - Sync 1 DAGs
[2023-08-11T08:09:07.057+0000] {logging_mixin.py:150} INFO - [2023-08-11T08:09:07.057+0000] {dag.py:3508} INFO - Setting next_dagrun for tutorial_dag to None, run_after=None
[2023-08-11T08:09:07.076+0000] {processor.py:179} INFO - Processing /home/airflow/.local/lib/python3.7/site-packages/airflow/example_dags/tutorial_dag.py took 0.074 seconds
[2023-08-11T08:09:37.203+0000] {processor.py:157} INFO - Started process (PID=2261) to work on /home/airflow/.local/lib/python3.7/site-packages/airflow/example_dags/tutorial_dag.py
[2023-08-11T08:09:37.204+0000] {processor.py:826} INFO - Processing file /home/airflow/.local/lib/python3.7/site-packages/airflow/example_dags/tutorial_dag.py for tasks to queue
[2023-08-11T08:09:37.204+0000] {logging_mixin.py:150} INFO - [2023-08-11T08:09:37.204+0000] {dagbag.py:541} INFO - Filling up the DagBag from /home/airflow/.local/lib/python3.7/site-packages/airflow/example_dags/tutorial_dag.py
[2023-08-11T08:09:37.208+0000] {processor.py:836} INFO - DAG(s) dict_keys(['tutorial_dag']) retrieved from /home/airflow/.local/lib/python3.7/site-packages/airflow/example_dags/tutorial_dag.py
[2023-08-11T08:09:37.233+0000] {logging_mixin.py:150} INFO - [2023-08-11T08:09:37.233+0000] {dag.py:2742} INFO - Sync 1 DAGs
[2023-08-11T08:09:37.259+0000] {logging_mixin.py:150} INFO - [2023-08-11T08:09:37.258+0000] {dag.py:3508} INFO - Setting next_dagrun for tutorial_dag to None, run_after=None
[2023-08-11T08:09:37.289+0000] {processor.py:179} INFO - Processing /home/airflow/.local/lib/python3.7/site-packages/airflow/example_dags/tutorial_dag.py took 0.089 seconds
[2023-08-11T08:10:08.463+0000] {processor.py:157} INFO - Started process (PID=2327) to work on /home/airflow/.local/lib/python3.7/site-packages/airflow/example_dags/tutorial_dag.py
[2023-08-11T08:10:08.469+0000] {processor.py:826} INFO - Processing file /home/airflow/.local/lib/python3.7/site-packages/airflow/example_dags/tutorial_dag.py for tasks to queue
[2023-08-11T08:10:08.470+0000] {logging_mixin.py:150} INFO - [2023-08-11T08:10:08.470+0000] {dagbag.py:541} INFO - Filling up the DagBag from /home/airflow/.local/lib/python3.7/site-packages/airflow/example_dags/tutorial_dag.py
[2023-08-11T08:10:08.478+0000] {processor.py:836} INFO - DAG(s) dict_keys(['tutorial_dag']) retrieved from /home/airflow/.local/lib/python3.7/site-packages/airflow/example_dags/tutorial_dag.py
[2023-08-11T08:10:08.532+0000] {logging_mixin.py:150} INFO - [2023-08-11T08:10:08.532+0000] {dag.py:2742} INFO - Sync 1 DAGs
[2023-08-11T08:10:08.586+0000] {logging_mixin.py:150} INFO - [2023-08-11T08:10:08.586+0000] {dag.py:3508} INFO - Setting next_dagrun for tutorial_dag to None, run_after=None
[2023-08-11T08:10:08.630+0000] {processor.py:179} INFO - Processing /home/airflow/.local/lib/python3.7/site-packages/airflow/example_dags/tutorial_dag.py took 0.175 seconds
[2023-08-11T08:10:38.835+0000] {processor.py:157} INFO - Started process (PID=2393) to work on /home/airflow/.local/lib/python3.7/site-packages/airflow/example_dags/tutorial_dag.py
[2023-08-11T08:10:38.836+0000] {processor.py:826} INFO - Processing file /home/airflow/.local/lib/python3.7/site-packages/airflow/example_dags/tutorial_dag.py for tasks to queue
[2023-08-11T08:10:38.838+0000] {logging_mixin.py:150} INFO - [2023-08-11T08:10:38.837+0000] {dagbag.py:541} INFO - Filling up the DagBag from /home/airflow/.local/lib/python3.7/site-packages/airflow/example_dags/tutorial_dag.py
[2023-08-11T08:10:38.845+0000] {processor.py:836} INFO - DAG(s) dict_keys(['tutorial_dag']) retrieved from /home/airflow/.local/lib/python3.7/site-packages/airflow/example_dags/tutorial_dag.py
[2023-08-11T08:10:38.892+0000] {logging_mixin.py:150} INFO - [2023-08-11T08:10:38.892+0000] {dag.py:2742} INFO - Sync 1 DAGs
[2023-08-11T08:10:38.936+0000] {logging_mixin.py:150} INFO - [2023-08-11T08:10:38.936+0000] {dag.py:3508} INFO - Setting next_dagrun for tutorial_dag to None, run_after=None
[2023-08-11T08:10:38.975+0000] {processor.py:179} INFO - Processing /home/airflow/.local/lib/python3.7/site-packages/airflow/example_dags/tutorial_dag.py took 0.147 seconds
[2023-08-11T08:11:09.882+0000] {processor.py:157} INFO - Started process (PID=2460) to work on /home/airflow/.local/lib/python3.7/site-packages/airflow/example_dags/tutorial_dag.py
[2023-08-11T08:11:09.882+0000] {processor.py:826} INFO - Processing file /home/airflow/.local/lib/python3.7/site-packages/airflow/example_dags/tutorial_dag.py for tasks to queue
[2023-08-11T08:11:09.883+0000] {logging_mixin.py:150} INFO - [2023-08-11T08:11:09.883+0000] {dagbag.py:541} INFO - Filling up the DagBag from /home/airflow/.local/lib/python3.7/site-packages/airflow/example_dags/tutorial_dag.py
[2023-08-11T08:11:09.888+0000] {processor.py:836} INFO - DAG(s) dict_keys(['tutorial_dag']) retrieved from /home/airflow/.local/lib/python3.7/site-packages/airflow/example_dags/tutorial_dag.py
[2023-08-11T08:11:09.915+0000] {logging_mixin.py:150} INFO - [2023-08-11T08:11:09.915+0000] {dag.py:2742} INFO - Sync 1 DAGs
[2023-08-11T08:11:09.940+0000] {logging_mixin.py:150} INFO - [2023-08-11T08:11:09.940+0000] {dag.py:3508} INFO - Setting next_dagrun for tutorial_dag to None, run_after=None
[2023-08-11T08:11:09.962+0000] {processor.py:179} INFO - Processing /home/airflow/.local/lib/python3.7/site-packages/airflow/example_dags/tutorial_dag.py took 0.083 seconds
[2023-08-11T08:11:40.592+0000] {processor.py:157} INFO - Started process (PID=2526) to work on /home/airflow/.local/lib/python3.7/site-packages/airflow/example_dags/tutorial_dag.py
[2023-08-11T08:11:40.592+0000] {processor.py:826} INFO - Processing file /home/airflow/.local/lib/python3.7/site-packages/airflow/example_dags/tutorial_dag.py for tasks to queue
[2023-08-11T08:11:40.593+0000] {logging_mixin.py:150} INFO - [2023-08-11T08:11:40.593+0000] {dagbag.py:541} INFO - Filling up the DagBag from /home/airflow/.local/lib/python3.7/site-packages/airflow/example_dags/tutorial_dag.py
[2023-08-11T08:11:40.597+0000] {processor.py:836} INFO - DAG(s) dict_keys(['tutorial_dag']) retrieved from /home/airflow/.local/lib/python3.7/site-packages/airflow/example_dags/tutorial_dag.py
[2023-08-11T08:11:40.628+0000] {logging_mixin.py:150} INFO - [2023-08-11T08:11:40.627+0000] {dag.py:2742} INFO - Sync 1 DAGs
[2023-08-11T08:11:40.649+0000] {logging_mixin.py:150} INFO - [2023-08-11T08:11:40.649+0000] {dag.py:3508} INFO - Setting next_dagrun for tutorial_dag to None, run_after=None
[2023-08-11T08:11:40.674+0000] {processor.py:179} INFO - Processing /home/airflow/.local/lib/python3.7/site-packages/airflow/example_dags/tutorial_dag.py took 0.085 seconds
[2023-08-11T08:12:11.157+0000] {processor.py:157} INFO - Started process (PID=2592) to work on /home/airflow/.local/lib/python3.7/site-packages/airflow/example_dags/tutorial_dag.py
[2023-08-11T08:12:11.158+0000] {processor.py:826} INFO - Processing file /home/airflow/.local/lib/python3.7/site-packages/airflow/example_dags/tutorial_dag.py for tasks to queue
[2023-08-11T08:12:11.159+0000] {logging_mixin.py:150} INFO - [2023-08-11T08:12:11.159+0000] {dagbag.py:541} INFO - Filling up the DagBag from /home/airflow/.local/lib/python3.7/site-packages/airflow/example_dags/tutorial_dag.py
[2023-08-11T08:12:11.163+0000] {processor.py:836} INFO - DAG(s) dict_keys(['tutorial_dag']) retrieved from /home/airflow/.local/lib/python3.7/site-packages/airflow/example_dags/tutorial_dag.py
[2023-08-11T08:12:11.193+0000] {logging_mixin.py:150} INFO - [2023-08-11T08:12:11.193+0000] {dag.py:2742} INFO - Sync 1 DAGs
[2023-08-11T08:12:11.217+0000] {logging_mixin.py:150} INFO - [2023-08-11T08:12:11.216+0000] {dag.py:3508} INFO - Setting next_dagrun for tutorial_dag to None, run_after=None
[2023-08-11T08:12:11.244+0000] {processor.py:179} INFO - Processing /home/airflow/.local/lib/python3.7/site-packages/airflow/example_dags/tutorial_dag.py took 0.092 seconds
[2023-08-11T08:12:41.591+0000] {processor.py:157} INFO - Started process (PID=2658) to work on /home/airflow/.local/lib/python3.7/site-packages/airflow/example_dags/tutorial_dag.py
[2023-08-11T08:12:41.592+0000] {processor.py:826} INFO - Processing file /home/airflow/.local/lib/python3.7/site-packages/airflow/example_dags/tutorial_dag.py for tasks to queue
[2023-08-11T08:12:41.593+0000] {logging_mixin.py:150} INFO - [2023-08-11T08:12:41.593+0000] {dagbag.py:541} INFO - Filling up the DagBag from /home/airflow/.local/lib/python3.7/site-packages/airflow/example_dags/tutorial_dag.py
[2023-08-11T08:12:41.597+0000] {processor.py:836} INFO - DAG(s) dict_keys(['tutorial_dag']) retrieved from /home/airflow/.local/lib/python3.7/site-packages/airflow/example_dags/tutorial_dag.py
[2023-08-11T08:12:41.626+0000] {logging_mixin.py:150} INFO - [2023-08-11T08:12:41.625+0000] {dag.py:2742} INFO - Sync 1 DAGs
[2023-08-11T08:12:41.652+0000] {logging_mixin.py:150} INFO - [2023-08-11T08:12:41.652+0000] {dag.py:3508} INFO - Setting next_dagrun for tutorial_dag to None, run_after=None
[2023-08-11T08:12:41.681+0000] {processor.py:179} INFO - Processing /home/airflow/.local/lib/python3.7/site-packages/airflow/example_dags/tutorial_dag.py took 0.093 seconds
[2023-08-11T08:13:11.801+0000] {processor.py:157} INFO - Started process (PID=2723) to work on /home/airflow/.local/lib/python3.7/site-packages/airflow/example_dags/tutorial_dag.py
[2023-08-11T08:13:11.803+0000] {processor.py:826} INFO - Processing file /home/airflow/.local/lib/python3.7/site-packages/airflow/example_dags/tutorial_dag.py for tasks to queue
[2023-08-11T08:13:11.804+0000] {logging_mixin.py:150} INFO - [2023-08-11T08:13:11.803+0000] {dagbag.py:541} INFO - Filling up the DagBag from /home/airflow/.local/lib/python3.7/site-packages/airflow/example_dags/tutorial_dag.py
[2023-08-11T08:13:11.809+0000] {processor.py:836} INFO - DAG(s) dict_keys(['tutorial_dag']) retrieved from /home/airflow/.local/lib/python3.7/site-packages/airflow/example_dags/tutorial_dag.py
[2023-08-11T08:13:11.832+0000] {logging_mixin.py:150} INFO - [2023-08-11T08:13:11.831+0000] {dag.py:2742} INFO - Sync 1 DAGs
[2023-08-11T08:13:11.854+0000] {logging_mixin.py:150} INFO - [2023-08-11T08:13:11.854+0000] {dag.py:3508} INFO - Setting next_dagrun for tutorial_dag to None, run_after=None
[2023-08-11T08:13:11.872+0000] {processor.py:179} INFO - Processing /home/airflow/.local/lib/python3.7/site-packages/airflow/example_dags/tutorial_dag.py took 0.075 seconds
[2023-08-11T08:13:41.890+0000] {processor.py:157} INFO - Started process (PID=2790) to work on /home/airflow/.local/lib/python3.7/site-packages/airflow/example_dags/tutorial_dag.py
[2023-08-11T08:13:41.891+0000] {processor.py:826} INFO - Processing file /home/airflow/.local/lib/python3.7/site-packages/airflow/example_dags/tutorial_dag.py for tasks to queue
[2023-08-11T08:13:41.892+0000] {logging_mixin.py:150} INFO - [2023-08-11T08:13:41.891+0000] {dagbag.py:541} INFO - Filling up the DagBag from /home/airflow/.local/lib/python3.7/site-packages/airflow/example_dags/tutorial_dag.py
[2023-08-11T08:13:41.898+0000] {processor.py:836} INFO - DAG(s) dict_keys(['tutorial_dag']) retrieved from /home/airflow/.local/lib/python3.7/site-packages/airflow/example_dags/tutorial_dag.py
[2023-08-11T08:13:41.920+0000] {logging_mixin.py:150} INFO - [2023-08-11T08:13:41.920+0000] {dag.py:2742} INFO - Sync 1 DAGs
[2023-08-11T08:13:41.944+0000] {logging_mixin.py:150} INFO - [2023-08-11T08:13:41.944+0000] {dag.py:3508} INFO - Setting next_dagrun for tutorial_dag to None, run_after=None
[2023-08-11T08:13:41.964+0000] {processor.py:179} INFO - Processing /home/airflow/.local/lib/python3.7/site-packages/airflow/example_dags/tutorial_dag.py took 0.076 seconds
[2023-08-11T08:14:12.067+0000] {processor.py:157} INFO - Started process (PID=2856) to work on /home/airflow/.local/lib/python3.7/site-packages/airflow/example_dags/tutorial_dag.py
[2023-08-11T08:14:12.069+0000] {processor.py:826} INFO - Processing file /home/airflow/.local/lib/python3.7/site-packages/airflow/example_dags/tutorial_dag.py for tasks to queue
[2023-08-11T08:14:12.069+0000] {logging_mixin.py:150} INFO - [2023-08-11T08:14:12.069+0000] {dagbag.py:541} INFO - Filling up the DagBag from /home/airflow/.local/lib/python3.7/site-packages/airflow/example_dags/tutorial_dag.py
[2023-08-11T08:14:12.074+0000] {processor.py:836} INFO - DAG(s) dict_keys(['tutorial_dag']) retrieved from /home/airflow/.local/lib/python3.7/site-packages/airflow/example_dags/tutorial_dag.py
[2023-08-11T08:14:12.096+0000] {logging_mixin.py:150} INFO - [2023-08-11T08:14:12.096+0000] {dag.py:2742} INFO - Sync 1 DAGs
[2023-08-11T08:14:12.118+0000] {logging_mixin.py:150} INFO - [2023-08-11T08:14:12.118+0000] {dag.py:3508} INFO - Setting next_dagrun for tutorial_dag to None, run_after=None
[2023-08-11T08:14:12.134+0000] {processor.py:179} INFO - Processing /home/airflow/.local/lib/python3.7/site-packages/airflow/example_dags/tutorial_dag.py took 0.070 seconds
[2023-08-11T08:14:42.374+0000] {processor.py:157} INFO - Started process (PID=2923) to work on /home/airflow/.local/lib/python3.7/site-packages/airflow/example_dags/tutorial_dag.py
[2023-08-11T08:14:42.374+0000] {processor.py:826} INFO - Processing file /home/airflow/.local/lib/python3.7/site-packages/airflow/example_dags/tutorial_dag.py for tasks to queue
[2023-08-11T08:14:42.375+0000] {logging_mixin.py:150} INFO - [2023-08-11T08:14:42.375+0000] {dagbag.py:541} INFO - Filling up the DagBag from /home/airflow/.local/lib/python3.7/site-packages/airflow/example_dags/tutorial_dag.py
[2023-08-11T08:14:42.381+0000] {processor.py:836} INFO - DAG(s) dict_keys(['tutorial_dag']) retrieved from /home/airflow/.local/lib/python3.7/site-packages/airflow/example_dags/tutorial_dag.py
[2023-08-11T08:14:42.409+0000] {logging_mixin.py:150} INFO - [2023-08-11T08:14:42.409+0000] {dag.py:2742} INFO - Sync 1 DAGs
[2023-08-11T08:14:42.438+0000] {logging_mixin.py:150} INFO - [2023-08-11T08:14:42.438+0000] {dag.py:3508} INFO - Setting next_dagrun for tutorial_dag to None, run_after=None
[2023-08-11T08:14:42.464+0000] {processor.py:179} INFO - Processing /home/airflow/.local/lib/python3.7/site-packages/airflow/example_dags/tutorial_dag.py took 0.094 seconds
[2023-08-11T08:15:12.786+0000] {processor.py:157} INFO - Started process (PID=2988) to work on /home/airflow/.local/lib/python3.7/site-packages/airflow/example_dags/tutorial_dag.py
[2023-08-11T08:15:12.787+0000] {processor.py:826} INFO - Processing file /home/airflow/.local/lib/python3.7/site-packages/airflow/example_dags/tutorial_dag.py for tasks to queue
[2023-08-11T08:15:12.787+0000] {logging_mixin.py:150} INFO - [2023-08-11T08:15:12.787+0000] {dagbag.py:541} INFO - Filling up the DagBag from /home/airflow/.local/lib/python3.7/site-packages/airflow/example_dags/tutorial_dag.py
[2023-08-11T08:15:12.792+0000] {processor.py:836} INFO - DAG(s) dict_keys(['tutorial_dag']) retrieved from /home/airflow/.local/lib/python3.7/site-packages/airflow/example_dags/tutorial_dag.py
[2023-08-11T08:15:12.820+0000] {logging_mixin.py:150} INFO - [2023-08-11T08:15:12.820+0000] {dag.py:2742} INFO - Sync 1 DAGs
[2023-08-11T08:15:12.850+0000] {logging_mixin.py:150} INFO - [2023-08-11T08:15:12.848+0000] {dag.py:3508} INFO - Setting next_dagrun for tutorial_dag to None, run_after=None
[2023-08-11T08:15:12.890+0000] {processor.py:179} INFO - Processing /home/airflow/.local/lib/python3.7/site-packages/airflow/example_dags/tutorial_dag.py took 0.107 seconds
[2023-08-11T08:15:43.175+0000] {processor.py:157} INFO - Started process (PID=3055) to work on /home/airflow/.local/lib/python3.7/site-packages/airflow/example_dags/tutorial_dag.py
[2023-08-11T08:15:43.176+0000] {processor.py:826} INFO - Processing file /home/airflow/.local/lib/python3.7/site-packages/airflow/example_dags/tutorial_dag.py for tasks to queue
[2023-08-11T08:15:43.177+0000] {logging_mixin.py:150} INFO - [2023-08-11T08:15:43.177+0000] {dagbag.py:541} INFO - Filling up the DagBag from /home/airflow/.local/lib/python3.7/site-packages/airflow/example_dags/tutorial_dag.py
[2023-08-11T08:15:43.182+0000] {processor.py:836} INFO - DAG(s) dict_keys(['tutorial_dag']) retrieved from /home/airflow/.local/lib/python3.7/site-packages/airflow/example_dags/tutorial_dag.py
[2023-08-11T08:15:43.208+0000] {logging_mixin.py:150} INFO - [2023-08-11T08:15:43.208+0000] {dag.py:2742} INFO - Sync 1 DAGs
[2023-08-11T08:15:43.231+0000] {logging_mixin.py:150} INFO - [2023-08-11T08:15:43.231+0000] {dag.py:3508} INFO - Setting next_dagrun for tutorial_dag to None, run_after=None
[2023-08-11T08:15:43.249+0000] {processor.py:179} INFO - Processing /home/airflow/.local/lib/python3.7/site-packages/airflow/example_dags/tutorial_dag.py took 0.077 seconds
[2023-08-11T08:16:13.524+0000] {processor.py:157} INFO - Started process (PID=3121) to work on /home/airflow/.local/lib/python3.7/site-packages/airflow/example_dags/tutorial_dag.py
[2023-08-11T08:16:13.525+0000] {processor.py:826} INFO - Processing file /home/airflow/.local/lib/python3.7/site-packages/airflow/example_dags/tutorial_dag.py for tasks to queue
[2023-08-11T08:16:13.526+0000] {logging_mixin.py:150} INFO - [2023-08-11T08:16:13.525+0000] {dagbag.py:541} INFO - Filling up the DagBag from /home/airflow/.local/lib/python3.7/site-packages/airflow/example_dags/tutorial_dag.py
[2023-08-11T08:16:13.531+0000] {processor.py:836} INFO - DAG(s) dict_keys(['tutorial_dag']) retrieved from /home/airflow/.local/lib/python3.7/site-packages/airflow/example_dags/tutorial_dag.py
[2023-08-11T08:16:13.561+0000] {logging_mixin.py:150} INFO - [2023-08-11T08:16:13.561+0000] {dag.py:2742} INFO - Sync 1 DAGs
[2023-08-11T08:16:13.591+0000] {logging_mixin.py:150} INFO - [2023-08-11T08:16:13.591+0000] {dag.py:3508} INFO - Setting next_dagrun for tutorial_dag to None, run_after=None
[2023-08-11T08:16:13.614+0000] {processor.py:179} INFO - Processing /home/airflow/.local/lib/python3.7/site-packages/airflow/example_dags/tutorial_dag.py took 0.093 seconds
[2023-08-11T08:16:44.243+0000] {processor.py:157} INFO - Started process (PID=3190) to work on /home/airflow/.local/lib/python3.7/site-packages/airflow/example_dags/tutorial_dag.py
[2023-08-11T08:16:44.244+0000] {processor.py:826} INFO - Processing file /home/airflow/.local/lib/python3.7/site-packages/airflow/example_dags/tutorial_dag.py for tasks to queue
[2023-08-11T08:16:44.245+0000] {logging_mixin.py:150} INFO - [2023-08-11T08:16:44.244+0000] {dagbag.py:541} INFO - Filling up the DagBag from /home/airflow/.local/lib/python3.7/site-packages/airflow/example_dags/tutorial_dag.py
[2023-08-11T08:16:44.249+0000] {processor.py:836} INFO - DAG(s) dict_keys(['tutorial_dag']) retrieved from /home/airflow/.local/lib/python3.7/site-packages/airflow/example_dags/tutorial_dag.py
[2023-08-11T08:16:44.276+0000] {logging_mixin.py:150} INFO - [2023-08-11T08:16:44.276+0000] {dag.py:2742} INFO - Sync 1 DAGs
[2023-08-11T08:16:44.302+0000] {logging_mixin.py:150} INFO - [2023-08-11T08:16:44.301+0000] {dag.py:3508} INFO - Setting next_dagrun for tutorial_dag to None, run_after=None
[2023-08-11T08:16:44.323+0000] {processor.py:179} INFO - Processing /home/airflow/.local/lib/python3.7/site-packages/airflow/example_dags/tutorial_dag.py took 0.084 seconds
[2023-08-11T08:17:14.570+0000] {processor.py:157} INFO - Started process (PID=3269) to work on /home/airflow/.local/lib/python3.7/site-packages/airflow/example_dags/tutorial_dag.py
[2023-08-11T08:17:14.571+0000] {processor.py:826} INFO - Processing file /home/airflow/.local/lib/python3.7/site-packages/airflow/example_dags/tutorial_dag.py for tasks to queue
[2023-08-11T08:17:14.572+0000] {logging_mixin.py:150} INFO - [2023-08-11T08:17:14.571+0000] {dagbag.py:541} INFO - Filling up the DagBag from /home/airflow/.local/lib/python3.7/site-packages/airflow/example_dags/tutorial_dag.py
[2023-08-11T08:17:14.580+0000] {processor.py:836} INFO - DAG(s) dict_keys(['tutorial_dag']) retrieved from /home/airflow/.local/lib/python3.7/site-packages/airflow/example_dags/tutorial_dag.py
[2023-08-11T08:17:14.616+0000] {logging_mixin.py:150} INFO - [2023-08-11T08:17:14.616+0000] {dag.py:2742} INFO - Sync 1 DAGs
[2023-08-11T08:17:14.649+0000] {logging_mixin.py:150} INFO - [2023-08-11T08:17:14.648+0000] {dag.py:3508} INFO - Setting next_dagrun for tutorial_dag to None, run_after=None
[2023-08-11T08:17:14.678+0000] {processor.py:179} INFO - Processing /home/airflow/.local/lib/python3.7/site-packages/airflow/example_dags/tutorial_dag.py took 0.112 seconds
[2023-08-11T08:17:47.092+0000] {processor.py:157} INFO - Started process (PID=3358) to work on /home/airflow/.local/lib/python3.7/site-packages/airflow/example_dags/tutorial_dag.py
[2023-08-11T08:17:47.094+0000] {processor.py:826} INFO - Processing file /home/airflow/.local/lib/python3.7/site-packages/airflow/example_dags/tutorial_dag.py for tasks to queue
[2023-08-11T08:17:47.095+0000] {logging_mixin.py:150} INFO - [2023-08-11T08:17:47.094+0000] {dagbag.py:541} INFO - Filling up the DagBag from /home/airflow/.local/lib/python3.7/site-packages/airflow/example_dags/tutorial_dag.py
[2023-08-11T08:17:47.100+0000] {processor.py:836} INFO - DAG(s) dict_keys(['tutorial_dag']) retrieved from /home/airflow/.local/lib/python3.7/site-packages/airflow/example_dags/tutorial_dag.py
[2023-08-11T08:17:47.160+0000] {logging_mixin.py:150} INFO - [2023-08-11T08:17:47.160+0000] {dag.py:2742} INFO - Sync 1 DAGs
[2023-08-11T08:17:47.197+0000] {logging_mixin.py:150} INFO - [2023-08-11T08:17:47.197+0000] {dag.py:3508} INFO - Setting next_dagrun for tutorial_dag to None, run_after=None
[2023-08-11T08:17:47.224+0000] {processor.py:179} INFO - Processing /home/airflow/.local/lib/python3.7/site-packages/airflow/example_dags/tutorial_dag.py took 0.228 seconds
[2023-08-11T08:18:17.645+0000] {processor.py:157} INFO - Started process (PID=3438) to work on /home/airflow/.local/lib/python3.7/site-packages/airflow/example_dags/tutorial_dag.py
[2023-08-11T08:18:17.646+0000] {processor.py:826} INFO - Processing file /home/airflow/.local/lib/python3.7/site-packages/airflow/example_dags/tutorial_dag.py for tasks to queue
[2023-08-11T08:18:17.647+0000] {logging_mixin.py:150} INFO - [2023-08-11T08:18:17.647+0000] {dagbag.py:541} INFO - Filling up the DagBag from /home/airflow/.local/lib/python3.7/site-packages/airflow/example_dags/tutorial_dag.py
[2023-08-11T08:18:17.653+0000] {processor.py:836} INFO - DAG(s) dict_keys(['tutorial_dag']) retrieved from /home/airflow/.local/lib/python3.7/site-packages/airflow/example_dags/tutorial_dag.py
[2023-08-11T08:18:17.690+0000] {logging_mixin.py:150} INFO - [2023-08-11T08:18:17.689+0000] {dag.py:2742} INFO - Sync 1 DAGs
[2023-08-11T08:18:17.727+0000] {logging_mixin.py:150} INFO - [2023-08-11T08:18:17.726+0000] {dag.py:3508} INFO - Setting next_dagrun for tutorial_dag to None, run_after=None
[2023-08-11T08:18:17.755+0000] {processor.py:179} INFO - Processing /home/airflow/.local/lib/python3.7/site-packages/airflow/example_dags/tutorial_dag.py took 0.114 seconds
[2023-08-11T08:18:50.190+0000] {processor.py:157} INFO - Started process (PID=3523) to work on /home/airflow/.local/lib/python3.7/site-packages/airflow/example_dags/tutorial_dag.py
[2023-08-11T08:18:50.195+0000] {processor.py:826} INFO - Processing file /home/airflow/.local/lib/python3.7/site-packages/airflow/example_dags/tutorial_dag.py for tasks to queue
[2023-08-11T08:18:50.202+0000] {logging_mixin.py:150} INFO - [2023-08-11T08:18:50.196+0000] {dagbag.py:541} INFO - Filling up the DagBag from /home/airflow/.local/lib/python3.7/site-packages/airflow/example_dags/tutorial_dag.py
[2023-08-11T08:18:50.226+0000] {processor.py:836} INFO - DAG(s) dict_keys(['tutorial_dag']) retrieved from /home/airflow/.local/lib/python3.7/site-packages/airflow/example_dags/tutorial_dag.py
[2023-08-11T08:18:50.400+0000] {logging_mixin.py:150} INFO - [2023-08-11T08:18:50.400+0000] {dag.py:2742} INFO - Sync 1 DAGs
[2023-08-11T08:18:50.546+0000] {logging_mixin.py:150} INFO - [2023-08-11T08:18:50.543+0000] {dag.py:3508} INFO - Setting next_dagrun for tutorial_dag to None, run_after=None
[2023-08-11T08:18:50.633+0000] {processor.py:179} INFO - Processing /home/airflow/.local/lib/python3.7/site-packages/airflow/example_dags/tutorial_dag.py took 0.453 seconds
[2023-08-11T08:19:21.316+0000] {processor.py:157} INFO - Started process (PID=3589) to work on /home/airflow/.local/lib/python3.7/site-packages/airflow/example_dags/tutorial_dag.py
[2023-08-11T08:19:21.317+0000] {processor.py:826} INFO - Processing file /home/airflow/.local/lib/python3.7/site-packages/airflow/example_dags/tutorial_dag.py for tasks to queue
[2023-08-11T08:19:21.318+0000] {logging_mixin.py:150} INFO - [2023-08-11T08:19:21.318+0000] {dagbag.py:541} INFO - Filling up the DagBag from /home/airflow/.local/lib/python3.7/site-packages/airflow/example_dags/tutorial_dag.py
[2023-08-11T08:19:21.323+0000] {processor.py:836} INFO - DAG(s) dict_keys(['tutorial_dag']) retrieved from /home/airflow/.local/lib/python3.7/site-packages/airflow/example_dags/tutorial_dag.py
[2023-08-11T08:19:21.349+0000] {logging_mixin.py:150} INFO - [2023-08-11T08:19:21.349+0000] {dag.py:2742} INFO - Sync 1 DAGs
[2023-08-11T08:19:21.374+0000] {logging_mixin.py:150} INFO - [2023-08-11T08:19:21.373+0000] {dag.py:3508} INFO - Setting next_dagrun for tutorial_dag to None, run_after=None
[2023-08-11T08:19:21.397+0000] {processor.py:179} INFO - Processing /home/airflow/.local/lib/python3.7/site-packages/airflow/example_dags/tutorial_dag.py took 0.083 seconds
[2023-08-11T08:19:51.428+0000] {processor.py:157} INFO - Started process (PID=3666) to work on /home/airflow/.local/lib/python3.7/site-packages/airflow/example_dags/tutorial_dag.py
[2023-08-11T08:19:51.429+0000] {processor.py:826} INFO - Processing file /home/airflow/.local/lib/python3.7/site-packages/airflow/example_dags/tutorial_dag.py for tasks to queue
[2023-08-11T08:19:51.429+0000] {logging_mixin.py:150} INFO - [2023-08-11T08:19:51.429+0000] {dagbag.py:541} INFO - Filling up the DagBag from /home/airflow/.local/lib/python3.7/site-packages/airflow/example_dags/tutorial_dag.py
[2023-08-11T08:19:51.434+0000] {processor.py:836} INFO - DAG(s) dict_keys(['tutorial_dag']) retrieved from /home/airflow/.local/lib/python3.7/site-packages/airflow/example_dags/tutorial_dag.py
[2023-08-11T08:19:51.463+0000] {logging_mixin.py:150} INFO - [2023-08-11T08:19:51.463+0000] {dag.py:2742} INFO - Sync 1 DAGs
[2023-08-11T08:19:51.494+0000] {logging_mixin.py:150} INFO - [2023-08-11T08:19:51.493+0000] {dag.py:3508} INFO - Setting next_dagrun for tutorial_dag to None, run_after=None
[2023-08-11T08:19:51.521+0000] {processor.py:179} INFO - Processing /home/airflow/.local/lib/python3.7/site-packages/airflow/example_dags/tutorial_dag.py took 0.097 seconds
[2023-08-11T08:20:22.170+0000] {processor.py:157} INFO - Started process (PID=3739) to work on /home/airflow/.local/lib/python3.7/site-packages/airflow/example_dags/tutorial_dag.py
[2023-08-11T08:20:22.171+0000] {processor.py:826} INFO - Processing file /home/airflow/.local/lib/python3.7/site-packages/airflow/example_dags/tutorial_dag.py for tasks to queue
[2023-08-11T08:20:22.172+0000] {logging_mixin.py:150} INFO - [2023-08-11T08:20:22.172+0000] {dagbag.py:541} INFO - Filling up the DagBag from /home/airflow/.local/lib/python3.7/site-packages/airflow/example_dags/tutorial_dag.py
[2023-08-11T08:20:22.179+0000] {processor.py:836} INFO - DAG(s) dict_keys(['tutorial_dag']) retrieved from /home/airflow/.local/lib/python3.7/site-packages/airflow/example_dags/tutorial_dag.py
[2023-08-11T08:20:22.202+0000] {logging_mixin.py:150} INFO - [2023-08-11T08:20:22.202+0000] {dag.py:2742} INFO - Sync 1 DAGs
[2023-08-11T08:20:22.222+0000] {logging_mixin.py:150} INFO - [2023-08-11T08:20:22.222+0000] {dag.py:3508} INFO - Setting next_dagrun for tutorial_dag to None, run_after=None
[2023-08-11T08:20:22.249+0000] {processor.py:179} INFO - Processing /home/airflow/.local/lib/python3.7/site-packages/airflow/example_dags/tutorial_dag.py took 0.082 seconds
[2023-08-11T08:20:52.545+0000] {processor.py:157} INFO - Started process (PID=3843) to work on /home/airflow/.local/lib/python3.7/site-packages/airflow/example_dags/tutorial_dag.py
[2023-08-11T08:20:52.547+0000] {processor.py:826} INFO - Processing file /home/airflow/.local/lib/python3.7/site-packages/airflow/example_dags/tutorial_dag.py for tasks to queue
[2023-08-11T08:20:52.550+0000] {logging_mixin.py:150} INFO - [2023-08-11T08:20:52.549+0000] {dagbag.py:541} INFO - Filling up the DagBag from /home/airflow/.local/lib/python3.7/site-packages/airflow/example_dags/tutorial_dag.py
[2023-08-11T08:20:52.557+0000] {processor.py:836} INFO - DAG(s) dict_keys(['tutorial_dag']) retrieved from /home/airflow/.local/lib/python3.7/site-packages/airflow/example_dags/tutorial_dag.py
[2023-08-11T08:20:52.609+0000] {logging_mixin.py:150} INFO - [2023-08-11T08:20:52.609+0000] {dag.py:2742} INFO - Sync 1 DAGs
[2023-08-11T08:20:52.641+0000] {logging_mixin.py:150} INFO - [2023-08-11T08:20:52.641+0000] {dag.py:3508} INFO - Setting next_dagrun for tutorial_dag to None, run_after=None
[2023-08-11T08:20:52.670+0000] {processor.py:179} INFO - Processing /home/airflow/.local/lib/python3.7/site-packages/airflow/example_dags/tutorial_dag.py took 0.129 seconds
[2023-08-11T08:21:23.566+0000] {processor.py:157} INFO - Started process (PID=3921) to work on /home/airflow/.local/lib/python3.7/site-packages/airflow/example_dags/tutorial_dag.py
[2023-08-11T08:21:23.573+0000] {processor.py:826} INFO - Processing file /home/airflow/.local/lib/python3.7/site-packages/airflow/example_dags/tutorial_dag.py for tasks to queue
[2023-08-11T08:21:23.574+0000] {logging_mixin.py:150} INFO - [2023-08-11T08:21:23.573+0000] {dagbag.py:541} INFO - Filling up the DagBag from /home/airflow/.local/lib/python3.7/site-packages/airflow/example_dags/tutorial_dag.py
[2023-08-11T08:21:23.579+0000] {processor.py:836} INFO - DAG(s) dict_keys(['tutorial_dag']) retrieved from /home/airflow/.local/lib/python3.7/site-packages/airflow/example_dags/tutorial_dag.py
[2023-08-11T08:21:23.607+0000] {logging_mixin.py:150} INFO - [2023-08-11T08:21:23.607+0000] {dag.py:2742} INFO - Sync 1 DAGs
[2023-08-11T08:21:23.634+0000] {logging_mixin.py:150} INFO - [2023-08-11T08:21:23.633+0000] {dag.py:3508} INFO - Setting next_dagrun for tutorial_dag to None, run_after=None
[2023-08-11T08:21:23.659+0000] {processor.py:179} INFO - Processing /home/airflow/.local/lib/python3.7/site-packages/airflow/example_dags/tutorial_dag.py took 0.098 seconds
[2023-08-11T08:21:53.873+0000] {processor.py:157} INFO - Started process (PID=4012) to work on /home/airflow/.local/lib/python3.7/site-packages/airflow/example_dags/tutorial_dag.py
[2023-08-11T08:21:53.874+0000] {processor.py:826} INFO - Processing file /home/airflow/.local/lib/python3.7/site-packages/airflow/example_dags/tutorial_dag.py for tasks to queue
[2023-08-11T08:21:53.874+0000] {logging_mixin.py:150} INFO - [2023-08-11T08:21:53.874+0000] {dagbag.py:541} INFO - Filling up the DagBag from /home/airflow/.local/lib/python3.7/site-packages/airflow/example_dags/tutorial_dag.py
[2023-08-11T08:21:53.879+0000] {processor.py:836} INFO - DAG(s) dict_keys(['tutorial_dag']) retrieved from /home/airflow/.local/lib/python3.7/site-packages/airflow/example_dags/tutorial_dag.py
[2023-08-11T08:21:53.908+0000] {logging_mixin.py:150} INFO - [2023-08-11T08:21:53.908+0000] {dag.py:2742} INFO - Sync 1 DAGs
[2023-08-11T08:21:53.937+0000] {logging_mixin.py:150} INFO - [2023-08-11T08:21:53.937+0000] {dag.py:3508} INFO - Setting next_dagrun for tutorial_dag to None, run_after=None
[2023-08-11T08:21:53.959+0000] {processor.py:179} INFO - Processing /home/airflow/.local/lib/python3.7/site-packages/airflow/example_dags/tutorial_dag.py took 0.089 seconds
[2023-08-11T08:22:24.822+0000] {processor.py:157} INFO - Started process (PID=4090) to work on /home/airflow/.local/lib/python3.7/site-packages/airflow/example_dags/tutorial_dag.py
[2023-08-11T08:22:24.824+0000] {processor.py:826} INFO - Processing file /home/airflow/.local/lib/python3.7/site-packages/airflow/example_dags/tutorial_dag.py for tasks to queue
[2023-08-11T08:22:24.824+0000] {logging_mixin.py:150} INFO - [2023-08-11T08:22:24.824+0000] {dagbag.py:541} INFO - Filling up the DagBag from /home/airflow/.local/lib/python3.7/site-packages/airflow/example_dags/tutorial_dag.py
[2023-08-11T08:22:24.829+0000] {processor.py:836} INFO - DAG(s) dict_keys(['tutorial_dag']) retrieved from /home/airflow/.local/lib/python3.7/site-packages/airflow/example_dags/tutorial_dag.py
[2023-08-11T08:22:24.854+0000] {logging_mixin.py:150} INFO - [2023-08-11T08:22:24.854+0000] {dag.py:2742} INFO - Sync 1 DAGs
[2023-08-11T08:22:24.878+0000] {logging_mixin.py:150} INFO - [2023-08-11T08:22:24.878+0000] {dag.py:3508} INFO - Setting next_dagrun for tutorial_dag to None, run_after=None
[2023-08-11T08:22:24.902+0000] {processor.py:179} INFO - Processing /home/airflow/.local/lib/python3.7/site-packages/airflow/example_dags/tutorial_dag.py took 0.083 seconds
