[2023-08-11T07:52:46.864+0000] {processor.py:157} INFO - Started process (PID=55) to work on /home/airflow/.local/lib/python3.7/site-packages/airflow/example_dags/tutorial_taskflow_api.py
[2023-08-11T07:52:46.869+0000] {processor.py:826} INFO - Processing file /home/airflow/.local/lib/python3.7/site-packages/airflow/example_dags/tutorial_taskflow_api.py for tasks to queue
[2023-08-11T07:52:46.873+0000] {logging_mixin.py:150} INFO - [2023-08-11T07:52:46.872+0000] {dagbag.py:541} INFO - Filling up the DagBag from /home/airflow/.local/lib/python3.7/site-packages/airflow/example_dags/tutorial_taskflow_api.py
[2023-08-11T07:52:46.889+0000] {processor.py:836} INFO - DAG(s) dict_keys(['tutorial_taskflow_api']) retrieved from /home/airflow/.local/lib/python3.7/site-packages/airflow/example_dags/tutorial_taskflow_api.py
[2023-08-11T07:52:46.995+0000] {logging_mixin.py:150} INFO - [2023-08-11T07:52:46.994+0000] {dag.py:2742} INFO - Sync 1 DAGs
[2023-08-11T07:52:47.149+0000] {logging_mixin.py:150} INFO - [2023-08-11T07:52:47.149+0000] {dag.py:3508} INFO - Setting next_dagrun for tutorial_taskflow_api to None, run_after=None
[2023-08-11T07:52:47.232+0000] {processor.py:179} INFO - Processing /home/airflow/.local/lib/python3.7/site-packages/airflow/example_dags/tutorial_taskflow_api.py took 0.379 seconds
[2023-08-11T07:53:17.343+0000] {processor.py:157} INFO - Started process (PID=120) to work on /home/airflow/.local/lib/python3.7/site-packages/airflow/example_dags/tutorial_taskflow_api.py
[2023-08-11T07:53:17.349+0000] {processor.py:826} INFO - Processing file /home/airflow/.local/lib/python3.7/site-packages/airflow/example_dags/tutorial_taskflow_api.py for tasks to queue
[2023-08-11T07:53:17.350+0000] {logging_mixin.py:150} INFO - [2023-08-11T07:53:17.349+0000] {dagbag.py:541} INFO - Filling up the DagBag from /home/airflow/.local/lib/python3.7/site-packages/airflow/example_dags/tutorial_taskflow_api.py
[2023-08-11T07:53:17.357+0000] {processor.py:836} INFO - DAG(s) dict_keys(['tutorial_taskflow_api']) retrieved from /home/airflow/.local/lib/python3.7/site-packages/airflow/example_dags/tutorial_taskflow_api.py
[2023-08-11T07:53:17.391+0000] {logging_mixin.py:150} INFO - [2023-08-11T07:53:17.391+0000] {dag.py:2742} INFO - Sync 1 DAGs
[2023-08-11T07:53:17.420+0000] {logging_mixin.py:150} INFO - [2023-08-11T07:53:17.419+0000] {dag.py:3508} INFO - Setting next_dagrun for tutorial_taskflow_api to None, run_after=None
[2023-08-11T07:53:17.452+0000] {processor.py:179} INFO - Processing /home/airflow/.local/lib/python3.7/site-packages/airflow/example_dags/tutorial_taskflow_api.py took 0.113 seconds
[2023-08-11T07:53:48.254+0000] {processor.py:157} INFO - Started process (PID=185) to work on /home/airflow/.local/lib/python3.7/site-packages/airflow/example_dags/tutorial_taskflow_api.py
[2023-08-11T07:53:48.255+0000] {processor.py:826} INFO - Processing file /home/airflow/.local/lib/python3.7/site-packages/airflow/example_dags/tutorial_taskflow_api.py for tasks to queue
[2023-08-11T07:53:48.256+0000] {logging_mixin.py:150} INFO - [2023-08-11T07:53:48.256+0000] {dagbag.py:541} INFO - Filling up the DagBag from /home/airflow/.local/lib/python3.7/site-packages/airflow/example_dags/tutorial_taskflow_api.py
[2023-08-11T07:53:48.266+0000] {processor.py:836} INFO - DAG(s) dict_keys(['tutorial_taskflow_api']) retrieved from /home/airflow/.local/lib/python3.7/site-packages/airflow/example_dags/tutorial_taskflow_api.py
[2023-08-11T07:53:48.299+0000] {logging_mixin.py:150} INFO - [2023-08-11T07:53:48.298+0000] {dag.py:2742} INFO - Sync 1 DAGs
[2023-08-11T07:53:48.329+0000] {logging_mixin.py:150} INFO - [2023-08-11T07:53:48.329+0000] {dag.py:3508} INFO - Setting next_dagrun for tutorial_taskflow_api to None, run_after=None
[2023-08-11T07:53:48.357+0000] {processor.py:179} INFO - Processing /home/airflow/.local/lib/python3.7/site-packages/airflow/example_dags/tutorial_taskflow_api.py took 0.108 seconds
[2023-08-11T07:54:18.971+0000] {processor.py:157} INFO - Started process (PID=250) to work on /home/airflow/.local/lib/python3.7/site-packages/airflow/example_dags/tutorial_taskflow_api.py
[2023-08-11T07:54:18.973+0000] {processor.py:826} INFO - Processing file /home/airflow/.local/lib/python3.7/site-packages/airflow/example_dags/tutorial_taskflow_api.py for tasks to queue
[2023-08-11T07:54:18.974+0000] {logging_mixin.py:150} INFO - [2023-08-11T07:54:18.974+0000] {dagbag.py:541} INFO - Filling up the DagBag from /home/airflow/.local/lib/python3.7/site-packages/airflow/example_dags/tutorial_taskflow_api.py
[2023-08-11T07:54:18.980+0000] {processor.py:836} INFO - DAG(s) dict_keys(['tutorial_taskflow_api']) retrieved from /home/airflow/.local/lib/python3.7/site-packages/airflow/example_dags/tutorial_taskflow_api.py
[2023-08-11T07:54:19.010+0000] {logging_mixin.py:150} INFO - [2023-08-11T07:54:19.009+0000] {dag.py:2742} INFO - Sync 1 DAGs
[2023-08-11T07:54:19.039+0000] {logging_mixin.py:150} INFO - [2023-08-11T07:54:19.038+0000] {dag.py:3508} INFO - Setting next_dagrun for tutorial_taskflow_api to None, run_after=None
[2023-08-11T07:54:19.061+0000] {processor.py:179} INFO - Processing /home/airflow/.local/lib/python3.7/site-packages/airflow/example_dags/tutorial_taskflow_api.py took 0.094 seconds
[2023-08-11T07:54:49.601+0000] {processor.py:157} INFO - Started process (PID=315) to work on /home/airflow/.local/lib/python3.7/site-packages/airflow/example_dags/tutorial_taskflow_api.py
[2023-08-11T07:54:49.603+0000] {processor.py:826} INFO - Processing file /home/airflow/.local/lib/python3.7/site-packages/airflow/example_dags/tutorial_taskflow_api.py for tasks to queue
[2023-08-11T07:54:49.605+0000] {logging_mixin.py:150} INFO - [2023-08-11T07:54:49.604+0000] {dagbag.py:541} INFO - Filling up the DagBag from /home/airflow/.local/lib/python3.7/site-packages/airflow/example_dags/tutorial_taskflow_api.py
[2023-08-11T07:54:49.617+0000] {processor.py:836} INFO - DAG(s) dict_keys(['tutorial_taskflow_api']) retrieved from /home/airflow/.local/lib/python3.7/site-packages/airflow/example_dags/tutorial_taskflow_api.py
[2023-08-11T07:54:49.697+0000] {logging_mixin.py:150} INFO - [2023-08-11T07:54:49.696+0000] {dag.py:2742} INFO - Sync 1 DAGs
[2023-08-11T07:54:49.784+0000] {logging_mixin.py:150} INFO - [2023-08-11T07:54:49.784+0000] {dag.py:3508} INFO - Setting next_dagrun for tutorial_taskflow_api to None, run_after=None
[2023-08-11T07:54:49.832+0000] {processor.py:179} INFO - Processing /home/airflow/.local/lib/python3.7/site-packages/airflow/example_dags/tutorial_taskflow_api.py took 0.239 seconds
[2023-08-11T07:55:19.946+0000] {processor.py:157} INFO - Started process (PID=381) to work on /home/airflow/.local/lib/python3.7/site-packages/airflow/example_dags/tutorial_taskflow_api.py
[2023-08-11T07:55:19.947+0000] {processor.py:826} INFO - Processing file /home/airflow/.local/lib/python3.7/site-packages/airflow/example_dags/tutorial_taskflow_api.py for tasks to queue
[2023-08-11T07:55:19.948+0000] {logging_mixin.py:150} INFO - [2023-08-11T07:55:19.948+0000] {dagbag.py:541} INFO - Filling up the DagBag from /home/airflow/.local/lib/python3.7/site-packages/airflow/example_dags/tutorial_taskflow_api.py
[2023-08-11T07:55:19.954+0000] {processor.py:836} INFO - DAG(s) dict_keys(['tutorial_taskflow_api']) retrieved from /home/airflow/.local/lib/python3.7/site-packages/airflow/example_dags/tutorial_taskflow_api.py
[2023-08-11T07:55:19.982+0000] {logging_mixin.py:150} INFO - [2023-08-11T07:55:19.982+0000] {dag.py:2742} INFO - Sync 1 DAGs
[2023-08-11T07:55:20.004+0000] {logging_mixin.py:150} INFO - [2023-08-11T07:55:20.004+0000] {dag.py:3508} INFO - Setting next_dagrun for tutorial_taskflow_api to None, run_after=None
[2023-08-11T07:55:20.022+0000] {processor.py:179} INFO - Processing /home/airflow/.local/lib/python3.7/site-packages/airflow/example_dags/tutorial_taskflow_api.py took 0.079 seconds
[2023-08-11T07:55:50.598+0000] {processor.py:157} INFO - Started process (PID=446) to work on /home/airflow/.local/lib/python3.7/site-packages/airflow/example_dags/tutorial_taskflow_api.py
[2023-08-11T07:55:50.598+0000] {processor.py:826} INFO - Processing file /home/airflow/.local/lib/python3.7/site-packages/airflow/example_dags/tutorial_taskflow_api.py for tasks to queue
[2023-08-11T07:55:50.599+0000] {logging_mixin.py:150} INFO - [2023-08-11T07:55:50.599+0000] {dagbag.py:541} INFO - Filling up the DagBag from /home/airflow/.local/lib/python3.7/site-packages/airflow/example_dags/tutorial_taskflow_api.py
[2023-08-11T07:55:50.605+0000] {processor.py:836} INFO - DAG(s) dict_keys(['tutorial_taskflow_api']) retrieved from /home/airflow/.local/lib/python3.7/site-packages/airflow/example_dags/tutorial_taskflow_api.py
[2023-08-11T07:55:50.631+0000] {logging_mixin.py:150} INFO - [2023-08-11T07:55:50.631+0000] {dag.py:2742} INFO - Sync 1 DAGs
[2023-08-11T07:55:50.655+0000] {logging_mixin.py:150} INFO - [2023-08-11T07:55:50.655+0000] {dag.py:3508} INFO - Setting next_dagrun for tutorial_taskflow_api to None, run_after=None
[2023-08-11T07:55:50.681+0000] {processor.py:179} INFO - Processing /home/airflow/.local/lib/python3.7/site-packages/airflow/example_dags/tutorial_taskflow_api.py took 0.086 seconds
[2023-08-11T07:56:21.097+0000] {processor.py:157} INFO - Started process (PID=511) to work on /home/airflow/.local/lib/python3.7/site-packages/airflow/example_dags/tutorial_taskflow_api.py
[2023-08-11T07:56:21.099+0000] {processor.py:826} INFO - Processing file /home/airflow/.local/lib/python3.7/site-packages/airflow/example_dags/tutorial_taskflow_api.py for tasks to queue
[2023-08-11T07:56:21.101+0000] {logging_mixin.py:150} INFO - [2023-08-11T07:56:21.100+0000] {dagbag.py:541} INFO - Filling up the DagBag from /home/airflow/.local/lib/python3.7/site-packages/airflow/example_dags/tutorial_taskflow_api.py
[2023-08-11T07:56:21.112+0000] {processor.py:836} INFO - DAG(s) dict_keys(['tutorial_taskflow_api']) retrieved from /home/airflow/.local/lib/python3.7/site-packages/airflow/example_dags/tutorial_taskflow_api.py
[2023-08-11T07:56:21.146+0000] {logging_mixin.py:150} INFO - [2023-08-11T07:56:21.146+0000] {dag.py:2742} INFO - Sync 1 DAGs
[2023-08-11T07:56:21.183+0000] {logging_mixin.py:150} INFO - [2023-08-11T07:56:21.183+0000] {dag.py:3508} INFO - Setting next_dagrun for tutorial_taskflow_api to None, run_after=None
[2023-08-11T07:56:21.211+0000] {processor.py:179} INFO - Processing /home/airflow/.local/lib/python3.7/site-packages/airflow/example_dags/tutorial_taskflow_api.py took 0.119 seconds
[2023-08-11T07:56:52.914+0000] {processor.py:157} INFO - Started process (PID=576) to work on /home/airflow/.local/lib/python3.7/site-packages/airflow/example_dags/tutorial_taskflow_api.py
[2023-08-11T07:56:52.937+0000] {processor.py:826} INFO - Processing file /home/airflow/.local/lib/python3.7/site-packages/airflow/example_dags/tutorial_taskflow_api.py for tasks to queue
[2023-08-11T07:56:52.947+0000] {logging_mixin.py:150} INFO - [2023-08-11T07:56:52.943+0000] {dagbag.py:541} INFO - Filling up the DagBag from /home/airflow/.local/lib/python3.7/site-packages/airflow/example_dags/tutorial_taskflow_api.py
[2023-08-11T07:56:53.037+0000] {processor.py:836} INFO - DAG(s) dict_keys(['tutorial_taskflow_api']) retrieved from /home/airflow/.local/lib/python3.7/site-packages/airflow/example_dags/tutorial_taskflow_api.py
[2023-08-11T07:56:53.088+0000] {logging_mixin.py:150} INFO - [2023-08-11T07:56:53.088+0000] {dag.py:2742} INFO - Sync 1 DAGs
[2023-08-11T07:56:53.148+0000] {logging_mixin.py:150} INFO - [2023-08-11T07:56:53.147+0000] {dag.py:3508} INFO - Setting next_dagrun for tutorial_taskflow_api to None, run_after=None
[2023-08-11T07:56:53.202+0000] {processor.py:179} INFO - Processing /home/airflow/.local/lib/python3.7/site-packages/airflow/example_dags/tutorial_taskflow_api.py took 0.462 seconds
[2023-08-11T07:57:23.506+0000] {processor.py:157} INFO - Started process (PID=641) to work on /home/airflow/.local/lib/python3.7/site-packages/airflow/example_dags/tutorial_taskflow_api.py
[2023-08-11T07:57:23.507+0000] {processor.py:826} INFO - Processing file /home/airflow/.local/lib/python3.7/site-packages/airflow/example_dags/tutorial_taskflow_api.py for tasks to queue
[2023-08-11T07:57:23.508+0000] {logging_mixin.py:150} INFO - [2023-08-11T07:57:23.508+0000] {dagbag.py:541} INFO - Filling up the DagBag from /home/airflow/.local/lib/python3.7/site-packages/airflow/example_dags/tutorial_taskflow_api.py
[2023-08-11T07:57:23.518+0000] {processor.py:836} INFO - DAG(s) dict_keys(['tutorial_taskflow_api']) retrieved from /home/airflow/.local/lib/python3.7/site-packages/airflow/example_dags/tutorial_taskflow_api.py
[2023-08-11T07:57:23.553+0000] {logging_mixin.py:150} INFO - [2023-08-11T07:57:23.553+0000] {dag.py:2742} INFO - Sync 1 DAGs
[2023-08-11T07:57:23.589+0000] {logging_mixin.py:150} INFO - [2023-08-11T07:57:23.589+0000] {dag.py:3508} INFO - Setting next_dagrun for tutorial_taskflow_api to None, run_after=None
[2023-08-11T07:57:23.622+0000] {processor.py:179} INFO - Processing /home/airflow/.local/lib/python3.7/site-packages/airflow/example_dags/tutorial_taskflow_api.py took 0.119 seconds
[2023-08-11T07:57:54.528+0000] {processor.py:157} INFO - Started process (PID=707) to work on /home/airflow/.local/lib/python3.7/site-packages/airflow/example_dags/tutorial_taskflow_api.py
[2023-08-11T07:57:54.533+0000] {processor.py:826} INFO - Processing file /home/airflow/.local/lib/python3.7/site-packages/airflow/example_dags/tutorial_taskflow_api.py for tasks to queue
[2023-08-11T07:57:54.534+0000] {logging_mixin.py:150} INFO - [2023-08-11T07:57:54.534+0000] {dagbag.py:541} INFO - Filling up the DagBag from /home/airflow/.local/lib/python3.7/site-packages/airflow/example_dags/tutorial_taskflow_api.py
[2023-08-11T07:57:54.541+0000] {processor.py:836} INFO - DAG(s) dict_keys(['tutorial_taskflow_api']) retrieved from /home/airflow/.local/lib/python3.7/site-packages/airflow/example_dags/tutorial_taskflow_api.py
[2023-08-11T07:57:54.582+0000] {logging_mixin.py:150} INFO - [2023-08-11T07:57:54.581+0000] {dag.py:2742} INFO - Sync 1 DAGs
[2023-08-11T07:57:54.620+0000] {logging_mixin.py:150} INFO - [2023-08-11T07:57:54.620+0000] {dag.py:3508} INFO - Setting next_dagrun for tutorial_taskflow_api to None, run_after=None
[2023-08-11T07:57:54.667+0000] {processor.py:179} INFO - Processing /home/airflow/.local/lib/python3.7/site-packages/airflow/example_dags/tutorial_taskflow_api.py took 0.143 seconds
[2023-08-11T07:58:24.900+0000] {processor.py:157} INFO - Started process (PID=773) to work on /home/airflow/.local/lib/python3.7/site-packages/airflow/example_dags/tutorial_taskflow_api.py
[2023-08-11T07:58:24.901+0000] {processor.py:826} INFO - Processing file /home/airflow/.local/lib/python3.7/site-packages/airflow/example_dags/tutorial_taskflow_api.py for tasks to queue
[2023-08-11T07:58:24.902+0000] {logging_mixin.py:150} INFO - [2023-08-11T07:58:24.901+0000] {dagbag.py:541} INFO - Filling up the DagBag from /home/airflow/.local/lib/python3.7/site-packages/airflow/example_dags/tutorial_taskflow_api.py
[2023-08-11T07:58:24.907+0000] {processor.py:836} INFO - DAG(s) dict_keys(['tutorial_taskflow_api']) retrieved from /home/airflow/.local/lib/python3.7/site-packages/airflow/example_dags/tutorial_taskflow_api.py
[2023-08-11T07:58:24.941+0000] {logging_mixin.py:150} INFO - [2023-08-11T07:58:24.940+0000] {dag.py:2742} INFO - Sync 1 DAGs
[2023-08-11T07:58:24.971+0000] {logging_mixin.py:150} INFO - [2023-08-11T07:58:24.971+0000] {dag.py:3508} INFO - Setting next_dagrun for tutorial_taskflow_api to None, run_after=None
[2023-08-11T07:58:24.992+0000] {processor.py:179} INFO - Processing /home/airflow/.local/lib/python3.7/site-packages/airflow/example_dags/tutorial_taskflow_api.py took 0.096 seconds
[2023-08-11T07:58:55.201+0000] {processor.py:157} INFO - Started process (PID=839) to work on /home/airflow/.local/lib/python3.7/site-packages/airflow/example_dags/tutorial_taskflow_api.py
[2023-08-11T07:58:55.202+0000] {processor.py:826} INFO - Processing file /home/airflow/.local/lib/python3.7/site-packages/airflow/example_dags/tutorial_taskflow_api.py for tasks to queue
[2023-08-11T07:58:55.203+0000] {logging_mixin.py:150} INFO - [2023-08-11T07:58:55.203+0000] {dagbag.py:541} INFO - Filling up the DagBag from /home/airflow/.local/lib/python3.7/site-packages/airflow/example_dags/tutorial_taskflow_api.py
[2023-08-11T07:58:55.208+0000] {processor.py:836} INFO - DAG(s) dict_keys(['tutorial_taskflow_api']) retrieved from /home/airflow/.local/lib/python3.7/site-packages/airflow/example_dags/tutorial_taskflow_api.py
[2023-08-11T07:58:55.232+0000] {logging_mixin.py:150} INFO - [2023-08-11T07:58:55.231+0000] {dag.py:2742} INFO - Sync 1 DAGs
[2023-08-11T07:58:55.260+0000] {logging_mixin.py:150} INFO - [2023-08-11T07:58:55.260+0000] {dag.py:3508} INFO - Setting next_dagrun for tutorial_taskflow_api to None, run_after=None
[2023-08-11T07:58:55.280+0000] {processor.py:179} INFO - Processing /home/airflow/.local/lib/python3.7/site-packages/airflow/example_dags/tutorial_taskflow_api.py took 0.082 seconds
[2023-08-11T07:59:26.009+0000] {processor.py:157} INFO - Started process (PID=905) to work on /home/airflow/.local/lib/python3.7/site-packages/airflow/example_dags/tutorial_taskflow_api.py
[2023-08-11T07:59:26.011+0000] {processor.py:826} INFO - Processing file /home/airflow/.local/lib/python3.7/site-packages/airflow/example_dags/tutorial_taskflow_api.py for tasks to queue
[2023-08-11T07:59:26.012+0000] {logging_mixin.py:150} INFO - [2023-08-11T07:59:26.012+0000] {dagbag.py:541} INFO - Filling up the DagBag from /home/airflow/.local/lib/python3.7/site-packages/airflow/example_dags/tutorial_taskflow_api.py
[2023-08-11T07:59:26.024+0000] {processor.py:836} INFO - DAG(s) dict_keys(['tutorial_taskflow_api']) retrieved from /home/airflow/.local/lib/python3.7/site-packages/airflow/example_dags/tutorial_taskflow_api.py
[2023-08-11T07:59:26.097+0000] {logging_mixin.py:150} INFO - [2023-08-11T07:59:26.097+0000] {dag.py:2742} INFO - Sync 1 DAGs
[2023-08-11T07:59:26.146+0000] {logging_mixin.py:150} INFO - [2023-08-11T07:59:26.146+0000] {dag.py:3508} INFO - Setting next_dagrun for tutorial_taskflow_api to None, run_after=None
[2023-08-11T07:59:26.191+0000] {processor.py:179} INFO - Processing /home/airflow/.local/lib/python3.7/site-packages/airflow/example_dags/tutorial_taskflow_api.py took 0.186 seconds
[2023-08-11T07:59:57.064+0000] {processor.py:157} INFO - Started process (PID=974) to work on /home/airflow/.local/lib/python3.7/site-packages/airflow/example_dags/tutorial_taskflow_api.py
[2023-08-11T07:59:57.065+0000] {processor.py:826} INFO - Processing file /home/airflow/.local/lib/python3.7/site-packages/airflow/example_dags/tutorial_taskflow_api.py for tasks to queue
[2023-08-11T07:59:57.066+0000] {logging_mixin.py:150} INFO - [2023-08-11T07:59:57.066+0000] {dagbag.py:541} INFO - Filling up the DagBag from /home/airflow/.local/lib/python3.7/site-packages/airflow/example_dags/tutorial_taskflow_api.py
[2023-08-11T07:59:57.075+0000] {processor.py:836} INFO - DAG(s) dict_keys(['tutorial_taskflow_api']) retrieved from /home/airflow/.local/lib/python3.7/site-packages/airflow/example_dags/tutorial_taskflow_api.py
[2023-08-11T07:59:57.107+0000] {logging_mixin.py:150} INFO - [2023-08-11T07:59:57.107+0000] {dag.py:2742} INFO - Sync 1 DAGs
[2023-08-11T07:59:57.132+0000] {logging_mixin.py:150} INFO - [2023-08-11T07:59:57.131+0000] {dag.py:3508} INFO - Setting next_dagrun for tutorial_taskflow_api to None, run_after=None
[2023-08-11T07:59:57.150+0000] {processor.py:179} INFO - Processing /home/airflow/.local/lib/python3.7/site-packages/airflow/example_dags/tutorial_taskflow_api.py took 0.089 seconds
[2023-08-11T08:00:27.696+0000] {processor.py:157} INFO - Started process (PID=1045) to work on /home/airflow/.local/lib/python3.7/site-packages/airflow/example_dags/tutorial_taskflow_api.py
[2023-08-11T08:00:27.697+0000] {processor.py:826} INFO - Processing file /home/airflow/.local/lib/python3.7/site-packages/airflow/example_dags/tutorial_taskflow_api.py for tasks to queue
[2023-08-11T08:00:27.698+0000] {logging_mixin.py:150} INFO - [2023-08-11T08:00:27.698+0000] {dagbag.py:541} INFO - Filling up the DagBag from /home/airflow/.local/lib/python3.7/site-packages/airflow/example_dags/tutorial_taskflow_api.py
[2023-08-11T08:00:27.707+0000] {processor.py:836} INFO - DAG(s) dict_keys(['tutorial_taskflow_api']) retrieved from /home/airflow/.local/lib/python3.7/site-packages/airflow/example_dags/tutorial_taskflow_api.py
[2023-08-11T08:00:27.747+0000] {logging_mixin.py:150} INFO - [2023-08-11T08:00:27.747+0000] {dag.py:2742} INFO - Sync 1 DAGs
[2023-08-11T08:00:27.794+0000] {logging_mixin.py:150} INFO - [2023-08-11T08:00:27.794+0000] {dag.py:3508} INFO - Setting next_dagrun for tutorial_taskflow_api to None, run_after=None
[2023-08-11T08:00:27.829+0000] {processor.py:179} INFO - Processing /home/airflow/.local/lib/python3.7/site-packages/airflow/example_dags/tutorial_taskflow_api.py took 0.136 seconds
[2023-08-11T08:00:58.461+0000] {processor.py:157} INFO - Started process (PID=1111) to work on /home/airflow/.local/lib/python3.7/site-packages/airflow/example_dags/tutorial_taskflow_api.py
[2023-08-11T08:00:58.462+0000] {processor.py:826} INFO - Processing file /home/airflow/.local/lib/python3.7/site-packages/airflow/example_dags/tutorial_taskflow_api.py for tasks to queue
[2023-08-11T08:00:58.463+0000] {logging_mixin.py:150} INFO - [2023-08-11T08:00:58.462+0000] {dagbag.py:541} INFO - Filling up the DagBag from /home/airflow/.local/lib/python3.7/site-packages/airflow/example_dags/tutorial_taskflow_api.py
[2023-08-11T08:00:58.469+0000] {processor.py:836} INFO - DAG(s) dict_keys(['tutorial_taskflow_api']) retrieved from /home/airflow/.local/lib/python3.7/site-packages/airflow/example_dags/tutorial_taskflow_api.py
[2023-08-11T08:00:58.498+0000] {logging_mixin.py:150} INFO - [2023-08-11T08:00:58.498+0000] {dag.py:2742} INFO - Sync 1 DAGs
[2023-08-11T08:00:58.528+0000] {logging_mixin.py:150} INFO - [2023-08-11T08:00:58.528+0000] {dag.py:3508} INFO - Setting next_dagrun for tutorial_taskflow_api to None, run_after=None
[2023-08-11T08:00:58.562+0000] {processor.py:179} INFO - Processing /home/airflow/.local/lib/python3.7/site-packages/airflow/example_dags/tutorial_taskflow_api.py took 0.105 seconds
[2023-08-11T08:01:28.828+0000] {processor.py:157} INFO - Started process (PID=1179) to work on /home/airflow/.local/lib/python3.7/site-packages/airflow/example_dags/tutorial_taskflow_api.py
[2023-08-11T08:01:28.829+0000] {processor.py:826} INFO - Processing file /home/airflow/.local/lib/python3.7/site-packages/airflow/example_dags/tutorial_taskflow_api.py for tasks to queue
[2023-08-11T08:01:28.830+0000] {logging_mixin.py:150} INFO - [2023-08-11T08:01:28.830+0000] {dagbag.py:541} INFO - Filling up the DagBag from /home/airflow/.local/lib/python3.7/site-packages/airflow/example_dags/tutorial_taskflow_api.py
[2023-08-11T08:01:28.838+0000] {processor.py:836} INFO - DAG(s) dict_keys(['tutorial_taskflow_api']) retrieved from /home/airflow/.local/lib/python3.7/site-packages/airflow/example_dags/tutorial_taskflow_api.py
[2023-08-11T08:01:28.869+0000] {logging_mixin.py:150} INFO - [2023-08-11T08:01:28.869+0000] {dag.py:2742} INFO - Sync 1 DAGs
[2023-08-11T08:01:28.899+0000] {logging_mixin.py:150} INFO - [2023-08-11T08:01:28.899+0000] {dag.py:3508} INFO - Setting next_dagrun for tutorial_taskflow_api to None, run_after=None
[2023-08-11T08:01:28.926+0000] {processor.py:179} INFO - Processing /home/airflow/.local/lib/python3.7/site-packages/airflow/example_dags/tutorial_taskflow_api.py took 0.103 seconds
[2023-08-11T08:01:59.105+0000] {processor.py:157} INFO - Started process (PID=1245) to work on /home/airflow/.local/lib/python3.7/site-packages/airflow/example_dags/tutorial_taskflow_api.py
[2023-08-11T08:01:59.106+0000] {processor.py:826} INFO - Processing file /home/airflow/.local/lib/python3.7/site-packages/airflow/example_dags/tutorial_taskflow_api.py for tasks to queue
[2023-08-11T08:01:59.106+0000] {logging_mixin.py:150} INFO - [2023-08-11T08:01:59.106+0000] {dagbag.py:541} INFO - Filling up the DagBag from /home/airflow/.local/lib/python3.7/site-packages/airflow/example_dags/tutorial_taskflow_api.py
[2023-08-11T08:01:59.115+0000] {processor.py:836} INFO - DAG(s) dict_keys(['tutorial_taskflow_api']) retrieved from /home/airflow/.local/lib/python3.7/site-packages/airflow/example_dags/tutorial_taskflow_api.py
[2023-08-11T08:01:59.144+0000] {logging_mixin.py:150} INFO - [2023-08-11T08:01:59.144+0000] {dag.py:2742} INFO - Sync 1 DAGs
[2023-08-11T08:01:59.171+0000] {logging_mixin.py:150} INFO - [2023-08-11T08:01:59.171+0000] {dag.py:3508} INFO - Setting next_dagrun for tutorial_taskflow_api to None, run_after=None
[2023-08-11T08:01:59.197+0000] {processor.py:179} INFO - Processing /home/airflow/.local/lib/python3.7/site-packages/airflow/example_dags/tutorial_taskflow_api.py took 0.095 seconds
[2023-08-11T08:02:29.354+0000] {processor.py:157} INFO - Started process (PID=1314) to work on /home/airflow/.local/lib/python3.7/site-packages/airflow/example_dags/tutorial_taskflow_api.py
[2023-08-11T08:02:29.356+0000] {processor.py:826} INFO - Processing file /home/airflow/.local/lib/python3.7/site-packages/airflow/example_dags/tutorial_taskflow_api.py for tasks to queue
[2023-08-11T08:02:29.356+0000] {logging_mixin.py:150} INFO - [2023-08-11T08:02:29.356+0000] {dagbag.py:541} INFO - Filling up the DagBag from /home/airflow/.local/lib/python3.7/site-packages/airflow/example_dags/tutorial_taskflow_api.py
[2023-08-11T08:02:29.365+0000] {processor.py:836} INFO - DAG(s) dict_keys(['tutorial_taskflow_api']) retrieved from /home/airflow/.local/lib/python3.7/site-packages/airflow/example_dags/tutorial_taskflow_api.py
[2023-08-11T08:02:29.389+0000] {logging_mixin.py:150} INFO - [2023-08-11T08:02:29.388+0000] {dag.py:2742} INFO - Sync 1 DAGs
[2023-08-11T08:02:29.417+0000] {logging_mixin.py:150} INFO - [2023-08-11T08:02:29.416+0000] {dag.py:3508} INFO - Setting next_dagrun for tutorial_taskflow_api to None, run_after=None
[2023-08-11T08:02:29.439+0000] {processor.py:179} INFO - Processing /home/airflow/.local/lib/python3.7/site-packages/airflow/example_dags/tutorial_taskflow_api.py took 0.088 seconds
[2023-08-11T08:03:00.029+0000] {processor.py:157} INFO - Started process (PID=1380) to work on /home/airflow/.local/lib/python3.7/site-packages/airflow/example_dags/tutorial_taskflow_api.py
[2023-08-11T08:03:00.031+0000] {processor.py:826} INFO - Processing file /home/airflow/.local/lib/python3.7/site-packages/airflow/example_dags/tutorial_taskflow_api.py for tasks to queue
[2023-08-11T08:03:00.031+0000] {logging_mixin.py:150} INFO - [2023-08-11T08:03:00.031+0000] {dagbag.py:541} INFO - Filling up the DagBag from /home/airflow/.local/lib/python3.7/site-packages/airflow/example_dags/tutorial_taskflow_api.py
[2023-08-11T08:03:00.038+0000] {processor.py:836} INFO - DAG(s) dict_keys(['tutorial_taskflow_api']) retrieved from /home/airflow/.local/lib/python3.7/site-packages/airflow/example_dags/tutorial_taskflow_api.py
[2023-08-11T08:03:00.069+0000] {logging_mixin.py:150} INFO - [2023-08-11T08:03:00.069+0000] {dag.py:2742} INFO - Sync 1 DAGs
[2023-08-11T08:03:00.098+0000] {logging_mixin.py:150} INFO - [2023-08-11T08:03:00.098+0000] {dag.py:3508} INFO - Setting next_dagrun for tutorial_taskflow_api to None, run_after=None
[2023-08-11T08:03:00.122+0000] {processor.py:179} INFO - Processing /home/airflow/.local/lib/python3.7/site-packages/airflow/example_dags/tutorial_taskflow_api.py took 0.099 seconds
[2023-08-11T08:03:30.422+0000] {processor.py:157} INFO - Started process (PID=1447) to work on /home/airflow/.local/lib/python3.7/site-packages/airflow/example_dags/tutorial_taskflow_api.py
[2023-08-11T08:03:30.423+0000] {processor.py:826} INFO - Processing file /home/airflow/.local/lib/python3.7/site-packages/airflow/example_dags/tutorial_taskflow_api.py for tasks to queue
[2023-08-11T08:03:30.424+0000] {logging_mixin.py:150} INFO - [2023-08-11T08:03:30.424+0000] {dagbag.py:541} INFO - Filling up the DagBag from /home/airflow/.local/lib/python3.7/site-packages/airflow/example_dags/tutorial_taskflow_api.py
[2023-08-11T08:03:30.429+0000] {processor.py:836} INFO - DAG(s) dict_keys(['tutorial_taskflow_api']) retrieved from /home/airflow/.local/lib/python3.7/site-packages/airflow/example_dags/tutorial_taskflow_api.py
[2023-08-11T08:03:30.453+0000] {logging_mixin.py:150} INFO - [2023-08-11T08:03:30.453+0000] {dag.py:2742} INFO - Sync 1 DAGs
[2023-08-11T08:03:30.477+0000] {logging_mixin.py:150} INFO - [2023-08-11T08:03:30.477+0000] {dag.py:3508} INFO - Setting next_dagrun for tutorial_taskflow_api to None, run_after=None
[2023-08-11T08:03:30.495+0000] {processor.py:179} INFO - Processing /home/airflow/.local/lib/python3.7/site-packages/airflow/example_dags/tutorial_taskflow_api.py took 0.075 seconds
[2023-08-11T08:04:01.138+0000] {processor.py:157} INFO - Started process (PID=1513) to work on /home/airflow/.local/lib/python3.7/site-packages/airflow/example_dags/tutorial_taskflow_api.py
[2023-08-11T08:04:01.139+0000] {processor.py:826} INFO - Processing file /home/airflow/.local/lib/python3.7/site-packages/airflow/example_dags/tutorial_taskflow_api.py for tasks to queue
[2023-08-11T08:04:01.139+0000] {logging_mixin.py:150} INFO - [2023-08-11T08:04:01.139+0000] {dagbag.py:541} INFO - Filling up the DagBag from /home/airflow/.local/lib/python3.7/site-packages/airflow/example_dags/tutorial_taskflow_api.py
[2023-08-11T08:04:01.145+0000] {processor.py:836} INFO - DAG(s) dict_keys(['tutorial_taskflow_api']) retrieved from /home/airflow/.local/lib/python3.7/site-packages/airflow/example_dags/tutorial_taskflow_api.py
[2023-08-11T08:04:01.171+0000] {logging_mixin.py:150} INFO - [2023-08-11T08:04:01.171+0000] {dag.py:2742} INFO - Sync 1 DAGs
[2023-08-11T08:04:01.195+0000] {logging_mixin.py:150} INFO - [2023-08-11T08:04:01.194+0000] {dag.py:3508} INFO - Setting next_dagrun for tutorial_taskflow_api to None, run_after=None
[2023-08-11T08:04:01.215+0000] {processor.py:179} INFO - Processing /home/airflow/.local/lib/python3.7/site-packages/airflow/example_dags/tutorial_taskflow_api.py took 0.080 seconds
[2023-08-11T08:04:32.185+0000] {processor.py:157} INFO - Started process (PID=1594) to work on /home/airflow/.local/lib/python3.7/site-packages/airflow/example_dags/tutorial_taskflow_api.py
[2023-08-11T08:04:32.186+0000] {processor.py:826} INFO - Processing file /home/airflow/.local/lib/python3.7/site-packages/airflow/example_dags/tutorial_taskflow_api.py for tasks to queue
[2023-08-11T08:04:32.186+0000] {logging_mixin.py:150} INFO - [2023-08-11T08:04:32.186+0000] {dagbag.py:541} INFO - Filling up the DagBag from /home/airflow/.local/lib/python3.7/site-packages/airflow/example_dags/tutorial_taskflow_api.py
[2023-08-11T08:04:32.192+0000] {processor.py:836} INFO - DAG(s) dict_keys(['tutorial_taskflow_api']) retrieved from /home/airflow/.local/lib/python3.7/site-packages/airflow/example_dags/tutorial_taskflow_api.py
[2023-08-11T08:04:32.213+0000] {logging_mixin.py:150} INFO - [2023-08-11T08:04:32.213+0000] {dag.py:2742} INFO - Sync 1 DAGs
[2023-08-11T08:04:32.234+0000] {logging_mixin.py:150} INFO - [2023-08-11T08:04:32.234+0000] {dag.py:3508} INFO - Setting next_dagrun for tutorial_taskflow_api to None, run_after=None
[2023-08-11T08:04:32.253+0000] {processor.py:179} INFO - Processing /home/airflow/.local/lib/python3.7/site-packages/airflow/example_dags/tutorial_taskflow_api.py took 0.072 seconds
[2023-08-11T08:05:02.947+0000] {processor.py:157} INFO - Started process (PID=1660) to work on /home/airflow/.local/lib/python3.7/site-packages/airflow/example_dags/tutorial_taskflow_api.py
[2023-08-11T08:05:02.948+0000] {processor.py:826} INFO - Processing file /home/airflow/.local/lib/python3.7/site-packages/airflow/example_dags/tutorial_taskflow_api.py for tasks to queue
[2023-08-11T08:05:02.949+0000] {logging_mixin.py:150} INFO - [2023-08-11T08:05:02.948+0000] {dagbag.py:541} INFO - Filling up the DagBag from /home/airflow/.local/lib/python3.7/site-packages/airflow/example_dags/tutorial_taskflow_api.py
[2023-08-11T08:05:02.955+0000] {processor.py:836} INFO - DAG(s) dict_keys(['tutorial_taskflow_api']) retrieved from /home/airflow/.local/lib/python3.7/site-packages/airflow/example_dags/tutorial_taskflow_api.py
[2023-08-11T08:05:02.980+0000] {logging_mixin.py:150} INFO - [2023-08-11T08:05:02.979+0000] {dag.py:2742} INFO - Sync 1 DAGs
[2023-08-11T08:05:03.004+0000] {logging_mixin.py:150} INFO - [2023-08-11T08:05:03.004+0000] {dag.py:3508} INFO - Setting next_dagrun for tutorial_taskflow_api to None, run_after=None
[2023-08-11T08:05:03.024+0000] {processor.py:179} INFO - Processing /home/airflow/.local/lib/python3.7/site-packages/airflow/example_dags/tutorial_taskflow_api.py took 0.080 seconds
[2023-08-11T08:05:33.879+0000] {processor.py:157} INFO - Started process (PID=1727) to work on /home/airflow/.local/lib/python3.7/site-packages/airflow/example_dags/tutorial_taskflow_api.py
[2023-08-11T08:05:33.880+0000] {processor.py:826} INFO - Processing file /home/airflow/.local/lib/python3.7/site-packages/airflow/example_dags/tutorial_taskflow_api.py for tasks to queue
[2023-08-11T08:05:33.882+0000] {logging_mixin.py:150} INFO - [2023-08-11T08:05:33.882+0000] {dagbag.py:541} INFO - Filling up the DagBag from /home/airflow/.local/lib/python3.7/site-packages/airflow/example_dags/tutorial_taskflow_api.py
[2023-08-11T08:05:33.895+0000] {processor.py:836} INFO - DAG(s) dict_keys(['tutorial_taskflow_api']) retrieved from /home/airflow/.local/lib/python3.7/site-packages/airflow/example_dags/tutorial_taskflow_api.py
[2023-08-11T08:05:33.934+0000] {logging_mixin.py:150} INFO - [2023-08-11T08:05:33.933+0000] {dag.py:2742} INFO - Sync 1 DAGs
[2023-08-11T08:05:33.972+0000] {logging_mixin.py:150} INFO - [2023-08-11T08:05:33.972+0000] {dag.py:3508} INFO - Setting next_dagrun for tutorial_taskflow_api to None, run_after=None
[2023-08-11T08:05:34.005+0000] {processor.py:179} INFO - Processing /home/airflow/.local/lib/python3.7/site-packages/airflow/example_dags/tutorial_taskflow_api.py took 0.134 seconds
[2023-08-11T08:06:05.058+0000] {processor.py:157} INFO - Started process (PID=1794) to work on /home/airflow/.local/lib/python3.7/site-packages/airflow/example_dags/tutorial_taskflow_api.py
[2023-08-11T08:06:05.060+0000] {processor.py:826} INFO - Processing file /home/airflow/.local/lib/python3.7/site-packages/airflow/example_dags/tutorial_taskflow_api.py for tasks to queue
[2023-08-11T08:06:05.061+0000] {logging_mixin.py:150} INFO - [2023-08-11T08:06:05.061+0000] {dagbag.py:541} INFO - Filling up the DagBag from /home/airflow/.local/lib/python3.7/site-packages/airflow/example_dags/tutorial_taskflow_api.py
[2023-08-11T08:06:05.070+0000] {processor.py:836} INFO - DAG(s) dict_keys(['tutorial_taskflow_api']) retrieved from /home/airflow/.local/lib/python3.7/site-packages/airflow/example_dags/tutorial_taskflow_api.py
[2023-08-11T08:06:05.117+0000] {logging_mixin.py:150} INFO - [2023-08-11T08:06:05.116+0000] {dag.py:2742} INFO - Sync 1 DAGs
[2023-08-11T08:06:05.188+0000] {logging_mixin.py:150} INFO - [2023-08-11T08:06:05.188+0000] {dag.py:3508} INFO - Setting next_dagrun for tutorial_taskflow_api to None, run_after=None
[2023-08-11T08:06:05.258+0000] {processor.py:179} INFO - Processing /home/airflow/.local/lib/python3.7/site-packages/airflow/example_dags/tutorial_taskflow_api.py took 0.206 seconds
[2023-08-11T08:06:35.966+0000] {processor.py:157} INFO - Started process (PID=1864) to work on /home/airflow/.local/lib/python3.7/site-packages/airflow/example_dags/tutorial_taskflow_api.py
[2023-08-11T08:06:35.968+0000] {processor.py:826} INFO - Processing file /home/airflow/.local/lib/python3.7/site-packages/airflow/example_dags/tutorial_taskflow_api.py for tasks to queue
[2023-08-11T08:06:35.969+0000] {logging_mixin.py:150} INFO - [2023-08-11T08:06:35.969+0000] {dagbag.py:541} INFO - Filling up the DagBag from /home/airflow/.local/lib/python3.7/site-packages/airflow/example_dags/tutorial_taskflow_api.py
[2023-08-11T08:06:35.981+0000] {processor.py:836} INFO - DAG(s) dict_keys(['tutorial_taskflow_api']) retrieved from /home/airflow/.local/lib/python3.7/site-packages/airflow/example_dags/tutorial_taskflow_api.py
[2023-08-11T08:06:36.034+0000] {logging_mixin.py:150} INFO - [2023-08-11T08:06:36.034+0000] {dag.py:2742} INFO - Sync 1 DAGs
[2023-08-11T08:06:36.095+0000] {logging_mixin.py:150} INFO - [2023-08-11T08:06:36.094+0000] {dag.py:3508} INFO - Setting next_dagrun for tutorial_taskflow_api to None, run_after=None
[2023-08-11T08:06:36.141+0000] {processor.py:179} INFO - Processing /home/airflow/.local/lib/python3.7/site-packages/airflow/example_dags/tutorial_taskflow_api.py took 0.179 seconds
[2023-08-11T08:07:06.529+0000] {processor.py:157} INFO - Started process (PID=1932) to work on /home/airflow/.local/lib/python3.7/site-packages/airflow/example_dags/tutorial_taskflow_api.py
[2023-08-11T08:07:06.530+0000] {processor.py:826} INFO - Processing file /home/airflow/.local/lib/python3.7/site-packages/airflow/example_dags/tutorial_taskflow_api.py for tasks to queue
[2023-08-11T08:07:06.531+0000] {logging_mixin.py:150} INFO - [2023-08-11T08:07:06.531+0000] {dagbag.py:541} INFO - Filling up the DagBag from /home/airflow/.local/lib/python3.7/site-packages/airflow/example_dags/tutorial_taskflow_api.py
[2023-08-11T08:07:06.537+0000] {processor.py:836} INFO - DAG(s) dict_keys(['tutorial_taskflow_api']) retrieved from /home/airflow/.local/lib/python3.7/site-packages/airflow/example_dags/tutorial_taskflow_api.py
[2023-08-11T08:07:06.566+0000] {logging_mixin.py:150} INFO - [2023-08-11T08:07:06.566+0000] {dag.py:2742} INFO - Sync 1 DAGs
[2023-08-11T08:07:06.596+0000] {logging_mixin.py:150} INFO - [2023-08-11T08:07:06.595+0000] {dag.py:3508} INFO - Setting next_dagrun for tutorial_taskflow_api to None, run_after=None
[2023-08-11T08:07:06.628+0000] {processor.py:179} INFO - Processing /home/airflow/.local/lib/python3.7/site-packages/airflow/example_dags/tutorial_taskflow_api.py took 0.102 seconds
[2023-08-11T08:07:36.816+0000] {processor.py:157} INFO - Started process (PID=2001) to work on /home/airflow/.local/lib/python3.7/site-packages/airflow/example_dags/tutorial_taskflow_api.py
[2023-08-11T08:07:36.817+0000] {processor.py:826} INFO - Processing file /home/airflow/.local/lib/python3.7/site-packages/airflow/example_dags/tutorial_taskflow_api.py for tasks to queue
[2023-08-11T08:07:36.818+0000] {logging_mixin.py:150} INFO - [2023-08-11T08:07:36.818+0000] {dagbag.py:541} INFO - Filling up the DagBag from /home/airflow/.local/lib/python3.7/site-packages/airflow/example_dags/tutorial_taskflow_api.py
[2023-08-11T08:07:36.825+0000] {processor.py:836} INFO - DAG(s) dict_keys(['tutorial_taskflow_api']) retrieved from /home/airflow/.local/lib/python3.7/site-packages/airflow/example_dags/tutorial_taskflow_api.py
[2023-08-11T08:07:36.848+0000] {logging_mixin.py:150} INFO - [2023-08-11T08:07:36.848+0000] {dag.py:2742} INFO - Sync 1 DAGs
[2023-08-11T08:07:36.870+0000] {logging_mixin.py:150} INFO - [2023-08-11T08:07:36.870+0000] {dag.py:3508} INFO - Setting next_dagrun for tutorial_taskflow_api to None, run_after=None
[2023-08-11T08:07:36.888+0000] {processor.py:179} INFO - Processing /home/airflow/.local/lib/python3.7/site-packages/airflow/example_dags/tutorial_taskflow_api.py took 0.075 seconds
[2023-08-11T08:08:07.091+0000] {processor.py:157} INFO - Started process (PID=2067) to work on /home/airflow/.local/lib/python3.7/site-packages/airflow/example_dags/tutorial_taskflow_api.py
[2023-08-11T08:08:07.094+0000] {processor.py:826} INFO - Processing file /home/airflow/.local/lib/python3.7/site-packages/airflow/example_dags/tutorial_taskflow_api.py for tasks to queue
[2023-08-11T08:08:07.095+0000] {logging_mixin.py:150} INFO - [2023-08-11T08:08:07.094+0000] {dagbag.py:541} INFO - Filling up the DagBag from /home/airflow/.local/lib/python3.7/site-packages/airflow/example_dags/tutorial_taskflow_api.py
[2023-08-11T08:08:07.100+0000] {processor.py:836} INFO - DAG(s) dict_keys(['tutorial_taskflow_api']) retrieved from /home/airflow/.local/lib/python3.7/site-packages/airflow/example_dags/tutorial_taskflow_api.py
[2023-08-11T08:08:07.123+0000] {logging_mixin.py:150} INFO - [2023-08-11T08:08:07.123+0000] {dag.py:2742} INFO - Sync 1 DAGs
[2023-08-11T08:08:07.147+0000] {logging_mixin.py:150} INFO - [2023-08-11T08:08:07.147+0000] {dag.py:3508} INFO - Setting next_dagrun for tutorial_taskflow_api to None, run_after=None
[2023-08-11T08:08:07.166+0000] {processor.py:179} INFO - Processing /home/airflow/.local/lib/python3.7/site-packages/airflow/example_dags/tutorial_taskflow_api.py took 0.078 seconds
[2023-08-11T08:08:37.685+0000] {processor.py:157} INFO - Started process (PID=2133) to work on /home/airflow/.local/lib/python3.7/site-packages/airflow/example_dags/tutorial_taskflow_api.py
[2023-08-11T08:08:37.686+0000] {processor.py:826} INFO - Processing file /home/airflow/.local/lib/python3.7/site-packages/airflow/example_dags/tutorial_taskflow_api.py for tasks to queue
[2023-08-11T08:08:37.686+0000] {logging_mixin.py:150} INFO - [2023-08-11T08:08:37.686+0000] {dagbag.py:541} INFO - Filling up the DagBag from /home/airflow/.local/lib/python3.7/site-packages/airflow/example_dags/tutorial_taskflow_api.py
[2023-08-11T08:08:37.691+0000] {processor.py:836} INFO - DAG(s) dict_keys(['tutorial_taskflow_api']) retrieved from /home/airflow/.local/lib/python3.7/site-packages/airflow/example_dags/tutorial_taskflow_api.py
[2023-08-11T08:08:37.714+0000] {logging_mixin.py:150} INFO - [2023-08-11T08:08:37.713+0000] {dag.py:2742} INFO - Sync 1 DAGs
[2023-08-11T08:08:37.736+0000] {logging_mixin.py:150} INFO - [2023-08-11T08:08:37.735+0000] {dag.py:3508} INFO - Setting next_dagrun for tutorial_taskflow_api to None, run_after=None
[2023-08-11T08:08:37.754+0000] {processor.py:179} INFO - Processing /home/airflow/.local/lib/python3.7/site-packages/airflow/example_dags/tutorial_taskflow_api.py took 0.072 seconds
[2023-08-11T08:09:08.158+0000] {processor.py:157} INFO - Started process (PID=2199) to work on /home/airflow/.local/lib/python3.7/site-packages/airflow/example_dags/tutorial_taskflow_api.py
[2023-08-11T08:09:08.159+0000] {processor.py:826} INFO - Processing file /home/airflow/.local/lib/python3.7/site-packages/airflow/example_dags/tutorial_taskflow_api.py for tasks to queue
[2023-08-11T08:09:08.159+0000] {logging_mixin.py:150} INFO - [2023-08-11T08:09:08.159+0000] {dagbag.py:541} INFO - Filling up the DagBag from /home/airflow/.local/lib/python3.7/site-packages/airflow/example_dags/tutorial_taskflow_api.py
[2023-08-11T08:09:08.166+0000] {processor.py:836} INFO - DAG(s) dict_keys(['tutorial_taskflow_api']) retrieved from /home/airflow/.local/lib/python3.7/site-packages/airflow/example_dags/tutorial_taskflow_api.py
[2023-08-11T08:09:08.188+0000] {logging_mixin.py:150} INFO - [2023-08-11T08:09:08.188+0000] {dag.py:2742} INFO - Sync 1 DAGs
[2023-08-11T08:09:08.208+0000] {logging_mixin.py:150} INFO - [2023-08-11T08:09:08.208+0000] {dag.py:3508} INFO - Setting next_dagrun for tutorial_taskflow_api to None, run_after=None
[2023-08-11T08:09:08.227+0000] {processor.py:179} INFO - Processing /home/airflow/.local/lib/python3.7/site-packages/airflow/example_dags/tutorial_taskflow_api.py took 0.071 seconds
[2023-08-11T08:09:38.460+0000] {processor.py:157} INFO - Started process (PID=2265) to work on /home/airflow/.local/lib/python3.7/site-packages/airflow/example_dags/tutorial_taskflow_api.py
[2023-08-11T08:09:38.461+0000] {processor.py:826} INFO - Processing file /home/airflow/.local/lib/python3.7/site-packages/airflow/example_dags/tutorial_taskflow_api.py for tasks to queue
[2023-08-11T08:09:38.462+0000] {logging_mixin.py:150} INFO - [2023-08-11T08:09:38.462+0000] {dagbag.py:541} INFO - Filling up the DagBag from /home/airflow/.local/lib/python3.7/site-packages/airflow/example_dags/tutorial_taskflow_api.py
[2023-08-11T08:09:38.471+0000] {processor.py:836} INFO - DAG(s) dict_keys(['tutorial_taskflow_api']) retrieved from /home/airflow/.local/lib/python3.7/site-packages/airflow/example_dags/tutorial_taskflow_api.py
[2023-08-11T08:09:38.495+0000] {logging_mixin.py:150} INFO - [2023-08-11T08:09:38.494+0000] {dag.py:2742} INFO - Sync 1 DAGs
[2023-08-11T08:09:38.520+0000] {logging_mixin.py:150} INFO - [2023-08-11T08:09:38.520+0000] {dag.py:3508} INFO - Setting next_dagrun for tutorial_taskflow_api to None, run_after=None
[2023-08-11T08:09:38.542+0000] {processor.py:179} INFO - Processing /home/airflow/.local/lib/python3.7/site-packages/airflow/example_dags/tutorial_taskflow_api.py took 0.084 seconds
[2023-08-11T08:10:08.875+0000] {processor.py:157} INFO - Started process (PID=2331) to work on /home/airflow/.local/lib/python3.7/site-packages/airflow/example_dags/tutorial_taskflow_api.py
[2023-08-11T08:10:08.877+0000] {processor.py:826} INFO - Processing file /home/airflow/.local/lib/python3.7/site-packages/airflow/example_dags/tutorial_taskflow_api.py for tasks to queue
[2023-08-11T08:10:08.879+0000] {logging_mixin.py:150} INFO - [2023-08-11T08:10:08.878+0000] {dagbag.py:541} INFO - Filling up the DagBag from /home/airflow/.local/lib/python3.7/site-packages/airflow/example_dags/tutorial_taskflow_api.py
[2023-08-11T08:10:08.892+0000] {processor.py:836} INFO - DAG(s) dict_keys(['tutorial_taskflow_api']) retrieved from /home/airflow/.local/lib/python3.7/site-packages/airflow/example_dags/tutorial_taskflow_api.py
[2023-08-11T08:10:08.944+0000] {logging_mixin.py:150} INFO - [2023-08-11T08:10:08.943+0000] {dag.py:2742} INFO - Sync 1 DAGs
[2023-08-11T08:10:09.044+0000] {logging_mixin.py:150} INFO - [2023-08-11T08:10:09.044+0000] {dag.py:3508} INFO - Setting next_dagrun for tutorial_taskflow_api to None, run_after=None
[2023-08-11T08:10:09.129+0000] {processor.py:179} INFO - Processing /home/airflow/.local/lib/python3.7/site-packages/airflow/example_dags/tutorial_taskflow_api.py took 0.260 seconds
[2023-08-11T08:10:39.302+0000] {processor.py:157} INFO - Started process (PID=2397) to work on /home/airflow/.local/lib/python3.7/site-packages/airflow/example_dags/tutorial_taskflow_api.py
[2023-08-11T08:10:39.303+0000] {processor.py:826} INFO - Processing file /home/airflow/.local/lib/python3.7/site-packages/airflow/example_dags/tutorial_taskflow_api.py for tasks to queue
[2023-08-11T08:10:39.304+0000] {logging_mixin.py:150} INFO - [2023-08-11T08:10:39.304+0000] {dagbag.py:541} INFO - Filling up the DagBag from /home/airflow/.local/lib/python3.7/site-packages/airflow/example_dags/tutorial_taskflow_api.py
[2023-08-11T08:10:39.312+0000] {processor.py:836} INFO - DAG(s) dict_keys(['tutorial_taskflow_api']) retrieved from /home/airflow/.local/lib/python3.7/site-packages/airflow/example_dags/tutorial_taskflow_api.py
[2023-08-11T08:10:39.364+0000] {logging_mixin.py:150} INFO - [2023-08-11T08:10:39.363+0000] {dag.py:2742} INFO - Sync 1 DAGs
[2023-08-11T08:10:39.412+0000] {logging_mixin.py:150} INFO - [2023-08-11T08:10:39.412+0000] {dag.py:3508} INFO - Setting next_dagrun for tutorial_taskflow_api to None, run_after=None
[2023-08-11T08:10:39.457+0000] {processor.py:179} INFO - Processing /home/airflow/.local/lib/python3.7/site-packages/airflow/example_dags/tutorial_taskflow_api.py took 0.161 seconds
[2023-08-11T08:11:10.240+0000] {processor.py:157} INFO - Started process (PID=2464) to work on /home/airflow/.local/lib/python3.7/site-packages/airflow/example_dags/tutorial_taskflow_api.py
[2023-08-11T08:11:10.242+0000] {processor.py:826} INFO - Processing file /home/airflow/.local/lib/python3.7/site-packages/airflow/example_dags/tutorial_taskflow_api.py for tasks to queue
[2023-08-11T08:11:10.243+0000] {logging_mixin.py:150} INFO - [2023-08-11T08:11:10.242+0000] {dagbag.py:541} INFO - Filling up the DagBag from /home/airflow/.local/lib/python3.7/site-packages/airflow/example_dags/tutorial_taskflow_api.py
[2023-08-11T08:11:10.250+0000] {processor.py:836} INFO - DAG(s) dict_keys(['tutorial_taskflow_api']) retrieved from /home/airflow/.local/lib/python3.7/site-packages/airflow/example_dags/tutorial_taskflow_api.py
[2023-08-11T08:11:10.275+0000] {logging_mixin.py:150} INFO - [2023-08-11T08:11:10.275+0000] {dag.py:2742} INFO - Sync 1 DAGs
[2023-08-11T08:11:10.298+0000] {logging_mixin.py:150} INFO - [2023-08-11T08:11:10.298+0000] {dag.py:3508} INFO - Setting next_dagrun for tutorial_taskflow_api to None, run_after=None
[2023-08-11T08:11:10.328+0000] {processor.py:179} INFO - Processing /home/airflow/.local/lib/python3.7/site-packages/airflow/example_dags/tutorial_taskflow_api.py took 0.091 seconds
[2023-08-11T08:11:40.946+0000] {processor.py:157} INFO - Started process (PID=2530) to work on /home/airflow/.local/lib/python3.7/site-packages/airflow/example_dags/tutorial_taskflow_api.py
[2023-08-11T08:11:40.947+0000] {processor.py:826} INFO - Processing file /home/airflow/.local/lib/python3.7/site-packages/airflow/example_dags/tutorial_taskflow_api.py for tasks to queue
[2023-08-11T08:11:40.948+0000] {logging_mixin.py:150} INFO - [2023-08-11T08:11:40.947+0000] {dagbag.py:541} INFO - Filling up the DagBag from /home/airflow/.local/lib/python3.7/site-packages/airflow/example_dags/tutorial_taskflow_api.py
[2023-08-11T08:11:40.955+0000] {processor.py:836} INFO - DAG(s) dict_keys(['tutorial_taskflow_api']) retrieved from /home/airflow/.local/lib/python3.7/site-packages/airflow/example_dags/tutorial_taskflow_api.py
[2023-08-11T08:11:40.980+0000] {logging_mixin.py:150} INFO - [2023-08-11T08:11:40.980+0000] {dag.py:2742} INFO - Sync 1 DAGs
[2023-08-11T08:11:41.005+0000] {logging_mixin.py:150} INFO - [2023-08-11T08:11:41.005+0000] {dag.py:3508} INFO - Setting next_dagrun for tutorial_taskflow_api to None, run_after=None
[2023-08-11T08:11:41.026+0000] {processor.py:179} INFO - Processing /home/airflow/.local/lib/python3.7/site-packages/airflow/example_dags/tutorial_taskflow_api.py took 0.082 seconds
[2023-08-11T08:12:11.512+0000] {processor.py:157} INFO - Started process (PID=2596) to work on /home/airflow/.local/lib/python3.7/site-packages/airflow/example_dags/tutorial_taskflow_api.py
[2023-08-11T08:12:11.513+0000] {processor.py:826} INFO - Processing file /home/airflow/.local/lib/python3.7/site-packages/airflow/example_dags/tutorial_taskflow_api.py for tasks to queue
[2023-08-11T08:12:11.514+0000] {logging_mixin.py:150} INFO - [2023-08-11T08:12:11.514+0000] {dagbag.py:541} INFO - Filling up the DagBag from /home/airflow/.local/lib/python3.7/site-packages/airflow/example_dags/tutorial_taskflow_api.py
[2023-08-11T08:12:11.519+0000] {processor.py:836} INFO - DAG(s) dict_keys(['tutorial_taskflow_api']) retrieved from /home/airflow/.local/lib/python3.7/site-packages/airflow/example_dags/tutorial_taskflow_api.py
[2023-08-11T08:12:11.545+0000] {logging_mixin.py:150} INFO - [2023-08-11T08:12:11.545+0000] {dag.py:2742} INFO - Sync 1 DAGs
[2023-08-11T08:12:11.567+0000] {logging_mixin.py:150} INFO - [2023-08-11T08:12:11.567+0000] {dag.py:3508} INFO - Setting next_dagrun for tutorial_taskflow_api to None, run_after=None
[2023-08-11T08:12:11.589+0000] {processor.py:179} INFO - Processing /home/airflow/.local/lib/python3.7/site-packages/airflow/example_dags/tutorial_taskflow_api.py took 0.080 seconds
[2023-08-11T08:12:42.016+0000] {processor.py:157} INFO - Started process (PID=2662) to work on /home/airflow/.local/lib/python3.7/site-packages/airflow/example_dags/tutorial_taskflow_api.py
[2023-08-11T08:12:42.017+0000] {processor.py:826} INFO - Processing file /home/airflow/.local/lib/python3.7/site-packages/airflow/example_dags/tutorial_taskflow_api.py for tasks to queue
[2023-08-11T08:12:42.018+0000] {logging_mixin.py:150} INFO - [2023-08-11T08:12:42.018+0000] {dagbag.py:541} INFO - Filling up the DagBag from /home/airflow/.local/lib/python3.7/site-packages/airflow/example_dags/tutorial_taskflow_api.py
[2023-08-11T08:12:42.028+0000] {processor.py:836} INFO - DAG(s) dict_keys(['tutorial_taskflow_api']) retrieved from /home/airflow/.local/lib/python3.7/site-packages/airflow/example_dags/tutorial_taskflow_api.py
[2023-08-11T08:12:42.062+0000] {logging_mixin.py:150} INFO - [2023-08-11T08:12:42.062+0000] {dag.py:2742} INFO - Sync 1 DAGs
[2023-08-11T08:12:42.095+0000] {logging_mixin.py:150} INFO - [2023-08-11T08:12:42.095+0000] {dag.py:3508} INFO - Setting next_dagrun for tutorial_taskflow_api to None, run_after=None
[2023-08-11T08:12:42.127+0000] {processor.py:179} INFO - Processing /home/airflow/.local/lib/python3.7/site-packages/airflow/example_dags/tutorial_taskflow_api.py took 0.114 seconds
[2023-08-11T08:13:13.060+0000] {processor.py:157} INFO - Started process (PID=2728) to work on /home/airflow/.local/lib/python3.7/site-packages/airflow/example_dags/tutorial_taskflow_api.py
[2023-08-11T08:13:13.061+0000] {processor.py:826} INFO - Processing file /home/airflow/.local/lib/python3.7/site-packages/airflow/example_dags/tutorial_taskflow_api.py for tasks to queue
[2023-08-11T08:13:13.062+0000] {logging_mixin.py:150} INFO - [2023-08-11T08:13:13.062+0000] {dagbag.py:541} INFO - Filling up the DagBag from /home/airflow/.local/lib/python3.7/site-packages/airflow/example_dags/tutorial_taskflow_api.py
[2023-08-11T08:13:13.069+0000] {processor.py:836} INFO - DAG(s) dict_keys(['tutorial_taskflow_api']) retrieved from /home/airflow/.local/lib/python3.7/site-packages/airflow/example_dags/tutorial_taskflow_api.py
[2023-08-11T08:13:13.099+0000] {logging_mixin.py:150} INFO - [2023-08-11T08:13:13.099+0000] {dag.py:2742} INFO - Sync 1 DAGs
[2023-08-11T08:13:13.126+0000] {logging_mixin.py:150} INFO - [2023-08-11T08:13:13.126+0000] {dag.py:3508} INFO - Setting next_dagrun for tutorial_taskflow_api to None, run_after=None
[2023-08-11T08:13:13.152+0000] {processor.py:179} INFO - Processing /home/airflow/.local/lib/python3.7/site-packages/airflow/example_dags/tutorial_taskflow_api.py took 0.098 seconds
[2023-08-11T08:13:44.106+0000] {processor.py:157} INFO - Started process (PID=2794) to work on /home/airflow/.local/lib/python3.7/site-packages/airflow/example_dags/tutorial_taskflow_api.py
[2023-08-11T08:13:44.106+0000] {processor.py:826} INFO - Processing file /home/airflow/.local/lib/python3.7/site-packages/airflow/example_dags/tutorial_taskflow_api.py for tasks to queue
[2023-08-11T08:13:44.107+0000] {logging_mixin.py:150} INFO - [2023-08-11T08:13:44.107+0000] {dagbag.py:541} INFO - Filling up the DagBag from /home/airflow/.local/lib/python3.7/site-packages/airflow/example_dags/tutorial_taskflow_api.py
[2023-08-11T08:13:44.114+0000] {processor.py:836} INFO - DAG(s) dict_keys(['tutorial_taskflow_api']) retrieved from /home/airflow/.local/lib/python3.7/site-packages/airflow/example_dags/tutorial_taskflow_api.py
[2023-08-11T08:13:44.139+0000] {logging_mixin.py:150} INFO - [2023-08-11T08:13:44.138+0000] {dag.py:2742} INFO - Sync 1 DAGs
[2023-08-11T08:13:44.168+0000] {logging_mixin.py:150} INFO - [2023-08-11T08:13:44.168+0000] {dag.py:3508} INFO - Setting next_dagrun for tutorial_taskflow_api to None, run_after=None
[2023-08-11T08:13:44.190+0000] {processor.py:179} INFO - Processing /home/airflow/.local/lib/python3.7/site-packages/airflow/example_dags/tutorial_taskflow_api.py took 0.088 seconds
[2023-08-11T08:14:14.262+0000] {processor.py:157} INFO - Started process (PID=2859) to work on /home/airflow/.local/lib/python3.7/site-packages/airflow/example_dags/tutorial_taskflow_api.py
[2023-08-11T08:14:14.263+0000] {processor.py:826} INFO - Processing file /home/airflow/.local/lib/python3.7/site-packages/airflow/example_dags/tutorial_taskflow_api.py for tasks to queue
[2023-08-11T08:14:14.264+0000] {logging_mixin.py:150} INFO - [2023-08-11T08:14:14.264+0000] {dagbag.py:541} INFO - Filling up the DagBag from /home/airflow/.local/lib/python3.7/site-packages/airflow/example_dags/tutorial_taskflow_api.py
[2023-08-11T08:14:14.269+0000] {processor.py:836} INFO - DAG(s) dict_keys(['tutorial_taskflow_api']) retrieved from /home/airflow/.local/lib/python3.7/site-packages/airflow/example_dags/tutorial_taskflow_api.py
[2023-08-11T08:14:14.292+0000] {logging_mixin.py:150} INFO - [2023-08-11T08:14:14.291+0000] {dag.py:2742} INFO - Sync 1 DAGs
[2023-08-11T08:14:14.315+0000] {logging_mixin.py:150} INFO - [2023-08-11T08:14:14.315+0000] {dag.py:3508} INFO - Setting next_dagrun for tutorial_taskflow_api to None, run_after=None
[2023-08-11T08:14:14.334+0000] {processor.py:179} INFO - Processing /home/airflow/.local/lib/python3.7/site-packages/airflow/example_dags/tutorial_taskflow_api.py took 0.077 seconds
[2023-08-11T08:14:44.396+0000] {processor.py:157} INFO - Started process (PID=2926) to work on /home/airflow/.local/lib/python3.7/site-packages/airflow/example_dags/tutorial_taskflow_api.py
[2023-08-11T08:14:44.396+0000] {processor.py:826} INFO - Processing file /home/airflow/.local/lib/python3.7/site-packages/airflow/example_dags/tutorial_taskflow_api.py for tasks to queue
[2023-08-11T08:14:44.397+0000] {logging_mixin.py:150} INFO - [2023-08-11T08:14:44.397+0000] {dagbag.py:541} INFO - Filling up the DagBag from /home/airflow/.local/lib/python3.7/site-packages/airflow/example_dags/tutorial_taskflow_api.py
[2023-08-11T08:14:44.402+0000] {processor.py:836} INFO - DAG(s) dict_keys(['tutorial_taskflow_api']) retrieved from /home/airflow/.local/lib/python3.7/site-packages/airflow/example_dags/tutorial_taskflow_api.py
[2023-08-11T08:14:44.426+0000] {logging_mixin.py:150} INFO - [2023-08-11T08:14:44.426+0000] {dag.py:2742} INFO - Sync 1 DAGs
[2023-08-11T08:14:44.450+0000] {logging_mixin.py:150} INFO - [2023-08-11T08:14:44.449+0000] {dag.py:3508} INFO - Setting next_dagrun for tutorial_taskflow_api to None, run_after=None
[2023-08-11T08:14:44.472+0000] {processor.py:179} INFO - Processing /home/airflow/.local/lib/python3.7/site-packages/airflow/example_dags/tutorial_taskflow_api.py took 0.080 seconds
[2023-08-11T08:15:14.924+0000] {processor.py:157} INFO - Started process (PID=2992) to work on /home/airflow/.local/lib/python3.7/site-packages/airflow/example_dags/tutorial_taskflow_api.py
[2023-08-11T08:15:14.925+0000] {processor.py:826} INFO - Processing file /home/airflow/.local/lib/python3.7/site-packages/airflow/example_dags/tutorial_taskflow_api.py for tasks to queue
[2023-08-11T08:15:14.926+0000] {logging_mixin.py:150} INFO - [2023-08-11T08:15:14.926+0000] {dagbag.py:541} INFO - Filling up the DagBag from /home/airflow/.local/lib/python3.7/site-packages/airflow/example_dags/tutorial_taskflow_api.py
[2023-08-11T08:15:14.937+0000] {processor.py:836} INFO - DAG(s) dict_keys(['tutorial_taskflow_api']) retrieved from /home/airflow/.local/lib/python3.7/site-packages/airflow/example_dags/tutorial_taskflow_api.py
[2023-08-11T08:15:14.967+0000] {logging_mixin.py:150} INFO - [2023-08-11T08:15:14.967+0000] {dag.py:2742} INFO - Sync 1 DAGs
[2023-08-11T08:15:15.003+0000] {logging_mixin.py:150} INFO - [2023-08-11T08:15:15.002+0000] {dag.py:3508} INFO - Setting next_dagrun for tutorial_taskflow_api to None, run_after=None
[2023-08-11T08:15:15.049+0000] {processor.py:179} INFO - Processing /home/airflow/.local/lib/python3.7/site-packages/airflow/example_dags/tutorial_taskflow_api.py took 0.128 seconds
[2023-08-11T08:15:45.285+0000] {processor.py:157} INFO - Started process (PID=3059) to work on /home/airflow/.local/lib/python3.7/site-packages/airflow/example_dags/tutorial_taskflow_api.py
[2023-08-11T08:15:45.287+0000] {processor.py:826} INFO - Processing file /home/airflow/.local/lib/python3.7/site-packages/airflow/example_dags/tutorial_taskflow_api.py for tasks to queue
[2023-08-11T08:15:45.288+0000] {logging_mixin.py:150} INFO - [2023-08-11T08:15:45.287+0000] {dagbag.py:541} INFO - Filling up the DagBag from /home/airflow/.local/lib/python3.7/site-packages/airflow/example_dags/tutorial_taskflow_api.py
[2023-08-11T08:15:45.294+0000] {processor.py:836} INFO - DAG(s) dict_keys(['tutorial_taskflow_api']) retrieved from /home/airflow/.local/lib/python3.7/site-packages/airflow/example_dags/tutorial_taskflow_api.py
[2023-08-11T08:15:45.324+0000] {logging_mixin.py:150} INFO - [2023-08-11T08:15:45.324+0000] {dag.py:2742} INFO - Sync 1 DAGs
[2023-08-11T08:15:45.357+0000] {logging_mixin.py:150} INFO - [2023-08-11T08:15:45.357+0000] {dag.py:3508} INFO - Setting next_dagrun for tutorial_taskflow_api to None, run_after=None
[2023-08-11T08:15:45.383+0000] {processor.py:179} INFO - Processing /home/airflow/.local/lib/python3.7/site-packages/airflow/example_dags/tutorial_taskflow_api.py took 0.101 seconds
[2023-08-11T08:16:15.772+0000] {processor.py:157} INFO - Started process (PID=3126) to work on /home/airflow/.local/lib/python3.7/site-packages/airflow/example_dags/tutorial_taskflow_api.py
[2023-08-11T08:16:15.773+0000] {processor.py:826} INFO - Processing file /home/airflow/.local/lib/python3.7/site-packages/airflow/example_dags/tutorial_taskflow_api.py for tasks to queue
[2023-08-11T08:16:15.774+0000] {logging_mixin.py:150} INFO - [2023-08-11T08:16:15.774+0000] {dagbag.py:541} INFO - Filling up the DagBag from /home/airflow/.local/lib/python3.7/site-packages/airflow/example_dags/tutorial_taskflow_api.py
[2023-08-11T08:16:15.785+0000] {processor.py:836} INFO - DAG(s) dict_keys(['tutorial_taskflow_api']) retrieved from /home/airflow/.local/lib/python3.7/site-packages/airflow/example_dags/tutorial_taskflow_api.py
[2023-08-11T08:16:15.823+0000] {logging_mixin.py:150} INFO - [2023-08-11T08:16:15.822+0000] {dag.py:2742} INFO - Sync 1 DAGs
[2023-08-11T08:16:15.867+0000] {logging_mixin.py:150} INFO - [2023-08-11T08:16:15.866+0000] {dag.py:3508} INFO - Setting next_dagrun for tutorial_taskflow_api to None, run_after=None
[2023-08-11T08:16:15.911+0000] {processor.py:179} INFO - Processing /home/airflow/.local/lib/python3.7/site-packages/airflow/example_dags/tutorial_taskflow_api.py took 0.144 seconds
[2023-08-11T08:16:46.405+0000] {processor.py:157} INFO - Started process (PID=3195) to work on /home/airflow/.local/lib/python3.7/site-packages/airflow/example_dags/tutorial_taskflow_api.py
[2023-08-11T08:16:46.406+0000] {processor.py:826} INFO - Processing file /home/airflow/.local/lib/python3.7/site-packages/airflow/example_dags/tutorial_taskflow_api.py for tasks to queue
[2023-08-11T08:16:46.407+0000] {logging_mixin.py:150} INFO - [2023-08-11T08:16:46.407+0000] {dagbag.py:541} INFO - Filling up the DagBag from /home/airflow/.local/lib/python3.7/site-packages/airflow/example_dags/tutorial_taskflow_api.py
[2023-08-11T08:16:46.412+0000] {processor.py:836} INFO - DAG(s) dict_keys(['tutorial_taskflow_api']) retrieved from /home/airflow/.local/lib/python3.7/site-packages/airflow/example_dags/tutorial_taskflow_api.py
[2023-08-11T08:16:46.438+0000] {logging_mixin.py:150} INFO - [2023-08-11T08:16:46.438+0000] {dag.py:2742} INFO - Sync 1 DAGs
[2023-08-11T08:16:46.465+0000] {logging_mixin.py:150} INFO - [2023-08-11T08:16:46.465+0000] {dag.py:3508} INFO - Setting next_dagrun for tutorial_taskflow_api to None, run_after=None
[2023-08-11T08:16:46.489+0000] {processor.py:179} INFO - Processing /home/airflow/.local/lib/python3.7/site-packages/airflow/example_dags/tutorial_taskflow_api.py took 0.087 seconds
[2023-08-11T08:17:16.714+0000] {processor.py:157} INFO - Started process (PID=3273) to work on /home/airflow/.local/lib/python3.7/site-packages/airflow/example_dags/tutorial_taskflow_api.py
[2023-08-11T08:17:16.715+0000] {processor.py:826} INFO - Processing file /home/airflow/.local/lib/python3.7/site-packages/airflow/example_dags/tutorial_taskflow_api.py for tasks to queue
[2023-08-11T08:17:16.715+0000] {logging_mixin.py:150} INFO - [2023-08-11T08:17:16.715+0000] {dagbag.py:541} INFO - Filling up the DagBag from /home/airflow/.local/lib/python3.7/site-packages/airflow/example_dags/tutorial_taskflow_api.py
[2023-08-11T08:17:16.723+0000] {processor.py:836} INFO - DAG(s) dict_keys(['tutorial_taskflow_api']) retrieved from /home/airflow/.local/lib/python3.7/site-packages/airflow/example_dags/tutorial_taskflow_api.py
[2023-08-11T08:17:16.776+0000] {logging_mixin.py:150} INFO - [2023-08-11T08:17:16.775+0000] {dag.py:2742} INFO - Sync 1 DAGs
[2023-08-11T08:17:16.833+0000] {logging_mixin.py:150} INFO - [2023-08-11T08:17:16.833+0000] {dag.py:3508} INFO - Setting next_dagrun for tutorial_taskflow_api to None, run_after=None
[2023-08-11T08:17:16.880+0000] {processor.py:179} INFO - Processing /home/airflow/.local/lib/python3.7/site-packages/airflow/example_dags/tutorial_taskflow_api.py took 0.169 seconds
[2023-08-11T08:17:47.426+0000] {processor.py:157} INFO - Started process (PID=3363) to work on /home/airflow/.local/lib/python3.7/site-packages/airflow/example_dags/tutorial_taskflow_api.py
[2023-08-11T08:17:47.428+0000] {processor.py:826} INFO - Processing file /home/airflow/.local/lib/python3.7/site-packages/airflow/example_dags/tutorial_taskflow_api.py for tasks to queue
[2023-08-11T08:17:47.429+0000] {logging_mixin.py:150} INFO - [2023-08-11T08:17:47.428+0000] {dagbag.py:541} INFO - Filling up the DagBag from /home/airflow/.local/lib/python3.7/site-packages/airflow/example_dags/tutorial_taskflow_api.py
[2023-08-11T08:17:47.435+0000] {processor.py:836} INFO - DAG(s) dict_keys(['tutorial_taskflow_api']) retrieved from /home/airflow/.local/lib/python3.7/site-packages/airflow/example_dags/tutorial_taskflow_api.py
[2023-08-11T08:17:47.464+0000] {logging_mixin.py:150} INFO - [2023-08-11T08:17:47.464+0000] {dag.py:2742} INFO - Sync 1 DAGs
[2023-08-11T08:17:47.492+0000] {logging_mixin.py:150} INFO - [2023-08-11T08:17:47.491+0000] {dag.py:3508} INFO - Setting next_dagrun for tutorial_taskflow_api to None, run_after=None
[2023-08-11T08:17:47.524+0000] {processor.py:179} INFO - Processing /home/airflow/.local/lib/python3.7/site-packages/airflow/example_dags/tutorial_taskflow_api.py took 0.102 seconds
[2023-08-11T08:18:17.971+0000] {processor.py:157} INFO - Started process (PID=3442) to work on /home/airflow/.local/lib/python3.7/site-packages/airflow/example_dags/tutorial_taskflow_api.py
[2023-08-11T08:18:17.974+0000] {processor.py:826} INFO - Processing file /home/airflow/.local/lib/python3.7/site-packages/airflow/example_dags/tutorial_taskflow_api.py for tasks to queue
[2023-08-11T08:18:17.975+0000] {logging_mixin.py:150} INFO - [2023-08-11T08:18:17.975+0000] {dagbag.py:541} INFO - Filling up the DagBag from /home/airflow/.local/lib/python3.7/site-packages/airflow/example_dags/tutorial_taskflow_api.py
[2023-08-11T08:18:17.982+0000] {processor.py:836} INFO - DAG(s) dict_keys(['tutorial_taskflow_api']) retrieved from /home/airflow/.local/lib/python3.7/site-packages/airflow/example_dags/tutorial_taskflow_api.py
[2023-08-11T08:18:18.015+0000] {logging_mixin.py:150} INFO - [2023-08-11T08:18:18.015+0000] {dag.py:2742} INFO - Sync 1 DAGs
[2023-08-11T08:18:18.050+0000] {logging_mixin.py:150} INFO - [2023-08-11T08:18:18.049+0000] {dag.py:3508} INFO - Setting next_dagrun for tutorial_taskflow_api to None, run_after=None
[2023-08-11T08:18:18.079+0000] {processor.py:179} INFO - Processing /home/airflow/.local/lib/python3.7/site-packages/airflow/example_dags/tutorial_taskflow_api.py took 0.111 seconds
[2023-08-11T08:18:51.766+0000] {processor.py:157} INFO - Started process (PID=3527) to work on /home/airflow/.local/lib/python3.7/site-packages/airflow/example_dags/tutorial_taskflow_api.py
[2023-08-11T08:18:51.768+0000] {processor.py:826} INFO - Processing file /home/airflow/.local/lib/python3.7/site-packages/airflow/example_dags/tutorial_taskflow_api.py for tasks to queue
[2023-08-11T08:18:51.770+0000] {logging_mixin.py:150} INFO - [2023-08-11T08:18:51.769+0000] {dagbag.py:541} INFO - Filling up the DagBag from /home/airflow/.local/lib/python3.7/site-packages/airflow/example_dags/tutorial_taskflow_api.py
[2023-08-11T08:18:51.828+0000] {processor.py:836} INFO - DAG(s) dict_keys(['tutorial_taskflow_api']) retrieved from /home/airflow/.local/lib/python3.7/site-packages/airflow/example_dags/tutorial_taskflow_api.py
[2023-08-11T08:18:51.961+0000] {logging_mixin.py:150} INFO - [2023-08-11T08:18:51.960+0000] {dag.py:2742} INFO - Sync 1 DAGs
[2023-08-11T08:18:52.000+0000] {logging_mixin.py:150} INFO - [2023-08-11T08:18:51.999+0000] {dag.py:3508} INFO - Setting next_dagrun for tutorial_taskflow_api to None, run_after=None
[2023-08-11T08:18:52.033+0000] {processor.py:179} INFO - Processing /home/airflow/.local/lib/python3.7/site-packages/airflow/example_dags/tutorial_taskflow_api.py took 0.282 seconds
[2023-08-11T08:19:22.548+0000] {processor.py:157} INFO - Started process (PID=3605) to work on /home/airflow/.local/lib/python3.7/site-packages/airflow/example_dags/tutorial_taskflow_api.py
[2023-08-11T08:19:22.557+0000] {processor.py:826} INFO - Processing file /home/airflow/.local/lib/python3.7/site-packages/airflow/example_dags/tutorial_taskflow_api.py for tasks to queue
[2023-08-11T08:19:22.559+0000] {logging_mixin.py:150} INFO - [2023-08-11T08:19:22.558+0000] {dagbag.py:541} INFO - Filling up the DagBag from /home/airflow/.local/lib/python3.7/site-packages/airflow/example_dags/tutorial_taskflow_api.py
[2023-08-11T08:19:22.565+0000] {processor.py:836} INFO - DAG(s) dict_keys(['tutorial_taskflow_api']) retrieved from /home/airflow/.local/lib/python3.7/site-packages/airflow/example_dags/tutorial_taskflow_api.py
[2023-08-11T08:19:22.613+0000] {logging_mixin.py:150} INFO - [2023-08-11T08:19:22.613+0000] {dag.py:2742} INFO - Sync 1 DAGs
[2023-08-11T08:19:22.637+0000] {logging_mixin.py:150} INFO - [2023-08-11T08:19:22.637+0000] {dag.py:3508} INFO - Setting next_dagrun for tutorial_taskflow_api to None, run_after=None
[2023-08-11T08:19:22.663+0000] {processor.py:179} INFO - Processing /home/airflow/.local/lib/python3.7/site-packages/airflow/example_dags/tutorial_taskflow_api.py took 0.119 seconds
[2023-08-11T08:19:52.728+0000] {processor.py:157} INFO - Started process (PID=3671) to work on /home/airflow/.local/lib/python3.7/site-packages/airflow/example_dags/tutorial_taskflow_api.py
[2023-08-11T08:19:52.729+0000] {processor.py:826} INFO - Processing file /home/airflow/.local/lib/python3.7/site-packages/airflow/example_dags/tutorial_taskflow_api.py for tasks to queue
[2023-08-11T08:19:52.729+0000] {logging_mixin.py:150} INFO - [2023-08-11T08:19:52.729+0000] {dagbag.py:541} INFO - Filling up the DagBag from /home/airflow/.local/lib/python3.7/site-packages/airflow/example_dags/tutorial_taskflow_api.py
[2023-08-11T08:19:52.735+0000] {processor.py:836} INFO - DAG(s) dict_keys(['tutorial_taskflow_api']) retrieved from /home/airflow/.local/lib/python3.7/site-packages/airflow/example_dags/tutorial_taskflow_api.py
[2023-08-11T08:19:52.762+0000] {logging_mixin.py:150} INFO - [2023-08-11T08:19:52.762+0000] {dag.py:2742} INFO - Sync 1 DAGs
[2023-08-11T08:19:52.789+0000] {logging_mixin.py:150} INFO - [2023-08-11T08:19:52.789+0000] {dag.py:3508} INFO - Setting next_dagrun for tutorial_taskflow_api to None, run_after=None
[2023-08-11T08:19:52.813+0000] {processor.py:179} INFO - Processing /home/airflow/.local/lib/python3.7/site-packages/airflow/example_dags/tutorial_taskflow_api.py took 0.088 seconds
[2023-08-11T08:20:23.414+0000] {processor.py:157} INFO - Started process (PID=3756) to work on /home/airflow/.local/lib/python3.7/site-packages/airflow/example_dags/tutorial_taskflow_api.py
[2023-08-11T08:20:23.416+0000] {processor.py:826} INFO - Processing file /home/airflow/.local/lib/python3.7/site-packages/airflow/example_dags/tutorial_taskflow_api.py for tasks to queue
[2023-08-11T08:20:23.417+0000] {logging_mixin.py:150} INFO - [2023-08-11T08:20:23.416+0000] {dagbag.py:541} INFO - Filling up the DagBag from /home/airflow/.local/lib/python3.7/site-packages/airflow/example_dags/tutorial_taskflow_api.py
[2023-08-11T08:20:23.423+0000] {processor.py:836} INFO - DAG(s) dict_keys(['tutorial_taskflow_api']) retrieved from /home/airflow/.local/lib/python3.7/site-packages/airflow/example_dags/tutorial_taskflow_api.py
[2023-08-11T08:20:23.450+0000] {logging_mixin.py:150} INFO - [2023-08-11T08:20:23.450+0000] {dag.py:2742} INFO - Sync 1 DAGs
[2023-08-11T08:20:23.483+0000] {logging_mixin.py:150} INFO - [2023-08-11T08:20:23.483+0000] {dag.py:3508} INFO - Setting next_dagrun for tutorial_taskflow_api to None, run_after=None
[2023-08-11T08:20:23.524+0000] {processor.py:179} INFO - Processing /home/airflow/.local/lib/python3.7/site-packages/airflow/example_dags/tutorial_taskflow_api.py took 0.114 seconds
[2023-08-11T08:20:53.909+0000] {processor.py:157} INFO - Started process (PID=3860) to work on /home/airflow/.local/lib/python3.7/site-packages/airflow/example_dags/tutorial_taskflow_api.py
[2023-08-11T08:20:53.909+0000] {processor.py:826} INFO - Processing file /home/airflow/.local/lib/python3.7/site-packages/airflow/example_dags/tutorial_taskflow_api.py for tasks to queue
[2023-08-11T08:20:53.910+0000] {logging_mixin.py:150} INFO - [2023-08-11T08:20:53.910+0000] {dagbag.py:541} INFO - Filling up the DagBag from /home/airflow/.local/lib/python3.7/site-packages/airflow/example_dags/tutorial_taskflow_api.py
[2023-08-11T08:20:53.917+0000] {processor.py:836} INFO - DAG(s) dict_keys(['tutorial_taskflow_api']) retrieved from /home/airflow/.local/lib/python3.7/site-packages/airflow/example_dags/tutorial_taskflow_api.py
[2023-08-11T08:20:53.943+0000] {logging_mixin.py:150} INFO - [2023-08-11T08:20:53.943+0000] {dag.py:2742} INFO - Sync 1 DAGs
[2023-08-11T08:20:53.970+0000] {logging_mixin.py:150} INFO - [2023-08-11T08:20:53.970+0000] {dag.py:3508} INFO - Setting next_dagrun for tutorial_taskflow_api to None, run_after=None
[2023-08-11T08:20:53.996+0000] {processor.py:179} INFO - Processing /home/airflow/.local/lib/python3.7/site-packages/airflow/example_dags/tutorial_taskflow_api.py took 0.090 seconds
[2023-08-11T08:21:24.280+0000] {processor.py:157} INFO - Started process (PID=3938) to work on /home/airflow/.local/lib/python3.7/site-packages/airflow/example_dags/tutorial_taskflow_api.py
[2023-08-11T08:21:24.282+0000] {processor.py:826} INFO - Processing file /home/airflow/.local/lib/python3.7/site-packages/airflow/example_dags/tutorial_taskflow_api.py for tasks to queue
[2023-08-11T08:21:24.283+0000] {logging_mixin.py:150} INFO - [2023-08-11T08:21:24.283+0000] {dagbag.py:541} INFO - Filling up the DagBag from /home/airflow/.local/lib/python3.7/site-packages/airflow/example_dags/tutorial_taskflow_api.py
[2023-08-11T08:21:24.289+0000] {processor.py:836} INFO - DAG(s) dict_keys(['tutorial_taskflow_api']) retrieved from /home/airflow/.local/lib/python3.7/site-packages/airflow/example_dags/tutorial_taskflow_api.py
[2023-08-11T08:21:24.319+0000] {logging_mixin.py:150} INFO - [2023-08-11T08:21:24.319+0000] {dag.py:2742} INFO - Sync 1 DAGs
[2023-08-11T08:21:24.351+0000] {logging_mixin.py:150} INFO - [2023-08-11T08:21:24.351+0000] {dag.py:3508} INFO - Setting next_dagrun for tutorial_taskflow_api to None, run_after=None
[2023-08-11T08:21:24.377+0000] {processor.py:179} INFO - Processing /home/airflow/.local/lib/python3.7/site-packages/airflow/example_dags/tutorial_taskflow_api.py took 0.102 seconds
[2023-08-11T08:21:54.992+0000] {processor.py:157} INFO - Started process (PID=4016) to work on /home/airflow/.local/lib/python3.7/site-packages/airflow/example_dags/tutorial_taskflow_api.py
[2023-08-11T08:21:54.992+0000] {processor.py:826} INFO - Processing file /home/airflow/.local/lib/python3.7/site-packages/airflow/example_dags/tutorial_taskflow_api.py for tasks to queue
[2023-08-11T08:21:54.993+0000] {logging_mixin.py:150} INFO - [2023-08-11T08:21:54.992+0000] {dagbag.py:541} INFO - Filling up the DagBag from /home/airflow/.local/lib/python3.7/site-packages/airflow/example_dags/tutorial_taskflow_api.py
[2023-08-11T08:21:54.999+0000] {processor.py:836} INFO - DAG(s) dict_keys(['tutorial_taskflow_api']) retrieved from /home/airflow/.local/lib/python3.7/site-packages/airflow/example_dags/tutorial_taskflow_api.py
[2023-08-11T08:21:55.023+0000] {logging_mixin.py:150} INFO - [2023-08-11T08:21:55.023+0000] {dag.py:2742} INFO - Sync 1 DAGs
[2023-08-11T08:21:55.044+0000] {logging_mixin.py:150} INFO - [2023-08-11T08:21:55.044+0000] {dag.py:3508} INFO - Setting next_dagrun for tutorial_taskflow_api to None, run_after=None
[2023-08-11T08:21:55.070+0000] {processor.py:179} INFO - Processing /home/airflow/.local/lib/python3.7/site-packages/airflow/example_dags/tutorial_taskflow_api.py took 0.081 seconds
[2023-08-11T08:22:25.935+0000] {processor.py:157} INFO - Started process (PID=4094) to work on /home/airflow/.local/lib/python3.7/site-packages/airflow/example_dags/tutorial_taskflow_api.py
[2023-08-11T08:22:25.936+0000] {processor.py:826} INFO - Processing file /home/airflow/.local/lib/python3.7/site-packages/airflow/example_dags/tutorial_taskflow_api.py for tasks to queue
[2023-08-11T08:22:25.937+0000] {logging_mixin.py:150} INFO - [2023-08-11T08:22:25.937+0000] {dagbag.py:541} INFO - Filling up the DagBag from /home/airflow/.local/lib/python3.7/site-packages/airflow/example_dags/tutorial_taskflow_api.py
[2023-08-11T08:22:25.946+0000] {processor.py:836} INFO - DAG(s) dict_keys(['tutorial_taskflow_api']) retrieved from /home/airflow/.local/lib/python3.7/site-packages/airflow/example_dags/tutorial_taskflow_api.py
[2023-08-11T08:22:25.975+0000] {logging_mixin.py:150} INFO - [2023-08-11T08:22:25.975+0000] {dag.py:2742} INFO - Sync 1 DAGs
[2023-08-11T08:22:26.012+0000] {logging_mixin.py:150} INFO - [2023-08-11T08:22:26.012+0000] {dag.py:3508} INFO - Setting next_dagrun for tutorial_taskflow_api to None, run_after=None
[2023-08-11T08:22:26.040+0000] {processor.py:179} INFO - Processing /home/airflow/.local/lib/python3.7/site-packages/airflow/example_dags/tutorial_taskflow_api.py took 0.110 seconds
